ms-ssim, psnr-y, psnr-u, psnr-v
0.996017, 39.869651, 48.697811, 48.035116
0.996070, 39.878326, 48.687345, 48.014644
0.996067, 39.876563, 48.667303, 48.005000
0.996059, 39.871142, 48.619568, 47.982129
0.996071, 39.873148, 48.576482, 47.941125
0.996069, 39.874083, 48.566772, 47.933667
0.996065, 39.869423, 48.551385, 47.916772
0.996065, 39.874571, 48.545366, 47.913667
0.996065, 39.873371, 48.533122, 47.904526
0.996063, 39.871190, 48.527778, 47.903842
0.996065, 39.874919, 48.513870, 47.889828
0.996064, 39.874666, 48.516231, 47.889868
0.996063, 39.873344, 48.511464, 47.886902
0.996062, 39.868655, 48.511094, 47.884018
0.996062, 39.868403, 48.504715, 47.875339
0.996061, 39.867913, 48.497331, 47.863448
0.996063, 39.868843, 48.500145, 47.869908
0.996063, 39.869391, 48.496271, 47.869150
0.996063, 39.868901, 48.495165, 47.864803
0.996063, 39.868037, 48.490098, 47.851391
0.996050, 39.911884, 48.498761, 47.876538
0.996045, 39.884126, 48.512528, 47.891191
0.996018, 39.880528, 48.507996, 47.888906
0.995862, 39.677631, 48.705109, 48.094174
0.995811, 39.617198, 48.986602, 48.553953
0.996278, 40.057592, 48.983971, 48.461925
0.996544, 40.055409, 49.177672, 48.657580
0.996997, 40.613964, 49.192690, 48.682001
0.996931, 40.607652, 49.515166, 49.125512
0.997134, 40.925926, 49.528944, 49.099904
0.997214, 40.823171, 49.653327, 49.309406
0.997565, 41.215193, 49.673955, 49.308238
0.997322, 41.033999, 49.911212, 49.532629
0.997466, 41.342958, 49.850089, 49.505966
0.997450, 41.121318, 49.992487, 49.597249
0.997752, 41.443581, 49.962080, 49.527248
0.997337, 41.187312, 49.990405, 49.593152
0.997383, 41.500644, 49.836510, 49.347822
0.997274, 41.137643, 50.006497, 49.480969
0.997470, 41.278271, 49.956528, 49.323828
0.997031, 40.892837, 49.755858, 49.328460
0.997056, 41.061012, 49.619342, 49.134901
0.996774, 40.669168, 49.569892, 49.097362
0.996935, 40.757122, 49.569597, 49.073708
0.996536, 40.298961, 49.445777, 48.987428
0.996571, 40.577864, 49.593330, 49.031475
0.996293, 40.083819, 49.550868, 49.005791
0.996706, 40.612878, 49.558456, 48.950676
0.996198, 39.976776, 49.398821, 48.854850
0.996295, 40.270569, 49.281367, 48.655954
0.996068, 39.873067, 49.232540, 48.827998
0.996499, 40.362346, 49.284848, 48.915401
0.996173, 39.992056, 49.305072, 48.832628
0.996167, 40.210863, 49.104462, 48.823074
0.996064, 39.821695, 49.158300, 49.012172
0.996373, 40.225532, 49.215261, 48.924498
0.995827, 39.695222, 49.286673, 48.938052
0.995998, 40.008177, 49.209771, 48.683252
0.995919, 39.623540, 49.286507, 48.806753
0.996292, 40.148564, 49.276509, 48.532703
0.995948, 39.669593, 49.376633, 48.610661
0.995979, 39.939842, 49.162705, 48.660452
0.995910, 39.636270, 49.268847, 48.755707
0.996275, 40.048537, 49.267856, 48.858858
0.995933, 39.718207, 49.388109, 48.652989
0.996012, 39.936684, 49.312464, 48.729653
0.995896, 39.720530, 49.439472, 48.682723
0.996263, 40.111559, 49.408194, 48.876282
0.995786, 39.826635, 49.542765, 49.038781
0.995890, 40.088854, 49.423006, 48.837013
0.995844, 40.001846, 49.539013, 49.036588
0.996173, 40.391141, 49.458531, 48.999627
0.995755, 40.098791, 49.588348, 49.046675
0.995913, 40.503983, 49.456863, 49.102818
0.995809, 40.359336, 49.659951, 49.293203
0.996280, 40.792731, 49.503059, 49.139389
0.995944, 40.579172, 49.519831, 49.180801
0.996017, 40.778103, 49.404954, 49.040453
0.995931, 40.607445, 49.515749, 48.911189
0.996220, 40.960465, 49.458243, 49.055947
0.995930, 40.672155, 49.699118, 49.124553
0.996047, 40.984739, 49.597130, 49.085572
0.996011, 40.782219, 49.751978, 49.202171
0.996287, 41.142680, 49.693345, 49.290103
0.995982, 40.842079, 49.838457, 49.479755
0.996072, 41.091452, 49.681337, 49.315469
0.996026, 40.935532, 49.778156, 49.321541
0.996308, 41.253507, 49.671477, 49.344514
0.995994, 40.921134, 49.796401, 49.207326
0.996060, 41.083699, 49.678068, 49.230738
0.996018, 40.950322, 49.905150, 49.420667
0.996338, 41.360592, 49.775185, 49.424261
0.996110, 41.065988, 49.856642, 49.271602
0.996117, 41.133429, 49.738703, 49.164318
0.996115, 40.975273, 49.921120, 49.091489
0.996420, 41.325792, 49.639869, 49.128870
0.996085, 40.905541, 49.831241, 49.320705
0.996098, 41.112240, 49.584141, 49.101122
0.996078, 40.935542, 49.795095, 49.386524
0.996357, 41.349654, 49.620537, 49.293148
0.996127, 41.066022, 49.778590, 49.180045
0.996184, 41.226366, 49.662603, 49.155724
0.996058, 41.044205, 49.599150, 49.297026
0.996391, 41.452355, 49.684851, 49.339305
0.996509, 41.601962, 49.688671, 49.372513
0.996593, 41.462626, 49.677523, 49.375729
0.996675, 41.770298, 49.730671, 49.344402
0.996698, 41.662950, 49.856263, 49.413942
0.996648, 41.505096, 49.812600, 49.313354
0.996704, 41.604481, 49.861184, 49.385166
0.996738, 41.780401, 49.868133, 49.362316
0.996786, 41.786314, 49.900625, 49.463021
0.996821, 41.721074, 50.018786, 49.518373
0.996836, 41.699644, 50.125401, 49.612005
0.996899, 41.732187, 50.064186, 49.448187
0.996860, 41.693056, 50.063458, 49.439758
0.996695, 41.414656, 49.698145, 49.177995
0.996719, 41.574231, 49.662664, 49.167222
0.996785, 41.613940, 49.682972, 49.275682
0.996839, 41.524846, 49.699665, 49.319535
0.996890, 41.398324, 49.685518, 49.235381
0.996955, 41.558877, 49.702586, 49.350459
0.997077, 41.658668, 49.653086, 49.327064
0.997003, 41.427312, 49.671054, 49.331252
0.996992, 41.371330, 49.839964, 49.451173
0.997037, 41.499213, 49.800757, 49.390374
0.997077, 41.602603, 49.746995, 49.404613
0.997178, 41.425990, 49.847823, 49.471495
0.997169, 41.365837, 49.798205, 49.324999
0.997181, 41.536040, 49.876233, 49.289882
0.997303, 41.550222, 49.949178, 49.447039
0.997280, 41.593615, 50.069414, 49.534268
0.997237, 41.310765, 50.122584, 49.458128
0.997279, 41.597059, 50.122450, 49.498643
0.997339, 41.606136, 50.016364, 49.441076
0.997304, 41.571963, 49.985531, 49.366707
0.997279, 41.440531, 50.006106, 49.462617
0.997300, 41.735847, 49.925410, 49.442680
0.997356, 41.734724, 49.946345, 49.350571
0.997368, 41.690870, 50.008913, 49.378892
0.997330, 41.565482, 50.000106, 49.357029
0.997399, 41.908119, 50.025205, 49.359784
0.997456, 41.932362, 49.984037, 49.217220
0.997433, 41.935302, 50.068487, 49.321374
0.997344, 41.668021, 50.024943, 49.195776
0.997370, 41.804030, 49.990405, 49.234999
0.997448, 42.041988, 50.003235, 49.315358
0.997402, 42.064798, 50.062268, 49.251533
0.997400, 41.828072, 50.123724, 49.402284
0.997439, 42.162846, 50.128152, 49.508060
0.997505, 42.087092, 50.052758, 49.516915
0.997563, 42.270028, 50.060219, 49.616120
0.997486, 41.923419, 50.081617, 49.544291
0.997551, 42.361957, 50.114681, 49.520415
0.997606, 42.326510, 50.197914, 49.595170
0.997585, 42.195056, 50.278881, 49.497192
0.997577, 42.039160, 50.199347, 49.609800
0.997600, 42.365057, 50.114681, 49.428659
0.997676, 42.373851, 50.093653, 49.408194
0.997630, 42.389618, 50.062268, 49.059515
0.997614, 42.060894, 50.073522, 49.291099
0.997689, 42.417258, 50.028287, 49.148165
0.997720, 42.341608, 49.955625, 49.259495
0.997708, 42.454204, 50.097851, 49.247750
0.997646, 42.121709, 50.028484, 49.218254
0.997716, 42.520846, 50.098317, 49.021422
0.997715, 42.385208, 50.073191, 49.177402
0.997703, 42.162406, 50.161709, 49.260429
0.997701, 42.070277, 50.041887, 49.153471
0.997797, 42.498863, 50.058501, 49.256693
0.997780, 42.379255, 50.010219, 49.136556
0.997734, 42.368549, 50.066171, 49.297359
0.997726, 42.083892, 49.978132, 49.204504
0.997776, 42.436094, 50.025664, 49.257077
0.997790, 42.407668, 49.984882, 49.129137
0.997784, 42.445237, 50.111604, 49.242547
0.997749, 42.172043, 49.940491, 49.487682
0.997818, 42.601364, 49.966670, 49.216894
0.997833, 42.432273, 49.892670, 49.318532
0.997793, 42.284041, 49.754564, 49.343842
0.997808, 42.073986, 49.813537, 49.273421
0.997837, 42.401079, 49.731222, 49.133406
0.997883, 42.343718, 49.766715, 49.167060
0.997857, 42.349110, 49.655734, 49.066238
0.997784, 41.911845, 49.647614, 49.026003
0.997873, 42.158572, 49.734287, 49.177240
0.997903, 42.194605, 49.624002, 49.114655
0.997914, 42.133471, 49.734532, 49.184310
0.997859, 41.807957, 49.679763, 49.159213
0.997929, 42.158791, 49.615106, 49.149665
0.997977, 42.109788, 49.727365, 49.181880
0.997903, 41.809773, 49.573849, 48.997557
0.997909, 41.757329, 49.588466, 48.963080
0.997916, 41.856275, 49.595408, 48.987015
0.997969, 41.976505, 49.593805, 48.880309
0.997968, 42.004182, 49.484151, 48.677433
0.997898, 41.586859, 49.503872, 48.785218
0.997985, 42.100970, 49.549575, 48.915350
0.998004, 41.921382, 49.441591, 48.774834
0.997957, 41.599201, 49.515924, 48.803684
0.997952, 41.748420, 49.409787, 48.783346
0.997977, 41.699454, 49.486640, 48.910530
0.997950, 41.882800, 49.573967, 48.876584
0.997904, 41.565681, 49.525261, 48.969244
0.997970, 41.972408, 49.546521, 49.022567
0.997993, 41.968525, 49.543293, 49.121198
0.997924, 42.007412, 49.669302, 49.310240
0.997838, 41.594579, 49.624241, 49.098738
0.997897, 42.100830, 49.666404, 49.197889
0.997899, 41.881400, 49.832809, 49.291099
0.997895, 41.949483, 49.888348, 49.275186
0.997843, 41.637907, 49.800570, 49.236802
0.997879, 42.097960, 49.804119, 49.210586
0.997916, 42.064564, 49.729263, 49.158193
0.997670, 41.543649, 49.867122, 49.080717
0.997659, 41.515103, 49.795655, 49.121624
0.997632, 41.379126, 49.982414, 49.064136
0.997800, 41.715292, 49.997174, 49.226373
0.997594, 41.299960, 50.048341, 49.150736
0.997608, 41.542601, 50.031240, 48.857906
0.997615, 41.293326, 50.145302, 49.338130
0.997841, 41.737033, 50.108328, 49.341041
0.997580, 41.278158, 50.151102, 49.422036
0.997661, 41.468979, 50.259051, 49.426945
0.997576, 41.213271, 50.195596, 49.534619
0.997782, 41.616053, 50.205698, 49.470053
0.997566, 41.248298, 50.209047, 49.341545
0.997658, 41.495365, 50.087065, 49.165985
0.997551, 41.237225, 50.254764, 49.518489
0.997713, 41.507228, 50.269301, 49.462329
0.997473, 41.023782, 50.247513, 49.407341
0.997532, 41.341798, 50.050978, 49.134420
0.997494, 41.148448, 50.064054, 49.384318
0.997687, 41.421899, 50.164077, 49.413259
0.997396, 41.011002, 50.164416, 49.438784
0.997489, 41.203888, 50.246686, 49.326394
0.997366, 40.933337, 50.151912, 49.338913
0.997527, 41.225605, 50.182322, 49.398594
0.997325, 40.926283, 50.235938, 49.347485
0.997393, 41.143660, 50.110935, 49.098897
0.997298, 40.864445, 50.220483, 49.236966
0.997363, 41.056801, 50.242893, 49.320427
0.997110, 40.740506, 50.151439, 49.188471
0.997187, 40.938360, 50.164822, 49.271271
0.997034, 40.699819, 50.135273, 49.190526
0.997114, 40.796963, 50.183478, 49.259385
0.996914, 40.525799, 50.085669, 49.133512
0.996841, 40.502249, 49.963890, 48.951649
0.996549, 40.232182, 49.713188, 48.710626
0.996344, 39.874937, 49.715141, 48.826704
