ms-ssim, psnr-y, psnr-u, psnr-v
0.985160, 36.950843, 42.244216, 41.103642
0.985550, 37.014467, 42.319654, 41.232969
0.984643, 36.645354, 42.375477, 41.127373
0.984553, 36.435681, 42.526257, 41.224291
0.983999, 36.513171, 42.396889, 41.031173
0.982199, 36.284890, 42.476035, 40.833884
0.981152, 36.406402, 42.368110, 40.939462
0.980906, 36.390237, 42.340117, 40.821397
0.981565, 36.520928, 42.474559, 40.982880
0.979912, 36.085598, 42.549366, 40.843307
0.980684, 36.243339, 42.762064, 41.001166
0.981329, 36.311595, 42.730487, 41.045178
0.983235, 36.801456, 42.631495, 41.132788
0.983575, 36.823721, 42.473883, 41.130531
0.981100, 36.009495, 42.586669, 40.893283
0.979215, 35.588739, 42.334079, 40.653530
0.979200, 35.799368, 42.361255, 40.511760
0.980751, 36.042685, 42.859967, 40.911782
0.983215, 36.867781, 43.046956, 41.150463
0.983402, 36.915396, 43.003047, 41.204124
0.984501, 37.259310, 43.004877, 41.260828
0.986919, 37.874245, 43.683066, 42.102388
0.987871, 38.135662, 43.811194, 42.367550
0.989182, 38.582125, 43.838610, 42.432007
0.989848, 38.905060, 43.802586, 42.457639
0.990381, 39.104619, 43.949460, 42.701599
0.990257, 39.062816, 44.075763, 42.800055
0.990878, 39.474454, 44.221575, 42.911980
0.990653, 39.417581, 44.163151, 42.920990
0.991545, 39.765648, 44.195356, 43.003881
0.991438, 39.770787, 44.287388, 42.942216
0.991343, 39.737589, 44.218848, 42.906497
0.991674, 39.993954, 44.541909, 43.055079
0.992483, 40.002543, 44.560161, 43.326492
0.992759, 40.186949, 44.920547, 43.574531
0.992867, 40.360046, 44.716287, 43.468024
0.993013, 40.484707, 44.885871, 43.667498
0.993354, 40.606894, 44.945569, 43.801973
0.993340, 40.497349, 45.075237, 43.962492
0.992945, 40.265424, 44.831954, 43.718518
0.993201, 40.658503, 45.118619, 43.841782
0.993717, 40.806028, 45.241956, 43.940487
0.993750, 40.852938, 45.365747, 44.078016
0.993809, 41.036194, 45.209474, 43.896240
0.993673, 40.990713, 45.262669, 43.871851
0.994399, 41.215150, 45.527605, 44.255330
0.994148, 41.069618, 45.437783, 44.142666
0.994462, 41.353004, 45.625545, 44.315078
0.994400, 41.446605, 45.619662, 44.254835
0.994609, 41.602123, 45.725398, 44.404176
0.994585, 41.614020, 45.737287, 44.438226
0.994700, 41.657819, 45.787151, 44.445933
0.994429, 41.517040, 45.690783, 44.245734
0.994931, 41.508100, 46.060766, 44.532745
0.995011, 41.668226, 46.113941, 44.611157
0.995135, 41.820314, 46.207443, 44.715565
0.995274, 41.867886, 46.109678, 44.694427
0.995103, 41.663002, 46.245522, 44.775215
0.994890, 41.554955, 46.024080, 44.476086
0.994878, 41.790766, 46.251290, 44.754963
0.994885, 41.683512, 46.045812, 44.619379
0.995285, 41.924659, 46.287488, 44.915150
0.995313, 41.934382, 46.292127, 44.945460
0.995331, 42.044304, 46.494511, 45.057924
0.995476, 42.078689, 46.304983, 44.954776
0.995510, 42.054941, 46.653450, 45.131186
0.995492, 42.032332, 46.646427, 45.161563
0.995604, 42.272179, 46.715598, 45.247931
0.995763, 42.348069, 46.629585, 45.243507
0.995416, 41.942862, 46.705812, 45.126162
0.995393, 42.175492, 46.765635, 45.129788
0.995280, 42.271709, 46.675236, 45.071657
0.995546, 42.237631, 46.976779, 45.453181
0.995682, 42.459365, 46.858743, 45.358891
0.995931, 42.586580, 46.889907, 45.435634
0.995593, 42.287295, 46.765635, 45.319207
0.995746, 42.426803, 46.847675, 45.487463
0.995626, 42.372929, 46.803516, 45.417148
0.995804, 42.300864, 46.879211, 45.570420
0.995941, 42.607439, 46.823447, 45.571173
0.996117, 42.688680, 46.828751, 45.601389
0.995890, 42.331480, 46.622174, 45.478243
0.995805, 42.213845, 46.834900, 45.321852
0.995759, 42.312455, 47.019474, 45.484429
0.996036, 42.099571, 46.832104, 45.540251
0.995842, 42.108804, 46.895463, 45.553393
0.995976, 42.156313, 46.880059, 45.580593
0.995965, 42.417057, 47.086181, 45.771970
0.995897, 42.110670, 46.798465, 45.554601
0.996080, 42.331405, 47.246243, 45.896106
0.996005, 42.169077, 46.857787, 45.662801
0.996177, 42.514195, 47.254185, 46.003103
0.996235, 42.548386, 47.304259, 46.095262
0.995938, 42.114843, 46.956077, 45.968595
0.995893, 42.285106, 47.148995, 46.063716
0.995945, 42.626513, 47.463081, 46.213015
0.996103, 42.675832, 47.242370, 46.047398
0.996091, 42.557868, 47.142865, 46.044599
0.996223, 42.702015, 47.292929, 46.070185
0.996025, 42.725842, 47.421771, 46.140083
0.996307, 42.599472, 47.470328, 46.271931
0.996131, 42.421672, 47.271595, 46.136747
0.996208, 42.396240, 47.439096, 46.194968
0.996394, 42.859054, 47.531766, 46.277537
0.996544, 42.955626, 47.530255, 46.345530
0.996349, 42.768640, 47.345216, 46.222576
0.996315, 42.797879, 47.396994, 46.199703
0.996262, 42.753607, 47.436397, 46.233523
0.996454, 42.878510, 47.425871, 46.278029
0.996350, 42.928323, 47.353404, 46.229044
0.996434, 42.995258, 47.299150, 46.264663
0.996315, 42.701566, 47.042770, 46.070513
0.996147, 42.531545, 47.096449, 46.045625
0.996109, 42.578274, 47.085470, 45.957107
0.996139, 42.505459, 47.220121, 46.075255
0.996430, 42.877729, 47.249874, 46.187684
0.996528, 42.925440, 47.248950, 46.209186
0.995699, 42.108201, 46.937248, 45.611001
0.995719, 42.220559, 47.213463, 45.683524
0.996096, 42.660988, 47.140883, 45.794322
0.996237, 42.796979, 47.313681, 45.976576
0.996253, 42.802105, 47.195614, 45.956924
0.996436, 42.901473, 47.176446, 45.983285
0.995874, 42.502714, 47.232182, 45.985861
0.995880, 42.474646, 46.823335, 45.807991
0.996149, 42.668548, 47.297221, 46.076852
0.996297, 42.592042, 47.355547, 46.125471
0.996414, 42.853839, 47.258870, 46.137605
0.996454, 42.896365, 47.260104, 46.151253
0.996050, 42.408887, 46.932840, 45.789438
0.996019, 42.432276, 47.078896, 45.905626
0.995926, 42.461133, 47.233531, 45.813781
0.996037, 42.348367, 47.426769, 46.042034
0.996269, 42.817783, 47.345342, 46.107690
0.996426, 42.883136, 47.234573, 46.138891
0.995928, 42.423773, 47.301704, 46.019255
0.995873, 42.353234, 46.928036, 45.730471
0.996220, 42.665259, 47.413070, 46.018003
0.996172, 42.421333, 47.215233, 45.983745
0.996194, 42.668077, 47.184443, 45.915167
0.996177, 42.639855, 47.070442, 45.885347
0.996180, 42.846720, 47.500286, 46.206765
0.995941, 42.577775, 46.827187, 45.777755
0.996057, 42.672113, 47.275680, 46.047491
0.996107, 42.661470, 47.000427, 45.893177
0.996612, 43.206165, 47.360786, 46.283741
0.996633, 43.215642, 47.211754, 46.196755
0.996343, 42.990044, 47.396866, 46.249578
0.996101, 42.847049, 47.060236, 45.965846
0.996255, 43.026052, 47.431773, 46.220293
0.996300, 43.034188, 47.145328, 46.080518
0.996339, 42.901145, 47.156820, 46.101921
0.996343, 42.893954, 47.146650, 46.079766
0.996331, 43.044478, 47.471818, 46.178343
0.996279, 42.914367, 46.945676, 45.878788
0.996407, 42.893768, 47.314431, 46.044412
0.996252, 42.708078, 47.027011, 45.901969
0.996408, 43.057200, 47.468709, 46.345181
0.996478, 43.016920, 47.351387, 46.315395
0.996292, 42.720100, 47.449976, 46.214421
0.996128, 42.640819, 46.951189, 45.839640
0.996303, 43.017855, 47.297781, 46.189564
0.996284, 42.824100, 46.931810, 45.897593
0.996328, 42.917050, 47.121895, 45.986551
0.996277, 42.900659, 47.062475, 45.953086
0.996273, 42.882061, 47.237764, 46.115505
0.996398, 42.843661, 46.910238, 46.059361
0.996195, 42.662759, 47.161824, 46.130178
0.996052, 42.575094, 46.954926, 45.854927
0.996370, 42.898783, 47.313618, 46.203765
0.996479, 42.941057, 47.172333, 46.201056
0.996310, 42.492646, 47.013524, 46.044179
0.996245, 42.525728, 47.145628, 46.083388
0.996107, 42.579534, 47.120103, 46.010547
0.996051, 42.370081, 46.753758, 45.793485
0.996148, 42.473007, 46.889454, 45.959576
0.996089, 42.420001, 46.774288, 45.859081
0.996119, 42.419612, 47.114490, 46.098378
0.996006, 42.215984, 46.799131, 45.805916
0.995905, 42.334749, 47.062240, 46.051880
0.995921, 42.214646, 46.616264, 45.785745
0.996218, 42.525619, 47.035616, 45.997471
0.996313, 42.595919, 47.032921, 45.989727
0.995899, 42.312672, 46.953776, 45.929768
0.995921, 42.193132, 46.576125, 45.745203
0.996020, 42.315547, 46.984416, 45.868117
0.996049, 42.101974, 46.647016, 45.635423
0.996003, 42.272619, 46.574175, 45.552102
0.995972, 42.252326, 46.458964, 45.518175
0.995540, 41.787571, 46.437724, 45.369857
0.995123, 41.473280, 46.318622, 45.126804
0.998527, 45.748763, 51.885225, 50.492366
0.997669, 44.169317, 51.131614, 49.564291
0.997752, 44.347724, 50.772653, 49.499951
0.997740, 44.340465, 50.708300, 49.455945
0.997642, 44.342190, 50.470343, 49.150717
0.997357, 43.992729, 50.230788, 48.991194
0.997424, 44.202308, 50.301924, 48.712878
0.997430, 44.201606, 50.416664, 49.020338
0.997638, 44.635120, 50.304784, 48.783014
0.997457, 44.287839, 50.195592, 48.735178
0.997443, 44.281168, 50.175624, 48.740380
0.997343, 44.272275, 50.256297, 48.574577
0.997501, 44.726165, 49.993674, 48.559572
0.997211, 44.282878, 49.926463, 48.359842
0.997210, 44.220909, 49.867918, 48.544120
0.997585, 44.635103, 49.751501, 48.615691
0.997539, 44.579814, 49.740237, 48.530624
0.997294, 43.987919, 49.635245, 48.420188
0.997336, 44.008496, 49.693740, 48.197360
0.997455, 44.164195, 49.850855, 48.441112
0.997515, 44.426892, 49.941538, 48.527318
0.997334, 44.264165, 49.935022, 48.671094
0.997399, 44.288469, 49.970578, 48.626411
0.997261, 43.923963, 50.045037, 48.591144
0.997423, 44.198526, 50.000510, 48.697130
0.996941, 43.594389, 49.812594, 48.790995
0.997067, 43.651717, 49.735434, 48.734398
0.997565, 44.517830, 49.994716, 48.616366
0.997559, 44.494586, 49.967009, 48.608447
0.997196, 43.935785, 49.713126, 48.608026
0.997082, 43.708722, 49.964709, 48.688805
0.997220, 43.872629, 49.664662, 48.682037
0.997579, 44.389154, 50.116504, 48.744026
0.997555, 44.385452, 49.975995, 49.019135
0.997536, 44.372208, 49.980841, 49.007586
0.997354, 43.841557, 49.833858, 48.883525
0.997611, 44.319535, 49.932281, 48.886216
0.997374, 43.920087, 49.615354, 48.721421
0.997418, 43.947539, 50.026331, 48.954126
0.997563, 44.421721, 49.933194, 48.824214
0.997536, 44.427149, 50.033570, 48.795562
0.997395, 43.933411, 49.840783, 48.955676
0.997441, 44.053215, 50.008171, 48.837324
0.997341, 43.999946, 49.902927, 49.053966
0.997645, 44.552274, 50.154666, 48.940477
0.997649, 44.672074, 50.331734, 49.163705
0.997658, 44.668828, 50.341758, 49.180571
0.997508, 44.474583, 50.378417, 49.109811
0.997633, 44.651349, 50.322982, 49.222442
0.997504, 44.510330, 50.494314, 49.381398
0.997513, 44.497745, 50.499124, 49.357530
0.997595, 44.628862, 50.587692, 49.389349
0.997640, 44.663124, 50.719507, 49.512992
0.997608, 44.496079, 50.844448, 49.733253
0.997763, 44.747069, 50.781944, 49.683379
0.997644, 44.542090, 50.734723, 49.700770
0.997462, 44.400709, 50.403284, 49.339964
0.997719, 44.725364, 50.545022, 49.396306
0.997697, 44.711918, 50.554893, 49.370049
0.997525, 44.380839, 50.595931, 49.259341
0.997601, 44.702868, 50.430598, 49.328227
0.997609, 44.641969, 50.450361, 49.335385
0.997793, 44.963830, 50.599257, 49.543156
0.997808, 44.975592, 50.549099, 49.594709
0.997794, 44.960505, 50.585834, 49.654799
0.997711, 44.829591, 50.170074, 49.383510
0.997786, 44.843752, 50.545022, 49.573215
0.997596, 44.718056, 50.556738, 49.378482
0.997574, 44.691045, 50.445476, 49.208891
0.997750, 44.818491, 50.405066, 49.333893
0.997771, 44.869010, 50.460018, 49.413190
0.997569, 44.503963, 50.355705, 49.301489
0.997587, 44.388891, 50.244505, 49.190664
0.997655, 44.425470, 50.325605, 49.222733
0.997476, 44.192432, 50.085529, 49.115104
0.997654, 44.562382, 49.938678, 49.276092
0.997674, 44.588460, 49.884710, 49.231273
0.997686, 44.564206, 50.254699, 49.244310
0.997456, 44.240666, 49.844921, 48.946204
0.997455, 44.329681, 50.273305, 48.974223
0.997403, 44.356244, 49.804052, 49.131212
0.997677, 44.760026, 50.097489, 49.070785
0.997546, 44.721004, 49.878504, 49.017840
0.997395, 44.490231, 49.820709, 48.836526
0.997347, 44.421810, 49.586583, 48.865807
0.997530, 44.649319, 49.972537, 48.787748
0.997276, 44.317357, 49.860950, 48.522117
0.997432, 44.488177, 50.141349, 48.635802
0.997431, 44.506172, 50.095711, 48.608026
0.997461, 44.295541, 49.782492, 48.554332
0.997120, 43.914165, 49.557898, 47.934233
0.997356, 44.010481, 49.673258, 48.179862
0.997298, 44.026473, 49.650838, 48.122969
0.997770, 44.718915, 49.939822, 48.299696
0.997732, 44.716235, 49.886969, 48.349125
0.997408, 44.270229, 49.992747, 48.340808
0.997364, 44.280796, 49.510816, 48.225550
0.997578, 44.495280, 50.044334, 48.559155
0.997365, 44.147869, 49.828616, 48.426641
0.997471, 44.523552, 49.824716, 48.365091
0.997480, 44.523847, 49.730854, 48.344608
0.997457, 44.625833, 50.066177, 48.261066
0.997176, 44.147590, 49.357530, 48.068372
0.997220, 44.412335, 49.695470, 48.053311
0.997163, 44.219308, 49.417345, 48.184974
0.997583, 44.479451, 49.884936, 48.222468
0.997630, 44.489253, 49.880308, 48.223855
0.997101, 43.956966, 49.728130, 48.253458
0.997061, 43.475904, 49.544304, 47.897136
