ms-ssim, psnr-y, psnr-u, psnr-v
0.996343, 41.950828, 46.877953, 46.819688
0.995719, 41.486885, 46.768816, 46.621329
0.995639, 41.408651, 46.682407, 46.492119
0.995406, 41.290261, 46.583683, 46.423075
0.995063, 40.801552, 46.402674, 46.270874
0.994004, 41.463099, 47.540292, 47.075502
0.994979, 41.943897, 47.528065, 46.992479
0.994847, 41.748852, 47.853895, 47.300947
0.996042, 42.625647, 47.817429, 47.333521
0.994967, 41.784589, 47.770566, 46.943229
0.994722, 41.640393, 47.380722, 46.689152
0.994665, 41.519854, 47.405897, 46.825959
0.995251, 41.851301, 47.304765, 46.673975
0.994395, 41.171404, 47.257130, 46.464226
0.994017, 41.006088, 47.107226, 46.252851
0.993098, 40.610139, 47.212583, 46.295827
0.993559, 40.897819, 47.141578, 46.214982
0.993350, 40.897763, 47.196594, 46.440672
0.993537, 41.099755, 47.148535, 46.471218
0.993541, 41.052824, 47.158958, 46.311966
0.993971, 41.266430, 47.121310, 46.417559
0.994183, 41.405697, 47.494847, 46.714311
0.994496, 41.549439, 47.631803, 46.855147
0.994609, 41.595372, 47.594337, 46.874080
0.995449, 42.072062, 47.744006, 47.014086
0.994874, 41.892765, 47.649443, 46.956693
0.995741, 42.382706, 47.965616, 47.208949
0.995366, 42.354170, 47.865520, 47.250688
0.996530, 43.266982, 48.146852, 47.661713
0.995836, 42.582267, 47.670852, 47.208503
0.996323, 42.916285, 47.870587, 47.304344
0.996326, 42.868342, 48.190199, 47.639781
0.997003, 43.476719, 48.519428, 48.165651
0.996623, 43.184589, 48.567522, 48.337227
0.996774, 43.190618, 48.598514, 48.095687
0.996584, 43.187029, 48.788274, 48.277028
0.997123, 43.747787, 48.864022, 48.348842
0.996779, 43.645340, 48.774490, 48.300144
0.996914, 44.076876, 48.730334, 48.165608
0.996996, 44.379667, 48.806456, 48.323560
0.997366, 45.204834, 48.946686, 48.692551
0.996883, 44.528785, 48.658202, 48.231986
0.997045, 44.897229, 48.786006, 48.228561
0.996877, 44.887207, 48.992438, 48.291164
0.997326, 45.532963, 49.129457, 48.633248
0.996846, 44.817832, 48.834920, 48.412266
0.996994, 44.889914, 48.819597, 48.301730
0.996598, 44.588937, 48.663373, 48.219122
0.997005, 44.926390, 48.696314, 48.357986
0.996628, 44.397642, 48.499084, 47.713603
0.996899, 44.684054, 48.471998, 47.663996
0.996674, 44.419219, 48.369388, 47.466388
0.997223, 44.953939, 48.816320, 48.244932
0.996638, 43.720616, 47.936665, 47.407942
0.996852, 43.765801, 48.249503, 47.647964
0.996537, 43.239970, 48.451510, 47.643378
0.997441, 44.137526, 49.022775, 48.435115
0.996878, 43.560766, 48.899640, 48.476310
0.996954, 43.561417, 48.957694, 48.390482
0.996954, 43.658943, 48.994867, 48.537680
0.997404, 44.040553, 49.128071, 48.610329
0.996987, 43.625843, 49.112370, 48.648404
0.997050, 43.734854, 49.166307, 48.624123
0.997126, 43.774208, 49.201303, 48.679211
0.997380, 43.945476, 49.186255, 48.680510
0.997033, 43.718241, 49.250053, 48.664954
0.997070, 43.756910, 49.328236, 48.652368
0.997015, 43.800795, 49.310128, 48.795775
0.997294, 43.969322, 49.289162, 48.715908
0.997144, 43.941981, 49.421009, 49.052540
0.996955, 43.799798, 48.911037, 48.525272
0.996871, 43.770064, 49.082774, 48.730334
0.997287, 44.050864, 49.172605, 48.830934
0.996997, 43.703285, 49.230029, 48.850197
0.996934, 43.710749, 49.090802, 48.616012
0.996861, 43.706776, 49.073603, 48.641201
0.997249, 43.890851, 49.144845, 48.673397
0.996953, 43.672589, 49.047303, 48.594646
0.997016, 43.639400, 48.915756, 48.248675
0.996975, 43.564026, 48.931576, 48.424129
0.997399, 43.825501, 48.929487, 48.335227
0.997128, 43.726699, 48.852498, 48.331365
0.997205, 43.681373, 48.901208, 48.317053
0.997022, 43.571447, 48.981135, 48.401924
0.997409, 43.917859, 49.174922, 48.560545
0.996888, 43.673071, 48.941064, 48.298293
0.997148, 43.721644, 49.017574, 48.393002
0.996974, 43.630313, 48.967137, 48.414799
0.997378, 43.910436, 49.034135, 48.350268
0.996998, 43.674252, 48.759330, 48.207375
0.997268, 43.833788, 48.872409, 48.046323
0.997004, 43.716400, 48.792714, 47.971290
0.997473, 44.174152, 48.975314, 48.488349
0.996897, 43.545568, 48.622082, 47.921373
0.997103, 43.747984, 48.814832, 48.071499
0.996911, 43.530632, 48.741099, 48.124282
0.997493, 43.985322, 48.944692, 48.417107
0.997013, 43.550436, 49.127644, 48.503422
0.996986, 43.636693, 48.919922, 48.242453
0.997156, 43.701703, 49.065134, 48.432843
0.997352, 43.856073, 48.890998, 48.152172
0.997047, 43.594740, 48.710094, 48.136826
0.996993, 43.708184, 48.557458, 47.999281
0.997176, 44.114513, 48.920125, 48.451601
0.997127, 44.218285, 49.165769, 48.491249
0.997197, 44.251311, 49.170128, 48.523369
0.997333, 44.313387, 49.163565, 48.510631
0.997366, 44.326630, 49.141367, 48.496409
0.996876, 43.980626, 48.843750, 48.230425
0.997102, 44.123309, 49.050497, 48.447041
0.996998, 44.038447, 49.354108, 48.865779
0.997773, 44.665358, 49.805054, 49.441133
0.997174, 44.166206, 49.667370, 49.408308
0.997311, 44.197972, 49.614271, 49.385958
0.997488, 44.269101, 49.943771, 49.720087
0.997663, 44.394346, 49.668638, 49.544173
0.997407, 44.214095, 49.903875, 49.696382
0.997296, 44.224275, 49.570069, 49.481605
0.997068, 44.180492, 49.507246, 49.419583
0.997500, 44.404855, 49.704838, 49.484035
0.996881, 44.076617, 49.470456, 49.219234
0.996858, 44.029417, 49.502942, 49.147254
0.997665, 44.484881, 49.642929, 49.422492
0.997057, 43.998533, 49.445548, 49.249943
0.997092, 43.861381, 49.386411, 49.133993
0.997208, 44.002643, 49.337738, 49.153149
0.997774, 44.340387, 49.427459, 49.150040
0.997335, 44.009495, 49.524093, 49.271382
0.997356, 43.952894, 49.507246, 49.151540
0.997055, 43.829855, 49.479697, 49.167921
0.997555, 44.318924, 49.611350, 49.366313
0.997142, 44.049386, 49.670450, 49.438555
0.997167, 44.058029, 49.661458, 49.385789
0.997003, 43.913668, 49.497192, 49.336340
0.997656, 44.381061, 49.736740, 49.337458
0.997095, 44.064853, 49.434090, 49.192474
0.997127, 44.055255, 49.363723, 49.022983
0.997060, 43.963640, 49.377593, 49.079504
0.997478, 44.208879, 49.523042, 49.052331
0.996944, 43.903037, 49.422606, 48.955337
0.996977, 43.854810, 49.291597, 48.783740
0.996918, 43.759628, 49.112689, 48.791628
0.997475, 44.073840, 49.268297, 49.015340
0.996981, 43.756612, 49.135595, 48.782509
0.997105, 43.869083, 49.269343, 48.824615
0.996791, 43.686533, 48.960566, 48.513546
0.997280, 43.955746, 49.178265, 48.631821
0.996860, 43.780538, 49.042439, 48.527268
0.997001, 43.859158, 49.141100, 48.649168
0.996695, 43.694338, 48.959284, 48.451464
0.997159, 44.000543, 49.166899, 48.682338
0.996620, 43.868781, 48.944845, 48.586872
0.996995, 44.052715, 49.092388, 48.768007
0.996499, 43.764692, 48.851347, 48.562323
0.997401, 44.279904, 49.479234, 49.054637
0.996588, 43.863828, 49.071182, 48.653802
0.996993, 44.039140, 49.349449, 48.983713
0.996765, 43.882108, 49.286065, 48.890241
0.997653, 44.448984, 49.713554, 49.494523
0.997008, 44.021892, 49.696625, 49.386185
0.997153, 44.104503, 49.507769, 49.135007
0.997057, 44.029656, 49.561106, 49.255101
0.997772, 44.533470, 49.722777, 49.425803
0.997301, 44.173795, 49.535556, 49.455138
0.997280, 44.033668, 49.438612, 49.293093
0.997209, 43.937900, 49.430030, 49.230192
0.997495, 44.191218, 49.316973, 49.058833
0.997080, 43.927049, 49.288166, 49.125192
0.997020, 43.911646, 49.312464, 49.048507
0.996812, 43.820990, 49.225392, 48.873918
0.997211, 44.064513, 49.190688, 48.997660
0.996742, 43.839764, 48.790493, 48.707189
0.997032, 44.072641, 48.974028, 48.765456
0.996716, 43.922825, 49.021422, 49.081192
0.997497, 44.426848, 49.504163, 49.394397
0.996657, 43.890444, 49.110883, 48.962875
0.996873, 44.046547, 49.212597, 49.144524
0.996642, 43.811746, 48.928621, 48.954261
0.997584, 44.349737, 49.340649, 49.261144
0.996780, 43.742503, 48.999213, 49.056734
0.996829, 43.720842, 48.928927, 48.870700
0.996870, 43.691467, 48.938869, 48.897364
0.997412, 44.091493, 49.068972, 48.957130
0.996833, 43.698216, 48.984951, 48.943261
0.996848, 43.712633, 48.914639, 48.803140
0.996808, 43.737970, 48.919718, 48.722945
0.997235, 43.991183, 48.847797, 48.646829
0.996826, 43.762944, 48.670997, 48.524947
0.996767, 43.783150, 48.726249, 48.448864
0.996807, 43.861219, 48.917788, 48.708641
0.997111, 44.032760, 48.923532, 48.634533
0.996525, 43.712580, 48.638675, 48.277159
0.996601, 43.800439, 48.723965, 48.346481
0.996369, 43.672901, 48.663325, 48.162662
0.997020, 43.990893, 48.836914, 48.450324
0.996453, 43.659220, 48.496962, 47.993734
0.996303, 43.644921, 48.536796, 48.129109
0.997397, 44.154151, 49.117367, 48.757616
0.996580, 43.742365, 48.680654, 48.309363
0.996644, 43.799415, 48.953595, 48.703464
0.996422, 43.681792, 49.039304, 48.698149
0.997452, 44.192771, 49.589474, 49.325390
0.996569, 43.734419, 49.325055, 49.033874
0.996749, 43.810226, 49.378440, 49.104038
0.996882, 43.895076, 49.723205, 49.496147
0.997582, 44.248745, 49.549928, 49.295475
0.996966, 43.895284, 49.411608, 49.351581
0.996937, 43.857887, 49.510214, 49.249175
0.996903, 43.782511, 49.527540, 49.235818
0.997420, 44.079538, 49.548048, 49.309795
0.996895, 43.763409, 49.392810, 49.217384
0.996860, 43.725869, 49.409161, 49.259110
0.996839, 43.661392, 49.407512, 49.198322
0.997338, 43.957751, 49.479812, 49.235709
0.996865, 43.709355, 49.269674, 49.151165
0.996718, 43.634675, 49.377931, 49.116197
0.996726, 43.626969, 49.340257, 49.079820
0.997224, 43.918031, 49.471668, 49.219779
0.996552, 43.565700, 49.213195, 48.970581
0.996693, 43.658932, 49.460545, 49.257682
0.996486, 43.467484, 49.028556, 48.860261
0.997355, 43.923227, 49.365299, 49.076605
0.996898, 43.612522, 49.159965, 49.043694
0.996828, 43.610456, 49.236748, 49.101281
0.996750, 43.509532, 49.277558, 49.042805
0.997277, 43.811500, 49.320204, 49.105629
0.996758, 43.495724, 49.224247, 48.994971
0.996755, 43.539151, 49.256748, 49.058728
0.996732, 43.390080, 49.193935, 48.977271
0.997236, 43.641751, 49.302407, 48.994454
0.996713, 43.299893, 49.027826, 48.838709
0.996661, 43.225390, 49.052173, 48.781081
0.996512, 43.149575, 48.930557, 48.583719
0.997212, 43.491310, 49.108228, 48.768106
0.996847, 43.335232, 49.180531, 48.973050
0.996588, 43.114181, 48.641201, 48.421183
0.996490, 43.015818, 48.532424, 48.291604
0.997260, 43.419283, 48.800568, 48.557365
0.996557, 43.029576, 48.510493, 48.319752
0.996546, 43.011083, 48.528010, 48.311748
0.996448, 42.910348, 48.540101, 48.339272
0.997147, 43.250241, 48.775031, 48.487475
0.996540, 42.935278, 48.445765, 48.305876
0.996471, 42.839877, 48.414347, 48.222627
0.996357, 42.731331, 48.255561, 48.099472
0.996982, 42.932188, 48.330477, 48.146427
0.996552, 42.703447, 48.117179, 47.903158
0.996419, 42.564443, 48.123224, 47.864922
0.996216, 42.364503, 47.927718, 47.750058
0.995906, 41.966049, 47.634183, 47.253977
