ms-ssim, psnr-y, psnr-u, psnr-v
0.997662, 41.717796, 50.555376, 51.319177
0.997458, 41.372449, 50.585215, 51.343492
0.996730, 40.680139, 50.486309, 51.289064
0.996715, 40.497955, 50.021240, 50.984082
0.997010, 40.870198, 49.912917, 50.934384
0.996744, 40.517091, 49.931786, 50.904721
0.996059, 39.928456, 50.014914, 50.995538
0.996174, 39.990738, 49.956627, 50.916018
0.996691, 40.534122, 49.977417, 50.969949
0.996389, 40.435550, 50.019454, 51.040638
0.996361, 40.376747, 49.983150, 50.958897
0.996252, 40.137623, 49.929656, 50.935199
0.996595, 40.441393, 49.967738, 50.986943
0.995594, 39.525159, 49.993133, 50.987380
0.995513, 39.538485, 49.858181, 50.870393
0.995439, 39.524792, 49.882527, 50.909294
0.995014, 39.110246, 49.682661, 50.499645
0.995128, 39.225390, 49.696659, 50.542438
0.995316, 39.200354, 48.848191, 50.091880
0.995504, 39.476080, 48.783102, 50.033765
0.995854, 39.712138, 48.749992, 49.975764
0.995816, 39.573509, 48.871377, 50.045349
0.995840, 39.541386, 49.287361, 50.345774
0.995651, 39.396659, 49.311406, 50.313665
0.996615, 40.626683, 49.533078, 50.559287
0.996240, 40.146088, 49.685464, 50.677471
0.996197, 40.145101, 49.850294, 50.808728
0.996965, 40.875386, 49.959536, 50.979382
0.996506, 40.341492, 50.042460, 51.018298
0.996522, 40.750945, 50.147863, 51.086210
0.996387, 40.462908, 50.236172, 51.196853
0.997124, 41.596283, 50.325439, 51.153789
0.996419, 40.436387, 50.514283, 51.342123
0.996961, 41.268390, 50.505546, 51.352559
0.996657, 40.707602, 50.500339, 51.282308
0.997138, 41.393657, 50.471291, 51.260760
0.996452, 40.773119, 50.056299, 50.924569
0.996570, 40.591764, 50.039534, 50.828235
0.996607, 40.483750, 50.241930, 50.930982
0.997121, 41.312269, 50.170958, 50.892457
0.995997, 39.822692, 49.910645, 50.766839
0.996524, 40.506006, 49.908298, 50.751693
0.995777, 39.475712, 49.638266, 50.380990
0.996636, 40.554387, 49.583141, 50.368981
0.995492, 39.154669, 49.720585, 50.582871
0.995939, 39.692005, 49.601721, 50.429147
0.995267, 39.031980, 49.576439, 50.463070
0.996307, 40.405169, 49.712945, 50.389395
0.995163, 39.163828, 49.611429, 50.296127
0.994462, 38.596485, 49.398526, 50.250438
0.994150, 37.995414, 49.406105, 50.261877
0.995747, 39.543156, 49.414101, 50.263068
0.994841, 38.661803, 49.290347, 50.213256
0.994232, 38.481897, 49.061153, 49.754532
0.994283, 38.332447, 48.699707, 49.367375
0.995694, 39.261130, 48.969586, 49.527770
0.994250, 38.142905, 49.063613, 49.605284
0.994856, 38.534989, 49.066855, 49.624561
0.993819, 37.854254, 48.904918, 49.259862
0.994660, 38.289728, 48.890225, 49.277335
0.992978, 37.239563, 48.901826, 49.481149
0.994078, 37.947738, 48.884003, 49.456524
0.992607, 37.200793, 49.004819, 49.632651
0.994620, 38.601810, 48.651018, 49.451718
0.993612, 37.854005, 48.686634, 49.495544
0.992243, 36.822190, 48.643601, 49.572760
0.993721, 37.793167, 48.652264, 49.600874
0.994006, 37.963161, 48.733589, 49.643782
0.992873, 36.982719, 48.848309, 49.876212
0.995081, 38.750897, 48.987825, 50.040431
0.993834, 37.778733, 48.932489, 49.922095
0.993278, 37.570834, 48.943991, 49.884522
0.993750, 37.819525, 48.700882, 49.651872
0.995257, 38.742297, 48.682494, 49.706799
0.994176, 37.936304, 48.909456, 49.899225
0.994527, 38.206183, 48.865301, 49.925627
0.993489, 37.636903, 48.918908, 49.880346
0.994805, 38.487277, 48.935755, 49.815372
0.993204, 37.504215, 49.140367, 49.985153
0.994379, 38.211685, 49.168521, 50.055320
0.993521, 37.789206, 49.223024, 50.053989
0.995183, 39.357761, 49.243108, 50.082100
0.994957, 39.162491, 49.303135, 50.083913
0.994088, 38.435746, 49.249607, 50.016116
0.993470, 38.024833, 49.111764, 49.870693
0.993270, 37.762553, 49.040403, 49.826350
0.994769, 38.956730, 49.145126, 49.919476
0.993566, 38.107648, 49.231888, 50.043319
0.994151, 38.510895, 49.163641, 50.001438
0.993206, 37.994723, 49.113150, 50.019493
0.995058, 39.082887, 49.099747, 49.956703
0.994199, 38.559524, 49.117974, 49.887421
0.994313, 38.589723, 49.097674, 49.931558
0.993503, 38.044147, 48.655213, 49.488392
0.994471, 38.602162, 48.761950, 49.561041
0.993641, 38.174705, 48.738038, 49.525344
0.993017, 37.803028, 48.813024, 49.529920
0.994877, 39.212420, 48.952607, 49.569853
0.994784, 39.056199, 48.941264, 49.585178
0.994400, 38.744436, 48.841259, 49.610864
0.992501, 37.369135, 48.614764, 49.402398
0.993304, 37.728034, 48.625566, 49.435295
0.996394, 41.159930, 49.733034, 50.483543
0.994666, 39.460709, 49.606519, 50.392059
0.992466, 37.971806, 49.434582, 50.095237
0.992335, 37.727569, 49.074125, 49.723450
0.994068, 38.958228, 49.087105, 49.776467
0.992488, 38.230678, 48.808351, 49.717252
0.993414, 38.646445, 48.356108, 49.166990
0.993287, 38.300428, 48.791756, 49.504501
0.994810, 39.563323, 48.950482, 49.532731
0.993910, 38.834894, 48.984092, 49.567893
0.993080, 37.992481, 49.442224, 49.886931
0.994855, 39.350415, 49.500847, 49.872307
0.994034, 38.792385, 49.446815, 49.817298
0.992770, 38.006522, 49.405127, 49.769827
0.992828, 37.949672, 49.288706, 49.888023
0.993916, 38.781769, 49.324785, 49.851490
0.992161, 37.692439, 49.382504, 49.827241
0.993318, 38.408714, 49.442972, 49.838213
0.992501, 37.586293, 49.339998, 49.815557
0.994315, 38.746786, 49.346277, 49.871406
0.993055, 38.078572, 49.401421, 49.922816
0.993821, 38.716836, 49.483551, 49.812187
0.993308, 38.312941, 49.424651, 49.771110
0.993893, 38.505339, 49.153197, 49.683487
0.992333, 37.846386, 48.399766, 49.058196
0.992826, 37.790840, 48.631541, 49.142841
0.994607, 39.151652, 48.673486, 49.130864
0.994377, 38.949975, 48.708311, 49.192910
0.994269, 38.812323, 48.710637, 49.197631
0.996716, 41.281463, 50.050000, 50.772792
0.995499, 40.159737, 49.887421, 50.642421
0.993667, 38.381305, 48.727040, 49.358097
0.993522, 38.236933, 48.715034, 49.457070
0.994633, 38.885133, 48.418926, 49.309658
0.993049, 38.017725, 48.645723, 49.407318
0.993600, 38.420104, 48.681923, 49.429462
0.993141, 38.079963, 48.295021, 49.281952
0.994719, 39.104090, 48.522392, 49.427869
0.993695, 38.445352, 48.723898, 49.747196
0.994459, 39.076602, 48.720097, 49.814705
0.993949, 38.607228, 48.673543, 49.638693
0.995153, 39.631171, 48.475694, 49.542390
0.994469, 38.756991, 48.138879, 49.014912
0.994558, 38.941135, 48.206762, 49.156665
0.994073, 38.471006, 48.469169, 49.351767
0.995538, 39.731519, 48.530762, 49.545104
0.994797, 39.098658, 48.609121, 49.547437
0.994857, 39.229866, 48.915595, 49.820079
0.994515, 38.869782, 48.925512, 49.783889
0.995708, 39.886439, 49.000887, 49.930265
0.995020, 39.242875, 48.985958, 49.862373
0.994573, 38.950229, 49.034241, 49.957545
0.994284, 38.791352, 48.936451, 49.912463
0.995080, 39.320754, 48.947023, 49.887986
0.993935, 38.273381, 48.936996, 49.676952
0.994876, 38.989784, 49.007217, 49.900736
0.994331, 38.559288, 48.964193, 49.857021
0.995384, 39.361336, 49.009648, 49.735870
0.995257, 39.205009, 49.025399, 49.769497
0.994919, 39.023132, 49.012695, 49.726678
0.994945, 39.420088, 48.508388, 49.426378
0.994799, 39.229594, 48.554692, 49.476008
0.994634, 39.205182, 48.511240, 49.358030
0.993671, 38.261999, 48.908735, 49.585529
0.994347, 38.747972, 48.902126, 49.563592
0.993350, 38.107539, 48.781963, 49.535369
0.995024, 39.300567, 48.789240, 49.565200
0.993669, 38.205628, 48.985040, 49.530371
0.994282, 38.664903, 48.944203, 49.528533
0.993827, 37.897701, 49.289920, 49.626121
0.996164, 40.147915, 49.371621, 49.782455
0.995067, 39.025752, 49.362300, 49.745410
0.994252, 38.193303, 49.473884, 49.839702
0.995816, 39.643311, 49.468512, 49.803571
0.995298, 39.081784, 49.327201, 49.605742
0.994088, 38.347518, 49.372959, 49.785691
0.994492, 38.877081, 49.335750, 49.705787
0.995255, 39.451037, 49.452093, 49.729220
0.994543, 38.379904, 49.073126, 49.517105
0.994954, 38.830650, 49.017254, 49.445250
0.994960, 38.861949, 49.348971, 49.707052
0.996083, 39.645942, 49.211566, 49.498849
0.995497, 39.145632, 49.268868, 49.550050
0.995201, 38.675977, 49.634569, 49.896582
0.994875, 38.391525, 49.653514, 49.885952
0.996157, 39.742987, 49.575808, 49.950164
0.995371, 39.007995, 49.605390, 49.966012
0.994936, 38.758359, 49.921032, 50.170757
0.995125, 38.859092, 49.831961, 50.194662
0.996013, 39.646544, 49.883957, 50.201742
0.995851, 39.443871, 49.804273, 50.143147
0.995203, 39.127245, 49.978532, 50.416749
0.995104, 39.064254, 49.978648, 50.400867
0.996014, 39.977788, 49.943063, 50.371717
0.995373, 39.352733, 49.997960, 50.340504
0.995468, 39.436108, 49.999428, 50.331442
0.996156, 40.078660, 49.465127, 49.939326
0.996387, 40.428120, 49.446237, 49.942911
0.995396, 39.369292, 49.677167, 50.182431
0.995817, 39.709921, 49.769901, 50.406126
0.995746, 39.723903, 49.762539, 50.393794
0.996610, 40.771075, 49.876400, 50.412199
0.996250, 40.379210, 49.902587, 50.469137
0.995910, 39.717711, 50.089867, 50.572805
0.996800, 40.907818, 50.068179, 50.561794
0.996765, 40.866219, 50.093341, 50.566151
0.996584, 40.566567, 50.069122, 50.501206
0.995993, 39.844667, 50.124492, 50.648834
0.995921, 39.883339, 50.100890, 50.602941
0.996696, 40.742142, 50.093341, 50.689414
0.996615, 40.629888, 50.177355, 50.781852
0.996241, 40.188000, 50.309181, 50.868457
0.996735, 40.802007, 50.212769, 50.814599
0.996663, 40.734884, 50.254289, 50.801052
0.996105, 39.961096, 49.994523, 50.537930
0.996229, 40.079660, 50.004223, 50.451476
0.996604, 40.576186, 50.043944, 50.385507
0.996813, 40.876781, 49.995797, 50.386775
0.996625, 40.612677, 49.943025, 50.375972
0.996414, 40.227330, 49.890359, 50.424925
0.996852, 40.843020, 49.884898, 50.487304
0.996724, 40.669623, 49.929428, 50.511195
0.996329, 40.142397, 50.036531, 50.602009
0.996937, 40.899314, 49.987233, 50.607029
0.996600, 40.568236, 49.902134, 50.583357
0.996502, 40.318579, 50.026915, 50.686923
0.996495, 40.308530, 50.016466, 50.627658
0.996895, 40.880892, 50.048201, 50.625559
0.996785, 40.702011, 50.058453, 50.665876
0.996436, 40.197522, 50.150623, 50.687059
0.996724, 40.669331, 50.139154, 50.778614
0.996772, 40.782445, 50.140231, 50.769560
0.996316, 40.002683, 50.001825, 50.605029
0.996495, 40.238443, 49.980417, 50.601964
0.996492, 40.313223, 50.055986, 50.664885
0.996991, 40.932266, 50.088052, 50.634764
0.996998, 40.938833, 50.062215, 50.571261
0.996823, 40.718377, 50.047811, 50.516546
0.996598, 40.297101, 50.149783, 50.545242
0.996532, 40.237676, 50.154987, 50.533863
0.996620, 40.330539, 50.110236, 50.514587
0.996184, 39.961330, 49.548935, 49.939174
0.996315, 40.027731, 49.541069, 49.915229
0.996031, 39.765758, 49.613020, 50.086711
0.996450, 40.089043, 49.596857, 50.125168
0.996019, 39.859850, 49.895827, 50.295506
0.996400, 40.248416, 49.903835, 50.313001
0.996115, 39.941428, 49.903872, 50.373823
0.996447, 40.195707, 49.910152, 50.396037
0.996204, 40.002066, 49.905460, 50.456024
0.995753, 39.526175, 49.592491, 50.281916
0.996235, 40.194303, 49.595871, 50.305945
0.996293, 40.170463, 49.597174, 50.339500
0.995740, 39.447982, 49.728639, 50.419601
0.995923, 39.680387, 49.653121, 50.442008
0.995391, 38.967004, 49.682732, 50.482463
0.996354, 40.422026, 49.763783, 50.449332
0.995440, 39.283586, 49.779001, 50.512064
0.995106, 39.043322, 49.784735, 50.313042
0.994903, 38.738647, 49.883468, 50.450147
0.995848, 39.715055, 49.859977, 50.442222
0.994540, 38.397340, 49.972345, 50.503245
0.995322, 39.201868, 49.994484, 50.523473
0.994794, 38.550254, 49.971961, 50.515806
0.995932, 39.817404, 50.010417, 50.582960
0.995269, 39.130989, 50.098201, 50.662588
0.995404, 39.394245, 49.969427, 50.649462
0.995266, 39.191930, 49.923196, 50.631366
0.995719, 39.647151, 50.156790, 50.668896
0.994733, 38.523376, 49.822638, 50.354404
0.995606, 39.501819, 49.816113, 50.365742
0.995409, 39.233248, 49.952916, 50.518767
0.996557, 40.616637, 50.026098, 50.675664
0.995708, 39.421597, 50.053363, 50.691090
0.995670, 39.378445, 50.271371, 50.867419
0.995576, 39.319183, 50.303167, 50.871952
0.996535, 40.456104, 50.315702, 50.880701
0.995321, 39.012338, 50.342427, 51.033326
0.995772, 39.470048, 50.331859, 51.069713
0.995204, 38.967846, 50.258471, 50.928540
0.996407, 40.218479, 50.235968, 50.962224
0.995806, 39.361997, 50.465995, 51.233256
0.996714, 40.534267, 50.538017, 51.217369
0.996629, 40.430599, 50.514239, 51.230844
0.996175, 39.834549, 50.432135, 51.160449
0.995337, 39.348760, 50.321608, 51.110300
0.995264, 38.861689, 49.686506, 50.322232
0.996764, 40.478223, 49.826499, 50.609785
0.996297, 39.836768, 50.037389, 50.680182
0.995946, 39.239472, 50.125327, 50.719689
0.996677, 40.224072, 50.133052, 50.768084
0.996289, 39.775019, 50.205144, 50.811709
0.995922, 39.139542, 50.181907, 50.757809
0.995975, 39.238046, 50.177959, 50.726126
0.996015, 39.171698, 50.069043, 50.700436
0.995875, 39.060739, 50.083913, 50.734586
0.995546, 38.669355, 50.037194, 50.671376
0.994777, 37.973578, 49.980725, 50.742145
