ms-ssim, psnr-y, psnr-u, psnr-v
0.996643, 41.029940, 48.110625, 47.417882
0.996475, 40.718628, 48.294094, 47.562218
0.996621, 40.968313, 48.213852, 47.507677
0.996706, 41.061764, 48.272385, 47.529714
0.996357, 40.615652, 48.323256, 47.595284
0.996298, 40.607263, 48.346807, 47.500091
0.996543, 41.056234, 48.221179, 47.491410
0.996327, 40.832721, 48.265963, 47.484225
0.996358, 40.707088, 48.350592, 47.620167
0.996384, 40.756963, 48.349542, 47.604475
0.996366, 40.869939, 48.246000, 47.697232
0.996093, 40.510255, 48.327948, 47.627647
0.996233, 40.662825, 48.340274, 47.724784
0.996179, 40.528740, 48.224105, 47.380802
0.996689, 40.975398, 48.421337, 47.761505
0.996687, 41.009653, 48.447778, 47.743467
0.996174, 40.346651, 48.300676, 47.435995
0.995514, 39.032635, 47.952069, 46.916562
0.995662, 40.643265, 48.116652, 46.997885
0.995881, 40.609040, 48.415677, 47.306269
0.996159, 40.840762, 48.551403, 47.611026
0.996465, 41.622749, 48.537863, 47.659763
0.996699, 41.744909, 48.703104, 47.846984
0.996733, 41.874225, 48.815686, 47.864836
0.996741, 41.932299, 48.869604, 48.018217
0.997033, 42.346511, 48.992274, 48.198891
0.997020, 42.127737, 49.229234, 48.396358
0.997184, 42.569351, 49.148405, 48.346331
0.997234, 42.602466, 49.216194, 48.394515
0.997263, 42.520877, 49.456686, 48.612110
0.997308, 42.559945, 49.482496, 48.545364
0.997258, 42.704744, 49.368244, 48.577209
0.997328, 42.653007, 49.551880, 48.779883
0.997410, 42.835285, 49.542816, 48.791280
0.997450, 42.836148, 49.558709, 48.778723
0.997325, 42.700697, 49.565497, 48.815731
0.997288, 42.461490, 49.778358, 49.026357
0.997370, 42.753688, 49.681466, 48.885050
0.997370, 42.684894, 49.765650, 48.861277
0.997424, 43.127683, 49.556981, 48.709883
0.997478, 43.213033, 49.581868, 48.761732
0.997375, 42.862474, 49.759201, 48.903319
0.997383, 42.709728, 49.729656, 48.849318
0.997390, 43.037969, 49.545479, 48.720061
0.997362, 42.945050, 49.704722, 48.813656
0.997487, 42.978135, 49.827697, 49.110449
0.997596, 43.045292, 49.916698, 49.159642
0.997515, 42.956267, 50.098319, 49.393456
0.997605, 43.050947, 50.157731, 49.595290
0.997761, 43.573813, 50.173572, 49.698227
0.997857, 43.427355, 50.328512, 49.672586
0.997943, 43.929283, 50.410192, 49.813677
0.997991, 43.958953, 50.399087, 49.764113
0.997832, 43.483417, 50.259681, 49.552717
0.997693, 43.060611, 50.343734, 49.708136
0.997945, 43.836356, 50.344895, 49.766200
0.997837, 43.536044, 50.337307, 49.731508
0.997848, 43.770405, 50.311443, 49.760188
0.997873, 43.807852, 50.367425, 49.812650
0.997872, 43.715611, 50.476388, 49.861231
0.997879, 43.648173, 50.400390, 49.814511
0.997773, 43.479813, 50.290937, 49.684754
0.997624, 43.082476, 50.288582, 49.577290
0.997766, 43.449004, 50.345334, 49.738080
0.997827, 43.471541, 50.341664, 49.725354
0.997656, 43.180217, 50.199778, 49.636711
0.997637, 43.055592, 50.233265, 49.624570
0.997802, 43.697432, 50.292704, 49.765705
0.997760, 43.399671, 50.206765, 49.569039
0.997797, 43.323277, 50.227793, 49.655013
0.997796, 43.345947, 50.181726, 49.569039
0.997843, 43.821076, 50.354069, 49.827084
0.997745, 43.734078, 50.039797, 49.429707
0.997771, 43.535913, 50.282328, 49.576211
0.997768, 43.416312, 50.243616, 49.420946
0.997865, 43.474452, 50.356208, 49.536767
0.997957, 43.502505, 50.412710, 49.570431
0.997674, 43.283274, 50.162574, 49.219535
0.997794, 43.531232, 50.531798, 49.607110
0.997949, 44.140791, 50.465275, 49.689258
0.997850, 43.596693, 50.546140, 49.689987
0.997964, 44.219685, 50.473898, 49.619495
0.997983, 44.235015, 50.507881, 49.684592
0.997925, 43.926125, 50.561387, 49.795387
0.997917, 43.800615, 50.637930, 49.754267
0.997868, 44.033948, 50.354887, 49.550886
0.997879, 43.836823, 50.473672, 49.487568
0.997940, 43.932216, 50.550679, 49.813066
0.997966, 43.972522, 50.557891, 49.787927
0.997843, 43.914332, 50.428198, 49.582711
0.997818, 43.732313, 50.397371, 49.458810
0.997943, 44.081973, 50.545811, 49.661577
0.997757, 43.865068, 50.236968, 49.431385
0.997800, 43.880698, 50.272286, 49.461831
0.997801, 43.868638, 50.261466, 49.432962
0.997805, 43.744975, 50.308921, 49.553030
0.997747, 43.660168, 50.239203, 49.264428
0.997740, 43.506489, 50.371812, 49.467776
0.997797, 43.762037, 50.477747, 49.558421
0.997993, 44.485554, 50.433192, 49.619813
0.998017, 44.494798, 50.418005, 49.554417
0.997741, 43.730624, 50.254022, 49.434056
0.997733, 43.529099, 50.389881, 49.469110
0.997997, 44.500246, 50.623685, 49.929570
0.997873, 43.895520, 50.553543, 49.772797
0.997972, 44.182452, 50.531995, 49.972594
0.998071, 44.229127, 50.703491, 50.141319
0.998086, 44.548375, 50.687568, 50.047351
0.997987, 43.980748, 50.408408, 49.664179
0.998028, 44.104504, 50.460179, 49.744717
0.998128, 44.085791, 50.638199, 49.958186
0.998100, 44.376791, 50.543347, 49.875461
0.998171, 44.403951, 50.561783, 49.825970
0.998078, 44.055137, 50.500946, 49.805742
0.998034, 43.855570, 50.566998, 49.820653
0.998145, 44.351919, 50.607951, 49.969974
0.998101, 43.865262, 50.639576, 49.949868
0.998084, 43.997773, 50.577647, 49.874475
0.998083, 44.017768, 50.541934, 49.861961
0.998098, 44.161186, 50.545614, 49.917864
0.998047, 43.787180, 50.592673, 49.946231
0.998195, 44.226029, 50.855130, 50.300588
0.998185, 44.671152, 50.866935, 50.253162
0.998195, 44.828177, 50.860180, 50.287591
0.998239, 44.835448, 50.838045, 50.262914
0.998186, 44.571712, 50.777990, 50.221779
0.998127, 44.335553, 50.747100, 50.164892
0.998148, 44.733040, 50.739773, 50.203088
0.998187, 44.531764, 50.822918, 50.279329
0.998186, 44.766940, 50.774731, 50.205245
0.998202, 44.767840, 50.724676, 50.119126
0.998142, 44.481275, 50.798636, 50.342793
0.998163, 44.315004, 50.812629, 50.317770
0.998170, 44.618000, 50.850720, 50.404175
0.998245, 44.600879, 50.916841, 50.440982
0.998207, 44.779900, 50.882145, 50.346025
0.998267, 44.752605, 50.892457, 50.333737
0.998131, 44.365026, 50.731909, 50.271700
0.998130, 44.518127, 50.655661, 50.158754
0.998118, 44.408226, 50.841280, 50.311879
0.998168, 44.226469, 50.909544, 50.457473
0.998168, 44.580105, 50.881222, 50.370612
0.998171, 44.600973, 50.766804, 50.307116
0.998052, 44.349795, 50.727211, 50.168416
0.998015, 44.174018, 50.707037, 50.127118
0.998070, 44.387942, 50.638535, 50.180215
0.997869, 43.825244, 50.443710, 49.935736
0.997862, 43.928083, 50.275219, 49.758625
0.997846, 43.937545, 50.244352, 49.689258
0.997842, 43.868816, 50.271484, 49.658924
0.997701, 42.906568, 50.207525, 49.579078
0.997852, 44.381773, 50.396037, 49.863927
0.997718, 43.498724, 50.475418, 49.916868
0.998273, 45.306211, 50.935930, 50.346056
0.998254, 45.294543, 50.825862, 50.158934
0.998002, 43.627455, 50.807634, 50.160618
0.997974, 43.883702, 50.866510, 50.209654
0.998158, 44.555827, 50.875402, 50.153135
0.998226, 44.222022, 51.148235, 50.596030
0.998218, 44.592777, 50.995636, 50.355170
0.998217, 44.596340, 50.918202, 50.218150
0.998130, 44.423138, 50.986967, 50.212302
0.998206, 44.498588, 51.136770, 50.408599
0.998177, 44.560128, 50.903294, 50.299407
0.998165, 44.343295, 51.108541, 50.401058
0.998166, 44.628833, 50.917020, 50.262082
0.998237, 44.644014, 50.957957, 50.245793
0.997992, 44.125045, 50.752785, 50.087421
0.997992, 44.142012, 50.698313, 50.039241
0.998020, 44.659215, 50.726697, 50.191015
0.997881, 43.976511, 50.823934, 50.285795
0.997842, 44.006751, 50.733934, 49.997351
0.997887, 44.045040, 50.744725, 49.981014
0.997927, 44.553297, 50.792752, 50.312128
0.997710, 43.910156, 50.445829, 49.620849
0.997772, 43.884257, 50.661260, 49.930883
0.997841, 43.951215, 50.683461, 50.001815
0.997996, 44.494933, 50.761550, 50.152954
0.998033, 44.509276, 50.712021, 50.096481
0.997908, 44.023309, 50.684343, 50.050752
0.997913, 43.970505, 50.675901, 50.001351
0.997935, 44.342940, 50.676816, 50.079384
0.997778, 43.910880, 50.618367, 49.895054
0.997792, 44.070011, 50.527672, 49.961691
0.997849, 44.109556, 50.612922, 50.050899
0.997884, 44.283344, 50.665685, 50.110345
0.997662, 42.908064, 50.551600, 49.842711
0.997657, 43.820195, 50.267320, 49.626086
0.997652, 43.723255, 50.342071, 49.472523
0.997856, 44.144527, 50.399310, 49.677239
0.997898, 44.187163, 50.428102, 49.689771
0.997549, 43.529430, 49.954054, 49.278890
0.997506, 43.782080, 50.080801, 49.284197
0.997802, 44.291135, 50.411307, 49.732816
0.997809, 43.953838, 50.525250, 49.806463
0.997891, 44.386355, 50.531471, 49.826554
0.997972, 44.389409, 50.645021, 49.925095
0.998033, 44.357030, 50.738261, 50.080240
0.998024, 43.976416, 50.745172, 50.050840
0.998026, 44.366622, 50.777747, 50.048231
0.998032, 44.135809, 50.801459, 50.062970
0.998091, 44.343509, 50.790108, 50.090025
0.998093, 44.346724, 50.737608, 49.983468
0.998028, 44.161488, 50.825722, 50.156920
0.998077, 44.369053, 50.816266, 50.162905
0.998121, 44.485261, 50.883530, 50.295775
0.998106, 44.146515, 50.837482, 50.229413
0.997975, 43.756431, 50.254391, 50.014216
0.997986, 43.758500, 50.236937, 50.010814
0.998081, 44.245695, 50.394672, 50.261189
0.998058, 43.954402, 50.333142, 50.155658
0.997950, 44.065101, 50.257251, 50.041289
0.997790, 43.690090, 50.365847, 49.999930
0.997962, 44.119196, 50.337714, 50.134198
0.998033, 44.140949, 50.329544, 50.114718
0.997930, 43.872974, 50.374276, 50.066060
0.997972, 43.580753, 50.447211, 50.166909
0.998011, 43.870591, 50.425927, 50.160859
0.997998, 43.489701, 50.692767, 50.328700
0.998003, 44.067971, 50.461598, 50.133271
0.998086, 44.289411, 50.530422, 50.235284
0.998064, 44.246645, 50.502605, 50.271175
0.998157, 44.430111, 50.643877, 50.387725
0.998137, 44.577478, 50.595099, 50.337087
0.998175, 44.536529, 50.550383, 50.292921
0.998119, 44.212040, 50.526330, 50.312596
0.998141, 44.451424, 50.402902, 50.246560
0.998056, 44.473018, 50.465662, 50.230757
0.998051, 43.988698, 50.539964, 50.350297
0.998029, 43.938044, 50.500100, 50.231705
0.998026, 43.866371, 50.466114, 50.226999
0.998089, 44.426743, 50.540030, 50.344895
0.998072, 44.319602, 50.538848, 50.274509
0.998045, 44.333868, 50.490288, 50.244566
0.998147, 44.488309, 50.566470, 50.272163
0.998127, 44.530034, 50.562409, 50.334050
0.998132, 44.246695, 50.572816, 50.276856
0.998093, 44.000625, 50.551633, 50.339814
0.998145, 44.699178, 50.564654, 50.372128
0.998195, 44.688024, 50.547883, 50.326543
0.998136, 44.285023, 50.582551, 50.363546
0.998066, 44.031725, 50.580794, 50.266149
0.998094, 44.491568, 50.583346, 50.363010
0.998104, 44.131957, 50.594036, 50.314839
0.998087, 44.181812, 50.593770, 50.348663
0.998124, 44.222592, 50.574437, 50.289140
0.998073, 44.084331, 50.548771, 50.276517
0.998034, 43.746845, 50.580297, 50.265840
0.998080, 43.902003, 50.611320, 50.299004
0.997863, 43.176598, 50.389564, 50.153165
0.998663, 45.346721, 51.586673, 51.376386
0.998622, 45.287172, 51.418778, 51.163214
0.998385, 44.534227, 51.407900, 51.071358
0.998341, 44.449723, 51.288882, 50.872779
0.998370, 44.847738, 51.196725, 50.881719
0.998263, 44.321246, 51.313603, 50.908901
0.998192, 44.295198, 51.077780, 50.698007
0.998092, 44.231199, 50.901866, 50.499677
0.998047, 43.978372, 50.894202, 50.619737
0.998060, 43.785742, 51.043033, 50.697258
0.998128, 44.257141, 51.089351, 50.662510
0.998147, 44.129235, 51.033755, 50.634843
0.998140, 44.104326, 50.968270, 50.518353
0.998116, 44.093700, 50.954236, 50.504526
0.998124, 44.032292, 51.033093, 50.573907
0.998111, 44.049069, 51.000706, 50.591544
0.998153, 43.926445, 51.090506, 50.642869
0.998133, 44.058599, 51.047273, 50.606818
0.998160, 44.313039, 50.994141, 50.549856
0.998122, 44.282586, 51.008524, 50.595598
0.998042, 43.700737, 50.950662, 50.552851
0.998045, 43.507587, 51.017968, 50.636957
0.998107, 44.106787, 51.001327, 50.644113
0.998071, 43.764841, 50.996255, 50.685463
0.998086, 43.834423, 50.920423, 50.513587
0.998049, 43.842042, 50.872708, 50.491230
0.998020, 43.760958, 50.844624, 50.465339
0.998021, 43.766316, 50.965445, 50.588323
0.998031, 43.886261, 50.943200, 50.517145
0.998044, 43.937147, 51.013354, 50.622179
0.998016, 44.102143, 50.902152, 50.567494
0.998067, 44.133451, 50.848006, 50.487823
0.997994, 43.877058, 50.885485, 50.458504
0.997937, 43.697970, 50.829545, 50.434922
0.997944, 43.783398, 50.853083, 50.444802
0.997887, 43.647324, 50.878701, 50.505731
0.997838, 43.487164, 50.809590, 50.389088
0.997718, 43.456439, 50.590647, 50.169109
0.998447, 44.804497, 50.337589, 49.719752
0.998427, 44.780460, 50.241961, 49.638444
0.997338, 43.756061, 49.411468, 48.763280
0.997346, 43.503171, 49.497549, 48.845716
0.997455, 43.545015, 49.224382, 48.521705
0.997208, 43.547583, 49.521656, 48.745567
0.997478, 43.604512, 49.417345, 48.843850
0.997804, 43.717545, 49.157755, 48.530024
0.997825, 43.778463, 49.141453, 48.503634
0.996884, 43.155531, 49.539947, 49.757693
0.996926, 43.430496, 49.687316, 49.776843
0.997095, 42.990666, 49.801946, 49.880590
