ms-ssim, psnr-y, psnr-u, psnr-v
0.995058, 38.708623, 47.757300, 46.220682
0.994787, 38.477292, 47.741003, 46.226028
0.994776, 38.475418, 47.639297, 46.221022
0.994725, 38.480815, 47.661031, 46.174209
0.994747, 38.360245, 47.671126, 46.138034
0.994769, 38.397715, 47.652446, 46.124569
0.994693, 38.238463, 47.536497, 46.015130
0.994713, 38.358124, 47.537221, 46.023616
0.994680, 38.366745, 47.436525, 45.986873
0.994762, 38.477310, 47.482975, 46.027609
0.994484, 38.284048, 47.411345, 45.946470
0.994504, 38.293400, 47.386309, 45.952447
0.994561, 38.334200, 47.323499, 45.919334
0.994642, 38.455673, 47.434469, 46.017030
0.994500, 38.222530, 47.402027, 45.967495
0.994521, 38.289879, 47.379391, 45.955781
0.994590, 38.399272, 47.266340, 45.905581
0.994686, 38.528838, 47.315868, 46.017911
0.994621, 38.396025, 47.250366, 46.034211
0.994735, 38.493153, 47.273452, 46.084894
0.994746, 38.537872, 47.211266, 46.010038
0.994807, 38.567339, 47.195128, 46.050059
0.995334, 39.016074, 47.598818, 46.400054
0.995703, 39.350475, 47.824933, 46.615839
0.995396, 39.205657, 47.937765, 46.656134
0.996137, 39.797816, 48.323197, 46.964081
0.996125, 39.546829, 48.338989, 47.161402
0.996614, 40.053859, 48.599451, 47.321246
0.996976, 40.715509, 48.827133, 47.683147
0.996782, 40.831359, 48.360319, 47.250859
0.996811, 40.848993, 49.027654, 47.628201
0.996932, 41.296995, 48.735784, 47.590288
0.996906, 41.280493, 48.449056, 47.306503
0.996845, 41.368684, 48.527649, 47.418378
0.996494, 40.896051, 48.913487, 47.644417
0.996865, 41.605394, 48.921440, 47.807681
0.996865, 41.766543, 48.680839, 47.797055
0.996466, 41.487763, 48.600039, 47.763254
0.996115, 41.023252, 48.874836, 47.870425
0.996193, 41.273239, 48.604998, 47.712835
0.995299, 40.490746, 47.897279, 47.137403
0.995880, 40.537234, 48.065549, 47.388152
0.995109, 39.968652, 47.715026, 47.099540
0.995577, 39.752528, 47.560234, 47.187294
0.996066, 39.963176, 47.338865, 46.999033
0.996304, 39.940571, 47.387389, 47.065778
0.996117, 39.673403, 47.201210, 46.789653
0.996128, 39.715957, 47.233347, 46.752769
0.995981, 39.339514, 47.234696, 46.775667
0.995982, 39.536814, 47.235923, 46.772688
0.995922, 39.528258, 47.251659, 46.838930
0.996018, 39.935301, 47.106085, 46.850145
0.996040, 39.915580, 47.135844, 46.851155
0.996090, 39.985007, 47.083041, 46.874240
0.996079, 39.933731, 47.120640, 46.924036
0.995971, 39.857672, 47.077062, 46.857393
0.996022, 39.871018, 47.114610, 46.903981
0.996108, 39.856715, 47.145448, 46.919071
0.996134, 39.882243, 47.187476, 46.944357
0.996141, 39.856387, 47.165264, 46.935129
0.996159, 39.856749, 47.154531, 46.911206
0.996164, 39.877653, 47.130091, 46.922837
0.996189, 39.901000, 47.174449, 46.977877
0.996181, 39.880455, 47.199263, 46.976837
0.996175, 39.844770, 47.198837, 46.945045
0.996155, 39.816689, 47.204742, 46.952281
0.996102, 39.804157, 47.242923, 46.952914
0.995603, 39.675119, 47.252398, 47.030287
0.995341, 39.404729, 47.138603, 46.960509
0.996111, 39.959789, 47.436718, 47.312494
0.996323, 40.200130, 47.762630, 47.764917
0.996154, 40.010277, 47.458041, 47.431131
0.995592, 39.535973, 47.501264, 47.277291
0.996239, 40.286748, 47.499830, 47.259919
0.996317, 40.367544, 47.493184, 47.217738
0.996453, 40.308719, 47.604826, 47.216332
0.995822, 39.720554, 47.510536, 46.917303
0.996688, 40.806639, 47.656635, 47.228811
0.997087, 41.121398, 47.993218, 47.505180
0.996739, 40.847544, 47.637412, 47.135364
0.996118, 40.123874, 47.584301, 46.978166
0.996743, 41.216305, 47.670244, 47.178928
0.997060, 41.748130, 47.926097, 47.488824
0.996917, 41.646390, 48.092819, 47.395211
0.996509, 40.974487, 48.259978, 47.252768
0.996155, 40.679317, 47.781234, 46.828751
0.996390, 40.415222, 47.435369, 46.719465
0.996559, 40.590557, 47.536695, 46.819933
0.996419, 40.305306, 47.296474, 46.544404
0.996467, 39.893767, 47.301081, 46.650178
0.996578, 40.190097, 47.173482, 46.281574
0.996673, 40.264978, 47.195310, 46.287883
0.996723, 40.278160, 47.181594, 46.290991
0.996884, 40.343298, 47.228995, 46.334548
0.996958, 40.399373, 47.285848, 46.442474
0.997019, 40.453352, 47.319119, 46.520401
0.997007, 40.412936, 47.342763, 46.543463
0.997084, 40.482082, 47.324940, 46.537712
0.997080, 40.496202, 47.353214, 46.576705
0.997016, 40.254244, 47.479210, 46.742735
0.996916, 40.378480, 47.029994, 46.250165
0.996981, 40.432141, 47.039661, 46.250556
0.997054, 40.469494, 47.130031, 46.349981
0.997113, 40.528900, 47.225504, 46.370947
0.997141, 40.557038, 47.213096, 46.351082
0.997168, 40.564264, 47.287338, 46.411762
0.997205, 40.603079, 47.314306, 46.508812
0.997241, 40.623735, 47.375587, 46.539070
0.997265, 40.663087, 47.383833, 46.580661
0.997281, 40.677632, 47.460948, 46.628998
0.997300, 40.688213, 47.445531, 46.646480
0.997321, 40.699062, 47.468580, 46.663119
0.997274, 40.668923, 47.466315, 46.737808
0.997342, 40.691724, 47.485314, 46.745036
0.997345, 40.693247, 47.583503, 46.783124
0.997318, 40.657748, 47.515965, 46.713911
0.997301, 40.654905, 47.471624, 46.692039
0.997361, 40.661446, 47.509621, 46.746461
0.997430, 40.721447, 47.621357, 46.849808
0.997486, 40.753350, 47.674315, 46.909669
0.997529, 40.782000, 47.679680, 46.959415
0.997546, 40.788440, 47.734873, 47.016090
0.997558, 40.794179, 47.784157, 47.048408
0.997574, 40.807425, 47.785619, 47.068198
0.997596, 40.818803, 47.758545, 47.068611
0.997646, 40.851432, 47.880520, 47.191786
0.997670, 40.870639, 47.923940, 47.274814
0.997633, 40.859449, 47.945706, 47.237027
0.997651, 40.842202, 47.880805, 47.182382
0.997642, 40.836073, 47.917044, 47.262696
0.997634, 40.835546, 47.920563, 47.251043
0.997733, 40.885972, 48.011738, 47.365524
0.997751, 40.906085, 48.027465, 47.365714
0.997775, 40.933007, 48.024374, 47.392348
0.997743, 40.870377, 47.940579, 47.321997
0.997753, 40.884138, 47.987670, 47.341505
0.997721, 40.878566, 47.991173, 47.324000
0.997752, 40.915044, 48.055015, 47.388152
0.997793, 40.941550, 48.075960, 47.431709
0.997775, 40.953622, 48.121540, 47.471948
0.997789, 40.969223, 48.153785, 47.467027
0.997793, 40.964630, 48.180701, 47.483430
0.997788, 40.948754, 48.130050, 47.469163
0.997774, 40.934183, 48.137444, 47.536103
0.997760, 40.915195, 48.112445, 47.511124
0.997718, 40.873629, 48.114323, 47.484534
0.997733, 40.902630, 48.167831, 47.524612
0.997737, 40.913824, 48.207401, 47.556731
0.997692, 40.912011, 48.220005, 47.585564
0.997651, 40.885976, 48.242459, 47.615594
0.997628, 40.838284, 48.184822, 47.589955
0.997593, 40.818009, 48.268531, 47.577591
0.997565, 40.790731, 48.336774, 47.548613
0.997575, 40.739367, 48.329033, 47.525333
0.997572, 40.725018, 48.308405, 47.492598
0.997532, 40.697915, 48.344450, 47.501656
0.997535, 40.699324, 48.272346, 47.482326
0.997502, 40.679534, 48.252450, 47.474540
0.997530, 40.656797, 48.271645, 47.509752
0.997469, 40.642183, 48.211931, 47.484599
0.997678, 40.781306, 48.416885, 47.604692
0.997707, 40.800019, 48.437227, 47.607432
0.997721, 40.832110, 48.488011, 47.573411
0.997734, 40.854159, 48.495221, 47.591087
0.997754, 40.901948, 48.448975, 47.521793
0.997763, 40.861947, 48.414550, 47.491687
0.997809, 40.911549, 48.405304, 47.471235
0.997842, 40.927710, 48.446704, 47.438068
0.997872, 40.990447, 48.493581, 47.467933
0.997848, 40.956819, 48.502853, 47.577525
0.997842, 40.936034, 48.496041, 47.556864
0.997841, 40.912912, 48.505565, 47.559044
0.997858, 40.914436, 48.482284, 47.557987
0.997838, 40.918843, 48.479751, 47.544198
0.997805, 40.880881, 48.493909, 47.596084
0.997832, 40.834038, 48.542710, 47.521400
0.997877, 40.890475, 48.586955, 47.537813
0.997874, 40.893344, 48.585866, 47.547888
0.997889, 40.922222, 48.572574, 47.528089
0.997884, 40.920717, 48.575914, 47.540642
0.997874, 40.935585, 48.587625, 47.574605
0.997874, 40.947751, 48.616787, 47.579317
0.997861, 40.964554, 48.612405, 47.625449
0.997861, 40.984149, 48.579089, 47.567910
0.997880, 41.029652, 48.623454, 47.642799
0.997891, 41.041352, 48.659667, 47.679340
0.997919, 41.051105, 48.683921, 47.700935
0.997916, 41.056943, 48.674767, 47.678933
0.997910, 41.059536, 48.681438, 47.707907
0.997934, 41.089615, 48.709775, 47.734184
0.997918, 41.006514, 48.633093, 47.759306
0.997930, 41.025091, 48.635464, 47.743692
0.997964, 41.076183, 48.671777, 47.792379
0.997989, 41.109188, 48.732752, 47.801596
0.998011, 41.128136, 48.767447, 47.848891
0.998014, 41.139592, 48.830764, 47.875896
0.998041, 41.167202, 48.891064, 47.937044
0.998030, 41.178325, 48.885319, 47.944694
0.998031, 41.185662, 48.927867, 47.961848
0.998041, 41.194908, 48.939296, 47.927033
0.998050, 41.210375, 48.983388, 47.965258
0.998047, 41.216416, 48.999383, 47.984388
0.998084, 41.234428, 48.988805, 48.040147
0.998094, 41.242436, 49.012849, 48.034465
0.998119, 41.264953, 49.023300, 48.059611
0.998090, 41.214962, 49.079125, 48.062727
0.998096, 41.222638, 49.079875, 48.076332
0.998133, 41.267075, 49.142048, 48.113947
0.998140, 41.282568, 49.143571, 48.180701
0.998161, 41.294143, 49.156251, 48.195140
0.998157, 41.290923, 49.166479, 48.224471
0.998154, 41.297905, 49.180282, 48.226320
0.998137, 41.285607, 49.165235, 48.213237
0.998153, 41.291250, 49.226322, 48.202723
0.998150, 41.295569, 49.214500, 48.199964
0.998157, 41.301495, 49.228554, 48.196135
0.998184, 41.309615, 49.255822, 48.219005
0.998179, 41.310972, 49.266092, 48.269309
0.998184, 41.324301, 49.264330, 48.283499
0.998195, 41.329649, 49.261297, 48.289595
0.998204, 41.325265, 49.266778, 48.313986
0.998223, 41.327913, 49.279037, 48.320046
0.998231, 41.340892, 49.299613, 48.321542
0.998232, 41.341994, 49.302377, 48.307777
0.998278, 41.459003, 49.174813, 48.477708
0.998141, 41.182711, 49.099433, 48.019227
0.998161, 41.186576, 49.126279, 48.048204
0.998189, 41.215503, 49.163609, 48.054867
0.998225, 41.238401, 49.221957, 48.147953
0.998214, 41.238929, 49.264330, 48.164106
0.998210, 41.233546, 49.224382, 48.179939
0.998202, 41.234887, 49.221279, 48.174147
0.998213, 41.242112, 49.251038, 48.209781
0.998215, 41.242679, 49.240706, 48.216466
0.998214, 41.246690, 49.237689, 48.221698
0.998124, 41.124007, 49.134061, 48.118757
0.998147, 41.133514, 49.164183, 48.141599
0.998185, 41.157163, 49.170692, 48.159626
0.998199, 41.172188, 49.184221, 48.158943
0.998180, 41.162623, 49.138433, 48.176661
0.998146, 41.142638, 49.182203, 48.179634
0.998133, 41.143743, 49.124098, 48.164410
0.998139, 41.150338, 49.165714, 48.162055
0.998124, 41.138801, 49.150145, 48.142657
0.998104, 41.109708, 49.151480, 48.164334
0.998074, 41.089477, 49.163609, 48.141599
0.998065, 41.079665, 49.157492, 48.132387
0.998033, 41.039098, 49.152911, 48.100224
0.997994, 40.983065, 49.137767, 48.101422
0.997952, 40.951413, 49.110000, 48.095884
