ms-ssim, psnr-y, psnr-u, psnr-v
0.997529, 43.353479, 49.309246, 49.110685
0.996586, 42.098782, 48.912585, 48.512742
0.996594, 42.034304, 48.816967, 48.306953
0.996358, 42.163736, 48.532794, 47.982165
0.996697, 42.524680, 48.815951, 48.311313
0.996340, 42.079562, 48.662329, 47.987268
0.996367, 42.187546, 48.516263, 47.867071
0.996215, 41.984323, 48.313632, 47.736800
0.996576, 42.134564, 48.458234, 47.901604
0.996182, 41.779919, 48.107212, 47.470636
0.996220, 41.871449, 48.320833, 47.607515
0.996104, 41.726545, 48.297384, 47.719808
0.996423, 42.016875, 48.230928, 47.709686
0.995368, 41.238409, 47.943286, 47.236905
0.994509, 40.566744, 47.711893, 46.914795
0.992588, 39.297796, 46.978195, 46.347693
0.992932, 39.420151, 47.102454, 46.306902
0.992139, 39.134495, 46.882816, 46.134354
0.992848, 39.351037, 47.166728, 46.178476
0.993238, 39.581811, 47.113983, 46.247770
0.994208, 40.293296, 47.190753, 46.425844
0.994014, 40.069929, 47.164011, 46.417438
0.994514, 40.035090, 47.281428, 46.408300
0.994606, 40.039760, 47.356431, 46.566937
0.995118, 40.644925, 47.361512, 46.614629
0.994913, 40.562563, 47.359949, 46.605319
0.995214, 40.834485, 47.393477, 46.754074
0.995002, 40.961206, 47.594218, 46.989225
0.995672, 41.839750, 47.722724, 47.234957
0.995556, 41.485029, 47.820157, 47.142009
0.995358, 41.219747, 47.488320, 46.942449
0.995463, 40.881746, 47.636941, 47.074652
0.995920, 41.541567, 47.598151, 47.077417
0.995271, 40.829296, 47.387183, 46.720336
0.995542, 40.934063, 47.469422, 46.750012
0.995223, 40.792090, 47.360786, 46.744584
0.995857, 41.294886, 47.593002, 47.053788
0.995539, 40.964001, 47.762353, 47.034634
0.995576, 41.110775, 47.584799, 46.922238
0.995313, 41.194679, 47.655368, 46.819459
0.995818, 41.605679, 47.793984, 47.134315
0.995625, 41.185783, 47.709138, 47.115460
0.995727, 41.477708, 47.765558, 47.102365
0.995434, 41.306602, 47.877372, 47.156097
0.995721, 41.597777, 47.869093, 47.240189
0.995166, 40.829680, 47.562632, 46.735730
0.995494, 41.172611, 47.485980, 46.887514
0.995411, 40.937934, 47.761920, 46.989587
0.995858, 41.336830, 47.724887, 47.047747
0.995482, 40.993535, 47.758511, 47.046880
0.995574, 41.200584, 47.808958, 47.060339
0.995523, 41.192131, 47.871987, 47.100298
0.995696, 41.477969, 47.680105, 47.022569
0.995381, 41.137779, 47.817578, 46.962395
0.995511, 41.221984, 47.670108, 46.997058
0.995414, 41.203389, 47.755242, 46.864625
0.995904, 41.624163, 47.785898, 47.150544
0.995388, 41.052071, 47.909550, 47.159849
0.995527, 41.052575, 47.595734, 46.853838
0.995367, 40.864186, 47.714615, 47.018278
0.995747, 41.049281, 47.565494, 46.992516
0.995488, 40.800811, 47.814650, 46.984112
0.995679, 41.024059, 47.679340, 46.954998
0.995505, 40.896444, 47.720528, 46.940944
0.995843, 41.327489, 47.666126, 46.967497
0.995465, 41.154883, 47.946356, 47.231094
0.995511, 41.464239, 47.815457, 47.223363
0.995378, 41.186545, 47.767499, 47.115773
0.995857, 41.515211, 47.796968, 47.185049
0.995477, 41.285924, 47.665466, 46.995983
0.995459, 41.250364, 47.851559, 47.150649
0.995382, 41.039200, 47.737162, 47.071830
0.995724, 41.422061, 47.736198, 47.203661
0.995407, 41.033383, 47.643305, 47.114505
0.995696, 41.001878, 47.878261, 47.227494
0.995364, 41.006841, 47.614941, 47.021240
0.995802, 41.418035, 47.660067, 47.088405
0.995483, 41.065749, 47.724801, 46.888264
0.995655, 41.242277, 47.587011, 46.826349
0.995420, 41.040743, 47.708300, 46.652069
0.995572, 41.211343, 47.632434, 46.787272
0.995319, 40.909649, 47.587327, 46.672365
0.995064, 40.819716, 47.529549, 46.589072
0.995017, 40.624936, 47.490565, 46.728231
0.997869, 45.643745, 49.941795, 49.763811
0.996764, 44.107413, 48.749847, 48.842162
0.996774, 44.059343, 48.279440, 48.357220
0.996551, 43.640728, 48.043250, 48.199562
0.996749, 43.999804, 48.038210, 48.034687
0.996646, 44.017150, 48.036051, 48.309977
0.996577, 44.196577, 48.056682, 48.210587
0.996439, 43.959954, 48.044211, 48.200002
0.996649, 44.199507, 48.136934, 48.150849
0.996429, 44.029302, 48.000968, 48.121615
0.996662, 44.101627, 48.122781, 48.164885
0.996539, 43.777324, 48.229173, 48.231140
0.996884, 44.082027, 48.327080, 48.269951
0.996679, 44.025816, 48.489055, 48.460978
0.996751, 44.293764, 48.679641, 48.594687
0.996795, 44.397067, 48.751608, 48.589866
0.996912, 44.504174, 48.756134, 48.575601
0.996661, 44.138943, 48.741226, 48.700331
0.996727, 44.043707, 48.436742, 48.339443
0.996485, 43.655112, 48.330908, 48.136443
0.996831, 44.076428, 48.441031, 48.254564
0.996470, 43.802622, 47.937296, 47.922449
0.996531, 43.821352, 48.080299, 47.930991
0.996464, 43.813424, 47.943123, 48.011701
0.996940, 44.196512, 48.267052, 48.339641
0.996579, 43.781658, 47.908153, 48.008365
0.996659, 44.032984, 47.762318, 47.906935
0.996314, 43.704820, 47.828764, 47.814423
0.996865, 44.352148, 48.290201, 48.191411
0.996347, 43.950401, 47.854317, 47.848255
0.996514, 44.286207, 48.064361, 47.897689
0.996339, 44.281058, 48.257377, 48.238709
0.996900, 45.086641, 48.401711, 48.316326
0.996495, 44.669416, 48.229848, 48.294466
0.996399, 44.747629, 48.094968, 48.052793
0.996484, 44.826924, 48.601194, 48.622399
0.996881, 45.171343, 48.345539, 48.323769
0.996508, 44.820938, 48.199408, 48.386750
0.996521, 44.768991, 47.969687, 48.218985
0.996354, 44.628046, 47.993492, 48.315559
0.996918, 45.156989, 48.255320, 48.368156
0.996400, 44.573149, 47.909138, 48.250997
0.996539, 44.603047, 47.946501, 48.477014
0.996373, 44.279178, 47.724784, 47.946952
0.996880, 44.676045, 47.982912, 48.205598
0.996579, 44.232228, 47.873533, 48.177023
0.996664, 44.443989, 47.742002, 47.995373
0.996657, 44.409284, 47.767915, 48.259007
0.997215, 45.272062, 48.255766, 48.534077
0.996789, 44.748079, 48.017280, 48.523314
0.996849, 44.857849, 48.214851, 48.744634
0.996879, 44.841089, 48.200060, 48.627320
0.997392, 45.660917, 48.588567, 48.898076
0.997053, 45.199538, 48.609079, 48.861924
0.997123, 45.291030, 48.524985, 48.869358
0.997216, 45.345451, 48.712921, 49.016361
0.997298, 45.415904, 48.452627, 48.805943
0.997222, 45.286352, 48.405425, 48.823241
0.997261, 45.311028, 48.466799, 48.954946
0.997264, 45.387549, 48.666251, 49.149358
0.997346, 45.583480, 48.658603, 48.933192
0.997315, 45.542305, 48.653285, 48.989081
0.997281, 45.524038, 48.688677, 49.066060
0.997292, 45.462562, 48.795518, 49.187874
0.996964, 45.007471, 48.342906, 48.827133
0.998420, 49.436621, 52.276490, 52.599678
0.997335, 47.630851, 50.556244, 51.517797
0.997158, 47.079766, 49.884823, 50.962549
0.997825, 47.945173, 50.598492, 51.355304
0.997526, 47.041992, 50.525381, 51.301264
0.996169, 44.706838, 49.939965, 50.884774
0.996434, 45.029769, 49.789252, 50.948678
0.996048, 44.747532, 49.752569, 50.690694
0.996959, 45.395323, 50.087332, 50.814063
0.996215, 44.692723, 49.423255, 50.541737
0.996634, 44.864989, 49.459706, 50.432775
0.996175, 44.550732, 49.275945, 50.448271
0.996926, 45.121034, 49.764250, 50.692053
0.996607, 44.637314, 49.610925, 50.614625
0.996688, 44.479008, 49.403375, 50.468664
0.996445, 44.290462, 49.340736, 50.572452
0.997064, 45.115815, 49.760874, 50.734380
0.996825, 44.802441, 49.578184, 50.355893
0.996746, 45.016899, 49.489707, 50.251411
0.997488, 46.015927, 50.750889, 51.093227
0.996645, 44.782515, 49.658173, 50.517112
0.997039, 45.164813, 49.653835, 50.298476
0.996497, 44.620591, 49.471625, 50.378670
0.997366, 45.632967, 50.135304, 50.765905
0.996518, 44.868748, 49.363935, 50.496231
0.996815, 44.929496, 49.499848, 50.498214
0.996441, 44.634540, 49.346743, 50.364807
0.997175, 45.232604, 49.755144, 50.213185
0.996831, 44.918381, 49.784395, 50.387123
0.997027, 45.474041, 49.579789, 50.412710
0.996690, 45.421896, 49.258314, 50.084730
0.997554, 46.921321, 50.449654, 50.646265
0.997016, 46.253412, 49.309073, 49.931967
0.997237, 46.331975, 49.611164, 49.861202
0.997116, 46.112614, 49.663535, 49.973372
0.997567, 46.412819, 49.943168, 50.235621
0.997016, 46.146745, 49.148476, 49.797738
0.997271, 46.493111, 49.377528, 50.125834
0.996841, 46.114853, 49.448253, 50.189380
0.997590, 46.922077, 50.294906, 50.821271
0.996925, 46.137712, 49.284664, 50.204273
0.997232, 46.550240, 49.381850, 50.216139
0.997123, 46.393476, 49.648084, 50.543150
0.997539, 46.804422, 50.135932, 50.715061
0.996988, 46.255379, 49.248843, 50.339939
0.996939, 46.082514, 49.397567, 50.253346
0.997046, 46.020983, 49.594893, 50.459793
0.997724, 46.701266, 50.255990, 50.957921
0.997233, 46.116260, 49.647923, 50.677222
0.997179, 46.136941, 49.494710, 50.501759
0.996862, 45.618980, 49.356305, 50.461823
0.997430, 46.256493, 50.036259, 50.844624
0.996910, 45.784850, 49.700364, 50.662577
0.997070, 46.363261, 49.668152, 50.555222
0.996762, 46.127732, 49.539921, 50.589020
0.997741, 47.698085, 50.355862, 50.834776
0.997371, 47.235616, 50.197563, 50.810183
0.997268, 47.255533, 50.049931, 50.759202
0.997335, 47.402880, 49.929143, 50.583811
0.998138, 48.547988, 51.337321, 51.672182
0.997720, 47.970718, 50.384810, 51.184028
0.997876, 48.119161, 50.370833, 51.178853
0.997747, 47.916187, 50.052659, 51.094867
0.997978, 48.178986, 50.392514, 51.139445
0.997633, 47.438289, 49.844781, 50.819171
0.997749, 47.586025, 49.946946, 50.878950
0.997620, 47.260470, 49.902105, 50.653942
0.997966, 47.646625, 50.365627, 51.084287
0.997244, 46.640063, 49.594181, 50.466759
0.997403, 47.062663, 49.794724, 50.641054
0.997108, 46.850064, 49.517166, 50.715916
0.997858, 47.347399, 50.518974, 51.154091
0.996864, 45.217466, 49.717741, 50.703866
0.997007, 45.346885, 49.649634, 50.657313
0.996583, 45.039469, 49.373034, 50.550843
0.997153, 45.652000, 49.845368, 50.755406
0.996565, 45.075063, 49.473268, 50.524792
0.996902, 45.221431, 49.447896, 50.375192
0.996808, 45.225629, 49.726960, 50.543905
0.997500, 45.860399, 50.065471, 50.802086
0.996796, 45.135047, 49.438869, 50.318893
0.997086, 45.378908, 49.360181, 50.194136
0.996762, 45.027967, 49.280216, 50.017300
0.997457, 45.896184, 49.978994, 50.479883
0.996702, 45.162783, 49.239927, 50.036843
0.997079, 45.407111, 49.494142, 50.099179
0.996597, 44.954511, 49.244578, 50.208833
0.997035, 45.227085, 49.548717, 50.420622
0.996688, 44.882984, 49.109221, 50.152384
0.996397, 44.627331, 48.937094, 50.037604
0.996909, 44.889136, 49.270844, 50.092748
0.998608, 46.984763, 51.007062, 51.138654
0.998066, 45.576903, 50.873452, 50.954778
0.997852, 44.820256, 50.484645, 50.688519
0.997812, 44.931152, 50.156199, 50.360553
0.997761, 44.999682, 50.023241, 50.172094
0.997611, 44.478840, 49.999670, 50.146204
0.997507, 44.357052, 49.865528, 49.886291
0.997441, 44.300407, 49.593705, 49.794254
0.997348, 44.142378, 49.422189, 49.653621
0.997167, 43.838687, 49.280314, 49.595025
