ms-ssim, psnr-y, psnr-u, psnr-v
0.996136, 41.034877, 48.109124, 49.135463
0.994573, 40.030685, 47.181897, 48.016509
0.994875, 40.230611, 47.009227, 48.051090
0.994076, 39.739269, 46.650862, 47.691095
0.994919, 40.188300, 47.023811, 48.141864
0.993067, 39.102652, 46.230625, 47.097608
0.993848, 39.562112, 46.395881, 47.246228
0.993048, 39.387715, 46.342545, 47.132382
0.994437, 40.050265, 46.572253, 47.621440
0.992828, 39.307504, 46.190517, 47.087441
0.992963, 39.356993, 46.222358, 47.084137
0.992303, 39.014204, 45.989382, 46.878321
0.991168, 38.430800, 45.806523, 46.723934
0.983574, 35.915117, 44.699608, 45.463592
0.978268, 34.809098, 43.913729, 44.676590
0.974313, 34.202656, 43.425197, 44.152527
0.974588, 34.519463, 43.202800, 44.019358
0.971597, 34.169662, 43.197894, 44.034715
0.975018, 34.803994, 43.196508, 44.122981
0.972770, 34.335791, 42.931419, 43.744096
0.973633, 34.155975, 42.748642, 43.628005
0.971890, 33.653292, 42.407802, 43.223241
0.968574, 33.236441, 42.301396, 43.000484
0.995220, 41.259346, 49.526566, 50.268769
0.994494, 39.613555, 49.386579, 50.125685
0.994381, 39.466981, 49.145428, 49.822462
0.994075, 39.083572, 49.128508, 49.805022
0.994268, 39.324366, 48.948957, 49.627096
0.993859, 38.817814, 48.848717, 49.597746
0.993838, 38.928823, 48.769281, 49.568514
0.993709, 38.733123, 48.675387, 49.451676
0.994476, 42.095211, 47.450460, 47.768661
0.986907, 38.098534, 45.969110, 46.268848
0.987659, 38.498950, 45.312631, 45.816070
0.985936, 37.858001, 45.374182, 45.923300
0.988655, 38.921368, 45.282004, 45.712104
0.984373, 37.525785, 45.241646, 45.641933
0.986526, 38.037638, 44.889203, 45.472209
0.985257, 37.700646, 44.993413, 45.734529
0.988556, 38.767576, 45.069542, 45.774237
0.985953, 37.791558, 45.102389, 45.857160
0.987704, 38.504173, 44.920376, 45.635073
0.987210, 38.191861, 45.032978, 45.784504
0.990774, 39.535429, 45.515645, 46.275053
0.989328, 38.927849, 45.670593, 46.082270
0.990598, 39.563854, 45.592543, 46.184793
0.989922, 39.375134, 45.820420, 46.580925
0.991969, 40.069594, 45.840486, 46.595910
0.990372, 39.422932, 45.774303, 46.321964
0.991242, 40.007395, 45.630884, 46.283249
0.990265, 39.864027, 45.790702, 46.272545
0.991992, 40.702843, 45.929507, 46.696630
0.990935, 40.080223, 45.835427, 46.688874
0.990480, 39.889234, 45.988829, 46.734226
0.992058, 40.528576, 46.112886, 47.010712
0.990459, 40.138021, 46.061011, 46.977921
0.990767, 40.374469, 46.275458, 47.095840
0.990222, 39.953126, 46.293954, 47.273854
0.991563, 40.579977, 46.498625, 47.540478
0.990868, 40.403678, 46.791605, 47.640004
0.991314, 40.708186, 47.253830, 47.966274
0.992593, 41.109750, 47.083337, 48.040627
0.991645, 40.564336, 46.964844, 47.952557
0.991596, 40.644936, 47.081042, 47.847549
0.993009, 41.209957, 46.924193, 47.801176
0.991697, 40.503727, 47.111732, 47.786751
0.991920, 40.514135, 46.844408, 47.394002
0.991227, 40.180193, 46.786526, 47.392825
0.992569, 40.955194, 46.767011, 47.351828
0.991377, 40.384934, 46.895704, 47.400736
0.991920, 40.547255, 46.733215, 47.459720
0.992152, 40.928495, 47.119535, 47.740934
0.992929, 41.175210, 46.974655, 47.796933
0.992759, 41.265691, 47.153282, 48.001681
0.993716, 39.307756, 46.402219, 47.162065
0.991294, 37.983833, 46.366462, 46.950543
0.991206, 37.990192, 46.165712, 46.679215
0.990731, 37.750766, 46.030374, 46.530038
0.991730, 38.209974, 46.006477, 46.535361
0.990697, 37.880077, 45.932176, 46.543934
0.991025, 38.099147, 45.573735, 46.197069
0.990587, 37.903043, 45.785690, 46.237555
0.991181, 38.152488, 45.457120, 46.079460
0.990385, 37.701461, 45.347287, 45.891612
0.990832, 37.736996, 45.376270, 46.008985
0.990598, 37.551481, 45.615076, 46.064723
0.991619, 38.104627, 45.446237, 46.048436
0.990283, 37.730529, 45.642390, 46.024208
0.990523, 37.660041, 45.579440, 46.051869
0.989935, 37.404274, 45.361192, 46.062334
0.990660, 37.736356, 45.382873, 45.949332
0.989509, 37.092280, 45.320233, 45.952710
0.989649, 37.326734, 45.525742, 46.030026
0.989096, 36.819279, 45.118760, 45.698592
0.993017, 39.615555, 48.857666, 49.260905
0.991108, 38.946095, 48.885207, 49.098914
0.990035, 38.595528, 48.635146, 48.814164
0.989382, 38.257344, 48.374212, 48.491430
0.990008, 38.217719, 48.276009, 48.484104
0.988923, 37.955916, 48.169903, 48.328935
0.988654, 37.921882, 47.903750, 48.073745
0.988748, 37.924837, 48.007119, 48.207497
0.989112, 37.756593, 47.723205, 47.996671
0.988148, 37.616655, 47.653831, 47.951906
0.988181, 37.710985, 47.824863, 48.008475
0.987815, 37.492498, 47.683794, 48.007192
0.989000, 37.750184, 47.339180, 47.911682
0.988224, 37.748379, 47.578371, 48.027226
0.987241, 37.402316, 47.391585, 47.909012
0.987105, 37.328929, 47.196982, 47.750974
0.987978, 37.561035, 47.181927, 47.684695
0.987044, 37.355488, 47.356162, 47.669346
0.986928, 37.344336, 47.098618, 47.491492
0.987365, 37.522578, 47.371138, 47.755017
0.988244, 37.684933, 47.010829, 47.478707
0.987210, 37.516663, 47.297579, 47.764310
0.986328, 37.292895, 47.194292, 47.641704
0.986573, 37.230944, 46.954639, 47.596351
0.987454, 37.455936, 47.048599, 47.648902
0.985874, 37.031011, 47.065970, 47.742519
0.986438, 37.233694, 46.943797, 47.613585
0.986504, 37.158806, 47.148694, 47.844053
0.986619, 37.121908, 46.752934, 47.525465
0.985752, 36.717451, 46.897804, 47.593435
0.996189, 45.977245, 50.575496, 50.971133
0.993311, 43.606270, 48.998807, 49.802168
0.993317, 43.612854, 48.779664, 49.360957
0.993417, 43.492811, 48.625968, 49.178987
0.994975, 44.691026, 49.210728, 49.903409
0.994124, 44.325784, 48.978230, 49.383610
0.994303, 44.353940, 48.772513, 49.148548
0.995252, 45.130968, 49.270991, 49.401051
0.994662, 44.649932, 49.279995, 49.355555
0.994727, 44.644398, 49.183404, 49.396609
0.995119, 44.593672, 49.143380, 49.175029
0.995127, 44.202445, 48.607690, 48.588860
0.994340, 43.472818, 48.339087, 48.407172
0.994138, 43.412709, 48.210165, 48.321759
0.995180, 44.582958, 48.695433, 49.023763
0.993716, 43.641207, 48.665846, 49.211139
0.994031, 44.186633, 48.826934, 49.289461
0.993922, 44.132148, 48.970516, 49.447615
0.994952, 44.871165, 48.996207, 49.451548
0.994138, 44.311648, 48.931447, 49.193504
0.994910, 44.666588, 48.742029, 49.098985
0.994715, 44.370841, 48.664972, 48.945226
0.995445, 40.782752, 47.626573, 48.463725
0.993628, 39.225319, 47.191816, 48.045800
0.993281, 39.038674, 46.965940, 47.664213
0.992665, 38.913487, 46.628011, 47.334815
0.992860, 39.032782, 46.516318, 47.393795
0.991786, 38.514583, 46.118054, 46.955746
0.991823, 38.785034, 46.229798, 46.894272
0.991222, 38.351788, 45.737711, 46.638933
0.992317, 38.770918, 46.057116, 46.785170
0.991270, 38.208230, 45.745377, 46.707767
0.991667, 38.467444, 46.072473, 46.874692
0.991300, 38.275411, 45.963957, 46.771847
0.992435, 38.920793, 46.024416, 46.846974
0.991296, 38.371270, 45.944225, 46.619897
0.991510, 38.430121, 45.947986, 46.618779
0.991200, 38.287607, 45.924729, 46.553532
0.992075, 38.796980, 45.837839, 46.566582
0.990915, 38.267034, 45.803831, 46.435031
0.991213, 38.335132, 45.575859, 46.337091
0.990755, 38.159790, 45.668026, 46.461338
0.991179, 38.382794, 45.543886, 46.379943
0.990473, 38.109003, 45.635901, 46.570660
0.990034, 37.858711, 45.414939, 46.399396
0.995733, 42.762718, 48.795584, 48.794617
0.993238, 40.924390, 47.325033, 47.445096
0.993275, 41.067029, 47.219785, 47.376823
0.992949, 40.362526, 47.333607, 47.382722
0.993976, 40.807385, 47.218318, 47.577774
0.992970, 40.278379, 47.423100, 47.494014
0.993409, 40.516254, 46.989500, 47.263607
0.992948, 40.404565, 47.020160, 47.305942
0.993833, 41.092091, 47.090615, 47.370442
0.993008, 40.764181, 46.930208, 47.042873
0.992855, 40.379448, 46.572161, 46.880271
0.993684, 40.795272, 46.647780, 46.707564
0.992701, 40.352896, 46.427766, 46.668904
0.993353, 40.984140, 46.571305, 46.719369
0.991915, 40.442160, 46.101153, 46.257959
0.993531, 41.565762, 46.541724, 46.875017
0.995967, 43.777704, 48.476463, 48.827819
0.993746, 41.697104, 47.070412, 47.396580
0.992118, 40.822766, 46.454221, 46.622706
0.993714, 41.950164, 46.580476, 46.994532
0.993585, 41.737275, 46.494214, 46.974092
0.993588, 41.847015, 46.718947, 47.252352
0.993723, 41.532484, 46.864161, 47.379470
0.993437, 40.845193, 46.957688, 47.290117
0.992776, 39.947322, 46.810465, 47.423644
0.992650, 39.504642, 47.043665, 47.482179
0.992251, 39.348888, 47.097860, 47.652952
0.990491, 38.762910, 46.921168, 47.548399
0.990617, 38.829808, 46.981232, 47.619044
0.993045, 40.130572, 47.370363, 48.028478
0.992160, 40.238589, 46.918814, 47.551466
0.993215, 40.960837, 46.934356, 47.647856
0.993045, 40.975336, 47.060501, 47.892405
0.994215, 41.601071, 47.257559, 48.005013
0.993895, 41.249128, 47.208689, 47.946772
0.992007, 40.272594, 46.788822, 47.634216
0.993493, 40.997017, 47.116833, 47.936449
0.992197, 40.289112, 46.902035, 47.687502
0.991065, 39.664127, 46.831629, 47.685290
0.992803, 40.590569, 47.139503, 48.106012
0.990534, 39.588359, 46.783097, 47.647839
0.991173, 39.700990, 46.679606, 47.574257
0.991152, 39.404539, 46.862134, 47.306301
0.992704, 40.287840, 46.763419, 47.390329
0.995669, 40.297450, 48.413021, 49.653032
0.992417, 38.175913, 47.362080, 48.479894
0.992214, 38.083362, 46.867147, 47.923293
0.991649, 37.795331, 46.932182, 47.965548
0.992885, 38.247510, 46.738164, 47.788127
0.991665, 37.738014, 46.741571, 47.765662
0.991436, 37.581744, 46.601209, 47.676946
0.991159, 37.572875, 46.619750, 47.696959
0.992415, 37.924734, 46.572503, 47.886467
0.991495, 37.566485, 46.802211, 47.887305
0.991740, 37.579923, 46.530038, 47.705804
0.991290, 37.461914, 46.668675, 47.768435
0.991777, 37.688055, 46.445952, 47.508363
0.991041, 37.320882, 46.347580, 47.484144
0.991422, 37.505443, 46.633175, 47.715677
0.990836, 37.047736, 46.332753, 47.412559
0.993587, 38.924196, 48.469875, 48.914842
0.990581, 37.305043, 48.140768, 48.396398
0.989633, 36.903221, 47.764206, 47.962501
0.989057, 36.774013, 47.515785, 47.753582
0.989653, 36.858678, 47.474750, 47.839574
0.988115, 36.473642, 47.494258, 47.836473
0.988261, 36.537572, 47.108096, 47.534000
0.987967, 36.420905, 47.354302, 47.755743
0.988579, 36.433316, 47.061739, 47.648244
0.987606, 36.162906, 47.118758, 47.588441
0.987981, 36.312389, 47.246136, 47.732292
0.987310, 36.159290, 47.150739, 47.707360
0.988654, 36.342575, 46.924365, 47.421675
0.987426, 36.259041, 47.207957, 47.714684
0.986807, 35.974870, 46.843959, 47.426881
0.986763, 36.123333, 47.026222, 47.432687
0.987231, 36.069123, 46.592232, 47.046131
0.986678, 36.068700, 46.860529, 47.320620
0.986696, 35.781811, 46.471591, 46.938723
0.985473, 35.559975, 46.467348, 46.973153
0.984318, 34.940629, 46.238714, 46.823893
