ms-ssim, psnr-y, psnr-u, psnr-v
0.994339, 39.106196, 47.824295, 49.838017
0.993086, 38.339890, 47.768109, 49.737598
0.992407, 38.199993, 47.552442, 49.389071
0.991362, 37.750712, 47.191061, 49.123221
0.991881, 38.168531, 47.006719, 48.976138
0.990390, 37.572906, 46.843757, 49.035701
0.989986, 37.506334, 46.598786, 48.850697
0.989739, 37.353864, 46.256235, 48.594598
0.990462, 37.726860, 46.243675, 48.599977
0.988938, 37.088807, 46.183473, 48.539403
0.988928, 37.116346, 45.910079, 48.343765
0.989067, 37.133453, 46.157702, 48.492032
0.989893, 37.495284, 46.224371, 48.388008
0.987248, 36.616134, 45.876535, 48.412085
0.986242, 36.339141, 45.642833, 48.194196
0.984416, 35.942653, 45.602420, 48.246063
0.981062, 35.097716, 45.001828, 48.061603
0.980347, 35.183347, 45.476738, 48.161851
0.979564, 35.025854, 45.131026, 47.891472
0.977851, 34.887680, 44.994288, 47.790700
0.977354, 34.823597, 44.926770, 47.731503
0.980450, 35.265912, 44.827383, 47.526959
0.981406, 35.490013, 45.077512, 47.807701
0.981568, 35.514467, 45.191686, 47.741526
0.982296, 35.695606, 45.105675, 47.774468
0.984688, 36.068342, 45.239551, 47.829115
0.986047, 36.329196, 45.419546, 48.086071
0.986336, 36.410137, 45.412446, 48.008459
0.987748, 36.869478, 45.482906, 48.062687
0.988164, 36.910578, 45.782438, 48.105577
0.989133, 37.131407, 45.938841, 48.149661
0.989486, 37.173946, 45.890833, 48.124240
0.990772, 37.786758, 45.973232, 48.112914
0.990581, 37.544420, 46.105817, 48.311792
0.990910, 37.779795, 46.315815, 48.422497
0.991010, 37.855845, 46.304251, 48.427213
0.991689, 38.103255, 46.358041, 48.450369
0.991467, 38.144798, 46.405322, 48.454111
0.991713, 38.197647, 46.690247, 48.558066
0.991408, 37.996462, 46.565824, 48.445127
0.992217, 38.392870, 46.652092, 48.474199
0.991726, 38.064448, 46.600186, 48.545786
0.991822, 38.171853, 46.528039, 48.500606
0.991651, 38.135144, 46.371558, 48.413533
0.992176, 38.476153, 46.505624, 48.393992
0.991600, 38.064739, 46.347235, 48.401383
0.991827, 38.265601, 46.676976, 48.562277
0.991739, 38.139518, 46.592090, 48.494105
0.992210, 38.300654, 46.551483, 48.439799
0.991879, 38.226648, 46.596404, 48.451692
0.991565, 38.001985, 46.444751, 48.336471
0.991668, 38.003801, 46.514845, 48.372389
0.992572, 38.444783, 46.676855, 48.263069
0.991917, 38.125585, 46.526955, 48.265298
0.991968, 38.218284, 46.782247, 48.387019
0.991783, 38.016813, 46.674763, 48.372747
0.992438, 38.458433, 46.701302, 48.309716
0.991972, 38.192381, 46.617648, 48.266084
0.991774, 38.315765, 46.682893, 48.323516
0.990580, 37.661456, 46.500991, 48.118785
0.991859, 37.821749, 46.588553, 48.136571
0.991154, 37.479423, 46.641403, 48.244584
0.991301, 37.736809, 46.776752, 48.296444
0.990612, 37.413878, 46.616033, 48.257655
0.991917, 38.041243, 46.684533, 48.221934
0.990672, 37.454650, 46.406120, 48.150427
0.991605, 37.909118, 46.502593, 48.311129
0.990111, 37.609761, 46.245816, 48.296576
0.990420, 37.772412, 46.373707, 48.365405
0.992109, 38.345416, 46.512100, 48.372613
0.991155, 37.971325, 46.598101, 48.363616
0.990582, 37.647216, 46.383870, 48.398497
0.990821, 37.523509, 46.358464, 48.389537
0.992354, 38.239072, 46.625312, 48.491019
0.990887, 37.632335, 46.478686, 48.526943
0.991138, 37.731925, 46.345943, 48.411226
0.991094, 37.802406, 46.533668, 48.536331
0.991912, 38.228384, 46.673733, 48.565133
0.991130, 37.869375, 46.535370, 48.527035
0.991354, 38.101901, 46.712691, 48.580804
0.991012, 37.951624, 46.595154, 48.568647
0.991917, 38.313082, 46.539099, 48.404722
0.990742, 38.005394, 46.667859, 48.541638
0.990188, 37.775536, 46.149557, 48.410232
0.990893, 38.009685, 46.173686, 48.259313
0.989485, 37.672121, 46.171364, 48.247630
0.990891, 38.016230, 45.913918, 47.974764
0.989501, 37.730862, 45.760997, 47.972679
0.988473, 37.553713, 45.805722, 47.904888
0.989425, 37.933398, 45.825841, 47.973456
0.988692, 37.560807, 45.475749, 47.592128
0.989089, 37.837222, 46.069046, 47.831171
0.990837, 38.288857, 45.724220, 47.792346
0.990020, 38.177773, 45.860250, 48.127034
0.990499, 38.482125, 45.881279, 48.032256
0.990404, 38.261090, 45.997565, 48.005288
0.991658, 38.641210, 46.040799, 48.010767
0.990268, 38.204368, 45.846879, 47.991517
0.990641, 38.328992, 45.992279, 47.941734
0.991091, 38.495153, 46.086083, 48.132330
0.992461, 38.990303, 46.173389, 48.129956
0.991381, 38.564877, 46.215173, 48.260841
0.990916, 38.277516, 45.894148, 48.099893
0.990755, 38.135076, 46.068782, 48.109792
0.992940, 39.021125, 46.139177, 48.090981
0.991273, 38.216584, 46.147893, 48.314090
0.991660, 38.356824, 46.288223, 48.280273
0.991798, 38.368204, 46.210214, 48.344878
0.993098, 38.984116, 46.289499, 48.352497
0.991891, 38.447765, 46.593964, 48.441848
0.992077, 38.362017, 46.583119, 48.502637
0.993010, 38.919540, 46.505915, 48.370104
0.991780, 38.542425, 46.579619, 48.495441
0.991607, 38.525425, 46.581962, 48.466684
0.991583, 38.343127, 46.552603, 48.284090
0.992819, 39.042964, 46.669402, 48.417605
0.991743, 38.446823, 46.482975, 48.398497
0.991833, 38.483302, 46.484658, 48.352854
0.991704, 38.354591, 46.447857, 48.370149
0.992641, 38.840143, 46.391785, 48.204658
0.990951, 37.768445, 46.063408, 47.932898
0.991809, 38.005298, 46.099946, 47.909074
0.991866, 37.909474, 46.122679, 47.965738
0.993062, 38.534792, 46.232247, 47.944940
0.991623, 37.631045, 46.079471, 47.994720
0.991485, 37.616540, 45.985860, 47.929215
0.991113, 37.372363, 45.912418, 47.860261
0.992628, 38.133529, 46.096390, 48.010643
0.991071, 37.318976, 45.912621, 47.981064
0.991361, 37.365585, 45.828384, 47.955388
0.991387, 37.289383, 46.028168, 47.979427
0.992969, 38.051331, 46.098512, 47.942870
0.991370, 37.309848, 45.798756, 47.807976
0.991424, 37.188139, 45.938688, 47.968595
0.991343, 36.937640, 45.665403, 47.785139
0.992727, 37.447233, 45.715901, 47.721579
0.992160, 37.292749, 45.789181, 47.738466
0.992174, 37.312752, 45.758615, 47.847776
0.992046, 37.257396, 45.802027, 47.756624
0.992970, 37.670981, 45.879916, 47.881937
0.992478, 37.535949, 45.699043, 47.731193
0.992414, 37.368545, 45.834524, 47.826032
0.992181, 37.303403, 45.711553, 47.925414
0.993024, 37.725194, 45.840497, 47.836752
0.992181, 37.183771, 45.769846, 47.864643
0.992485, 37.455488, 45.747194, 47.899741
0.992191, 37.250061, 45.625613, 47.741604
0.992965, 37.598671, 45.787377, 47.702838
0.992242, 37.197101, 45.455423, 47.643454
0.992207, 37.223166, 45.492753, 47.440499
0.991839, 37.169444, 45.310227, 47.253735
0.992871, 37.639324, 45.457575, 47.367016
0.992099, 37.050227, 45.421430, 47.330418
0.992159, 37.165326, 45.475910, 47.326050
0.991971, 37.115230, 45.441301, 47.292938
0.992807, 37.566329, 45.497650, 47.332004
0.992347, 37.220851, 45.365293, 47.217045
0.992304, 37.415735, 45.573396, 47.392683
0.992247, 37.372356, 45.468466, 47.366518
0.992643, 37.456030, 45.600337, 47.349386
0.991973, 37.271107, 45.433369, 47.305220
0.992136, 37.438116, 45.597948, 47.305676
0.991580, 37.188137, 45.362313, 47.211486
0.992597, 37.647979, 45.538074, 47.426531
0.992009, 37.365166, 45.242056, 47.215157
0.991937, 37.393690, 45.406196, 47.195637
0.991814, 37.223485, 45.329839, 47.180594
0.992726, 37.748048, 45.479867, 47.277486
0.992224, 37.496206, 45.222814, 47.225672
0.992052, 37.401153, 45.530686, 47.431110
0.991791, 37.261504, 45.614227, 47.396475
0.992729, 37.732515, 45.562356, 47.416238
0.991960, 37.257981, 45.528660, 47.446830
0.991983, 37.374829, 45.729946, 47.539441
0.992036, 37.447475, 45.643311, 47.422641
0.992933, 37.816590, 45.838297, 47.614685
0.992524, 37.615909, 45.697155, 47.560424
0.992293, 37.456894, 45.838522, 47.594337
0.992375, 37.559546, 45.818121, 47.708794
0.992966, 37.864981, 45.851866, 47.540699
0.991724, 37.113256, 45.667109, 47.395008
0.991923, 37.359802, 45.951087, 47.673674
0.991878, 37.220971, 45.979813, 47.658063
0.992870, 37.823499, 45.824794, 47.632256
0.992500, 37.629234, 45.858516, 47.748001
0.991853, 37.306394, 46.015286, 47.779194
0.992122, 37.399274, 46.130586, 47.846109
0.993060, 37.885463, 46.113667, 47.798073
0.992559, 37.666038, 46.005040, 47.801411
0.992442, 37.596511, 46.160528, 47.973701
0.992256, 37.592757, 46.231124, 47.967574
0.992982, 37.870767, 46.199905, 47.826032
0.991833, 37.367988, 46.074216, 47.835802
0.991891, 37.331342, 46.003689, 47.785687
0.991286, 37.088740, 45.904568, 47.562878
0.992815, 37.585428, 46.060671, 47.733900
0.992270, 37.312792, 46.150766, 47.825716
0.992629, 37.706555, 46.344117, 47.958727
0.992194, 37.337348, 46.287863, 47.866278
0.992767, 37.696825, 46.411451, 47.882017
0.992271, 37.493337, 46.259732, 47.967942
0.991878, 37.379189, 46.321204, 47.984505
0.991943, 37.476698, 46.363877, 47.960152
0.992932, 37.982766, 46.400369, 47.944981
0.991987, 37.314472, 46.104674, 47.894481
0.991694, 37.316180, 46.351988, 48.098210
0.992031, 37.532144, 46.296299, 48.071792
0.992764, 37.765240, 46.277949, 47.979795
0.991949, 37.279430, 46.334522, 47.977708
0.992318, 37.710263, 46.352100, 48.039346
0.991746, 37.262291, 46.238875, 47.867833
0.992969, 37.921915, 46.328837, 47.958319
0.992506, 37.609988, 46.218719, 47.908430
0.992378, 37.455867, 46.409369, 48.071708
0.992439, 37.612564, 46.506090, 48.020424
0.993152, 38.021942, 46.406547, 47.986923
0.992569, 37.651596, 46.284565, 47.925171
0.992421, 37.558669, 46.488285, 48.115574
0.992313, 37.353664, 46.389429, 47.983808
0.993176, 37.915511, 46.301858, 47.920323
0.992342, 37.375605, 46.273305, 47.941612
0.993103, 37.880333, 46.337213, 47.926303
0.992612, 37.517767, 46.126737, 47.817153
0.992966, 37.720476, 46.270018, 47.936503
0.992582, 37.204943, 46.068941, 47.825914
0.993233, 37.870813, 46.013881, 47.774702
0.992507, 37.314636, 46.074823, 47.676345
0.992754, 37.511152, 46.042738, 47.715220
0.992863, 37.719766, 45.871973, 47.611751
0.993301, 37.962949, 46.049320, 47.768850
0.992949, 37.823482, 46.031512, 47.756119
0.993107, 37.905494, 46.022166, 47.760708
0.992748, 37.582423, 45.875199, 47.661599
0.992985, 37.745561, 45.920919, 47.689111
0.992868, 37.642978, 45.901929, 47.631085
0.992875, 37.680187, 45.830879, 47.607804
0.992995, 37.744136, 45.652618, 47.530759
0.992864, 37.633999, 45.754396, 47.570209
0.992644, 37.523286, 45.761390, 47.574979
0.992449, 37.445182, 45.674974, 47.562134
0.991975, 37.347382, 45.411585, 47.450488
0.991703, 37.298666, 45.518291, 47.492871
0.989609, 37.207360, 45.424043, 47.465806
0.987719, 37.248570, 45.652881, 47.628102
0.984791, 37.009643, 45.211678, 47.130389
0.986947, 38.199309, 45.611165, 47.580464
0.986194, 38.742313, 45.596718, 47.146846
0.988411, 39.749065, 47.132544, 48.901613
0.989337, 40.995198, 47.799644, 49.298523
0.992968, 43.572875, 48.829939, 50.432941
