ms-ssim, psnr-y, psnr-u, psnr-v
0.991213, 40.215665, 47.868511, 49.631120
0.991225, 40.222899, 47.859146, 49.618566
0.991226, 40.225446, 47.859505, 49.613615
0.991229, 40.225936, 47.859743, 49.612780
0.991236, 40.225937, 47.825993, 49.583490
0.991245, 40.230857, 47.835168, 49.586688
0.991248, 40.231189, 47.835485, 49.587162
0.991249, 40.232189, 47.835960, 49.587340
0.991249, 40.229938, 47.839129, 49.596358
0.991256, 40.236875, 47.830657, 49.587222
0.991258, 40.238233, 47.836514, 49.587162
0.991259, 40.239927, 47.837465, 49.587162
0.991253, 40.236862, 47.828680, 49.588526
0.991254, 40.236972, 47.828759, 49.588407
0.991255, 40.237080, 47.828759, 49.588822
0.991253, 40.236913, 47.828759, 49.588822
0.991253, 40.236910, 47.828799, 49.589296
0.991271, 40.240363, 47.869629, 49.588466
0.991267, 40.240525, 47.885460, 49.589178
0.991284, 40.242764, 47.885941, 49.588407
0.991294, 40.244113, 47.899018, 49.579761
0.994260, 41.507634, 48.727367, 50.374083
0.994219, 41.494645, 48.677865, 50.354167
0.994249, 41.507255, 48.678875, 50.344985
0.994172, 41.482406, 48.643346, 50.347455
0.996648, 43.371757, 49.750194, 51.467334
0.996646, 43.366646, 49.735881, 51.465142
0.996646, 43.367399, 49.725529, 51.459939
0.996637, 43.362884, 49.702220, 51.457751
0.997570, 44.403301, 50.669389, 52.193962
0.997577, 44.406423, 50.659288, 52.185222
0.997577, 44.406212, 50.660426, 52.190723
0.997575, 44.401509, 50.638478, 52.174026
0.997567, 44.425268, 50.686454, 52.234329
0.997570, 44.423936, 50.685996, 52.247321
0.997563, 44.424518, 50.674410, 52.236400
0.997600, 44.425227, 50.649514, 52.225181
0.997598, 44.425119, 50.657165, 52.215292
0.997599, 44.425642, 50.651406, 52.221810
0.997599, 44.425742, 50.652012, 52.215618
0.997601, 44.426220, 50.651482, 52.231604
0.997601, 44.426757, 50.655800, 52.235964
0.997600, 44.426757, 50.654663, 52.236509
0.997601, 44.427024, 50.658075, 52.234656
0.997601, 44.426590, 50.651103, 52.246993
0.997602, 44.428126, 50.660274, 52.243823
0.997602, 44.427335, 50.658075, 52.245244
0.997601, 44.428148, 50.662475, 52.249618
0.997602, 44.427137, 50.654436, 52.236619
0.997604, 44.427769, 50.653148, 52.242949
0.997604, 44.428297, 50.657544, 52.239346
0.997603, 44.427864, 50.659212, 52.239455
0.997604, 44.427823, 50.657013, 52.247977
0.997604, 44.430922, 50.670225, 52.247758
0.997605, 44.431175, 50.675019, 52.252354
0.997605, 44.431329, 50.678751, 52.253887
0.997605, 44.431849, 50.670986, 52.249399
0.997609, 44.438581, 50.683402, 52.271554
0.997608, 44.437621, 50.688286, 52.274854
0.997611, 44.438721, 50.685233, 52.302783
0.998609, 43.176378, 50.618968, 52.407475
0.998597, 43.163906, 50.589159, 52.271224
0.998597, 43.167591, 50.579466, 52.228228
0.998583, 43.164446, 50.454380, 51.945138
0.998585, 43.166037, 50.453801, 51.940449
0.998586, 43.167462, 50.428911, 51.908271
0.998587, 43.167773, 50.437336, 51.907361
0.998588, 43.167770, 50.433662, 51.898270
0.998588, 43.167696, 50.437841, 51.893430
0.998593, 43.169953, 50.441663, 51.902914
0.998594, 43.170951, 50.439932, 51.908069
0.998594, 43.170498, 50.440941, 51.914850
0.998594, 43.170011, 50.432437, 51.908777
0.998594, 43.171921, 50.434742, 51.895043
0.998595, 43.172209, 50.430494, 51.896959
0.998595, 43.172107, 50.432797, 51.897766
0.998595, 43.171434, 50.429343, 51.896455
0.998594, 43.171749, 50.451631, 51.921641
0.998592, 43.173129, 50.419856, 51.898169
0.998592, 43.173386, 50.419928, 51.896858
0.998593, 43.173616, 50.404378, 51.888091
0.998594, 43.173670, 50.427976, 51.905844
0.998594, 43.174702, 50.423591, 51.924279
0.998594, 43.174959, 50.420503, 51.924787
0.998594, 43.174699, 50.394589, 51.894135
0.998597, 43.179927, 50.419785, 51.920728
0.998599, 43.181429, 50.415551, 51.929154
0.998598, 43.180853, 50.416771, 51.926107
0.998600, 43.181303, 50.399302, 51.932713
0.998608, 43.188892, 50.399516, 51.934645
0.998609, 43.188563, 50.407813, 51.943201
0.998609, 43.188434, 50.397659, 51.936681
0.998610, 43.189038, 50.388812, 51.921337
0.998618, 43.198886, 50.429918, 52.004392
0.998619, 43.200108, 50.437552, 52.022316
0.998620, 43.201259, 50.441663, 52.002118
0.998621, 43.201395, 50.428408, 52.015884
0.998640, 43.232538, 50.511118, 52.141251
0.998644, 43.236725, 50.528454, 52.153646
0.998645, 43.238098, 50.513171, 52.117839
0.998646, 43.237205, 50.507600, 52.123255
0.998674, 43.286763, 50.641196, 52.283997
0.998678, 43.291617, 50.659592, 52.322542
0.998678, 43.291270, 50.645353, 52.277826
0.998680, 43.291360, 50.639308, 52.285982
0.998716, 43.366950, 50.795987, 52.481968
0.998719, 43.372964, 50.818276, 52.513707
0.998719, 43.372989, 50.813872, 52.502445
0.998721, 43.372206, 50.809629, 52.496419
0.998762, 43.473484, 51.004773, 52.674049
0.998765, 43.480654, 51.028080, 52.689155
0.998765, 43.480842, 51.018182, 52.668022
0.998768, 43.482194, 51.010527, 52.667058
0.998792, 43.548023, 51.141358, 52.758833
0.998798, 43.558229, 51.157918, 52.780166
0.998798, 43.558011, 51.156387, 52.776212
0.998801, 43.559808, 51.153241, 52.791678
0.998814, 43.600239, 51.242373, 52.855606
0.998820, 43.609009, 51.277390, 52.860263
0.998819, 43.609057, 51.261327, 52.846057
0.998821, 43.610015, 51.252709, 52.851834
0.998844, 43.671136, 51.392871, 52.966828
0.998847, 43.679636, 51.419176, 52.988043
0.998845, 43.667184, 51.368063, 52.926879
0.998849, 43.672411, 51.366813, 52.923555
0.998849, 43.677914, 51.399792, 52.947642
0.998853, 43.680822, 51.400332, 52.956001
0.998852, 43.680905, 51.398982, 52.955615
0.998856, 43.682556, 51.431302, 52.985062
0.998857, 43.688262, 51.441553, 52.982859
0.998861, 43.692950, 51.453923, 52.990378
0.998860, 43.691646, 51.454106, 52.990378
0.998863, 43.693763, 51.464776, 52.998170
0.998879, 43.755250, 51.545235, 53.052977
0.998885, 43.765979, 51.582980, 53.080178
0.998884, 43.764820, 51.571360, 53.070123
0.998886, 43.765029, 51.594255, 53.085480
0.998921, 43.885072, 51.766105, 53.257261
0.998926, 43.895867, 51.793498, 53.279255
0.998924, 43.894333, 51.783856, 53.266377
0.998929, 43.898369, 51.783856, 53.266654
0.998951, 43.984307, 51.957088, 53.410888
0.998954, 43.991371, 51.974510, 53.438995
0.998954, 43.990722, 51.976050, 53.439571
0.998955, 43.992862, 51.985511, 53.441730
0.998959, 44.010804, 52.036772, 53.477434
0.998963, 44.016613, 52.048037, 53.501595
0.998964, 44.017780, 52.042296, 53.490517
0.998967, 44.019248, 52.044487, 53.501157
0.998967, 44.023714, 52.052112, 53.510508
0.998968, 44.025760, 52.062788, 53.515483
0.998967, 44.026423, 52.062473, 53.515630
0.998968, 44.026666, 52.080955, 53.525011
0.998968, 44.026028, 52.086747, 53.505392
0.998970, 44.027807, 52.082534, 53.500866
0.998970, 44.027584, 52.084640, 53.506122
0.998970, 44.028824, 52.085904, 53.516215
0.998970, 44.028350, 52.085377, 53.519145
0.998970, 44.028532, 52.086536, 53.517094
0.998970, 44.028643, 52.089699, 53.519145
0.998970, 44.028663, 52.095291, 53.527947
0.998970, 44.028437, 52.097297, 53.521637
0.998970, 44.028425, 52.096875, 53.521491
0.998970, 44.028425, 52.097509, 53.521931
0.998970, 44.028474, 52.099622, 53.525305
0.998970, 44.028701, 52.101631, 53.526185
0.998970, 44.028869, 52.102053, 53.525745
0.998970, 44.028828, 52.103428, 53.526479
0.998970, 44.028964, 52.102477, 53.529563
0.998970, 44.029125, 52.098671, 53.530444
0.998970, 44.029339, 52.098882, 53.531767
0.998970, 44.029314, 52.099411, 53.531914
0.998970, 44.029434, 52.096875, 53.538680
0.998970, 44.029702, 52.097931, 53.531473
0.998970, 44.030052, 52.097403, 53.531326
0.998970, 44.030242, 52.098143, 53.532649
0.998970, 44.030336, 52.109144, 53.533384
0.998971, 44.030435, 52.108615, 53.533090
0.998971, 44.030394, 52.109144, 53.528241
0.998970, 44.030217, 52.099622, 53.531179
0.999262, 45.539626, 56.613941, 56.497469
0.999258, 45.532776, 56.405920, 56.151975
0.999256, 45.531169, 56.289000, 56.059724
0.999238, 45.508462, 55.564539, 55.350232
0.999239, 45.508190, 55.552117, 55.336849
0.999239, 45.507912, 55.547673, 55.323506
0.999239, 45.508051, 55.543934, 55.324394
0.999239, 45.508028, 55.543934, 55.324394
0.999239, 45.508201, 55.544635, 55.332842
0.999239, 45.508699, 55.534600, 55.331062
0.999239, 45.508943, 55.534833, 55.331062
0.999239, 45.508850, 55.534833, 55.331062
0.999239, 45.508584, 55.546270, 55.341082
0.999239, 45.506829, 55.524589, 55.304453
0.999237, 45.504276, 55.526217, 55.293855
0.999240, 45.508224, 55.544167, 55.299151
0.999241, 45.507918, 55.580763, 55.330395
0.999240, 45.504936, 55.583120, 55.343981
0.999239, 45.507338, 55.529941, 55.279765
0.999238, 45.505769, 55.528078, 55.278446
0.999240, 45.506157, 55.530639, 55.286364
0.999240, 45.505683, 55.526217, 55.287025
0.999241, 45.507454, 55.524589, 55.285264
0.999241, 45.507228, 55.525054, 55.283503
0.999241, 45.506962, 55.529242, 55.293194
0.999241, 45.505405, 55.522031, 55.295620
0.999241, 45.503767, 55.522264, 55.298268
0.999241, 45.503177, 55.521567, 55.299151
0.999242, 45.504334, 55.525054, 55.309541
0.999241, 45.504473, 55.532969, 55.321508
0.999242, 45.505573, 55.535066, 55.321730
0.999241, 45.504623, 55.535999, 55.320399
0.999242, 45.504212, 55.544635, 55.329728
0.999242, 45.505133, 55.549544, 55.329061
0.999242, 45.504872, 55.550479, 55.331729
0.999242, 45.504531, 55.544868, 55.332842
0.999242, 45.505567, 55.542065, 55.338408
0.999242, 45.506314, 55.564539, 55.346659
0.999243, 45.507078, 55.568765, 55.354032
0.999243, 45.506221, 55.570880, 55.353808
0.999243, 45.503854, 55.584770, 55.353808
0.999243, 45.505636, 55.596576, 55.359177
0.999243, 45.507923, 55.601307, 55.369263
0.999243, 45.506968, 55.602254, 55.363657
0.999244, 45.507379, 55.620285, 55.377348
0.999244, 45.505995, 55.625994, 55.386575
0.999244, 45.506551, 55.626232, 55.397176
0.999244, 45.506209, 55.623852, 55.399209
0.999245, 45.505787, 55.652738, 55.398757
0.999244, 45.505648, 55.676515, 55.429363
0.999245, 45.505335, 55.690023, 55.431866
0.999245, 45.503993, 55.691231, 55.428681
0.999246, 45.502639, 55.698970, 55.446917
0.999245, 45.501580, 55.711820, 55.477175
0.999246, 45.503854, 55.715463, 55.487769
0.999245, 45.501609, 55.716435, 55.482929
0.999247, 45.502321, 55.735191, 55.505098
0.999248, 45.503443, 55.737389, 55.519243
0.999248, 45.503802, 55.745945, 55.525984
0.999248, 45.502384, 55.744477, 55.525752
0.999249, 45.502558, 55.747169, 55.543700
0.999248, 45.505162, 55.776396, 55.582413
0.999249, 45.505972, 55.802350, 55.597758
0.999249, 45.506464, 55.808552, 55.596103
0.999250, 45.506597, 55.822726, 55.627899
0.999251, 45.508584, 55.832701, 55.652019
0.999251, 45.505584, 55.845702, 55.671220
0.999251, 45.504849, 55.845702, 55.671942
0.999252, 45.503455, 55.881405, 55.692681
0.999252, 45.504924, 55.901143, 55.709878
0.999253, 45.505011, 55.921480, 55.716192
0.999253, 45.504780, 55.918932, 55.713763
0.999253, 45.504756, 55.940376, 55.721056
0.999253, 45.507396, 55.956529, 55.744477
0.999254, 45.507188, 55.970680, 55.755500
0.999254, 45.506620, 55.970165, 55.754028
0.999255, 45.510125, 55.988499, 55.766550
0.999256, 45.515389, 56.028795, 55.797642
0.999258, 45.517455, 56.067886, 55.814266
0.999257, 45.516138, 56.066042, 55.812029
0.999259, 45.518140, 56.072896, 55.832202
0.999259, 45.517484, 56.092465, 55.848708
0.999260, 45.517682, 56.104674, 55.854977
0.999260, 45.517647, 56.104408, 55.853722
0.999261, 45.517867, 56.121451, 55.879386
0.999261, 45.521346, 56.137222, 55.883426
0.999261, 45.521171, 56.140168, 55.887722
0.999261, 45.520968, 56.139365, 55.886458
0.999262, 45.521927, 56.146873, 55.895820
0.999262, 45.521427, 56.149289, 55.889998
0.999262, 45.520713, 56.156007, 55.889998
0.999262, 45.520747, 56.156545, 55.889998
0.999262, 45.521084, 56.159505, 55.894807
0.999246, 45.455760, 55.818245, 55.639107
0.999248, 45.457363, 55.840447, 55.649386
0.999248, 45.456831, 55.836197, 55.648668
0.999248, 45.456842, 55.843199, 55.650343
0.999249, 45.457409, 55.845452, 55.657770
0.999249, 45.457746, 55.845452, 55.658010
0.999249, 45.457947, 55.845452, 55.657531
0.999250, 45.458233, 55.860501, 55.679406
0.999250, 45.458811, 55.864020, 55.674348
0.999250, 45.458869, 55.863014, 55.674348
0.999250, 45.458766, 55.862763, 55.674348
0.999250, 45.459378, 55.863266, 55.676515
0.999250, 45.459396, 55.863768, 55.676033
0.999250, 45.459441, 55.864020, 55.676033
0.999250, 45.459808, 55.864020, 55.676033
0.999250, 45.460083, 55.864020, 55.676033
0.999250, 45.459808, 55.862260, 55.675070
0.999250, 45.460037, 55.862260, 55.674829
0.999250, 45.459665, 55.863517, 55.673867
0.999250, 45.459699, 55.865277, 55.682781
0.999250, 45.459619, 55.865277, 55.677238
0.999250, 45.459762, 55.865277, 55.676997
0.999250, 45.459739, 55.865277, 55.676997
0.999250, 45.459705, 55.865277, 55.676997
0.999250, 45.459837, 55.865277, 55.676997
0.999250, 45.459882, 55.862260, 55.676997
0.999250, 45.459785, 55.844951, 55.662809
