ms-ssim, psnr-y, psnr-u, psnr-v
0.994643, 39.882228, 45.048947, 44.657027
0.993358, 39.474759, 44.932895, 44.585704
0.992980, 39.322506, 44.784497, 44.285049
0.992386, 39.058106, 44.672576, 44.135296
0.993341, 39.332951, 44.657751, 44.114118
0.992375, 39.150284, 44.801652, 44.274957
0.992698, 39.312201, 44.597749, 44.121839
0.992763, 39.284781, 44.709409, 44.252447
0.993219, 39.319801, 44.497837, 43.922238
0.992698, 39.252769, 44.516235, 43.970521
0.992824, 39.266074, 44.519905, 43.957111
0.992634, 39.200791, 44.684596, 44.156577
0.993454, 39.500534, 44.551927, 44.095905
0.992322, 39.217864, 44.520533, 43.965094
0.991444, 38.892778, 44.420882, 43.831032
0.989850, 38.261387, 43.912489, 43.036528
0.991063, 38.520029, 43.971854, 43.070400
0.989587, 38.371178, 44.057332, 43.055334
0.989469, 38.276061, 43.972033, 42.989989
0.989049, 38.175715, 43.969399, 43.018090
0.989920, 38.240019, 43.929271, 42.869780
0.989129, 38.135424, 43.925954, 43.134775
0.990645, 38.513034, 44.143494, 43.439614
0.991069, 38.686124, 44.213033, 43.652297
0.992498, 39.172972, 44.262175, 43.676481
0.992245, 39.027821, 44.348584, 43.897561
0.992321, 38.998488, 44.418286, 43.942951
0.992840, 39.155944, 44.524946, 44.051381
0.993818, 39.516461, 44.602560, 44.083922
0.994172, 39.649637, 45.011136, 44.510007
0.993952, 39.588604, 44.846916, 44.305463
0.994123, 39.553303, 44.817392, 44.436458
0.995075, 39.926661, 44.970048, 44.615123
0.994690, 39.825229, 45.175025, 44.822236
0.994977, 39.969410, 45.186628, 44.820496
0.995071, 40.041999, 45.409184, 45.144279
0.995637, 40.230981, 45.359043, 45.020941
0.995349, 40.149994, 45.521264, 45.209536
0.995281, 40.143790, 45.494092, 45.119593
0.995336, 40.187469, 45.481340, 45.230371
0.995881, 40.411797, 45.596245, 45.282315
0.995516, 40.250604, 45.549497, 45.274537
0.995401, 40.178799, 45.400610, 45.079065
0.995477, 40.165150, 45.531897, 45.250170
0.996151, 40.510978, 45.714078, 45.492245
0.995497, 40.265100, 45.476209, 45.218933
0.995665, 40.375704, 45.539871, 45.291981
0.995607, 40.302801, 45.666003, 45.358819
0.996342, 40.595772, 45.740027, 45.532945
0.996354, 40.615894, 45.754077, 45.558698
0.995902, 40.453255, 45.841522, 45.717578
0.995787, 40.394177, 45.714491, 45.592535
0.996271, 40.567570, 45.849159, 45.636051
0.995574, 40.329062, 45.855077, 45.572220
0.995732, 40.377186, 45.746582, 45.397560
0.995607, 40.304380, 45.825392, 45.538284
0.996264, 40.604212, 45.960358, 45.633547
0.995737, 40.385819, 45.830280, 45.458582
0.996010, 40.497671, 45.876157, 45.521590
0.995856, 40.378891, 46.015859, 45.609173
0.996520, 40.700763, 45.998473, 45.658466
0.996224, 40.586104, 46.154663, 45.874997
0.996259, 40.626171, 46.236765, 45.983275
0.996632, 40.737748, 46.172525, 45.775682
0.996487, 40.694380, 46.226448, 45.859320
0.996133, 40.574466, 46.260035, 45.883956
0.996304, 40.617062, 46.096098, 45.833325
0.996694, 40.795989, 46.251064, 45.979141
0.996171, 40.587528, 46.152083, 45.921734
0.996388, 40.650698, 46.061724, 45.834673
0.996347, 40.632433, 46.039281, 45.831478
0.996685, 40.774964, 46.287309, 45.968516
0.996121, 40.542631, 46.098327, 45.869530
0.996345, 40.687045, 46.157191, 45.966919
0.996513, 40.767465, 46.461310, 46.267010
0.996757, 40.818044, 46.158994, 45.933498
0.996217, 40.510661, 46.024592, 45.722467
0.996321, 40.583686, 46.154098, 45.889542
0.996357, 40.535072, 46.172714, 45.958122
0.996751, 40.735437, 46.157675, 45.872805
0.996264, 40.529056, 46.285673, 46.035251
0.996311, 40.622216, 46.166644, 45.852995
0.996272, 40.588034, 46.176928, 45.922601
0.996772, 40.801341, 46.258272, 46.009926
0.996405, 40.681356, 46.257639, 45.960307
0.996481, 40.748592, 46.320449, 45.970371
0.996306, 40.611313, 46.224398, 45.823772
0.996793, 40.694270, 46.299384, 45.882542
0.996637, 40.675042, 46.398520, 46.047037
0.996684, 40.737821, 46.561098, 46.204826
0.996942, 40.895391, 46.411308, 46.031616
0.996620, 40.725234, 46.459262, 46.143761
0.996567, 40.710237, 46.362636, 45.976844
0.996712, 40.657045, 46.399146, 46.057725
0.997028, 40.885287, 46.369722, 46.116171
0.996753, 40.754781, 46.486282, 46.065963
0.996805, 40.802287, 46.455601, 46.118837
0.996824, 40.787351, 46.439810, 46.070153
0.997032, 40.850497, 46.430632, 46.008704
0.996769, 40.698198, 46.435563, 45.968233
0.996838, 40.815427, 46.431435, 45.981104
0.996756, 40.666037, 46.367377, 45.858391
0.997059, 40.866579, 46.419759, 46.032191
0.996826, 40.663510, 46.325452, 45.817648
0.996882, 40.485044, 46.112442, 45.547462
0.996735, 40.548478, 45.997928, 45.362133
0.996972, 40.758228, 46.176198, 45.607798
0.996868, 40.678730, 46.100689, 45.666820
0.996741, 40.636623, 46.179090, 45.532643
0.996641, 40.513794, 46.127111, 45.373888
0.996872, 40.695857, 46.332365, 45.943858
0.996639, 40.649341, 46.295299, 45.797889
0.996845, 40.796701, 46.467807, 46.066305
0.996686, 40.690855, 46.317853, 45.939276
0.996965, 40.897370, 46.446189, 46.144565
0.996620, 40.696777, 46.370400, 46.040564
0.996717, 40.818056, 46.548892, 46.149450
0.996612, 40.752510, 46.348922, 46.085686
0.996866, 40.936261, 46.506469, 46.203656
0.996518, 40.734138, 46.552957, 46.223305
0.996400, 40.672372, 46.180902, 46.001119
0.996419, 40.567025, 46.191437, 45.966842
0.996805, 40.837905, 46.327746, 46.159397
0.996446, 40.694300, 46.481207, 46.339906
0.996635, 40.772225, 46.216891, 46.081480
0.996564, 40.641816, 46.241563, 46.154690
0.996890, 40.683394, 46.367886, 46.081110
0.996660, 40.601708, 46.355309, 46.050816
0.996750, 40.674043, 46.435162, 46.069784
0.996478, 40.693300, 46.429401, 46.151518
0.996702, 40.829322, 46.494881, 46.224152
0.996440, 40.758891, 46.549863, 46.218146
0.996489, 40.745577, 46.535663, 46.128367
0.996408, 40.672384, 46.466449, 46.091538
0.996966, 40.923667, 46.675369, 46.327774
0.996296, 40.615836, 46.326851, 46.013178
0.996418, 40.728917, 46.479149, 46.207192
0.996536, 40.660707, 46.548421, 46.194394
0.996893, 40.862525, 46.529475, 46.297077
0.996566, 40.673158, 46.569313, 46.306895
0.996671, 40.668543, 46.476427, 46.244197
0.996671, 40.521957, 46.363341, 45.943986
0.996892, 40.633115, 46.370852, 45.985110
0.996473, 40.528095, 46.279582, 45.753955
0.996596, 40.673409, 46.309458, 46.011877
0.996661, 40.728749, 46.416302, 46.074981
0.996735, 40.837951, 46.457100, 46.083781
0.996627, 40.644109, 46.313974, 45.846428
0.996578, 40.662587, 46.201128, 45.864372
0.996847, 40.679568, 46.264196, 45.860953
0.996880, 40.775108, 46.268500, 45.855680
0.996817, 40.698809, 46.277451, 45.718940
0.996933, 40.743641, 46.289555, 45.869404
0.996918, 40.703645, 46.164999, 45.710800
0.996870, 40.586154, 46.177090, 45.611142
0.996737, 40.574835, 46.153534, 45.512049
0.996587, 40.625907, 46.175550, 45.640348
0.996874, 40.803493, 46.324725, 45.837672
0.996607, 40.577631, 46.003378, 45.536862
0.996565, 40.507754, 45.933625, 45.403459
0.996596, 40.514345, 46.025374, 45.566182
0.996727, 40.693180, 46.194204, 45.819937
0.996798, 40.742949, 46.263424, 45.874493
0.996593, 40.506769, 46.154744, 45.683360
0.996678, 40.649637, 46.314978, 45.973542
0.996579, 40.575545, 46.303416, 46.104435
0.996850, 40.819838, 46.367490, 46.120918
0.996622, 40.805834, 46.437657, 46.256730
0.996467, 40.819419, 46.280190, 46.175604
0.996369, 40.781365, 46.330069, 46.268886
0.996815, 40.943625, 46.441706, 46.300134
0.996309, 40.700734, 46.193417, 46.063672
0.996550, 40.879943, 46.406063, 46.288251
0.996478, 40.849308, 46.370880, 46.180280
0.996906, 41.005956, 46.403528, 46.258520
0.996669, 40.904857, 46.322964, 46.204662
0.996587, 40.808722, 46.334158, 46.107413
0.996486, 40.854444, 46.302748, 46.120411
0.996784, 41.006459, 46.499099, 46.304641
0.996550, 40.951932, 46.527658, 46.374357
0.996348, 40.798046, 46.215010, 45.952601
0.996378, 40.679025, 46.177117, 45.828958
0.996788, 40.888381, 46.221694, 46.075747
0.996526, 40.771363, 46.194177, 46.038836
0.996550, 40.933303, 46.276484, 45.950651
0.996506, 40.890744, 46.416588, 46.113694
0.996809, 40.890176, 46.364583, 46.199715
0.996571, 40.747193, 46.233643, 45.958148
0.996513, 40.697953, 46.119130, 45.756554
0.996465, 40.692293, 46.047116, 45.803317
0.996734, 40.905399, 46.235532, 46.023861
0.996554, 40.759421, 46.169368, 45.882037
0.996413, 40.705554, 46.013672, 45.723879
0.996385, 40.630656, 46.074110, 45.741127
0.996697, 40.855248, 46.329817, 46.070312
0.996377, 40.651232, 46.044808, 45.819365
0.996468, 40.826820, 46.104621, 45.926528
0.996327, 40.693784, 46.022739, 45.887418
0.996773, 40.921082, 46.189784, 46.105578
0.996545, 40.765187, 46.138159, 45.918270
0.996469, 40.775776, 46.282516, 46.069310
0.996745, 40.914655, 46.200177, 46.102230
0.996613, 40.877515, 46.401621, 46.327466
0.996240, 40.662931, 45.939839, 45.715560
0.995950, 40.499637, 45.981905, 45.739710
0.996488, 40.839988, 46.125161, 45.995077
0.996279, 40.669993, 46.091379, 45.931122
0.994557, 40.500041, 46.146256, 45.989223
0.995903, 40.657601, 46.101114, 45.976328
0.996374, 40.852237, 46.245212, 46.123373
0.995553, 40.505355, 46.004261, 45.787648
0.995736, 40.666677, 46.055228, 45.860199
0.995761, 40.792464, 46.496189, 46.244608
0.997309, 41.273019, 46.760432, 46.519316
0.996648, 40.999005, 46.693412, 46.450331
0.996211, 40.769938, 46.325480, 46.053731
0.996721, 40.892555, 46.400483, 46.175199
0.996971, 41.057265, 46.472144, 46.214792
0.996315, 40.810798, 46.323914, 46.004235
0.996262, 40.785799, 46.108956, 45.887039
0.996144, 40.490910, 45.806516, 45.762446
0.996749, 40.653718, 46.006859, 45.919849
0.996084, 40.463519, 45.912392, 45.711941
0.996274, 40.727845, 46.110446, 45.781501
0.996237, 40.748449, 46.309040, 46.061697
0.996736, 40.906551, 46.208635, 45.935875
0.996182, 40.599895, 46.229346, 45.837422
0.996200, 40.668471, 46.199199, 45.824296
0.996125, 40.559158, 46.177387, 45.814788
0.996576, 40.828507, 46.217819, 45.833350
0.995332, 40.586454, 46.378885, 45.964474
0.996128, 40.738468, 46.082432, 45.688936
0.996005, 40.627279, 46.090902, 45.688936
0.996497, 40.786814, 46.120597, 45.717043
0.996148, 40.685267, 46.089154, 45.764215
0.996264, 40.805697, 46.157433, 45.829831
0.996252, 40.753194, 46.280550, 45.947574
0.996684, 40.842340, 46.210595, 45.777407
0.996250, 40.625378, 46.040040, 45.670282
0.996299, 40.741926, 46.182417, 45.795042
0.996139, 40.605681, 45.951087, 45.552468
0.996458, 40.804691, 46.010212, 45.658754
0.996203, 40.673270, 46.032531, 45.776692
0.996175, 40.650225, 45.854626, 45.553966
0.996169, 40.581871, 45.913104, 45.683312
0.996434, 40.788941, 46.034074, 45.759057
0.995971, 40.561295, 45.796181, 45.567967
0.996151, 40.658621, 45.883072, 45.646275
0.995895, 40.401979, 45.602349, 45.454988
0.996409, 40.630143, 45.734020, 45.500586
0.997612, 41.506103, 47.310269, 47.056367
0.994875, 40.539444, 46.598458, 46.363793
0.995413, 40.581562, 46.329341, 46.091882
0.995677, 40.668294, 46.650073, 46.176306
0.996122, 40.832735, 46.552868, 46.248316
0.995021, 40.426139, 46.179793, 45.675118
0.995386, 40.660155, 46.261137, 45.826713
0.995139, 40.461149, 46.435879, 45.944114
0.995990, 40.876402, 46.392978, 46.035617
0.995064, 40.452839, 46.442366, 46.044940
0.995236, 40.430087, 46.071261, 45.686787
0.995364, 40.513693, 46.215310, 45.969572
0.996026, 40.851246, 46.338616, 45.975347
0.995248, 40.491932, 46.055517, 45.759205
0.995233, 40.620508, 46.102974, 45.833325
0.995086, 40.421673, 46.065752, 45.800540
0.996072, 40.512984, 45.754102, 45.624447
0.995321, 40.165687, 45.675841, 45.442168
0.995637, 40.452924, 45.786660, 45.605025
0.995236, 40.168933, 45.696333, 45.524961
0.996032, 40.440952, 45.546644, 45.424156
0.995308, 39.983641, 45.407237, 45.100906
0.995526, 40.007713, 45.414872, 45.268657
0.995494, 39.981814, 45.447876, 45.251633
0.995973, 40.220855, 45.481133, 45.287003
0.995344, 39.990654, 45.502413, 45.310050
0.995468, 39.872525, 45.121478, 44.835035
0.995344, 39.590137, 44.923833, 44.693824
0.995914, 39.845534, 45.107428, 44.733125
0.995504, 39.751321, 44.925859, 44.802577
0.996110, 40.104401, 45.367693, 45.203506
0.996025, 39.849425, 44.838250, 44.592773
0.995291, 39.456860, 44.947307, 44.665491
0.995741, 39.738385, 44.988323, 44.710913
0.995752, 39.762360, 45.070657, 44.845245
0.996217, 40.067489, 45.148095, 44.937443
0.995995, 39.903871, 45.211894, 45.066009
0.995936, 39.905441, 45.144194, 44.916448
0.995792, 39.741405, 45.030436, 44.916690
0.995983, 39.923855, 45.054349, 44.864739
0.995842, 39.846805, 45.083916, 44.935229
0.995665, 39.882735, 45.037831, 44.848727
0.995543, 39.681366, 44.998921, 44.778030
0.995405, 39.755505, 44.907481, 44.692518
0.994903, 39.681917, 44.708041, 44.711549
0.994759, 39.729431, 44.946737, 44.815752
0.994243, 39.593213, 44.989310, 44.826254
0.994616, 39.477291, 44.877684, 44.764383
0.993709, 39.347161, 44.766570, 44.757302
0.993192, 38.820352, 44.446552, 44.362353
