ms-ssim, psnr-y, psnr-u, psnr-v
0.973861, 29.712132, 37.392731, 38.447034
0.986339, 32.307132, 39.563595, 40.675737
0.984762, 31.638612, 39.402222, 40.614411
0.984350, 31.653393, 39.356536, 40.367737
0.984062, 31.604473, 39.166098, 40.172656
0.983930, 31.501593, 39.210685, 40.106627
0.983114, 31.418483, 39.133998, 40.125816
0.982887, 31.343679, 39.126726, 40.352747
0.983653, 31.557889, 39.061504, 40.345555
0.980071, 30.451288, 38.848865, 39.920997
0.975828, 29.573639, 38.582888, 39.566668
0.974809, 29.393342, 38.513790, 39.382208
0.973710, 29.259352, 38.408246, 39.289572
0.972744, 28.926435, 38.416350, 39.234105
0.977708, 29.985986, 38.517911, 39.690346
0.978560, 30.159771, 38.476814, 39.672572
0.979692, 30.428785, 38.460047, 39.822639
0.979643, 30.407292, 38.420090, 39.723883
0.979776, 30.406202, 38.430563, 39.750249
0.981814, 31.163207, 38.652587, 39.774791
0.982326, 31.269577, 38.637457, 39.855447
0.982018, 31.173251, 38.652452, 39.876629
0.982259, 31.239674, 38.639042, 39.841871
0.982015, 31.165854, 38.584718, 39.926954
0.981116, 30.782855, 38.569484, 39.902408
0.980924, 31.561058, 38.802209, 39.724447
0.980256, 31.269285, 38.615479, 39.678246
0.981006, 31.485734, 38.800642, 39.886444
0.979709, 31.104752, 38.580928, 39.768197
0.982311, 31.719925, 38.375910, 39.675796
0.980853, 31.390958, 38.473301, 39.612935
0.981134, 31.479175, 38.337590, 39.367636
0.981503, 31.503306, 38.363003, 39.412024
0.983366, 31.928491, 38.274206, 39.214936
0.979826, 31.218741, 38.335915, 39.365287
0.980839, 31.420452, 38.347437, 39.411568
0.978358, 31.173152, 38.428743, 39.480408
0.978383, 31.116619, 38.251680, 39.157071
0.975201, 30.535265, 38.188221, 39.029936
0.975223, 30.559080, 38.001739, 38.956780
0.972727, 30.077933, 37.733405, 38.733307
0.990730, 33.942905, 40.892343, 41.132752
0.988808, 32.925283, 40.869363, 41.095233
0.987033, 32.310282, 40.626408, 40.891733
0.987466, 32.287582, 40.572323, 40.835246
0.986784, 32.080067, 40.499102, 40.784583
0.986408, 31.930260, 40.322387, 40.792636
0.985957, 31.983097, 40.373087, 40.779140
0.985651, 31.968755, 40.242743, 40.633447
0.984038, 31.584676, 40.218192, 40.603888
0.982773, 31.130835, 40.106841, 40.554236
0.988563, 33.625162, 39.878305, 40.797091
0.982316, 31.668072, 39.662067, 40.276809
0.982069, 31.684675, 39.445748, 40.002324
0.980458, 31.611365, 39.474084, 39.980990
0.982153, 31.663881, 39.093452, 39.647852
0.979397, 31.264127, 39.249488, 39.658539
0.980722, 31.375475, 39.199479, 39.613699
0.979720, 31.129014, 39.156921, 39.674438
0.981704, 31.454563, 39.089022, 39.397079
0.979655, 31.282115, 39.132928, 39.491667
0.977022, 30.750266, 39.001667, 39.334354
1.000000, 60.000000, 60.000000, 60.000000
1.000000, 60.000000, 60.000000, 60.000000
1.000000, 60.000000, 60.000000, 60.000000
1.000000, 60.000000, 60.000000, 60.000000
0.991122, 32.696870, 39.142033, 39.922460
0.986946, 31.387042, 38.803974, 39.665163
0.986738, 31.175476, 38.763256, 39.618483
0.986249, 30.921801, 38.931311, 39.557479
0.988182, 31.567445, 38.845479, 39.348724
0.985362, 30.704264, 38.309631, 39.020666
0.983670, 30.181291, 37.969269, 38.949245
0.988191, 31.565303, 38.807070, 39.319204
0.985272, 30.923830, 38.544013, 39.205895
0.985766, 30.855159, 38.168980, 39.065211
0.984289, 30.464845, 38.042887, 38.826731
0.983785, 30.099423, 37.746760, 38.646020
0.983066, 29.857058, 37.888916, 38.701102
0.990464, 33.876737, 40.656272, 41.800942
0.988838, 32.946634, 40.490347, 41.558127
0.987126, 32.297879, 40.417621, 41.323492
0.987602, 32.413109, 40.206613, 41.207328
0.987044, 32.019786, 40.171487, 40.995280
0.987733, 32.311971, 39.880211, 40.849998
0.986344, 31.908301, 39.854740, 40.790315
0.986743, 32.206197, 39.881025, 40.817010
0.986144, 31.993387, 39.873074, 40.911640
0.986842, 32.099556, 39.737587, 40.747987
0.986393, 32.018633, 39.792915, 40.794204
0.985613, 31.655565, 39.819078, 40.695933
0.985508, 31.808118, 39.747931, 40.724891
0.985494, 31.842113, 39.743372, 40.807181
0.985819, 31.881107, 39.715163, 40.908321
0.985897, 31.854359, 39.715750, 40.939807
0.985755, 31.788302, 39.751113, 40.889327
0.985286, 31.652019, 39.756125, 40.838414
0.984805, 31.464963, 39.767528, 40.784614
0.970532, 29.672328, 37.457434, 38.715192
0.988029, 34.185400, 40.758118, 41.661967
0.986331, 33.420129, 40.588541, 41.461027
0.985960, 33.261025, 40.591175, 41.500493
0.984699, 32.847082, 40.502475, 41.432043
0.983419, 32.303753, 40.425452, 41.218660
0.989343, 33.453591, 39.631426, 40.577006
0.983838, 31.747388, 39.329044, 40.287070
0.984155, 31.849201, 39.134940, 40.098493
0.981912, 31.273312, 38.908773, 40.077561
0.984853, 31.730433, 38.871415, 39.815045
0.983085, 31.502558, 39.075252, 40.154720
0.982948, 31.469328, 38.715891, 39.821159
0.982355, 31.334994, 38.737252, 39.809139
0.983486, 31.503010, 38.631371, 39.858052
0.981364, 31.025039, 38.498932, 39.580051
0.982176, 31.185898, 38.293249, 39.492899
0.980878, 30.906117, 38.289917, 39.388854
0.980037, 30.662808, 38.154486, 39.416751
0.978790, 30.282562, 37.994389, 39.405753
0.989904, 34.694279, 41.228219, 41.809060
0.987781, 33.576947, 41.108265, 41.875031
0.985667, 33.046169, 41.109075, 41.800863
0.986270, 33.159369, 41.020425, 41.735650
0.985565, 32.947263, 40.849299, 41.593056
0.985922, 32.870524, 40.721280, 41.486782
0.985677, 32.880856, 40.665339, 41.446492
0.984937, 32.772312, 40.592433, 41.433605
0.984810, 32.612082, 40.446861, 41.407151
0.983986, 32.375676, 40.272439, 41.337726
0.984242, 32.356778, 40.059033, 41.138318
0.983846, 32.291140, 39.915381, 41.083681
0.983843, 32.158330, 39.719790, 40.978750
0.982919, 31.979836, 39.613819, 40.818334
0.981713, 31.492722, 39.608682, 40.801803
0.987585, 34.090091, 40.992915, 41.360399
0.983514, 32.639087, 40.795051, 41.181629
0.983352, 32.775462, 40.747211, 41.240092
0.982423, 32.518231, 40.535100, 40.804884
0.982478, 32.565739, 40.521025, 40.838224
0.981055, 32.491218, 40.440580, 41.035689
0.981283, 32.310782, 39.946861, 40.871278
0.981443, 32.336930, 39.977739, 40.716439
0.982155, 32.337691, 39.965046, 40.710280
0.980785, 32.069614, 39.991122, 40.517079
0.978760, 31.627903, 39.757755, 40.292517
0.992525, 34.395318, 40.478515, 41.811597
0.988938, 32.598205, 39.991122, 41.237694
0.988527, 32.425898, 39.790399, 41.176727
0.987323, 32.141497, 39.541343, 40.945033
0.988040, 32.291644, 39.357617, 40.838034
0.986936, 31.836505, 39.260471, 40.547562
0.987480, 31.887645, 39.013123, 40.349008
0.984989, 31.405766, 38.666865, 40.165782
0.987375, 32.080328, 38.703021, 40.101461
0.984101, 31.360233, 38.628759, 40.047209
0.985683, 31.477401, 38.461587, 39.920997
0.984730, 31.318306, 38.436976, 39.965201
0.986583, 31.845462, 38.451385, 39.879474
0.984787, 31.447136, 38.235132, 39.958208
0.985688, 31.493501, 38.175670, 39.755952
0.985004, 31.323661, 38.198753, 39.838471
0.987136, 31.955373, 38.188531, 39.832684
0.985382, 31.438650, 38.059369, 39.617598
0.985894, 31.552327, 38.148886, 39.787836
0.984921, 31.264669, 37.970300, 39.717635
0.986672, 31.731017, 38.041022, 39.727808
0.985052, 31.296189, 38.001326, 39.740688
0.986093, 31.474856, 38.072090, 39.826001
0.985637, 31.335290, 38.062730, 39.789155
0.987015, 31.922683, 38.108078, 39.586864
0.985263, 31.427056, 37.968352, 39.586769
0.985409, 31.533351, 38.070263, 39.631618
0.985766, 31.535083, 38.119401, 39.800920
0.987224, 32.087268, 38.155477, 39.801519
0.985448, 31.586324, 38.102875, 39.765695
0.986129, 31.652240, 38.249724, 39.754420
0.985805, 31.475031, 37.985210, 39.579932
0.986850, 31.875098, 38.149381, 39.671917
0.985848, 31.401491, 38.111900, 39.695971
0.986346, 31.560991, 38.128052, 39.701944
0.985604, 31.355912, 38.006739, 39.668067
0.987065, 31.722612, 38.203139, 39.861062
0.985890, 31.310365, 37.975871, 39.716264
0.986035, 31.455901, 38.051403, 39.676669
0.985248, 31.228793, 38.006013, 39.692245
0.986373, 31.602519, 38.147504, 39.801494
0.985191, 31.355183, 37.981351, 39.723515
0.985929, 31.476219, 38.034121, 39.583539
0.985011, 31.175741, 37.841271, 39.439681
0.985220, 31.248538, 37.934896, 39.481150
0.984155, 30.952069, 37.784312, 39.506149
0.981865, 30.348289, 37.919428, 39.436742
0.990750, 33.805860, 40.710249, 41.706832
0.989227, 32.726612, 40.647983, 41.634507
0.989141, 32.684088, 40.484705, 41.566814
0.988752, 32.461149, 40.340634, 41.463369
0.988881, 32.427150, 40.161116, 41.307326
0.988104, 32.238494, 40.122240, 41.157650
0.988222, 32.234540, 39.982681, 41.128785
0.987722, 32.111058, 39.784353, 40.940391
0.987285, 31.697131, 39.794884, 40.988320
0.986683, 31.447507, 39.759065, 40.969104
0.992880, 35.179206, 41.030087, 42.603084
0.992140, 34.425920, 41.038974, 42.525367
0.991875, 34.199858, 40.849680, 42.410928
0.990948, 33.642670, 40.809132, 42.451175
0.990785, 33.633166, 40.755474, 42.273593
0.990568, 33.652093, 40.726250, 42.152162
0.990827, 33.733171, 40.669025, 42.038836
0.990661, 33.681362, 40.547295, 41.976029
0.990240, 33.385744, 40.555839, 41.895399
0.989968, 33.346276, 40.516932, 41.831071
0.989939, 33.402936, 40.491166, 41.819932
0.988825, 33.010236, 40.437863, 41.679242
0.987872, 32.329187, 40.265850, 41.531946
0.989057, 33.151795, 39.880491, 40.762943
0.982564, 31.251330, 39.725723, 40.418167
0.982467, 31.248536, 39.382004, 40.251069
0.980315, 30.820190, 39.447427, 40.106680
0.982223, 31.224123, 39.283253, 39.894215
0.979871, 30.851602, 39.207810, 39.764755
0.980565, 30.862063, 39.059273, 39.448785
0.979868, 30.676649, 39.110387, 39.590691
0.981724, 31.241195, 38.788546, 39.404500
0.978885, 30.774722, 38.910461, 39.548544
0.979790, 30.925518, 38.823222, 39.465989
0.979134, 30.757268, 38.725701, 39.542449
0.979750, 30.725284, 38.443508, 39.269539
0.977221, 30.168019, 38.752361, 39.203675
0.992476, 34.682428, 40.498897, 41.804465
0.989156, 33.019543, 40.260908, 41.709581
0.989303, 32.848334, 40.117405, 41.535741
0.989227, 32.778879, 39.815220, 41.314287
0.989261, 32.690271, 39.666348, 41.179709
0.988365, 32.439462, 39.694753, 41.150084
0.988564, 32.555915, 39.693437, 41.017485
0.987326, 32.132408, 39.589336, 40.913639
0.988302, 32.348739, 39.473274, 40.733019
0.987910, 32.228175, 39.387560, 40.743395
0.987299, 32.076104, 39.026698, 40.452164
0.986704, 31.907537, 38.959123, 40.362820
0.986251, 31.557312, 38.863946, 40.183518
0.985534, 31.402413, 38.747600, 40.101220
0.988786, 33.152019, 39.834243, 40.597767
0.983053, 31.375589, 39.601858, 40.177743
0.981637, 31.026588, 39.173177, 39.765398
0.978497, 30.469435, 39.063841, 39.549062
0.977096, 29.905395, 38.580833, 38.867911
0.989387, 32.821556, 39.180224, 40.546317
0.986909, 31.587941, 39.133035, 40.355327
0.983449, 30.622383, 38.956246, 40.263212
