ms-ssim, psnr-y, psnr-u, psnr-v
0.991696, 38.649623, 43.285136, 40.630946
0.991766, 38.854868, 43.547101, 41.204400
0.991483, 38.766844, 43.597780, 41.255050
0.991338, 38.663576, 43.473104, 41.326787
0.991212, 38.496529, 43.576724, 41.327637
0.991456, 38.873038, 43.327889, 41.230967
0.991471, 38.912822, 43.437186, 41.165420
0.991465, 38.896852, 43.402630, 41.090058
0.991386, 38.726158, 43.593083, 41.138616
0.991419, 38.886362, 43.377876, 40.861707
0.991475, 38.926785, 43.363363, 40.833210
0.991123, 38.697746, 43.192376, 40.504526
0.991088, 38.507437, 43.294039, 40.495627
0.993327, 39.828669, 43.725156, 42.370271
0.993821, 40.176321, 44.020836, 42.664349
0.993991, 40.504790, 44.073659, 42.885085
0.994282, 40.556132, 44.246720, 42.937789
0.995977, 41.593529, 45.985124, 44.245795
0.996277, 41.981228, 46.072531, 44.532943
0.996467, 42.489076, 46.324438, 44.973068
0.996579, 42.400198, 46.307460, 44.806735
0.996889, 43.037676, 46.771861, 45.833372
0.996904, 42.883125, 46.759637, 45.521399
0.996984, 43.034928, 46.800240, 45.727262
0.997064, 42.932490, 46.746461, 45.393077
0.997255, 43.478718, 47.080139, 46.082400
0.997214, 43.287230, 47.085826, 45.827379
0.997276, 43.505459, 47.192029, 46.132652
0.997241, 43.200946, 47.032804, 45.730254
0.997479, 43.768059, 47.397248, 46.401674
0.997392, 43.607667, 47.376665, 46.112851
0.997575, 44.003705, 47.663333, 46.500464
0.997473, 43.607927, 47.503613, 45.989129
0.997591, 43.924135, 47.833796, 46.429562
0.997662, 43.990999, 48.022903, 46.813915
0.997622, 43.896958, 47.850516, 46.562600
0.997673, 43.800777, 47.927104, 46.359799
0.997802, 44.238220, 48.048352, 46.727426
0.997857, 44.400821, 48.349284, 47.114371
0.997809, 44.290804, 48.105094, 46.811745
0.997888, 44.105817, 48.173538, 46.779809
0.997939, 44.438548, 48.198279, 47.194216
0.997992, 44.608928, 48.618390, 47.425038
0.997952, 44.563202, 48.435528, 47.208643
0.997966, 44.306037, 48.559072, 46.789929
0.998062, 44.720067, 48.691378, 47.357692
0.998150, 44.712364, 48.977795, 47.422155
0.997944, 44.538280, 48.706847, 47.171486
0.998025, 44.331166, 48.762473, 46.926950
0.998178, 44.986590, 48.983847, 47.618273
0.998184, 44.856655, 48.887741, 47.479015
0.998157, 44.979468, 48.996805, 47.565725
0.998084, 44.496177, 48.816172, 47.051817
0.998215, 45.001750, 49.113213, 47.642462
0.998199, 44.866778, 49.002331, 47.519697
0.998243, 45.099884, 49.060499, 47.691453
0.998098, 44.568851, 48.734831, 47.135364
0.998223, 45.116575, 49.035912, 47.844795
0.998111, 44.948349, 48.863040, 47.765679
0.998162, 44.985877, 48.871884, 47.648531
0.998017, 44.517289, 48.754632, 47.165324
0.997929, 44.993751, 48.820147, 47.315118
0.998074, 44.919584, 48.558323, 47.130510
0.998005, 45.063008, 48.554581, 47.044414
0.997904, 44.614788, 48.544369, 46.852335
0.997904, 44.790850, 48.727818, 46.794583
0.998192, 45.479952, 49.125710, 47.300147
0.997879, 44.842921, 48.748891, 46.946537
0.997764, 44.701131, 48.806119, 46.744817
0.997913, 45.382643, 48.655752, 47.098648
0.998062, 45.454748, 48.655241, 47.230649
0.997860, 45.355308, 48.358094, 46.957745
0.997819, 44.992296, 48.653965, 47.069320
0.997771, 45.326336, 48.321542, 46.849976
0.997956, 45.569103, 48.313514, 47.000776
0.997637, 45.324913, 48.067258, 46.770869
0.997667, 44.928205, 48.552337, 46.922837
0.997522, 45.016549, 48.126960, 46.684575
0.997790, 45.470748, 48.198968, 46.866344
0.997532, 45.160041, 48.045024, 46.635085
0.997401, 44.691515, 48.264952, 46.714020
0.997760, 45.316623, 48.301499, 47.052700
0.997294, 44.562829, 47.936611, 46.385754
0.997693, 45.290846, 48.253071, 46.919413
0.997283, 44.654785, 47.854972, 46.555355
0.997590, 45.198013, 48.068149, 46.662259
0.997077, 44.414113, 47.638421, 46.025055
0.997083, 44.490622, 47.819245, 46.014065
0.996891, 44.206468, 47.555609, 45.681464
0.996982, 44.315516, 47.476096, 45.698356
0.996731, 44.103780, 47.281505, 45.626985
0.996718, 44.113972, 47.159171, 45.608470
0.996653, 44.115093, 47.068080, 45.646473
0.996554, 43.954227, 47.074105, 45.550645
0.996612, 44.011911, 46.972099, 45.518671
0.996585, 44.005848, 46.984068, 45.408881
0.996601, 44.045842, 46.904891, 45.240328
0.996636, 44.015922, 46.821104, 45.249173
0.996879, 44.410414, 47.049877, 45.532576
0.996528, 43.937421, 46.933812, 45.306046
0.996886, 44.364084, 47.168404, 45.418319
0.997220, 44.872249, 47.568507, 45.966395
0.996913, 44.295946, 47.171849, 45.302152
0.996826, 43.940717, 47.382373, 45.310179
0.997142, 43.894228, 47.406811, 45.451146
0.997188, 43.755135, 47.445660, 45.356622
0.997366, 44.298730, 47.667193, 45.948978
0.997233, 44.167084, 47.367358, 45.737678
0.997212, 44.014957, 47.405854, 45.714794
0.997135, 43.709069, 47.308000, 45.585499
0.997207, 43.676890, 47.407577, 45.530835
0.997259, 43.757407, 47.408726, 45.498143
0.997264, 43.815784, 47.373434, 45.551145
0.997358, 44.259548, 47.563740, 45.887146
0.997376, 44.352696, 47.436590, 45.918292
0.997293, 44.066599, 47.433506, 45.899307
0.997235, 43.742497, 47.336730, 45.713886
0.997342, 44.107294, 47.454749, 46.102913
0.997336, 44.163817, 47.389423, 46.056087
0.997332, 44.054837, 47.384277, 46.077604
0.997278, 43.835426, 47.333152, 45.874212
0.997434, 43.914614, 47.537418, 45.859841
0.997451, 43.939338, 47.633174, 45.918564
0.997540, 44.080285, 47.696567, 45.987609
0.997610, 44.389218, 47.800338, 46.330113
0.997620, 44.566113, 47.772130, 46.353786
0.997581, 44.358363, 47.779426, 46.302854
0.997495, 43.956065, 47.649340, 46.077463
0.997630, 44.410822, 47.879025, 46.498289
0.997653, 44.560691, 47.863897, 46.477680
0.997617, 44.313966, 47.845642, 46.434610
0.997502, 43.948935, 47.766095, 46.282411
0.997564, 44.063318, 47.781721, 46.146954
0.997620, 44.051254, 47.865599, 46.210882
0.997604, 44.182731, 47.803483, 46.174257
0.997639, 44.173946, 47.828729, 45.930949
0.997847, 44.735953, 48.182456, 46.474435
0.997743, 44.629207, 48.079535, 46.331159
0.997738, 44.477557, 48.138501, 46.408515
0.997664, 44.079929, 48.052126, 46.329814
0.997779, 44.496667, 48.251675, 46.593290
0.997849, 44.790929, 48.172624, 46.582983
0.997809, 44.544516, 48.151209, 46.489755
0.997711, 44.204933, 48.091847, 46.313410
0.997768, 44.296390, 48.139634, 46.236251
0.997868, 44.778968, 48.186120, 46.511511
0.997847, 44.843558, 48.025772, 46.415977
0.997786, 44.588743, 48.029085, 46.390751
0.997663, 44.132760, 47.981619, 46.273700
0.997819, 44.507211, 48.143262, 46.521181
0.997733, 44.255585, 48.006826, 46.252073
0.997758, 44.138732, 48.131482, 46.178728
0.997777, 44.197977, 48.153255, 46.163746
0.997810, 44.300321, 48.190704, 46.137795
0.997944, 44.778994, 48.271489, 46.339387
0.997961, 44.997460, 48.185204, 46.370193
0.997852, 44.641091, 48.184058, 46.238738
0.997743, 44.237620, 48.105543, 46.130796
0.997804, 44.198823, 48.215774, 46.173825
0.997838, 44.326854, 48.209551, 46.163027
0.997873, 44.295852, 48.187495, 46.090735
0.997980, 44.788597, 48.309505, 46.298254
0.997853, 44.468715, 48.185204, 46.109441
0.997873, 44.275137, 48.261920, 46.103480
0.997853, 44.231878, 48.184058, 46.056648
0.997846, 44.296624, 48.133292, 46.030490
0.997849, 44.206972, 48.194834, 46.007540
0.997865, 44.266255, 48.201496, 46.132081
0.997897, 44.289193, 48.161220, 46.102488
0.998034, 44.796777, 48.259357, 46.430938
0.997896, 44.442320, 48.149164, 46.201443
0.997878, 44.243993, 48.153710, 46.126089
0.997878, 44.199852, 48.095884, 46.180460
0.997913, 44.276091, 48.073727, 46.085930
0.997928, 44.227963, 48.114773, 46.143088
0.997929, 44.289076, 47.960688, 46.077745
0.997950, 44.302475, 48.053015, 46.063247
0.998083, 44.879278, 48.246794, 46.461941
0.998078, 45.043576, 48.152345, 46.462557
0.997994, 44.761102, 48.173309, 46.417196
0.997885, 44.314060, 48.111845, 46.289067
0.997920, 44.146543, 48.178795, 46.180893
0.997908, 44.263492, 48.245632, 46.236836
0.997909, 44.268625, 48.266352, 46.201878
0.997924, 44.192334, 48.319888, 46.181904
0.997970, 44.270624, 48.343579, 46.130796
0.998022, 44.353857, 48.302440, 46.152401
0.998017, 44.344577, 48.290925, 46.158860
0.998113, 44.807471, 48.440141, 46.552365
0.998016, 44.485953, 48.354044, 46.417349
0.998121, 44.837090, 48.504743, 46.681172
0.998036, 44.442610, 48.339780, 46.467489
0.998155, 44.912840, 48.545613, 46.760462
0.998125, 45.018813, 48.443543, 46.679066
0.998081, 44.737609, 48.395677, 46.683440
0.997951, 44.262494, 48.319652, 46.536824
0.997953, 44.207888, 48.402414, 46.383181
0.997866, 44.096761, 48.261687, 46.112282
0.997919, 44.235751, 48.234035, 46.082823
0.997926, 44.201339, 48.120637, 46.124664
0.997945, 44.219108, 48.101273, 46.190432
0.997938, 44.162592, 48.127186, 46.222674
0.997943, 44.234298, 48.096557, 46.134652
0.997982, 44.217753, 48.108468, 46.015316
0.997979, 44.270019, 48.045467, 46.011982
0.997971, 44.233238, 48.019374, 46.014899
0.997934, 44.174992, 48.065920, 46.025333
0.997975, 44.207522, 48.005727, 46.107311
0.997986, 44.161390, 47.985117, 46.025333
0.997964, 44.057869, 47.947440, 45.988852
0.997965, 44.124300, 47.932071, 46.039285
0.997972, 44.075659, 47.998480, 46.002687
0.997936, 44.026942, 47.967000, 45.987471
0.997969, 44.122232, 48.021138, 45.970382
0.998053, 44.546275, 47.996945, 46.202459
0.997947, 44.185990, 47.937044, 45.978505
0.997932, 43.965222, 47.913313, 45.807461
0.997968, 44.041518, 47.877318, 45.843780
0.997945, 43.955762, 47.850304, 45.698097
0.997895, 43.906996, 47.745761, 45.753482
0.997902, 43.865839, 47.699433, 45.646983
0.997907, 43.958228, 47.721197, 45.891871
0.997882, 43.860949, 47.690431, 45.700940
0.997858, 43.722963, 47.728820, 45.700811
0.997845, 43.875890, 47.683692, 45.633089
0.997704, 43.666055, 47.606830, 45.429962
0.997600, 43.479687, 47.697181, 45.375051
0.997533, 43.718641, 47.501656, 45.372174
0.997614, 43.995623, 47.548086, 45.512354
0.997399, 43.520514, 47.670651, 45.395366
0.997274, 43.322073, 47.608234, 45.047272
0.997279, 43.371123, 47.540379, 44.889587
0.997200, 43.349010, 47.520286, 44.942673
0.997109, 43.227359, 47.484859, 44.938008
0.997090, 43.273626, 47.417738, 44.837355
0.997127, 43.304263, 47.367548, 45.010618
0.997035, 43.214944, 47.244829, 44.817480
0.997006, 43.193827, 47.210839, 44.956918
0.996959, 43.163471, 47.173300, 44.985658
0.996978, 43.230139, 47.130690, 44.910873
0.996909, 43.176462, 47.019474, 45.050832
0.997332, 44.246697, 47.335223, 45.694352
0.996761, 43.381398, 47.319056, 45.235797
0.996969, 43.612919, 47.246120, 45.365228
0.996765, 43.311323, 47.079429, 45.099068
0.996735, 43.386744, 47.040540, 45.143523
0.996620, 43.357857, 47.132667, 45.115417
0.996448, 43.211936, 47.123868, 45.005548
0.996455, 43.181019, 47.031575, 44.898927
0.996460, 43.211736, 47.076057, 44.982041
0.998191, 45.524594, 50.217480, 47.604225
0.997352, 44.198457, 49.783154, 46.820936
0.997150, 44.088593, 49.613762, 46.578867
0.996804, 43.654843, 49.196249, 46.216992
0.996716, 43.575317, 48.953944, 46.043619
0.996516, 43.331502, 48.693952, 45.794894
0.997161, 44.383368, 49.243920, 46.919413
0.996342, 43.209896, 48.570821, 45.779203
0.996734, 43.647828, 48.417127, 46.088332
0.996549, 43.153087, 48.188870, 45.795422
0.997019, 43.968365, 48.257959, 46.271194
0.996929, 43.683465, 48.203566, 46.420094
0.996540, 43.280747, 48.038819, 45.858232
0.996565, 42.927487, 47.727377, 45.744332
0.996950, 43.502789, 47.942889, 46.310731
0.996812, 42.806561, 47.886075, 46.264565
0.996626, 42.827622, 47.525006, 45.762126
0.996797, 42.716230, 47.576264, 45.623047
0.996942, 42.641043, 47.684916, 46.286699
0.996644, 42.028945, 47.334281, 45.743418
0.996809, 42.646030, 47.301642, 45.771970
0.996936, 42.706099, 47.337860, 45.741069
0.996910, 42.609970, 46.979381, 45.828577
0.996841, 42.383590, 47.125483, 45.904858
0.996909, 42.771569, 47.127098, 45.777624
0.996937, 42.583326, 47.267947, 45.766586
0.997092, 43.035033, 46.999730, 45.831240
0.996997, 42.400984, 47.051641, 45.819932
0.997049, 42.957779, 47.026134, 45.912859
0.997035, 42.631898, 47.163513, 45.818870
0.997134, 42.704251, 47.170761, 46.034118
0.997076, 42.446617, 47.201880, 45.854882
0.997012, 42.801502, 47.141303, 45.689579
0.997102, 42.612191, 47.357125, 45.705079
0.997089, 42.811908, 47.133566, 45.934904
0.997121, 42.374701, 47.154110, 45.981813
0.997283, 42.887908, 47.402218, 46.277832
0.997083, 42.521266, 47.304633, 45.749427
0.997147, 42.742348, 47.266464, 45.977403
0.997009, 42.189455, 47.100610, 45.643538
0.997083, 42.497167, 47.223301, 45.916525
0.997077, 42.447625, 47.279459, 45.632580
0.997073, 42.768574, 47.102395, 45.717908
0.996932, 42.106261, 47.043533, 45.510374
0.997064, 42.608369, 47.109004, 45.713627
0.996880, 42.187554, 46.962928, 45.337200
0.996894, 42.493213, 46.828974, 45.275113
0.996815, 41.901153, 46.793918, 45.118242
0.996795, 41.868403, 46.560551, 44.658215
0.996556, 41.584715, 46.673079, 44.354592
