ms-ssim, psnr-y, psnr-u, psnr-v
0.999547, 50.887636, 55.884695, 55.913221
0.999471, 50.590730, 55.740026, 55.854681
0.999466, 50.645298, 55.751672, 55.755488
0.999455, 50.645449, 55.410352, 55.558123
0.999500, 50.679298, 55.514768, 55.533903
0.999469, 50.743598, 55.614992, 55.626095
0.999446, 50.645702, 55.617316, 55.616154
0.999468, 50.728094, 55.433384, 55.486069
0.999501, 50.799037, 55.547504, 55.575043
0.999462, 50.640491, 55.483302, 55.521481
0.999468, 50.768932, 55.362457, 55.805408
0.999467, 50.765542, 55.262085, 55.734268
0.999507, 50.888792, 55.531934, 55.667802
0.999470, 50.954949, 55.309864, 55.730471
0.999500, 50.988787, 55.478489, 55.806402
0.999499, 50.971468, 55.734268, 55.706351
0.999581, 51.293819, 55.997171, 56.016126
0.999583, 51.714189, 56.125923, 56.394212
0.999652, 52.095150, 56.515174, 56.801018
0.999671, 52.233045, 56.704807, 56.921039
0.999763, 52.744343, 57.680870, 57.787186
0.999709, 52.504997, 57.114460, 57.260844
0.999757, 52.819287, 57.621289, 57.824792
0.999752, 52.914248, 57.607566, 57.893493
0.999819, 53.311105, 58.914029, 59.081095
0.999773, 53.001253, 57.897243, 58.093828
0.999791, 53.105300, 58.218966, 58.499651
0.999780, 53.089654, 57.883332, 58.020991
0.999847, 53.591111, 59.810762, 60.000000
0.999797, 53.226926, 58.341085, 58.617800
0.999806, 53.245722, 58.677460, 58.818468
0.999794, 53.259300, 58.331599, 58.648483
0.999841, 53.590912, 59.450117, 59.671215
0.999789, 53.232613, 58.448650, 58.549181
0.999798, 53.337390, 58.362903, 58.643177
0.999784, 53.207787, 58.184860, 58.518983
0.999827, 53.552973, 59.211114, 59.404891
0.999768, 53.127147, 57.984023, 58.255281
0.999789, 53.268504, 58.291903, 58.409081
0.999771, 53.135284, 58.074620, 58.370665
0.999815, 53.432807, 58.922390, 59.071721
0.999759, 53.142391, 57.891887, 58.126094
0.999773, 53.190605, 57.980562, 58.240564
0.999764, 53.244681, 57.791368, 58.009978
0.999819, 53.487934, 58.765134, 59.207248
0.999763, 53.312488, 58.089345, 58.324104
0.999776, 53.364668, 57.941409, 58.355751
0.999753, 53.311152, 57.809711, 58.143262
0.999796, 53.443956, 58.221660, 58.501909
0.999744, 53.252337, 57.634048, 58.091399
0.999760, 53.258502, 57.712081, 57.973830
0.999740, 53.253548, 57.725797, 58.020991
0.999784, 53.439106, 58.189061, 58.486538
0.999742, 53.360267, 57.659002, 57.853168
0.999755, 53.391865, 57.543210, 57.760968
0.999737, 53.454507, 57.471850, 57.846277
0.999761, 53.372932, 57.766684, 58.077970
0.999728, 53.278853, 57.402282, 57.633880
0.999735, 53.426996, 57.595051, 57.677981
0.999728, 53.025970, 57.532028, 57.878527
0.999864, 56.324606, 60.000000, 60.000000
0.999697, 54.943035, 56.800046, 56.621188
0.999712, 55.033264, 56.986443, 56.793669
0.999681, 54.736281, 56.457348, 56.138534
0.999742, 55.072305, 57.558549, 57.306441
0.999667, 54.583897, 56.075020, 55.828533
0.999701, 54.703943, 56.393201, 56.166624
0.999673, 54.510330, 56.059549, 55.837305
0.999749, 54.959465, 57.287772, 57.183624
0.999674, 54.486401, 56.101637, 56.045065
0.999714, 54.662165, 56.679768, 56.509590
0.999691, 54.544368, 56.479845, 56.322275
0.999754, 54.900786, 57.568142, 57.456814
0.999687, 54.505685, 56.461196, 56.249554
0.999708, 54.645427, 56.673969, 56.582218
0.999692, 54.586209, 56.386384, 56.210131
0.999758, 54.927862, 57.670176, 57.748177
0.999689, 54.640108, 56.252244, 56.193086
0.999707, 54.622193, 56.468903, 56.369011
0.999673, 54.476558, 56.066457, 55.972905
0.999724, 54.656508, 56.938050, 56.912772
0.999645, 54.259850, 55.924321, 55.830974
0.999673, 54.373037, 56.129964, 55.989451
0.999641, 54.291953, 55.824319, 55.747424
0.999681, 54.395749, 56.540717, 56.387772
0.999614, 54.152949, 55.686658, 55.520758
0.999630, 54.233857, 55.830197, 55.743723
0.999586, 54.070894, 55.294729, 55.338409
0.999657, 54.386009, 56.661049, 56.555905
0.999580, 54.142628, 55.672080, 55.502710
0.999611, 54.304724, 55.630121, 55.486274
0.999574, 54.148445, 55.461532, 55.266274
0.999628, 54.363169, 55.995557, 55.945353
0.999530, 53.918379, 55.361660, 55.231424
0.999575, 54.096988, 55.470207, 55.356283
0.999550, 53.966324, 55.346046, 55.276031
0.999627, 54.241451, 56.356090, 56.170703
0.999578, 54.008671, 55.588353, 55.579545
0.999602, 54.030963, 55.805077, 55.722669
0.999591, 54.008744, 55.635741, 55.606235
0.999667, 54.272449, 56.627717, 56.566280
0.999607, 54.109832, 55.838640, 55.683867
0.999623, 54.142346, 55.862501, 55.731664
0.999571, 53.930723, 55.552602, 55.298361
0.999659, 54.248019, 56.531447, 56.309492
0.999579, 53.913201, 55.545528, 55.393258
0.999594, 53.973790, 55.620381, 55.431460
0.999579, 53.911970, 55.507034, 55.314494
0.999643, 54.226754, 56.508163, 56.364616
0.999569, 53.891824, 55.591188, 55.395064
0.999610, 54.085648, 55.852450, 55.700531
0.999569, 53.906800, 55.578288, 55.354393
0.999621, 54.127380, 56.168063, 55.865968
0.999540, 53.738916, 55.101132, 54.839686
0.999563, 53.810905, 55.408136, 55.237423
0.999530, 53.662001, 55.179525, 55.016668
0.999610, 54.016649, 56.030514, 55.777580
0.999512, 53.569296, 55.147258, 54.879447
0.999547, 53.677759, 55.353399, 55.061251
0.999539, 53.633683, 55.207897, 54.954178
0.999623, 53.999324, 56.264614, 55.963053
0.999533, 53.608459, 55.377430, 55.144793
0.999567, 53.750812, 55.489146, 55.187175
0.999528, 53.575581, 55.304354, 55.141951
0.999608, 53.849013, 56.115718, 55.872575
0.999527, 53.557541, 55.373232, 55.165980
0.999542, 53.587699, 55.605918, 55.308486
0.999514, 53.477511, 55.374731, 55.159604
0.999521, 53.381054, 55.626307, 55.430347
0.999411, 53.452260, 56.564308, 55.639988
0.999138, 52.417365, 54.161216, 53.356325
0.999158, 51.851518, 54.054328, 53.194444
0.999280, 52.256388, 54.872142, 54.234222
0.999148, 51.237651, 53.740837, 53.117227
0.999234, 51.514365, 54.073096, 53.530221
0.999147, 50.997359, 53.728165, 53.223332
0.999312, 51.691428, 54.517461, 53.879749
0.999131, 50.670782, 53.541410, 52.879849
0.999207, 50.748529, 53.504939, 52.877374
0.999146, 50.989606, 53.481548, 52.767390
0.999279, 51.279473, 54.094029, 53.560321
0.999140, 50.823137, 53.579446, 53.028939
0.999202, 51.301557, 53.809424, 53.240110
0.999152, 51.118665, 53.695322, 53.161483
0.999304, 52.274618, 54.937700, 54.112746
0.999155, 51.770311, 53.914807, 53.229975
0.999250, 52.244318, 54.868050, 54.163333
0.999141, 51.184990, 53.746465, 53.099851
0.999111, 51.082483, 53.662321, 53.362545
0.999210, 51.417010, 54.343561, 53.969847
0.999146, 50.922941, 53.937500, 53.483875
0.999060, 50.268129, 53.222480, 52.584461
0.998986, 49.844865, 52.913511, 52.284233
0.999149, 50.478581, 53.769605, 53.171881
0.999011, 50.245080, 53.039607, 52.393759
0.998947, 50.018180, 52.922081, 52.291450
0.999101, 50.423953, 53.482970, 52.996570
0.998865, 48.664322, 52.337037, 51.696662
0.998962, 48.556291, 52.425364, 51.856594
0.998831, 48.706853, 52.182765, 51.452587
0.998893, 49.311521, 52.614684, 51.858016
0.999712, 51.990352, 57.842924, 57.602889
0.999487, 51.117596, 55.769474, 55.673257
0.999466, 50.986440, 55.475215, 55.477363
0.999448, 50.888036, 55.124841, 55.344855
0.999477, 50.690124, 55.247504, 55.460105
0.999381, 50.311537, 54.467304, 54.680267
1.000000, 60.000000, 60.000000, 60.000000
1.000000, 60.000000, 60.000000, 60.000000
0.999745, 53.518490, 57.069497, 58.317802
0.999470, 51.094979, 54.491372, 55.665557
0.999513, 51.507899, 54.397325, 55.441901
0.999395, 50.693524, 53.924529, 55.105356
1.000000, 60.000000, 60.000000, 60.000000
1.000000, 60.000000, 60.000000, 60.000000
1.000000, 60.000000, 60.000000, 60.000000
0.999756, 54.203743, 58.923521, 58.976100
0.999611, 53.319283, 56.712959, 56.963475
0.999639, 53.327992, 56.981232, 57.107009
0.999717, 53.745504, 57.226423, 57.930955
1.000000, 60.000000, 60.000000, 60.000000
1.000000, 60.000000, 60.000000, 60.000000
1.000000, 60.000000, 60.000000, 60.000000
1.000000, 60.000000, 60.000000, 60.000000
1.000000, 60.000000, 60.000000, 60.000000
0.999654, 54.372124, 57.768418, 58.313671
0.999443, 52.817193, 55.641795, 55.850442
0.999324, 51.899601, 54.918855, 55.079138
0.999453, 52.221100, 55.864066, 56.187781
1.000000, 60.000000, 60.000000, 60.000000
1.000000, 60.000000, 60.000000, 60.000000
1.000000, 60.000000, 60.000000, 60.000000
1.000000, 60.000000, 60.000000, 60.000000
1.000000, 60.000000, 60.000000, 60.000000
0.999654, 54.462401, 58.065326, 57.930775
0.999495, 53.161363, 55.949800, 55.862277
0.999424, 52.625548, 55.934426, 55.642220
0.999492, 52.772711, 56.464920, 56.129488
1.000000, 60.000000, 60.000000, 60.000000
1.000000, 60.000000, 60.000000, 60.000000
1.000000, 60.000000, 60.000000, 60.000000
1.000000, 60.000000, 60.000000, 60.000000
0.999688, 54.535318, 58.032954, 58.100000
0.999475, 53.157508, 55.826980, 55.682151
0.999534, 52.971502, 55.968549, 55.996941
0.999451, 52.303688, 55.689021, 55.884808
0.999507, 52.103376, 56.199002, 56.285023
1.000000, 60.000000, 60.000000, 60.000000
1.000000, 60.000000, 60.000000, 60.000000
1.000000, 60.000000, 60.000000, 60.000000
0.999639, 53.684644, 57.879595, 57.578421
0.999522, 53.167445, 56.462608, 56.279112
0.999469, 52.900150, 55.659898, 55.553539
0.999565, 53.268596, 56.713095, 56.545818
1.000000, 60.000000, 60.000000, 60.000000
0.999560, 53.602940, 56.370142, 56.396487
0.999511, 53.399151, 55.661178, 55.803754
0.999577, 53.628333, 56.045765, 56.279235
0.999502, 52.965358, 55.709696, 55.787789
1.000000, 60.000000, 60.000000, 60.000000
0.999655, 54.162974, 58.106743, 57.707291
0.999547, 53.432839, 56.378696, 56.195500
0.999511, 53.168753, 56.029584, 56.024010
0.999571, 53.591442, 56.939482, 56.734773
0.999384, 53.162249, 55.917295, 55.727001
0.999055, 51.619852, 53.573303, 53.559334
0.998964, 51.164692, 53.042235, 52.958020
0.999132, 51.815725, 54.014913, 54.057795
0.999088, 51.570132, 53.809005, 53.612486
0.999082, 51.466522, 53.395744, 53.229060
0.999094, 51.753295, 53.622087, 53.467548
0.999145, 51.851973, 54.012065, 53.609490
0.999041, 51.815494, 53.678790, 53.282370
0.999091, 51.861675, 53.893369, 53.457896
0.999004, 51.496950, 53.348797, 53.116455
0.999119, 51.784616, 53.810399, 53.634118
0.998963, 51.366914, 53.273737, 53.018471
0.999047, 51.515269, 53.695593, 53.359340
0.998970, 51.467548, 53.470447, 53.189125
0.998975, 51.247521, 53.606364, 53.453079
