ms-ssim, psnr-y, psnr-u, psnr-v
0.994730, 34.236377, 41.974135, 41.202982
0.994205, 34.008729, 42.321893, 41.499090
0.994234, 33.913543, 42.501177, 41.589211
0.993884, 33.629231, 42.526208, 41.635650
0.993965, 33.555118, 42.306133, 41.445107
0.994127, 33.857380, 42.217414, 41.444597
0.994119, 33.819591, 42.037582, 41.264637
0.993986, 33.864280, 42.112498, 41.324449
0.994180, 33.817254, 42.057176, 41.254440
0.993699, 33.472494, 41.985636, 41.264112
0.993554, 33.285831, 41.799321, 41.040434
0.993396, 33.089549, 41.639307, 40.848123
0.992919, 32.791718, 41.355469, 40.648772
0.993415, 33.143318, 41.381072, 40.742155
0.993682, 33.161540, 41.424636, 40.716408
0.993459, 33.090631, 41.511914, 40.770332
0.993349, 33.077658, 41.500087, 40.688425
0.994372, 33.560020, 42.118367, 41.280013
0.994370, 33.532396, 42.192450, 41.277733
0.994445, 33.708110, 42.075469, 41.223194
0.994926, 34.102475, 41.983283, 41.104051
0.995433, 34.511212, 42.452508, 41.734793
0.995531, 34.444067, 42.509225, 41.691568
0.995579, 34.717705, 42.527798, 41.733741
0.995960, 34.984756, 42.421229, 41.562693
0.995966, 35.057746, 42.638247, 42.028860
0.996178, 35.254933, 42.632734, 42.067638
0.995780, 34.957475, 42.591015, 42.079811
0.996194, 35.242973, 42.418674, 41.814135
0.995986, 35.340503, 42.558585, 42.031821
0.996315, 35.586994, 42.612563, 42.043016
0.996048, 35.372139, 42.628041, 41.989972
0.996289, 35.384548, 42.532430, 41.805771
0.996357, 35.612991, 42.756850, 42.143464
0.996554, 35.701618, 42.737421, 42.105873
0.996447, 35.620063, 42.773842, 42.141837
0.996594, 35.583786, 42.675148, 41.956673
0.996636, 35.829867, 42.930348, 42.337173
0.996583, 35.834400, 42.913500, 42.376964
0.996468, 35.740576, 43.021705, 42.589402
0.996639, 35.793821, 42.850382, 42.373082
0.996641, 36.087151, 43.108927, 42.690463
0.996744, 36.035027, 43.150612, 42.649631
0.996619, 36.007481, 43.190358, 42.679262
0.996749, 35.877155, 43.015317, 42.397928
0.996752, 36.233004, 43.273012, 42.626080
0.996850, 36.279347, 43.347770, 42.666159
0.996578, 36.049883, 43.387831, 42.707245
0.996714, 35.960309, 43.189977, 42.504897
0.996585, 36.000495, 43.308299, 42.709927
0.996718, 36.075654, 43.113045, 42.441995
0.996558, 35.758908, 43.284353, 42.532196
0.996774, 36.006624, 43.208699, 42.460835
0.996692, 36.146169, 43.352461, 42.639590
0.996870, 36.222080, 43.303711, 42.654828
0.996824, 36.110100, 43.266078, 42.726344
0.996933, 36.047671, 43.135686, 42.519435
0.996896, 36.190978, 43.240268, 42.793932
0.997063, 36.330273, 43.226020, 42.806430
0.996825, 36.057221, 43.179260, 42.834394
0.996999, 36.066903, 43.154392, 42.616810
0.996780, 35.849961, 43.338235, 42.900946
0.997222, 36.468946, 43.318498, 42.921993
0.996966, 36.151218, 43.341900, 42.937023
0.997047, 36.041213, 43.222287, 42.669298
0.996981, 36.253820, 43.531796, 43.037295
0.997100, 36.227476, 43.296951, 42.913960
0.996923, 36.103157, 43.436617, 43.076013
0.997123, 36.175713, 43.280847, 42.926655
0.997035, 36.272662, 43.496875, 43.165643
0.997181, 36.238309, 43.559640, 43.283852
0.997095, 36.227826, 43.611306, 43.365032
0.997185, 36.166775, 43.474660, 43.094623
0.997154, 36.390226, 43.608966, 43.344495
0.997266, 36.481405, 43.603152, 43.228657
0.997136, 36.378443, 43.629952, 43.283573
0.997153, 36.198673, 43.486307, 43.044137
0.997205, 36.458812, 43.765681, 43.373717
0.997247, 36.401730, 43.781193, 43.187962
0.997175, 36.404769, 43.733709, 43.219709
0.997295, 36.254383, 43.517383, 42.753499
0.997304, 36.497059, 43.687777, 43.024798
0.997295, 36.314537, 43.675334, 43.084085
0.997254, 36.440528, 43.657100, 43.115722
0.997277, 36.232433, 43.430165, 42.911508
0.997248, 36.533263, 43.596508, 43.140422
0.997366, 36.447917, 43.520438, 42.996887
0.997242, 36.446421, 43.563794, 43.087010
0.997255, 36.173374, 43.357666, 42.830982
0.997176, 36.401282, 43.595252, 43.073043
0.997316, 36.382003, 43.634173, 42.953085
0.997118, 36.279039, 43.534685, 43.081322
0.997226, 36.144859, 43.325067, 42.780033
0.997164, 36.365821, 43.504481, 43.155635
0.997345, 36.489117, 43.475241, 43.034246
0.997192, 36.385327, 43.348617, 42.987363
0.997203, 36.163128, 43.286635, 42.823217
0.997157, 36.453465, 43.561776, 43.186438
0.997382, 36.509835, 43.517265, 43.018824
0.997228, 36.381324, 43.502315, 43.118721
0.997247, 36.211236, 43.395420, 42.840420
0.997173, 36.431078, 43.583309, 43.169165
0.997341, 36.326178, 43.484266, 43.029729
0.997174, 36.469204, 43.462928, 43.144463
0.997208, 36.147229, 43.343874, 42.790652
0.997182, 36.425174, 43.560530, 43.017934
0.997374, 36.460900, 43.514917, 42.914983
0.997254, 36.404184, 43.439904, 42.857036
0.997265, 36.134120, 43.335023, 42.705637
0.997296, 36.575614, 43.514447, 42.975890
0.997418, 36.466163, 43.299855, 42.861175
0.997252, 36.366197, 43.468848, 42.922402
0.997303, 36.175959, 43.350652, 42.647179
0.997355, 36.577901, 43.525731, 42.976979
0.997382, 36.281755, 43.379175, 42.924656
0.997274, 36.458064, 43.369287, 43.026686
0.997240, 36.156154, 43.174861, 42.762128
0.997302, 36.564363, 43.448567, 43.044716
0.997375, 36.319897, 43.411038, 42.925886
0.997021, 36.321594, 43.428266, 43.016625
0.996966, 36.028318, 43.319564, 42.787076
0.996692, 36.136830, 43.470474, 43.007998
0.997168, 36.290185, 43.321472, 42.920150
0.997048, 36.323561, 43.348674, 43.000692
0.997133, 36.007291, 43.114169, 42.556419
0.997083, 36.318022, 43.285800, 42.754682
0.997237, 36.256678, 43.239772, 42.778794
0.997170, 36.223244, 43.241701, 42.814466
0.997128, 35.961278, 43.079676, 42.526582
0.997270, 36.511119, 43.308299, 42.806181
0.997376, 36.328612, 43.198755, 42.804735
0.997241, 36.318845, 43.213845, 42.774535
0.997180, 36.022359, 43.135310, 42.558349
0.997243, 36.495068, 43.284965, 42.848167
0.997349, 36.391771, 43.164723, 42.736881
0.997086, 36.211151, 43.198482, 42.800849
0.997180, 35.952855, 43.024640, 42.509691
0.997285, 36.499848, 43.214283, 42.814615
0.997332, 36.339546, 43.091427, 42.699892
0.997259, 36.445341, 43.092385, 42.711634
0.997180, 35.987953, 42.844392, 42.384967
0.997230, 36.414434, 43.143708, 42.711975
0.997258, 36.258276, 43.105934, 42.687066
0.997235, 36.369783, 43.132567, 42.742430
0.997138, 35.973537, 43.088074, 42.515330
0.997224, 36.461848, 43.302873, 42.807178
0.997317, 36.312600, 43.216858, 42.707781
0.997170, 36.239968, 43.249646, 42.764152
0.997122, 35.903746, 43.114330, 42.549034
0.997147, 36.250235, 43.239938, 42.832989
0.997212, 36.169524, 43.174372, 42.608798
0.997206, 36.322297, 43.237569, 42.729968
0.997203, 35.994109, 43.057430, 42.495881
0.997198, 36.293347, 43.190576, 42.861630
0.997319, 36.207090, 43.117221, 42.742872
0.997305, 36.372253, 43.167431, 42.714367
0.997219, 35.918172, 43.037979, 42.501874
0.997332, 36.515908, 43.259486, 42.854111
0.997246, 36.103159, 43.050462, 42.640742
0.997105, 36.082227, 43.199137, 42.797464
0.997157, 35.800579, 43.019610, 42.541147
0.997252, 36.299805, 43.136547, 42.772902
0.997254, 36.081710, 42.987052, 42.606035
0.997238, 36.261603, 43.028522, 42.673262
0.997236, 35.865916, 42.865015, 42.387547
0.997250, 36.274346, 43.057958, 42.778001
0.997347, 36.119331, 43.001735, 42.631201
0.997225, 36.246203, 43.098674, 42.739090
0.997227, 35.917307, 42.955148, 42.430776
0.997165, 36.151056, 43.092172, 42.636856
0.997262, 35.984985, 43.008051, 42.440528
0.997186, 35.985314, 43.003248, 42.506339
0.997162, 35.784384, 42.923529, 42.335428
0.997188, 36.276056, 43.057166, 42.604988
0.997372, 36.093492, 42.912938, 42.593673
0.997250, 36.239924, 43.000014, 42.590825
0.997281, 35.843620, 42.882486, 42.259766
0.997233, 36.109292, 43.056373, 42.466364
0.997323, 36.030237, 43.006641, 42.380082
0.997271, 36.208564, 43.019819, 42.439841
0.997171, 35.708604, 42.801496, 42.140725
0.997169, 36.149952, 42.888529, 42.420271
0.997327, 35.969997, 42.765437, 42.273990
0.997213, 36.043128, 42.947261, 42.356866
0.997144, 35.650735, 42.724190, 42.017161
0.997207, 36.155248, 42.867745, 42.207932
0.997170, 35.759287, 42.702569, 42.043100
0.997152, 35.963470, 42.787672, 42.086481
0.997071, 35.522996, 42.619197, 41.844876
0.997173, 36.015354, 42.788715, 42.084876
0.997119, 35.714722, 42.752071, 41.985305
0.997058, 35.902871, 42.754879, 41.961966
0.996956, 35.401817, 42.624884, 41.776879
0.996912, 35.654965, 42.661189, 41.968334
0.997065, 35.578912, 42.513092, 41.844077
0.996914, 35.549627, 42.545511, 41.926478
0.996773, 35.176604, 42.450072, 41.651023
0.996327, 35.342870, 42.587837, 41.804742
0.996334, 34.917329, 42.332118, 41.526150
0.996251, 35.142298, 42.355787, 41.554687
0.996173, 34.690013, 42.144148, 41.338117
0.995889, 34.625287, 42.286226, 41.438261
0.995836, 34.211986, 42.135851, 41.314747
0.995432, 34.295858, 42.268039, 41.250674
0.995426, 33.912601, 42.155551, 41.163829
0.995417, 34.184437, 42.143806, 41.114374
0.995147, 33.984264, 41.957329, 40.950201
0.994882, 34.005027, 41.719509, 40.791820
0.994960, 34.153067, 42.204675, 41.246390
0.994663, 34.368560, 42.244142, 41.036452
0.995007, 34.468475, 42.529763, 41.424491
0.995053, 34.573725, 42.668139, 41.877446
0.995222, 34.633226, 42.406924, 41.806920
0.994659, 34.697587, 43.067638, 42.298452
0.994690, 35.026412, 43.763940, 42.877009
0.993136, 34.772738, 43.889762, 43.114330
0.994250, 35.059632, 43.830591, 43.053416
0.993598, 34.542425, 43.267131, 42.171333
0.994509, 34.620820, 43.186274, 42.416486
0.994080, 34.436344, 42.926399, 42.042933
0.995510, 34.937423, 43.194118, 42.231194
0.995304, 34.708321, 42.862337, 42.112966
0.995888, 35.383749, 43.026528, 42.089989
0.996297, 35.367878, 43.147159, 42.408516
0.996832, 36.122267, 43.657403, 42.856431
0.996197, 35.383643, 43.102036, 42.500015
0.996478, 35.639263, 42.970139, 42.179483
0.996199, 35.348914, 43.083607, 42.299783
0.996606, 35.975835, 43.223055, 42.613660
0.996284, 35.512462, 42.736783, 42.042054
0.996351, 35.550300, 42.483504, 41.704742
0.996149, 35.272082, 42.655310, 41.858804
0.996515, 35.889187, 42.918000, 42.154178
0.996214, 35.314820, 42.551714, 41.572816
0.996259, 35.475546, 42.518828, 41.501970
0.995887, 35.127476, 42.341292, 41.516321
0.996367, 35.630108, 42.681394, 41.756940
0.995880, 34.939755, 42.376603, 41.293120
0.996171, 35.290837, 42.247604, 41.201397
0.995823, 34.869409, 42.112286, 41.125771
0.996122, 35.335526, 42.400561, 41.510249
0.995723, 34.747747, 42.027110, 40.998995
0.995813, 34.894325, 42.005577, 40.932351
0.995692, 34.703330, 41.711170, 40.783049
0.995872, 34.939590, 42.223906, 41.177275
0.995397, 34.373649, 41.757762, 40.632661
0.995575, 34.594797, 41.564791, 40.544361
0.995181, 34.164542, 41.394848, 40.273886
0.995003, 34.117287, 41.641899, 40.662872
0.994390, 33.506983, 41.350652, 40.211822
