ms-ssim, psnr-y, psnr-u, psnr-v
0.989274, 36.162437, 43.171226, 41.882683
0.988256, 35.984845, 43.708534, 41.985594
0.988774, 36.395652, 43.543125, 42.090496
0.985268, 35.966184, 43.543716, 41.392795
0.986646, 35.763708, 42.931374, 41.696586
0.982600, 35.241608, 43.142307, 41.328633
0.985515, 35.678531, 43.490216, 41.904383
0.980682, 34.420857, 43.431892, 41.636335
0.982483, 34.680880, 43.657403, 42.027318
0.983916, 34.621943, 43.966131, 42.482162
0.988806, 37.368393, 42.949837, 41.277522
0.984323, 36.063009, 42.570611, 40.643284
0.984109, 36.007205, 42.089101, 40.388062
0.982807, 35.800939, 42.197778, 39.832885
0.983958, 36.022602, 41.870044, 39.841720
0.982004, 35.854333, 41.987700, 39.566881
0.983715, 36.265679, 42.161006, 40.338939
0.983578, 36.042805, 42.215194, 40.374312
0.983499, 35.857704, 41.755413, 40.422571
0.994209, 35.748106, 42.550586, 42.767462
0.993492, 35.224730, 42.614996, 42.978431
0.992788, 34.810101, 42.585751, 42.625506
0.992596, 34.783072, 42.422507, 42.336457
0.992801, 34.687484, 42.332521, 42.125779
0.993165, 34.730824, 42.264781, 41.994519
0.992574, 34.447827, 42.104897, 42.150403
0.992735, 34.583771, 41.954337, 41.950732
0.992446, 34.539251, 42.054743, 42.088721
0.992474, 34.294385, 41.641632, 41.652247
0.992002, 33.997480, 41.617219, 41.709116
0.992810, 35.468207, 41.685593, 42.622541
0.991112, 34.425783, 41.469595, 41.832067
0.990162, 34.334929, 41.232555, 41.825856
0.989093, 34.130353, 41.097654, 41.676050
0.989405, 33.811591, 40.827651, 40.993276
0.989198, 34.063668, 40.852573, 41.317790
0.988648, 34.042314, 40.863525, 41.454301
0.988398, 34.163343, 40.830656, 41.262959
0.986904, 33.298038, 40.826260, 41.204568
0.991234, 38.503206, 43.607647, 42.274034
0.987329, 37.177084, 43.486307, 41.420503
0.987888, 37.261954, 43.275289, 41.139099
0.987090, 37.201934, 43.402107, 41.061770
0.988483, 37.544771, 43.280180, 41.248897
0.988934, 37.812209, 43.462174, 41.611270
0.988864, 37.863822, 43.607647, 41.691105
0.988416, 37.874484, 43.757666, 41.738184
0.987944, 37.484437, 43.428093, 41.206396
0.987299, 37.381532, 43.334686, 41.478511
0.988224, 37.443310, 42.945046, 41.718034
0.987036, 37.163926, 43.245506, 41.654694
0.987314, 37.106827, 43.216693, 41.650030
0.988578, 37.298438, 43.079145, 41.823669
0.987217, 36.849835, 42.991836, 41.575331
0.986549, 36.559515, 42.926143, 41.564641
0.993549, 36.005554, 41.606501, 41.671210
0.989271, 33.885334, 40.995116, 40.569641
0.989187, 34.087840, 40.831415, 40.213771
0.988860, 34.366487, 40.626529, 40.335917
0.989659, 34.597865, 40.769645, 40.449178
0.987563, 34.064422, 40.708588, 40.340860
0.988657, 34.336438, 40.886891, 40.578409
0.987798, 33.890235, 40.584055, 40.606021
0.988921, 33.792012, 40.574977, 40.799729
0.987479, 33.225272, 40.265155, 40.248356
0.993694, 39.678519, 44.817101, 43.670951
0.991636, 38.308932, 44.573855, 43.190521
0.991236, 38.155554, 44.504301, 42.967706
0.990383, 37.834827, 44.309407, 43.040504
0.991084, 37.979217, 44.227646, 42.986636
0.989522, 37.598215, 43.870543, 42.097903
0.989875, 37.657381, 43.621461, 41.837051
0.989684, 37.564983, 43.546080, 42.067133
0.989921, 37.574940, 43.419299, 41.963485
0.989015, 37.542189, 43.392166, 41.629067
0.988784, 37.460495, 43.423435, 41.494074
0.988100, 37.314026, 43.405769, 41.698054
0.988570, 37.375034, 43.422171, 41.765250
0.987974, 37.326743, 43.393707, 41.779082
0.987158, 36.796633, 43.096009, 41.620254
0.993551, 37.197529, 42.424881, 43.291372
0.989649, 35.991575, 42.203807, 42.158514
0.989686, 35.710912, 41.639993, 41.540321
0.990843, 35.779299, 41.760231, 41.644417
0.991388, 35.853161, 41.707219, 41.601889
0.990536, 35.639495, 41.441755, 41.492969
0.990103, 35.271583, 41.476528, 41.552482
0.991029, 35.422806, 41.477960, 41.310646
0.990603, 34.968083, 41.277557, 41.071524
0.990911, 35.056446, 41.152843, 40.879654
0.990357, 35.014896, 41.187979, 40.750595
0.991356, 35.364114, 41.363546, 40.903686
0.989823, 34.918590, 41.154241, 40.600586
0.990181, 35.051439, 41.233631, 40.635291
0.990224, 35.097482, 41.363081, 40.637197
0.991265, 35.424074, 41.395208, 40.896099
0.989695, 34.843657, 41.355362, 40.778671
0.989899, 34.915309, 41.458723, 40.962544
0.989789, 34.673963, 41.323244, 40.866108
0.990404, 34.803514, 41.443030, 40.938931
0.989147, 34.098022, 41.008807, 40.698295
0.988900, 33.773974, 40.850252, 40.383065
0.989231, 33.671179, 40.825533, 40.414400
0.990170, 33.770629, 40.630424, 40.148308
0.989018, 33.147488, 40.344112, 39.863366
0.988670, 33.042573, 40.102424, 39.752816
0.987704, 32.551446, 40.095046, 39.569460
0.992964, 39.419802, 44.276335, 43.162232
0.989180, 37.898251, 44.079283, 42.009684
0.989050, 37.951376, 43.744464, 41.693960
0.988502, 37.851859, 43.623567, 41.752948
0.989699, 38.028873, 43.190194, 41.549271
0.988516, 37.738960, 43.255393, 41.615172
0.988092, 37.584821, 43.120061, 41.461759
0.988053, 37.431246, 43.117382, 41.405164
0.988247, 37.298806, 42.854363, 41.183653
0.987742, 37.048154, 42.799405, 41.195268
0.987848, 37.172506, 42.744494, 41.087808
0.986381, 36.663599, 42.487348, 40.898027
0.984784, 36.081498, 42.095573, 40.205626
0.998016, 42.463575, 47.074369, 48.283840
0.997348, 41.320392, 47.321610, 48.032360
0.996714, 40.559159, 46.610577, 47.673076
0.996507, 40.423904, 46.899038, 48.046668
0.996696, 41.108763, 46.828347, 48.144588
0.996530, 40.837424, 46.975324, 48.047168
0.996100, 41.132574, 47.700226, 48.990014
0.995627, 41.077406, 47.663605, 48.444842
0.996176, 41.876842, 48.945512, 49.367523
0.995836, 42.399528, 48.996023, 49.145809
0.995854, 42.545523, 49.005781, 49.707583
0.996848, 43.837619, 48.731746, 49.854917
0.997065, 44.491493, 50.058238, 50.788466
0.997210, 45.241494, 50.442895, 51.001331
0.997407, 45.553746, 50.573904, 51.449848
0.998013, 46.971874, 50.641223, 51.185850
0.998046, 46.539357, 50.829707, 51.328598
0.997784, 46.395026, 51.537937, 51.659133
0.997904, 46.308061, 51.385024, 51.352079
0.997691, 45.930398, 51.281662, 51.302773
0.997956, 46.071694, 51.035689, 50.995083
0.997642, 45.724813, 50.964632, 50.611342
0.997300, 45.290205, 50.422399, 50.005593
0.997189, 44.433250, 49.922922, 49.721040
0.997172, 44.572731, 49.731589, 49.510349
0.996579, 44.043518, 50.230574, 49.681523
0.997162, 44.724764, 50.045281, 49.380418
0.996673, 44.987873, 50.501741, 50.153015
0.997465, 46.154655, 50.521437, 50.599926
0.997146, 46.378111, 51.365656, 50.613749
0.997051, 46.027815, 51.335345, 50.863685
0.997984, 46.847967, 51.223783, 51.363868
0.997969, 46.145341, 50.717919, 51.325051
0.997920, 45.584077, 50.249352, 50.605330
0.997947, 45.058548, 50.119043, 50.219841
0.997536, 44.270830, 50.243268, 50.086402
0.996987, 43.705573, 50.053210, 50.008210
0.997163, 43.646650, 50.119043, 50.111798
0.997650, 43.922714, 50.032626, 50.202011
0.997816, 44.419294, 50.514078, 50.767525
0.997735, 44.272787, 50.584952, 50.915962
0.997854, 44.917844, 50.586447, 51.050307
0.997817, 44.960664, 50.618567, 51.088748
0.997836, 44.915838, 50.394553, 50.645163
0.997841, 44.620642, 50.437689, 50.776577
0.998005, 44.632623, 50.133301, 50.621279
0.997664, 43.760087, 50.554266, 50.682917
0.997471, 43.642507, 50.522616, 50.600526
0.998191, 44.750980, 50.426144, 50.411756
0.997697, 43.980858, 50.482134, 50.587344
0.997656, 43.854280, 50.320783, 50.686588
0.997941, 43.853471, 50.128722, 50.717610
0.998370, 44.665529, 50.270992, 50.872301
0.998103, 44.283756, 50.798504, 51.674475
0.998135, 44.980710, 51.071658, 51.827767
0.998596, 45.610673, 50.872620, 51.744193
0.998213, 44.636212, 51.128887, 51.769646
0.998403, 44.982788, 51.258557, 51.865344
0.998355, 44.899336, 51.141104, 51.764544
0.998444, 44.968614, 50.991142, 51.801180
0.998498, 45.012250, 51.279206, 52.006945
0.998611, 44.916648, 51.393659, 51.957453
0.998481, 45.286298, 51.401229, 51.964430
0.998532, 44.484589, 51.027074, 51.270795
0.998582, 44.507693, 50.756003, 51.335700
0.998444, 44.167541, 50.547739, 51.066979
0.998449, 44.227248, 50.664303, 50.934716
0.998380, 44.036348, 50.007686, 50.713605
0.998318, 44.007141, 49.793937, 50.487101
0.998332, 43.921086, 49.940413, 50.713297
0.998367, 43.897736, 50.145443, 50.472801
0.998387, 44.286910, 49.916253, 50.423839
0.998377, 44.352829, 49.646937, 50.347026
0.997826, 43.319774, 49.926003, 50.204202
0.997946, 43.517955, 49.666735, 50.182619
0.997886, 43.327469, 49.714918, 50.153015
0.998041, 43.158567, 49.241735, 50.131684
0.997979, 43.128511, 49.579529, 49.809664
0.998060, 43.208686, 49.868585, 49.581901
0.998287, 43.605893, 49.410883, 49.520164
0.997875, 43.314292, 49.325933, 49.241296
0.997851, 44.081724, 49.566976, 49.190904
0.998198, 45.050536, 49.442024, 49.226182
0.997971, 43.355614, 47.310905, 46.606987
0.996512, 41.843877, 47.090787, 45.515476
0.996797, 41.609727, 46.710005, 45.303742
0.996461, 41.473821, 46.525569, 44.993913
0.997135, 42.135520, 46.507759, 45.161046
0.996375, 41.634231, 46.514781, 45.107101
0.996688, 41.835784, 46.627372, 45.144955
0.996330, 41.400481, 46.403208, 45.014426
0.996295, 40.854346, 46.243741, 44.772491
0.997748, 41.800339, 46.466099, 47.405192
0.997034, 40.784270, 46.528153, 47.306406
0.996687, 40.144423, 46.432988, 47.303736
0.996522, 40.150268, 46.003386, 47.099220
0.996560, 39.923827, 45.926817, 47.096273
0.996289, 39.929550, 45.530482, 46.798364
0.996165, 39.734772, 45.234031, 46.539092
0.996041, 39.584061, 45.167483, 46.395339
0.996131, 39.641141, 44.962670, 46.367853
0.996080, 39.603032, 44.786471, 46.130254
0.996032, 39.618729, 44.869545, 46.162639
0.995717, 39.302999, 44.422222, 45.709559
0.995782, 39.253744, 44.390582, 45.731311
0.995547, 39.207446, 44.217835, 45.455965
0.995442, 38.978778, 44.091332, 45.546102
0.995210, 38.965708, 43.857248, 45.304097
0.995187, 38.924630, 44.069935, 45.481647
0.994649, 38.554566, 43.725260, 44.977524
0.994427, 38.478364, 43.520555, 44.989295
0.993963, 38.024406, 43.703136, 45.272573
0.998176, 39.941354, 47.613845, 47.621998
0.997206, 37.982886, 47.268626, 47.243067
0.997055, 37.810741, 46.961672, 46.932176
0.996939, 37.701350, 46.205618, 46.239782
0.996730, 37.620136, 45.757794, 45.648787
0.996475, 37.351838, 45.390834, 45.144271
0.996157, 37.039770, 45.093994, 44.986823
0.995361, 36.211552, 44.389935, 44.522695
