ms-ssim, psnr-y, psnr-u, psnr-v
0.997520, 45.022154, 51.949823, 51.992954
0.996290, 43.361883, 51.094308, 51.003919
0.996673, 44.118242, 51.041374, 51.078895
0.996505, 43.533245, 50.974288, 51.035300
0.997318, 44.888314, 51.536627, 51.399850
0.996351, 43.343195, 50.693243, 50.982095
0.996579, 43.874488, 50.760169, 51.004650
0.996250, 43.195031, 50.600422, 50.990061
0.996996, 43.883316, 50.752819, 51.098898
0.996345, 43.226678, 50.502150, 51.003956
0.996401, 43.288706, 50.361529, 50.902687
0.996111, 42.889159, 50.275559, 50.779099
0.996370, 43.112707, 50.016339, 50.584010
0.995094, 42.433746, 49.861006, 50.319142
0.994247, 42.320705, 49.351734, 49.814066
0.992335, 41.403799, 48.754611, 48.907104
0.992500, 42.058504, 48.419101, 48.780080
0.991210, 41.259210, 48.049776, 48.161201
0.991379, 41.368550, 48.197666, 48.306639
0.991709, 41.662425, 48.384092, 48.539147
0.993112, 42.144844, 48.934893, 48.871705
0.993801, 42.137889, 49.053966, 49.160406
0.996338, 42.265473, 50.552621, 51.903924
0.994112, 40.613207, 50.512380, 51.699405
0.993279, 40.328171, 50.168838, 51.379810
0.992888, 40.126046, 50.039680, 51.313328
0.993264, 40.147362, 49.694443, 51.048786
0.991957, 39.815673, 49.522460, 51.018188
0.991523, 39.554305, 49.388694, 50.921068
0.991454, 39.508071, 49.301390, 50.862619
0.992623, 39.772251, 49.224163, 50.708607
0.991923, 39.744979, 49.285771, 50.881364
0.991620, 39.561478, 49.101035, 50.701514
0.991276, 39.223026, 49.055179, 50.678849
0.991211, 39.211898, 48.882068, 50.486688
0.989271, 38.520412, 48.177328, 49.941395
0.989393, 38.585878, 48.104363, 49.995353
0.990119, 38.852971, 48.198413, 50.037633
0.990849, 39.001683, 48.055200, 49.856320
0.990506, 38.958056, 47.970941, 50.062470
0.990247, 38.777258, 47.909639, 50.036405
0.990484, 38.863662, 48.015756, 50.047000
0.991636, 39.266704, 47.817263, 49.746959
0.991127, 38.999360, 48.072369, 50.009536
0.990952, 39.018359, 48.007302, 49.997902
0.990939, 38.948908, 48.106855, 50.047820
0.992377, 39.862178, 47.915914, 49.812067
0.991561, 39.372348, 48.119640, 50.013896
0.991257, 39.309644, 47.906273, 49.822879
0.992051, 39.568140, 48.359802, 50.175534
0.993176, 40.002352, 47.793809, 49.640285
0.992669, 39.704008, 48.117347, 49.906926
0.992277, 39.698145, 48.130917, 49.927175
0.992276, 39.837859, 48.268336, 50.073630
0.993421, 40.190029, 48.107062, 49.910503
0.992502, 40.035090, 48.360160, 50.080771
0.992100, 39.891179, 48.475484, 50.246560
0.992256, 39.958697, 48.467369, 50.104996
0.992590, 39.745224, 48.135103, 49.891179
0.992352, 39.804338, 48.226147, 50.016398
0.992400, 39.819277, 48.275112, 50.084730
0.992074, 39.804009, 48.268648, 50.127476
0.993293, 40.249493, 48.243291, 50.047351
0.992154, 39.715425, 48.291160, 50.153615
0.992104, 39.560497, 48.240603, 50.074368
0.992183, 39.528304, 48.290104, 50.210171
0.992381, 39.479687, 48.027778, 49.880985
0.992520, 39.596816, 48.334403, 50.253285
0.992366, 39.476982, 48.056905, 50.034155
0.992091, 39.285600, 48.224529, 50.097993
0.993067, 39.589079, 48.141504, 49.960541
0.992562, 39.416698, 48.099363, 50.006748
0.992318, 39.290286, 48.074527, 49.995324
0.992230, 39.165831, 48.137104, 50.002685
0.991143, 38.495760, 47.883047, 49.832798
0.992325, 38.811511, 48.365728, 50.461146
0.995347, 40.746334, 49.821043, 52.007611
0.999547, 49.178783, 55.510745, 56.243081
0.998557, 46.138638, 52.550325, 54.037476
0.996252, 42.913047, 50.398579, 51.248120
0.996088, 43.028285, 50.933737, 51.278053
0.992460, 40.251939, 49.190303, 49.420743
0.993373, 40.757672, 49.322916, 49.828031
0.992885, 40.498092, 49.527450, 50.366163
0.993330, 40.208179, 49.198587, 50.187745
0.992875, 40.323338, 49.238322, 50.234121
0.993238, 40.895121, 49.213992, 50.213824
0.993172, 40.800501, 49.106884, 50.210171
0.993821, 40.860531, 49.204520, 50.203240
0.993526, 40.780249, 48.984788, 49.994368
0.994107, 41.242541, 49.087457, 50.072864
0.995010, 42.032937, 49.223557, 50.271083
0.995835, 42.452972, 49.574161, 50.676951
0.995079, 42.182558, 49.291824, 50.426759
0.994815, 41.904849, 49.373963, 50.319392
0.994298, 42.007418, 49.109717, 50.205276
0.994802, 42.212818, 49.064751, 50.392577
0.994237, 42.870598, 49.126634, 50.529243
0.995079, 43.422772, 49.462932, 50.641726
0.994001, 43.287765, 49.196972, 50.228068
0.994545, 43.765069, 49.345247, 50.308050
0.994175, 43.667151, 49.345645, 50.230696
0.995083, 44.236968, 49.682840, 50.674310
0.993734, 43.726621, 49.404841, 50.439762
0.994049, 44.061041, 49.441289, 50.518712
0.993839, 44.101104, 49.581500, 50.579668
0.994768, 44.503669, 49.708461, 50.806203
0.992884, 43.620142, 49.464495, 50.578442
0.993118, 43.589414, 49.405801, 50.714344
0.992965, 43.921163, 49.869127, 51.019948
0.993774, 43.912853, 49.939708, 50.970734
0.991966, 43.108941, 49.567255, 50.821552
0.992197, 43.328482, 49.469444, 50.542427
0.991706, 43.220289, 49.628959, 50.664941
0.993551, 44.082359, 50.099417, 51.167194
0.991816, 43.137518, 49.646988, 50.716360
0.992029, 43.111909, 49.515584, 50.596130
0.991820, 43.125932, 49.752432, 50.909651
0.993000, 43.047420, 49.733607, 50.874197
0.991862, 42.615478, 49.436093, 50.615059
0.992736, 43.213400, 49.427090, 50.542000
0.992971, 43.198915, 49.531664, 50.747789
0.994572, 43.949374, 49.818401, 50.915624
0.992924, 43.109392, 49.313303, 50.606618
0.993153, 42.974605, 49.143333, 50.439634
0.993010, 42.046054, 48.975207, 50.153165
0.994416, 42.921983, 49.178435, 50.493502
0.993713, 42.649128, 49.070902, 50.367582
0.993717, 42.523271, 48.825341, 50.243125
0.993550, 42.215682, 48.702244, 50.184870
0.994136, 42.370806, 48.708591, 50.249998
0.992976, 41.830672, 48.295230, 50.121927
0.992720, 41.461402, 48.188984, 49.893470
0.993251, 41.184054, 48.020348, 49.891999
0.995546, 45.448096, 49.552403, 50.867254
0.992775, 43.695924, 48.502709, 49.923414
0.992081, 43.316663, 47.838146, 49.261076
0.990829, 42.909242, 47.675418, 49.203965
0.992765, 43.625372, 47.829520, 49.506286
0.991860, 42.900565, 47.951924, 49.536846
0.993355, 43.667109, 47.785671, 49.404740
0.992482, 43.284667, 47.828641, 49.419678
0.992056, 42.826034, 47.574323, 49.357655
0.993388, 43.384127, 47.731226, 49.386806
0.992318, 42.954245, 47.653290, 49.379362
0.991683, 42.707998, 47.332681, 49.053243
0.992098, 42.869911, 47.762163, 49.454461
0.993521, 43.507909, 47.509147, 49.284639
0.990255, 41.960949, 47.218838, 49.167245
0.990815, 42.216658, 47.365335, 49.062087
0.990511, 41.891461, 47.134974, 48.789854
0.992847, 42.649046, 47.405694, 49.194178
0.991784, 42.162643, 47.444034, 49.338446
0.992068, 42.258580, 47.287570, 49.128294
0.992645, 42.570422, 47.555542, 49.506104
0.993173, 42.620948, 47.370996, 49.362959
0.992253, 42.346029, 47.548267, 49.366139
0.991899, 42.259166, 47.401868, 49.315481
0.991350, 42.053312, 46.959688, 48.987427
0.992921, 42.845110, 47.485346, 49.441085
0.991612, 42.543930, 47.060309, 49.002907
0.991863, 42.687056, 47.409173, 49.421783
0.991651, 42.488265, 47.146725, 49.206862
0.993416, 43.377882, 47.550031, 49.594418
0.991959, 42.768367, 47.407960, 49.397542
0.992050, 42.912472, 47.670888, 49.635618
0.992459, 42.973909, 47.837371, 49.797323
0.993527, 43.474549, 47.768904, 49.798209
0.992293, 42.934244, 47.966909, 49.760325
0.991832, 42.691718, 47.863400, 49.729683
0.991581, 42.508289, 47.578089, 49.480155
0.992968, 43.118029, 48.035572, 49.921819
0.991487, 42.432238, 47.717648, 49.587348
0.991734, 42.494841, 47.759704, 49.728648
0.991879, 42.472287, 47.872307, 49.805936
0.993032, 42.899623, 47.709891, 49.673984
0.991822, 42.494463, 47.792920, 49.719100
0.991397, 42.314213, 47.400641, 49.567333
0.990759, 42.003902, 47.040599, 49.333346
0.990468, 41.614342, 46.993923, 49.213968
0.997052, 44.137977, 52.004207, 51.728440
0.995021, 41.924375, 50.821236, 50.398674
0.995169, 42.236378, 50.743039, 50.558716
0.994411, 41.218450, 50.106571, 50.073571
0.995149, 42.033899, 50.127237, 49.953108
0.994606, 41.562902, 49.428411, 49.241461
0.994692, 41.508218, 49.027260, 49.068351
0.994224, 41.385290, 48.905730, 48.834331
0.995050, 41.648479, 49.062250, 49.149882
0.994528, 41.551762, 48.835816, 48.870185
0.994765, 42.185329, 49.022513, 49.028605
0.994569, 42.123018, 49.045697, 49.113757
0.995261, 42.670660, 49.773210, 49.678504
0.994376, 42.357467, 49.615168, 49.500055
0.995325, 42.994517, 50.167060, 49.828031
0.994482, 42.176136, 49.430572, 49.492207
0.994427, 42.111909, 49.427725, 49.512577
0.994127, 42.290860, 49.317710, 49.376674
0.994926, 42.632790, 49.436271, 49.522902
0.994482, 42.409681, 49.197815, 49.246478
0.994868, 42.572247, 49.407445, 49.490171
0.994588, 42.290872, 49.212492, 49.424118
0.995847, 44.332734, 49.926662, 50.088131
0.994745, 43.325769, 49.338296, 49.554443
0.995084, 43.445765, 49.381724, 49.669280
0.994862, 43.286871, 49.758022, 49.956722
0.996050, 44.584936, 50.126401, 50.155207
0.994716, 42.797061, 49.885303, 50.093430
0.995094, 42.729837, 49.936050, 49.920937
0.995145, 42.629828, 49.870337, 50.041436
0.996269, 43.975012, 50.013780, 50.104699
0.995469, 42.636094, 50.106927, 50.181242
0.995410, 42.455236, 49.692417, 49.795830
0.995032, 42.102660, 49.748546, 49.972133
0.995612, 42.624471, 49.664474, 49.829118
0.995035, 42.262415, 49.649207, 49.749120
0.995001, 42.298479, 49.633193, 49.692768
0.994816, 42.161252, 49.730091, 49.767793
0.995498, 42.975210, 49.771670, 49.753254
0.995109, 42.679545, 49.576737, 49.428055
0.995086, 42.362883, 49.675006, 49.573057
0.994844, 41.907158, 49.689204, 49.587216
0.995028, 42.055847, 49.483860, 49.405827
0.994660, 42.040832, 49.393532, 49.535699
0.994857, 42.579947, 49.551566, 49.515740
0.994589, 41.791202, 49.486048, 49.401607
0.995483, 43.252440, 50.040792, 49.725517
0.995131, 42.962133, 49.865360, 49.720594
0.995490, 43.330168, 49.953050, 49.854357
0.995380, 43.011284, 50.040148, 50.034768
0.994997, 42.000011, 49.636524, 49.508770
0.995611, 42.949323, 49.994629, 52.152110
0.992935, 41.483181, 49.270403, 51.486090
0.992768, 41.464226, 48.658709, 51.199590
0.992072, 40.936649, 48.269640, 50.754854
0.993077, 41.192550, 48.449401, 50.856507
0.993225, 41.271697, 48.361671, 50.857672
0.992584, 41.507232, 48.416926, 50.662847
0.992905, 41.243238, 48.046114, 50.463791
0.991843, 41.223123, 48.157330, 50.290472
0.991920, 41.154307, 47.796531, 50.107610
0.991561, 41.069809, 47.815667, 50.137278
0.992728, 41.388867, 48.121953, 50.358002
0.991564, 41.292017, 47.942221, 50.042636
0.991439, 41.293225, 47.845483, 49.905678
0.990333, 40.867671, 47.291453, 49.299145
0.992048, 41.296387, 47.818613, 49.600019
0.989990, 40.545434, 47.325018, 49.199503
0.988647, 40.196097, 47.203950, 49.064073
0.988961, 39.859104, 47.069792, 48.845049
