ms-ssim, psnr-y, psnr-u, psnr-v
0.998176, 41.352633, 45.991224, 47.602288
0.997966, 40.810109, 45.795555, 47.198320
0.998021, 40.848126, 45.631435, 47.125602
0.997900, 40.621859, 45.510198, 47.085396
0.997929, 40.655886, 45.648079, 47.146890
0.997738, 40.283239, 45.690041, 47.177717
0.997922, 40.619429, 45.700822, 47.086004
0.997811, 40.365691, 45.802551, 47.157574
0.997900, 40.503445, 45.656495, 46.959962
0.997826, 40.353237, 45.791505, 46.991588
0.997741, 40.242283, 45.829564, 47.046146
0.997789, 40.299621, 45.887303, 47.109958
0.997892, 40.474808, 45.686228, 46.948059
0.997678, 40.070602, 45.653713, 46.929193
0.997490, 39.720093, 45.404281, 46.642009
0.997407, 39.560564, 45.347416, 46.524058
0.997185, 39.337758, 45.317422, 46.345605
0.997161, 39.330290, 45.352921, 46.511226
0.997184, 39.309456, 45.354642, 46.549640
0.997270, 39.539197, 45.075723, 46.298637
0.997349, 39.673228, 45.181436, 46.363600
0.997298, 39.616933, 45.089559, 46.279223
0.997350, 39.825305, 45.197514, 46.247513
0.997469, 39.926112, 45.250727, 46.505997
0.997640, 40.159678, 45.708725, 46.853318
0.997751, 40.277310, 45.918824, 47.086374
0.997837, 40.462220, 45.822258, 46.990674
0.997897, 40.626293, 45.741396, 47.011455
0.997967, 40.749947, 46.070525, 47.270559
0.997998, 40.810633, 46.283803, 47.450911
0.998069, 41.005099, 46.167043, 47.442908
0.998219, 41.175181, 46.081624, 47.579301
0.998288, 41.409236, 46.305515, 47.642715
0.998294, 41.454050, 46.362584, 47.717442
0.998244, 41.384018, 46.485623, 47.755190
0.998291, 41.412641, 46.241141, 47.722432
0.998479, 41.818919, 46.741968, 48.005379
0.998551, 41.959672, 46.962222, 48.098952
0.998463, 41.788044, 46.961718, 48.103333
0.998455, 41.841596, 47.027698, 48.119114
0.998472, 41.916415, 46.704943, 48.002010
0.998401, 41.805612, 46.689523, 47.965875
0.998442, 41.838834, 46.947169, 48.095192
0.998445, 41.833721, 46.894811, 48.056201
0.998564, 42.070348, 46.914453, 48.220024
0.998516, 41.990500, 47.180503, 48.334680
0.998499, 42.009244, 47.182594, 48.337822
0.998461, 41.945164, 47.093791, 48.246677
0.998610, 42.260992, 47.110643, 48.375229
0.998511, 42.034553, 47.160241, 48.288090
0.998510, 42.069077, 47.022438, 48.217947
0.998593, 42.221866, 47.228352, 48.338099
0.998595, 42.376224, 47.161070, 48.359981
0.998532, 42.200044, 47.322091, 48.444819
0.998526, 42.000674, 47.373323, 48.496061
0.998509, 42.031184, 47.294935, 48.374731
0.998601, 42.301045, 47.153403, 48.369669
0.998574, 42.182729, 47.312494, 48.373993
0.998556, 42.176005, 47.273328, 48.342431
0.998512, 42.010990, 47.275820, 48.332250
0.998563, 42.175460, 47.120073, 48.326410
0.998535, 42.098940, 47.324830, 48.448346
0.998549, 42.197490, 47.174389, 48.253575
0.998607, 42.249316, 47.294717, 48.421015
0.998642, 42.441884, 47.268225, 48.458355
0.998567, 42.281957, 47.381690, 48.479383
0.998578, 42.223130, 47.410850, 48.563506
0.998551, 42.269908, 47.180715, 48.417409
0.998599, 42.290780, 47.116967, 48.383452
0.998640, 42.413570, 47.351639, 48.613458
0.998666, 42.706622, 47.459171, 48.622758
0.998565, 42.500289, 47.421531, 48.605061
0.998540, 42.259962, 47.201500, 48.541032
0.998650, 42.521660, 47.609354, 48.630131
0.998695, 42.611558, 47.464520, 48.571238
0.998694, 42.633876, 47.565692, 48.699256
0.998682, 42.594112, 47.459478, 48.709646
0.998601, 42.450454, 47.389423, 48.638280
0.998708, 42.637716, 47.428500, 48.605629
0.998618, 42.368443, 47.458848, 48.458234
0.998645, 42.419341, 47.531749, 48.578776
0.998729, 42.641386, 47.726346, 48.747022
0.998734, 42.769269, 47.590422, 48.658539
0.998643, 42.595766, 47.589606, 48.519808
0.998682, 42.518552, 47.938775, 48.869716
0.998769, 42.692547, 47.577624, 48.667061
0.998653, 42.502256, 47.610324, 48.549140
0.998658, 42.466660, 47.505686, 48.531637
0.998635, 42.511039, 47.508821, 48.449239
0.998679, 42.621722, 47.283846, 48.486333
0.998672, 42.333110, 47.719928, 48.757941
0.998656, 42.267534, 47.463695, 48.622884
0.998684, 42.456176, 47.608318, 48.661520
0.998711, 42.494313, 47.448188, 48.564984
0.998726, 42.716382, 47.449090, 48.628799
0.998677, 42.626799, 47.504870, 48.730068
0.998652, 42.446804, 47.615376, 48.820412
0.998653, 42.316975, 47.330737, 48.647676
0.998654, 42.395221, 47.459381, 48.676434
0.998733, 42.591376, 47.331975, 48.615839
0.998685, 42.497324, 47.390615, 48.554477
0.998633, 42.403604, 47.478155, 48.566214
0.998680, 42.445171, 47.653763, 48.818578
0.998737, 42.556465, 47.380802, 48.635548
0.998636, 42.288049, 47.599235, 48.736001
0.998671, 42.411660, 47.430521, 48.578483
0.998655, 42.400067, 47.451701, 48.510232
0.998677, 42.445763, 47.227709, 48.452384
0.998626, 42.235831, 47.330533, 48.623285
0.998587, 42.109318, 46.935100, 48.359147
0.998564, 42.078803, 47.150243, 48.438906
0.998637, 42.260527, 47.049627, 48.432072
0.998649, 42.383375, 47.111404, 48.464397
0.998554, 42.191863, 47.030214, 48.373973
0.998565, 42.111185, 47.011761, 48.256329
0.998532, 42.081002, 46.834733, 48.249602
0.998583, 42.245198, 46.780762, 48.293820
0.998604, 42.387157, 47.081397, 48.440040
0.998547, 42.288697, 47.011513, 48.352992
0.998460, 42.043431, 47.067549, 48.172567
0.998543, 42.260101, 47.046351, 48.319219
0.998474, 42.139022, 47.235125, 48.397681
0.998472, 42.246775, 47.072687, 48.333613
0.998506, 42.321555, 47.177415, 48.452668
0.998470, 42.205595, 47.025929, 48.370984
0.998395, 41.987649, 46.857393, 48.146174
0.998546, 43.162971, 48.250745, 50.207708
0.998281, 41.774663, 46.786802, 49.315357
0.998520, 42.376507, 47.157378, 49.541121
0.998413, 41.970898, 47.091208, 49.492233
0.998178, 41.732566, 46.502951, 48.778483
0.998153, 41.585910, 46.437941, 48.696958
0.998327, 42.258193, 46.861416, 48.933646
0.998279, 42.125599, 46.994518, 48.958275
0.998244, 42.028725, 46.918016, 48.884848
0.998058, 41.682100, 46.612476, 48.522014
0.998246, 42.186256, 46.958163, 48.867080
0.998060, 41.967080, 46.676314, 48.536166
0.998209, 42.370985, 47.195781, 48.847450
0.998237, 42.577191, 47.201682, 48.857711
0.998131, 41.889413, 46.311549, 48.320932
0.998128, 41.842604, 46.398334, 48.456547
0.998360, 42.297657, 46.896896, 48.927935
0.998201, 41.979482, 46.448101, 48.588441
0.998257, 41.995899, 46.590354, 48.681395
0.998033, 41.574375, 46.070877, 48.279752
0.998303, 42.093339, 46.441095, 48.520570
0.998034, 41.519317, 45.731935, 47.999193
0.998135, 41.747738, 46.235021, 48.353687
0.998125, 41.691182, 46.199183, 48.377084
0.998240, 42.079304, 46.366512, 48.458335
0.998013, 41.697494, 45.962286, 48.224452
0.998080, 41.745556, 46.155414, 48.396158
0.998191, 41.822371, 46.302137, 48.414128
0.998227, 41.964541, 46.272668, 48.393473
0.998068, 41.478834, 45.988058, 48.198470
0.998073, 41.547678, 46.003149, 48.248459
0.997975, 41.640687, 45.936200, 48.122875
0.998074, 41.813378, 46.155689, 48.333317
0.997865, 41.235275, 45.978425, 48.252295
0.997754, 40.959168, 45.682719, 47.939749
0.997812, 40.965084, 45.595297, 47.858635
0.998140, 41.689555, 46.142157, 48.216697
0.998090, 41.557011, 45.868923, 48.080690
0.998057, 41.366049, 45.885122, 48.121690
0.997816, 40.885736, 45.742124, 47.912811
0.998025, 41.498489, 45.933449, 48.063971
0.997831, 41.259084, 45.594519, 47.911969
0.998008, 41.440963, 46.045240, 48.207516
0.997945, 41.387901, 45.826470, 48.129955
0.998119, 41.619651, 46.031711, 48.324064
0.997713, 40.911708, 45.353090, 47.997749
0.997849, 41.086652, 45.576267, 48.172872
0.998004, 41.306456, 45.712947, 48.164030
0.998059, 41.479494, 45.794036, 48.160840
0.997826, 41.067696, 45.637302, 48.079796
0.997788, 41.131003, 45.567327, 47.985172
0.997800, 40.990380, 45.464041, 47.918929
0.998000, 41.509112, 45.878766, 48.179348
0.997995, 41.329601, 45.962172, 48.200826
0.997856, 41.005399, 45.690783, 47.944459
0.997801, 41.128588, 45.554757, 47.926115
0.998010, 41.587429, 45.903379, 48.066793
0.998021, 41.503675, 45.873091, 48.108674
0.998044, 41.438141, 45.928724, 48.160878
0.997817, 41.043925, 45.791362, 48.031093
0.998043, 41.509356, 45.875546, 48.050516
0.997893, 41.288354, 45.689483, 47.954729
0.997912, 41.450376, 45.607563, 48.062115
0.997942, 41.377488, 45.722799, 48.108618
0.997905, 41.566047, 45.785108, 48.138747
0.997566, 41.167839, 45.203399, 47.699553
0.997581, 41.006282, 45.349512, 47.651501
0.997866, 41.383035, 45.587608, 47.883243
0.997904, 41.447836, 45.604390, 47.890657
0.997753, 40.951964, 45.513437, 47.732275
0.997819, 40.955118, 45.330439, 47.749316
0.997708, 40.817079, 45.301612, 47.718951
0.997981, 41.332152, 45.805806, 48.054718
0.997909, 41.142925, 45.792539, 48.116671
0.997768, 41.040445, 45.425178, 47.812005
0.997720, 40.921479, 45.439182, 47.845942
0.997856, 41.123724, 45.453812, 47.962192
0.997871, 41.126210, 45.559426, 47.768054
0.997840, 40.949098, 45.651710, 47.810201
0.997409, 40.374763, 45.301425, 47.397344
0.997827, 41.233050, 45.790482, 47.829063
0.997598, 40.910069, 45.579283, 47.689682
0.997854, 41.193088, 45.713109, 47.860849
0.997893, 41.230380, 45.812068, 47.932882
0.997900, 41.341615, 45.662225, 47.778922
0.997625, 41.003031, 45.306026, 47.620334
0.997618, 40.973202, 45.115031, 47.419082
0.997867, 41.152534, 45.527015, 47.781165
0.997888, 41.300087, 45.597127, 47.743036
0.997685, 41.062688, 45.473875, 47.710627
0.997854, 41.115132, 45.563463, 47.830576
0.997781, 41.038655, 45.430438, 47.686839
0.997947, 41.472703, 45.801581, 48.077486
0.997969, 41.344128, 45.901991, 48.088000
0.997728, 40.918782, 45.460666, 47.737627
0.997662, 41.015066, 45.370366, 47.677693
0.997987, 41.488605, 45.667085, 47.963280
0.997960, 41.401691, 45.467255, 48.010619
0.997946, 41.306882, 45.557154, 48.030761
0.997801, 40.932324, 45.486448, 47.894314
0.997945, 41.245893, 45.516998, 48.068911
0.997852, 41.106986, 45.601463, 47.984862
0.997937, 41.249694, 45.516265, 47.806054
0.997955, 41.335088, 45.644569, 47.923131
0.997833, 41.357088, 45.746117, 47.926727
0.997648, 40.906749, 45.327690, 47.680717
0.997519, 40.835926, 45.163571, 47.519926
0.997692, 40.981011, 45.361142, 47.712715
0.997718, 41.118902, 45.403979, 47.717768
0.997648, 40.911743, 45.540386, 47.657227
0.997714, 41.007996, 45.461981, 47.625969
0.997548, 40.911943, 45.354453, 47.497695
0.997755, 41.170904, 45.489772, 47.671160
0.997826, 41.102095, 45.626720, 47.746054
0.997550, 40.851743, 45.646643, 47.763098
0.997832, 41.442878, 45.672358, 47.681685
0.997761, 41.116581, 45.528754, 47.729404
0.997952, 41.370579, 45.950233, 47.870460
0.997889, 41.248331, 45.768599, 47.758095
0.997906, 41.427662, 45.803566, 47.611394
0.997658, 40.857284, 45.695611, 47.677795
0.997745, 40.881146, 45.454952, 47.533096
0.997804, 41.257671, 45.718027, 47.635175
0.997819, 41.432501, 45.716167, 47.607532
0.997674, 40.915513, 45.395295, 47.377647
0.997691, 40.968914, 45.487689, 47.668447
0.997768, 41.119258, 45.553778, 47.725299
0.998001, 41.534276, 45.731404, 47.938126
0.997957, 41.303603, 45.695159, 47.929929
0.997667, 40.976316, 45.455491, 47.659424
0.997530, 40.837216, 45.055073, 47.392268
0.997854, 41.311986, 45.575880, 47.687298
0.997751, 41.120791, 45.445952, 47.670905
0.997756, 41.169798, 45.561648, 47.744692
0.997541, 40.925138, 45.326079, 47.563045
0.997743, 41.363878, 45.486684, 47.727961
0.997447, 40.670817, 44.762134, 47.144276
0.997704, 40.840436, 45.124332, 47.497304
0.997680, 40.737998, 45.233871, 47.569401
0.997673, 41.254246, 45.328639, 47.573229
0.997548, 40.772523, 44.962767, 47.407609
0.997622, 40.824753, 45.208849, 47.491313
0.997669, 41.017404, 45.238914, 47.555443
0.997693, 41.214763, 45.290748, 47.631829
0.997712, 41.324167, 45.391201, 47.573063
0.997539, 40.553261, 45.145466, 47.453974
0.997491, 40.837255, 45.107583, 47.420778
0.997686, 41.111904, 45.414767, 47.592902
0.997681, 41.157955, 45.411279, 47.601354
0.997536, 40.556904, 45.250232, 47.370379
0.997551, 40.422170, 45.186773, 47.411089
0.997726, 41.266391, 45.505407, 47.682450
0.997699, 41.054876, 45.239234, 47.624358
0.997640, 40.959739, 45.082052, 47.533622
0.997517, 40.575609, 45.107150, 47.459155
0.997775, 41.052853, 45.367013, 47.674213
0.997548, 40.818091, 45.006778, 47.465118
0.997796, 41.016330, 45.309578, 47.673823
0.997747, 40.974271, 45.217794, 47.689971
0.997753, 40.987305, 45.284176, 47.628537
0.997562, 40.761385, 44.936038, 47.427987
0.997589, 40.866684, 45.238527, 47.610675
0.997633, 41.041975, 45.304463, 47.607215
0.997611, 41.107545, 45.378400, 47.662605
0.997555, 41.136367, 45.293062, 47.513871
0.997122, 40.351727, 44.850788, 47.329780
0.997274, 40.331709, 44.910020, 47.428212
0.997376, 40.509761, 45.032008, 47.574721
0.997382, 40.621777, 45.055240, 47.592186
0.997227, 40.383841, 44.988272, 47.508821
0.997282, 40.432135, 45.095337, 47.519304
0.997276, 40.439087, 45.032257, 47.506485
0.997100, 40.048190, 44.923185, 47.273839
0.997004, 39.867216, 44.814624, 47.202458
