ms-ssim, psnr-y, psnr-u, psnr-v
0.993462, 37.038074, 45.433232, 47.434502
0.991214, 36.156165, 45.593409, 47.398945
0.989899, 35.839444, 45.260706, 47.365914
0.991127, 36.267539, 45.109584, 47.234834
0.989346, 35.781012, 45.467570, 47.446541
0.990070, 36.046588, 45.323506, 47.431291
0.989418, 35.689188, 45.500262, 47.510102
0.990841, 36.221528, 45.213561, 47.234489
0.989205, 35.718104, 45.236525, 47.198337
0.990090, 36.129446, 45.317826, 47.261290
0.989479, 35.804804, 45.066784, 47.301647
0.990554, 36.262097, 45.132641, 47.194612
0.982469, 34.040067, 44.857354, 47.085085
0.973483, 32.478400, 44.260141, 46.723711
0.970576, 32.170357, 44.199009, 46.646308
0.964570, 31.579339, 43.998742, 46.656013
0.961817, 31.452453, 44.002328, 46.568928
0.960834, 31.459763, 43.926856, 46.564908
0.968809, 32.008550, 43.962253, 46.270184
0.972500, 32.554929, 43.918799, 46.302748
0.972639, 32.717929, 44.052259, 46.382255
0.974322, 32.882244, 43.837209, 46.391672
0.976776, 33.204619, 44.126961, 46.534783
0.979887, 33.588415, 44.073869, 46.327466
0.980163, 33.734871, 44.424437, 46.618935
0.980691, 33.915829, 44.284787, 46.560596
0.982335, 34.286661, 44.532341, 46.719575
0.985230, 34.952237, 44.420522, 46.684047
0.984447, 35.121475, 44.678237, 46.905032
0.985201, 35.467754, 44.703015, 46.939780
0.984359, 35.373156, 44.704420, 47.000442
0.986507, 35.900455, 44.870417, 47.088584
0.984417, 35.482658, 44.965466, 47.186114
0.985353, 35.688266, 44.851136, 47.047739
0.985187, 35.680420, 45.030872, 47.166283
0.987839, 36.065375, 44.881452, 46.903914
0.985907, 35.533404, 44.927966, 46.856822
0.985462, 35.524446, 44.768855, 46.943003
0.985097, 35.289689, 44.722382, 46.860268
0.986686, 35.753848, 44.899640, 46.923158
0.986095, 35.330445, 44.821049, 46.873382
0.987075, 35.633383, 44.850937, 46.811110
0.987583, 35.802467, 44.790149, 46.853662
0.986568, 35.390701, 44.512236, 46.699595
0.986864, 35.256818, 44.679309, 46.670098
0.988797, 35.678875, 44.436838, 46.609759
0.987844, 35.196486, 44.545630, 46.648084
0.987486, 35.361261, 44.588028, 46.698498
0.987054, 35.289382, 44.651850, 46.614479
0.988438, 35.794788, 44.720893, 46.597714
0.986417, 35.368460, 44.741778, 46.559799
0.988274, 35.869941, 44.851853, 46.647151
0.985979, 35.566013, 45.108104, 46.875731
0.988033, 35.936328, 44.813442, 46.607311
0.987987, 36.078369, 44.910912, 46.683227
0.985090, 35.309385, 44.626076, 46.600781
0.986346, 35.637524, 44.725496, 46.539305
0.983681, 35.072555, 44.383939, 46.335924
0.987539, 35.800385, 44.328744, 46.208771
0.987076, 35.808340, 44.674737, 46.297938
0.984018, 34.985780, 44.400118, 45.947676
0.985593, 35.354561, 44.428139, 46.008574
0.982869, 34.507446, 44.170686, 45.862687
0.987411, 35.192021, 44.212466, 45.931326
0.985937, 34.860383, 44.260992, 45.911401
0.986490, 35.038588, 44.239454, 45.776495
0.986260, 34.870670, 44.342699, 45.980562
0.987419, 35.292574, 44.290420, 45.995906
0.985728, 35.258185, 44.336963, 46.122972
0.986196, 35.503691, 44.533285, 46.389741
0.988180, 36.189518, 44.715022, 46.385571
0.986363, 35.762247, 44.741894, 46.543213
0.985917, 35.918086, 44.790325, 46.605253
0.984593, 35.527629, 44.435842, 46.244883
0.987614, 36.143796, 44.496387, 46.300023
0.985063, 35.465971, 44.328568, 46.271675
0.986395, 35.694261, 44.494754, 46.337802
0.983603, 35.117164, 44.248060, 46.148886
0.986646, 35.689940, 44.275986, 46.065752
0.983056, 34.978105, 44.170312, 45.947266
0.983237, 34.789378, 44.168320, 45.998006
0.982179, 34.414519, 44.094616, 45.893490
0.984861, 34.724497, 43.930850, 46.014037
0.981840, 33.602341, 43.633253, 45.674444
0.983954, 34.255348, 43.796153, 45.803292
0.982137, 33.754710, 43.699716, 45.633380
0.984920, 34.345192, 43.834481, 45.662905
0.981087, 33.593250, 43.737246, 45.646610
0.983784, 34.432713, 43.895132, 45.864649
0.982054, 34.131014, 44.072620, 45.946984
0.985654, 34.917425, 44.210919, 45.927319
0.981931, 34.104023, 44.179464, 45.918728
0.982031, 33.929948, 44.025155, 45.844550
0.981265, 33.578988, 43.757030, 45.760457
0.984136, 34.187876, 43.932268, 45.789304
0.981528, 33.621090, 44.004081, 45.972253
0.983722, 34.086399, 43.961068, 46.079709
0.981851, 33.681785, 43.847944, 46.036035
0.986278, 34.397707, 43.794763, 46.114759
0.983611, 33.937995, 43.815048, 46.164191
0.983872, 33.872296, 43.564578, 45.985679
0.982628, 33.790646, 43.625798, 46.068229
0.984322, 34.256984, 43.433661, 45.683432
0.983507, 34.009458, 43.493619, 45.632879
0.980350, 33.597317, 43.555095, 45.509870
0.980545, 33.718065, 43.383999, 45.520056
0.979752, 33.893228, 43.727225, 45.853973
0.981629, 34.066384, 43.567540, 45.659809
0.979123, 33.877501, 43.861100, 45.906777
0.979513, 33.969786, 43.628577, 45.880396
0.978507, 33.731338, 43.608530, 45.868246
0.980897, 34.124486, 43.469038, 45.864095
0.978573, 34.021499, 43.933815, 46.035905
0.979604, 34.053667, 43.750271, 45.837847
0.979435, 34.161869, 43.963308, 45.948881
0.982566, 34.574915, 43.758300, 45.895161
0.980804, 34.358316, 43.939123, 46.164541
0.978465, 33.900937, 43.759601, 45.949445
0.978642, 33.815244, 43.721495, 46.085368
0.981198, 34.277451, 43.749652, 45.981854
0.978487, 33.577646, 43.725489, 46.009328
0.981134, 34.017395, 43.780406, 46.005326
0.978195, 33.699808, 43.802437, 46.023783
0.982944, 34.589509, 43.909393, 46.055675
0.979605, 34.007039, 43.944841, 46.044913
0.980690, 34.381757, 44.102035, 46.146685
0.980227, 34.420523, 44.206814, 46.203384
0.981823, 34.764375, 44.143444, 46.163841
0.979129, 34.183470, 44.059572, 46.073239
0.980012, 34.314506, 43.979978, 46.094851
0.978925, 33.765873, 43.752621, 45.814539
0.981487, 34.145809, 43.888202, 45.708446
0.974744, 32.896353, 43.596116, 45.501187
0.978270, 33.490275, 43.647585, 45.469797
0.976408, 33.060209, 43.615642, 45.591236
0.981121, 33.752786, 43.590005, 45.732068
0.976921, 32.934971, 43.655819, 45.747414
0.978864, 33.204883, 43.572033, 45.841397
0.975810, 32.632648, 43.354142, 45.654678
0.979970, 33.279202, 43.307706, 45.650846
0.976349, 32.615246, 43.425263, 45.512605
0.979878, 33.364507, 43.534046, 45.809744
0.978552, 33.394116, 43.683964, 45.854299
0.983267, 34.424806, 43.689737, 45.797667
0.980866, 34.145155, 43.874153, 45.991217
0.979365, 33.913646, 43.857629, 46.144297
0.979755, 33.712424, 43.810971, 46.131415
0.982000, 34.133190, 43.779768, 46.118357
0.978579, 33.284245, 43.673398, 46.053389
0.980409, 33.764749, 43.899672, 46.105232
0.978278, 33.343679, 43.877892, 46.048428
0.982382, 34.343544, 43.889159, 46.075958
0.978622, 33.686573, 43.880232, 46.071973
0.980145, 33.835007, 43.677272, 46.074744
0.977786, 33.270927, 43.758547, 45.998369
0.980201, 33.846975, 43.708326, 45.861406
0.975523, 33.171694, 43.796606, 45.850588
0.977308, 33.590537, 43.739280, 45.914860
0.974365, 33.018503, 43.564296, 45.717189
0.977144, 33.579165, 43.646287, 45.799054
0.973036, 33.138825, 43.549115, 45.560597
0.977985, 33.874907, 43.700022, 45.767607
0.976373, 33.677409, 43.666919, 45.873687
0.980336, 34.241845, 43.790081, 45.855529
0.976832, 33.730251, 43.774573, 45.832077
0.975170, 33.539925, 43.436119, 45.567638
0.977078, 33.770202, 43.411632, 45.509870
0.986430, 34.807157, 44.480851, 46.284981
0.979130, 33.356794, 44.333019, 46.195669
0.974047, 32.691122, 43.855697, 45.836697
0.972811, 32.934072, 43.980369, 45.868473
0.972324, 32.493096, 43.442953, 45.525938
0.971334, 32.794313, 43.555524, 45.810886
0.971966, 32.913226, 43.466460, 45.634382
0.969669, 32.764314, 43.359238, 45.468833
0.971101, 32.845360, 42.982976, 45.212002
0.968024, 32.698900, 43.364453, 45.486732
0.970268, 33.007433, 43.192337, 45.424611
0.970026, 33.092722, 43.429970, 45.628661
0.972474, 33.410159, 43.080933, 45.244105
0.969356, 33.172687, 43.235201, 45.545172
0.969294, 33.212949, 43.336626, 45.309297
0.969849, 33.065549, 43.500311, 45.328994
0.972393, 33.408038, 43.393114, 45.246090
0.968672, 32.968239, 43.583084, 45.341550
0.970212, 33.242161, 43.445445, 45.324172
0.966373, 32.781600, 43.475779, 45.272561
0.975434, 34.030289, 43.756303, 45.210618
0.971620, 33.338635, 43.754446, 45.386305
0.969303, 33.042974, 43.646679, 45.586680
0.969255, 33.200654, 43.910211, 45.577208
0.971341, 33.352382, 43.500150, 45.254429
0.969130, 33.173902, 43.607363, 45.659713
0.972348, 33.386379, 43.573561, 45.545149
0.966362, 32.903427, 43.709153, 45.370565
0.967069, 32.898455, 43.471980, 45.294804
0.965437, 32.687623, 43.471197, 45.320155
0.973641, 33.371287, 43.317950, 45.134554
0.969945, 33.031444, 43.458866, 45.225375
0.969681, 33.068013, 43.362078, 45.340993
0.968424, 33.026429, 43.470574, 45.335112
0.969553, 33.168629, 43.320343, 45.306023
0.964272, 32.805374, 43.707453, 45.446163
0.966750, 32.984520, 43.713012, 45.445227
0.965428, 32.745983, 43.542833, 45.202729
0.969712, 33.275919, 43.372451, 45.085723
0.968782, 33.404792, 43.567363, 45.408369
0.969081, 33.500091, 43.638025, 45.277524
0.972715, 33.952035, 43.531414, 45.276249
0.968430, 33.565482, 43.744834, 45.325305
0.970794, 33.840281, 43.701947, 45.359827
0.969803, 33.767125, 43.781340, 45.402125
0.973549, 34.302130, 43.748540, 45.415439
0.969252, 33.658769, 43.843678, 45.306311
0.973667, 34.284248, 43.588098, 45.341907
0.973292, 34.276986, 43.891490, 45.459499
0.976978, 34.618804, 43.731948, 45.205818
0.975087, 34.356044, 44.220243, 45.582601
0.976340, 34.527835, 44.313602, 45.638319
0.975767, 34.453459, 44.176292, 45.735655
0.977217, 34.753185, 44.201529, 45.713860
0.974803, 34.473448, 44.343372, 45.939557
0.976216, 34.548220, 44.258559, 45.830804
0.975611, 34.456053, 44.208050, 45.777111
0.978969, 35.090023, 44.173292, 45.905786
0.975631, 34.530758, 44.123658, 45.824395
0.975420, 34.397119, 44.219365, 45.875224
0.974829, 34.193213, 44.197141, 45.720277
0.978463, 34.725206, 44.247488, 45.783203
0.972537, 33.764332, 44.135701, 45.372720
0.975183, 34.291088, 44.241842, 45.677382
0.971500, 33.451570, 44.025731, 45.480396
0.977824, 34.138367, 43.765925, 45.760039
0.973134, 33.429609, 43.983777, 45.941221
0.974377, 33.232528, 43.698082, 45.586091
0.971108, 32.666391, 43.700496, 45.615628
0.977630, 33.391522, 43.452020, 45.373596
0.971818, 32.186030, 43.575476, 45.445181
0.974805, 32.547743, 43.526596, 45.284009
0.971703, 31.761985, 43.388135, 45.410928
0.976943, 32.387038, 43.280392, 45.226461
0.970728, 31.363417, 42.767206, 44.846478
0.971103, 30.637273, 42.591516, 44.462366
0.972988, 31.248444, 42.721841, 44.508995
0.984340, 32.598527, 43.729209, 45.227981
0.972112, 30.667293, 43.128140, 44.689658
0.974624, 30.888369, 43.096514, 44.716972
0.974255, 31.284569, 43.149326, 44.889803
0.976866, 31.752730, 43.338749, 45.164075
0.974174, 32.226759, 43.752528, 45.360902
0.975438, 32.602441, 43.512424, 45.154924
0.973770, 33.164340, 43.569541, 45.309209
0.978923, 34.414436, 43.546165, 45.263552
0.976146, 34.244004, 43.532619, 45.365809
0.976557, 34.846753, 43.591793, 44.878065
0.976135, 34.742126, 43.551669, 45.144066
0.979136, 35.098978, 43.549661, 45.181037
0.977098, 34.839230, 43.771466, 45.501048
0.974673, 34.447161, 43.978447, 45.546527
0.971927, 34.071120, 43.566607, 45.287047
0.974532, 34.466400, 43.895020, 45.505746
0.975822, 34.429680, 43.438175, 45.179920
0.971805, 34.160567, 43.800873, 45.465322
0.970738, 34.218979, 43.635436, 45.383985
0.970140, 34.435563, 43.851075, 45.617718
0.974325, 34.880861, 43.823480, 45.620427
0.968358, 34.329681, 44.115530, 45.597948
0.969951, 34.562247, 44.032868, 45.829232
0.969097, 34.200716, 44.013201, 45.712475
0.975036, 34.679115, 43.646951, 45.715852
0.968968, 33.688256, 43.585122, 45.558581
0.967526, 33.578161, 43.659481, 45.643717
0.967703, 33.451265, 43.534075, 45.501118
0.972354, 34.310380, 43.431822, 45.472416
0.968395, 33.706553, 43.453796, 45.407079
0.970718, 34.248324, 43.684999, 45.541925
0.968759, 33.827014, 43.482023, 45.533575
0.975231, 34.526327, 43.335207, 45.411857
0.971206, 34.183439, 43.430458, 45.364016
0.967770, 33.625302, 43.054754, 45.273220
0.967841, 33.595952, 42.978328, 45.055685
0.971178, 34.168134, 43.008829, 44.938255
0.967035, 33.631417, 43.087257, 44.938296
0.969578, 33.945116, 43.150295, 45.168036
0.967906, 33.575799, 43.457594, 45.237330
0.975623, 34.250919, 43.221276, 45.155330
0.970472, 33.808119, 43.526567, 45.198800
0.970709, 33.818122, 43.355327, 45.289315
0.969459, 33.752287, 43.347093, 45.214535
0.973898, 34.130881, 43.171942, 45.154262
0.970658, 33.711966, 43.403333, 45.355485
0.972359, 34.019488, 43.424647, 45.470142
0.970787, 33.660968, 43.333887, 45.269117
0.973396, 33.900353, 43.148680, 45.208844
0.966413, 32.978956, 43.336261, 45.148671
0.968697, 33.078569, 43.222658, 44.866737
0.968479, 33.078209, 43.408302, 45.010702
0.971095, 33.150050, 42.905934, 44.443197
0.966657, 32.644237, 42.783653, 44.517396
0.963615, 32.158965, 42.324823, 44.254582
