ms-ssim, psnr-y, psnr-u, psnr-v
0.990851, 35.360264, 46.088730, 49.155885
0.990812, 35.355669, 46.099548, 49.162329
0.986966, 34.164818, 45.835273, 49.048507
0.984602, 33.666622, 45.613538, 48.959181
0.984363, 33.601774, 45.599509, 48.962311
0.982445, 33.234596, 45.548327, 48.829590
0.978820, 32.581678, 45.393226, 48.539589
0.972470, 31.710394, 44.833249, 48.069786
0.972092, 31.661842, 44.807247, 48.064816
0.983913, 33.872867, 44.716084, 47.446504
0.968425, 31.493483, 43.544705, 46.110579
0.965994, 31.405347, 43.388888, 45.930101
0.975630, 32.443209, 43.536120, 45.841923
0.975453, 32.432195, 43.539402, 45.845978
0.949273, 29.457016, 42.385307, 45.212327
0.941880, 28.797270, 42.085546, 44.961440
0.947220, 29.529830, 42.192223, 45.216311
0.957639, 30.342545, 42.461668, 45.318979
0.968539, 31.615690, 42.753276, 45.493838
0.968679, 31.634932, 42.780537, 45.516318
0.964822, 31.416155, 43.054267, 45.932552
0.971905, 31.807732, 43.145788, 45.806194
0.973700, 32.046076, 43.395692, 45.863467
0.973026, 32.226542, 43.799951, 46.106376
0.976637, 32.523432, 43.740729, 46.123159
0.975612, 32.850854, 43.354748, 46.506761
0.978912, 33.246362, 43.912842, 46.557350
0.981075, 33.784776, 44.619407, 47.048994
0.982852, 34.320757, 44.373275, 46.896317
0.982998, 34.634206, 44.901271, 47.252557
0.984265, 34.756935, 44.732234, 47.149516
0.985652, 35.091535, 45.013410, 47.260076
0.987285, 35.495349, 44.880771, 47.211211
0.987470, 35.825170, 45.313681, 47.498436
0.987949, 35.809514, 45.281414, 47.588760
0.988232, 36.047534, 45.279347, 47.607015
0.988919, 36.242753, 45.134809, 47.535560
0.989116, 36.382282, 45.419795, 47.706526
0.989197, 36.461988, 45.362402, 47.607804
0.989035, 36.385181, 45.278952, 47.555522
0.989659, 36.443500, 45.285374, 47.560908
0.989662, 36.550542, 45.341528, 47.639479
0.989419, 36.634133, 45.355933, 47.583004
0.989746, 36.810383, 45.398238, 47.608631
0.990476, 37.018139, 45.340124, 47.547511
0.990385, 37.140196, 45.362671, 47.503531
0.990877, 37.400358, 45.517269, 47.572855
0.990421, 37.227209, 45.518105, 47.570396
0.990862, 37.409258, 45.632379, 47.730189
0.990567, 37.517828, 45.768247, 47.943763
0.991022, 37.798688, 46.143519, 48.470807
0.991436, 37.938192, 45.793879, 48.417062
0.992317, 38.404722, 45.986610, 48.508504
0.992352, 38.406637, 46.350806, 48.688501
0.992565, 38.412718, 46.157137, 48.680991
0.992537, 38.400233, 46.045857, 48.768057
0.993017, 38.740859, 46.235395, 48.615349
0.992983, 38.567829, 46.284177, 48.990733
0.992917, 38.509442, 46.407516, 48.888879
0.993241, 38.688340, 46.525608, 48.966110
0.993336, 38.760293, 46.347769, 48.877741
0.993289, 38.599490, 46.408970, 48.959745
0.993705, 38.784451, 46.577070, 49.124606
0.993472, 38.660033, 46.504399, 49.013470
0.994234, 39.166722, 46.376762, 49.116410
0.993843, 38.891045, 46.495317, 49.128604
0.993931, 38.955904, 46.434846, 49.147040
0.994609, 39.394068, 46.440557, 49.195993
0.994550, 39.371645, 46.451598, 49.187660
0.994994, 39.690138, 46.896731, 49.393660
0.995008, 39.707200, 46.914214, 49.407114
0.994975, 39.684093, 46.892491, 49.384374
0.995006, 39.757505, 46.885550, 49.457725
0.995135, 39.805453, 46.906311, 49.472418
0.994748, 39.315178, 47.182400, 49.364398
0.994764, 39.325574, 47.191777, 49.384205
0.995214, 39.683228, 46.877826, 48.874219
0.994691, 39.176062, 46.873002, 48.931678
0.994865, 39.304462, 47.000834, 49.046675
0.994865, 39.303362, 47.196013, 49.071287
0.995291, 39.776330, 47.202579, 49.088582
0.995199, 39.684328, 47.403889, 49.258231
0.995260, 39.720666, 47.339556, 49.201141
0.995289, 39.765934, 47.469553, 49.231011
0.995656, 40.119925, 47.497666, 49.307349
0.995372, 39.779172, 47.350201, 49.274579
0.995703, 40.085879, 47.561763, 49.384318
0.995673, 40.052354, 47.505586, 49.440503
0.995961, 40.349318, 47.543696, 49.422720
0.995939, 40.306120, 47.822044, 49.589830
0.995936, 40.252028, 47.694014, 49.464576
0.995949, 40.204142, 47.587190, 49.551103
0.996250, 40.517561, 47.764914, 49.604799
0.996121, 40.298947, 47.717570, 49.724856
0.996499, 40.889318, 47.888304, 49.818472
0.996563, 40.945575, 47.922262, 49.850593
0.996396, 40.743720, 47.939422, 49.953367
0.996302, 40.620320, 47.861854, 49.917026
0.996238, 40.546479, 47.915804, 49.887713
0.996553, 40.937731, 47.987046, 49.940813
0.996150, 40.483872, 47.966636, 49.963954
0.996485, 40.900112, 48.181186, 50.097251
0.996256, 40.589529, 48.113463, 50.040834
0.996714, 41.144911, 48.220507, 50.103253
0.996435, 40.778602, 48.248980, 50.087930
0.996597, 41.032763, 48.305611, 50.173970
0.996913, 41.455158, 48.298205, 50.120641
0.997017, 41.548364, 48.326219, 50.156977
0.996541, 40.871547, 48.066527, 50.080421
0.996673, 41.076623, 48.142218, 50.109197
0.996871, 41.309602, 48.267659, 50.110668
0.996796, 41.230428, 48.265647, 50.117626
0.996816, 41.113213, 48.200737, 50.053220
0.996740, 40.936025, 48.052312, 50.065972
0.997053, 41.388488, 48.221026, 50.184634
0.996947, 41.167710, 48.098420, 50.105590
0.997192, 41.456142, 48.329146, 50.163333
0.997003, 41.210568, 48.275231, 50.166921
0.997099, 41.430452, 48.306096, 50.259743
0.997204, 41.411478, 48.229948, 50.243927
0.997020, 41.219471, 48.209877, 50.171054
0.997141, 41.413153, 48.236239, 50.241860
0.997217, 41.410495, 48.326530, 50.296359
0.997275, 41.523612, 48.342875, 50.207338
0.997307, 41.600251, 48.402375, 50.250136
0.997094, 41.230056, 48.254689, 50.256976
0.997190, 41.475579, 48.394938, 50.321551
0.997082, 41.242197, 48.366702, 50.280410
0.997348, 41.661815, 48.447086, 50.315730
0.997349, 41.675904, 48.449639, 50.301596
0.997139, 41.374828, 48.404993, 50.313698
0.997318, 41.541616, 48.494151, 50.324430
0.997122, 41.349512, 48.380685, 50.252069
0.997278, 41.551295, 48.431435, 50.359332
0.997205, 41.545000, 48.536424, 50.335329
0.997122, 41.398830, 48.539403, 50.413759
0.997160, 41.317239, 48.532517, 50.413902
0.996764, 40.739949, 48.363571, 50.307538
0.996798, 40.944538, 48.525596, 50.442384
0.996364, 40.501334, 48.631298, 50.459810
0.996551, 40.543951, 48.061144, 50.151304
0.996361, 40.351956, 48.327372, 50.178382
0.996261, 40.335091, 48.236630, 50.126273
0.996367, 40.333989, 47.882857, 50.024812
0.996169, 40.154918, 48.217090, 50.385534
0.996138, 40.202893, 48.406618, 50.395517
0.996178, 40.256708, 48.599080, 50.492609
0.996169, 40.340115, 48.875175, 50.693253
0.996253, 40.607580, 48.892564, 50.698761
0.996482, 40.658850, 48.546439, 50.683249
0.995904, 39.961748, 48.511973, 50.491003
0.996193, 40.661771, 48.466638, 50.355016
0.996188, 40.651578, 48.455572, 50.352188
0.995852, 40.772439, 48.603142, 50.468948
0.996713, 42.071095, 48.907741, 50.764786
0.996182, 42.152247, 48.783888, 50.472798
0.996057, 42.681843, 49.039304, 50.477888
0.996209, 42.840632, 49.095986, 50.574256
0.996478, 43.081967, 49.054584, 50.630106
0.995841, 42.470957, 48.979074, 50.727716
0.997394, 44.207749, 49.674197, 51.753204
0.996475, 42.047890, 48.837312, 51.357003
0.995671, 40.827624, 48.469157, 50.975385
0.994823, 39.935847, 48.154814, 50.346820
0.994908, 39.569243, 48.149192, 50.260158
0.995139, 39.608494, 48.135553, 50.208705
0.994290, 38.535670, 47.883058, 49.922144
0.994183, 38.225824, 47.808252, 49.830803
0.993100, 37.518148, 47.451068, 49.505326
0.992345, 36.995243, 47.405897, 49.527482
0.993692, 37.615013, 47.399625, 49.517789
0.993140, 37.092929, 47.539330, 49.622149
0.993229, 36.977023, 47.237593, 49.449048
0.993275, 36.958185, 47.251761, 49.340033
0.992894, 36.761470, 47.124738, 49.215153
0.992557, 36.608993, 47.189661, 49.164909
0.992368, 36.571343, 47.015855, 49.094927
0.992522, 36.587793, 46.954398, 49.008280
0.992647, 36.521595, 46.854547, 48.887214
0.992469, 36.468752, 46.858940, 48.889737
0.992095, 36.179023, 46.620221, 48.699984
0.991963, 36.080624, 46.503525, 48.633867
0.991844, 35.917378, 46.388152, 48.568694
0.991921, 35.996777, 46.325201, 48.605032
0.991865, 35.985447, 46.255602, 48.544201
0.991657, 35.900886, 46.245652, 48.532889
0.991477, 35.891879, 46.196728, 48.507118
0.991308, 35.834297, 46.153722, 48.464258
0.991343, 35.861497, 45.965735, 48.360711
0.991209, 35.841574, 46.017500, 48.372702
0.990938, 35.728653, 46.017188, 48.373061
0.990795, 35.650914, 45.978212, 48.338471
0.990615, 35.579654, 46.031381, 48.326352
0.990705, 35.692490, 46.216564, 48.440664
0.990843, 35.742061, 46.205968, 48.451464
0.990671, 35.721799, 46.207274, 48.438071
0.990757, 35.697265, 46.184312, 48.485451
0.990706, 35.700933, 46.203384, 48.459182
0.990751, 35.718634, 46.104036, 48.391337
0.989355, 35.251474, 46.185963, 48.433752
0.990451, 35.584959, 46.129009, 48.380236
0.990430, 35.599627, 46.188374, 48.476126
0.988731, 35.089493, 46.260586, 48.469524
0.990977, 35.828728, 46.367095, 48.486739
0.990988, 35.835281, 46.373028, 48.486417
0.990081, 35.479429, 46.332029, 48.529683
0.988619, 35.043905, 46.322741, 48.503607
0.990063, 35.534699, 46.254226, 48.394533
0.988740, 35.231542, 46.318662, 48.394488
0.989487, 35.410945, 46.210105, 48.381987
0.989466, 35.433357, 46.225218, 48.309142
0.989362, 35.420209, 46.119504, 48.247587
0.989240, 35.363602, 46.229483, 48.304155
0.987473, 34.868815, 46.296549, 48.331942
0.989109, 35.380934, 46.153157, 48.291164
0.988977, 35.394235, 46.179902, 48.290373
0.988838, 35.385336, 46.241288, 48.284002
0.988874, 35.362402, 46.155873, 48.336560
0.988739, 35.319036, 46.155765, 48.345145
0.988772, 35.336203, 46.119450, 48.285451
0.988577, 35.251898, 46.062750, 48.273392
0.988608, 35.276351, 45.995025, 48.262282
0.988616, 35.279504, 45.983507, 48.261191
0.988494, 35.280358, 46.007612, 48.295343
0.988402, 35.202316, 45.915343, 48.264511
0.988286, 35.198113, 45.957788, 48.293495
0.987707, 35.267233, 45.982861, 48.379294
0.987698, 35.262918, 45.979012, 48.376961
0.986618, 34.837401, 46.034858, 48.313648
0.988136, 35.152508, 45.970191, 48.300100
0.988014, 35.188341, 45.919314, 48.336072
0.987843, 35.162071, 45.883426, 48.292527
0.987807, 35.172562, 45.872578, 48.298426
0.986620, 34.910696, 45.837272, 48.275012
0.986812, 34.960360, 45.778886, 48.233852
0.985989, 34.789772, 45.816230, 48.287736
0.983740, 34.336253, 45.731653, 48.146512
0.981684, 34.017275, 45.507437, 47.862213
0.979800, 33.677563, 45.291585, 47.594749
0.987421, 35.202963, 45.608035, 48.212510
0.978590, 33.273165, 45.229393, 47.808409
0.975378, 32.527548, 44.297339, 47.117181
0.975315, 32.578617, 44.446080, 46.977863
0.981939, 33.589551, 44.974984, 47.510542
0.978933, 33.213120, 44.635333, 47.296993
0.979927, 33.534795, 44.700379, 47.310339
0.983008, 34.002916, 44.448639, 47.370963
0.981766, 33.864707, 44.406136, 47.395294
0.986948, 36.012675, 45.537188, 48.277379
0.992607, 38.387554, 46.590722, 48.976756
0.990106, 37.626354, 46.471508, 48.808685
0.990862, 38.049618, 46.758639, 49.101546
0.990871, 38.442024, 47.088617, 49.338522
0.991721, 38.758939, 47.155504, 49.356130
0.991615, 38.830978, 46.980366, 49.345018
0.992396, 39.000578, 46.989871, 49.296251
0.991681, 38.730060, 47.216290, 49.355231
0.991792, 38.682934, 47.090284, 49.276785
0.992031, 38.852686, 47.135373, 49.331587
0.992081, 38.880815, 46.977603, 49.268902
0.991360, 38.543015, 47.018249, 49.343225
0.991515, 38.702745, 46.927749, 49.261034
0.991375, 38.677142, 47.127125, 49.397119
0.992166, 38.988724, 47.105151, 49.369074
0.991731, 38.797116, 47.122486, 49.342329
0.991978, 38.842812, 47.300947, 49.537782
0.991257, 38.410078, 46.938879, 49.357254
0.991714, 38.646971, 47.029087, 49.396835
0.991482, 38.289467, 47.463697, 49.690552
0.991995, 38.566650, 47.466170, 49.665861
0.991865, 38.447618, 47.332251, 49.632258
0.992299, 38.590524, 47.252627, 49.583786
0.991695, 38.426084, 47.380294, 49.664775
0.992079, 38.505200, 47.335320, 49.595170
0.992320, 38.514984, 47.411172, 49.654410
0.992225, 38.575245, 47.354203, 49.634054
0.992297, 38.675193, 47.314762, 49.649598
0.992199, 38.728376, 47.375804, 49.624181
0.991682, 38.384422, 47.231043, 49.519365
0.991836, 38.458454, 47.339839, 49.573731
0.991093, 38.108656, 47.266393, 49.551279
0.990982, 38.178461, 47.250031, 49.576981
0.989128, 37.527736, 46.865205, 49.377084
0.989141, 37.712276, 46.432581, 48.974388
0.987751, 37.214735, 46.227049, 48.884541
0.988023, 37.327765, 45.890757, 48.179214
0.988192, 37.347667, 45.548912, 48.193465
0.989704, 38.292926, 45.597025, 48.117686
0.990524, 39.108518, 45.953037, 48.615965
0.989598, 38.201884, 45.809520, 48.749790
0.987928, 37.417966, 45.468282, 48.321656
0.989629, 38.224642, 45.812924, 48.800766
0.990328, 38.488853, 45.951472, 48.741002
0.989440, 37.730835, 45.659761, 48.195271
0.987675, 36.896784, 45.055998, 47.283897
0.987804, 37.061060, 45.288434, 47.310620
0.988915, 37.488424, 45.818668, 47.894641
0.988095, 37.452467, 45.899621, 48.154004
0.988235, 37.492826, 45.964371, 48.135298
0.987720, 37.254664, 45.837872, 48.072837
