ms-ssim, psnr-y, psnr-u, psnr-v
0.997204, 44.067666, 47.263252, 46.243862
0.996115, 42.799228, 45.809637, 45.026950
0.997203, 43.983108, 46.843272, 46.034862
0.996108, 42.653603, 45.901946, 44.935595
0.996855, 43.370223, 46.401383, 45.430681
0.995920, 42.433768, 45.807252, 44.555268
0.996799, 43.100094, 46.398359, 45.322760
0.996530, 42.915657, 46.182253, 45.138836
0.996509, 43.054141, 46.390915, 45.260303
0.996494, 43.195977, 46.546786, 45.391131
0.996543, 43.238868, 46.421314, 45.403617
0.996483, 43.159813, 46.353473, 45.320509
0.993464, 40.569536, 44.558149, 43.464611
0.990854, 39.161863, 43.109764, 42.123111
0.985331, 37.462972, 42.079667, 41.129715
0.990506, 39.180535, 42.980216, 42.049998
0.990326, 38.970614, 42.990234, 42.052160
0.989984, 38.913078, 42.995506, 42.074962
0.991211, 39.322312, 43.265650, 42.330543
0.991282, 39.426655, 43.428145, 42.464506
0.990006, 38.960744, 43.094469, 42.350633
0.991112, 39.423571, 43.307106, 42.412250
0.991440, 39.736880, 43.415340, 42.670649
0.988410, 38.796746, 43.045553, 42.068894
0.987964, 38.510421, 42.910359, 42.089819
0.992093, 39.615729, 43.453470, 42.801624
0.987856, 37.968636, 42.496688, 41.582327
0.991557, 39.297756, 43.099437, 42.326043
0.989075, 38.122569, 42.407514, 41.491199
0.989447, 38.361504, 42.248797, 41.110850
0.989989, 38.196854, 42.347023, 41.180538
0.991935, 38.955738, 42.866620, 41.710252
0.990153, 38.177588, 41.457308, 41.342144
0.990688, 38.495223, 41.872898, 41.360551
0.989625, 38.082237, 42.109671, 41.324490
0.991322, 38.506240, 42.249673, 41.573247
0.988003, 37.915038, 42.150668, 41.201937
0.988860, 38.433084, 42.399412, 41.523174
0.988541, 38.439769, 42.460463, 41.842269
0.992433, 39.991095, 43.434156, 42.741830
0.990340, 39.309500, 43.119188, 42.276960
0.991922, 39.931108, 43.331533, 42.553560
0.992323, 40.154560, 43.592141, 42.988065
0.991154, 39.948248, 43.514383, 42.699445
0.991269, 40.080678, 43.470015, 42.606403
0.990637, 39.680564, 43.473762, 42.557492
0.991019, 39.590001, 43.462790, 42.649715
0.991917, 41.479531, 44.001432, 43.570822
0.993199, 42.150690, 44.397987, 44.070231
0.992832, 41.879120, 44.309343, 43.586636
0.992805, 41.138821, 43.979461, 43.193053
0.989372, 39.418472, 43.192781, 42.206352
0.990668, 40.259915, 43.371930, 42.563618
0.990721, 40.404953, 43.900408, 43.126483
0.993564, 42.153410, 44.692223, 44.105145
0.992419, 41.740262, 44.443457, 43.861105
0.992333, 41.469836, 44.640964, 43.882930
0.993673, 42.378319, 45.251883, 44.397014
0.992412, 41.705423, 44.889141, 43.909527
0.992048, 41.644668, 44.617792, 43.880081
0.991375, 41.207270, 44.257400, 43.539963
0.993894, 42.549739, 44.880116, 44.485017
0.991521, 41.643910, 44.317702, 43.840245
0.991262, 41.368466, 44.266464, 44.001643
0.994391, 42.985838, 44.989817, 44.820540
0.992087, 41.528273, 44.440369, 43.888966
0.992629, 41.941568, 44.599405, 44.116245
0.991770, 41.455348, 44.490271, 44.189473
0.993980, 42.065514, 45.040679, 44.881427
0.991526, 40.847628, 44.288142, 44.038424
0.991126, 40.414502, 44.195234, 43.884993
0.994489, 41.765314, 45.052455, 44.867961
0.994144, 41.689737, 44.997799, 44.919557
0.991373, 40.553205, 44.654903, 44.191770
0.992891, 41.504352, 44.976531, 44.338567
0.993006, 41.356129, 45.062739, 44.339787
0.994433, 42.369609, 45.542962, 44.935857
0.992838, 41.438964, 45.069170, 44.467458
0.992661, 41.509133, 45.120673, 44.305513
0.992544, 41.302037, 45.012723, 44.253809
0.993714, 41.982348, 45.427342, 44.629434
0.993314, 41.581966, 45.226979, 44.272949
0.993412, 41.657627, 45.011160, 44.104474
0.992524, 40.934401, 44.860542, 43.551426
0.993601, 41.627670, 45.074501, 44.109773
0.990062, 40.337919, 43.960356, 43.342572
0.993361, 41.470453, 44.675203, 44.106197
0.993374, 41.295767, 44.273725, 43.887256
0.993540, 41.141940, 44.262904, 43.938922
0.993570, 41.138601, 44.146151, 44.202064
0.992107, 40.229590, 43.666028, 43.659398
0.992665, 40.332719, 43.544346, 43.568607
0.992098, 40.017869, 43.482828, 43.559531
0.993587, 40.768489, 44.079788, 44.121049
0.992203, 40.090575, 43.590988, 43.533614
0.990924, 39.821434, 43.299415, 43.214615
0.993913, 41.257799, 44.238012, 44.177092
0.990661, 40.048217, 43.708933, 43.306665
0.992411, 41.110209, 44.078750, 43.279297
0.992035, 40.822344, 44.071623, 43.252824
0.993923, 42.032882, 44.716201, 44.008955
0.991479, 40.955069, 44.274113, 43.280327
0.992030, 41.248967, 44.324797, 43.369328
0.992276, 41.113633, 44.396120, 43.321475
0.993860, 41.842537, 44.934918, 44.020177
0.992118, 41.008074, 44.548629, 43.628373
0.992350, 41.062978, 44.318187, 43.498732
0.990931, 40.421455, 43.793251, 43.068420
0.993374, 41.514441, 44.409766, 43.922168
0.989896, 40.208134, 43.562901, 43.253272
0.991678, 41.040997, 43.926354, 43.461375
0.990628, 40.647051, 43.828448, 43.401247
0.993359, 41.765509, 44.476931, 44.100105
0.991418, 41.003553, 44.289644, 43.937199
0.992469, 41.651629, 44.472505, 44.144661
0.992196, 41.375831, 44.283577, 44.124487
0.993049, 41.848147, 44.496863, 44.299541
0.991005, 41.122795, 44.188279, 44.100806
0.992510, 41.727117, 44.563692, 44.508562
0.993117, 42.170909, 44.770065, 44.474226
0.993314, 42.601116, 44.743257, 44.635364
0.995405, 44.183817, 46.240726, 46.132866
0.990859, 41.581450, 44.174014, 44.087939
0.992689, 42.497595, 44.754920, 44.719671
0.991539, 41.815633, 44.442207, 44.325205
0.993618, 42.841777, 45.085098, 44.970354
0.991350, 41.933799, 44.474632, 44.223116
0.991926, 42.250764, 44.468025, 44.395769
0.991525, 42.076867, 44.352136, 44.351638
0.993336, 43.040226, 45.138448, 45.050340
0.991680, 42.238774, 44.691122, 44.571990
0.991249, 41.998024, 44.164573, 44.149707
0.993031, 42.814214, 44.792746, 44.748557
0.991327, 42.197766, 44.173635, 44.212458
0.990441, 41.559824, 43.817285, 44.023331
0.993367, 42.888208, 44.718322, 44.941687
0.991332, 41.910941, 44.066622, 44.481908
0.991995, 42.350234, 44.203102, 44.546275
0.991166, 41.737751, 44.071208, 44.191527
0.992538, 42.282254, 44.416621, 44.634386
0.991153, 41.585157, 44.396064, 44.403745
0.993569, 42.874919, 45.154519, 45.104361
0.992103, 42.285068, 44.771273, 44.604465
0.991716, 41.970068, 44.462538, 44.239743
0.993010, 42.785870, 44.997451, 44.882506
0.993934, 43.693343, 45.753035, 45.470319
0.992446, 42.737660, 45.006934, 44.553514
0.991912, 42.505896, 44.524784, 44.164868
0.994116, 43.600442, 46.013961, 45.668881
0.991876, 42.602959, 44.999980, 44.606240
0.992464, 42.855319, 45.076861, 44.702244
0.991763, 42.469457, 44.829106, 44.488120
0.993705, 43.300724, 45.455420, 45.215019
0.991975, 42.385997, 44.754703, 44.649573
0.992627, 42.796187, 45.072636, 44.838202
0.992137, 42.410386, 45.255867, 44.775232
0.994092, 43.486051, 46.141192, 45.649442
0.992616, 42.756324, 45.664670, 45.176689
0.993077, 43.207117, 45.919776, 45.335804
0.992692, 42.966052, 45.966143, 45.489905
0.994457, 44.156724, 46.742899, 46.212082
0.993078, 43.264702, 46.710906, 45.997540
0.993705, 43.788734, 46.592033, 46.022606
0.993366, 43.506138, 46.597459, 45.959381
0.994441, 44.195472, 46.894272, 46.255388
0.993365, 43.417017, 46.573346, 45.939727
0.993635, 43.689012, 46.609739, 45.907919
0.992733, 43.361096, 46.452927, 45.607194
0.994680, 44.510125, 47.015302, 46.262481
0.993385, 43.886305, 46.750190, 45.371974
0.993136, 43.819126, 46.572556, 45.463409
0.994435, 44.920716, 47.083618, 46.061480
0.996645, 47.154780, 49.113119, 48.401250
0.994464, 45.270796, 47.526006, 46.580529
0.994062, 44.754335, 47.081338, 46.155892
0.995515, 46.260060, 48.172015, 47.466234
0.995813, 46.246628, 48.400488, 47.337311
0.995653, 45.821649, 48.155017, 47.169899
0.993734, 44.197598, 47.084655, 45.931744
0.995066, 45.150047, 47.878385, 46.630105
0.994750, 44.727109, 47.755899, 46.441414
0.994637, 44.346389, 47.238792, 46.222042
0.994411, 44.047197, 46.128038, 45.766433
0.994606, 44.085178, 46.312107, 45.675249
0.992497, 42.719984, 45.704205, 44.933491
0.992887, 43.144127, 45.828821, 45.102493
0.992887, 42.926627, 45.954913, 45.011132
0.994885, 44.065149, 46.616118, 45.896703
0.993662, 43.180478, 45.961783, 45.257433
0.993661, 43.038526, 45.799983, 44.996965
0.994506, 43.540811, 46.198482, 45.329381
0.993286, 42.629675, 45.408740, 44.683257
0.993690, 42.783481, 45.571967, 44.764660
0.993276, 42.149243, 45.483384, 44.287224
0.994651, 42.781648, 45.764355, 44.808945
0.993579, 42.286672, 45.474417, 44.164051
0.992930, 41.804498, 45.094859, 43.908635
0.994219, 42.476221, 45.427099, 44.430919
0.992713, 41.612042, 44.066622, 43.674694
0.993329, 41.769413, 44.509077, 43.806087
0.992929, 41.344170, 44.439829, 43.549450
0.994097, 42.014843, 44.945288, 44.363379
0.992458, 41.437336, 44.753421, 43.752307
0.992534, 41.687235, 44.843310, 43.882228
0.992187, 41.564315, 44.680795, 43.832804
0.994225, 42.653438, 45.757158, 44.759688
0.992366, 41.757808, 44.775876, 43.569886
0.993264, 42.169858, 45.020157, 43.908372
0.992319, 41.481806, 44.987476, 43.641742
0.994442, 42.756133, 45.434793, 44.595052
0.992422, 41.594275, 44.737566, 43.639744
0.993116, 41.839823, 44.788745, 43.819477
0.992770, 41.518646, 44.617037, 43.547691
0.994008, 42.108337, 45.086239, 44.002350
0.992165, 41.102097, 44.521474, 43.554718
0.992851, 41.471843, 44.805192, 43.878658
0.991924, 40.881844, 44.636030, 43.648969
0.993652, 41.704822, 45.003272, 44.430468
0.991387, 40.843648, 44.425286, 43.551637
0.992094, 41.512658, 44.455950, 43.709614
0.990997, 40.871392, 44.190165, 43.273466
0.993094, 41.825667, 44.711275, 44.059544
0.990476, 41.010516, 44.286641, 43.370166
0.991550, 41.571764, 44.514861, 43.702374
0.990943, 41.425910, 44.431675, 43.621200
0.993069, 42.455433, 45.153559, 44.484520
0.990978, 41.542328, 44.547902, 43.673127
0.991755, 42.204386, 44.733573, 44.114054
0.991231, 41.833307, 44.458280, 43.713989
0.993949, 43.223816, 45.449733, 44.928962
0.992427, 42.680906, 44.962104, 44.177767
0.992091, 42.565783, 44.756220, 44.290438
0.994179, 43.456484, 45.526673, 45.115784
0.992393, 42.563774, 44.646259, 44.238997
0.991397, 42.654962, 44.956918, 44.578549
0.991031, 42.403460, 44.773735, 44.386829
0.992818, 43.025409, 45.314523, 45.148026
0.990306, 42.293655, 44.638113, 44.219744
0.989469, 42.039872, 44.563111, 44.076837
0.991667, 42.834139, 45.055778, 44.712587
