ms-ssim, psnr-y, psnr-u, psnr-v
0.991306, 39.719892, 44.666026, 43.409002
0.991467, 39.752959, 44.729502, 43.456279
0.990771, 39.293465, 44.852829, 43.515981
0.990488, 38.890447, 44.915255, 43.423285
0.990524, 39.206270, 44.754808, 43.160498
0.989993, 38.857934, 44.897043, 43.170778
0.989474, 39.109290, 44.941548, 43.228178
0.989484, 39.157024, 44.900425, 43.124860
0.989514, 39.248549, 45.016760, 43.160241
0.988871, 38.934738, 45.175776, 43.265976
0.989364, 39.151882, 45.475726, 43.408016
0.989475, 39.094649, 45.538144, 43.564415
0.990552, 39.554082, 45.407169, 43.636730
0.990511, 39.558372, 45.344361, 43.621954
0.987793, 38.266095, 45.381172, 43.174269
0.986233, 37.780302, 44.918429, 42.668540
0.985889, 37.930672, 44.826591, 42.428823
0.986368, 38.159745, 45.202685, 42.870992
0.987844, 38.652393, 45.187660, 43.062333
0.987910, 38.675817, 45.166258, 43.091744
0.988867, 39.276329, 45.240183, 43.375867
0.991242, 39.977207, 46.137382, 44.140112
0.991859, 40.178044, 46.314197, 44.325161
0.993086, 40.641122, 46.507665, 44.580219
0.993513, 41.074089, 46.363229, 44.515165
0.994003, 41.252099, 46.487269, 44.722189
0.993625, 41.138166, 46.662597, 44.876802
0.994056, 41.306273, 46.840198, 45.074283
0.993936, 41.484305, 46.731595, 45.023013
0.994593, 41.652337, 46.890166, 45.389234
0.994591, 41.773979, 47.016544, 45.413738
0.994464, 41.735993, 46.935788, 45.367289
0.994627, 41.848547, 47.161568, 45.422747
0.994866, 41.927592, 47.103076, 45.734459
0.994958, 41.983126, 47.501954, 45.785623
0.995071, 42.109454, 47.324888, 45.781550
0.995394, 42.293474, 47.493676, 45.908504
0.995685, 42.415075, 47.623160, 46.028194
0.995633, 42.317516, 47.898255, 46.268389
0.995447, 42.188627, 47.642886, 46.085474
0.995376, 42.310002, 47.704182, 46.172957
0.995669, 42.450356, 47.895283, 46.476774
0.995684, 42.507353, 47.948637, 46.562544
0.995881, 42.784387, 47.779820, 46.373594
0.995829, 42.743030, 47.792346, 46.349850
0.996163, 42.848452, 48.072503, 46.769033
0.995878, 42.649806, 47.934072, 46.549628
0.996164, 42.815245, 48.149235, 46.843379
0.996035, 42.962294, 48.067154, 46.660150
0.996307, 43.122362, 48.197810, 46.920591
0.996263, 43.096415, 48.186205, 46.879192
0.996311, 43.140671, 48.290768, 46.968708
0.996087, 43.052401, 48.180114, 46.696791
0.996414, 43.118953, 48.396379, 46.987883
0.996307, 43.044156, 48.451145, 46.992348
0.996476, 43.325179, 48.368582, 46.979878
0.996415, 43.295597, 48.353166, 46.935884
0.996598, 43.149084, 48.491065, 47.198474
0.996350, 43.046042, 48.334783, 47.022778
0.996574, 43.123616, 48.542849, 47.198132
0.996498, 43.360022, 48.512158, 47.102006
0.996726, 43.428473, 48.721488, 47.369149
0.996717, 43.419140, 48.748275, 47.409951
0.996557, 43.270890, 48.757861, 47.384111
0.996613, 43.461862, 48.697907, 47.325275
0.996721, 43.374938, 48.821285, 47.495140
0.996654, 43.341041, 48.848747, 47.448713
0.996782, 43.466840, 48.840705, 47.439198
0.996644, 43.379750, 48.827251, 47.406542
0.996591, 43.221971, 48.647401, 47.380472
0.996596, 43.306098, 48.988718, 47.515615
0.996625, 43.314369, 48.501945, 47.379510
0.996885, 43.616301, 49.023452, 47.639592
0.996903, 43.611762, 48.734958, 47.580464
0.996961, 43.649831, 48.852148, 47.655289
0.996781, 43.442881, 48.607585, 47.482857
0.996860, 43.568941, 48.988047, 47.750136
0.996883, 43.571851, 48.783198, 47.714566
0.996938, 43.588013, 48.899337, 47.829787
0.997003, 43.735347, 48.952417, 47.792934
0.997146, 43.805375, 48.905512, 47.862213
0.996922, 43.521359, 48.703126, 47.724241
0.996869, 43.399048, 48.943261, 47.716029
0.996863, 43.463171, 49.032622, 47.694474
0.996950, 43.330693, 49.089639, 47.773921
0.996934, 43.460922, 48.925668, 47.748933
0.997007, 43.495123, 48.947504, 47.748855
0.996896, 43.551484, 49.082722, 47.774234
0.996894, 43.463591, 48.721197, 47.628178
0.996918, 43.422840, 49.178643, 47.820111
0.996929, 43.412153, 48.787239, 47.659735
0.997121, 43.645536, 49.174437, 47.858589
0.997178, 43.696788, 49.137251, 47.922908
0.996797, 43.388533, 48.786598, 47.762499
0.996840, 43.383544, 49.185661, 47.991681
0.996872, 43.606395, 49.219997, 47.959338
0.997059, 43.750120, 49.312742, 47.994596
0.996956, 43.665403, 49.149879, 47.915038
0.997043, 43.711913, 49.241725, 48.011715
0.996887, 43.709325, 49.259495, 47.922949
0.997131, 43.679369, 49.389128, 48.197551
0.996916, 43.607027, 49.114921, 47.945306
0.997043, 43.555247, 49.242492, 48.083304
0.997133, 43.806933, 49.237841, 48.077272
0.997219, 43.861473, 49.289107, 48.160442
0.997056, 43.788311, 49.226646, 48.177629
0.997093, 43.753034, 49.308516, 48.142006
0.997042, 43.738351, 49.249669, 48.094888
0.997179, 43.850731, 49.273641, 48.235415
0.997061, 43.841484, 49.221086, 48.123055
0.997183, 43.928458, 49.243422, 48.172235
0.997006, 43.668003, 49.044217, 47.979959
0.996974, 43.616795, 49.055947, 48.092367
0.996895, 43.720209, 49.022255, 47.895765
0.996848, 43.512369, 49.262738, 48.029771
0.997174, 43.901957, 49.262518, 48.012375
0.997272, 43.966507, 49.271051, 48.041131
0.996550, 43.360082, 48.941626, 47.489908
0.996689, 43.447517, 49.014145, 47.636263
0.996930, 43.804694, 48.938205, 47.536336
0.997000, 43.771470, 49.213249, 47.983440
0.997023, 43.864752, 49.022307, 47.847180
0.997176, 43.968631, 49.062822, 47.890710
0.996772, 43.567211, 49.004910, 47.799408
0.996652, 43.528109, 48.679788, 47.641788
0.996872, 43.664262, 48.966213, 47.837821
0.997035, 43.688003, 49.290048, 48.193938
0.997152, 43.929726, 49.229210, 48.124240
0.997262, 44.000698, 49.250656, 48.186548
0.996885, 43.588326, 49.030119, 47.825321
0.996850, 43.496318, 49.128231, 47.861058
0.996731, 43.497503, 49.007502, 47.624291
0.996816, 43.442107, 49.226973, 47.849444
0.997071, 43.870052, 49.143828, 47.891833
0.997212, 43.939240, 49.154061, 47.908027
0.996620, 43.376842, 49.150522, 47.782439
0.996704, 43.405346, 48.906424, 47.644363
0.996908, 43.601176, 48.996781, 47.676688
0.996853, 43.593864, 49.129244, 47.763628
0.996933, 43.658463, 49.016951, 47.671576
0.996906, 43.642927, 48.932442, 47.651378
0.996933, 43.841097, 49.139068, 47.908389
0.996806, 43.762064, 48.583908, 47.626442
0.996804, 43.693869, 49.054270, 47.819322
0.996870, 43.795938, 48.973410, 47.789054
0.997175, 44.165419, 49.168406, 47.915280
0.997175, 44.168014, 49.058675, 47.966881
0.997001, 43.982680, 49.171959, 47.971045
0.996906, 43.855732, 48.824466, 47.806088
0.996984, 43.958080, 49.138213, 47.902032
0.996961, 43.881542, 48.812302, 47.772985
0.996919, 43.733191, 48.876886, 47.734016
0.996960, 43.731228, 48.838459, 47.781501
0.996952, 43.938211, 49.061562, 47.785843
0.996956, 43.834986, 48.686670, 47.640160
0.997057, 43.869408, 49.074235, 47.833308
0.997032, 43.843860, 48.728680, 47.676306
0.997124, 43.991375, 49.007139, 47.917216
0.997160, 44.008929, 48.999938, 47.917014
0.997037, 43.800064, 49.132338, 47.908470
0.996929, 43.772029, 48.727416, 47.635053
0.997050, 43.960070, 49.188850, 47.953231
0.996987, 43.821602, 48.764034, 47.735834
0.997025, 43.911715, 49.007035, 47.880776
0.996992, 43.891246, 48.968371, 47.823307
0.996909, 43.755451, 49.058098, 47.826546
0.996959, 43.757034, 48.814683, 47.948555
0.996866, 43.686457, 49.020850, 47.882337
0.996842, 43.640526, 48.937593, 47.857873
0.997135, 43.917975, 49.123541, 47.958197
0.997161, 43.937053, 49.024909, 47.984997
0.996947, 43.605950, 48.984951, 47.994268
0.996993, 43.653385, 49.180531, 48.027412
0.996917, 43.706566, 49.045629, 47.789603
0.996827, 43.466793, 48.780687, 47.749049
0.996847, 43.573420, 48.856102, 47.708179
0.996810, 43.549713, 48.757028, 47.641977
0.996730, 43.371583, 48.987996, 47.667575
0.996736, 43.405289, 48.716733, 47.593963
0.996609, 43.350475, 48.849747, 47.658519
0.996643, 43.372468, 48.561387, 47.538184
0.996896, 43.560537, 48.870952, 47.584685
0.996935, 43.586781, 48.975572, 47.661865
0.996514, 43.305404, 48.789260, 47.632294
0.996577, 43.246547, 48.422225, 47.476181
0.996757, 43.307734, 48.683300, 47.333838
0.996760, 43.282213, 48.619852, 47.480995
0.996775, 43.354572, 48.539263, 47.429848
0.996759, 43.339972, 48.454020, 47.400556
0.996455, 42.943010, 48.379967, 47.114195
0.996306, 42.681384, 48.352631, 47.101973
0.998763, 46.171445, 53.224548, 51.763267
0.998086, 45.030535, 52.442217, 51.048277
0.998215, 45.300112, 52.119112, 50.706652
0.998207, 45.291105, 52.112959, 50.762222
0.998120, 45.304149, 52.022420, 50.542092
0.997911, 44.976018, 51.779044, 50.504671
0.997906, 44.975865, 51.670656, 50.216439
0.997888, 45.002214, 51.956679, 50.257529
0.998075, 45.431263, 51.832778, 50.206108
0.998031, 45.336503, 51.782579, 50.266113
0.998002, 45.318680, 51.743165, 50.243445
0.997753, 45.095856, 51.770119, 50.162047
0.997974, 45.410838, 51.567057, 49.978457
0.997818, 45.057475, 51.562572, 49.967899
0.997755, 45.028180, 51.518897, 50.025402
0.998005, 45.374202, 51.451101, 49.982090
0.997985, 45.357952, 51.427769, 50.005518
0.997756, 44.852256, 51.082175, 49.860111
0.997834, 44.958800, 51.121147, 49.905851
0.997865, 45.039833, 51.236218, 49.992877
0.997949, 45.283910, 51.232667, 50.111938
0.997874, 45.188672, 51.233446, 50.231261
0.997933, 45.194342, 51.219012, 50.242480
0.997875, 44.908676, 51.428041, 50.267152
0.997960, 45.043615, 51.268915, 50.118564
0.997695, 44.557191, 51.195775, 50.067428
0.997720, 44.631128, 51.326468, 50.068686
0.998080, 45.299527, 51.360389, 50.054606
0.998064, 45.289365, 51.394038, 50.028090
0.997790, 44.853297, 51.351128, 50.157585
0.997800, 44.743914, 51.480053, 50.194028
0.997839, 44.815861, 51.118532, 50.203238
0.998119, 45.177488, 51.516124, 50.093453
0.998088, 45.095024, 51.477854, 50.309077
0.998074, 45.073874, 51.464776, 50.281036
0.997989, 44.931500, 51.206776, 50.334484
0.998106, 45.024598, 51.368420, 50.186606
0.997923, 44.628753, 51.167629, 50.261750
0.997971, 44.728675, 51.477396, 50.485388
0.998125, 45.188397, 51.452193, 50.316291
0.998104, 45.175304, 51.487849, 50.322885
0.997954, 44.719744, 51.200155, 50.408314
0.997961, 44.779009, 51.463863, 50.375219
0.998016, 44.810693, 51.459574, 50.458144
0.998165, 45.247857, 51.643643, 50.448522
0.998195, 45.286524, 51.891213, 50.852243
0.998175, 45.269452, 51.891415, 50.848121
0.998017, 45.095746, 51.899279, 50.810729
0.998175, 45.266350, 51.848610, 50.636817
0.998032, 45.065591, 51.925802, 50.853433
0.997998, 45.086238, 51.965278, 50.884241
0.998088, 45.315304, 51.937190, 50.670225
0.998176, 45.354116, 52.097192, 50.973020
0.998102, 45.149412, 52.215292, 51.283079
0.998051, 45.182015, 51.915255, 51.099014
0.998101, 45.262413, 52.140610, 51.224279
0.998219, 45.387268, 51.994683, 51.027337
0.998215, 45.405280, 51.945852, 51.120135
0.998174, 45.380440, 51.910193, 51.125536
0.998100, 45.306056, 52.051380, 51.148908
0.998165, 45.336080, 52.018476, 51.095658
0.998137, 45.350338, 51.958725, 51.041479
0.998133, 45.282777, 51.852103, 51.052012
0.998208, 45.401220, 51.994890, 51.146447
0.998170, 45.389116, 52.046470, 51.106996
0.998098, 45.245637, 51.669603, 50.936643
0.998068, 45.214762, 52.047619, 51.101365
0.998102, 45.258463, 51.829897, 50.902734
0.998138, 45.286309, 51.856298, 50.794421
0.998132, 45.312734, 51.831784, 50.821818
0.998131, 45.315271, 51.859696, 50.880567
0.998052, 45.164053, 51.919815, 50.796143
0.998122, 45.144104, 51.945954, 50.804057
0.997966, 44.918723, 51.680913, 50.698301
0.997998, 44.818430, 51.619257, 50.686301
0.998156, 45.131292, 51.721411, 50.617015
0.998120, 45.099282, 51.669316, 50.586473
0.997901, 44.963605, 51.552963, 50.503061
0.997946, 44.969245, 51.627213, 50.481746
0.997973, 45.069584, 51.688982, 50.559998
0.998180, 45.499117, 51.837452, 50.600594
0.998038, 45.340581, 51.646975, 50.572694
0.997959, 45.277941, 51.490420, 50.587293
0.998013, 45.240776, 51.385960, 50.525658
0.998129, 45.583450, 51.643168, 50.313698
0.997873, 45.045671, 51.556319, 50.241308
0.997855, 44.982218, 51.386588, 50.209663
0.998091, 45.366521, 51.238124, 50.248203
0.998087, 45.365949, 51.273718, 50.234355
0.997787, 44.958606, 51.241592, 49.999975
0.997857, 45.014857, 50.887597, 49.744537
0.997875, 44.928838, 50.910202, 49.701003
0.998182, 45.352092, 51.432842, 50.060219
0.998154, 45.363668, 51.282641, 49.904640
0.998088, 45.318574, 51.240552, 49.888730
0.997953, 45.206477, 51.351929, 49.946538
0.998127, 45.353529, 51.332842, 49.870410
0.997956, 45.112914, 51.063236, 49.736004
0.997929, 45.094645, 50.968456, 49.857146
0.998072, 45.507327, 51.061655, 49.903301
0.998027, 45.472290, 51.035684, 49.889365
0.997846, 45.325594, 51.224797, 49.987480
0.997760, 45.266317, 50.889037, 49.643530
0.997806, 45.183267, 51.207292, 49.830552
0.998070, 45.447648, 51.201358, 49.905086
0.998142, 45.490854, 51.225921, 50.030452
0.998090, 45.452523, 51.160471, 49.979429
0.997850, 45.076311, 50.811514, 49.931051
0.997770, 44.618312, 50.671366, 49.476923
