ms-ssim, psnr-y, psnr-u, psnr-v
0.997269, 44.839396, 53.847431, 51.474545
0.997270, 44.842094, 53.733701, 51.460600
0.996904, 44.235233, 53.249411, 50.884190
0.996904, 44.235786, 53.233866, 50.881979
0.996895, 44.230012, 53.228552, 50.873779
0.997005, 44.397043, 52.975213, 50.947312
0.997010, 44.406582, 52.968981, 50.948338
0.997007, 44.398571, 52.961229, 50.944493
0.996986, 44.346050, 52.952473, 50.921367
0.996796, 44.356124, 53.049561, 50.806804
0.996779, 44.347855, 53.020020, 50.799921
0.996797, 44.345738, 53.034713, 50.806556
0.996909, 44.351886, 52.983297, 50.823965
0.996895, 44.345423, 52.981147, 50.838818
0.996899, 44.346607, 52.977054, 50.852280
0.996091, 43.512978, 52.938866, 50.757687
0.996100, 43.523655, 52.893479, 50.760080
0.996065, 43.518148, 52.922270, 50.787733
0.996876, 44.316133, 52.837653, 50.763028
0.996873, 44.310397, 52.872460, 50.759958
0.996880, 44.316940, 52.860794, 50.790205
0.997376, 45.041859, 53.385359, 51.362880
0.997371, 45.043188, 53.392331, 51.371847
0.997388, 45.056739, 53.398075, 51.382816
0.997974, 45.716994, 53.442250, 51.605087
0.997966, 45.700586, 53.473327, 51.636373
0.997972, 45.707572, 53.476883, 51.643139
0.998281, 46.203216, 53.826236, 52.001249
0.998282, 46.191553, 53.826111, 52.011228
0.998287, 46.206405, 53.847181, 52.023118
0.998281, 46.206475, 53.833954, 52.038253
0.998433, 46.420314, 54.003036, 52.277154
0.998434, 46.417795, 54.015880, 52.285607
0.998429, 46.387150, 54.028761, 52.286915
0.998414, 46.347775, 54.039590, 52.464029
0.998414, 46.360646, 54.038154, 52.473947
0.998412, 46.367228, 54.038807, 52.462030
0.998289, 46.336931, 54.299746, 52.633904
0.998289, 46.332809, 54.306825, 52.633809
0.998286, 46.334082, 54.309743, 52.635133
0.998528, 46.495011, 54.526219, 52.718460
0.998538, 46.499601, 54.533093, 52.738358
0.998525, 46.487355, 54.520087, 52.738455
0.998408, 46.390139, 54.686972, 52.760390
0.998405, 46.393019, 54.691675, 52.764966
0.998391, 46.398806, 54.663230, 52.766915
0.998536, 46.521141, 54.935823, 52.914702
0.998558, 46.539448, 54.929245, 52.944953
0.998555, 46.526505, 54.912602, 52.932281
0.998462, 46.353524, 54.981993, 53.039484
0.998461, 46.351522, 54.970323, 53.045506
0.998488, 46.370494, 54.982317, 53.037617
0.998485, 46.351143, 54.989464, 53.018574
0.998232, 46.303844, 55.054985, 53.131558
0.998248, 46.327208, 55.041637, 53.146528
0.998665, 46.956390, 55.260982, 53.395483
0.998667, 46.949402, 55.253719, 53.415691
0.998654, 46.946135, 55.266350, 53.433833
0.998639, 46.922438, 55.249747, 53.441794
0.998473, 46.707810, 55.225820, 53.566979
0.998488, 46.712201, 55.217588, 53.560306
0.998478, 46.706874, 55.223246, 53.557265
0.998521, 46.659422, 55.496927, 53.056743
0.998524, 46.659064, 55.477420, 53.109463
0.998521, 46.646873, 55.450400, 53.102509
0.998594, 46.843363, 55.783163, 53.622043
0.998596, 46.841999, 55.813914, 53.630119
0.998594, 46.838682, 55.816273, 53.552125
0.998553, 46.803214, 55.960638, 53.543260
0.998554, 46.803572, 55.966741, 53.552709
0.998581, 46.829763, 55.968167, 53.550607
0.998577, 46.802436, 55.947848, 53.530693
0.998667, 46.996148, 56.029287, 53.784770
0.998671, 47.004136, 56.006831, 53.784770
0.998671, 47.026043, 55.994724, 53.729807
0.998692, 47.077069, 56.017324, 53.809106
0.998692, 47.077049, 55.995749, 53.800196
0.998691, 47.068565, 55.981834, 53.770135
0.998651, 47.015669, 55.941771, 53.685392
0.998652, 47.014327, 55.942581, 53.688162
0.998669, 47.035407, 55.941366, 53.710145
0.998653, 46.995961, 55.911110, 53.661019
0.998742, 47.168397, 55.789999, 53.765717
0.998748, 47.183580, 55.787654, 53.774311
0.998747, 47.181082, 55.753792, 53.752613
0.998804, 47.326965, 55.698317, 53.731023
0.998804, 47.322811, 55.688567, 53.731266
0.998803, 47.314556, 55.673317, 53.703369
0.998709, 47.330970, 55.590010, 53.614692
0.998708, 47.331158, 55.590570, 53.606053
0.998707, 47.318716, 55.604221, 53.604044
0.998970, 47.654292, 55.838751, 53.902014
0.998967, 47.662250, 55.856182, 53.918117
0.998942, 47.623525, 55.836972, 53.793525
0.998940, 47.608524, 55.836577, 53.791921
0.998899, 47.570428, 55.726159, 53.819773
0.998900, 47.575748, 55.733099, 53.810221
0.998894, 47.569073, 55.729627, 53.809973
0.998800, 47.398133, 55.536576, 53.682022
0.998800, 47.399634, 55.528470, 53.668928
0.998798, 47.408116, 55.532705, 53.671808
0.998558, 46.866576, 55.305687, 53.498973
0.998562, 46.871500, 55.307961, 53.510870
0.998551, 46.854719, 55.301668, 53.491137
0.998566, 46.787156, 55.210740, 53.360485
0.998567, 46.786492, 55.208175, 53.361714
0.998562, 46.785582, 55.198952, 53.310277
0.998686, 47.087749, 55.276411, 53.580592
0.998689, 47.108845, 55.294511, 53.599674
0.998682, 47.078554, 55.268776, 53.590122
0.998745, 47.365426, 55.338156, 53.498858
0.998747, 47.377411, 55.334810, 53.493786
0.998732, 47.351338, 55.334810, 53.480098
0.998918, 47.630866, 55.829469, 53.940021
0.998919, 47.636372, 55.825526, 53.957163
0.998918, 47.619472, 55.817847, 53.937596
0.998828, 47.228103, 55.739277, 53.655395
0.998842, 47.245150, 55.729049, 53.653482
0.998842, 47.244986, 55.733870, 53.661737
0.998756, 46.764625, 55.789218, 53.519437
0.998759, 46.778458, 55.794106, 53.525119
0.998768, 46.783413, 55.791955, 53.513994
0.998672, 46.427298, 55.670273, 53.408681
0.998674, 46.464851, 55.688376, 53.425093
0.998669, 46.448118, 55.680745, 53.412863
0.998615, 46.334199, 55.548023, 53.410602
0.998617, 46.337574, 55.546545, 53.429745
0.998616, 46.340762, 55.537129, 53.387607
0.998590, 46.676362, 55.681888, 53.655634
0.998592, 46.681064, 55.695256, 53.653004
0.998590, 46.678664, 55.669702, 53.638568
0.998446, 46.498916, 55.551723, 53.578477
0.998448, 46.507612, 55.550428, 53.563115
0.998445, 46.489381, 55.538420, 53.569909
0.998581, 46.486948, 55.735221, 53.725430
0.998577, 46.476369, 55.740050, 53.722028
0.998574, 46.457750, 55.746432, 53.740036
0.998407, 46.011246, 55.586837, 53.685031
0.998408, 46.019564, 55.595053, 53.673729
0.998404, 46.013412, 55.597483, 53.670008
0.998215, 45.476842, 55.664192, 53.665092
0.998215, 45.468774, 55.662863, 53.679737
0.998209, 45.469006, 55.674078, 53.675410
0.998014, 44.885649, 55.771079, 53.509367
0.998015, 44.894583, 55.772442, 53.518047
0.998041, 44.912410, 55.812734, 53.543842
0.998654, 45.644506, 58.727991, 56.002518
0.998653, 45.643755, 58.724532, 56.000671
0.998653, 45.644034, 58.724532, 56.000671
0.997838, 43.726627, 56.439023, 53.765472
0.997839, 43.727055, 56.443111, 53.732849
0.997839, 43.722863, 56.424068, 53.758732
0.997319, 42.739491, 56.112072, 53.101561
0.997320, 42.741595, 56.115442, 53.098615
0.997316, 42.738612, 56.117760, 53.085696
0.997610, 43.178268, 55.679792, 52.997970
0.997621, 43.183797, 55.696978, 53.014755
0.997621, 43.169398, 55.686276, 53.043013
0.997889, 43.424154, 56.293493, 53.457989
0.997881, 43.414367, 56.279686, 53.460961
0.997873, 43.408393, 56.275312, 53.460847
0.997365, 42.773759, 56.198613, 53.112733
0.997372, 42.784403, 56.200761, 53.101772
0.997338, 42.747722, 56.192174, 53.099457
0.996604, 41.849044, 55.347149, 52.471670
0.996605, 41.852408, 55.333050, 52.457762
0.996605, 41.850213, 55.358462, 52.457308
0.997334, 42.856626, 55.588143, 52.497330
0.997332, 42.852293, 55.578823, 52.486627
0.997330, 42.845892, 55.588330, 52.491198
0.997567, 43.136885, 56.006009, 52.862586
0.997557, 43.130755, 56.005804, 52.824795
0.997553, 43.111295, 55.999850, 52.815916
0.996499, 42.116032, 55.515972, 52.264983
0.996516, 42.131786, 55.560428, 52.355513
0.997262, 43.151785, 55.075167, 52.387722
0.997260, 43.148464, 55.076660, 52.404812
0.997264, 43.140985, 55.064568, 52.417113
0.997616, 43.598378, 55.631087, 52.905234
0.997613, 43.592152, 55.633160, 52.907146
0.997607, 43.568116, 55.643542, 52.840031
0.997172, 43.166101, 55.118661, 52.517802
0.997173, 43.161550, 55.129897, 52.539480
0.997171, 43.160152, 55.127547, 52.555416
0.996670, 42.660475, 55.139647, 52.567313
0.996688, 42.667343, 55.131408, 52.575325
0.996679, 42.654175, 55.131744, 52.569268
0.997059, 43.514463, 55.508088, 52.726659
0.997058, 43.512715, 55.506073, 52.722895
0.997056, 43.510722, 55.536945, 52.711719
0.996939, 43.404128, 55.619418, 52.691272
0.996930, 43.400089, 55.617727, 52.702204
0.996450, 43.110209, 55.442273, 52.644692
0.996467, 43.117635, 55.432180, 52.648104
0.996440, 43.074944, 55.437584, 52.617584
0.996794, 43.916694, 55.626189, 53.108198
0.996791, 43.911367, 55.644298, 53.112944
0.996790, 43.920912, 55.639764, 53.114950
0.996844, 44.072988, 55.914528, 53.280560
0.996843, 44.083542, 55.908498, 53.283522
0.996836, 44.041240, 55.911512, 53.278038
0.996735, 43.687054, 55.730784, 53.024774
0.996736, 43.683093, 55.735608, 53.005582
0.996734, 43.686434, 55.758059, 53.022707
0.996394, 42.994610, 55.503144, 52.532088
0.996402, 42.998026, 55.506805, 52.556623
0.996649, 42.981943, 55.675030, 52.588399
0.996654, 42.990545, 55.661155, 52.582417
0.996638, 42.979392, 55.656034, 52.578310
0.996590, 42.604171, 54.739450, 52.238843
0.996600, 42.598974, 54.728260, 52.234703
0.996598, 42.601428, 54.718169, 52.229619
0.996026, 41.752315, 54.187071, 51.296525
0.996036, 41.763418, 54.206711, 51.370575
0.996544, 42.148752, 54.829861, 51.853937
0.996538, 42.145864, 54.825319, 51.851806
0.996527, 42.136155, 54.837076, 51.834474
0.996362, 41.932787, 54.106598, 51.321115
0.996365, 41.934718, 54.109252, 51.316158
0.996365, 41.934720, 54.121748, 51.312810
0.995446, 41.282296, 54.051756, 50.908388
0.995443, 41.278891, 54.053722, 50.910485
0.995396, 41.236482, 54.065402, 50.929211
0.994672, 40.720658, 54.021600, 51.107256
0.994644, 40.708926, 54.019909, 51.096032
0.997715, 43.558633, 56.366318, 53.704579
0.997714, 43.552519, 56.374809, 53.703732
0.997712, 43.542686, 56.371008, 53.698778
0.995681, 41.071457, 55.348739, 52.222994
0.995681, 41.069183, 55.326193, 52.220072
0.995680, 41.071908, 55.340270, 52.219900
0.995018, 40.761608, 54.858476, 51.892012
0.995018, 40.759643, 54.848550, 51.885245
0.995923, 41.538661, 55.244227, 52.289010
0.995923, 41.544267, 55.252683, 52.295650
0.995918, 41.529563, 55.257176, 52.295125
0.995271, 41.112613, 55.839344, 52.255443
0.995276, 41.115747, 55.826709, 52.250509
0.995274, 41.109769, 55.838355, 52.249730
0.993598, 39.897010, 55.909703, 51.926647
0.993613, 39.902567, 55.910105, 51.918383
0.993553, 39.851129, 55.902275, 51.909015
0.994644, 40.481603, 56.099878, 52.574020
0.994620, 40.471229, 56.092118, 52.579803
0.992935, 39.258480, 55.405977, 51.213823
0.992936, 39.260110, 55.407946, 51.226176
0.992906, 39.231492, 55.409557, 51.185496
0.994416, 40.212211, 55.253719, 51.635397
0.994414, 40.211121, 55.253892, 51.639980
0.994418, 40.214690, 55.256139, 51.645321
0.994480, 40.136700, 55.355101, 51.949757
0.994464, 40.123255, 55.368030, 51.956464
0.992986, 39.055165, 54.380804, 50.972510
0.992990, 39.057939, 54.382642, 50.990923
0.992937, 39.033399, 54.392549, 50.986976
0.994425, 39.977159, 54.456784, 51.165096
0.994426, 39.975321, 54.450031, 51.163816
0.994426, 39.973763, 54.458942, 51.180624
0.994215, 39.780001, 54.696079, 51.307723
0.994214, 39.793825, 54.703379, 51.301877
0.992193, 38.853023, 54.153683, 50.953020
0.992194, 38.855100, 54.149527, 50.970964
0.992174, 38.842625, 54.146849, 50.946543
0.993030, 39.341130, 53.750657, 51.421748
0.993027, 39.337424, 53.839813, 51.449145
0.993736, 39.415150, 54.088064, 51.646300
0.993742, 39.411073, 54.092029, 51.650820
0.993732, 39.414324, 54.093219, 51.638101
0.992129, 38.450095, 52.888566, 50.369612
0.992132, 38.439474, 52.895788, 50.358348
0.996432, 41.153986, 54.124944, 51.802826
0.996430, 41.154081, 54.111376, 51.810795
0.996429, 41.151553, 54.162678, 51.801500
0.993649, 38.736033, 53.434174, 50.567824
0.993654, 38.731684, 53.430766, 50.542701
0.993654, 38.743099, 53.429404, 50.554044
0.993350, 38.554725, 54.224805, 50.565241
0.993330, 38.544863, 54.252019, 50.572290
0.992335, 37.519586, 53.613981, 50.070732
0.992338, 37.521629, 53.618840, 50.070523
0.992283, 37.494488, 53.622517, 50.067433
0.994683, 38.587648, 54.440421, 50.184299
0.994684, 38.586061, 54.440708, 50.196414
0.994682, 38.585440, 54.448595, 50.201053
0.993471, 37.747074, 53.804401, 49.480075
0.993466, 37.748710, 53.796983, 49.474911
0.992242, 37.052645, 53.408229, 48.949116
0.992257, 37.056418, 53.404842, 48.960865
0.992194, 37.037315, 53.401570, 48.952476
0.993136, 37.498428, 53.141107, 49.055852
0.993139, 37.500148, 53.146422, 49.059171
0.993432, 37.657258, 52.783709, 49.332998
0.993438, 37.656622, 52.794287, 49.333837
0.993430, 37.656737, 52.782046, 49.342245
0.993558, 37.655629, 53.110834, 49.528949
0.993559, 37.656739, 53.111150, 49.528163
0.993526, 37.643882, 53.125203, 49.522111
0.991294, 36.363515, 52.723956, 48.620856
0.991279, 36.350022, 52.731973, 48.624496
0.990795, 36.027140, 53.221405, 48.634607
