ms-ssim, psnr-y, psnr-u, psnr-v
0.988212, 35.223803, 45.026464, 45.845647
0.985896, 34.523891, 44.992428, 45.893903
0.985382, 34.518781, 44.943705, 45.938596
0.985711, 34.513058, 44.924417, 45.864865
0.986288, 34.618120, 44.723601, 45.711506
0.985918, 34.479994, 44.776570, 45.815833
0.985693, 34.393459, 44.864096, 45.901015
0.985902, 34.403019, 44.801364, 45.887208
0.986471, 34.690584, 44.740615, 45.915376
0.984260, 34.045627, 44.731906, 45.812543
0.982823, 33.692148, 44.656053, 45.845447
0.982445, 33.520351, 44.633287, 45.828914
0.982241, 33.589830, 44.648502, 45.839026
0.982614, 33.698705, 44.769982, 45.854189
0.983522, 34.005641, 44.794817, 45.901218
0.984383, 34.247410, 44.806340, 45.889540
0.986438, 34.723237, 44.774216, 45.861337
0.987897, 35.265428, 44.930512, 46.316081
0.988655, 35.706513, 44.843563, 46.271004
0.989642, 36.071070, 44.837271, 46.220586
0.990047, 36.040817, 45.127050, 46.496199
0.990346, 36.178067, 45.190646, 46.618127
0.990382, 36.138212, 45.193323, 46.623287
0.990829, 36.452510, 45.168943, 46.588365
0.991218, 36.519359, 45.411861, 46.803243
0.991010, 36.447891, 45.411588, 46.842343
0.990965, 36.303476, 45.394181, 46.835024
0.991907, 36.808509, 45.365323, 46.775794
0.991615, 36.753471, 45.537958, 46.864247
0.991847, 36.772263, 45.634515, 47.040001
0.991628, 36.683716, 45.656565, 46.910312
0.992301, 37.072178, 45.706350, 46.813141
0.992021, 37.045519, 45.825615, 47.100560
0.991884, 36.876704, 45.658584, 46.976235
0.991798, 36.756825, 45.670814, 46.937594
0.992609, 37.161673, 45.632029, 46.999612
0.991950, 36.948125, 45.722519, 47.082771
0.991876, 36.807610, 45.797227, 47.175181
0.992672, 37.234983, 45.779294, 47.102169
0.991951, 36.917168, 45.850167, 47.306827
0.991953, 36.866910, 45.823717, 47.279786
0.991745, 36.715505, 45.833216, 47.301771
0.992969, 37.172976, 45.755236, 47.203224
0.991764, 36.746180, 45.783845, 47.306968
0.992369, 36.741390, 45.905389, 47.265005
0.991845, 36.601556, 45.884067, 47.185283
0.992920, 36.989655, 45.840129, 47.221239
0.991927, 36.602491, 45.867891, 47.226893
0.992122, 36.501318, 45.845949, 47.162111
0.991505, 36.377867, 45.684142, 46.966738
0.992717, 36.786525, 45.644567, 47.076235
0.991591, 36.246297, 45.717058, 47.050588
0.991962, 36.349837, 45.738553, 47.081436
0.991614, 36.179763, 45.712479, 47.139603
0.992444, 36.635324, 45.668886, 46.976886
0.991141, 36.105232, 45.570251, 46.918402
0.991584, 36.035242, 45.609246, 47.111833
0.990725, 35.802639, 45.630500, 47.140685
0.992580, 36.438925, 45.531509, 47.034189
0.991113, 35.708776, 45.593682, 47.131632
0.991748, 35.951484, 45.590651, 47.158578
0.991138, 35.568597, 45.514638, 47.110624
0.992414, 36.401248, 45.509246, 47.001577
0.991017, 35.423708, 45.578928, 47.034849
0.991879, 35.698499, 45.521435, 46.782889
0.990965, 35.377967, 45.472240, 46.768711
0.992374, 36.259871, 45.575719, 46.828851
0.991207, 35.503517, 45.565824, 46.737409
0.991460, 35.728352, 45.605825, 46.631340
0.991173, 35.642138, 45.625439, 46.619206
0.991841, 36.041623, 45.576474, 46.508344
0.991067, 35.709589, 45.526189, 46.601487
0.991423, 35.578992, 45.488114, 46.557504
0.991016, 35.435430, 45.286761, 46.287200
0.992142, 35.987784, 45.261150, 46.313955
0.991129, 35.423337, 45.354998, 46.403094
0.991204, 35.597852, 45.393819, 46.355642
0.991086, 35.658712, 45.455047, 46.471778
0.991613, 36.076932, 45.364514, 46.409376
0.990525, 35.720222, 45.290117, 46.289201
0.990663, 35.930352, 45.326310, 46.243081
0.990662, 35.828361, 45.336298, 46.068417
0.991651, 36.109193, 45.222883, 45.950407
0.990777, 35.839237, 45.380359, 46.135617
0.991560, 35.984373, 45.452845, 46.307251
0.991025, 35.801787, 45.344699, 46.269676
0.992078, 36.217520, 45.308796, 46.288423
0.991257, 35.851881, 45.241625, 46.169665
0.990988, 35.838367, 45.264310, 46.116982
0.990678, 35.551773, 45.237172, 45.823517
0.991666, 35.909266, 44.990284, 45.784538
0.990889, 35.617354, 44.978593, 45.608961
0.990979, 35.670091, 44.985670, 45.904779
0.991169, 35.842188, 44.884888, 45.717643
0.989978, 35.430238, 44.795527, 45.663202
0.990721, 35.617552, 44.968491, 45.712869
0.990082, 35.486053, 45.062695, 45.731702
0.991125, 35.737258, 44.886176, 45.469661
0.990448, 35.586677, 44.897621, 45.399160
0.991074, 35.644014, 44.811796, 45.472332
0.990303, 35.444336, 44.814329, 45.346041
0.991136, 35.717343, 44.788359, 45.402332
0.990411, 35.400986, 44.674720, 45.365323
0.990024, 35.453836, 44.555317, 45.487744
0.990971, 35.637994, 44.675870, 45.346488
0.989982, 35.369864, 44.613663, 45.139917
0.990144, 35.363727, 44.767867, 45.123563
0.989886, 35.105804, 44.724764, 44.859134
0.990324, 35.264260, 44.436787, 44.551664
0.989741, 35.176593, 44.723834, 44.673876
0.989849, 35.218063, 44.663464, 44.688157
0.989486, 35.102401, 44.815754, 44.848986
0.990602, 35.506659, 44.898266, 44.919385
0.989623, 35.398852, 45.056329, 45.279176
0.989785, 35.373185, 45.077559, 45.325330
0.989794, 35.349648, 45.070079, 45.710824
0.990580, 35.739038, 44.945827, 45.488299
0.989683, 35.343364, 45.126540, 45.860733
0.990279, 35.425355, 45.388303, 46.084403
0.990031, 35.472645, 45.349532, 46.091409
0.990489, 35.629127, 45.260272, 45.889945
0.989339, 35.084972, 45.259307, 46.117837
0.989412, 35.095351, 45.306668, 46.118692
0.988750, 35.061624, 45.298075, 45.907018
0.990286, 35.643973, 45.152736, 45.709073
0.989237, 35.271743, 45.211243, 45.939314
0.989894, 35.460177, 45.207775, 45.847455
0.988742, 34.942451, 45.372609, 45.697414
0.989208, 34.980367, 45.334780, 45.637576
0.988268, 34.417700, 45.255362, 45.405234
0.989926, 35.180969, 45.177026, 45.144186
0.988042, 34.462149, 45.306402, 45.386045
0.988729, 34.535741, 45.154877, 45.279441
0.987813, 34.392084, 45.034535, 45.372429
0.989491, 35.036101, 44.940036, 45.102276
0.987333, 34.176550, 44.842686, 45.415223
0.987809, 34.327398, 44.714849, 45.259395
0.986760, 33.691392, 44.505702, 44.992593
0.988466, 34.216132, 44.345574, 44.684160
0.987738, 33.700863, 44.567343, 44.814408
0.986505, 33.248577, 44.681856, 45.003661
0.987284, 33.423892, 44.442670, 44.639062
0.986146, 33.163212, 44.487746, 44.713301
0.988513, 34.089193, 44.271791, 44.745755
0.985970, 33.332266, 44.474547, 44.699323
0.986454, 33.849565, 44.499585, 44.823682
0.985404, 33.458638, 44.624942, 44.906427
0.987323, 34.016224, 44.448997, 44.690927
0.985488, 33.665835, 44.778847, 44.507988
0.986312, 33.841933, 44.751682, 44.594805
0.985244, 33.460361, 44.824158, 44.278014
0.986586, 34.027435, 44.666065, 44.013671
0.984296, 33.408937, 44.833293, 43.690038
0.985905, 33.636424, 44.790484, 43.254950
0.984494, 33.723913, 44.641116, 43.114811
0.987052, 34.312107, 44.496273, 43.350369
0.985314, 33.664275, 44.695470, 43.239827
0.984911, 33.664653, 44.647664, 42.696925
0.984484, 33.669523, 44.452274, 42.801945
0.986897, 34.149037, 44.564202, 43.073891
0.984496, 33.706188, 44.397481, 43.183391
0.985433, 33.738532, 44.204123, 42.941136
0.984699, 33.606769, 44.249628, 43.326977
0.986325, 34.053297, 44.131874, 43.463392
0.985270, 33.401685, 43.934723, 43.165806
0.986027, 33.260620, 44.007355, 43.006484
0.984600, 32.838802, 43.716827, 43.030569
0.986341, 33.124655, 43.563675, 43.308746
0.985356, 32.742656, 44.039162, 43.859218
0.984251, 32.540022, 43.767236, 44.559869
0.983478, 32.208449, 43.954813, 44.435771
0.986288, 32.689481, 43.699582, 44.438674
0.984228, 32.048532, 44.024153, 44.838146
0.984392, 32.013723, 43.808804, 44.643247
0.984168, 31.930421, 43.726061, 44.870107
0.985506, 32.403646, 43.734882, 44.890363
0.983275, 31.889546, 44.039162, 45.033286
0.983189, 32.060900, 43.936534, 45.083536
0.981940, 31.980686, 44.112970, 45.119230
0.983273, 32.256063, 43.993439, 45.104561
0.980953, 31.950644, 44.254566, 45.352668
0.982021, 32.138752, 44.195875, 45.387039
0.981038, 31.911694, 44.423018, 45.520131
0.983118, 32.442249, 44.592472, 45.346757
0.981501, 32.004205, 44.701560, 45.799213
0.981900, 32.186911, 44.797419, 45.368290
0.982286, 32.218674, 45.002586, 45.616668
0.983729, 32.646613, 45.030206, 45.649938
0.981177, 32.162781, 45.099232, 45.658680
0.982235, 32.214459, 45.018905, 45.713843
0.981736, 32.329713, 45.290205, 45.919254
0.982903, 32.857417, 45.168771, 45.882953
0.981019, 32.623500, 45.163705, 45.953082
0.980630, 32.859808, 44.996472, 45.662240
0.980282, 33.021837, 45.066134, 45.545165
0.982808, 33.628832, 45.127901, 45.572324
0.980199, 33.276612, 45.243984, 45.641693
0.981963, 33.529415, 45.247220, 45.792464
0.979976, 33.110214, 45.211504, 45.675349
0.983323, 33.737766, 45.217146, 45.850469
0.980196, 33.291608, 45.445515, 45.698967
0.980622, 33.292634, 45.373330, 45.900913
0.980359, 33.107792, 45.272221, 45.872536
0.982916, 33.821597, 45.228018, 45.878601
0.981833, 33.101766, 45.399613, 45.794647
0.982594, 33.338996, 45.370359, 45.833917
0.981492, 33.275629, 45.310394, 45.690434
0.983861, 33.822507, 45.206128, 45.680855
0.981418, 33.020879, 45.135652, 45.523578
0.981054, 32.825839, 45.057417, 45.530949
0.980014, 32.601521, 44.989130, 45.218015
0.982341, 33.013275, 44.894958, 45.199029
0.979506, 32.263807, 45.085305, 45.199288
0.980335, 32.642162, 45.016996, 45.222449
0.979424, 32.209460, 45.119484, 45.102615
0.982026, 32.933269, 44.827333, 44.964309
0.980385, 32.442748, 45.156932, 44.979004
0.980062, 32.367806, 44.858814, 44.594353
0.980008, 32.201134, 44.806735, 44.643932
0.981525, 32.575110, 44.661018, 44.462849
0.979710, 32.297778, 45.075120, 44.946398
0.981459, 32.443307, 45.070583, 44.807209
0.981007, 32.436571, 45.043123, 44.820113
0.982791, 32.664082, 45.018407, 44.685620
0.981949, 32.427795, 45.170575, 44.883198
0.982167, 32.537731, 45.081767, 44.494728
0.982904, 32.728956, 45.098725, 44.500837
0.984257, 32.904549, 44.833452, 44.692004
0.983416, 32.725129, 45.092643, 44.808395
0.983916, 32.707291, 45.092221, 44.939955
0.984922, 32.951990, 44.797182, 44.607695
0.984140, 32.665262, 44.901658, 44.656816
0.984658, 32.808183, 44.539682, 44.196150
0.983991, 32.715042, 44.527065, 44.071736
0.984649, 33.012030, 44.343229, 43.873729
0.984028, 32.941503, 44.247890, 44.069001
0.984191, 33.041437, 44.022437, 43.797012
0.984038, 33.291917, 44.283336, 43.831664
0.983805, 33.271961, 44.387710, 44.110007
0.983330, 33.172248, 44.597816, 44.240946
0.982915, 33.125643, 44.487085, 44.368805
0.982159, 33.109768, 44.479162, 44.863936
0.983193, 33.484329, 44.771001, 45.179436
0.980864, 33.149948, 44.976373, 46.315745
0.982402, 33.042939, 44.935801, 46.414294
0.982023, 32.763081, 44.929129, 46.434482
0.982648, 32.723598, 44.837111, 46.250127
0.980877, 32.455098, 44.881751, 46.347408
0.979006, 32.208901, 44.641344, 46.226500
0.976974, 31.570901, 44.502163, 46.025199
