ms-ssim, psnr-y, psnr-u, psnr-v
0.991431, 38.359604, 47.281183, 47.907437
0.990316, 37.973675, 47.072771, 47.904532
0.991142, 38.111134, 47.333473, 48.084496
0.990660, 37.784932, 47.085040, 48.104040
0.991403, 38.266420, 47.266955, 48.271362
0.991425, 38.422869, 47.256106, 48.247908
0.991614, 38.352128, 47.453624, 48.301830
0.991105, 38.261085, 47.415556, 48.347669
0.991796, 38.436671, 47.450572, 48.429890
0.992056, 38.968113, 47.392846, 48.615460
0.992662, 38.780128, 47.351043, 48.583284
0.992858, 38.952893, 47.586178, 48.619831
0.993219, 39.439503, 47.615806, 48.560527
0.995008, 40.808369, 48.349277, 49.103941
0.995541, 40.980952, 48.423705, 49.206112
0.995870, 41.371225, 48.525031, 49.150534
0.996363, 42.031488, 48.604266, 49.193941
0.996526, 41.480393, 48.856449, 49.483354
0.996733, 41.820042, 48.990221, 49.587601
0.996827, 42.212420, 49.152468, 49.621955
0.997190, 42.940711, 49.176613, 49.600690
0.997034, 42.657249, 49.237129, 49.583325
0.997212, 42.826572, 49.274555, 49.793189
0.997304, 43.108005, 49.299834, 49.862252
0.997467, 43.245796, 49.278315, 49.873912
0.997406, 43.177535, 49.438808, 49.970674
0.997553, 43.427331, 49.363233, 50.018957
0.997526, 43.239029, 49.525549, 50.113139
0.997709, 43.528659, 49.487996, 50.300574
0.997550, 43.438852, 49.795183, 50.418369
0.997706, 43.592099, 49.671336, 50.328668
0.997591, 43.273817, 49.876959, 50.444052
0.997804, 43.630298, 49.984712, 50.516431
0.997786, 43.694440, 49.872136, 50.446658
0.997798, 43.490858, 50.046073, 50.653052
0.997700, 43.050897, 50.198181, 50.728104
0.997973, 43.787939, 50.165484, 50.773453
0.997851, 43.526672, 50.251844, 50.757247
0.997853, 43.352984, 50.379413, 50.808880
0.998029, 43.885029, 50.346177, 50.809510
0.997963, 43.604006, 50.349008, 50.998370
0.998079, 43.750084, 50.341652, 50.914671
0.998023, 43.699184, 50.494708, 50.834454
0.997967, 43.673188, 50.423551, 50.794110
0.998096, 43.756192, 50.409458, 50.756936
0.998142, 43.852107, 50.395125, 50.808880
0.997913, 43.584934, 50.307020, 50.859224
0.998051, 42.944532, 50.226994, 50.883495
0.998179, 43.706218, 50.391692, 50.896645
0.998166, 43.770207, 50.372005, 51.055302
0.997963, 42.873957, 50.172819, 50.814866
0.997989, 43.731935, 50.195173, 50.914671
0.997970, 43.717319, 49.920612, 50.760670
0.998004, 43.800600, 50.264045, 50.495879
0.997792, 43.405253, 50.086935, 50.029994
0.997854, 43.714860, 49.954612, 50.241887
0.997786, 42.903724, 49.863518, 50.116090
0.997975, 43.759637, 50.094138, 50.580469
0.997670, 43.048814, 50.179350, 50.995412
0.997966, 43.904649, 50.307861, 50.978030
0.997815, 43.543731, 50.267100, 50.951274
0.997888, 44.146038, 50.332897, 50.919512
0.997965, 43.934384, 50.232228, 50.897288
0.998086, 44.025424, 50.233882, 50.810769
0.997859, 43.740459, 50.161685, 50.596927
0.997875, 43.622484, 50.151391, 50.828758
0.997893, 43.682680, 50.128453, 50.710834
0.998058, 43.669308, 50.201190, 50.726868
0.997882, 43.417964, 50.041586, 50.719460
0.998003, 43.645455, 50.116627, 50.490903
0.997829, 43.135014, 50.034996, 50.648802
0.998103, 43.754455, 50.103762, 50.573605
0.997964, 43.688373, 49.950477, 50.641223
0.997972, 43.860584, 50.032889, 50.783769
0.997937, 43.666800, 50.045545, 50.574202
0.998027, 43.595581, 50.204202, 50.640012
0.997881, 43.521055, 50.008734, 50.456225
0.997948, 43.416945, 50.070703, 50.452454
0.997771, 43.038834, 49.925747, 50.262101
0.998012, 43.679722, 49.909082, 50.321909
0.997885, 43.060561, 50.034996, 50.493537
0.998080, 43.553062, 50.097611, 50.548036
0.997831, 42.903520, 50.019482, 50.645466
0.998013, 43.272485, 50.102692, 50.638196
0.997876, 43.185145, 50.064864, 50.548925
0.998052, 43.705865, 50.157890, 50.654874
0.997949, 43.538903, 50.079743, 50.630938
0.997939, 43.397119, 50.058238, 50.816757
0.997843, 43.251372, 49.989401, 50.797562
0.998095, 43.873459, 50.211054, 51.071324
0.997963, 43.902819, 50.101087, 51.040335
0.997834, 43.799801, 50.110726, 50.927593
0.998022, 43.820865, 50.220116, 51.108265
0.997741, 43.222122, 49.846585, 50.687813
0.997761, 43.778978, 50.163855, 51.066645
0.997754, 43.475838, 50.110994, 50.965284
0.997869, 43.709393, 49.975608, 51.075673
0.997750, 43.804520, 50.135996, 50.989173
0.997828, 43.428884, 50.174723, 50.927269
0.997765, 43.495647, 50.123880, 50.969202
0.997908, 43.786658, 50.023158, 50.993769
0.997724, 43.469516, 50.319658, 51.047645
0.997935, 43.784003, 50.221766, 51.092107
0.997794, 43.564848, 50.073626, 51.047645
0.997874, 43.719596, 50.229748, 51.178303
0.997936, 43.816741, 50.165755, 50.981632
0.998033, 43.967710, 50.157619, 51.131599
0.997845, 44.013161, 50.219841, 51.095132
0.997830, 44.018563, 50.100017, 51.054635
0.997779, 44.026943, 50.022107, 50.951274
0.997912, 43.938313, 50.147875, 51.047978
0.997734, 43.619912, 50.207216, 50.931477
0.997753, 43.773633, 50.186163, 50.941202
0.997346, 43.359336, 49.941444, 50.578976
0.997678, 43.779680, 50.172547, 50.587943
0.997450, 43.696169, 50.220391, 50.570029
0.997684, 43.837793, 50.205298, 50.524090
0.997479, 43.834601, 50.166027, 50.460872
0.997402, 43.144220, 50.277672, 50.580171
0.997735, 43.782379, 50.233331, 50.479215
0.997485, 43.778058, 50.110458, 50.757558
0.997418, 43.599679, 50.039740, 50.878054
0.997338, 43.448914, 50.022895, 50.847139
0.997680, 43.910657, 50.164941, 50.696700
0.997484, 43.779961, 49.954871, 50.524385
0.997384, 43.811176, 50.078944, 50.487101
0.997438, 43.137932, 50.104565, 50.419808
0.997725, 43.795008, 50.226718, 50.325850
0.997394, 43.498497, 50.092537, 50.166570
0.997363, 43.627843, 50.054532, 50.201464
0.997264, 43.287011, 49.849361, 50.503502
0.997590, 43.556839, 50.060358, 50.273496
0.997229, 43.758659, 50.219566, 51.051638
0.997403, 43.691077, 50.230299, 51.017485
0.997245, 43.158189, 50.117969, 50.991470
0.997704, 43.918992, 50.195720, 50.989501
0.997532, 43.799142, 50.193534, 51.105231
0.997445, 43.677573, 50.252675, 51.263448
0.997831, 44.109620, 50.155993, 51.102199
0.997555, 43.569125, 50.077614, 51.050307
0.997585, 43.778838, 50.020794, 50.888622
0.997537, 43.658055, 50.074955, 50.923389
0.997775, 43.923891, 50.124687, 50.926622
0.997549, 43.597988, 50.169829, 50.871662
0.997645, 43.723782, 50.026575, 50.887981
0.997596, 43.425907, 50.028678, 50.862728
0.997914, 43.978310, 50.210506, 50.928240
0.997397, 42.854124, 49.936549, 50.856677
0.997641, 43.635757, 50.025260, 50.860816
0.997346, 42.899366, 49.973530, 50.887340
0.997893, 43.768107, 49.968079, 50.748235
0.997643, 43.675075, 49.857950, 50.846504
0.997602, 43.446125, 50.108046, 50.954854
0.997520, 42.939284, 50.024472, 50.713297
0.997868, 43.742886, 49.849865, 50.847774
0.997631, 43.106589, 49.843055, 50.790347
0.997638, 43.259223, 49.876451, 51.007588
0.997595, 43.516120, 49.926774, 50.846504
0.997933, 43.942068, 49.865291, 50.911447
0.997659, 42.949837, 49.986796, 50.777514
0.997691, 43.741124, 49.911898, 50.671312
0.997498, 42.878771, 49.941186, 50.804161
0.997957, 43.859440, 50.010829, 50.976394
0.997639, 43.345173, 50.050830, 50.896003
0.997581, 43.348886, 49.914971, 50.933744
0.997633, 43.489107, 49.915740, 50.744822
0.997904, 43.898104, 49.938609, 50.891509
0.997753, 43.534065, 50.061683, 50.977376
0.997835, 43.985909, 49.890442, 50.957459
0.997767, 43.771593, 50.056650, 51.018476
0.997985, 44.161968, 50.084270, 51.181389
0.997679, 43.626879, 50.084003, 50.866555
0.997858, 44.038119, 50.100284, 50.817704
0.997818, 43.636708, 50.582561, 51.061303
0.998150, 44.338774, 50.590935, 50.988188
0.997939, 44.129371, 50.590037, 50.970509
0.998006, 44.025804, 50.546850, 50.934068
0.997971, 43.762541, 50.482718, 50.893755
0.998156, 44.211077, 50.522911, 50.906937
0.997941, 43.797545, 50.756936, 50.965284
0.998127, 44.336167, 50.822122, 50.978357
0.998047, 43.693400, 50.701611, 50.940228
0.998215, 44.269556, 50.846504, 51.251929
0.998034, 43.880333, 50.599926, 51.223783
0.998085, 43.888450, 50.670092, 51.322216
0.998017, 43.675547, 50.685670, 51.291853
0.998223, 44.103398, 50.734907, 51.512692
0.998048, 43.570477, 50.697313, 51.295373
0.998049, 44.039890, 50.800075, 51.414600
0.998056, 43.901760, 50.845234, 51.487592
0.998252, 44.284510, 50.756314, 51.414962
0.997964, 44.098427, 50.647892, 51.567077
0.998087, 44.001163, 50.681388, 51.609264
0.998317, 44.257891, 50.754759, 51.629751
0.998298, 44.203022, 50.888301, 51.692957
0.998076, 43.883303, 50.824649, 51.637364
0.998255, 44.145953, 50.824649, 51.624430
0.998297, 44.030924, 50.938606, 51.686402
0.998114, 43.725291, 50.792542, 51.537192
0.998244, 44.045226, 50.825913, 51.585860
0.998122, 43.857756, 50.788153, 51.619495
0.998248, 44.079283, 50.767836, 51.451672
0.998170, 44.113745, 50.766901, 51.464101
0.998301, 44.035851, 50.630938, 51.315136
0.998097, 43.745501, 50.680166, 51.136349
0.998254, 43.970594, 50.669483, 51.303832
0.998300, 44.055568, 50.691794, 51.405200
0.998091, 43.947869, 50.623692, 51.349583
0.998005, 43.820125, 50.708988, 51.107253
0.998256, 44.070469, 50.776264, 51.312660
0.998117, 43.984094, 50.756003, 51.246355
0.998003, 44.088083, 50.834771, 51.363510
0.998267, 44.396726, 50.891509, 51.505664
0.998286, 44.414651, 50.854131, 51.442921
0.998134, 44.163723, 50.842695, 51.510101
0.998150, 44.325064, 50.822122, 51.573454
0.997983, 43.592427, 50.798504, 51.582849
0.998177, 44.192375, 50.761293, 51.524182
0.997976, 44.490170, 50.877734, 51.628610
0.998055, 44.695200, 50.918866, 51.805930
0.998016, 44.510239, 51.062972, 51.773182
0.998149, 44.478045, 51.052637, 51.761406
0.997989, 44.326532, 51.008906, 51.572328
0.998068, 44.322395, 50.957133, 51.662197
0.997859, 43.884358, 50.750719, 51.621393
0.998026, 44.579383, 50.713297, 51.464833
0.997788, 43.756921, 50.641526, 51.558838
0.998185, 44.548553, 50.834137, 51.578713
0.997920, 43.802528, 50.749166, 51.560335
0.998148, 44.487342, 50.786274, 51.563330
0.997899, 44.870027, 50.780015, 51.567077
0.997960, 44.509040, 50.720694, 51.657602
0.997807, 44.093528, 50.842378, 51.585860
0.997946, 44.381525, 50.999686, 51.418945
0.997988, 44.465679, 50.780015, 51.478768
0.997838, 44.332923, 50.820543, 51.439280
0.997943, 44.470449, 50.778452, 51.449118
0.997800, 44.464784, 50.775015, 51.471795
0.998040, 44.552484, 50.798190, 51.606615
0.997862, 44.240443, 50.651230, 51.361364
0.997821, 44.205465, 50.703761, 51.534215
0.997741, 44.112819, 50.745752, 51.596414
0.998157, 44.552670, 50.777202, 51.743022
0.997689, 43.756254, 50.414917, 51.352079
0.997971, 43.838963, 50.661868, 51.437096
0.997764, 44.018085, 50.864322, 51.482075
0.998147, 44.671137, 50.834454, 51.568202
0.997688, 43.956860, 50.640921, 51.467030
0.997540, 43.620815, 50.532943, 51.151651
0.997392, 43.028247, 50.413193, 51.289391
0.998827, 45.497509, 52.529529, 53.394849
0.997962, 44.587585, 52.168361, 53.178771
0.998025, 44.323862, 52.012341, 53.033458
0.997727, 43.856756, 51.851714, 52.840269
0.998204, 44.693910, 51.701841, 52.651940
0.997921, 44.246101, 51.558464, 52.545464
0.998033, 44.498647, 51.582097, 52.520649
0.997678, 43.628686, 51.441464, 52.347659
0.998178, 44.544813, 51.266595, 52.355292
0.997844, 43.826963, 51.175220, 52.186048
0.997822, 43.954034, 51.119409, 51.983778
0.997778, 43.875515, 51.112314, 52.006531
0.997975, 44.329753, 51.130243, 52.119133
0.997796, 44.026348, 51.128887, 51.989145
0.998130, 44.560000, 51.017815, 52.102564
0.997956, 44.485378, 50.895039, 52.020655
0.997877, 44.585875, 50.931153, 51.870968
0.997760, 43.718088, 50.653659, 51.856520
0.998015, 44.131332, 50.879014, 51.922733
0.997712, 43.457885, 50.669483, 51.893944
0.997904, 44.142814, 50.725015, 51.741851
0.997918, 44.088501, 50.890867, 51.801575
0.998076, 44.450126, 50.947372, 51.920293
0.997762, 44.431056, 50.754759, 51.807514
0.997730, 44.090997, 50.742961, 51.720829
0.997745, 43.827262, 50.704376, 51.646135
0.998001, 44.524861, 50.733050, 51.927618
0.997697, 44.006517, 50.528219, 51.846914
0.997647, 44.169298, 50.682611, 51.699522
0.997549, 43.730315, 50.715453, 51.700681
0.997912, 44.485286, 50.633356, 51.942714
0.997495, 43.488421, 50.660955, 51.862534
0.997641, 44.173463, 50.628823, 51.846914
0.997489, 43.980433, 50.559018, 51.847714
0.997934, 44.321582, 50.570029, 51.830952
0.997570, 44.263344, 50.451294, 51.701068
0.997552, 44.201596, 50.540927, 51.614566
0.997442, 43.935515, 50.548629, 51.762975
0.997884, 44.260504, 50.600226, 51.617599
0.997529, 44.014725, 50.406014, 51.493853
0.997427, 44.293313, 50.651230, 51.430916
0.997434, 43.847098, 50.483010, 51.696045
0.997716, 44.184081, 50.579573, 51.591510
0.997106, 43.824031, 50.323034, 51.049309
0.997286, 44.024780, 50.175539, 50.890867
0.997203, 43.727186, 50.181256, 51.033368
0.997527, 43.833875, 50.211603, 51.188941
0.997255, 43.593129, 50.145443, 51.168717
0.997038, 43.118467, 50.130068, 51.068649
0.996971, 42.674084, 50.092270, 51.043324
