ms-ssim, psnr-y, psnr-u, psnr-v
0.997727, 38.467871, 47.434286, 46.710582
0.997425, 37.955529, 47.968962, 47.354026
0.997291, 37.898501, 48.068365, 47.535892
0.997140, 37.676313, 48.002489, 47.547252
0.997213, 37.902124, 47.620145, 47.067997
0.997300, 37.645055, 47.457705, 47.103545
0.997329, 37.675404, 47.456798, 46.933310
0.997315, 37.677730, 47.409844, 46.865522
0.997448, 37.911862, 47.309252, 46.691707
0.997309, 37.568480, 47.458213, 46.805516
0.997349, 37.602472, 47.531755, 46.868911
0.997294, 37.496545, 47.400592, 46.845932
0.997494, 37.808927, 47.393398, 46.715351
0.997138, 37.026596, 47.394185, 46.814427
0.996895, 36.473101, 47.291401, 46.606267
0.996806, 36.377371, 47.169848, 46.640260
0.996443, 35.737543, 46.967346, 46.343667
0.996754, 36.225404, 46.904329, 46.371615
0.996629, 35.967098, 46.805266, 46.138079
0.996745, 36.199810, 46.695817, 46.077728
0.996768, 36.383021, 46.610655, 45.796354
0.996909, 36.512731, 46.615166, 45.936130
0.996840, 36.395413, 46.606715, 45.929028
0.996942, 36.560325, 46.571798, 45.971428
0.997219, 37.119901, 46.446448, 45.773760
0.997291, 37.090612, 46.865553, 46.372972
0.997335, 37.066928, 46.886696, 46.340636
0.997423, 37.350519, 46.955044, 46.434359
0.997759, 37.986556, 46.821443, 46.217710
0.997374, 37.855989, 47.429668, 46.927974
0.997657, 37.687674, 47.524562, 46.996328
0.997488, 37.950482, 47.405466, 46.884977
0.998008, 38.348852, 47.248094, 46.687541
0.997869, 38.097692, 47.731348, 47.178620
0.997955, 38.263490, 47.620974, 47.229941
0.997905, 38.141176, 47.330347, 47.012546
0.998085, 38.433453, 47.349139, 46.900752
0.997987, 38.277008, 47.585582, 47.327846
0.997822, 38.230365, 47.529799, 47.101070
0.997824, 38.272455, 47.629914, 47.378761
0.997963, 38.459910, 47.506026, 47.177871
0.997873, 38.306953, 47.660610, 47.411387
0.997866, 38.248350, 47.643378, 47.365701
0.997833, 38.142346, 47.578411, 47.252003
0.997978, 38.361378, 47.455745, 47.083020
0.997856, 38.246819, 47.669061, 47.387930
0.997808, 38.090633, 47.699460, 47.346980
0.997731, 38.204120, 47.567826, 47.260943
0.997809, 38.380940, 47.493090, 47.149955
0.997751, 38.129218, 47.530537, 47.226498
0.997601, 37.857025, 47.234006, 46.774178
0.997706, 38.046850, 47.442958, 47.055871
0.997899, 38.344199, 47.398229, 47.113256
0.997764, 38.028309, 47.608706, 47.190651
0.997811, 38.057675, 47.637171, 47.265351
0.997827, 38.096511, 47.483112, 47.185773
0.997985, 38.328327, 47.387823, 47.043118
0.997897, 38.149140, 47.608894, 47.307183
0.997926, 38.259360, 47.731039, 47.357713
0.997858, 38.106359, 47.632029, 47.290667
0.998045, 38.336360, 47.632785, 47.242115
0.997883, 38.092732, 47.812188, 47.477749
0.997901, 38.098651, 47.670051, 47.336343
0.997874, 38.118999, 47.743154, 47.470900
0.998059, 38.395362, 47.585021, 47.255674
0.997849, 38.105214, 47.622368, 47.257857
0.997866, 38.058966, 47.555967, 47.190924
0.997894, 38.046824, 47.632861, 47.370607
0.998093, 38.359602, 47.695471, 47.357288
0.997903, 38.070017, 47.691639, 47.450235
0.997877, 37.994580, 47.567566, 47.153439
0.997930, 38.135670, 47.720847, 47.432517
0.998141, 38.371532, 47.672110, 47.314376
0.997985, 38.149939, 47.924120, 47.639024
0.997969, 38.127831, 47.834218, 47.365701
0.997938, 38.194413, 47.912579, 47.581883
0.998136, 38.399659, 47.809629, 47.376303
0.997922, 38.008349, 48.015263, 47.648078
0.997901, 37.998802, 48.046988, 47.645386
0.997828, 37.867489, 47.802314, 47.361759
0.998145, 38.334606, 47.288572, 46.768042
0.997984, 38.102702, 47.410885, 47.027641
0.997983, 37.957284, 47.603223, 47.175388
0.997946, 38.046201, 47.592615, 47.223436
0.998121, 38.297918, 47.460282, 47.060042
0.997948, 37.982568, 47.617885, 47.359345
0.997972, 37.994700, 47.467006, 47.162992
0.998011, 38.051118, 47.569613, 47.308305
0.998158, 38.301791, 47.455274, 47.082587
0.997951, 37.954219, 47.681386, 47.324747
0.997943, 37.899468, 47.714835, 47.357855
0.998027, 38.109032, 47.604837, 47.289480
0.998162, 38.201546, 47.426748, 47.060704
0.997980, 37.991694, 47.717378, 47.357394
0.997958, 37.949658, 47.612917, 47.214916
0.997961, 38.021925, 47.373027, 47.043382
0.998080, 38.235248, 47.385967, 47.110743
0.997900, 37.912038, 47.609119, 47.463152
0.997984, 38.062707, 47.605626, 47.284176
0.997936, 38.018968, 47.680545, 47.388645
0.998117, 38.239378, 47.559384, 47.168897
0.997945, 38.024812, 47.624857, 47.400592
0.997962, 37.994441, 47.685897, 47.457378
0.997922, 38.033470, 47.578337, 47.344964
0.998121, 38.212510, 47.419295, 47.121949
0.997981, 37.939041, 47.634751, 47.352680
0.997989, 37.959977, 47.671843, 47.429019
0.998041, 38.169023, 47.561316, 47.362575
0.998153, 38.271243, 47.510469, 47.241700
0.997969, 37.988174, 47.588312, 47.341923
0.997923, 37.905673, 47.287001, 46.991305
0.997964, 38.025024, 47.423686, 47.244775
0.998163, 38.241481, 47.453134, 47.121982
0.997982, 38.057359, 47.606565, 47.275467
0.997983, 37.978495, 47.711640, 47.413542
0.997950, 37.968346, 47.623914, 47.252592
0.998049, 38.138968, 47.440933, 46.980886
0.997854, 37.918861, 47.561688, 47.295314
0.997900, 37.896553, 47.680392, 47.306692
0.997825, 37.971891, 47.539330, 47.155030
0.997881, 38.127697, 47.591866, 47.163738
0.997468, 37.713234, 47.603448, 47.222233
0.997754, 37.930353, 47.552924, 47.186932
0.997869, 37.984689, 47.640084, 47.283479
0.998079, 38.151372, 47.536483, 47.074372
0.997960, 38.038455, 47.523936, 47.042491
0.997907, 37.899674, 47.458394, 46.993555
0.997970, 38.011788, 47.496055, 47.132678
0.998088, 38.127088, 47.388931, 46.924987
0.997978, 38.008653, 47.588760, 47.209874
0.997971, 37.935312, 47.644212, 47.237075
0.997942, 37.858792, 47.477311, 47.079759
0.998137, 38.129469, 47.522683, 47.047046
0.997991, 37.880014, 47.714219, 47.279436
0.998000, 37.881010, 47.547807, 47.181412
0.998013, 37.996491, 47.623085, 47.258828
0.998150, 38.115957, 47.491005, 47.030501
0.997977, 37.854106, 47.639516, 47.199158
0.997968, 37.819623, 47.736144, 47.365523
0.997987, 38.005586, 47.462934, 47.183047
0.998106, 38.017909, 47.306832, 46.773619
0.997968, 37.811412, 47.437500, 47.031620
0.997962, 37.805245, 47.546659, 47.086817
0.998023, 38.001370, 47.517381, 47.135474
0.998115, 38.043615, 47.503054, 46.995414
0.997968, 37.840563, 47.635280, 47.213853
0.997983, 37.860861, 47.491554, 47.020809
0.997995, 37.936179, 47.577329, 47.150090
0.998122, 38.073830, 47.501807, 46.915399
0.997980, 37.887075, 47.583004, 47.124435
0.997957, 37.758975, 47.522646, 47.101371
0.997998, 37.939717, 47.445599, 47.057757
0.998121, 38.009307, 47.371995, 46.882084
0.997974, 37.862839, 47.567119, 47.226429
0.997957, 37.822899, 47.569055, 47.107259
0.997941, 37.842048, 47.268442, 46.814959
0.998092, 37.995122, 47.386324, 46.859035
0.997960, 37.810636, 47.539552, 47.175966
0.997944, 37.779434, 47.465115, 47.031390
0.997953, 37.781451, 47.542105, 47.148738
0.998107, 38.007029, 47.453606, 47.014544
0.997988, 37.975776, 47.510910, 47.211349
0.997976, 37.818891, 47.564180, 47.200662
0.998039, 37.939372, 47.444188, 47.090851
0.998117, 37.959055, 47.378191, 46.943196
0.997958, 37.750564, 47.552219, 47.129648
0.997986, 37.822054, 47.601535, 47.202373
0.997983, 37.856877, 47.534858, 47.152830
0.998115, 37.970620, 47.481725, 47.013758
0.997945, 37.802539, 47.518706, 47.046352
0.997857, 37.620729, 47.213578, 46.752649
0.997970, 37.793309, 47.400055, 46.999331
0.998097, 37.941606, 47.365914, 46.969357
0.997954, 37.825920, 47.471883, 47.093687
0.997940, 37.704841, 47.528692, 47.177939
0.997984, 37.812481, 47.378191, 47.050811
0.998098, 37.872655, 47.309497, 46.904489
0.997986, 37.759365, 47.465442, 47.082920
0.997947, 37.641907, 47.565965, 47.140667
0.997961, 37.773504, 47.372280, 47.060042
0.998091, 37.832148, 47.434972, 46.974062
0.997960, 37.746899, 47.397692, 47.057228
0.997907, 37.606383, 47.370109, 46.863084
0.997925, 37.663355, 47.373347, 46.943777
0.998060, 37.843557, 47.213132, 46.746544
0.997873, 37.723144, 47.195056, 46.624443
0.997864, 37.595619, 47.162382, 46.573071
0.997946, 37.744358, 47.116812, 46.631159
0.998018, 37.705219, 47.088351, 46.501224
0.997842, 37.570115, 47.127731, 46.567539
0.997826, 37.537124, 47.201210, 46.596314
0.997853, 37.595110, 47.048928, 46.465785
0.997952, 37.624608, 47.137598, 46.516247
0.997838, 37.569029, 47.098095, 46.554283
0.997753, 37.323882, 46.960802, 46.366813
0.997801, 37.434042, 47.061300, 46.509327
0.997856, 37.544105, 47.088217, 46.468356
0.997675, 37.413746, 47.004495, 46.388975
0.997535, 37.323976, 46.958731, 46.341814
0.997383, 37.202270, 46.745712, 46.093128
0.997502, 37.087598, 46.624443, 45.879613
0.997184, 36.898787, 46.546802, 45.903883
0.997141, 36.646883, 46.443487, 45.636600
0.996896, 36.505780, 46.487763, 45.634525
0.997064, 36.579104, 46.490841, 45.645056
0.996871, 36.676116, 46.083966, 45.222099
0.996805, 36.556514, 46.191112, 45.345878
0.996710, 36.716727, 45.976483, 45.122517
0.996887, 36.854075, 46.191871, 45.301912
0.996700, 37.175407, 46.235395, 45.390925
0.996831, 37.310016, 46.315620, 45.587129
0.996696, 37.454426, 46.492788, 45.920155
0.996988, 37.609734, 45.802672, 45.381734
0.996712, 37.727801, 46.619802, 46.013516
0.996876, 38.295261, 47.204461, 46.460156
0.996533, 37.941211, 47.208195, 46.576418
0.997065, 38.446431, 47.319154, 46.667768
0.996587, 37.754398, 47.379118, 46.466218
0.996882, 37.814546, 47.098296, 46.220356
0.996641, 37.311487, 46.845617, 45.935184
0.997140, 37.751868, 46.922227, 45.972330
0.997085, 37.737569, 47.124435, 46.345634
0.997418, 38.386364, 47.213750, 46.305615
0.997561, 38.185506, 47.525299, 46.704902
0.997840, 38.830351, 47.441656, 46.852810
0.997622, 38.317307, 47.531239, 46.796780
0.997743, 38.754140, 47.166011, 46.416388
0.997530, 38.213478, 47.349457, 46.578018
0.997713, 38.636299, 47.370252, 46.702247
0.997557, 38.307553, 47.451032, 46.551454
0.997544, 38.530784, 46.831989, 46.020940
0.997421, 38.059305, 46.977895, 46.181227
0.997672, 38.581500, 47.235523, 46.378149
0.997492, 38.107256, 47.069292, 46.209833
0.997590, 38.507922, 46.763276, 45.963033
0.997364, 37.888520, 47.131803, 46.142554
0.997562, 38.328735, 47.026885, 46.161551
0.997364, 37.762013, 46.945583, 45.954398
0.997512, 38.299198, 46.475558, 45.495616
0.997334, 37.704360, 46.658730, 45.717359
0.997476, 38.098351, 46.813144, 45.933165
0.997314, 37.666766, 46.618606, 45.591212
0.997378, 37.999532, 46.245377, 45.332597
0.997228, 37.528701, 46.394853, 45.388851
0.997331, 37.814589, 46.503875, 45.605002
0.997114, 37.365911, 45.955810, 45.068940
0.997156, 37.639439, 45.708349, 44.810442
0.997028, 37.280686, 45.811482, 44.804606
0.996846, 37.123069, 45.916056, 45.216918
0.996599, 36.686521, 45.755034, 44.827185
