ms-ssim, psnr-y, psnr-u, psnr-v
0.997728, 43.956822, 50.699198, 50.161731
0.997146, 43.180175, 50.116445, 49.617689
0.997288, 43.022530, 49.554888, 49.327954
0.996636, 42.432875, 49.599966, 49.469803
0.996672, 42.317255, 49.435024, 49.089478
0.996810, 42.500807, 49.198659, 48.952964
0.997439, 42.947218, 49.451778, 49.168753
0.996731, 42.207002, 49.152434, 48.752065
0.996774, 42.154017, 48.821561, 48.586996
0.996551, 41.844574, 48.716759, 48.387610
0.997212, 42.279068, 48.922412, 48.564005
0.996407, 41.538918, 48.625207, 48.220698
0.996190, 41.078185, 48.375748, 47.776194
0.995759, 40.575760, 48.223104, 47.638724
0.996559, 40.922245, 48.352060, 47.886378
0.995322, 39.651986, 47.811024, 47.359760
0.994852, 39.092410, 47.421675, 46.830078
0.994072, 38.551655, 46.792823, 46.567266
0.994324, 38.620519, 46.566753, 46.472324
0.993750, 38.312906, 46.668837, 46.503107
0.994075, 38.617869, 46.817271, 46.707767
0.994201, 38.703370, 46.884669, 46.690524
0.995117, 39.462764, 46.844618, 46.718756
0.994548, 39.026505, 46.820239, 46.735484
0.994774, 39.190841, 46.886438, 46.724739
0.995050, 39.454628, 47.196800, 46.956206
0.995710, 39.793958, 46.965579, 46.798576
0.995003, 39.461006, 46.985198, 46.711695
0.995040, 39.632893, 47.041303, 46.747996
0.995157, 39.815911, 47.338316, 47.051950
0.996236, 40.509882, 47.470280, 47.146274
0.995947, 40.467936, 48.070361, 47.891495
0.996066, 40.512237, 47.774978, 47.599169
0.996234, 40.614682, 47.996360, 47.834113
0.996828, 41.152387, 47.984680, 47.822755
0.996418, 40.925435, 48.279245, 48.069394
0.996465, 40.963753, 48.357915, 48.062950
0.996616, 41.133708, 48.420168, 48.276457
0.997003, 41.438434, 48.334956, 48.255922
0.996608, 41.238539, 48.379538, 48.326410
0.996489, 41.286742, 48.471608, 48.282972
0.996620, 41.407698, 48.539996, 48.265905
0.997201, 41.746555, 48.604662, 48.284554
0.996744, 41.436302, 48.522262, 48.272774
0.996666, 41.391119, 48.575183, 48.231642
0.996591, 41.324604, 48.567089, 48.294564
0.997216, 41.745300, 48.826027, 48.517746
0.996774, 41.403565, 48.515274, 48.336537
0.996896, 41.486659, 48.618263, 48.419322
0.997056, 41.549437, 48.631929, 48.487151
0.997490, 42.022916, 48.698590, 48.620331
0.997202, 41.736348, 48.816569, 48.732839
0.997244, 41.795043, 48.855750, 48.752696
0.997433, 41.988480, 48.954832, 48.828660
0.997530, 42.073997, 48.779818, 48.695992
0.997305, 41.949403, 48.821605, 48.812267
0.997229, 41.961187, 48.870409, 48.749717
0.997173, 41.960932, 48.856195, 48.771967
0.997483, 42.295796, 48.846005, 48.802861
0.997020, 42.059245, 48.769477, 48.614806
0.997060, 42.128996, 48.946614, 48.700567
0.997520, 42.607192, 49.530076, 49.275920
0.997803, 42.781045, 49.254723, 49.131640
0.997464, 42.604917, 49.414127, 49.200419
0.997422, 42.560959, 49.498117, 49.225521
0.997446, 42.610022, 49.278375, 49.115743
0.997787, 42.904344, 49.427445, 49.273835
0.997580, 42.886285, 49.372432, 49.211525
0.997596, 43.010364, 49.598698, 49.418435
0.997748, 43.126739, 49.721573, 49.574844
0.997827, 43.151513, 49.475785, 49.372332
0.997753, 43.235850, 49.772165, 49.600495
0.997549, 43.009378, 49.412734, 49.307268
0.997542, 43.024542, 49.386454, 49.294633
0.997806, 43.174553, 49.580131, 49.327134
0.997539, 43.037524, 49.530310, 49.383158
0.997715, 43.269618, 50.006370, 49.887025
0.997978, 43.444783, 49.761203, 49.584317
0.997724, 43.227824, 49.666622, 49.565733
0.997705, 43.159605, 49.696983, 49.638738
0.997741, 43.167322, 49.787182, 49.705778
0.997889, 43.256757, 49.883581, 49.661122
0.997791, 43.282808, 49.997525, 49.812539
0.997749, 43.242147, 49.814066, 49.691472
0.997788, 43.276452, 49.782988, 49.809819
0.998023, 43.493122, 49.807822, 49.771175
0.997773, 43.351683, 49.811179, 49.758433
0.997748, 43.290162, 49.878137, 49.742941
0.997844, 43.393118, 49.944341, 49.833998
0.997921, 43.341234, 49.760490, 49.624570
0.997776, 43.314328, 49.825830, 49.655040
0.997630, 43.244969, 49.755418, 49.701419
0.997659, 43.183389, 49.610342, 49.568541
0.998042, 43.443557, 49.798015, 49.595791
0.997654, 43.218076, 49.649474, 49.363109
0.997694, 43.272048, 49.669441, 49.305810
0.997712, 43.377111, 49.702583, 49.414557
0.998043, 43.622271, 49.842013, 49.448994
0.997758, 43.444371, 49.708434, 49.365288
0.997767, 43.444517, 49.667722, 49.316794
0.997683, 43.291266, 49.634099, 49.288477
0.997990, 43.578080, 49.744389, 49.388165
0.997597, 43.127655, 49.486769, 49.243189
0.997604, 43.187944, 49.498608, 49.208746
0.997500, 43.134042, 49.551854, 49.312808
0.997751, 43.258212, 49.568593, 49.328103
0.997792, 43.242566, 49.699769, 49.422189
0.997856, 43.189413, 49.348389, 49.035146
0.997388, 42.690360, 49.249526, 48.555558
0.997548, 42.761013, 49.133800, 48.779686
0.997509, 42.713294, 49.195671, 48.828970
0.997727, 42.838536, 49.115672, 48.744612
0.997294, 42.433619, 49.071604, 48.555932
0.997390, 42.792438, 49.203869, 48.387150
0.997443, 42.967618, 49.293450, 48.742615
0.997944, 43.387348, 49.586926, 48.923815
0.997508, 42.976327, 49.405928, 48.725267
0.997536, 42.931366, 49.352907, 48.548932
0.997363, 42.833405, 49.391465, 48.571217
0.997726, 43.081012, 49.455305, 48.672119
0.997267, 42.524137, 49.194804, 48.454475
0.997171, 42.468446, 49.139122, 48.339048
0.997199, 42.634963, 49.476941, 48.647952
0.997728, 43.272956, 49.661443, 48.806625
0.997689, 43.238276, 49.757611, 48.968664
0.997339, 43.036467, 49.773320, 48.901090
0.997368, 43.070803, 49.861062, 48.918275
0.997782, 43.524849, 49.887618, 48.984283
0.997432, 43.205331, 49.791296, 48.985499
0.997476, 43.239667, 49.677239, 48.921372
0.997390, 43.203195, 49.655896, 48.937026
0.997810, 43.558914, 49.922303, 49.150455
0.997457, 43.155589, 49.663267, 48.924720
0.997556, 43.313332, 49.665414, 49.056625
0.997460, 43.200522, 49.716899, 49.105090
0.997797, 43.636689, 49.914253, 49.277393
0.997441, 43.245988, 50.073483, 49.512759
0.997434, 43.277520, 49.520435, 49.121801
0.997407, 43.197713, 49.615486, 49.240925
0.997854, 43.660385, 49.785774, 49.273713
0.997425, 43.051431, 49.468289, 49.057091
0.997446, 43.039555, 49.540677, 49.032083
0.997409, 42.991216, 49.505096, 49.029880
0.997794, 43.527652, 49.583053, 49.178051
0.997414, 43.084468, 49.465443, 49.067884
0.997459, 43.097976, 49.533928, 49.118960
0.997495, 43.144903, 49.645171, 49.220867
0.997839, 43.585814, 49.771642, 49.366741
0.997573, 43.333783, 49.575554, 49.259805
0.997583, 43.353923, 49.536533, 49.226952
0.997477, 43.276556, 49.532548, 49.170549
0.997828, 43.585979, 49.829452, 49.406661
0.997515, 43.283858, 49.468443, 49.170620
0.997629, 43.408918, 49.655388, 49.350236
0.997603, 43.376687, 49.846655, 49.413468
0.997823, 43.538794, 49.685023, 49.342081
0.997479, 43.175809, 49.675867, 49.281813
0.997541, 43.247312, 49.660317, 49.187994
0.997528, 43.204104, 49.704532, 49.194828
0.997871, 43.564244, 49.728321, 49.266264
0.997531, 43.229436, 49.573898, 49.156824
0.997572, 43.221164, 49.627815, 49.099268
0.997527, 43.125707, 49.610554, 49.096277
0.997780, 43.448369, 49.717198, 49.114962
0.997449, 43.128316, 49.668985, 49.093900
0.997467, 43.163014, 49.740865, 49.023462
0.997493, 43.216296, 49.897884, 49.184076
0.997777, 43.437356, 49.716139, 49.050494
0.997432, 43.153595, 49.709139, 49.090959
0.997441, 43.113101, 49.661095, 48.916332
0.997249, 43.026709, 49.730282, 48.871169
0.997679, 43.418350, 49.770652, 49.045325
0.997301, 43.054154, 49.530154, 48.871996
0.997364, 43.093099, 49.601368, 48.836149
0.997280, 42.984558, 49.602796, 48.877835
0.997770, 43.533802, 49.857498, 49.205534
0.997315, 43.098669, 49.722389, 48.939273
0.997430, 43.146979, 49.678962, 48.900910
0.997255, 43.033028, 49.584449, 48.831340
0.997731, 43.501943, 49.819597, 49.034101
0.997292, 43.103094, 49.743542, 48.904198
0.997491, 43.316765, 50.057415, 49.274080
0.997376, 43.203469, 49.712285, 49.022467
0.997734, 43.518728, 50.028782, 49.257019
0.997394, 43.310425, 49.891688, 49.154891
0.997508, 43.428423, 50.115433, 49.222975
0.997423, 43.365783, 50.146653, 49.285598
0.997828, 43.810504, 50.341005, 49.339591
0.997446, 43.486857, 50.154636, 49.141287
0.997441, 43.516503, 50.202268, 49.082949
0.997232, 43.474653, 50.089492, 48.978459
0.997616, 43.870040, 50.395021, 49.154580
0.997216, 43.562504, 50.169501, 48.802025
0.997279, 43.408850, 50.039885, 48.781284
0.997158, 43.359791, 50.113855, 48.696056
0.997594, 43.754270, 50.218455, 48.793014
0.997184, 43.302644, 50.372601, 48.866611
0.997369, 43.471155, 50.230268, 48.601929
0.997278, 43.446534, 50.494184, 49.049236
0.997750, 43.969721, 50.415548, 49.091994
0.997224, 43.427199, 50.386331, 49.098137
0.997506, 43.566768, 49.975649, 48.758747
0.997434, 43.553410, 50.606018, 49.246819
0.998102, 44.353338, 50.871361, 49.415089
0.997618, 43.661334, 50.496524, 49.274031
0.997706, 43.707498, 50.504233, 49.263107
0.997760, 43.815379, 50.547192, 49.493575
0.998165, 44.311419, 50.711338, 49.600469
0.997845, 44.030475, 50.562245, 49.551540
0.997831, 44.020146, 50.463113, 49.452442
0.997762, 43.842563, 50.358506, 49.499228
0.998079, 44.188623, 50.579171, 49.697767
0.997669, 43.801265, 50.157581, 49.331879
0.997764, 43.793529, 50.329763, 49.420921
0.997715, 43.771228, 50.359639, 49.368219
0.997934, 43.973363, 50.355201, 49.294115
0.997736, 43.785730, 50.249998, 49.162987
0.997757, 43.875329, 50.261497, 49.098043
0.997696, 43.810483, 50.293076, 49.109457
0.998009, 44.132227, 50.370202, 49.196972
0.997684, 43.714824, 50.265162, 49.055808
0.997660, 43.682964, 50.283906, 49.040116
0.997549, 43.683508, 50.226296, 48.993309
0.997774, 43.915641, 50.096867, 48.892389
0.997478, 43.655191, 49.968678, 48.791478
0.997503, 43.711591, 49.928658, 48.818998
0.997621, 43.780799, 50.175111, 48.980430
0.997882, 44.018318, 50.157371, 49.135486
0.997474, 43.608743, 49.966147, 48.918230
0.997609, 43.807184, 49.881211, 49.013010
0.997382, 43.635829, 49.931881, 48.772448
0.997827, 44.006452, 49.952247, 49.007702
0.997351, 43.466280, 49.981129, 48.756787
0.997513, 43.522530, 49.875235, 48.542586
0.997300, 43.369997, 49.716248, 48.394895
0.997629, 43.633016, 49.667561, 48.550115
0.997140, 43.254888, 49.617848, 48.269387
0.997248, 43.301990, 49.642394, 48.235792
0.997134, 43.011666, 49.386076, 48.059593
0.997205, 42.777107, 49.105350, 47.894725
