ms-ssim, psnr-y, psnr-u, psnr-v
0.980165, 31.701110, 42.652903, 44.954486
0.978285, 31.467801, 42.673262, 45.014591
0.978034, 31.569869, 42.689152, 44.977359
0.977355, 31.495022, 42.653095, 45.052731
0.977325, 31.446328, 42.632111, 44.999445
0.976397, 31.357255, 42.637144, 45.010945
0.976332, 31.424073, 42.656177, 44.984681
0.976337, 31.360959, 42.574486, 44.868824
0.977048, 31.488714, 42.629286, 44.893104
0.975708, 31.259519, 42.653576, 44.892459
0.974090, 30.962810, 42.616189, 44.841093
0.972213, 30.741047, 42.633836, 44.872112
0.971139, 30.684710, 42.594385, 44.811401
0.971195, 30.729107, 42.613183, 44.912901
0.973288, 31.009022, 42.710024, 44.949255
0.973315, 31.045586, 42.712658, 44.976455
0.973811, 31.104834, 42.668332, 44.893507
0.977044, 31.553099, 42.770280, 45.103461
0.978560, 31.753643, 42.817664, 45.149656
0.978895, 31.780318, 42.810271, 45.123648
0.980474, 32.089909, 42.697508, 44.977770
0.984104, 32.813285, 42.945767, 45.239878
0.984320, 32.813484, 42.899927, 45.188143
0.984920, 32.909246, 42.952466, 45.195224
0.986069, 33.232194, 42.894530, 45.219319
0.986147, 33.378930, 43.095582, 45.382434
0.986449, 33.376671, 43.082225, 45.391377
0.986444, 33.327070, 43.147536, 45.420500
0.987328, 33.550221, 43.105934, 45.369639
0.986676, 33.400756, 43.317488, 45.484417
0.986686, 33.447088, 43.319788, 45.495332
0.987142, 33.583006, 43.278123, 45.519013
0.987711, 33.841258, 43.234927, 45.462578
0.987267, 33.706876, 43.271236, 45.646581
0.987402, 33.596238, 43.317656, 45.583462
0.987813, 33.809285, 43.356307, 45.627539
0.988870, 34.069323, 43.383159, 45.558583
0.988583, 33.970449, 43.422113, 45.555670
0.988548, 33.910499, 43.403994, 45.547039
0.988732, 33.993323, 43.483101, 45.604875
0.989507, 34.313840, 43.403193, 45.555483
0.989737, 34.343412, 43.592263, 45.705183
0.989752, 34.321340, 43.570032, 45.676990
0.990265, 34.640293, 43.594833, 45.697511
0.989502, 34.338405, 43.625855, 45.759368
0.989713, 34.380156, 43.681795, 45.798121
0.989587, 34.370324, 43.594175, 45.810750
0.990279, 34.677515, 43.651887, 45.798419
0.989800, 34.334403, 43.740072, 45.920071
0.990061, 34.643290, 43.704056, 45.912520
0.990031, 34.437667, 43.667302, 45.907731
0.990816, 34.887685, 43.612807, 45.841433
0.990310, 34.605500, 43.671133, 45.945884
0.990785, 35.016063, 43.841272, 46.005052
0.990687, 34.754989, 43.836971, 46.008698
0.991441, 35.159777, 43.879918, 45.927635
0.990936, 34.868703, 44.036315, 46.028129
0.991270, 35.095174, 44.006238, 45.929682
0.990809, 34.824789, 44.014659, 46.049962
0.990868, 35.008272, 44.151471, 46.090241
0.991160, 34.859940, 44.085772, 46.068417
0.992012, 35.450015, 44.067601, 46.058494
0.991372, 35.075087, 44.104759, 46.103644
0.991467, 35.274599, 44.180796, 46.125540
0.991258, 34.927390, 44.193816, 46.111215
0.992140, 35.412042, 44.093344, 46.065036
0.991190, 34.909232, 44.069602, 46.004010
0.991539, 35.216451, 44.055418, 46.048068
0.991417, 35.073977, 44.051764, 46.062292
0.991936, 35.351695, 44.073071, 46.012661
0.991152, 35.001679, 44.182917, 46.163287
0.991581, 35.287176, 44.205430, 46.178110
0.991255, 35.038677, 44.203779, 46.165556
0.991999, 35.467155, 44.163041, 46.137442
0.990737, 34.685015, 44.235677, 46.229680
0.991379, 35.081999, 44.252131, 46.220477
0.991701, 35.218762, 44.212800, 46.216538
0.992120, 35.449366, 44.253174, 46.251670
0.991385, 35.047368, 44.272770, 46.280537
0.991480, 35.183315, 44.311169, 46.295098
0.991600, 35.308430, 44.273818, 46.327956
0.992462, 35.647969, 44.258326, 46.292204
0.991896, 35.429656, 44.351263, 46.386574
0.991950, 35.322957, 44.388212, 46.423803
0.991357, 34.916505, 44.333933, 46.415095
0.992182, 35.386944, 44.326709, 46.359708
0.991794, 35.344855, 44.353826, 46.383164
0.991808, 35.106053, 44.379751, 46.384187
0.991552, 35.199293, 44.410808, 46.403208
0.992438, 35.490704, 44.391012, 46.399899
0.991920, 35.280928, 44.393455, 46.394883
0.991317, 35.007035, 44.361024, 46.424147
0.991870, 35.363274, 44.407707, 46.392605
0.992213, 35.522963, 44.378462, 46.415897
0.991594, 35.270734, 44.490464, 46.550059
0.991444, 35.131600, 44.462410, 46.558805
0.991539, 35.341079, 44.445650, 46.532619
0.992098, 35.466537, 44.648807, 46.765111
0.991748, 35.280836, 44.675410, 46.787750
0.991472, 34.934101, 44.815675, 46.926249
0.991692, 35.188969, 44.764734, 46.897247
0.992547, 35.586921, 44.817814, 46.883328
0.991307, 34.877278, 44.837271, 46.939531
0.991907, 35.361513, 44.843483, 46.906465
0.991176, 34.877029, 44.710286, 46.837925
0.992209, 35.501634, 44.710363, 46.846007
0.990900, 34.805949, 44.608148, 46.915704
0.991191, 34.995952, 44.590366, 46.952206
0.991552, 35.131743, 44.551068, 46.955446
0.992169, 35.585081, 44.522992, 46.856637
0.991569, 35.150015, 44.485103, 46.781021
0.991491, 35.239177, 44.360952, 46.626050
0.991581, 35.059146, 44.288523, 46.513727
0.992369, 35.586303, 44.287542, 46.543098
0.991529, 35.095457, 44.306800, 46.557385
0.991942, 35.508459, 44.381829, 46.492935
0.991655, 35.148696, 44.307011, 46.428163
0.992312, 35.600359, 44.381399, 46.494100
0.991288, 34.953351, 44.440780, 46.588245
0.991663, 35.392507, 44.458032, 46.584435
0.991190, 34.956281, 44.492522, 46.476535
0.992453, 35.670219, 44.561438, 46.511034
0.991769, 35.204116, 44.604902, 46.606987
0.991662, 35.421549, 44.530772, 46.616448
0.991236, 35.062838, 44.485984, 46.561408
0.992309, 35.581169, 44.399064, 46.509514
0.991282, 35.160538, 44.452274, 46.566857
0.991286, 35.012159, 44.407346, 46.557622
0.991676, 35.245589, 44.425406, 46.595398
0.992464, 35.651897, 44.407490, 46.548642
0.991467, 35.212347, 44.394246, 46.546518
0.991419, 35.047640, 44.462776, 46.629897
0.991795, 35.285470, 44.490831, 46.663580
0.992486, 35.528858, 44.493036, 46.609021
0.991530, 35.087008, 44.498407, 46.590509
0.991202, 34.770973, 44.559272, 46.693742
0.991385, 34.973972, 44.551142, 46.672437
0.992495, 35.577505, 44.593676, 46.678392
0.992046, 35.440269, 44.567043, 46.733096
0.991970, 35.396298, 44.581802, 46.670009
0.991666, 35.182107, 44.433522, 46.647008
0.992319, 35.538795, 44.418824, 46.567924
0.991743, 35.143108, 44.376386, 46.502267
0.991646, 35.261211, 44.576327, 46.718588
0.991546, 35.012268, 44.716474, 46.805496
0.992562, 35.524709, 44.663770, 46.695818
0.992054, 35.349214, 44.640507, 46.724730
0.991825, 35.323211, 44.641116, 46.712701
0.991507, 35.006112, 44.604752, 46.689717
0.992235, 35.302006, 44.552707, 46.632664
0.991545, 35.072162, 44.602489, 46.738519
0.991373, 35.029747, 44.692081, 46.736793
0.991051, 34.770031, 44.655824, 46.692400
0.992064, 35.309029, 44.605053, 46.646646
0.991357, 35.022188, 44.585406, 46.669281
0.991026, 35.004478, 44.656358, 46.734205
0.991106, 34.962252, 44.582403, 46.757674
0.992017, 35.365035, 44.512122, 46.684964
0.990944, 34.663544, 44.484442, 46.726574
0.990901, 34.625859, 44.498923, 46.774426
0.990663, 34.646424, 44.499954, 46.742343
0.991907, 35.287726, 44.530846, 46.867421
0.991142, 34.951016, 44.498260, 46.790994
0.990875, 34.598025, 44.565548, 46.894817
0.990981, 34.825880, 44.543027, 46.825704
0.992233, 35.417799, 44.642562, 46.909286
0.990950, 34.852899, 44.489729, 46.952465
0.990988, 34.917656, 44.580527, 47.098684
0.990845, 34.709238, 44.572806, 46.965048
0.992078, 35.437154, 44.641649, 47.098952
0.990566, 34.693442, 44.675640, 47.019431
0.990637, 34.637293, 44.461096, 46.989149
0.990485, 34.551293, 44.416945, 46.795614
0.992192, 35.527518, 44.589163, 46.922774
0.990947, 34.666606, 44.626989, 46.981579
0.990890, 34.815697, 44.651856, 46.987451
0.992135, 35.564996, 44.858254, 47.018773
0.990562, 34.554029, 44.819875, 47.024827
0.990829, 34.612752, 44.794187, 47.004067
0.990861, 34.723834, 44.791823, 47.028253
0.992396, 35.789391, 44.891169, 47.183507
0.990873, 34.711304, 44.767005, 47.094399
0.991329, 35.140363, 44.745132, 47.187470
0.991213, 35.043152, 44.761605, 47.213529
0.992311, 35.704078, 44.790012, 47.225927
0.991221, 35.016339, 44.743029, 47.218484
0.991933, 35.506249, 44.757774, 47.244729
0.991071, 34.986184, 44.651399, 47.166872
0.992365, 35.671224, 44.723291, 47.284258
0.991423, 35.149545, 44.807367, 47.291815
0.991732, 35.454052, 44.887625, 47.415268
0.991732, 35.258932, 44.895281, 47.362132
0.992308, 35.658930, 44.904971, 47.338850
0.991199, 35.028854, 44.898509, 47.307530
0.991518, 35.410655, 44.921819, 47.411091
0.991299, 35.150494, 44.873958, 47.353316
0.992137, 35.624645, 44.801996, 47.286076
0.991183, 35.089200, 44.774922, 47.264588
0.991285, 35.157489, 44.709358, 47.322315
0.990884, 34.971671, 44.664229, 47.233936
0.991904, 35.479951, 44.635414, 47.248611
0.990759, 35.022278, 44.577827, 47.074503
0.991080, 34.997843, 44.664917, 47.042513
0.990600, 34.714164, 44.602338, 47.063857
0.992039, 35.503079, 44.731362, 47.099220
0.990735, 34.918477, 44.581352, 46.938498
0.991249, 34.983679, 44.689388, 46.965048
0.990724, 34.701118, 44.652466, 46.967517
0.991848, 35.395310, 44.709126, 46.937723
0.990378, 34.574696, 44.583979, 46.891495
0.990663, 34.833547, 44.576177, 46.916603
0.990559, 34.720735, 44.519291, 46.872251
0.991685, 35.301711, 44.698937, 46.958817
0.989882, 34.378566, 44.561214, 46.864881
0.990729, 34.670329, 44.551142, 46.865897
0.990214, 34.506891, 44.477477, 46.796114
0.991887, 35.342009, 44.406914, 46.770077
0.990234, 34.601107, 44.277105, 46.635553
0.990554, 34.558363, 44.390222, 46.701438
0.990309, 34.538015, 44.440344, 46.773307
0.991957, 35.360209, 44.413478, 46.728173
0.991061, 34.963027, 44.427072, 46.810132
0.990788, 34.611424, 44.466428, 46.885241
0.990608, 34.752596, 44.351975, 46.856004
0.992047, 35.418107, 44.382474, 46.848409
0.990896, 34.831043, 44.338827, 46.899806
0.990453, 34.608820, 44.250323, 46.809505
0.990568, 34.589075, 44.263972, 46.853091
0.991669, 35.275779, 44.250670, 46.801115
0.990731, 34.704226, 44.233321, 46.821052
0.990911, 34.916057, 44.215282, 46.881671
0.990436, 34.565069, 44.071736, 46.715643
0.991863, 35.365100, 44.071603, 46.647491
0.990387, 34.530379, 44.206394, 46.717238
0.990872, 34.808941, 44.208528, 46.816028
0.990696, 34.690354, 44.200066, 46.707678
0.991974, 35.394776, 44.163041, 46.710005
0.990138, 34.625649, 44.303209, 46.777162
0.990786, 34.677064, 44.174505, 46.741849
0.989906, 34.456703, 44.198073, 46.780274
0.991897, 35.333830, 44.280534, 46.807876
0.990675, 34.811357, 44.233044, 46.794865
0.990602, 34.526391, 44.219353, 46.747282
0.990182, 34.290002, 44.290348, 46.780274
0.991688, 35.228454, 44.273608, 46.780523
0.989661, 34.273956, 44.217007, 46.715030
0.990050, 34.494689, 44.247265, 46.739999
0.990070, 34.476876, 44.024153, 46.736916
0.991573, 35.232041, 44.103011, 46.762135
0.989239, 34.160696, 44.047448, 46.777287
0.994778, 36.684937, 46.245502, 48.164235
0.992138, 34.812694, 46.226171, 48.256995
0.991812, 35.131413, 46.172586, 48.177783
0.991463, 34.968439, 46.045650, 48.151070
0.992106, 35.202129, 46.181038, 48.140159
0.991241, 35.017397, 45.919663, 48.094257
0.990950, 34.812036, 45.817129, 48.027545
0.990894, 34.784789, 45.714719, 48.080295
0.991584, 35.189129, 45.741297, 47.991689
0.990633, 34.734800, 45.466532, 47.927496
0.990121, 34.661918, 45.277591, 47.837792
0.990150, 34.495118, 45.056831, 47.595330
0.990025, 34.755266, 45.113458, 47.538181
0.989841, 34.503551, 45.125604, 47.500690
0.990083, 34.690194, 45.052898, 47.545005
0.989795, 34.486107, 45.004488, 47.544263
0.989583, 34.718175, 45.074616, 47.497605
0.989614, 34.402078, 44.951625, 47.417142
0.989509, 34.305391, 44.819320, 47.422190
0.989835, 34.380844, 44.807209, 47.444184
0.990874, 34.931518, 44.764891, 47.410515
0.989654, 34.331296, 44.451109, 47.350333
0.989867, 34.474878, 44.461023, 47.324573
0.989985, 34.414554, 44.360097, 47.278948
0.990610, 34.809216, 44.374239, 47.238084
0.989219, 34.196336, 43.948906, 47.080902
0.989523, 34.299561, 44.056083, 46.937594
0.989581, 34.265277, 43.824472, 46.908645
0.990748, 34.786683, 44.120319, 46.956094
0.990021, 34.435444, 43.994750, 46.911724
0.990091, 34.564002, 43.999866, 46.943536
0.990029, 34.453980, 43.998160, 46.975324
0.990377, 34.611430, 44.038234, 46.890346
0.989758, 34.277894, 43.923681, 46.853977
0.989821, 34.344961, 43.847225, 46.819921
0.989542, 34.198753, 43.880493, 46.708902
0.990454, 34.606340, 43.875770, 46.738642
0.990502, 34.581678, 43.908037, 46.660309
0.989966, 34.466848, 43.807674, 46.638564
0.989771, 34.332803, 43.742917, 46.595040
0.989418, 34.210310, 43.411038, 46.456151
0.990025, 34.506935, 43.535569, 46.394427
0.989513, 34.301170, 43.322034, 46.394541
0.989201, 34.207304, 43.384355, 46.402980
0.989315, 34.279734, 43.557209, 46.415210
0.989076, 34.190439, 43.372467, 46.418302
0.988971, 34.116925, 43.163044, 46.414981
0.988153, 33.790115, 43.285466, 46.388280
0.987463, 33.485192, 43.265302, 46.361517
0.986377, 33.095236, 43.282572, 46.422542
