ms-ssim, psnr-y, psnr-u, psnr-v
0.996893, 46.008939, 49.762822, 49.875179
0.996100, 45.156433, 49.106766, 49.116003
0.996211, 45.194330, 49.377930, 49.112032
0.996177, 45.208767, 49.249282, 49.070012
0.996500, 45.364573, 49.611031, 49.422494
0.996159, 45.448843, 49.218300, 49.149239
0.996413, 45.779875, 49.524694, 49.439658
0.996262, 45.600141, 49.132850, 49.202228
0.996744, 46.055596, 49.437493, 49.497007
0.995897, 45.478617, 49.133325, 49.249721
0.996371, 46.075883, 49.479383, 49.446160
0.996444, 46.174855, 49.534553, 49.417497
0.997011, 47.009795, 50.297979, 49.956722
0.995582, 45.528280, 48.962793, 48.917982
0.994753, 44.790693, 48.347580, 48.271334
0.994181, 43.951685, 48.211106, 48.219947
0.994677, 44.234394, 48.366364, 48.168382
0.994109, 43.959525, 48.156003, 48.158013
0.994188, 44.113155, 48.479097, 48.388310
0.994978, 44.848773, 48.639276, 48.520900
0.996196, 45.790639, 49.136247, 48.927618
0.995355, 45.135860, 49.266337, 49.123127
0.995060, 44.865614, 48.833245, 48.804424
0.995416, 45.142287, 49.157588, 49.117919
0.995973, 45.514579, 49.194346, 49.087011
0.994995, 44.852194, 48.979467, 49.137173
0.994805, 44.702428, 48.429507, 48.748695
0.995101, 44.827829, 48.687177, 48.818932
0.995785, 45.323567, 49.117280, 48.931152
0.995180, 45.033936, 48.767643, 48.931107
0.994994, 44.820555, 48.637009, 49.021958
0.994883, 44.334839, 48.232356, 48.624531
0.995620, 44.752157, 48.646699, 48.830565
0.995401, 44.786851, 48.622483, 48.895894
0.995593, 44.969063, 48.749760, 48.917530
0.996546, 45.690751, 49.077155, 49.198322
0.995233, 44.379500, 48.703018, 48.878014
0.995525, 44.520538, 48.776317, 48.866723
0.995432, 44.316313, 48.548621, 48.769106
0.997496, 45.481240, 49.163848, 49.456047
0.996773, 44.666472, 49.084451, 49.287468
0.996563, 44.338439, 48.655177, 48.918953
0.996327, 44.181947, 48.480220, 48.745850
0.996341, 44.266795, 48.585238, 48.775705
0.995600, 43.949593, 48.171749, 48.502976
0.995533, 43.979037, 48.375827, 48.653370
0.995248, 43.603594, 48.047501, 48.207689
0.996290, 44.359642, 48.386530, 48.613900
0.995569, 43.620184, 48.100000, 48.159816
0.995502, 43.439779, 48.242343, 48.138029
0.995420, 43.304342, 48.184593, 48.132350
0.995840, 43.657117, 47.922449, 48.047667
0.995633, 43.624451, 48.272580, 48.331777
0.995524, 43.446346, 47.975613, 48.004683
0.995763, 43.701148, 48.214217, 48.355016
0.996146, 43.845489, 48.135613, 48.176661
0.995946, 43.812712, 48.155624, 48.416060
0.995816, 43.684528, 47.902337, 48.030909
0.995979, 43.801479, 48.309466, 48.182360
0.996224, 44.062862, 48.021267, 48.340967
0.995626, 43.649612, 47.932900, 48.094220
0.995696, 43.609023, 48.190647, 48.362505
0.995569, 43.473794, 47.836296, 48.076016
0.996259, 43.845136, 48.009758, 48.336498
0.995667, 43.344813, 47.854795, 48.154449
0.995630, 43.464341, 47.801001, 48.099794
0.995717, 43.511345, 47.711671, 48.011335
0.996209, 43.922709, 47.943665, 48.298383
0.995470, 43.517725, 47.759220, 48.099027
0.995664, 43.664439, 47.827042, 48.155662
0.995891, 43.711886, 47.939226, 48.134424
0.996474, 44.156619, 48.064157, 48.276048
0.996083, 43.895486, 47.994021, 48.175480
0.996044, 43.827507, 47.986010, 48.088598
0.996651, 44.423505, 48.135556, 48.395216
0.996189, 43.494313, 48.092949, 48.312492
0.996185, 43.673799, 48.172815, 48.322389
0.996142, 43.903409, 48.370705, 48.634680
0.996341, 44.067078, 48.161865, 48.449076
0.995876, 43.789112, 48.023951, 48.352953
0.995979, 43.834912, 48.161296, 48.377104
0.995780, 43.785075, 48.094183, 48.302028
0.996627, 44.398356, 48.334877, 48.366404
0.996008, 44.027189, 48.151796, 48.101778
0.996043, 44.145297, 48.264972, 48.298324
0.995944, 44.259303, 47.977759, 48.110156
0.996665, 44.962617, 48.478852, 48.431729
0.995854, 44.332050, 47.987396, 48.162150
0.996059, 44.390319, 48.351068, 48.299402
0.995949, 44.303547, 48.176508, 48.261784
0.996446, 44.550662, 48.353687, 48.303460
0.996352, 44.435597, 48.626707, 48.519065
0.996115, 44.183880, 48.229906, 48.168991
0.995933, 43.840466, 48.495795, 48.253129
0.996365, 44.074470, 48.492085, 48.303028
0.995921, 43.701136, 48.255049, 48.181998
0.996047, 43.983561, 48.523582, 48.443158
0.995792, 43.729661, 48.141429, 47.991940
0.996595, 44.554410, 48.652966, 48.497210
0.995772, 44.080450, 48.289869, 48.323000
0.995841, 44.124185, 48.377303, 48.197149
0.995665, 44.030127, 48.373654, 48.184612
0.996466, 44.482500, 48.581117, 48.312040
0.995745, 44.162641, 48.471690, 48.208169
0.995840, 44.082886, 48.431668, 48.118475
0.995612, 43.917539, 48.285277, 48.033912
0.996508, 44.542732, 48.760490, 48.381655
0.995926, 44.161934, 48.357716, 48.204620
0.996012, 44.240491, 48.422970, 48.259182
0.996046, 44.312849, 48.860341, 48.554643
0.996445, 44.667397, 48.542006, 48.311096
0.995896, 44.244031, 48.379099, 48.136349
0.995895, 44.306363, 48.342530, 47.998115
0.995599, 44.195455, 48.351445, 47.977377
0.995968, 44.430639, 48.263067, 48.036494
0.995240, 44.117621, 48.258833, 48.010968
0.995337, 44.650296, 48.275541, 48.077784
0.995219, 44.489187, 48.247587, 48.023179
0.995824, 44.756365, 48.462240, 48.170474
0.995086, 44.417828, 48.126809, 47.995044
0.995381, 44.596476, 48.151531, 48.111788
0.994877, 44.360744, 48.217466, 48.069803
0.995903, 45.065232, 48.844094, 48.712921
0.995032, 44.391813, 48.291649, 48.240525
0.995361, 44.591421, 48.403156, 48.323887
0.995110, 44.292471, 48.196326, 48.216774
0.996371, 45.076189, 48.712533, 48.647846
0.995676, 44.531613, 48.413544, 48.372498
0.995733, 44.730660, 48.448934, 48.472750
0.995546, 44.581582, 48.407473, 48.295935
0.996382, 45.220862, 48.569215, 48.776820
0.995777, 44.794453, 48.393674, 48.493376
0.995591, 44.635756, 48.234904, 48.449299
0.996426, 45.223453, 48.570154, 48.747739
0.995618, 44.411301, 48.126922, 48.271353
0.995763, 44.251339, 48.070807, 48.248749
0.995739, 44.040476, 48.372857, 48.282348
0.996484, 44.489899, 48.359385, 48.475504
0.995701, 43.791792, 48.041384, 48.158943
0.995866, 43.818777, 48.006991, 48.038671
0.995698, 43.652794, 47.946988, 48.111657
0.996139, 44.045292, 47.985627, 48.181197
0.995449, 43.331401, 47.531766, 47.666889
0.995710, 43.630893, 47.682076, 47.864340
0.995834, 43.607571, 47.807278, 47.730384
0.996441, 44.136016, 47.851736, 48.063210
0.995629, 42.998223, 47.405056, 47.495756
0.995802, 43.126335, 47.375587, 47.643305
0.995813, 43.170834, 47.423100, 47.756919
0.996172, 43.445942, 47.517307, 47.820368
0.996050, 43.313514, 47.760899, 48.044876
0.995931, 43.136300, 47.316790, 47.697198
0.995767, 42.923397, 47.402282, 47.757006
0.996302, 43.241738, 47.369018, 47.707650
0.995770, 42.867711, 47.314040, 47.747676
0.995646, 42.736536, 47.244629, 47.497304
0.995645, 42.685990, 47.395879, 47.682824
0.996194, 43.046252, 47.604392, 47.803116
0.995633, 42.551213, 47.274133, 47.613150
0.995656, 42.553606, 47.432992, 47.554701
0.995661, 42.495009, 47.411297, 47.472741
0.996148, 42.824662, 47.451588, 47.473470
0.995973, 42.648503, 47.672584, 47.735681
0.995773, 42.416359, 47.317024, 47.436349
0.995974, 42.579187, 47.630653, 47.636823
0.996190, 42.715366, 47.442859, 47.518158
0.995870, 42.504148, 47.555724, 47.599752
0.995562, 42.166085, 47.237549, 47.253615
0.995723, 42.164386, 47.615309, 47.539490
0.996073, 42.516690, 47.545416, 47.579118
0.994820, 41.698722, 47.260505, 47.195888
0.995229, 41.918127, 47.474815, 47.310371
0.995649, 42.263574, 47.795362, 47.542880
0.995994, 42.457479, 47.634502, 47.438823
0.995411, 42.097197, 47.946519, 47.600770
0.995379, 41.973940, 47.652362, 47.289449
0.995707, 42.188784, 47.969596, 47.635141
0.995987, 42.358765, 47.787744, 47.658850
0.995734, 42.157233, 48.073243, 47.766182
0.995349, 41.741947, 47.771575, 47.532078
0.995498, 41.875922, 47.933134, 47.679867
0.995495, 41.768990, 47.631577, 47.499210
0.995542, 41.967271, 48.007467, 47.647114
0.995124, 41.582676, 47.578886, 47.330266
0.995561, 41.778622, 47.994953, 47.551087
0.995665, 41.878357, 47.659881, 47.494258
0.995404, 41.540200, 47.676470, 47.385579
0.995251, 41.444658, 47.744830, 47.482066
0.995368, 41.452543, 47.656922, 47.383325
0.995632, 41.650430, 47.619479, 47.504804
0.995407, 41.502347, 47.784244, 47.609555
0.995408, 41.585522, 47.694145, 47.501607
0.995326, 41.593765, 47.575003, 47.405630
0.995558, 41.658235, 47.572665, 47.461206
0.995178, 41.624487, 47.641974, 47.362365
0.995159, 41.797366, 47.821684, 47.552704
0.995204, 41.805862, 47.621105, 47.473503
0.995350, 41.890338, 47.513086, 47.266278
0.995615, 42.227024, 47.832018, 47.674925
0.995147, 41.913775, 47.535725, 47.292432
0.995536, 42.092933, 47.732929, 47.442055
0.995560, 42.213559, 47.626993, 47.248150
0.995445, 42.260679, 47.781721, 47.390201
0.995118, 42.003248, 47.437939, 47.035835
0.995422, 42.249851, 47.845712, 47.216745
0.995524, 42.263889, 47.622882, 47.119640
0.995374, 42.201108, 47.833250, 47.187157
0.995085, 42.060442, 47.459510, 46.913684
0.995411, 42.306073, 47.711072, 47.227954
0.995568, 42.456141, 47.702899, 47.174843
0.995483, 42.266193, 47.749851, 47.251028
0.995264, 41.949747, 47.587626, 46.944113
0.995456, 42.123793, 47.690448, 47.154185
0.995617, 42.344096, 47.636083, 47.062107
0.995550, 42.320032, 47.799482, 47.072702
0.995386, 42.120484, 47.625046, 46.964239
0.995440, 41.936152, 47.703104, 47.005370
0.995471, 42.026633, 47.507792, 46.960350
0.994937, 41.624082, 47.544889, 47.056054
0.995287, 41.861911, 47.445016, 46.863063
0.995314, 41.772113, 47.663959, 47.154938
0.995621, 41.791246, 47.598635, 47.071239
0.995505, 41.590867, 47.812057, 47.249951
0.995551, 41.586439, 47.628151, 47.036260
0.995630, 41.605741, 47.983695, 47.353262
0.995880, 41.688814, 47.631544, 47.088553
0.995485, 41.329416, 47.925324, 47.387024
0.995566, 41.466793, 47.671600, 47.158447
0.995730, 41.565968, 47.890193, 47.353435
0.995870, 41.754967, 47.614539, 47.153162
0.995692, 41.891436, 47.841866, 47.295028
0.995423, 41.615798, 47.437409, 46.932024
0.995627, 41.864012, 47.694674, 47.150318
0.995857, 42.065690, 47.579317, 46.986588
0.995657, 42.044768, 47.769632, 47.156971
0.995477, 41.871916, 47.480621, 46.808546
0.995690, 41.980800, 47.669481, 47.033683
0.995709, 42.071868, 47.531996, 46.940256
0.995555, 42.035302, 47.585714, 47.049451
0.995394, 41.783021, 47.371091, 46.792879
0.995196, 41.742896, 47.542024, 46.899507
0.995353, 41.752450, 47.376712, 46.720636
0.995094, 41.703899, 47.513217, 46.867457
0.995667, 42.099624, 47.521416, 46.893577
0.995244, 41.633185, 47.403669, 46.739669
0.995291, 41.643483, 47.458267, 46.654309
0.995017, 41.444561, 47.229990, 46.351833
0.995170, 41.442172, 47.277120, 46.477242
0.994824, 41.061639, 47.178383, 46.108755
0.994391, 40.491993, 47.039103, 46.101897
