ms-ssim, psnr-y, psnr-u, psnr-v
0.994895, 37.460254, 48.723956, 47.116420
0.994061, 37.081197, 49.068476, 47.113396
0.994147, 36.975022, 48.815966, 46.767269
0.994256, 36.997453, 49.181339, 47.076175
0.994455, 37.094609, 48.827399, 46.754874
0.994268, 37.044735, 49.028365, 46.834173
0.994208, 37.072651, 49.039009, 46.828583
0.994620, 37.174923, 49.010478, 46.840592
0.994259, 36.986559, 49.106443, 46.802517
0.994586, 37.166111, 49.083097, 46.874636
0.994183, 36.942462, 49.161792, 46.680812
0.994501, 37.199399, 49.085351, 46.630279
0.993295, 36.572130, 49.079469, 46.503348
0.992513, 36.234195, 49.099904, 46.354771
0.992634, 36.173357, 49.004205, 46.194083
0.993133, 36.364752, 49.226257, 46.502588
0.994379, 36.977465, 49.140938, 46.453119
0.994743, 37.155461, 49.510954, 46.820695
0.995669, 37.560547, 49.653478, 47.087308
0.995443, 37.600275, 49.541451, 47.251495
0.995791, 37.747114, 49.658334, 47.311266
0.995757, 37.808528, 49.669495, 47.458924
0.996106, 37.914984, 49.587040, 47.384044
0.996071, 38.034175, 49.789188, 47.496723
0.996143, 38.070310, 49.961336, 47.543802
0.996139, 38.103650, 49.968237, 47.604559
0.996697, 38.237933, 49.788157, 47.649768
0.996591, 38.367458, 50.008171, 48.127387
0.997184, 38.560387, 50.065549, 48.358862
0.997051, 38.502552, 50.251544, 48.610440
0.997238, 38.530712, 50.016388, 48.348491
0.997063, 38.432898, 49.594497, 48.112746
0.996798, 38.269626, 49.675660, 47.876607
0.997255, 38.547159, 49.587884, 48.120963
0.996733, 38.281935, 49.439981, 48.161473
0.996643, 38.224135, 49.429936, 48.066638
0.997250, 38.459160, 49.571744, 48.062975
0.996806, 38.115572, 49.547437, 48.096657
0.996975, 38.237616, 49.652479, 48.046872
0.996891, 38.163296, 49.794641, 48.055953
0.997193, 38.398536, 49.695938, 48.070305
0.997132, 38.429423, 49.635813, 48.429897
0.996675, 38.199402, 49.601826, 48.326456
0.996727, 38.190452, 49.684134, 48.178922
0.997124, 38.387033, 49.472309, 48.080529
0.996615, 38.105738, 49.606484, 48.443705
0.996695, 38.095034, 49.383543, 48.064955
0.996199, 38.054148, 49.147920, 48.062282
0.996970, 38.438168, 49.349071, 48.314484
0.996081, 37.947399, 48.932761, 47.850893
0.996572, 38.236777, 49.158989, 48.132815
0.996308, 37.989924, 49.224576, 48.063272
0.996760, 38.306851, 49.321610, 48.070107
0.995813, 37.906241, 49.410995, 48.218543
0.996692, 38.406461, 49.965322, 48.624271
0.995679, 37.994808, 49.633823, 48.614146
0.996094, 38.100392, 49.624738, 48.635887
0.995986, 38.041721, 49.758223, 48.543484
0.996961, 38.569500, 49.977302, 48.852254
0.996200, 38.135383, 50.167823, 49.145761
0.996265, 38.082730, 49.650624, 49.137767
0.995824, 37.956185, 50.236825, 49.457411
0.996748, 38.450165, 50.358684, 49.494684
0.996107, 37.959554, 50.164771, 49.441612
0.996369, 38.089994, 49.776100, 49.206379
0.995879, 37.844675, 49.718049, 49.029107
0.996776, 38.326235, 49.648627, 49.143730
0.996516, 38.203206, 50.156589, 49.419914
0.996191, 38.162822, 50.766654, 49.815631
0.996662, 38.519549, 50.478362, 49.389853
0.996346, 38.410359, 50.551995, 49.854479
0.996243, 38.362431, 50.747881, 50.001361
0.996577, 38.557971, 50.740540, 49.931101
0.996201, 38.187181, 50.904579, 49.941614
0.996220, 38.284929, 50.921749, 49.881775
0.996487, 38.554889, 50.914491, 49.937650
0.996079, 38.294108, 50.942828, 49.884635
0.996149, 38.324009, 51.050570, 49.903343
0.996166, 38.382862, 51.406618, 50.370959
0.996437, 38.709167, 51.181097, 50.272729
0.996330, 38.608181, 51.455842, 50.456153
0.995874, 38.233868, 51.250026, 50.389691
0.996163, 38.338240, 51.981441, 50.835069
0.996533, 38.577802, 52.111461, 50.861759
0.996490, 38.442362, 52.197020, 51.179272
0.996479, 38.412630, 52.181663, 51.177649
0.996500, 38.490555, 52.109450, 51.339596
0.996555, 38.432771, 52.202151, 51.356889
0.995990, 37.863691, 52.141228, 51.439443
0.995815, 37.742540, 51.833924, 51.252089
0.996753, 38.389668, 51.687375, 50.959764
0.996338, 37.766606, 51.520086, 50.655211
0.996840, 38.295478, 51.617485, 50.348118
0.996489, 37.825013, 51.886359, 50.510064
0.996342, 37.700466, 51.416461, 50.217114
0.996278, 37.713887, 51.079217, 49.942072
0.996712, 38.093170, 51.376585, 50.052229
0.996102, 37.785942, 50.675755, 49.672792
0.996399, 37.786042, 50.998115, 49.654049
0.996298, 37.765633, 50.823093, 49.725590
0.996705, 37.950858, 50.834132, 49.614540
0.996335, 37.516183, 50.866286, 49.639369
0.996432, 37.514595, 50.969031, 49.700842
0.996237, 37.388031, 50.864022, 49.604931
0.996590, 37.656317, 50.934767, 49.555245
0.996043, 37.366974, 50.753210, 49.306955
0.996159, 37.409522, 50.522427, 48.831059
0.996435, 37.660152, 50.592031, 49.006787
0.995815, 37.409480, 50.657909, 48.856767
0.995957, 37.401761, 50.393244, 48.738848
0.995991, 37.299580, 50.662949, 48.850830
0.996473, 37.572328, 50.806308, 48.770649
0.996029, 37.131251, 50.800169, 48.967605
0.996409, 37.573701, 50.818984, 49.116523
0.996594, 38.011256, 51.121844, 49.665915
0.996228, 37.639191, 51.077037, 49.994870
0.995962, 37.497320, 51.321953, 49.764955
0.995487, 37.165350, 51.386360, 49.834044
0.996875, 37.985192, 51.320067, 50.052855
0.995780, 37.177871, 51.213687, 49.683559
0.996079, 37.211400, 51.035631, 49.415723
0.995759, 37.256453, 51.294997, 49.741730
0.997150, 38.092136, 51.660779, 49.838064
0.996025, 37.074667, 51.213278, 49.480532
0.995979, 37.297395, 50.956873, 49.136880
0.995784, 37.242508, 51.145328, 48.950937
0.996672, 37.739904, 51.188612, 48.969555
0.995927, 37.124201, 50.687693, 48.723495
0.996168, 37.241045, 50.843134, 48.675024
0.996074, 37.414146, 51.116043, 49.102292
0.996847, 38.120288, 51.009609, 49.098145
0.995968, 37.687416, 50.776441, 48.757390
0.996081, 37.799148, 50.601787, 49.262895
0.996973, 38.342592, 51.201641, 49.661050
0.996062, 37.885467, 50.969997, 49.675086
0.996016, 37.717034, 50.944749, 49.466563
0.997017, 38.197018, 50.964202, 49.650196
0.996127, 37.382866, 50.294017, 49.379387
0.995903, 37.051188, 50.400189, 49.276092
0.996962, 37.958617, 50.388169, 49.571464
0.996217, 37.010834, 50.294844, 49.315134
0.996416, 37.151997, 50.603030, 49.336579
0.996340, 37.158683, 50.555684, 49.367075
0.996936, 37.593816, 50.358684, 49.205993
0.996346, 36.871127, 50.407824, 49.147158
0.996396, 37.029511, 50.277011, 48.841821
0.996410, 36.919881, 50.171521, 49.112236
0.997057, 37.487814, 50.082219, 49.015652
0.996689, 37.050404, 50.262205, 49.041488
0.996724, 37.211375, 50.108928, 48.938327
0.996652, 37.025890, 50.054733, 48.870334
0.996991, 37.452822, 50.017474, 48.821973
0.996467, 37.153265, 50.147143, 48.885498
0.996582, 37.177316, 50.017940, 48.731338
0.996445, 36.906485, 49.652622, 48.307254
0.996750, 37.432042, 49.748582, 48.246845
0.995892, 36.578779, 49.810448, 48.517032
0.996246, 36.763350, 50.044724, 48.662507
0.996306, 37.026886, 50.115433, 48.828225
0.996940, 37.655590, 50.246796, 49.167787
0.996185, 37.133722, 50.049570, 49.047071
0.996384, 37.137913, 50.001825, 48.836260
0.996221, 37.034481, 49.858368, 48.720385
0.996794, 37.560525, 50.079856, 48.885259
0.996386, 37.129999, 50.050039, 48.889926
0.996589, 37.240013, 50.121629, 48.876895
0.996243, 36.988817, 50.080013, 48.824449
0.996753, 37.551243, 50.155467, 49.087230
0.996291, 37.107535, 50.304618, 48.976390
0.996236, 37.029004, 49.963022, 48.509457
0.996319, 37.096467, 49.932471, 48.545253
0.996733, 37.468379, 49.885689, 48.538622
0.996366, 37.221216, 50.081273, 48.683464
0.996270, 37.225545, 50.254985, 48.677417
0.996800, 37.697690, 50.278494, 48.984092
0.996138, 37.193578, 50.430982, 48.928290
0.996326, 37.371599, 50.264998, 48.682094
0.996385, 37.348575, 50.255313, 48.804328
0.997099, 37.795831, 50.186181, 48.836496
0.997184, 38.010613, 50.503636, 49.018118
0.996634, 37.707077, 50.344602, 48.846679
0.996894, 37.671322, 50.375508, 48.948388
0.996855, 37.617009, 50.200406, 48.786287
0.997340, 37.953065, 50.230788, 48.968946
0.996513, 37.409805, 49.629562, 48.340465
0.996605, 37.194842, 49.403577, 48.375422
0.996596, 37.173056, 49.413426, 48.149644
0.997132, 37.690683, 49.547716, 48.465150
0.996633, 37.275639, 49.365872, 48.255424
0.996681, 37.262340, 49.022066, 48.170696
0.996626, 37.294152, 49.748436, 48.128592
0.997142, 37.718502, 49.554547, 48.596317
0.996712, 37.320164, 49.631266, 48.240036
0.996711, 37.267065, 49.681547, 48.376060
0.996730, 37.304055, 49.750479, 48.404233
0.997218, 37.819186, 50.153065, 48.673315
0.996884, 37.409922, 50.088683, 48.590725
0.996904, 37.388747, 50.150823, 48.529907
0.996911, 37.414687, 50.103700, 48.625285
0.997066, 37.605189, 49.811188, 48.345110
0.996700, 37.299323, 49.938564, 48.346906
0.996740, 37.335880, 49.873358, 48.547134
0.996578, 37.291332, 49.789188, 48.429897
0.996933, 37.644534, 49.651623, 48.402842
0.996471, 37.210993, 49.653906, 48.372870
0.996607, 37.279809, 49.692912, 48.468300
0.996445, 37.258352, 49.964249, 48.576220
0.996928, 37.581516, 49.800100, 48.481249
0.996442, 37.179157, 49.532974, 48.258736
0.996547, 37.347975, 49.854180, 48.213314
0.996527, 37.412514, 50.379893, 48.919963
0.997033, 37.889554, 50.440896, 49.071346
0.996574, 37.547855, 50.255969, 48.625172
0.996868, 37.626800, 49.701997, 48.530238
0.996709, 37.681635, 49.915153, 48.617631
0.997025, 37.998029, 50.185859, 48.663530
0.996726, 37.881782, 50.055986, 48.660917
0.996826, 37.692780, 50.353314, 48.640972
0.996709, 37.606376, 50.228343, 48.739195
0.997189, 38.008382, 50.077967, 48.636452
0.996708, 37.559086, 50.037545, 48.588267
0.996863, 37.592277, 49.718194, 48.502662
0.996705, 37.343511, 49.751793, 48.582239
0.997032, 37.727938, 49.931406, 48.456147
0.996621, 37.392297, 49.701419, 48.618306
0.996808, 37.490527, 49.631266, 48.541053
0.996679, 37.501954, 49.540338, 48.455714
0.997091, 37.914968, 49.380727, 48.201956
0.996522, 37.456730, 49.742896, 48.462111
0.996451, 37.257472, 49.377645, 48.161878
0.996311, 37.116573, 49.522573, 48.432591
0.996895, 37.820092, 49.494409, 48.411734
0.996398, 37.587793, 49.515377, 48.355261
0.996631, 37.620005, 49.427225, 48.245710
0.996541, 37.503122, 49.365872, 48.183092
0.996979, 37.879775, 49.402230, 48.196033
0.996537, 37.515849, 49.418291, 48.153785
0.996573, 37.581793, 49.574266, 48.202365
0.996608, 37.563583, 49.753108, 48.331296
0.997110, 38.158596, 49.726606, 48.348914
0.996474, 37.677085, 49.812224, 48.328981
0.996527, 37.613380, 49.845070, 48.428605
0.996419, 37.634088, 49.808968, 48.545364
0.996770, 37.927932, 49.807785, 48.376805
0.996404, 37.772061, 49.589009, 48.119458
0.996455, 37.894583, 49.820227, 48.155908
0.996476, 37.829083, 49.916973, 48.251701
0.996641, 38.011946, 49.991166, 48.393540
0.996364, 37.802942, 50.361036, 48.451599
0.996910, 38.110939, 50.418026, 48.384365
0.998151, 39.293174, 51.638176, 50.409183
0.997497, 38.568802, 51.652176, 50.330566
0.996717, 37.937128, 51.205313, 49.638515
0.996705, 38.022692, 51.420962, 49.854479
0.996702, 38.260905, 51.208987, 49.837319
0.997169, 38.538509, 51.605609, 50.142348
0.996800, 38.242516, 51.608519, 49.849996
0.996727, 38.185433, 51.413035, 49.649340
0.997068, 38.553775, 51.502570, 49.834342
0.997132, 38.567440, 51.386998, 49.709076
0.996668, 37.989375, 51.201845, 49.509573
0.996818, 38.104327, 51.322582, 49.773898
0.996650, 37.959144, 51.390404, 49.783595
0.997111, 38.405502, 51.393812, 49.983920
0.996634, 37.868099, 51.203273, 49.867056
0.996528, 37.742763, 51.272350, 49.958732
0.996584, 37.723169, 51.190442, 49.883581
0.997136, 38.286971, 51.330346, 50.060060
0.996671, 37.868169, 50.984130, 49.704307
0.996631, 37.806078, 51.010780, 49.680254
0.996496, 37.737110, 51.301877, 50.059119
0.996991, 38.207591, 51.436645, 50.197007
0.996366, 37.774857, 51.147341, 49.836128
0.996293, 37.673125, 51.112247, 49.524374
0.996217, 37.528417, 50.173451, 48.895917
0.996749, 38.082897, 50.137239, 49.110850
0.996129, 37.694932, 50.241889, 48.944143
0.996194, 37.583472, 50.510064, 49.093876
0.995912, 37.608274, 50.266149, 49.354931
0.996651, 37.873839, 50.886717, 49.730818
0.996336, 38.891192, 50.948786, 49.657048
0.996417, 38.269537, 51.329716, 50.121788
0.996259, 38.629525, 51.324260, 50.009410
0.996743, 39.095862, 51.527112, 50.054107
0.996398, 39.236665, 51.533930, 50.250397
0.996504, 39.468799, 51.787944, 50.167341
0.996441, 39.464379, 51.803373, 50.245323
0.996552, 39.701997, 51.698791, 50.178925
0.996448, 40.048483, 51.787244, 50.326064
0.995893, 39.926809, 51.496892, 50.164771
0.996166, 40.350477, 51.384233, 50.173130
0.996375, 40.638224, 51.379982, 50.115115
0.996078, 40.739793, 51.593320, 50.063823
0.996506, 41.061794, 51.445262, 50.071204
0.996613, 40.762759, 51.145730, 49.990240
0.996845, 40.898048, 51.105661, 50.054733
0.996552, 40.680761, 50.870251, 49.757199
0.996568, 40.547126, 50.739074, 49.638373
0.996333, 40.116612, 50.583888, 49.405060
0.995991, 39.694951, 50.247614, 49.119930
