ms-ssim, psnr-y, psnr-u, psnr-v
0.992848, 39.024180, 45.108682, 45.402842
0.991850, 38.553145, 45.180978, 45.375371
0.990968, 38.112920, 45.168762, 45.386419
0.990839, 38.110698, 44.944302, 45.195720
0.991525, 38.376823, 45.179410, 45.326632
0.990519, 38.121953, 44.909939, 45.099556
0.990704, 38.262694, 45.124539, 45.294808
0.990558, 38.053646, 44.977661, 45.199788
0.991609, 38.588504, 45.174827, 45.444886
0.990927, 38.279840, 45.027375, 45.326909
0.990907, 38.323402, 45.007825, 45.298695
0.991185, 38.448786, 44.930315, 45.266917
0.991526, 38.641744, 45.000484, 45.396048
0.990090, 37.955635, 44.709079, 45.138183
0.989842, 37.960664, 44.730392, 45.138940
0.989461, 37.807061, 44.697504, 45.070055
0.989184, 37.599994, 44.754513, 45.126653
0.989127, 37.659983, 44.828498, 45.085397
0.989853, 37.908756, 44.966986, 45.327305
0.990654, 38.294304, 45.002172, 45.413678
0.991034, 38.629630, 45.014957, 45.506252
0.992039, 38.761379, 45.463449, 45.886561
0.992497, 38.819893, 45.656698, 45.925818
0.993389, 39.146616, 45.815241, 46.054030
0.994410, 40.075813, 45.813339, 46.106696
0.994722, 40.314185, 46.254422, 46.573227
0.995011, 40.377512, 46.401978, 46.803572
0.995162, 40.559098, 46.518112, 46.939884
0.995698, 41.105518, 46.523420, 46.923123
0.995895, 41.273903, 46.886112, 47.366726
0.995732, 41.013917, 46.712878, 47.333403
0.996123, 41.372965, 46.829030, 47.415371
0.996455, 41.865898, 46.877177, 47.354223
0.995984, 41.342408, 46.841675, 47.365840
0.995800, 41.159475, 46.774784, 47.414157
0.995787, 40.989959, 46.809297, 47.428821
0.996507, 41.904356, 47.013174, 47.570494
0.996174, 41.473532, 46.734636, 47.420554
0.996482, 41.768611, 47.062122, 47.588358
0.996366, 41.590848, 47.097340, 47.557987
0.996750, 42.146851, 47.151401, 47.647181
0.996513, 41.867315, 47.218043, 47.703190
0.996573, 41.958424, 47.225504, 47.688319
0.996449, 41.819212, 47.163393, 47.619345
0.996762, 42.168284, 47.292494, 47.678729
0.996118, 41.568836, 47.268812, 47.638893
0.996109, 41.667566, 47.360849, 47.804742
0.996565, 41.815802, 47.322623, 47.782556
0.996860, 42.266523, 47.320620, 47.842325
0.996540, 41.965242, 47.357566, 47.892280
0.996776, 42.113225, 47.359586, 47.931351
0.996779, 42.207624, 47.268071, 47.853840
0.996986, 42.461424, 47.260166, 47.801596
0.996987, 42.319600, 47.193669, 47.861061
0.996997, 42.231075, 47.350316, 48.013352
0.996871, 42.042893, 47.169069, 47.846277
0.997277, 42.615240, 47.537221, 48.109743
0.997015, 42.211872, 47.271286, 47.903786
0.997213, 42.424249, 47.461853, 48.011298
0.997190, 42.516560, 47.517077, 48.082442
0.997293, 42.626567, 47.545845, 48.071495
0.997309, 42.639738, 47.624576, 48.189481
0.996907, 42.033243, 47.478496, 48.032622
0.997123, 42.404956, 47.577989, 48.100524
0.997312, 42.734038, 47.661573, 48.148710
0.997209, 42.482710, 47.494031, 48.046428
0.997297, 42.515158, 47.526186, 48.073876
0.997228, 42.534568, 47.592286, 48.180778
0.997274, 42.523515, 47.589955, 48.143792
0.997211, 42.439494, 47.579450, 48.164942
0.997204, 42.476799, 47.564137, 48.171559
0.997146, 42.404190, 47.551186, 48.146288
0.997116, 42.372603, 47.456879, 48.105918
0.997053, 42.366750, 47.530058, 48.132463
0.996950, 42.222609, 47.469033, 48.081100
0.996951, 42.218075, 47.471105, 48.080206
0.996933, 42.184811, 47.473503, 48.070974
0.998561, 42.071929, 49.731290, 51.270123
0.998518, 43.003887, 50.186867, 51.524751
0.998479, 42.890732, 50.190258, 51.470404
0.998366, 42.704062, 50.141230, 51.428635
0.998218, 42.585854, 50.089906, 51.358632
0.998048, 42.518599, 50.043748, 51.264069
0.998034, 42.495251, 50.033921, 51.274164
0.998061, 42.479692, 50.039417, 51.274941
0.998107, 42.550628, 49.939136, 51.219006
0.998174, 42.608453, 49.909395, 51.160752
0.998192, 42.622970, 49.926805, 51.218852
0.998169, 42.511522, 49.932623, 51.217318
0.998142, 42.452512, 49.927147, 51.187189
0.998148, 42.520934, 49.912690, 51.192069
0.998161, 42.576112, 49.926577, 51.192222
0.998179, 42.565188, 49.873546, 51.228843
0.998221, 42.636396, 49.904288, 51.194664
0.998217, 42.647341, 49.757528, 51.145026
0.998244, 42.687377, 49.822156, 51.106408
0.998213, 42.617257, 49.759722, 51.046241
0.998238, 42.720268, 49.749640, 51.027103
0.998241, 42.691917, 49.624490, 50.915875
0.998215, 42.729720, 49.635351, 50.927344
0.998248, 42.748653, 49.590802, 50.851919
0.998240, 42.635976, 49.494684, 50.832493
0.998268, 42.767351, 49.434820, 50.824775
0.998235, 42.752613, 49.389853, 50.809240
0.998287, 42.855332, 49.283951, 50.687602
0.998263, 42.853364, 49.265896, 50.628640
0.998202, 42.821862, 49.190856, 50.553839
0.998248, 42.911011, 49.181819, 50.516198
0.998285, 42.873805, 49.076499, 50.435466
0.998242, 42.761013, 49.041581, 50.437005
0.998230, 42.730112, 49.035540, 50.456410
0.998214, 42.678866, 49.064610, 50.450361
0.998214, 42.504411, 49.012017, 50.386648
0.998227, 42.613435, 49.013957, 50.416537
0.998213, 42.562347, 48.956405, 50.379809
0.998225, 42.667305, 48.988070, 50.394132
0.998191, 42.580479, 48.987519, 50.375382
0.998172, 42.613594, 49.065826, 50.447404
0.998119, 42.559989, 49.039907, 50.523386
0.998141, 42.551040, 49.002883, 50.467631
0.998154, 42.584272, 49.123530, 50.529276
0.998169, 42.557690, 49.059378, 50.494704
0.998156, 42.511466, 49.091806, 50.495874
0.998133, 42.464112, 49.082503, 50.505242
0.998123, 42.425232, 49.155583, 50.508239
0.998205, 42.535628, 49.155201, 50.508500
0.998184, 42.454246, 49.213629, 50.582385
0.998209, 42.497538, 49.262960, 50.574966
0.998173, 42.443400, 49.332699, 50.620072
0.998197, 42.589584, 49.236036, 50.597793
0.998198, 42.570198, 49.299909, 50.627300
0.998214, 42.509394, 49.305934, 50.612321
0.998236, 42.565177, 49.356830, 50.564918
0.998207, 42.562896, 49.239635, 50.529538
0.998193, 42.581629, 49.324851, 50.614057
0.998236, 42.616955, 49.384415, 50.657279
0.998216, 42.600448, 49.281887, 50.593271
0.998235, 42.686764, 49.193359, 50.555156
0.997742, 42.233581, 49.185278, 50.487823
0.997888, 42.193675, 49.156442, 50.457441
0.998115, 42.463371, 49.111039, 50.441495
0.998116, 42.472479, 49.069755, 50.382594
0.998089, 42.523691, 49.173759, 50.484710
0.998110, 42.536658, 49.202517, 50.570468
0.998075, 42.462487, 49.095288, 50.509543
0.998112, 42.646190, 49.016638, 50.410160
0.997947, 42.339560, 48.887293, 50.284928
0.997930, 42.325588, 48.912494, 50.335741
0.997923, 42.208496, 48.951848, 50.368939
0.997965, 42.290256, 48.859115, 50.278865
0.997966, 42.314747, 48.896816, 50.324231
0.998007, 42.584130, 48.876447, 50.289883
0.997992, 42.601218, 48.896187, 50.292735
0.997967, 42.567093, 48.916558, 50.256543
0.998044, 42.645827, 48.874568, 50.270712
0.998068, 42.573804, 48.905910, 50.253469
0.998104, 42.594422, 48.855015, 50.244628
0.998135, 42.676369, 48.865182, 50.169833
0.998144, 42.665173, 48.874836, 50.155628
0.998128, 42.609965, 48.905009, 50.136321
0.998113, 42.675885, 48.838566, 50.124731
0.998143, 42.666186, 48.884870, 50.125089
0.998227, 42.765833, 48.841229, 50.109840
0.998224, 42.683940, 48.915655, 50.129626
0.998285, 42.895309, 48.916016, 50.156830
0.998230, 42.758266, 48.897896, 50.131060
0.998225, 42.738387, 48.884691, 50.110910
0.998220, 42.734342, 48.883077, 50.184568
0.998212, 42.674383, 48.892142, 50.180335
0.998202, 42.683918, 48.872331, 50.145544
0.998216, 42.722134, 48.832979, 50.097134
0.998101, 42.661994, 48.801013, 50.061706
0.998141, 42.698317, 48.839010, 50.129148
0.998138, 42.705840, 48.838478, 50.150703
0.998185, 42.762091, 48.764131, 50.098201
0.998165, 42.721071, 48.764829, 50.100218
0.998147, 42.638897, 48.731973, 50.105798
0.998161, 42.667053, 48.765876, 50.122941
0.998166, 42.642678, 48.742723, 50.105442
0.998149, 42.579717, 48.806912, 50.118411
0.998110, 42.509347, 48.862950, 50.151543
0.998146, 43.064015, 48.957408, 50.139074
0.998125, 43.032055, 48.946477, 50.144585
0.997983, 42.896726, 48.519313, 49.704235
0.998010, 42.812645, 48.604409, 49.779956
0.997985, 42.809987, 48.582685, 49.722579
0.998051, 43.009285, 48.542710, 49.727804
0.998029, 42.923518, 48.580427, 49.790882
0.998033, 42.982399, 48.646317, 49.879970
0.998008, 42.922882, 48.617125, 49.832184
0.998010, 43.139496, 48.455714, 49.739691
0.997809, 42.808924, 48.590725, 49.725408
0.997828, 42.735594, 48.560903, 49.627682
0.997838, 42.667648, 48.670155, 49.659942
0.997852, 42.731574, 48.506140, 49.636524
0.997834, 42.799950, 48.543539, 49.683703
0.997864, 42.810491, 48.523437, 49.649875
0.997862, 42.846553, 48.569153, 49.674118
0.997864, 42.924183, 48.434315, 49.605919
0.997809, 42.824000, 48.522695, 49.681655
0.997798, 42.791469, 48.506469, 49.654584
0.997825, 42.867764, 48.407875, 49.575423
0.997863, 42.872744, 48.327140, 49.548691
0.997849, 42.887412, 48.370267, 49.604013
0.997916, 42.917601, 48.403056, 49.687909
0.997905, 42.850211, 48.406589, 49.605707
0.997959, 42.940024, 48.324301, 49.618008
0.998006, 43.041598, 48.422849, 49.675517
0.998007, 42.986675, 48.418013, 49.680685
0.998016, 42.993034, 48.462952, 49.689312
0.998067, 43.124703, 48.350156, 49.612171
0.998046, 42.981143, 48.448001, 49.618433
0.998140, 43.339400, 48.540887, 49.816817
0.998039, 43.078927, 48.428740, 49.757967
0.998062, 43.065742, 48.429224, 49.730854
0.998024, 42.984571, 48.478770, 49.824828
0.998030, 42.970261, 48.508113, 49.790108
0.998061, 42.821967, 48.647761, 49.916783
0.998068, 42.913783, 48.568235, 49.817261
0.998047, 42.855316, 48.583606, 49.813483
0.998042, 42.827200, 48.537905, 49.815372
0.998017, 42.794435, 48.516922, 49.749093
0.998080, 42.851060, 48.462789, 49.696659
0.998077, 42.857504, 48.507702, 49.713669
0.998104, 42.860488, 48.471180, 49.690608
0.998108, 42.870857, 48.454658, 49.637377
0.998157, 43.003140, 48.439088, 49.637911
0.998149, 42.979629, 48.425753, 49.667669
0.998175, 43.094800, 48.430517, 49.693200
0.998138, 42.984692, 48.401130, 49.622683
0.998122, 42.953439, 48.453927, 49.645919
0.998057, 42.901858, 48.491205, 49.656084
0.998054, 42.859290, 48.489894, 49.647415
0.998039, 42.851234, 48.525419, 49.646988
0.998020, 42.771229, 48.478607, 49.647095
0.997995, 42.757396, 48.477463, 49.640045
0.998026, 42.826455, 48.481303, 49.601474
0.998036, 42.890625, 48.599451, 49.694173
0.998025, 42.850038, 48.627003, 49.736962
0.998043, 42.865038, 48.646063, 49.819708
0.998047, 42.874423, 48.591060, 49.751392
0.998079, 42.972812, 48.736651, 49.864095
0.998074, 42.912105, 48.697989, 49.790882
0.998085, 43.009459, 48.766923, 49.902927
0.998093, 43.070248, 48.689577, 49.840112
0.998093, 43.000033, 48.749500, 49.852536
0.998082, 43.003661, 48.719867, 49.922246
0.998111, 43.060395, 48.722026, 49.891716
0.998132, 43.028758, 48.703405, 49.878729
0.998143, 43.217691, 48.794771, 49.977609
0.998010, 42.925138, 48.585029, 49.828059
0.998051, 42.996541, 48.699450, 49.925323
0.998061, 42.888522, 48.716500, 49.943712
0.998030, 42.847105, 48.794947, 49.968391
0.998039, 42.861087, 48.837501, 50.000046
0.998013, 42.888708, 48.791434, 49.934336
0.997891, 42.959429, 48.537988, 49.797296
0.997964, 43.064779, 48.666400, 49.809264
0.997905, 42.861967, 48.556826, 49.714429
0.997874, 42.670049, 48.682037, 49.813150
0.997986, 42.821251, 48.626327, 49.703693
0.997973, 42.749494, 48.626665, 49.772907
0.997989, 42.798028, 48.698246, 49.799177
0.997955, 42.912275, 48.627933, 49.852311
0.997996, 42.890061, 48.582518, 49.782051
0.998119, 43.232445, 48.740641, 49.885161
0.998056, 42.989455, 48.628356, 49.734016
0.998064, 42.850837, 48.615101, 49.743952
0.998126, 42.951294, 48.568152, 49.751939
0.998146, 42.907578, 48.604662, 49.786906
0.998125, 42.834142, 48.637242, 49.831404
0.998158, 42.953445, 48.577752, 49.786574
0.998213, 42.997668, 48.537408, 49.705535
0.998192, 42.969371, 48.519478, 49.708678
0.998106, 42.701253, 48.503428, 49.661658
0.998124, 42.785497, 48.558656, 49.670355
0.998164, 42.833446, 48.488011, 49.658441
0.998165, 42.806705, 48.473627, 49.626086
0.998103, 42.722981, 48.491860, 49.651801
0.998080, 42.719471, 48.483674, 49.654156
0.998106, 42.696240, 48.465475, 49.678531
0.998111, 42.692995, 48.501457, 49.735216
0.998108, 42.709501, 48.478934, 49.703043
0.998095, 42.714903, 48.470446, 49.690176
0.998072, 42.675182, 48.427125, 49.665306
0.998060, 42.669851, 48.486865, 49.674871
0.998004, 42.590378, 48.428820, 49.640685
0.997984, 42.571524, 48.423091, 49.655441
0.997976, 42.559733, 48.424543, 49.654691
0.997922, 42.512065, 48.495303, 49.694173
0.997925, 42.469059, 48.485801, 49.661980
0.997995, 42.840438, 48.488338, 49.649233
0.997899, 42.610187, 48.436094, 49.641539
0.997898, 42.608464, 48.473056, 49.656727
0.997769, 42.286112, 48.483265, 49.718665
0.997833, 42.372773, 48.461812, 49.700012
0.997795, 42.295707, 48.394715, 49.667561
0.997656, 42.120418, 48.423010, 49.709871
0.997488, 41.788144, 48.401049, 49.659942
0.997248, 41.374949, 48.377922, 49.652443
