ms-ssim, psnr-y, psnr-u, psnr-v
0.994756, 38.633217, 42.860427, 41.902682
0.992533, 37.446737, 41.746768, 41.070910
0.992528, 37.546706, 40.339083, 40.638364
0.992062, 37.239039, 40.221559, 40.387458
0.993431, 37.936145, 40.940041, 41.146150
0.991860, 37.197181, 40.570643, 40.417667
0.991931, 37.402889, 40.515577, 40.882180
0.991794, 37.541693, 40.903079, 41.133389
0.993278, 38.110404, 41.106862, 41.291573
0.991890, 37.453951, 40.940858, 41.157697
0.991842, 37.463802, 41.034742, 41.561610
0.991411, 37.245748, 41.007172, 41.412062
0.992905, 37.863105, 41.034584, 41.503253
0.990007, 36.383332, 39.440743, 39.595901
0.988079, 35.667134, 38.606635, 39.099480
0.984327, 34.531293, 38.537396, 38.700724
0.984102, 34.340409, 38.031361, 38.415623
0.981045, 33.753371, 38.485249, 38.480759
0.980865, 33.697441, 38.167634, 37.992539
0.980827, 33.779076, 38.154754, 37.887779
0.983027, 34.185411, 38.159329, 38.028972
0.981807, 33.953719, 38.342105, 37.764462
0.983335, 34.378551, 38.652980, 37.847307
0.984125, 34.452424, 38.925872, 37.883590
0.985379, 34.790268, 38.626251, 38.111859
0.983506, 34.572718, 38.613644, 38.073887
0.985114, 34.751612, 38.692252, 37.166843
0.985114, 34.620480, 39.372570, 37.217028
0.987833, 35.492140, 40.029218, 38.209661
0.985742, 34.852670, 40.625730, 37.809672
0.986894, 35.125132, 40.690677, 38.037209
0.987114, 35.166990, 41.011653, 38.344802
0.989069, 35.783927, 40.864250, 38.553435
0.987699, 35.441725, 40.958295, 38.537368
0.987850, 35.508393, 40.630113, 38.424143
0.987547, 35.385179, 40.255842, 38.382450
0.989829, 36.129964, 40.518808, 38.764284
0.987783, 35.362963, 40.669936, 38.523309
0.988200, 35.488221, 40.662574, 38.423789
0.987047, 34.935844, 41.196136, 37.968913
0.989767, 35.905984, 41.061338, 38.540851
0.988532, 35.475794, 40.794601, 38.619188
0.988189, 35.481060, 40.119126, 38.432825
0.988646, 35.333732, 39.072834, 38.690014
0.990253, 35.822069, 39.268456, 38.588374
0.988452, 35.143906, 39.651835, 38.922326
0.988714, 35.316487, 39.438000, 39.046592
0.989147, 35.410438, 39.495027, 39.226679
0.989780, 35.549818, 39.227093, 38.865864
0.988723, 35.373829, 39.239788, 38.522089
0.988942, 35.589328, 39.299211, 38.239184
0.988161, 35.542622, 39.770799, 38.887199
0.989963, 36.170021, 39.975345, 39.258396
0.988545, 35.737202, 39.548154, 39.683300
0.988018, 35.675010, 39.703206, 39.479344
0.988619, 35.624486, 40.064682, 39.673205
0.989716, 36.024468, 39.793063, 39.448704
0.988155, 35.568998, 39.559575, 39.474104
0.988897, 35.825779, 39.597326, 38.856278
0.987714, 35.442630, 39.634857, 38.915705
0.990183, 36.550710, 41.170213, 39.674626
0.988970, 36.165533, 41.864640, 39.718438
0.988566, 35.946537, 41.386409, 39.471980
0.988882, 36.123509, 41.524309, 39.532190
0.990529, 36.420278, 41.342073, 39.507734
0.988958, 36.044164, 41.096396, 39.312270
0.989214, 36.159041, 41.079785, 39.262007
0.988647, 35.647379, 41.505594, 39.227328
0.990734, 36.623341, 41.506783, 39.499520
0.989469, 36.349727, 41.882016, 39.496124
0.989581, 36.456157, 42.035272, 39.645007
0.989612, 36.345455, 41.941682, 39.701040
0.990592, 36.733357, 41.956566, 39.568287
0.989045, 36.688820, 40.858592, 39.463689
0.989236, 36.636775, 40.586659, 39.584544
0.989462, 36.559532, 40.858386, 39.995787
0.991177, 37.407320, 41.238991, 40.424877
0.990113, 37.034368, 41.585711, 40.638629
0.989854, 36.950968, 41.726596, 40.665840
0.990501, 37.300426, 41.975670, 40.938665
0.991517, 37.702854, 41.609107, 40.764771
0.990696, 37.081769, 41.753917, 40.887885
0.989985, 36.863135, 41.386373, 40.560398
0.987315, 35.838638, 41.323029, 40.526438
0.990476, 37.293022, 41.630579, 40.847598
0.988876, 36.330521, 41.177908, 40.451681
0.987657, 36.373577, 41.226266, 40.674958
0.989150, 36.593924, 40.558463, 40.600325
0.992128, 37.715003, 40.707688, 41.397750
0.990831, 36.763639, 40.484025, 40.812544
0.990676, 36.796156, 40.376804, 41.213596
0.990690, 36.856939, 40.576384, 41.138968
0.991948, 37.321761, 40.521952, 41.188040
0.990477, 36.707011, 40.523900, 41.025967
0.990368, 36.696489, 40.179367, 40.502702
0.987232, 35.417113, 39.999780, 40.181194
0.991911, 37.167748, 40.401818, 40.732882
0.991629, 36.839072, 40.247810, 40.612960
0.991523, 36.793766, 40.240006, 40.601575
0.989972, 35.698155, 39.597944, 39.560381
0.991793, 36.661333, 39.975442, 39.902332
0.989791, 35.788150, 39.823963, 39.733337
0.988604, 36.020798, 39.712206, 39.470012
0.988441, 35.812003, 40.508289, 39.114437
0.991534, 37.228403, 41.614273, 39.762628
0.988885, 36.120671, 41.892946, 39.897231
0.989857, 36.189239, 41.504377, 39.509673
0.988905, 35.660491, 41.615994, 39.747038
0.991203, 37.029040, 41.533029, 39.796917
0.989448, 36.180104, 41.577091, 39.806843
0.988532, 35.934034, 41.413803, 39.427328
0.989246, 35.758068, 41.441826, 39.349022
0.991539, 36.992328, 41.537976, 39.766184
0.989749, 36.113425, 41.375616, 39.690231
0.988554, 35.835116, 41.111565, 39.452752
0.989579, 35.911238, 41.062304, 39.491449
0.990721, 36.508444, 40.999544, 39.548400
0.989062, 36.249021, 41.381703, 39.431362
0.989108, 36.634937, 41.785292, 39.996451
0.988540, 36.388185, 41.544379, 40.025533
0.989838, 36.850414, 41.487693, 40.049389
0.983406, 35.869270, 41.302018, 39.194996
0.986774, 36.348008, 41.570443, 39.708657
0.988300, 36.395174, 42.007691, 40.088628
0.990645, 37.591695, 42.084956, 40.492076
0.988251, 36.710925, 42.004154, 40.542875
0.988122, 36.680473, 41.682122, 40.196851
0.988153, 36.227255, 41.981344, 40.385556
0.990235, 37.041424, 41.915660, 40.339146
0.987963, 36.205910, 42.255913, 40.425553
0.989065, 36.561467, 42.070014, 40.456059
0.988708, 36.380159, 41.813163, 40.371299
0.989039, 36.178222, 41.209539, 40.122182
0.986727, 35.960108, 40.157504, 40.334505
0.986908, 36.730116, 40.550851, 40.458274
0.985106, 36.277920, 40.730692, 40.738858
0.989601, 37.384583, 41.036032, 40.889380
0.985948, 35.401764, 40.461854, 40.183002
0.986674, 35.709022, 40.254736, 40.064378
0.988717, 38.842362, 41.659344, 41.525059
0.993739, 40.558315, 43.309423, 43.264276
0.985303, 35.740416, 40.323854, 39.983732
0.984389, 36.000794, 40.807031, 40.457376
0.989612, 37.564280, 41.105483, 40.897146
0.986773, 36.101555, 40.607822, 40.345309
0.987164, 36.728156, 40.160559, 40.046443
0.987309, 36.844400, 39.360544, 40.022204
0.987995, 37.134495, 39.815872, 40.263688
0.985164, 36.714889, 40.324310, 39.983433
0.985397, 36.795364, 40.106117, 39.945064
0.981823, 36.809867, 40.215898, 40.207345
0.990761, 38.953874, 41.730672, 41.556179
0.982196, 36.138890, 39.955838, 40.024261
0.984525, 36.650974, 40.133324, 40.132121
0.984285, 35.697899, 39.955018, 39.767351
0.989370, 37.774727, 40.795697, 40.454387
0.985777, 35.293873, 40.070063, 39.659047
0.984821, 36.037986, 40.139632, 40.130415
0.986023, 35.796443, 40.433575, 40.143746
0.989215, 36.905876, 40.503178, 40.226617
0.986817, 35.775623, 40.374097, 40.063253
0.985258, 35.817433, 40.329482, 39.802606
0.986657, 35.616269, 40.226274, 39.484978
0.988909, 36.449910, 40.622735, 40.524628
0.986311, 36.138174, 40.695478, 41.058319
0.986258, 36.380104, 40.682326, 40.869797
0.986526, 35.745887, 40.484725, 40.691372
0.988210, 36.576128, 40.602406, 40.822322
0.983927, 35.799077, 40.248686, 40.239235
0.985069, 36.111165, 39.940716, 39.740894
0.983255, 35.349617, 39.487121, 39.215017
0.989378, 36.779372, 40.763232, 39.802263
0.987192, 35.358578, 40.867759, 39.768463
0.987310, 35.460648, 40.664381, 39.620644
0.986370, 35.234223, 40.536130, 39.696990
0.986997, 35.529064, 40.075080, 39.164457
0.984646, 35.150790, 40.094246, 39.443139
0.984991, 35.276682, 39.414751, 39.334226
0.982545, 35.140998, 39.218788, 39.272500
0.987269, 36.291107, 39.608895, 39.764369
0.983730, 34.182885, 38.749746, 39.123062
0.985645, 34.571188, 38.609151, 38.998794
0.984818, 34.822755, 39.229881, 39.596138
0.986039, 35.287625, 38.754968, 39.211493
0.982192, 34.600383, 38.520471, 38.893150
0.983471, 36.284647, 39.412388, 39.482930
0.981601, 35.798208, 39.379315, 39.546298
0.986634, 35.940366, 39.024045, 39.455379
0.985696, 35.975801, 39.466022, 40.074059
0.984812, 35.936617, 38.994821, 39.573902
0.984911, 35.703057, 38.897475, 39.703572
0.986631, 36.220506, 39.199265, 39.662507
0.983180, 36.155535, 38.513370, 39.275235
0.984398, 36.304078, 39.408399, 39.174108
0.982110, 35.563375, 39.473030, 38.760388
0.987920, 37.285377, 40.684981, 40.470648
0.982652, 35.877050, 40.221436, 39.534824
0.984129, 35.836781, 39.731621, 39.165839
0.981640, 34.927866, 39.384052, 38.665678
0.987309, 36.879924, 40.339759, 39.745385
0.984128, 35.732773, 39.925058, 39.111234
0.984101, 35.660701, 39.494157, 38.764319
0.983337, 35.350706, 39.828515, 38.709290
0.987073, 36.664752, 39.994185, 39.404965
0.983556, 35.151051, 39.657041, 38.719828
0.984411, 34.986212, 39.128519, 38.174460
0.984736, 35.031649, 39.447401, 38.333540
0.988016, 36.134775, 39.772642, 39.217422
0.984237, 34.681771, 39.606352, 38.357674
0.985291, 35.013706, 39.769019, 38.682020
0.984538, 35.017020, 39.944112, 39.030896
0.989222, 36.291390, 40.035476, 39.349067
0.985386, 34.682842, 39.981246, 39.049979
0.985107, 34.897746, 40.221031, 38.999513
0.988296, 36.201260, 40.307286, 39.275974
0.985073, 34.646566, 40.109404, 39.399218
0.985279, 34.763003, 39.734930, 39.036551
0.984783, 34.694694, 39.346280, 39.258879
0.987808, 35.520939, 39.508538, 39.486084
0.985265, 34.613771, 39.306238, 39.556555
0.985638, 34.652667, 39.307816, 39.426739
0.985747, 34.525198, 39.364156, 39.438057
0.987303, 34.960577, 39.363425, 39.585675
0.984444, 34.171343, 38.712869, 39.519003
0.983888, 34.297017, 38.500962, 39.456558
0.981695, 34.415349, 39.343903, 40.125823
0.987712, 35.944378, 39.569774, 40.468411
0.982128, 34.068346, 38.793795, 39.948901
0.983854, 34.411827, 38.640805, 39.807846
0.983583, 34.403530, 38.818082, 40.121445
0.988469, 35.698507, 39.001382, 40.412189
0.986198, 34.671299, 39.104016, 40.370972
0.986353, 34.731698, 38.924020, 40.497496
0.985915, 34.653458, 38.924885, 40.418048
0.987773, 35.157178, 38.832149, 40.260227
0.984679, 34.267865, 38.516421, 39.860547
0.986128, 34.739226, 38.404880, 39.825027
0.985563, 34.621883, 38.639242, 39.893109
0.987987, 35.244383, 38.932717, 39.570223
0.985955, 34.923596, 39.030906, 39.580850
0.986632, 35.096186, 38.769770, 39.490023
0.986345, 35.041832, 38.676644, 39.056425
0.988604, 35.533565, 39.331163, 39.124106
0.985889, 34.819201, 39.120432, 38.714115
0.985931, 34.625363, 38.679904, 38.196235
0.986281, 34.742049, 38.656298, 38.744036
0.988663, 35.457788, 39.161528, 38.776108
0.986566, 34.826388, 39.359464, 39.077274
0.987214, 34.883673, 39.326238, 38.839806
0.987108, 34.802824, 39.605704, 38.979960
0.988242, 34.923845, 39.288039, 38.464350
0.986675, 34.772202, 39.377338, 38.787145
0.986418, 34.785494, 38.817715, 38.414930
0.986043, 34.723341, 39.044206, 38.662233
0.987798, 35.148338, 39.055219, 38.480382
0.986173, 34.802265, 39.262210, 38.608025
0.986409, 34.919250, 39.098505, 38.394132
0.985947, 34.907993, 39.372592, 38.324225
0.987693, 35.351174, 39.485905, 38.472778
0.986063, 35.012886, 39.567968, 38.666478
0.986238, 35.029970, 39.566735, 38.679514
0.985359, 34.781370, 39.598235, 38.677673
0.987518, 35.470698, 39.736445, 38.669984
0.986048, 35.084135, 39.939540, 37.659047
0.985651, 35.039603, 39.421266, 37.698915
0.985471, 34.945348, 39.641177, 38.468200
0.988225, 35.676457, 39.615881, 38.798225
0.986202, 35.175547, 39.391694, 39.095001
0.987051, 35.320509, 39.557432, 39.012785
0.987359, 35.326699, 39.840435, 39.302956
0.988259, 35.654664, 39.470162, 38.953380
0.985796, 34.611063, 39.341153, 38.805278
0.986382, 35.179586, 38.987242, 39.039168
0.986360, 35.129769, 39.172842, 39.007772
0.988418, 35.661037, 39.405471, 39.198430
0.986471, 35.186923, 39.611636, 38.950426
0.986387, 35.147515, 39.345534, 39.204308
0.985999, 34.989328, 39.449031, 39.475588
0.987934, 35.504120, 39.443133, 39.258330
0.985335, 34.827192, 39.261039, 39.608621
0.986861, 35.366993, 39.196383, 39.297891
0.987343, 35.477688, 39.250272, 39.278226
0.988980, 35.824055, 39.820291, 39.238760
0.986210, 35.036618, 40.168032, 39.136209
0.985501, 34.713670, 40.342368, 39.008923
0.987058, 35.136603, 40.405315, 39.020590
0.988855, 35.738991, 40.142971, 39.008140
0.986954, 35.088316, 39.558733, 38.616050
0.987468, 35.039957, 38.769991, 38.475131
0.987094, 35.006580, 39.025024, 38.778768
0.989077, 35.458976, 39.122449, 38.825590
0.987768, 35.195545, 39.659975, 39.152516
0.987396, 35.027840, 39.257154, 38.797059
0.986649, 34.849797, 39.426003, 39.026888
0.987750, 35.071474, 39.202724, 38.910945
0.985915, 34.768494, 39.288697, 38.683271
0.986388, 34.949670, 39.438429, 38.926798
0.985999, 34.770735, 39.481738, 39.022885
0.985992, 34.664409, 39.021454, 38.550801
0.984169, 34.244484, 38.762010, 38.627319
