ms-ssim, psnr-y, psnr-u, psnr-v
0.993779, 42.983944, 48.901208, 49.127591
0.993078, 42.562317, 48.849097, 49.096356
0.992748, 42.439407, 48.739295, 48.913827
0.992605, 42.477680, 48.528986, 48.714890
0.992810, 42.520948, 48.673877, 48.789260
0.991743, 41.604757, 48.401699, 48.612128
0.992459, 41.659871, 48.619520, 48.849597
0.991476, 41.904091, 48.232637, 48.442804
0.992481, 42.392432, 48.495810, 48.509753
0.992381, 42.326894, 48.636389, 48.669605
0.991898, 41.961982, 48.367016, 48.502314
0.992111, 42.272585, 48.508181, 48.695976
0.992298, 42.521373, 48.562979, 48.640438
0.991279, 42.032092, 48.415614, 48.522952
0.991263, 41.913738, 48.522302, 48.523184
0.990680, 41.558268, 48.346391, 48.446767
0.990478, 41.629458, 48.222497, 48.299659
0.991557, 41.980344, 48.428802, 48.573055
0.991745, 42.193778, 48.546159, 48.617339
0.991551, 42.120864, 48.268752, 48.590215
0.992640, 42.698650, 48.581979, 48.595589
0.993847, 43.202696, 48.867134, 49.038363
0.993825, 43.309168, 48.552879, 48.921142
0.994916, 43.977176, 49.065607, 49.445949
0.995581, 44.392088, 49.392640, 49.487277
0.995765, 44.677486, 49.364061, 49.638849
0.995565, 44.441584, 49.204775, 49.490116
0.995815, 44.681439, 49.414170, 49.681155
0.996491, 45.085030, 49.782803, 49.972041
0.996084, 44.885269, 49.487277, 49.823225
0.996288, 44.934427, 49.555278, 49.844929
0.996428, 44.985667, 49.697659, 49.997434
0.996910, 45.457895, 49.963373, 50.145033
0.996606, 45.108009, 49.772215, 49.992422
0.996418, 44.935447, 49.711358, 50.061872
0.996717, 45.285176, 49.903938, 50.098384
0.996345, 44.805483, 49.621671, 49.905022
0.995277, 44.207110, 49.318031, 49.633276
0.995628, 44.349458, 49.502187, 49.770052
0.996707, 45.205812, 50.023763, 50.220551
0.996095, 44.725234, 49.801317, 50.136752
0.996128, 44.823562, 49.751609, 50.089593
0.995928, 44.619780, 49.661759, 50.028943
0.996408, 45.035820, 49.920352, 50.192938
0.996074, 44.633614, 49.618745, 49.963696
0.995869, 44.694093, 49.661337, 49.922592
0.995628, 44.447518, 49.622149, 49.956463
0.996268, 45.043380, 49.836950, 50.136349
0.995714, 44.541354, 49.535732, 49.938563
0.995579, 44.408410, 49.533448, 49.804119
0.995830, 44.455901, 49.508526, 49.793231
0.996090, 44.722889, 49.732693, 49.953625
0.995688, 44.394893, 49.461926, 49.793728
0.995645, 44.596678, 49.341601, 49.612482
0.995978, 44.824992, 49.370765, 49.767518
0.996144, 45.022034, 49.741649, 49.986051
0.996118, 45.048171, 49.568299, 49.807859
0.995900, 44.859533, 49.413999, 49.719110
0.995962, 44.984625, 49.649959, 49.889301
0.996206, 45.149022, 49.823976, 50.037480
0.995999, 45.033763, 49.448589, 49.808046
0.995831, 44.922552, 49.467919, 49.839964
0.996057, 45.119889, 49.573376, 49.892861
0.996382, 45.242062, 49.835004, 50.192870
0.996112, 45.146187, 49.815785, 50.130368
0.996015, 45.030851, 49.557102, 49.897823
0.996188, 45.107560, 49.723816, 49.985596
0.996500, 45.204851, 49.944414, 50.159004
0.996310, 45.098575, 49.832997, 50.126810
0.996372, 45.232370, 49.805241, 50.168547
0.996460, 45.191229, 49.926948, 50.214590
0.996668, 45.385708, 50.094852, 50.389026
0.996435, 45.125629, 49.940363, 50.326888
0.996341, 45.089661, 49.809667, 50.203580
0.996542, 45.254626, 49.895977, 50.271590
0.996787, 45.422236, 50.122651, 50.517794
0.996523, 45.211526, 49.840278, 50.222403
0.996735, 45.448516, 50.002192, 50.396945
0.996766, 45.472979, 50.109999, 50.398230
0.996927, 45.603657, 50.064980, 50.423304
0.996891, 45.591360, 50.118966, 50.430998
0.996615, 45.530121, 49.934966, 50.344773
0.996462, 45.293613, 49.579702, 50.139511
0.996819, 45.659809, 49.998867, 50.380480
0.996566, 45.546083, 49.752286, 50.177228
0.996459, 45.376556, 49.722104, 50.090125
0.996468, 45.300001, 49.759433, 50.121378
0.996802, 45.596174, 50.077236, 50.304810
0.996434, 45.213333, 49.606763, 49.935801
0.996601, 45.313958, 49.717888, 50.033801
0.996604, 45.392374, 49.794287, 50.089327
0.996937, 45.625697, 49.916706, 50.231949
0.996573, 45.323812, 49.722104, 50.143012
0.996456, 45.421186, 49.741158, 50.075312
0.996323, 45.271201, 49.601647, 49.996132
0.996894, 45.765591, 50.032290, 50.349150
0.996248, 45.300697, 49.601944, 49.900434
0.996353, 45.555922, 49.807797, 50.053550
0.996151, 45.253686, 49.620596, 49.975863
0.996784, 45.750634, 50.141463, 50.380907
0.996192, 45.343814, 49.688186, 49.955689
0.996453, 45.542486, 49.857651, 50.140453
0.996194, 45.251611, 49.658023, 49.862005
0.996911, 45.831066, 50.195869, 50.296778
0.996203, 45.245277, 49.651462, 49.805428
0.996501, 45.476778, 49.791678, 50.094253
0.996088, 45.202928, 49.650981, 49.910701
0.996915, 45.847105, 50.193142, 50.303622
0.996349, 45.470044, 49.756782, 49.977549
0.996211, 45.111069, 49.656337, 49.867880
0.996242, 45.344651, 49.780944, 50.097784
0.996836, 45.765960, 50.156774, 50.397873
0.996137, 45.315720, 49.716667, 49.983972
0.996399, 45.415155, 49.921376, 50.261542
0.996538, 45.481634, 50.008521, 50.333287
0.996852, 45.775127, 50.069282, 50.292454
0.996723, 45.632182, 50.058171, 50.250550
0.996492, 45.373175, 49.944994, 50.166244
0.996378, 45.311301, 49.769866, 50.074318
0.996859, 45.693473, 50.072859, 50.453511
0.996429, 45.466245, 49.774442, 50.116220
0.996300, 45.202254, 49.644190, 49.987480
0.996334, 45.200268, 49.655373, 50.027303
0.996765, 45.651905, 50.001344, 50.292523
0.996304, 45.206877, 49.637890, 50.026975
0.996452, 45.382184, 49.872371, 50.272562
0.996272, 45.294627, 49.696504, 50.084872
0.996796, 45.824277, 50.011461, 50.325273
0.996398, 45.475462, 49.749148, 50.064583
0.996293, 45.400232, 49.589534, 49.868133
0.996630, 45.619393, 49.917857, 50.278464
0.996936, 45.823000, 50.017280, 50.296638
0.996525, 45.562931, 49.834942, 50.103854
0.996401, 45.425662, 49.741097, 50.103587
0.996335, 45.434775, 49.622986, 49.987220
0.996896, 45.897264, 50.012964, 50.302574
0.996496, 45.494663, 49.725101, 49.991771
0.996435, 45.537660, 49.629324, 50.106725
0.996621, 45.567280, 49.730732, 50.104321
0.996962, 45.942424, 50.117559, 50.393875
0.996550, 45.690904, 49.820472, 50.213084
0.996681, 45.776464, 49.944479, 50.294476
0.996539, 45.761709, 49.921248, 50.134870
0.997013, 45.962789, 50.140790, 50.302015
0.996604, 45.525513, 49.961434, 50.215823
0.996542, 45.578779, 49.961241, 50.257598
0.996426, 45.468506, 49.750994, 50.165364
0.996947, 45.850061, 50.136416, 50.430206
0.996581, 45.677262, 49.828609, 50.264312
0.996439, 45.410758, 49.707091, 50.129830
0.996495, 45.324667, 49.832244, 50.160357
0.997003, 45.863404, 50.130166, 50.511997
0.996680, 45.500326, 49.908339, 50.291338
0.996726, 45.521433, 50.003431, 50.338498
0.996714, 45.666159, 49.968934, 50.277352
0.997067, 45.950843, 50.111069, 50.487502
0.996708, 45.596038, 49.871612, 50.248410
0.996346, 45.356352, 49.743554, 49.997499
0.996441, 45.421328, 49.761653, 50.086733
0.997070, 45.983339, 50.208022, 50.481818
0.996621, 45.570169, 49.916579, 50.195528
0.996503, 45.446426, 49.784105, 50.090724
0.996682, 45.618841, 49.864973, 50.199688
0.997021, 45.908402, 50.159342, 50.482620
0.996637, 45.535253, 49.787145, 50.230986
0.996770, 45.719614, 49.862384, 50.231399
0.996909, 45.866359, 49.988520, 50.359120
0.997099, 46.015534, 50.093387, 50.370106
0.996871, 45.815919, 49.877817, 50.265074
0.996761, 45.784080, 49.885808, 50.158463
0.996689, 45.685857, 49.810541, 50.205629
0.997080, 46.002605, 50.141261, 50.482984
0.996581, 45.661123, 49.821473, 50.213631
0.996643, 45.665006, 49.809792, 50.252760
0.996670, 45.506719, 49.781812, 50.216850
0.997005, 45.947586, 50.166447, 50.485169
0.996711, 45.786426, 49.854750, 50.302783
0.996756, 45.720448, 49.937856, 50.368758
0.996761, 45.717298, 50.088795, 50.515005
0.997169, 46.072257, 50.162995, 50.625437
0.996931, 45.726181, 49.981635, 50.504305
0.996816, 45.705560, 49.955947, 50.560072
0.996775, 45.565530, 49.836322, 50.325835
0.997138, 46.044540, 50.211784, 50.588189
0.996774, 45.805567, 49.899478, 50.271521
0.996680, 45.626798, 49.828045, 50.224324
0.996506, 45.450167, 49.761283, 50.107660
0.996609, 45.415201, 50.194437, 50.488888
0.996373, 45.312834, 50.066833, 50.429918
0.996417, 45.358187, 50.091257, 50.458941
0.996508, 45.442539, 50.149011, 50.493850
0.996833, 45.652726, 50.345902, 50.604862
0.996438, 45.433807, 50.025467, 50.273047
0.996225, 45.269057, 49.992292, 50.286741
0.996375, 45.402351, 49.971717, 50.246134
0.996861, 45.760058, 50.352117, 50.580211
0.996379, 45.399226, 50.086002, 50.403162
0.996545, 45.486167, 50.155153, 50.416197
0.996501, 45.502407, 50.053616, 50.411967
0.996815, 45.758364, 50.281245, 50.581850
0.996355, 45.269819, 50.005453, 50.322745
0.996059, 44.899554, 49.850970, 50.317062
0.995880, 44.513452, 49.860490, 50.333006
0.996863, 45.750989, 50.334977, 50.681724
0.996400, 45.439248, 50.003105, 50.370958
0.996342, 45.331612, 50.071402, 50.384751
0.996425, 45.566205, 50.049725, 50.367268
0.997083, 45.978638, 50.416412, 50.749270
0.996692, 45.657878, 50.238691, 50.652088
0.996634, 45.522345, 50.057180, 50.544530
0.996678, 45.793502, 50.037941, 50.421077
0.996979, 45.938150, 50.398588, 50.662323
0.996597, 45.562239, 49.979884, 50.360465
0.996451, 45.441415, 49.955883, 50.296080
0.996382, 45.408748, 49.878387, 50.319236
0.996816, 45.753127, 50.279298, 50.584683
0.996413, 45.411144, 49.993138, 50.334414
0.996226, 45.358366, 49.994830, 50.401303
0.996122, 45.118798, 49.974243, 50.315941
0.996726, 45.636242, 50.103387, 50.449534
0.996340, 45.193512, 49.913958, 50.184702
0.996403, 45.301039, 50.151439, 50.364929
0.996498, 45.351768, 50.106458, 50.289318
0.996800, 45.639196, 50.227414, 50.441591
0.996534, 45.444639, 50.138434, 50.478979
0.996535, 45.456556, 50.160627, 50.528527
0.996381, 45.366319, 49.968934, 50.424813
0.997165, 46.251091, 50.465030, 50.690425
0.995830, 44.859643, 49.788883, 50.072727
0.996136, 44.994087, 49.970682, 50.282218
0.996377, 45.403221, 49.993203, 50.280827
0.997104, 45.965291, 50.201531, 50.398016
0.996457, 45.607579, 49.914214, 50.165431
0.996461, 45.599757, 50.097451, 50.258221
0.996464, 45.614227, 49.943578, 50.352259
0.997126, 46.285403, 50.408242, 50.619269
0.996539, 45.658352, 50.143955, 50.341811
0.996464, 45.708774, 49.997760, 50.202692
0.996613, 45.772178, 50.016495, 50.341388
0.996963, 46.115059, 50.222472, 50.548373
0.996654, 45.850882, 49.948599, 50.134332
0.996764, 45.860495, 50.007020, 50.163198
0.996683, 45.735344, 50.069017, 50.196482
0.997041, 46.132913, 50.191371, 50.276658
0.996689, 45.576154, 49.991511, 50.174038
0.996616, 45.753195, 49.945444, 50.218152
0.996498, 45.557210, 49.871359, 50.179468
0.996993, 46.142373, 50.309497, 50.571356
0.996165, 45.022339, 49.758940, 50.127145
0.996158, 44.941350, 49.857777, 50.274991
0.997935, 47.373935, 51.774432, 52.018269
0.996711, 45.804197, 50.818591, 51.134667
0.996711, 46.013978, 50.583192, 50.915188
0.996532, 45.779484, 50.456479, 50.782465
0.996982, 46.166044, 50.485388, 50.786447
0.996586, 45.888126, 50.170444, 50.598499
0.996377, 45.719487, 49.990861, 50.420000
0.996332, 45.558476, 49.884920, 50.283818
0.996826, 46.082134, 50.213084, 50.486627
0.996391, 45.682793, 49.961499, 50.271105
0.996375, 45.715153, 49.826417, 50.188648
0.996416, 45.650708, 49.940748, 50.238553
0.996648, 45.947811, 50.019047, 50.327099
0.996210, 45.476853, 49.787083, 50.183954
0.996472, 45.739801, 50.000236, 50.278673
0.996393, 45.591696, 50.071667, 50.363369
0.996724, 45.946318, 50.035114, 50.366417
0.996185, 45.507298, 49.788386, 50.245306
0.995985, 45.310172, 49.685942, 50.075047
0.996010, 45.321703, 49.614628, 49.905596
0.996740, 45.945889, 49.923233, 50.299919
0.996237, 45.645444, 49.809418, 50.055200
0.996176, 45.625619, 49.720821, 49.964019
0.996162, 45.511585, 49.718071, 50.054408
0.996701, 45.963843, 49.950725, 50.296080
0.996180, 45.502853, 49.627829, 50.049461
0.996295, 45.627179, 49.690552, 50.112005
0.996078, 45.500117, 49.576213, 49.950725
0.996595, 45.838728, 49.869524, 50.170580
0.996323, 45.631997, 49.710078, 50.113677
0.996219, 45.567638, 49.802562, 50.130032
0.996024, 45.408941, 49.708249, 49.948406
0.996485, 45.691031, 49.996457, 50.276658
0.995868, 45.242901, 49.503466, 49.969387
0.995910, 45.272484, 49.532570, 49.911659
0.995824, 45.376348, 49.774504, 50.180623
0.996577, 46.011851, 50.076838, 50.222746
0.995822, 45.350612, 49.696443, 50.033538
0.995853, 45.525211, 49.557279, 49.915748
0.995977, 45.512153, 49.729140, 50.064781
0.996427, 45.794263, 49.807797, 50.031174
0.995863, 45.505856, 49.726018, 49.954528
0.995345, 45.088283, 49.330694, 49.607001
0.995584, 45.304133, 49.371103, 49.709651
0.996176, 45.487792, 49.611052, 49.969711
0.995561, 45.285126, 49.399161, 49.764739
0.995853, 45.390209, 49.529177, 49.814536
0.995746, 45.291271, 49.461005, 49.739255
0.995650, 45.105776, 49.330079, 49.680429
0.995383, 44.766545, 49.390147, 49.632078
