ms-ssim, psnr-y, psnr-u, psnr-v
0.995771, 44.388461, 48.697280, 48.247195
0.995731, 44.197278, 48.913421, 48.239410
0.995758, 44.305243, 48.907387, 48.222670
0.995702, 44.235732, 48.863069, 48.183716
0.995710, 44.209347, 48.813889, 48.060769
0.995740, 44.266337, 48.885045, 48.182215
0.995713, 44.260054, 49.035909, 48.256215
0.995644, 44.187494, 49.037267, 48.255081
0.995679, 44.147557, 48.952366, 48.218603
0.995734, 44.309891, 48.998644, 48.244497
0.995757, 44.435517, 49.033822, 48.251637
0.995724, 44.366274, 49.063558, 48.275275
0.995638, 44.212874, 49.019342, 48.263287
0.995538, 44.177400, 48.954005, 48.178015
0.995571, 44.235689, 49.010200, 48.233244
0.995440, 43.975186, 48.860111, 48.156561
0.995340, 43.509751, 49.022827, 48.211344
0.995506, 43.946583, 48.964210, 48.166035
0.995560, 43.916357, 48.876332, 48.174760
0.995425, 43.855483, 48.800420, 48.156050
0.996034, 44.708060, 49.187714, 48.424220
0.997519, 47.221752, 51.052593, 50.103387
0.997668, 47.483541, 51.264378, 50.317272
0.997952, 47.987056, 51.865000, 50.958205
0.997781, 47.765644, 51.866002, 50.939393
0.998023, 48.132149, 52.406001, 51.435744
0.998050, 48.108728, 52.450344, 51.831884
0.998041, 48.123891, 52.476201, 51.854899
0.998196, 48.270852, 52.545563, 52.150544
0.998055, 48.039336, 52.788704, 52.112323
0.998067, 48.226557, 53.025552, 52.187486
0.998095, 48.225745, 52.641240, 51.767769
0.998042, 48.005761, 52.031358, 51.389728
0.997865, 47.574868, 51.449644, 50.993289
0.997691, 47.557016, 51.506986, 51.056082
0.997463, 47.371568, 51.275991, 50.964711
0.997307, 46.907909, 50.646109, 50.699373
0.997127, 46.738548, 50.572992, 50.544603
0.997230, 47.235679, 51.055168, 50.733268
0.996999, 46.759257, 50.871079, 50.321972
0.997025, 46.359922, 50.695929, 50.081749
0.996908, 47.050118, 50.984205, 50.144831
0.996863, 46.799633, 50.602466, 49.939206
0.996435, 46.207492, 50.592743, 49.606704
0.996200, 45.923977, 50.679208, 49.821911
0.997440, 46.928215, 50.938584, 49.948534
0.996842, 45.937607, 50.499477, 49.795904
0.997002, 46.259387, 50.553848, 49.807111
0.997089, 46.338342, 50.575000, 49.793604
0.997264, 46.790698, 50.592967, 49.861184
0.996928, 46.080409, 50.004670, 49.706909
0.996942, 46.279588, 50.280619, 49.498701
0.997068, 46.273844, 50.296359, 49.643050
0.997410, 46.723734, 50.469166, 49.696018
0.997328, 46.397127, 50.377636, 49.701490
0.997162, 46.240226, 50.412899, 49.816035
0.997181, 46.413020, 50.314819, 49.600398
0.997223, 46.505930, 50.281105, 49.546521
0.997135, 46.392438, 50.155558, 49.520707
0.997152, 46.371155, 50.126944, 49.387769
0.997055, 46.236971, 50.136147, 49.389581
0.996892, 46.203065, 49.969970, 49.304516
0.996981, 46.263011, 49.966023, 49.321430
0.996964, 46.196416, 50.102920, 49.450771
0.996957, 46.169833, 50.127749, 49.501954
0.996869, 46.089034, 49.929576, 49.369919
0.996767, 45.915992, 49.956915, 49.360459
0.996676, 45.745285, 49.845872, 49.425974
0.996534, 45.615598, 49.734900, 49.266535
0.996808, 46.067530, 49.702951, 49.176647
0.996694, 45.806610, 50.173088, 49.204938
0.996871, 46.328047, 50.436831, 49.659409
0.996889, 46.502841, 50.545490, 49.802562
0.996951, 46.650223, 51.065568, 50.305440
0.996937, 46.759218, 51.096245, 50.461622
0.996986, 46.706092, 50.682410, 50.294685
0.996723, 46.107499, 50.414834, 49.717094
0.997113, 46.509969, 50.681724, 50.073257
0.996747, 46.256022, 50.414476, 49.789938
0.996978, 46.482780, 50.766652, 50.042808
0.997051, 46.769901, 50.603813, 49.894323
0.996638, 46.123286, 49.979689, 49.228173
0.997049, 46.584700, 50.145976, 49.466766
0.996559, 45.133246, 49.277889, 48.891958
0.996940, 45.853835, 49.342049, 49.168944
0.996507, 45.320554, 49.274910, 48.968319
0.997558, 46.717669, 50.364929, 49.930987
0.997332, 45.983236, 50.071402, 49.893051
0.997353, 46.023541, 50.049395, 49.861184
0.997455, 46.198629, 49.902919, 49.710382
0.997622, 46.524268, 50.016168, 49.741711
0.997585, 46.379755, 49.891653, 49.578459
0.997567, 46.317036, 49.924129, 49.430373
0.997633, 46.473395, 49.998672, 49.398594
0.997657, 46.572057, 49.985401, 49.453815
0.997570, 46.267134, 49.914597, 49.483861
0.997582, 46.416581, 49.863015, 49.350010
0.997547, 46.275398, 49.983258, 49.405181
0.997524, 46.372887, 49.937342, 49.394340
0.997530, 46.298995, 49.810354, 49.369468
0.997436, 46.126003, 49.834753, 49.402454
0.997538, 46.338868, 49.978911, 49.362203
0.997540, 46.432431, 49.936379, 49.312965
0.997618, 46.538130, 49.997695, 49.359334
0.997538, 46.339366, 49.907765, 49.233250
0.997505, 46.321839, 49.985011, 49.417588
0.997509, 46.355203, 49.999780, 49.358210
0.997634, 46.577418, 50.045310, 49.466650
0.997585, 46.377773, 49.934774, 49.379626
0.997564, 46.334887, 49.977225, 49.451747
0.997552, 46.340285, 50.004931, 49.449967
0.997483, 46.130760, 49.934902, 49.447097
0.997528, 46.281194, 49.955754, 49.466189
0.997550, 46.260510, 49.989950, 49.490000
0.997639, 46.505099, 50.113543, 49.554690
0.997653, 46.489781, 50.183342, 49.693952
0.997658, 46.469592, 50.052824, 49.618686
0.997651, 46.390827, 50.176820, 49.779085
0.997686, 46.573686, 50.147729, 49.671658
0.997638, 46.345851, 50.169631, 49.722654
0.997395, 45.898696, 50.071865, 49.781750
0.997685, 46.465879, 50.165025, 49.835569
0.997917, 46.903379, 50.424238, 50.052890
0.997750, 46.514260, 50.363511, 49.858660
0.997847, 46.667148, 50.495749, 50.035246
0.997851, 46.659040, 50.533241, 50.081949
0.997933, 46.968140, 50.520732, 50.089859
0.997978, 46.954762, 50.604937, 50.211168
0.997946, 46.881678, 50.435102, 50.082214
0.997991, 46.968359, 50.578498, 50.219386
0.998023, 47.103770, 50.544308, 50.160018
0.998021, 46.988975, 50.578126, 50.239173
0.997981, 46.884119, 50.644219, 50.290642
0.998017, 46.942834, 50.591772, 50.274852
0.998071, 47.107192, 50.600519, 50.252622
0.998079, 47.003032, 50.656937, 50.310827
0.998061, 46.978423, 50.674029, 50.256699
0.998029, 46.898007, 50.645807, 50.250895
0.998090, 47.180390, 50.712331, 50.295104
0.998087, 47.037135, 50.795517, 50.450691
0.998063, 46.924032, 50.747798, 50.425747
0.998096, 47.004699, 50.850023, 50.374296
0.998152, 47.223050, 50.838783, 50.419928
0.998110, 47.072828, 50.890956, 50.590055
0.998092, 47.056160, 50.868372, 50.559182
0.998089, 47.042632, 50.793013, 50.494946
0.998129, 47.241260, 50.814894, 50.471708
0.998124, 47.076857, 50.854464, 50.578052
0.998118, 47.053059, 50.809394, 50.496261
0.998129, 47.132316, 50.877695, 50.525952
0.998192, 47.297308, 50.796770, 50.522863
0.998178, 47.151409, 50.826782, 50.591175
0.998148, 47.096684, 50.822448, 50.646714
0.998171, 47.136696, 50.594537, 50.455899
0.998205, 47.244205, 50.880248, 50.577828
0.998188, 47.177778, 50.828754, 50.620773
0.998148, 47.121142, 50.906507, 50.624759
0.998186, 47.172532, 50.823394, 50.524113
0.998201, 47.260822, 50.887038, 50.555996
0.998228, 47.293252, 50.962596, 50.703433
0.998228, 47.326481, 50.917119, 50.716326
0.998240, 47.319286, 50.778643, 50.570093
0.998260, 47.403996, 51.059741, 50.720171
0.998224, 47.288467, 50.871716, 50.643614
0.998210, 47.292571, 50.865905, 50.550518
0.998273, 47.338885, 51.071152, 50.746018
0.998275, 47.439668, 51.053507, 50.683402
0.998231, 47.262071, 51.088451, 50.744393
0.998167, 47.165935, 51.067901, 50.691495
0.998217, 47.237032, 50.839020, 50.491514
0.998280, 47.396734, 51.168055, 50.782933
0.998244, 47.276667, 50.891677, 50.572323
0.998234, 47.339856, 51.029319, 50.689432
0.998274, 47.409862, 51.124354, 50.785275
0.998291, 47.492624, 51.120050, 50.782387
0.998216, 47.256523, 51.074490, 50.850974
0.998135, 47.152585, 50.948303, 50.588935
0.998198, 47.225793, 51.018017, 50.684012
0.998294, 47.489844, 51.103550, 50.862883
0.998284, 47.385735, 51.040402, 50.839652
0.998307, 47.488683, 51.126803, 50.861611
0.998292, 47.467670, 51.147380, 50.878333
0.998302, 47.490155, 51.103213, 50.804057
0.998313, 47.485084, 51.119375, 50.800608
0.998245, 47.388189, 50.978732, 50.672964
0.998201, 47.201620, 51.020737, 50.735197
0.998316, 47.557499, 51.253492, 50.862247
0.998133, 47.116040, 50.933572, 50.606436
0.998195, 47.331608, 51.029732, 50.712869
0.998223, 47.336493, 51.068484, 50.819614
0.998214, 47.383147, 51.029154, 50.763387
0.998251, 47.396206, 51.048775, 50.809629
0.998160, 47.288092, 50.959668, 50.673192
0.998134, 47.196876, 50.897122, 50.686454
0.998040, 46.983797, 51.021809, 50.781997
0.997827, 46.990783, 50.634554, 50.322323
0.997911, 47.057674, 50.850974, 50.546451
0.997895, 46.872248, 50.908113, 50.646033
0.998286, 47.415186, 51.209875, 50.831910
0.998048, 47.025710, 51.137206, 50.689890
0.997980, 46.995479, 50.626415, 50.268608
0.997810, 46.899874, 50.251448, 49.968546
0.998117, 47.115403, 50.485461, 50.234218
0.997867, 46.836697, 50.160424, 49.963244
0.998023, 47.296302, 50.497941, 50.210073
0.997957, 47.166690, 50.807902, 50.449390
0.998330, 47.887783, 51.262722, 50.863757
0.997963, 46.952200, 50.716019, 50.263065
0.998098, 47.161610, 50.979875, 50.549778
0.998275, 47.389154, 51.234572, 50.851371
0.998457, 47.887002, 51.110866, 50.753919
0.998344, 47.480028, 51.189172, 50.865507
0.998200, 47.241778, 51.128409, 50.676618
0.998257, 47.318038, 51.110445, 50.692947
0.998331, 47.516213, 51.143732, 50.744393
0.998256, 47.359523, 51.074406, 50.756866
0.998248, 47.337420, 50.981999, 50.581180
0.998234, 47.310058, 50.952277, 50.564894
0.998238, 47.351157, 51.010362, 50.580807
0.998235, 47.268963, 50.952358, 50.555329
0.998176, 47.213990, 51.008306, 50.531620
0.998153, 47.202878, 50.970575, 50.511044
0.998116, 47.213913, 50.857004, 50.522569
0.998091, 47.151917, 50.774980, 50.488815
0.998058, 47.093337, 50.737668, 50.319517
0.998005, 46.949956, 50.786369, 50.475052
0.997923, 46.835234, 50.752369, 50.357563
0.997529, 46.313221, 50.707650, 50.333639
0.997792, 46.572583, 50.696771, 50.261127
0.997790, 46.558338, 50.790511, 50.376854
0.998079, 47.073691, 50.887837, 50.534051
0.997863, 46.674028, 50.769685, 50.370887
0.997901, 46.798440, 50.823788, 50.505037
0.997957, 46.785876, 50.623254, 50.175463
0.998159, 47.153151, 50.874106, 50.502768
0.997939, 46.656655, 50.585578, 50.163942
0.997912, 46.695497, 50.762688, 50.440509
0.998055, 46.875842, 50.831515, 50.512364
0.998186, 47.192443, 50.807902, 50.521467
0.998172, 47.225449, 50.946033, 50.509578
0.998120, 47.084844, 50.742537, 50.366134
0.998097, 47.063090, 50.790354, 50.378560
0.998053, 46.858228, 50.670377, 50.366276
0.998032, 46.975808, 50.544456, 50.108529
0.998022, 46.902484, 50.624759, 50.205834
0.997964, 46.876874, 50.363795, 50.080089
0.997890, 46.626436, 50.532799, 50.254211
0.997820, 46.651904, 50.317343, 50.053946
0.997794, 46.596620, 50.017280, 49.805490
0.997576, 46.105571, 50.193279, 49.851852
