ms-ssim, psnr-y, psnr-u, psnr-v
0.996846, 41.726988, 49.828644, 49.583949
0.995933, 40.862873, 49.738681, 49.624304
0.995761, 40.752943, 49.633646, 49.449479
0.995795, 40.653627, 49.537966, 49.436856
0.995942, 40.814100, 49.514625, 49.351059
0.995505, 40.444423, 49.202952, 49.068468
0.995516, 40.591642, 48.964048, 48.855550
0.995388, 40.331811, 48.987129, 48.871482
0.995613, 40.669267, 49.043604, 49.000534
0.995239, 40.362285, 48.927391, 48.859650
0.995346, 40.372393, 49.039698, 49.010263
0.995301, 40.273138, 49.048281, 48.931288
0.995657, 40.834537, 48.900685, 48.880298
0.994625, 39.849024, 48.860898, 48.669749
0.993495, 39.077670, 48.660988, 48.352595
0.992520, 38.811432, 48.029159, 47.829608
0.991571, 38.250694, 48.235966, 47.929389
0.991128, 37.865900, 48.137765, 47.781895
0.991925, 38.319829, 48.003292, 47.717305
0.992171, 38.376389, 48.186139, 47.850905
0.992501, 38.579425, 48.134141, 47.781165
0.993025, 38.881849, 48.017170, 47.725316
0.993337, 38.913722, 48.276827, 48.022388
0.993875, 39.309258, 48.313632, 48.064713
0.994389, 39.766977, 48.336853, 48.093753
0.994465, 39.645982, 48.516984, 48.251830
0.994567, 39.809515, 48.623159, 48.256756
0.994714, 39.837825, 48.483225, 48.192424
0.995409, 40.425332, 48.763542, 48.548413
0.995088, 40.211775, 48.713330, 48.520818
0.995092, 40.529984, 48.500780, 48.261804
0.995278, 40.321768, 48.767578, 48.531058
0.995975, 40.900741, 48.972826, 48.808388
0.995432, 40.577435, 48.892636, 48.671969
0.995524, 40.604763, 49.125710, 48.886193
0.995931, 40.734700, 49.163083, 49.052008
0.996505, 41.337333, 49.145213, 49.029601
0.996012, 40.873733, 49.148381, 49.018973
0.995819, 40.718724, 49.144951, 49.026635
0.995980, 40.812290, 49.022999, 48.960305
0.996333, 41.241700, 49.127725, 49.082878
0.995963, 40.690440, 48.934394, 48.882225
0.996028, 41.027904, 48.773825, 48.781109
0.996021, 40.722628, 48.911276, 48.925965
0.996347, 41.263603, 49.007471, 48.966333
0.996039, 40.931832, 48.868085, 48.869984
0.996177, 41.038879, 49.102567, 49.188210
0.996319, 41.042471, 49.074109, 49.140193
0.996675, 41.748283, 49.053010, 49.149144
0.996484, 41.262337, 49.150860, 49.196321
0.996536, 41.454944, 49.120096, 49.160669
0.996393, 41.182141, 49.005488, 49.014558
0.996886, 41.887750, 49.017031, 49.125994
0.996560, 41.365272, 48.941499, 49.001018
0.996672, 41.575679, 48.944476, 48.979261
0.996552, 41.376671, 49.034844, 49.027446
0.996795, 41.869469, 48.996966, 49.048304
0.996595, 41.521603, 48.934145, 49.027932
0.996652, 41.639309, 49.200612, 49.243944
0.996375, 41.395290, 49.208746, 49.279651
0.996735, 41.744994, 49.126753, 49.207731
0.996770, 41.835466, 49.218493, 49.336032
0.996635, 41.700076, 49.300773, 49.403400
0.996681, 41.770068, 49.202686, 49.356080
0.996799, 41.837396, 49.208190, 49.323189
0.996765, 41.866940, 49.291357, 49.226637
0.996618, 41.658706, 49.213629, 49.239635
0.996662, 41.617960, 49.271040, 49.236328
0.996898, 42.024401, 49.218106, 49.230933
0.996902, 41.993104, 49.211622, 49.245991
0.996761, 41.914762, 49.316595, 49.300181
0.996786, 41.719663, 49.336604, 49.309617
0.996968, 41.993235, 49.349936, 49.353332
0.996930, 41.969210, 49.431029, 49.374866
0.996758, 41.841673, 49.484864, 49.444757
0.996770, 41.892420, 49.396886, 49.378507
0.996945, 42.044098, 49.335136, 49.343327
0.996746, 41.857501, 49.397391, 49.328252
0.996761, 41.877662, 49.389828, 49.452774
0.996737, 41.779119, 49.499848, 49.460627
0.996994, 42.154222, 49.359781, 49.327904
0.996750, 41.779384, 49.304131, 49.151575
0.996859, 42.037271, 49.451088, 49.357430
0.996760, 41.810632, 49.415292, 49.318652
0.997172, 42.486098, 49.507424, 49.425489
0.996844, 42.059297, 49.411544, 49.382252
0.996828, 42.217853, 49.423763, 49.354606
0.997186, 42.684823, 49.445676, 49.382277
0.996866, 42.219007, 49.543573, 49.589615
0.996697, 41.964458, 49.378784, 49.520513
0.997181, 42.363014, 49.593045, 49.615911
0.996774, 41.698006, 49.568724, 49.557479
0.996807, 41.785437, 49.603034, 49.640205
0.996882, 41.888536, 49.624756, 49.465033
0.997140, 42.179421, 49.695875, 49.589062
0.996859, 41.700287, 49.503492, 49.292243
0.996881, 42.065461, 49.304155, 49.062881
0.996737, 41.622376, 49.253576, 49.033150
0.996894, 41.918984, 49.261712, 49.065615
0.996663, 41.603374, 49.194058, 49.008325
0.996716, 41.693635, 49.293894, 49.158400
0.996626, 41.496679, 49.377051, 49.252258
0.996953, 41.917236, 49.491692, 49.362008
0.996462, 41.500334, 49.180691, 49.112410
0.996275, 41.315694, 48.966196, 48.602497
0.996494, 41.539060, 49.152934, 48.780868
0.996042, 41.193071, 48.976787, 48.595799
0.995925, 40.930761, 48.918253, 48.501478
0.996443, 41.335983, 49.243774, 48.955402
0.995980, 41.043093, 49.197430, 48.689791
0.995964, 40.972776, 49.155416, 48.808079
0.996343, 40.943294, 49.246332, 48.947728
0.996289, 40.854423, 49.191025, 49.005465
0.995612, 40.491596, 48.929815, 48.724532
0.996225, 40.765621, 49.091500, 48.805260
0.995552, 40.399466, 48.855327, 48.312433
0.996155, 40.632584, 49.092959, 48.543063
0.996087, 40.611977, 49.112575, 48.660945
0.996009, 40.599963, 49.151337, 48.648589
0.994745, 39.694376, 48.510293, 47.954946
0.995436, 39.777274, 48.384691, 47.836437
0.994956, 39.886768, 48.531326, 47.867905
0.995610, 40.279770, 48.645277, 47.927608
0.994721, 40.004176, 48.637963, 47.839680
0.995945, 40.695154, 48.980751, 48.290182
0.995096, 40.393207, 49.142405, 48.421680
0.994941, 40.286542, 49.022027, 48.316621
0.995322, 40.586583, 49.170764, 48.566568
0.996356, 41.262412, 49.621912, 48.746371
0.995429, 40.592754, 49.582737, 48.883615
0.995505, 40.834889, 49.560910, 48.928025
0.995549, 40.839365, 49.644316, 49.064447
0.996044, 41.226286, 49.595078, 48.895355
0.995524, 40.824878, 49.569984, 49.014096
0.995665, 40.936351, 49.755719, 49.197333
0.995652, 40.910326, 49.751885, 49.336131
0.996204, 41.498799, 49.606607, 49.068094
0.995561, 40.874775, 49.760655, 49.317884
0.995342, 40.662504, 49.797047, 49.329419
0.995405, 40.797106, 49.610448, 49.009848
0.995854, 41.233425, 49.738408, 49.269717
0.995265, 40.681034, 49.700120, 49.238322
0.995216, 40.698863, 49.450782, 48.900685
0.995226, 40.640617, 49.694470, 49.120854
0.995554, 40.940656, 49.477764, 49.024087
0.995280, 40.723105, 49.466238, 49.022282
0.995357, 40.852774, 49.359531, 48.841629
0.995323, 40.661459, 49.647843, 49.204062
0.995461, 40.820635, 49.397769, 48.947797
0.995332, 40.885217, 49.689987, 49.262617
0.995126, 40.646081, 49.383359, 48.941204
0.995147, 40.510401, 49.481235, 49.084709
0.995515, 40.781886, 49.391490, 49.008509
0.995299, 40.616734, 49.535829, 49.142476
0.995417, 40.706282, 49.396003, 49.008440
0.995461, 40.854589, 49.600998, 49.201456
0.995691, 40.870094, 49.371479, 49.007725
0.995532, 40.755400, 49.629598, 49.187417
0.995568, 40.824044, 49.490016, 49.084428
0.995454, 40.505318, 49.509624, 49.242094
0.995727, 40.794152, 49.282747, 49.035517
0.995500, 40.595139, 49.519008, 49.210583
0.995553, 40.726980, 49.377327, 48.862237
0.995418, 40.434161, 49.240852, 48.603632
0.995650, 40.635858, 49.009317, 48.443097
0.995624, 40.666059, 48.934009, 48.102022
0.995898, 40.868796, 48.940204, 48.008310
0.995495, 40.556727, 48.750239, 47.563938
0.995458, 40.693498, 48.566880, 47.166728
0.995277, 40.597097, 48.513627, 46.929865
0.995650, 40.960772, 48.628461, 47.149792
0.995153, 40.537825, 48.272521, 46.763969
0.995281, 40.853613, 48.135481, 46.465536
0.995035, 40.596779, 48.261415, 46.405740
0.995606, 41.037352, 48.375847, 46.573662
0.994988, 40.613682, 48.170018, 46.198422
0.995155, 40.687913, 48.204582, 46.296696
0.995013, 40.490850, 48.258522, 46.359624
0.995785, 40.986312, 48.542358, 46.755378
0.995052, 40.388602, 48.379099, 46.403295
0.995019, 40.677954, 48.571322, 46.731494
0.994902, 40.550016, 48.500205, 46.750848
0.995583, 40.865337, 48.868308, 47.233669
0.994988, 40.398389, 48.720126, 46.836187
0.995163, 40.617769, 48.666997, 46.858799
0.995148, 40.384528, 48.737453, 46.883170
0.995446, 40.638892, 48.685099, 47.009372
0.995172, 40.578109, 48.556286, 46.793821
0.995230, 40.627514, 48.385851, 46.372732
0.995228, 40.596647, 48.298304, 46.368710
0.995625, 40.973897, 48.560009, 46.712850
0.995031, 40.607094, 48.259493, 46.563809
0.995070, 40.838623, 48.253439, 46.499829
0.994762, 40.671566, 48.509203, 46.723961
0.995420, 41.267247, 48.569069, 46.941474
0.994390, 40.612174, 48.432860, 46.809033
0.994577, 40.814988, 48.393213, 46.803600
0.994074, 40.441304, 48.422405, 46.834453
0.994892, 40.753623, 48.719586, 47.096865
0.993882, 40.196486, 48.705965, 47.009547
0.994051, 40.258600, 48.937071, 47.204560
0.993787, 39.875074, 48.892254, 47.165671
0.994533, 40.096197, 48.850408, 47.368433
0.993471, 39.620307, 48.829989, 47.384737
0.994025, 39.635065, 48.864512, 47.414300
0.993933, 39.542966, 48.834353, 47.427426
0.992844, 39.088508, 48.656475, 47.143150
0.993554, 39.071259, 48.687069, 47.207987
0.993136, 38.797225, 48.602497, 47.048555
0.993033, 38.641853, 48.663480, 47.152033
0.993070, 38.557339, 48.647782, 47.188962
0.992716, 38.439669, 48.433769, 47.125214
0.992504, 38.481164, 48.296326, 47.064569
0.992445, 38.539505, 48.141202, 47.026046
0.990835, 37.622293, 48.046650, 46.962352
0.993744, 38.871750, 48.517005, 47.535298
0.991606, 38.266960, 48.773409, 47.834958
0.991635, 38.289697, 48.590788, 47.601254
0.992721, 38.801011, 48.960465, 48.086713
0.993895, 39.049776, 48.740142, 47.966347
0.993130, 39.083821, 48.874568, 48.218351
0.992823, 38.836939, 49.084052, 48.242691
0.993297, 38.932448, 48.832181, 47.752874
0.992415, 38.742082, 49.024342, 48.087702
0.992458, 38.788808, 49.158328, 48.234440
0.992561, 38.661921, 49.081681, 48.311096
0.993233, 39.003693, 48.939069, 48.079572
0.992836, 38.769113, 49.163968, 48.439736
0.992638, 38.646273, 49.210293, 48.473035
0.993188, 38.868727, 48.964414, 48.224798
0.993025, 38.760452, 49.138409, 48.486763
0.992607, 38.483663, 49.066925, 48.449381
0.993269, 38.707087, 49.029462, 48.409040
0.992752, 38.521773, 49.267708, 48.524634
0.992660, 38.491087, 49.147047, 48.512372
0.992634, 38.599531, 49.100893, 48.406328
0.993020, 38.837622, 49.084521, 48.389730
0.992316, 38.702163, 49.294953, 48.542855
0.992420, 38.760831, 49.107568, 48.328185
0.992352, 38.666718, 49.248258, 48.516799
0.992804, 38.841976, 49.106601, 48.442894
0.992118, 38.643897, 49.079899, 48.426903
0.992426, 38.708522, 49.151265, 48.589426
0.992385, 38.553521, 49.283263, 48.576707
0.992838, 38.889339, 49.076007, 48.509985
0.992258, 38.625966, 49.260392, 48.561986
0.991908, 38.395047, 49.152839, 48.381395
0.992397, 38.642317, 49.011533, 48.409241
0.991142, 38.209730, 48.940840, 48.255941
0.989920, 37.551095, 48.680540, 48.014031
0.995113, 40.460272, 50.104581, 49.638924
0.991713, 38.619509, 49.120285, 48.496410
0.991417, 38.653013, 48.745763, 48.315343
0.990855, 38.462355, 48.809622, 48.385831
0.991468, 38.666072, 48.703082, 48.252663
0.991030, 38.419781, 48.734788, 48.216408
0.992015, 38.778984, 48.582539, 48.031867
0.990937, 38.379344, 48.573784, 47.912704
0.991049, 38.269086, 48.548227, 47.821789
0.992530, 38.730371, 48.484267, 47.874101
0.991627, 38.378452, 48.736695, 48.016803
0.991364, 38.197783, 48.638831, 47.872378
0.991162, 37.974293, 48.659752, 47.846966
0.991943, 38.386752, 48.494278, 47.717562
0.990674, 37.837971, 48.555309, 47.616984
0.990429, 37.735523, 48.454739, 47.545071
0.989748, 37.559816, 48.258386, 47.389423
0.990617, 37.867527, 48.317861, 47.295417
0.989154, 37.443571, 48.026085, 47.061238
0.988578, 37.352631, 47.873497, 47.012460
0.987085, 37.058545, 47.279909, 46.669335
0.989829, 37.814182, 47.603340, 46.943912
0.988415, 37.453864, 47.527334, 46.973269
0.989101, 37.668704, 47.626774, 47.100253
0.989028, 37.639033, 47.623251, 47.091030
0.989927, 37.705075, 47.682501, 47.202580
0.988331, 37.191178, 47.610390, 47.133311
0.988948, 37.323266, 47.878190, 47.266309
0.987918, 36.987634, 47.672194, 47.177642
0.989296, 37.375171, 47.765852, 47.248120
0.986992, 36.845105, 47.604626, 47.027903
0.987217, 37.023465, 47.603190, 47.062520
0.985814, 36.714116, 47.219006, 46.783304
0.988243, 37.266711, 47.451120, 46.918016
0.988468, 37.359174, 47.487361, 46.961819
0.986941, 36.849671, 47.498461, 47.027976
0.987625, 37.035176, 47.485931, 46.989196
0.986998, 36.904036, 47.466153, 47.026850
0.988619, 37.295677, 47.593652, 47.185261
0.986959, 36.845706, 47.600436, 47.041288
0.987353, 37.006097, 47.839274, 47.309170
0.986925, 36.802615, 47.790235, 47.203555
0.988477, 37.094614, 47.623889, 47.138753
0.988133, 37.104430, 47.938721, 47.414540
0.987948, 36.998435, 47.559358, 47.143736
0.986988, 36.920128, 47.631997, 47.078378
0.986016, 36.682302, 47.625113, 46.949767
0.986659, 36.714015, 47.567116, 47.012300
0.985268, 36.484156, 47.380025, 46.849106
0.984085, 35.982983, 47.252013, 46.636087
