ms-ssim, psnr-y, psnr-u, psnr-v
0.971211, 27.639859, 37.557093, 40.389505
0.971264, 27.689776, 37.585276, 40.399579
0.971310, 27.699119, 37.598000, 40.416766
0.971336, 27.700646, 37.602377, 40.409829
0.971341, 27.694289, 37.588292, 40.416545
0.971363, 27.704267, 37.611306, 40.417924
0.971391, 27.707231, 37.619663, 40.417260
0.971370, 27.708018, 37.620369, 40.417328
0.971363, 27.700751, 37.617179, 40.415847
0.971395, 27.706298, 37.616732, 40.421006
0.971423, 27.708164, 37.618492, 40.425573
0.971443, 27.709160, 37.617358, 40.423067
0.971438, 27.702805, 37.614893, 40.423118
0.971437, 27.703044, 37.614688, 40.423084
0.971436, 27.702968, 37.614688, 40.422914
0.971437, 27.703096, 37.614688, 40.423084
0.971438, 27.702805, 37.614893, 40.423118
0.971636, 27.743955, 37.631834, 40.443087
0.971707, 27.751641, 37.642089, 40.461411
0.971732, 27.754777, 37.651658, 40.452668
0.971747, 27.749712, 37.648697, 40.450833
0.981701, 29.449367, 37.938640, 40.788363
0.981782, 29.456033, 37.929618, 40.789717
0.981852, 29.456071, 37.924170, 40.780825
0.981856, 29.454525, 37.920759, 40.772173
0.986486, 30.846939, 38.345279, 40.967929
0.986480, 30.869697, 38.345268, 40.945172
0.986471, 30.868636, 38.338609, 40.936608
0.986457, 30.862579, 38.333234, 40.925325
0.988754, 32.113541, 38.788497, 41.187027
0.988774, 32.113605, 38.814307, 41.189547
0.988781, 32.112126, 38.808004, 41.185584
0.988776, 32.107922, 38.826172, 41.196323
0.988948, 32.169634, 38.778192, 41.117483
0.988954, 32.167326, 38.763142, 41.103886
0.988962, 32.169184, 38.762619, 41.099801
0.989009, 32.172035, 38.756751, 41.093990
0.989000, 32.169489, 38.734745, 41.066352
0.989002, 32.169883, 38.734571, 41.069773
0.989001, 32.169554, 38.732446, 41.069674
0.989040, 32.172574, 38.727115, 41.065542
0.989018, 32.170676, 38.728568, 41.064969
0.989019, 32.170679, 38.727276, 41.065463
0.989018, 32.170709, 38.727218, 41.062954
0.989049, 32.174660, 38.725858, 41.064297
0.989043, 32.174979, 38.725339, 41.064297
0.989048, 32.176181, 38.725812, 41.064613
0.989054, 32.177343, 38.726123, 41.064633
0.989090, 32.181250, 38.725731, 41.066807
0.989350, 32.370695, 38.848410, 41.149456
0.989383, 32.381352, 38.847177, 41.146777
0.989394, 32.382413, 38.846857, 41.144422
0.989431, 32.381481, 38.840389, 41.133008
0.992395, 33.083177, 39.461520, 41.608631
0.992417, 33.090964, 39.451521, 41.601159
0.992443, 33.093905, 39.446455, 41.598388
0.992477, 33.088337, 39.429570, 41.580398
0.993138, 33.961402, 40.144233, 41.896875
0.993185, 33.964102, 40.122949, 41.888054
0.993196, 33.967950, 40.122408, 41.884044
0.993155, 33.952791, 40.120325, 41.881278
0.993490, 34.435850, 40.374126, 42.338288
0.993517, 34.444210, 40.369882, 42.338818
0.993450, 34.446794, 40.367223, 42.328948
0.993445, 34.419318, 40.363271, 42.309881
0.993665, 34.571993, 40.476102, 42.360569
0.993716, 34.588919, 40.491742, 42.371338
0.993658, 34.589671, 40.494115, 42.360782
0.993599, 34.551508, 40.485393, 42.345526
0.993993, 34.603776, 40.483146, 42.356976
0.993742, 34.595970, 40.486932, 42.353333
0.993670, 34.600263, 40.485860, 42.356205
0.993678, 34.581669, 40.477568, 42.339348
0.994060, 34.627814, 40.475049, 42.333312
0.993804, 34.620136, 40.475446, 42.324642
0.993743, 34.624650, 40.475308, 42.327442
0.993742, 34.604889, 40.475636, 42.326570
0.994115, 34.661141, 40.494444, 42.353945
0.993872, 34.653679, 40.509595, 42.374703
0.993810, 34.657170, 40.512743, 42.376974
0.993807, 34.636289, 40.511125, 42.375664
0.994295, 34.813175, 40.685049, 42.508205
0.994061, 34.815957, 40.712506, 42.521806
0.994019, 34.816921, 40.711231, 42.517112
0.993954, 34.785369, 40.694871, 42.500032
0.995231, 35.733089, 41.016969, 42.760546
0.995230, 35.740720, 41.016442, 42.748389
0.995231, 35.743891, 41.026104, 42.755090
0.995250, 35.739130, 41.016833, 42.743647
0.995492, 36.207504, 41.697671, 43.249672
0.995494, 36.208390, 41.686668, 43.258470
0.995495, 36.209537, 41.693353, 43.246145
0.995494, 36.205258, 41.687010, 43.236265
0.995640, 36.514909, 41.984052, 43.700783
0.995644, 36.515884, 41.989818, 43.716616
0.995644, 36.514199, 41.993462, 43.715307
0.995647, 36.509722, 41.996521, 43.704155
0.995686, 36.563831, 42.108395, 43.875265
0.995691, 36.568821, 42.137989, 43.911148
0.995691, 36.568610, 42.135359, 43.920289
0.995693, 36.566969, 42.136294, 43.898193
0.995714, 36.576710, 42.144266, 43.938017
0.995720, 36.579446, 42.148549, 43.958817
0.995721, 36.580958, 42.142392, 43.961087
0.995723, 36.580279, 42.141405, 43.958355
0.995735, 36.587549, 42.161195, 43.963551
0.995737, 36.587774, 42.160356, 43.965593
0.995736, 36.587739, 42.160025, 43.960279
0.995738, 36.586657, 42.156569, 43.959202
0.995750, 36.594149, 42.156493, 43.951860
0.995751, 36.594327, 42.157128, 43.954050
0.995751, 36.594218, 42.157357, 43.956548
0.995750, 36.593158, 42.156848, 43.958702
0.995823, 36.892412, 42.251383, 44.037148
0.995828, 36.900082, 42.265217, 44.043576
0.995826, 36.901994, 42.272777, 44.041263
0.995826, 36.896946, 42.264748, 44.035033
0.997017, 37.609197, 42.511678, 44.316268
0.997048, 37.623190, 42.520011, 44.329948
0.997056, 37.627588, 42.530436, 44.341654
0.997059, 37.619410, 42.528858, 44.323500
0.997245, 38.039714, 42.997918, 44.738084
0.997251, 38.036718, 42.983605, 44.735001
0.997256, 38.038467, 42.984988, 44.730863
0.997251, 38.030583, 42.979243, 44.717695
0.997498, 38.310563, 43.337964, 45.093095
0.997520, 38.323646, 43.361904, 45.124124
0.997524, 38.326653, 43.376210, 45.129208
0.997525, 38.315213, 43.367171, 45.112368
0.997564, 38.393703, 43.445074, 45.153705
0.997572, 38.401935, 43.462265, 45.193905
0.997578, 38.405888, 43.463157, 45.192116
0.997579, 38.398504, 43.464667, 45.187468
0.997609, 38.422663, 43.517271, 45.232314
0.997615, 38.428379, 43.523704, 45.245331
0.997630, 38.434164, 43.523356, 45.250351
0.997617, 38.420027, 43.524574, 45.247918
0.997645, 38.442103, 43.524505, 45.264462
0.997650, 38.448823, 43.526350, 45.268724
0.997654, 38.448439, 43.523739, 45.271170
0.997653, 38.441885, 43.528962, 45.274397
0.997682, 38.468588, 43.568233, 45.327370
0.997687, 38.478291, 43.572560, 45.339935
0.997689, 38.477896, 43.573299, 45.342474
0.997690, 38.471634, 43.570906, 45.340570
0.997726, 38.541326, 43.603784, 45.383240
0.997732, 38.549942, 43.607898, 45.391686
0.997742, 38.560554, 43.607082, 45.398325
0.997736, 38.545159, 43.608111, 45.388423
0.997986, 38.885564, 43.846418, 45.757438
0.998008, 38.889435, 43.870551, 45.763029
0.998011, 38.889465, 43.861438, 45.770904
0.998008, 38.880988, 43.856476, 45.760990
0.998082, 38.998990, 44.156312, 45.932025
0.998074, 39.002407, 44.160098, 45.957914
0.998086, 39.003400, 44.158164, 45.961329
0.998085, 39.002343, 44.144131, 45.948841
0.998117, 39.092392, 44.355035, 46.056118
0.998115, 39.094309, 44.365203, 46.079625
0.998122, 39.097608, 44.367273, 46.076742
0.998122, 39.091956, 44.349139, 46.078183
0.998188, 39.137159, 44.382599, 46.138510
0.998185, 39.138671, 44.390240, 46.151301
0.998187, 39.138541, 44.395086, 46.157487
0.998187, 39.135486, 44.395001, 46.153915
0.998199, 39.178967, 44.436154, 46.260168
0.998198, 39.180148, 44.438645, 46.283692
0.998202, 39.182597, 44.449313, 46.290268
0.998203, 39.178567, 44.443588, 46.280211
0.998218, 39.210641, 44.487900, 46.348897
0.998217, 39.213619, 44.485337, 46.386948
0.998221, 39.215603, 44.482168, 46.396513
0.998218, 39.210305, 44.478004, 46.393749
0.998271, 39.274136, 44.634746, 46.503694
0.998273, 39.278497, 44.659628, 46.520037
0.998276, 39.279532, 44.658181, 46.523021
0.998267, 39.271861, 44.653936, 46.516084
0.998282, 39.309549, 44.746792, 46.689027
0.998280, 39.313758, 44.752838, 46.706735
0.998284, 39.313811, 44.760743, 46.719428
0.998273, 39.308323, 44.750622, 46.715290
0.998308, 39.399600, 44.893939, 46.853908
0.998316, 39.405518, 44.899381, 46.886093
0.998320, 39.409595, 44.900002, 46.904853
0.998310, 39.404733, 44.895609, 46.878175
0.998378, 39.451991, 44.972703, 46.932763
0.998382, 39.453204, 44.981652, 46.952416
0.998385, 39.454867, 44.984184, 46.950040
0.998372, 39.449746, 44.979316, 46.957016
0.998563, 39.568397, 45.077439, 47.024283
0.998565, 39.565039, 45.072664, 47.031614
0.998568, 39.567281, 45.073261, 47.039582
0.998565, 39.562896, 45.063080, 47.030677
0.998578, 39.615170, 45.233965, 47.208358
0.998587, 39.623515, 45.252475, 47.247474
0.998591, 39.626944, 45.249005, 47.257904
0.998588, 39.624923, 45.256260, 47.245341
0.998595, 39.665306, 45.294075, 47.341170
0.998592, 39.671154, 45.291617, 47.385145
0.998597, 39.674599, 45.302873, 47.379898
0.998593, 39.670896, 45.308538, 47.380237
0.998604, 39.699720, 45.333226, 47.437361
0.998603, 39.700160, 45.334599, 47.454276
0.998607, 39.702181, 45.337821, 47.455996
0.998604, 39.700806, 45.326316, 47.447055
0.998621, 39.770960, 45.401488, 47.513958
0.998625, 39.780426, 45.414054, 47.535643
0.998631, 39.785430, 45.424123, 47.550218
0.998631, 39.781150, 45.413947, 47.529774
0.998637, 39.798089, 45.464469, 47.563872
0.998636, 39.798594, 45.464306, 47.572969
0.998640, 39.801584, 45.463109, 47.570494
0.998637, 39.800196, 45.466483, 47.578366
0.998674, 39.853100, 45.513605, 47.578277
0.998674, 39.855499, 45.520765, 47.594951
0.998680, 39.861107, 45.531968, 47.600553
0.998682, 39.857649, 45.529151, 47.609816
0.998691, 39.881350, 45.587528, 47.680292
0.998690, 39.879229, 45.605082, 47.688728
0.998691, 39.883630, 45.610818, 47.697363
0.998689, 39.882738, 45.608906, 47.680745
0.998696, 39.926770, 45.670311, 47.734001
0.998696, 39.929896, 45.669227, 47.756539
0.998697, 39.931330, 45.674877, 47.766419
0.998698, 39.927439, 45.673849, 47.750824
0.998704, 39.943853, 45.675963, 47.788847
0.998704, 39.945196, 45.679734, 47.780121
0.998707, 39.947911, 45.682308, 47.783554
0.998704, 39.945971, 45.684482, 47.771413
0.998712, 39.976287, 45.753424, 47.896659
0.998712, 39.985738, 45.761747, 47.919006
0.998714, 39.989172, 45.768686, 47.926289
0.998712, 39.989133, 45.750168, 47.912787
0.998718, 40.019932, 45.815742, 47.970729
0.998717, 40.025686, 45.813914, 47.983732
0.998719, 40.027031, 45.826078, 47.989761
0.998717, 40.025138, 45.826492, 47.975091
0.998731, 40.075575, 45.988991, 48.066738
0.998731, 40.079596, 45.988929, 48.102646
0.998733, 40.082597, 45.990956, 48.111945
0.998729, 40.077912, 45.979730, 48.108843
0.998734, 40.112251, 46.027532, 48.172015
0.998735, 40.114817, 46.051694, 48.184516
0.998736, 40.118708, 46.053500, 48.187673
0.998735, 40.116223, 46.053438, 48.181667
0.998779, 40.172788, 46.120311, 48.266404
0.998794, 40.181911, 46.140671, 48.252321
0.998794, 40.184778, 46.142134, 48.259978
0.998798, 40.182721, 46.141307, 48.254493
0.998798, 40.182721, 46.141307, 48.254493
0.999481, 41.031169, 47.974218, 50.737425
0.999481, 41.031036, 47.974218, 50.737425
0.999481, 41.030737, 47.974218, 50.737425
0.999481, 41.030473, 47.974218, 50.737425
0.999481, 41.030046, 47.974218, 50.737425
0.999481, 41.030728, 47.974218, 50.737425
0.999481, 41.030649, 47.974218, 50.737425
0.999481, 41.030649, 47.974218, 50.737425
0.999481, 41.030433, 47.974218, 50.737425
0.999481, 41.030130, 47.974218, 50.737425
0.999481, 41.030130, 47.974218, 50.737425
0.999481, 41.030130, 47.974218, 50.737425
0.999481, 41.030130, 47.974218, 50.737425
0.999481, 41.030507, 47.974703, 50.738707
0.999481, 41.030958, 47.974412, 50.739257
0.999481, 41.031791, 47.974703, 50.738707
0.999481, 41.032619, 47.974218, 50.737425
0.999481, 41.033365, 47.974412, 50.736142
0.999481, 41.033399, 47.974218, 50.736875
0.999481, 41.033330, 47.974412, 50.736142
0.999481, 41.033208, 47.974218, 50.736692
0.999481, 41.033281, 47.974703, 50.737974
0.999481, 41.033497, 47.974412, 50.738524
0.999481, 41.033576, 47.974703, 50.737974
0.999481, 41.032820, 47.974218, 50.736692
0.999481, 41.032845, 47.974703, 50.737974
0.999481, 41.032811, 47.974412, 50.738524
0.999481, 41.032845, 47.974703, 50.737974
0.999481, 41.032820, 47.974218, 50.736692
0.999481, 41.032860, 47.974703, 50.737974
0.999481, 41.032825, 47.974412, 50.738524
0.999481, 41.032860, 47.974703, 50.737974
0.999481, 41.032820, 47.974218, 50.736692
0.999481, 41.032825, 47.974703, 50.737974
0.999481, 41.032791, 47.974412, 50.738524
0.999481, 41.032825, 47.974703, 50.737974
0.999481, 41.032786, 47.974218, 50.736692
0.999481, 41.032899, 47.974703, 50.737974
0.999481, 41.032865, 47.974412, 50.738524
0.999481, 41.032899, 47.974703, 50.737974
0.999481, 41.032860, 47.974218, 50.736692
0.999481, 41.032884, 47.974703, 50.737974
0.999481, 41.032850, 47.974412, 50.738524
0.999481, 41.032884, 47.974703, 50.737974
0.999481, 41.032845, 47.974218, 50.736692
0.999481, 41.032600, 47.974703, 50.737974
0.999481, 41.032546, 47.974412, 50.738524
0.999481, 41.032600, 47.974703, 50.737974
0.999481, 41.032561, 47.974218, 50.736692
0.999481, 41.032561, 47.974218, 50.736692
