ms-ssim, psnr-y, psnr-u, psnr-v
0.987118, 37.522802, 43.482868, 42.884415
0.984711, 37.085705, 43.618695, 42.925374
0.984563, 37.157084, 43.483334, 42.977031
0.983449, 36.978974, 43.542121, 43.221080
0.985438, 37.556735, 43.572767, 43.085414
0.984222, 37.367374, 44.140543, 43.793255
0.984757, 37.577489, 44.368948, 43.633147
0.985441, 37.891641, 44.444560, 43.484558
0.986343, 38.196730, 44.348417, 43.522907
0.986409, 38.262578, 44.368877, 43.711972
0.986626, 38.333747, 44.429679, 43.771904
0.986731, 38.439694, 44.411890, 43.675090
0.986514, 38.286702, 44.192238, 43.733524
0.989728, 39.534812, 44.766770, 44.476378
0.990504, 39.752316, 44.984434, 44.635110
0.991229, 40.109339, 45.035785, 44.654832
0.991571, 40.215988, 45.041287, 44.692235
0.993275, 41.036452, 45.540390, 45.193755
0.993200, 40.975682, 45.524697, 45.121183
0.993545, 41.371619, 45.599085, 45.121778
0.994208, 41.489792, 45.771293, 45.191509
0.994283, 41.648416, 46.106522, 45.565260
0.994320, 41.530645, 46.204963, 45.671875
0.994648, 41.809069, 46.343916, 45.764095
0.995113, 42.230823, 46.461701, 45.825215
0.994982, 42.053318, 46.816279, 46.363439
0.995262, 42.155938, 46.857018, 46.408233
0.995477, 42.371593, 46.920201, 46.573619
0.996171, 42.983479, 47.085575, 46.780647
0.995928, 42.813167, 47.333755, 47.124618
0.996037, 42.771764, 47.308655, 47.140550
0.996208, 43.117288, 47.371395, 47.157492
0.996660, 43.546494, 47.522200, 47.514969
0.996396, 43.346895, 47.553030, 47.377819
0.996409, 43.339968, 47.652633, 47.548421
0.996547, 43.501481, 47.595030, 47.565543
0.996762, 43.779384, 47.760188, 47.599388
0.996646, 43.756238, 47.917454, 47.955474
0.996767, 43.659254, 47.686093, 47.542630
0.996760, 43.815939, 47.787105, 47.632741
0.997002, 43.975046, 47.753329, 47.562262
0.996899, 43.987856, 47.721513, 47.516149
0.996869, 43.887267, 47.728787, 47.529887
0.996918, 44.014840, 47.759408, 47.609322
0.996988, 44.061955, 47.892935, 47.377962
0.996835, 44.147429, 48.153119, 47.606761
0.996927, 44.222651, 48.247385, 47.609774
0.997037, 44.291260, 48.263997, 47.727083
0.997036, 44.173958, 48.222324, 47.676900
0.996942, 44.090025, 48.253498, 47.641385
0.997048, 43.981642, 48.125540, 47.718113
0.997043, 43.950593, 48.307667, 47.642600
0.997016, 43.960485, 48.115538, 47.544263
0.997027, 43.917526, 48.123673, 47.385684
0.996716, 43.679310, 48.001904, 47.328243
0.996893, 43.810548, 47.722132, 47.292235
0.996709, 43.489019, 47.869034, 47.247501
0.997076, 43.853169, 48.145441, 47.653090
0.996572, 43.435263, 48.154315, 47.630924
0.996834, 43.774801, 48.155169, 47.924254
0.996612, 43.566154, 48.382639, 47.738556
0.997046, 44.013639, 48.364491, 47.845422
0.996403, 43.373816, 48.380839, 47.660402
0.996575, 43.502593, 48.015946, 47.626685
0.996337, 43.139843, 48.153290, 47.486605
0.996708, 43.383658, 47.786007, 47.521610
0.996204, 43.068419, 47.889559, 47.549164
0.996335, 42.919842, 47.666200, 47.179137
0.996070, 42.876249, 47.532699, 47.292935
0.996645, 43.308327, 47.584529, 47.275179
0.995696, 42.689080, 47.882011, 47.245006
0.996188, 42.782350, 47.622602, 47.054830
0.995836, 42.503722, 47.560473, 47.306406
0.996597, 43.080392, 47.483383, 47.203773
0.995553, 42.376400, 47.577343, 47.443894
0.995817, 42.482521, 47.519543, 47.420891
0.995709, 42.399812, 47.519100, 47.331211
0.996332, 42.880647, 47.766589, 47.365978
0.995631, 42.440345, 47.511579, 47.420603
0.995708, 42.433704, 47.623812, 47.464104
0.995819, 42.632063, 47.464395, 47.300928
0.996223, 42.905165, 47.358291, 47.325984
0.995579, 42.579866, 47.413251, 47.429847
0.995821, 42.691592, 47.626080, 47.584379
0.995938, 42.745305, 47.631529, 47.526042
0.996305, 43.008129, 47.791975, 47.364553
0.995838, 42.794728, 47.691311, 47.427245
0.995834, 42.639974, 47.766433, 47.454351
0.995889, 42.827411, 47.750370, 47.542630
0.996313, 43.119538, 47.548718, 47.423489
0.995788, 42.811756, 47.707619, 47.586028
0.995917, 42.929976, 47.771435, 47.581683
0.996213, 43.188778, 47.830967, 47.695920
0.996460, 43.229275, 47.577493, 47.402462
0.996167, 43.138471, 47.546787, 47.553476
0.996121, 42.926553, 47.629712, 47.511432
0.996259, 43.136022, 47.752238, 47.519838
0.996700, 43.444263, 47.819407, 47.536847
0.996349, 43.240434, 47.831285, 47.526338
0.996468, 43.382647, 47.978545, 47.445925
0.996414, 43.340391, 48.165262, 47.663605
0.996797, 43.611907, 48.080631, 47.736538
0.996627, 43.700731, 47.815297, 47.665131
0.996556, 43.519953, 47.993664, 47.657506
0.996573, 43.535024, 47.974445, 47.748347
0.996821, 43.710944, 47.890523, 47.781144
0.996694, 43.789611, 47.944717, 47.776757
0.996715, 43.709992, 48.201723, 47.919072
0.996669, 43.690206, 48.136414, 47.805827
0.996918, 43.804567, 48.220069, 47.943415
0.996774, 43.741757, 48.208983, 47.939673
0.996807, 43.680453, 48.167489, 47.903887
0.996757, 43.701788, 48.192407, 47.873996
0.996902, 43.686937, 48.070230, 47.845740
0.996798, 43.674207, 48.130634, 47.919396
0.996794, 43.510634, 48.060522, 47.783967
0.996741, 43.518088, 48.183970, 47.892935
0.997005, 43.725276, 48.106067, 47.825738
0.996875, 43.826127, 48.178470, 47.923444
0.996858, 43.530765, 48.070565, 47.839380
0.996756, 43.700945, 48.167661, 47.905178
0.996992, 43.821054, 48.225970, 47.915190
0.996928, 43.922504, 48.282433, 47.963477
0.996811, 43.441939, 47.949440, 47.702689
0.996924, 43.694394, 48.040839, 47.802675
0.997088, 43.857232, 48.114692, 47.898730
0.996906, 43.746507, 48.255945, 47.933986
0.996860, 43.555506, 48.280498, 47.748036
0.996981, 43.741804, 48.298120, 47.761748
0.997235, 43.886403, 48.479317, 47.799210
0.996979, 43.640634, 48.340352, 47.786791
0.996899, 43.546701, 48.345884, 47.779107
0.996985, 43.503339, 48.178641, 47.849401
0.997199, 43.741974, 48.198615, 47.770653
0.996933, 43.620980, 48.211405, 47.670477
0.996961, 43.534803, 48.321492, 47.689929
0.996982, 43.594788, 48.342136, 47.791346
0.997267, 43.844675, 48.225622, 47.646550
0.996901, 43.585054, 47.875758, 47.456532
0.997028, 43.627707, 48.099146, 47.602095
0.997038, 43.516634, 48.115369, 47.653090
0.997250, 43.656448, 48.093920, 47.385684
0.996962, 43.511499, 48.088532, 47.414403
0.997082, 43.778199, 48.157049, 47.383824
0.997015, 43.616396, 48.091562, 47.445055
0.997209, 43.721873, 47.839221, 47.497165
0.996831, 43.440756, 48.072911, 47.345084
0.996874, 43.538121, 48.095436, 47.345651
0.996944, 43.500588, 48.037844, 47.494816
0.997309, 43.991015, 47.992347, 47.334745
0.997133, 43.942279, 48.251401, 47.474463
0.997179, 43.844105, 48.237622, 47.419737
0.997147, 43.981724, 48.305013, 47.531219
0.997231, 44.012618, 48.351422, 47.603599
0.997058, 43.935645, 48.386242, 47.591277
0.997003, 43.810249, 48.523729, 47.581384
0.997006, 44.081189, 48.446851, 47.631984
0.997159, 44.096698, 48.314751, 47.488656
0.996942, 44.104121, 48.449776, 47.610829
0.997010, 44.044646, 48.425887, 47.538477
0.996923, 44.063986, 48.343563, 47.480018
0.997135, 44.165870, 48.380839, 47.590677
0.996916, 44.132939, 48.606161, 47.702689
0.996893, 44.116744, 48.568037, 47.605857
0.996723, 44.103465, 48.671481, 47.710857
0.997097, 44.370234, 48.678222, 47.676747
0.996703, 44.272455, 48.794838, 47.776600
0.996989, 44.373059, 48.980498, 48.211925
0.996897, 44.358029, 48.887889, 48.300947
0.997336, 44.652581, 49.025570, 48.385881
0.997279, 44.789363, 49.037906, 48.417893
0.997320, 44.707465, 49.047548, 48.500171
0.997314, 44.731983, 48.926492, 48.524287
0.997479, 44.706538, 48.891532, 48.427524
0.997390, 44.672018, 48.904507, 48.343742
0.997320, 44.569250, 49.014310, 48.243024
0.997247, 44.469389, 48.980498, 48.291592
0.997393, 44.622820, 48.894164, 48.331980
0.997283, 44.552167, 48.901057, 48.415171
0.997208, 44.412792, 48.724922, 48.293179
0.997239, 44.510184, 48.786728, 48.300417
0.997435, 44.626628, 48.954130, 48.428434
0.997427, 44.575484, 48.838614, 48.253498
0.997129, 44.296194, 48.561277, 47.903565
0.997210, 44.520956, 48.656114, 47.959065
0.997427, 44.609299, 48.894569, 48.127067
0.997222, 44.524139, 48.878797, 48.159101
0.997220, 44.362557, 48.743665, 47.955474
0.997279, 44.510442, 48.673791, 48.044835
0.997390, 44.539106, 48.904304, 48.336788
0.997226, 44.506494, 48.849226, 48.222324
0.997174, 44.296598, 48.884250, 48.119434
0.997165, 44.304159, 48.804550, 48.294061
0.997364, 44.424520, 48.807130, 48.217988
0.997165, 44.395144, 48.671289, 48.032360
0.997171, 44.148159, 48.718692, 47.796220
0.997175, 44.170305, 48.661102, 47.773469
0.997443, 44.401385, 48.843817, 47.973462
0.997074, 44.136274, 48.537329, 47.675523
0.997192, 44.207564, 48.449959, 47.577493
0.997165, 44.108896, 48.551345, 47.627593
0.997398, 44.302610, 48.328956, 47.862320
0.997210, 44.197678, 48.261370, 47.760188
0.997162, 44.176487, 48.127576, 47.650351
0.997085, 43.952784, 48.151753, 47.573605
0.997315, 44.069335, 48.440278, 47.762373
0.997149, 44.035289, 48.440825, 47.640930
0.997101, 43.911959, 48.484475, 47.662385
0.997027, 43.726169, 48.233792, 47.293075
0.997195, 43.913760, 48.560152, 47.531959
0.997020, 43.959607, 48.422251, 47.649743
0.997073, 43.829281, 48.179157, 47.474317
0.996974, 43.774349, 48.268906, 47.246670
0.997054, 43.773243, 48.124182, 47.456969
0.997020, 43.657130, 48.274522, 47.383251
0.996877, 43.555387, 48.009663, 47.208854
0.996904, 43.526349, 47.885382, 47.248472
0.996744, 43.185077, 47.837792, 47.127179
0.997105, 43.447512, 47.696074, 47.099220
0.996761, 43.190235, 47.849720, 46.903903
0.996930, 43.251013, 47.854501, 46.843985
0.996795, 43.155878, 47.729561, 46.532384
0.997058, 43.257093, 47.648830, 46.981187
0.996691, 42.994374, 47.515707, 46.567332
0.996796, 43.007959, 47.456241, 46.590033
0.996534, 42.561706, 47.122462, 46.379076
0.996957, 42.714660, 46.996994, 46.336266
0.996441, 42.451163, 46.972850, 46.119761
0.996603, 42.502269, 46.654379, 46.086419
0.996353, 42.068279, 46.468764, 45.756023
0.996932, 42.379325, 46.468300, 45.834918
0.996252, 41.748304, 46.086631, 45.141453
0.996596, 42.006074, 46.298217, 45.220188
0.996057, 41.597952, 46.109614, 45.014840
0.996634, 42.113593, 46.295766, 45.405869
0.995977, 42.311825, 46.954409, 46.108121
0.996465, 42.981091, 47.683946, 47.179683
0.996261, 42.970889, 48.271538, 47.537588
0.996762, 43.514359, 48.578384, 47.791817
0.996306, 43.452949, 48.705289, 47.992347
0.996627, 43.743814, 48.847623, 48.124012
0.996663, 43.986563, 48.962353, 47.950255
0.996976, 44.153630, 48.904913, 47.858329
0.996912, 44.217490, 48.973066, 48.038343
0.997008, 44.404806, 49.191554, 48.114523
0.996740, 44.218784, 49.086967, 47.922310
0.996770, 43.798077, 48.935685, 47.843672
0.996793, 43.904392, 48.950845, 47.859446
0.997040, 44.130707, 48.822445, 47.857212
0.996233, 42.971213, 48.235881, 47.306827
0.998320, 45.972472, 50.341934, 49.889932
0.997035, 44.382474, 49.984712, 49.626268
0.996903, 44.113240, 49.893501, 49.228369
0.996569, 43.820062, 49.625310, 49.156770
0.996822, 43.718580, 49.319449, 48.528940
0.996162, 43.623432, 49.355342, 48.933640
0.996513, 43.618560, 49.328171, 48.775676
0.996294, 43.595581, 48.985046, 48.534717
0.996599, 43.578169, 48.861070, 48.452886
0.996128, 43.456132, 48.802368, 48.518153
0.996499, 43.654387, 48.742882, 48.331090
0.996448, 43.675760, 48.733893, 48.287010
0.996842, 43.883239, 48.638317, 47.815455
0.996441, 43.828571, 48.881018, 48.250877
0.996655, 43.703167, 48.768389, 48.156195
0.996459, 43.555772, 49.113305, 48.411363
0.996803, 43.953482, 48.980085, 48.223539
0.996466, 43.412786, 49.031838, 48.329489
0.996384, 43.315539, 48.729405, 48.144929
0.996174, 43.207934, 48.828027, 47.941950
0.996663, 43.632816, 48.578572, 47.843672
0.996792, 43.708611, 48.694249, 47.801257
0.996436, 43.345554, 48.778436, 47.917454
0.996422, 43.297593, 48.616030, 47.849242
0.996457, 43.292390, 48.714220, 47.929117
0.996827, 43.672594, 48.658223, 47.631832
0.996469, 43.349013, 48.692701, 47.784124
0.996373, 43.292585, 48.613371, 47.740109
0.996607, 43.428554, 48.550409, 47.593378
0.996212, 43.282739, 48.649790, 47.757692
0.996232, 43.114959, 48.527823, 47.740574
0.996322, 43.094530, 48.650365, 47.783810
0.996625, 43.355756, 48.457280, 47.530627
0.996255, 42.925797, 48.608437, 47.818300
0.996189, 42.827799, 48.448862, 47.670630
0.996421, 43.164059, 48.542556, 47.784124
0.996811, 43.494376, 48.480053, 47.742128
0.996350, 43.154635, 48.694442, 48.207080
0.996358, 43.166943, 48.630494, 47.993664
0.996356, 43.262241, 48.512212, 47.991360
0.996674, 43.429417, 48.594235, 47.773156
0.996387, 43.312106, 48.545359, 47.870474
0.996392, 43.321626, 48.576878, 47.753952
0.996442, 43.245920, 48.575748, 47.773626
0.996656, 43.447614, 48.613181, 47.759564
0.996390, 43.244003, 48.544425, 47.514380
0.996315, 43.191802, 48.510543, 47.511285
0.996254, 43.101836, 48.420980, 47.538922
0.995989, 42.693183, 48.396706, 47.545005
0.995699, 42.294240, 48.420435, 47.485140
