ms-ssim, psnr-y, psnr-u, psnr-v
0.993531, 39.054499, 47.390933, 46.877333
0.992340, 38.637580, 47.080850, 46.307361
0.992023, 38.708977, 46.727903, 45.991743
0.990333, 38.260020, 46.561641, 45.767931
0.991511, 38.664321, 46.883820, 46.166300
0.991153, 38.450436, 46.749011, 46.148589
0.992219, 38.726494, 47.144877, 46.527158
0.990608, 38.167522, 46.735333, 46.110625
0.991913, 38.550803, 46.918786, 46.322735
0.991713, 38.357283, 46.677151, 45.923550
0.990000, 37.800941, 46.194594, 45.489074
0.991000, 38.058591, 46.223099, 45.567212
0.987504, 36.800342, 45.548346, 44.901248
0.987361, 36.471214, 45.355975, 44.811077
0.984373, 35.872667, 44.420021, 43.785780
0.982174, 35.201222, 43.511369, 42.866940
0.977854, 34.063833, 42.708284, 42.159787
0.977952, 33.539375, 41.980560, 41.689317
0.974713, 33.255272, 41.908533, 41.327767
0.975247, 33.171956, 41.616097, 41.143664
0.977228, 33.537584, 41.701708, 41.156077
0.972728, 33.040036, 41.145615, 40.241881
0.970535, 32.736030, 40.975082, 40.127016
0.971520, 33.157108, 41.052080, 40.409746
0.959750, 31.805736, 40.147322, 39.164943
0.959666, 32.107403, 40.046754, 39.182897
0.956110, 31.468820, 40.127160, 39.116235
0.964310, 32.125818, 40.210223, 39.402215
0.952633, 31.176034, 39.924160, 38.836506
0.956307, 32.103272, 40.286392, 39.024451
0.967415, 32.446171, 40.634128, 39.499742
0.974883, 33.675815, 41.276053, 40.311344
0.969429, 32.740443, 40.915846, 39.726919
0.970856, 33.022041, 40.879826, 39.663484
0.968829, 32.705926, 40.833157, 39.588887
0.974567, 33.477059, 41.517184, 40.199426
0.970325, 32.689418, 41.198555, 39.631384
0.971298, 32.870605, 41.119964, 39.641176
0.969713, 32.571092, 41.297014, 39.633180
0.972379, 33.003998, 41.211287, 39.867086
0.968305, 32.678551, 41.283846, 39.567454
0.967657, 32.397974, 41.132370, 39.601661
0.970943, 32.845740, 40.900989, 39.583177
0.966308, 32.132202, 40.710252, 39.182847
0.965862, 32.096307, 40.705666, 39.305684
0.964024, 31.820608, 40.500344, 39.261040
0.966832, 31.988957, 40.283365, 39.231504
0.963885, 31.655393, 40.450499, 38.791704
0.965135, 31.696507, 40.305238, 38.843941
0.960203, 31.211097, 40.125187, 38.614425
0.955220, 30.997910, 39.840014, 38.654737
0.966643, 31.712099, 39.890806, 39.495458
0.964491, 31.624778, 39.425007, 39.430206
0.952923, 31.279955, 39.498161, 39.211175
0.965612, 31.808697, 39.513873, 39.441904
0.964869, 32.032263, 39.567360, 39.126876
0.966439, 31.273001, 39.143992, 38.824937
0.965839, 31.322769, 38.885456, 38.420400
0.964671, 31.374421, 39.012043, 38.534823
0.966813, 32.035794, 39.096783, 38.542004
0.964327, 31.576007, 39.153843, 38.730081
0.968415, 31.308737, 39.113795, 38.530467
0.957550, 31.095821, 39.006260, 38.017923
0.957099, 31.326943, 39.345566, 38.258786
0.968751, 31.698237, 39.259570, 38.346833
0.964389, 31.061323, 38.932666, 38.287975
0.959152, 30.826321, 38.773704, 38.071320
0.965440, 31.364712, 38.937480, 38.383073
0.956206, 30.739766, 38.854463, 38.018873
0.962910, 31.757391, 39.060186, 38.415847
0.964556, 31.561395, 39.023525, 38.261077
0.955028, 31.251272, 38.902110, 38.026893
0.952354, 30.791684, 38.681627, 37.927840
0.960825, 31.183152, 38.885548, 38.170362
0.960427, 31.644320, 39.097091, 38.695816
0.948818, 30.640616, 38.701173, 38.014121
0.950495, 30.557627, 38.906951, 38.266871
0.963123, 30.824752, 38.909156, 38.427022
0.947970, 30.674220, 39.026915, 38.280246
0.957467, 31.406764, 39.202906, 38.490125
0.958370, 31.273548, 39.108203, 38.356144
0.959109, 31.086441, 39.125693, 38.351754
0.951603, 30.419064, 38.729146, 37.996667
0.958317, 30.585738, 38.753233, 38.176874
0.960059, 30.807119, 38.902551, 38.368170
0.958776, 30.576037, 38.710611, 38.163804
0.959465, 30.523164, 38.509177, 38.032023
0.958308, 30.781288, 38.579048, 38.015707
0.974778, 32.358191, 39.385603, 39.057822
0.961993, 30.659569, 38.447053, 38.106316
0.960683, 30.637176, 38.305873, 37.961911
0.963020, 31.073120, 38.535918, 38.050699
0.962281, 31.081277, 38.750684, 38.360967
0.963843, 30.799114, 38.582750, 38.373371
0.953379, 30.299328, 38.420779, 37.662228
0.960616, 30.489910, 38.564105, 37.995844
0.948002, 30.031290, 38.162025, 37.378048
0.954646, 31.240413, 38.686703, 38.185629
0.955861, 31.570483, 38.899023, 38.443291
0.944280, 30.918111, 38.758187, 38.147026
0.956894, 31.943398, 39.332257, 38.955379
0.951777, 31.683814, 39.708659, 39.019103
0.962187, 32.149004, 40.202660, 39.603188
0.954396, 31.378145, 39.999635, 39.206316
0.961491, 32.025520, 40.239724, 39.607047
0.958950, 31.778358, 40.378948, 39.535358
0.959047, 31.923129, 40.418972, 39.560522
0.957420, 31.818173, 40.469726, 39.676978
0.963618, 32.200964, 40.365207, 39.619019
0.959081, 31.802100, 40.003045, 39.382451
0.957465, 31.720912, 39.899051, 39.163346
0.958310, 31.819461, 39.904762, 39.382967
0.963161, 32.288111, 40.065400, 39.534785
0.958857, 31.884590, 39.883939, 39.628544
0.957420, 31.893082, 40.095735, 39.639156
0.952549, 31.579497, 40.151444, 39.540020
0.963163, 32.411624, 40.467314, 39.757060
0.955317, 31.917467, 40.453632, 39.492966
0.955564, 31.909183, 40.173029, 39.291549
0.954799, 31.878460, 40.409816, 39.560645
0.961856, 32.418249, 40.279323, 39.502750
0.956329, 32.039358, 40.433387, 39.470085
0.951618, 31.704864, 40.069808, 39.047001
0.951837, 31.531504, 39.781990, 38.825974
0.960543, 32.418052, 40.164061, 39.383703
0.947448, 31.450482, 39.644698, 38.542986
0.952992, 31.931915, 39.667333, 38.482478
0.953244, 31.374732, 39.323630, 38.387624
0.957322, 32.065790, 39.522806, 38.461930
0.963743, 32.481930, 39.967798, 38.852339
0.956285, 32.178595, 40.122061, 38.449989
0.954273, 31.848432, 40.044811, 38.341267
0.956105, 32.042652, 40.354283, 38.665618
0.957453, 32.387076, 40.229715, 38.700320
0.950211, 32.219404, 40.359331, 38.354498
0.953044, 32.216005, 40.310039, 38.546951
0.955629, 32.554614, 40.655340, 38.793557
0.961402, 33.152491, 40.812678, 39.288516
0.954558, 32.607680, 40.640604, 38.818570
0.954443, 32.729881, 40.595402, 38.867399
0.952598, 32.474976, 40.525613, 38.705455
0.960854, 33.260825, 41.150561, 39.677077
0.956800, 32.955644, 41.080044, 39.158524
0.956372, 32.896321, 40.765469, 39.050149
0.954491, 32.381804, 40.777390, 38.889321
0.959149, 32.810282, 40.742781, 39.308853
0.957369, 32.819053, 40.988936, 39.193436
0.956897, 32.380847, 40.875888, 39.281521
0.965519, 33.205098, 41.080627, 39.723112
0.959871, 32.518643, 40.985421, 39.407341
0.959510, 32.337469, 40.934866, 39.375695
0.960943, 32.223698, 40.783618, 39.342824
0.964862, 32.718601, 41.033806, 39.709432
0.962804, 32.494416, 40.885311, 39.542443
0.960974, 32.319117, 41.083379, 39.717342
0.962752, 32.440360, 40.935545, 39.655208
0.960751, 31.816687, 40.648923, 39.275913
0.960790, 31.821743, 40.577548, 39.281155
0.958067, 31.483887, 40.392187, 39.094083
0.967292, 32.469947, 40.494607, 39.409431
0.961942, 31.842836, 40.235370, 39.078292
0.964488, 31.982987, 40.269663, 38.947992
0.963566, 31.814596, 40.433685, 39.093857
0.966256, 32.098354, 40.324896, 39.324828
0.960424, 31.667097, 39.894912, 38.470532
0.962016, 31.865142, 39.759143, 38.403656
0.960306, 31.899268, 39.925408, 38.582317
0.967571, 32.569233, 40.111674, 39.044474
0.958362, 32.008462, 39.874030, 38.381072
0.957833, 32.118157, 39.880404, 38.439432
0.958284, 32.106710, 39.957007, 38.554803
0.965433, 32.755413, 40.225222, 38.976306
0.960535, 32.561840, 40.443042, 38.726240
0.962532, 32.888543, 40.380286, 38.668723
0.963478, 32.984873, 40.612665, 38.758054
0.966789, 33.152735, 40.630141, 38.911450
0.962755, 32.850906, 40.527551, 38.672762
0.961947, 32.744969, 40.517484, 38.618517
0.960159, 32.647458, 40.331164, 38.419161
0.965824, 33.195615, 40.520748, 39.026304
0.961080, 32.656659, 40.384655, 38.695279
0.964457, 32.957797, 40.497174, 38.798986
0.962511, 32.801546, 40.672688, 38.823667
0.967303, 33.258222, 40.750424, 39.040000
0.964119, 33.010990, 40.761978, 38.929804
0.964515, 32.760975, 40.334901, 38.749634
0.960691, 32.514976, 40.364744, 38.706744
0.965529, 32.587904, 40.570342, 39.569013
0.955809, 31.712005, 40.253466, 38.936166
0.955872, 32.003371, 40.295071, 39.042027
0.952457, 31.888881, 40.225448, 39.332329
0.963447, 32.516977, 40.313683, 39.351479
0.959955, 31.492918, 39.838548, 39.094935
0.966807, 32.424452, 40.279629, 39.585150
0.958725, 31.690870, 39.802154, 39.203376
0.957182, 31.697569, 39.730988, 39.010840
0.957495, 32.198824, 40.001859, 39.324697
0.967522, 32.473424, 40.126772, 39.469190
0.958668, 31.911280, 40.014245, 39.138737
0.960886, 32.213864, 40.002053, 39.185999
0.955844, 31.762341, 39.785184, 39.081707
0.965971, 32.129548, 39.955758, 39.434100
0.957762, 31.535333, 39.932449, 39.199811
0.968110, 32.239722, 40.078504, 39.555322
0.961235, 31.580664, 39.647394, 39.114267
0.957933, 32.097448, 39.729440, 39.225892
0.963919, 32.573576, 39.914082, 39.363808
0.956981, 31.939557, 39.819463, 39.086020
0.967551, 32.470810, 39.766189, 39.331954
0.962713, 32.020317, 39.636505, 38.992573
0.960137, 31.642795, 39.639103, 39.359583
0.968466, 32.618537, 39.961969, 39.629188
0.971414, 32.771679, 40.101585, 39.739961
0.965669, 32.088243, 39.688686, 39.367941
0.964777, 31.999672, 39.762757, 39.328594
0.970767, 32.559849, 39.806823, 39.599440
0.972184, 32.932298, 40.036735, 39.675799
0.966307, 32.363848, 39.812328, 39.442564
0.965272, 32.106998, 39.879744, 39.363703
0.972358, 32.313976, 39.622869, 39.245874
0.967084, 31.958043, 39.304195, 39.076452
0.967074, 32.041120, 38.976514, 38.906295
0.962816, 31.779162, 38.895326, 38.824505
0.965289, 32.271198, 39.262510, 39.011775
0.961740, 31.616780, 38.994891, 38.854628
0.964074, 31.538258, 38.871824, 38.499667
0.965232, 31.686892, 38.988495, 38.534137
0.970308, 31.977632, 39.114981, 38.590434
0.963267, 31.419927, 38.769835, 38.492991
0.964736, 31.598441, 38.562275, 38.366345
0.960678, 31.471971, 38.627563, 38.260423
0.966811, 31.646985, 38.891115, 38.440390
0.961464, 31.180007, 38.682185, 37.926935
0.959092, 31.055949, 38.621808, 37.825734
0.969914, 31.905049, 38.881147, 38.213524
0.964623, 31.430959, 38.515643, 37.850688
0.965508, 31.643768, 38.540715, 37.927139
0.966694, 31.528380, 38.593500, 37.922050
0.973762, 32.278412, 39.176228, 38.365557
0.969591, 32.070088, 39.250318, 38.537762
0.968605, 31.756150, 38.961170, 38.070262
0.965300, 31.546464, 38.876989, 38.021147
0.963883, 31.426705, 38.644569, 37.770328
0.976730, 32.943159, 40.123439, 39.328438
0.958463, 31.189633, 38.537054, 37.435417
0.957719, 31.165157, 38.452621, 37.447381
0.967520, 32.294168, 39.197341, 38.147258
0.960514, 31.770392, 39.078888, 37.792058
0.961942, 32.259115, 39.270798, 38.178989
0.963045, 32.529359, 39.237222, 38.751713
0.975627, 34.032433, 40.124698, 40.006611
0.971389, 33.724083, 39.132544, 39.689034
0.973463, 33.964887, 39.320763, 39.730625
0.970957, 33.639926, 39.227037, 39.452920
0.975985, 34.336749, 39.849989, 39.721627
0.970639, 33.742176, 39.031225, 39.296380
0.972710, 33.867864, 39.118690, 39.274863
0.973441, 34.062228, 39.448805, 39.540970
0.976448, 34.067156, 39.659607, 39.501375
0.969398, 33.516950, 39.020437, 39.133415
0.968847, 33.632612, 38.971021, 38.920330
0.966544, 33.352524, 38.823013, 38.804520
0.973727, 33.949152, 39.614911, 39.198215
0.965582, 33.148289, 38.924820, 38.716496
0.967498, 33.267538, 38.971015, 38.623197
0.964210, 32.831578, 38.909354, 38.561680
0.973507, 33.493027, 39.410987, 38.988038
0.965512, 32.529559, 38.805201, 38.468035
0.968735, 32.773867, 38.901845, 38.581644
0.969937, 32.875585, 39.241828, 39.065447
0.976344, 33.742634, 39.733700, 39.400021
0.970576, 33.246300, 39.411101, 39.118013
0.970235, 33.325970, 39.432243, 38.956555
0.970886, 33.189557, 39.372299, 39.065181
0.974875, 33.628154, 39.702199, 39.260844
0.970757, 33.194259, 39.212681, 39.089638
0.969096, 33.070454, 39.130750, 39.039099
0.968249, 33.061601, 39.272472, 39.247782
0.972534, 32.894544, 39.155580, 39.058622
0.972479, 32.926854, 39.112887, 38.951165
0.967586, 32.547960, 38.578149, 38.716285
0.967173, 32.647438, 38.453387, 38.642091
0.968347, 32.496058, 38.533384, 38.700599
0.975214, 33.190371, 39.247682, 38.956366
0.969838, 32.554443, 38.656105, 38.683540
0.969328, 32.369938, 38.438491, 38.363438
0.968282, 32.285803, 38.412525, 38.312211
0.973303, 32.755465, 38.777078, 38.428007
0.967764, 32.355020, 38.437087, 38.213783
0.967795, 32.465272, 38.678285, 38.353764
0.967333, 32.507987, 38.827983, 38.414305
0.973257, 33.146031, 39.033412, 38.849685
0.967011, 32.833802, 38.770634, 38.524715
0.965654, 32.834351, 38.819356, 38.589510
0.966191, 32.634140, 38.780827, 38.574790
0.970646, 32.967306, 39.153042, 38.843388
0.963737, 32.026381, 38.602661, 38.171597
0.965500, 32.161305, 38.505337, 37.968307
0.962801, 31.971622, 38.712018, 38.018478
0.964900, 31.999205, 38.701425, 38.103587
