ms-ssim, psnr-y, psnr-u, psnr-v
0.989232, 36.928811, 45.127374, 44.448349
0.983937, 35.594433, 44.488759, 43.663539
0.985310, 36.188922, 44.314975, 43.655532
0.984743, 36.223872, 44.791661, 43.590198
0.989233, 37.082633, 45.223183, 44.369049
0.987260, 36.609478, 45.069505, 44.322780
0.988103, 36.669734, 45.058942, 44.411550
0.985674, 36.190282, 44.966488, 44.216783
0.987944, 36.726328, 45.002776, 44.285994
0.985558, 36.101712, 44.583794, 43.813636
0.984529, 35.779178, 44.505996, 43.646377
0.987542, 36.374883, 44.506676, 43.750209
0.978844, 34.467082, 43.499246, 42.856978
0.976019, 33.682535, 42.787528, 41.935307
0.966776, 32.390012, 41.871704, 41.125055
0.963350, 31.844806, 41.176899, 40.633407
0.957975, 30.919736, 40.463608, 40.145761
0.951347, 29.972959, 40.096571, 39.509853
0.953262, 30.540665, 39.862131, 39.175941
0.952796, 30.135654, 39.838871, 39.062323
0.956754, 30.965378, 39.777432, 39.338180
0.951320, 30.051008, 39.215376, 38.297664
0.953928, 30.542888, 38.999715, 38.126068
0.943993, 29.987622, 38.998711, 38.021420
0.957995, 30.907503, 39.236261, 38.239328
0.944963, 29.933341, 38.441829, 37.514284
0.947527, 30.087852, 38.785050, 37.796613
0.943334, 29.492568, 38.527978, 37.442730
0.955793, 30.695694, 39.352637, 38.392975
0.945935, 30.250928, 38.986132, 37.596967
0.961858, 31.140972, 39.425420, 38.295440
0.964782, 31.535402, 39.851701, 38.550129
0.971162, 32.304366, 40.162528, 39.039528
0.965633, 31.561449, 39.906304, 38.572441
0.964058, 31.499219, 39.711010, 38.258881
0.964316, 31.399198, 39.874428, 38.250683
0.969372, 31.907890, 39.999363, 38.651121
0.964580, 31.312260, 39.959839, 38.363585
0.965661, 31.343912, 39.963347, 38.246703
0.962830, 31.162120, 40.111945, 38.328321
0.966916, 31.767984, 39.955967, 38.401396
0.961543, 30.870146, 39.951285, 38.184664
0.962355, 31.052279, 39.545447, 37.983456
0.960414, 30.738927, 39.536224, 37.842931
0.964470, 31.246147, 39.412268, 38.085073
0.958344, 30.429968, 39.310890, 37.776909
0.960204, 30.396838, 38.999658, 37.641864
0.957798, 30.302579, 39.060643, 37.330108
0.961556, 30.644823, 38.986519, 37.555793
0.955146, 29.928954, 38.815606, 37.332544
0.952086, 29.830026, 38.699356, 37.666943
0.962387, 30.299519, 38.547278, 38.339850
0.961316, 30.383446, 38.246355, 38.303807
0.973158, 32.039475, 39.735445, 39.326456
0.958778, 30.206369, 38.227308, 38.003765
0.949711, 29.912686, 38.014883, 37.267195
0.962822, 29.868972, 37.702058, 37.518007
0.956105, 29.397959, 37.232163, 36.625615
0.950751, 29.080671, 37.221209, 36.459487
0.964529, 30.676692, 37.851875, 37.352333
0.948208, 29.211036, 37.433965, 36.791425
0.957452, 29.265543, 37.289487, 36.647464
0.951878, 29.479478, 37.749325, 36.786297
0.959641, 30.397790, 38.100322, 37.231880
0.963586, 30.006236, 37.852384, 37.042785
0.954535, 29.127436, 37.364340, 36.676922
0.953371, 29.274767, 37.539793, 36.708504
0.961234, 29.761906, 37.564075, 36.924641
0.953700, 29.312147, 37.643958, 36.659866
0.946929, 29.331828, 37.270037, 36.615044
0.960721, 30.175919, 37.695049, 37.031100
0.946477, 29.668411, 37.647680, 36.711988
0.948295, 29.577642, 37.483050, 36.614395
0.945995, 29.022013, 37.377981, 36.601851
0.955812, 30.259425, 37.851601, 37.177565
0.940676, 29.046160, 37.575942, 36.671876
0.941232, 28.868603, 37.513107, 36.971151
0.957240, 29.145079, 37.437948, 36.947115
0.936568, 29.013551, 37.880945, 36.955426
0.948071, 29.607183, 37.837703, 36.958508
0.939125, 28.906222, 37.564749, 36.720708
0.940823, 28.912658, 37.400535, 36.748532
0.938009, 28.604263, 37.317449, 36.607225
0.948598, 28.712168, 37.301927, 36.592747
0.941755, 28.444991, 37.297944, 36.719238
0.947896, 28.582370, 37.236951, 36.593943
0.941850, 28.187193, 36.892670, 36.340737
0.934036, 28.207390, 36.925575, 36.152456
0.955063, 29.374668, 36.954521, 36.526638
0.946727, 28.390443, 36.715446, 36.319553
0.943347, 28.297368, 36.545051, 35.970580
0.945822, 28.604966, 36.733250, 36.118920
0.952677, 29.256322, 36.972134, 36.375893
0.956304, 28.992176, 36.950708, 36.662917
0.939885, 28.361510, 37.008649, 36.272625
0.944793, 28.376733, 37.055047, 36.309458
0.933640, 28.199901, 36.806097, 35.934676
0.946135, 29.842504, 37.423268, 36.649964
0.935165, 29.422789, 37.165696, 36.356520
0.932877, 29.459072, 37.478424, 36.750298
0.949975, 30.548912, 38.209829, 37.616827
0.943377, 30.314515, 38.493635, 37.790731
0.947280, 30.178262, 38.647411, 37.899898
0.943191, 29.953792, 38.996269, 38.081954
0.955376, 30.846163, 39.273542, 38.523754
0.951675, 30.658967, 39.440709, 38.445236
0.952015, 30.732842, 39.488563, 38.428075
0.949969, 30.605372, 39.488418, 38.391112
0.955768, 30.892261, 39.295436, 38.441515
0.950175, 30.416512, 39.050843, 38.170075
0.951233, 30.482691, 38.920740, 38.085069
0.949075, 30.426600, 38.913913, 38.324327
0.955171, 30.940267, 38.954717, 38.263563
0.948922, 30.422480, 38.814961, 38.434097
0.948438, 30.541223, 39.038771, 38.415867
0.942591, 30.288734, 39.103110, 38.260929
0.953767, 30.984859, 39.286247, 38.358500
0.944737, 30.566244, 39.298446, 38.230481
0.946554, 30.635273, 39.114831, 37.914397
0.944468, 30.553872, 39.426340, 38.117559
0.952965, 31.052840, 39.130572, 38.134865
0.946005, 30.675105, 39.327404, 38.150482
0.942687, 30.441421, 38.999316, 37.750575
0.941531, 30.234381, 38.803199, 37.642640
0.951334, 31.027740, 39.058969, 38.156254
0.938057, 30.240761, 38.864027, 37.633662
0.947821, 30.795821, 38.704035, 37.462702
0.943984, 30.090756, 38.321558, 37.197633
0.952609, 30.880152, 38.683026, 37.418190
0.944813, 30.521573, 38.652636, 36.980694
0.947237, 30.764645, 38.944395, 37.075858
0.946830, 30.578135, 39.110761, 37.354218
0.955052, 31.267525, 39.268550, 37.663223
0.945163, 30.833314, 39.427448, 37.316824
0.946959, 31.244755, 39.427705, 36.989053
0.944722, 30.904007, 39.351295, 37.203896
0.955465, 31.840345, 39.685742, 37.979988
0.947640, 31.571200, 40.051353, 37.591773
0.948772, 31.590076, 39.694104, 37.560725
0.942777, 31.363717, 39.850284, 37.560265
0.953772, 31.836021, 39.642083, 37.838126
0.943898, 31.519364, 39.876797, 37.561658
0.948172, 31.828230, 40.047161, 37.858020
0.949551, 31.762836, 39.853931, 37.766016
0.955831, 31.832153, 39.784633, 38.085845
0.948992, 31.461014, 39.738365, 37.961171
0.949639, 31.648593, 39.986811, 38.136562
0.949900, 31.089263, 39.542689, 38.049042
0.959110, 31.994216, 39.940343, 38.418515
0.951727, 31.229104, 39.907306, 38.126758
0.954092, 31.323716, 39.902823, 38.215482
0.953359, 31.005632, 39.683039, 38.012499
0.958582, 31.557844, 39.975578, 38.576543
0.953243, 31.059114, 39.818884, 38.263086
0.956601, 31.316148, 39.943835, 38.535591
0.953580, 31.034635, 39.947453, 38.485115
0.960464, 31.110717, 39.610009, 38.378437
0.952602, 30.479828, 39.431259, 38.092456
0.956202, 30.674609, 39.253992, 38.254662
0.953670, 30.500107, 39.290402, 38.049865
0.962051, 31.210316, 39.231415, 38.227040
0.956619, 30.373471, 39.014285, 37.739407
0.959300, 30.581826, 38.886876, 37.681286
0.953106, 30.111703, 38.973328, 37.577236
0.960417, 30.857026, 38.733556, 37.555782
0.951689, 30.220817, 38.591926, 37.138748
0.954266, 30.576376, 38.563358, 37.160948
0.951646, 30.464674, 38.683382, 37.177922
0.958357, 31.061766, 38.723922, 37.479963
0.951664, 30.902094, 38.916010, 37.474104
0.954677, 31.048322, 38.876760, 37.281039
0.952584, 31.034737, 39.000823, 37.199787
0.960095, 31.806845, 39.352794, 37.817559
0.953862, 31.461970, 39.343483, 37.371088
0.958315, 31.911337, 39.575533, 37.749096
0.955315, 31.541637, 39.531435, 37.396715
0.961116, 31.987533, 39.514915, 37.662443
0.953386, 31.474970, 39.509015, 37.339366
0.957271, 31.650936, 39.456466, 37.491133
0.956659, 31.631565, 39.604020, 37.518846
0.964386, 32.192513, 39.650915, 38.120125
0.957221, 31.648249, 39.549317, 37.652585
0.958930, 31.728708, 39.599471, 37.609544
0.956542, 31.701750, 39.666181, 37.776030
0.961123, 32.015982, 39.710486, 37.834899
0.956327, 31.365205, 39.453344, 37.750210
0.959349, 31.592662, 39.416779, 37.832552
0.959589, 31.289828, 39.306888, 38.349572
0.974085, 32.659269, 40.498497, 39.742915
0.947611, 30.572047, 39.698802, 38.593707
0.950291, 30.871543, 39.681561, 38.643089
0.946552, 30.475238, 39.432026, 38.307540
0.959620, 30.555910, 39.288852, 38.788624
0.948993, 30.233096, 38.995369, 38.228110
0.951886, 30.414269, 38.909592, 38.244775
0.948197, 30.222267, 38.878174, 38.077330
0.959419, 31.626603, 39.510895, 38.954711
0.952699, 30.388111, 38.999130, 38.114063
0.953714, 30.778490, 39.091965, 38.162226
0.950353, 30.555411, 39.032596, 38.133042
0.957226, 30.953816, 39.051005, 38.243814
0.951616, 30.061145, 38.672595, 38.143880
0.953682, 30.200883, 38.670757, 38.019627
0.950126, 29.816954, 38.848482, 38.044507
0.961659, 30.732024, 38.868656, 38.265743
0.947953, 30.422846, 38.618572, 38.216589
0.953756, 30.855879, 38.759256, 38.135684
0.947041, 30.443983, 38.810389, 37.930866
0.963654, 31.104413, 38.765721, 38.213594
0.956556, 30.587767, 38.732066, 38.003649
0.951009, 30.077813, 38.615031, 38.241988
0.964328, 31.251500, 38.809869, 38.513838
0.957940, 30.647438, 38.624650, 38.208660
0.959092, 30.582002, 38.383343, 38.047952
0.956564, 30.438519, 38.408199, 38.199394
0.965061, 30.995128, 38.551259, 38.264900
0.966326, 31.376511, 38.903132, 38.394082
0.958627, 30.816623, 38.717747, 38.110982
0.958731, 30.570124, 38.812154, 38.113780
0.968375, 30.809503, 38.393191, 37.948499
0.961242, 30.314878, 38.019577, 37.768339
0.960860, 30.568265, 37.928470, 37.727585
0.956434, 30.197547, 37.755201, 37.486096
0.960443, 30.992070, 38.076309, 37.680167
0.955503, 30.050896, 37.803824, 37.448554
0.959218, 30.018117, 37.592723, 37.292794
0.958222, 29.925679, 37.698193, 37.255033
0.964139, 30.306196, 37.704727, 37.200632
0.957048, 29.891338, 37.430126, 37.059936
0.957772, 29.958733, 37.246040, 36.918472
0.952587, 29.860758, 37.385759, 36.932371
0.961557, 30.135397, 37.656227, 37.153388
0.955482, 29.611650, 37.456776, 36.736520
0.951227, 29.359169, 37.440839, 36.699125
0.963503, 30.108056, 37.461837, 36.867099
0.956991, 29.761773, 37.273003, 36.669523
0.959102, 30.027227, 37.302981, 36.663909
0.960870, 29.858077, 37.341425, 36.695683
0.968562, 30.675031, 37.689066, 37.131392
0.964274, 30.565375, 37.957493, 37.287560
0.963495, 30.195581, 37.685744, 36.903796
0.960437, 30.072469, 37.505464, 36.725164
0.960194, 30.045218, 37.318222, 36.627689
0.952580, 29.426907, 37.323005, 36.322693
0.952120, 29.637558, 37.341358, 36.194304
0.965317, 30.770050, 37.854086, 37.018797
0.953672, 30.185854, 37.650931, 36.406886
0.954785, 30.323256, 38.058288, 36.627197
0.961725, 31.143699, 38.330521, 37.137541
0.956592, 30.953227, 37.946605, 37.329590
0.960234, 31.581584, 37.476313, 37.817811
0.966254, 32.122723, 38.039998, 38.343538
0.970776, 32.565445, 38.528308, 38.302590
0.966473, 32.118425, 38.167929, 38.133618
0.965251, 32.121615, 37.607098, 37.944798
0.964644, 32.138139, 37.581039, 37.834242
0.971712, 32.736487, 38.258109, 38.028554
0.968263, 32.549720, 37.823098, 38.073339
0.968924, 32.491657, 37.761643, 38.025012
0.962526, 32.036944, 37.608838, 37.680583
0.968459, 32.501331, 38.147090, 37.749228
0.959463, 31.673772, 37.427169, 37.346516
0.959654, 31.765697, 37.428727, 37.364244
0.957667, 31.572768, 37.512269, 37.382494
0.966705, 32.083687, 38.064983, 37.548804
0.958376, 31.300857, 37.577076, 37.360832
0.961112, 31.298975, 37.427429, 37.096278
0.958477, 30.981097, 37.558856, 37.293137
0.970890, 31.980345, 38.114949, 37.798776
0.964019, 31.258889, 37.726592, 37.667285
0.964377, 31.627109, 37.770651, 37.591241
0.963619, 31.649800, 37.917248, 37.727793
0.969115, 32.154939, 38.312433, 37.885568
0.963114, 31.572280, 37.864380, 37.722231
0.964321, 31.721785, 37.874368, 37.746403
0.963906, 31.613047, 37.806761, 37.705238
0.967084, 31.806829, 37.980061, 37.783155
0.962719, 31.541370, 37.854686, 37.820422
0.962663, 31.106551, 37.294619, 37.394046
0.958670, 30.800630, 36.972371, 37.137112
0.969848, 31.674308, 37.643852, 37.589452
0.963004, 31.207841, 37.177820, 37.349623
0.964049, 31.068467, 37.206074, 37.361872
0.963958, 30.912484, 37.143907, 37.277816
0.970243, 31.560027, 37.586098, 37.462535
0.964210, 30.755597, 37.264726, 37.185320
0.965817, 30.945719, 37.110498, 37.034717
0.961376, 30.678877, 36.940173, 36.820609
0.967834, 31.250885, 37.541320, 37.162334
0.959739, 30.634524, 37.222498, 36.914047
0.962305, 31.112054, 37.548830, 37.047871
0.960394, 31.001183, 37.337289, 37.169233
0.969143, 31.851212, 37.886573, 37.577352
0.958304, 31.235143, 37.481546, 37.267733
0.961300, 31.376873, 37.524131, 37.157820
0.959144, 31.092805, 37.526859, 37.164549
0.966292, 31.200598, 37.539389, 37.114883
0.959553, 30.630607, 37.256284, 36.697608
0.956792, 30.404276, 37.474884, 36.644264
0.960002, 30.539968, 37.435456, 36.873363
