ms-ssim, psnr-y, psnr-u, psnr-v
0.972984, 31.096521, 41.457663, 43.306788
0.969838, 30.476789, 41.473629, 43.300693
0.969977, 30.718326, 41.468569, 43.276789
0.970422, 30.715821, 41.451125, 43.243410
0.969206, 30.677188, 41.451307, 43.257882
0.968630, 30.715727, 41.444451, 43.251855
0.968362, 30.668473, 41.482810, 43.233991
0.968644, 30.687842, 41.452512, 43.220696
0.966787, 30.240320, 41.415396, 43.178771
0.964245, 30.050605, 41.329733, 43.190194
0.962383, 29.918921, 41.348977, 43.199246
0.959971, 29.475533, 41.372282, 43.171280
0.961681, 29.577012, 41.290692, 43.128001
0.959668, 29.505389, 41.314181, 43.119043
0.961130, 29.738077, 41.278504, 43.059015
0.960924, 29.644488, 41.264252, 43.066367
0.962034, 29.703030, 41.253602, 43.063192
0.965849, 30.333242, 41.399967, 43.096755
0.966866, 30.400806, 41.390491, 43.079145
0.967265, 30.499933, 41.391499, 43.083979
0.967968, 30.585836, 41.345769, 43.067797
0.978127, 31.937750, 41.881191, 43.637795
0.978891, 32.100936, 41.865585, 43.614248
0.980774, 32.322230, 42.087284, 43.804975
0.981561, 32.499604, 42.064526, 43.799581
0.981018, 32.323231, 42.102649, 43.870989
0.982121, 32.544450, 42.096928, 43.827940
0.982071, 32.640181, 42.113731, 43.831538
0.983014, 32.773135, 42.071888, 43.782130
0.981446, 32.382666, 42.114794, 43.816977
0.982193, 32.580406, 42.104346, 43.860806
0.981923, 32.449029, 42.036120, 43.786127
0.982397, 32.527231, 42.030403, 43.655584
0.981379, 32.323840, 42.036371, 43.622003
0.981974, 32.514877, 42.083103, 43.629771
0.981331, 32.242792, 41.951633, 43.554069
0.981958, 32.346303, 41.956550, 43.496349
0.981399, 32.547321, 42.067049, 43.547026
0.981462, 32.398960, 42.028360, 43.586530
0.981162, 32.347480, 42.097733, 43.603931
0.982871, 32.625171, 42.075342, 43.570329
0.982266, 32.678363, 42.145390, 43.632182
0.982860, 32.797139, 42.213540, 43.709086
0.982344, 32.648224, 42.228050, 43.734882
0.983635, 32.884114, 42.183758, 43.658010
0.982257, 32.627918, 42.227090, 43.673507
0.982384, 32.653727, 42.310179, 43.745578
0.982285, 32.666333, 42.267467, 43.734327
0.984025, 33.023748, 42.287199, 43.768729
0.982679, 32.841740, 42.240420, 43.837983
0.983847, 32.954879, 42.336099, 43.884198
0.983169, 32.641331, 42.390310, 43.945988
0.984476, 33.038710, 42.452232, 43.835265
0.983291, 32.733440, 42.505083, 43.883176
0.984560, 33.355988, 42.543164, 44.010315
0.983516, 32.743717, 42.521396, 43.999932
0.984996, 33.074029, 42.573635, 43.993046
0.983982, 33.170716, 42.588121, 44.045193
0.984718, 33.311627, 42.551479, 44.101130
0.984139, 33.084299, 42.460558, 44.099786
0.984812, 33.046446, 42.561789, 44.119510
0.983263, 32.737197, 42.571934, 44.222116
0.984322, 33.305688, 42.575573, 44.294490
0.983685, 33.084775, 42.568345, 44.274307
0.984889, 33.288648, 42.551808, 44.252131
0.983773, 33.260905, 42.503873, 44.295403
0.984329, 33.440202, 42.554019, 44.351192
0.984315, 33.335949, 42.531447, 44.323314
0.984542, 33.250418, 42.476381, 44.246500
0.984530, 33.205379, 42.549269, 44.321759
0.984913, 33.364669, 42.484569, 44.281165
0.985667, 33.632228, 42.533132, 44.261671
0.985624, 33.583701, 42.556136, 44.249836
0.985012, 33.275201, 42.562354, 44.351548
0.985413, 33.443837, 42.515096, 44.314978
0.985911, 33.561718, 42.580067, 44.391874
0.985067, 33.569385, 42.605273, 44.378462
0.985678, 33.779721, 42.629525, 44.379823
0.985511, 33.543941, 42.611276, 44.292945
0.986266, 33.803218, 42.562543, 44.250879
0.985366, 33.533087, 42.601990, 44.332728
0.985734, 33.557289, 42.604417, 44.365091
0.985552, 33.476825, 42.578932, 44.380683
0.986239, 33.668796, 42.493607, 44.236439
0.985401, 33.570622, 42.445665, 44.266065
0.985716, 33.576332, 42.473563, 44.256655
0.985215, 33.407625, 42.476289, 44.252896
0.986432, 33.679367, 42.427348, 44.164881
0.986117, 33.671660, 42.454898, 44.177581
0.985998, 33.697291, 42.489387, 44.209837
0.985690, 33.719451, 42.466595, 44.198692
0.986424, 33.741224, 42.498575, 44.215006
0.985588, 33.807583, 42.553595, 44.129168
0.985757, 33.676269, 42.570328, 44.125113
0.985428, 33.383139, 42.493514, 44.057679
0.986437, 33.752876, 42.561977, 44.113644
0.985607, 33.579451, 42.600040, 44.131332
0.986101, 33.855445, 42.582245, 44.113509
0.985893, 33.607589, 42.552090, 44.106172
0.986380, 33.761160, 42.537161, 44.088451
0.986247, 33.667142, 42.566740, 44.154531
0.986645, 33.773052, 42.603512, 44.199860
0.986171, 33.649756, 42.620200, 44.212455
0.986549, 33.824671, 42.621394, 44.217766
0.986446, 33.876349, 42.645160, 44.239767
0.987106, 33.997796, 42.635897, 44.236508
0.986438, 33.879616, 42.663263, 44.258814
0.986648, 33.901069, 42.708366, 44.280954
0.986064, 33.463287, 42.688036, 44.260068
0.987075, 33.902420, 42.751480, 44.318791
0.986019, 33.877580, 42.902118, 44.375742
0.986430, 33.755343, 42.937896, 44.411674
0.986424, 33.545934, 42.893766, 44.391156
0.987309, 33.825072, 42.890003, 44.412179
0.986698, 33.714723, 42.885024, 44.443396
0.987003, 33.778161, 42.901252, 44.433304
0.986482, 33.509405, 42.848116, 44.400935
0.987192, 33.777106, 42.877719, 44.424321
0.986076, 33.378443, 42.832186, 44.443905
0.987244, 33.802391, 42.832337, 44.453367
0.987828, 33.951203, 42.769687, 44.419257
0.986740, 33.838179, 42.816514, 44.478649
0.987285, 34.083040, 42.800749, 44.477403
0.986961, 33.703777, 42.786927, 44.459710
0.987715, 33.849235, 42.701693, 44.401511
0.986594, 33.437704, 42.761536, 44.471693
0.987319, 33.884935, 42.791695, 44.447324
0.986666, 33.584803, 42.711292, 44.386634
0.987486, 33.889392, 42.763362, 44.425696
0.988124, 34.035601, 42.735409, 44.421933
0.988153, 33.999409, 42.799704, 44.503121
0.988442, 34.098662, 42.740465, 44.479455
0.987402, 33.934932, 42.777308, 44.578576
0.987654, 33.992522, 42.752071, 44.556511
0.987287, 33.826354, 42.773446, 44.548833
0.988101, 33.963508, 42.680086, 44.488774
0.986756, 33.557452, 42.716564, 44.526250
0.987262, 33.733401, 42.687260, 44.508431
0.987071, 33.534347, 42.664084, 44.548088
0.988049, 33.833347, 42.578033, 44.526250
0.986958, 33.659712, 42.569525, 44.527214
0.987127, 33.834352, 42.522937, 44.498039
0.986405, 33.030203, 42.663408, 44.528177
0.987578, 33.601583, 42.648621, 44.511826
0.986594, 33.444775, 42.637719, 44.573855
0.987151, 33.681714, 42.569431, 44.529734
0.986850, 33.412474, 42.600753, 44.581352
0.987533, 33.664801, 42.483134, 44.531366
0.986706, 33.114413, 42.506060, 44.526695
0.987860, 33.691059, 42.420408, 44.464601
0.987599, 33.653459, 42.522563, 44.510424
0.987962, 33.764210, 42.472593, 44.524917
0.987486, 33.704598, 42.471901, 44.534482
0.988088, 33.921988, 42.445665, 44.486865
0.987260, 33.524179, 42.551479, 44.526250
0.987678, 33.727918, 42.561506, 44.549354
0.986994, 33.490103, 42.599041, 44.535893
0.988184, 33.890662, 42.543258, 44.519439
0.987138, 33.695762, 42.625554, 44.589013
0.987493, 33.773964, 42.626462, 44.595331
0.987466, 33.633820, 42.609179, 44.558750
0.988237, 33.935661, 42.550915, 44.560542
0.987110, 33.678048, 42.575053, 44.563231
0.987325, 33.817024, 42.563297, 44.526102
0.986911, 33.586180, 42.546920, 44.544515
0.987737, 33.874542, 42.554866, 44.538790
0.987011, 33.649697, 42.585087, 44.536487
0.987192, 33.807963, 42.623689, 44.528474
0.986900, 33.644560, 42.570895, 44.507324
0.987559, 33.792817, 42.505036, 44.499806
0.986350, 33.571616, 42.554724, 44.529512
0.986346, 33.366028, 42.554348, 44.507324
0.986450, 33.415891, 42.555054, 44.586533
0.987563, 33.685637, 42.457704, 44.534557
0.986454, 33.477313, 42.536646, 44.599248
0.986033, 33.448982, 42.514117, 44.629340
0.985826, 33.377517, 42.522610, 44.638454
0.987103, 33.548481, 42.417215, 44.572881
0.985404, 33.271449, 42.437275, 44.675026
0.985979, 33.576930, 42.495835, 44.616234
0.985242, 33.191093, 42.331537, 44.579701
0.986920, 33.469668, 42.392621, 44.557257
0.984842, 33.120408, 42.244405, 44.521733
0.985602, 33.300724, 42.420773, 44.601283
0.985208, 32.989341, 42.411065, 44.521067
0.986315, 33.278253, 42.431234, 44.513008
0.984426, 32.952720, 42.458993, 44.527510
0.985038, 33.150652, 42.506525, 44.635262
0.984726, 33.075492, 42.385510, 44.572956
0.985877, 33.223430, 42.333907, 44.463506
0.983313, 32.789799, 42.492262, 44.505480
0.984590, 33.222830, 42.415711, 44.600981
0.984012, 32.988437, 42.492447, 44.596009
0.985553, 33.203612, 42.470793, 44.577152
0.983953, 33.027433, 42.441904, 44.555466
0.984437, 33.238734, 42.458809, 44.565623
0.984027, 33.017875, 42.482578, 44.594579
0.985460, 33.205065, 42.456738, 44.526843
0.983640, 33.130967, 42.472916, 44.604224
0.984098, 33.230158, 42.525507, 44.601735
0.983510, 32.949686, 42.472732, 44.604601
0.984790, 33.048884, 42.452692, 44.533963
0.983376, 32.954542, 42.449659, 44.642714
0.983703, 33.126999, 42.493190, 44.657656
0.983009, 32.793201, 42.646025, 44.638454
0.984587, 33.081139, 42.526535, 44.582553
0.983252, 33.168175, 42.615521, 44.623047
0.983157, 32.924405, 42.503129, 44.553005
0.982419, 32.674565, 42.521676, 44.511900
0.984278, 32.884423, 42.538474, 44.443106
0.981431, 32.527175, 42.470885, 44.267531
0.981863, 32.636764, 42.232242, 44.034660
0.980687, 32.180112, 42.446078, 43.782567
0.982271, 32.359787, 42.456738, 43.717627
0.978384, 31.921099, 42.359654, 43.733154
0.978104, 32.083649, 42.335204, 43.688510
0.977225, 32.312832, 42.315653, 43.714922
0.979220, 32.837673, 42.492679, 43.750471
0.974389, 32.597176, 42.541616, 43.735376
0.973884, 32.920956, 42.660369, 43.775081
0.972806, 33.009515, 42.595620, 43.636708
0.975384, 33.536753, 42.529950, 42.994283
0.974651, 33.749566, 42.649679, 43.127840
0.970490, 33.779098, 42.776119, 43.335643
0.969619, 33.975041, 42.904413, 43.418897
0.968396, 34.107515, 43.044664, 43.608247
0.970316, 34.799121, 43.256056, 43.692667
0.965065, 34.698756, 43.525025, 43.923423
0.964385, 35.045360, 43.719719, 44.106037
0.963157, 35.349427, 43.987741, 44.416656
0.969139, 36.112803, 43.788877, 44.354395
0.963634, 36.125277, 44.363449, 44.883198
0.965905, 36.367040, 44.288313, 44.690311
0.965263, 36.543578, 44.576552, 44.876206
0.971335, 37.106756, 44.153647, 44.476817
0.965180, 36.584349, 44.595708, 44.939303
0.965802, 36.829379, 44.837350, 44.953014
0.968429, 36.991988, 44.793478, 44.979908
0.971870, 37.222927, 44.449434, 44.696625
0.969262, 36.669475, 44.690696, 44.846912
0.972008, 37.147326, 44.500101, 44.578951
0.976562, 36.851056, 45.027129, 44.906750
0.974705, 35.963429, 44.777041, 44.608450
0.978740, 37.040744, 44.742873, 44.785920
0.980893, 37.398563, 44.704106, 44.709899
0.979519, 37.257492, 44.846593, 44.779396
0.980307, 37.246316, 44.871550, 44.796157
0.979788, 37.031623, 44.811796, 44.762935
0.980960, 37.369844, 44.840455, 44.827571
0.980236, 37.075065, 44.770844, 44.789855
0.989456, 38.777741, 46.714908, 46.675717
0.987816, 38.449355, 46.769828, 46.851572
0.987088, 38.187308, 46.580153, 46.729896
0.987047, 38.184091, 46.526273, 46.537208
0.987157, 37.994208, 46.498998, 46.585269
0.986200, 37.905516, 46.136583, 46.174968
0.986423, 37.876074, 45.978471, 46.322574
0.985384, 37.653646, 45.970818, 46.150561
0.986338, 37.905339, 45.990288, 46.292760
0.984750, 37.463623, 45.866983, 46.032110
0.984865, 37.416796, 45.776527, 46.062292
0.984516, 37.328808, 45.596146, 45.838225
0.985789, 37.589683, 45.543573, 45.918744
0.984117, 37.162302, 45.298252, 45.575625
0.984515, 37.378062, 45.359664, 45.528895
0.984105, 37.186917, 45.344878, 45.426695
0.985364, 37.521802, 45.302945, 45.500151
0.983953, 37.159505, 45.194706, 45.382524
0.983984, 37.227741, 45.311104, 45.354460
0.983931, 37.173181, 45.192373, 45.361280
0.985225, 37.492340, 45.162762, 45.423323
0.983786, 37.209796, 45.194101, 45.503861
0.983859, 37.209084, 45.194360, 45.335048
0.983639, 37.106132, 45.193928, 45.334066
0.985307, 37.515386, 45.220883, 45.414587
0.983807, 37.191304, 45.152223, 45.455598
0.983799, 37.180178, 45.208208, 45.389117
0.983554, 37.150073, 45.223405, 45.483955
0.985223, 37.474145, 45.244771, 45.475097
0.983246, 37.236493, 45.211504, 45.579117
0.983801, 37.200312, 45.220796, 45.509804
0.983650, 37.254519, 45.247045, 45.511012
0.984797, 37.388408, 45.209682, 45.369819
0.983709, 37.267331, 45.199808, 45.360651
0.983935, 37.167930, 45.181073, 45.251508
0.983473, 37.159577, 45.162933, 45.290735
0.984444, 37.301816, 45.130625, 45.242411
0.982954, 37.092295, 45.099147, 45.313412
0.983619, 37.091566, 45.074616, 45.270462
0.982938, 36.998885, 45.071507, 45.345862
0.984428, 37.268943, 45.023056, 45.215062
0.982288, 36.881279, 44.966358, 45.177800
0.982773, 36.917965, 44.937266, 45.013928
0.982323, 36.880954, 44.938570, 45.127476
0.983475, 36.977548, 44.859214, 45.016582
0.981682, 36.762814, 44.888913, 45.107610
0.981970, 36.718923, 44.806024, 44.976209
0.981178, 36.476715, 44.818844, 45.062192
0.981703, 36.623140, 44.856415, 45.017245
0.980715, 36.396356, 44.905214, 45.056161
