ms-ssim, psnr-y, psnr-u, psnr-v
0.974674, 28.800862, 37.706540, 34.814844
0.961323, 27.457511, 37.651827, 34.000168
0.960534, 27.269592, 37.398857, 33.710308
0.957457, 27.041238, 37.413755, 33.841772
0.963330, 27.452769, 37.341838, 33.794927
0.955964, 26.984328, 37.282902, 33.562280
0.956946, 27.151367, 37.145978, 33.293792
0.956759, 27.001231, 37.155510, 33.429474
0.963775, 27.618041, 36.913598, 33.504867
0.942016, 25.691705, 36.857955, 32.381719
0.921126, 24.553638, 36.601475, 31.568925
0.915646, 24.323756, 36.473112, 31.229776
0.898630, 23.763756, 36.284556, 30.834460
0.890381, 23.817143, 36.141147, 30.806290
0.885539, 23.725034, 35.925886, 30.802017
0.884311, 23.886334, 35.907161, 31.026481
0.876951, 23.973345, 35.984013, 30.793997
0.867333, 23.690286, 35.801399, 30.660943
0.862591, 23.574982, 35.744248, 30.625539
0.844894, 22.926983, 35.532266, 30.419169
0.952573, 26.369471, 37.415354, 34.443862
0.927941, 24.636161, 37.197025, 32.514378
0.915746, 24.154950, 36.569347, 31.730786
0.903786, 23.755614, 36.691985, 31.462651
0.915080, 24.214559, 36.107535, 31.963403
0.891593, 24.096649, 36.055048, 30.874806
0.899384, 24.668770, 35.865470, 31.109550
0.890644, 24.740481, 35.996894, 30.899380
0.915531, 25.413195, 36.132709, 32.298612
0.888043, 24.444637, 36.057830, 30.886901
0.895102, 24.690627, 35.783113, 31.257695
0.892138, 24.509282, 35.982562, 31.009644
0.911819, 24.905571, 36.013976, 32.164815
0.893832, 24.129319, 36.119644, 31.075392
0.895059, 24.008696, 36.128003, 31.797380
0.887142, 23.697983, 36.367626, 31.829948
0.911563, 24.542154, 36.369642, 32.330978
0.892582, 23.960612, 36.232532, 31.556224
0.901834, 24.028193, 36.110842, 31.568175
0.893790, 23.874383, 36.042939, 31.200963
0.904220, 23.872856, 36.020712, 32.078031
0.888884, 23.442101, 36.005604, 30.816089
0.890432, 23.292137, 36.082632, 31.279030
0.893892, 23.287631, 36.380120, 31.490891
0.906051, 23.620090, 36.172283, 32.074588
0.894385, 23.274636, 36.771331, 31.541021
0.893177, 23.441400, 36.584935, 31.262470
0.891957, 23.484125, 36.811461, 31.462070
0.902958, 23.791699, 36.406554, 31.631219
0.892522, 23.637987, 36.726574, 31.180741
0.884971, 23.422675, 36.146685, 31.092554
0.889603, 23.777162, 36.214603, 30.743237
0.907900, 24.569680, 36.220553, 31.709314
0.896169, 24.272250, 36.631966, 30.879852
0.904710, 24.537087, 36.777324, 31.085962
0.908844, 25.004624, 37.060656, 31.213363
0.919048, 25.088490, 36.959725, 32.197375
0.919170, 25.197221, 36.958363, 32.359708
0.905260, 25.032070, 36.876551, 31.399740
0.910130, 25.009437, 36.667121, 31.549234
0.906465, 25.112815, 36.611332, 31.144126
0.921083, 25.784024, 36.504416, 32.725120
0.914996, 25.481629, 36.570130, 31.734583
0.916187, 25.305059, 36.661884, 32.150408
0.934425, 26.002662, 36.789459, 33.222622
0.930461, 25.748250, 36.956444, 33.222995
0.930599, 25.808959, 37.063764, 33.018986
0.930933, 26.045289, 36.591177, 32.712346
0.920373, 25.624556, 36.410405, 32.242425
0.921461, 25.714548, 36.337030, 32.202514
0.939155, 26.460694, 36.208596, 33.315620
0.925050, 25.671547, 36.697344, 32.752834
0.922704, 25.452432, 36.466760, 32.682838
0.919511, 25.400448, 36.670288, 32.633850
0.933078, 26.238515, 36.390476, 33.280675
0.921351, 25.744847, 36.525087, 32.737608
0.921009, 25.620179, 36.343285, 32.300755
0.918340, 25.439538, 36.197641, 32.240893
0.917607, 25.417801, 36.022312, 32.075131
0.900668, 24.815700, 36.159962, 31.629732
0.897789, 24.661369, 36.014999, 31.490081
0.895726, 25.345030, 35.948320, 31.921049
0.907089, 26.087382, 36.127243, 32.714440
0.918504, 27.226416, 36.551074, 33.376320
0.955600, 28.488171, 37.487498, 33.899775
0.902799, 23.938713, 35.624933, 30.558766
0.912842, 24.628368, 35.658228, 30.876919
0.912258, 24.962030, 35.503341, 30.994860
0.925949, 25.435860, 35.675889, 31.720437
0.907340, 24.674401, 35.607915, 30.754420
0.901932, 24.262499, 35.633864, 30.648317
0.903206, 24.191527, 35.757646, 31.105261
0.907312, 24.288147, 35.611367, 31.265070
0.892050, 23.767891, 35.874516, 31.175795
0.889226, 23.579953, 35.787073, 31.008388
0.886619, 23.540800, 35.745042, 31.160565
0.880854, 23.183871, 35.639720, 30.721373
0.870104, 22.780794, 35.514220, 30.477427
0.963147, 28.583116, 38.606104, 37.099086
0.935535, 25.812854, 38.416568, 36.192788
0.929345, 26.050455, 38.185088, 36.225952
0.922880, 26.432240, 38.197494, 36.138558
0.932767, 27.141629, 37.828225, 35.864401
0.914060, 26.944783, 37.624613, 35.494443
0.922724, 27.845378, 37.530361, 35.548586
0.925765, 28.326471, 37.395556, 35.169742
0.944818, 29.256414, 37.532936, 35.676121
0.935320, 28.301263, 37.456430, 35.223988
0.937847, 28.596387, 37.212387, 35.152283
0.931799, 28.557229, 37.565408, 35.110779
0.943609, 28.929013, 37.794663, 35.836551
0.918105, 27.756577, 37.876495, 35.582177
0.922078, 28.102862, 37.503234, 35.532518
0.914684, 27.961320, 37.354609, 35.221266
0.938226, 28.953035, 38.088296, 36.110521
0.912696, 26.722038, 37.341286, 35.150520
0.919133, 26.301931, 37.512876, 35.375482
0.911743, 25.961268, 37.699534, 35.643034
0.933016, 26.988252, 37.737888, 36.030968
0.909681, 26.294446, 37.446491, 35.291557
0.916001, 26.439790, 37.363428, 35.098961
0.918230, 26.637069, 37.823600, 35.578343
0.934182, 27.678757, 37.689714, 35.498361
0.922278, 27.259121, 37.339883, 35.189066
0.924181, 27.487369, 37.279981, 34.841897
0.920606, 27.541053, 37.206876, 34.890500
0.944987, 28.406095, 37.305183, 34.896451
0.925245, 26.689394, 37.328752, 34.806095
0.930233, 26.719723, 37.198643, 34.747681
0.921500, 26.689725, 37.197752, 34.855024
0.936711, 27.686033, 37.320327, 35.206873
0.919763, 26.953688, 37.436749, 35.262747
0.921265, 27.011585, 37.425049, 35.431419
0.916650, 26.667194, 37.468740, 35.515494
0.938898, 27.445008, 37.611326, 36.154062
0.929395, 26.110336, 37.492776, 36.283056
0.905622, 24.296969, 37.488465, 35.419726
0.912364, 24.274111, 37.634560, 35.892116
0.913689, 24.541242, 37.430396, 35.915427
0.958440, 27.217363, 38.094577, 36.722506
0.927678, 25.598711, 37.793845, 35.447566
0.932818, 25.858309, 37.769934, 34.889719
0.921858, 25.581032, 37.772217, 34.835289
0.942546, 26.828216, 37.586043, 35.346560
0.926809, 26.044471, 37.327735, 34.698976
0.929050, 26.430793, 37.443459, 34.508549
0.925761, 26.238593, 37.569363, 34.502259
0.947078, 27.364981, 37.407565, 34.473061
0.931867, 26.403145, 37.360083, 34.135495
0.930805, 26.093976, 37.528082, 34.830669
0.930291, 25.873333, 37.402289, 34.985909
0.936608, 26.145421, 37.371452, 34.771409
0.926115, 25.718367, 37.232858, 34.701089
0.924829, 25.694709, 37.115799, 34.445185
0.924508, 25.434361, 37.426479, 34.440868
0.938957, 26.239482, 37.391054, 34.659191
0.921590, 25.444985, 37.410011, 34.547530
0.930984, 25.752467, 37.317945, 34.474613
0.925990, 25.614667, 37.388705, 34.544790
0.942160, 26.373925, 37.415743, 35.055642
0.927246, 25.519503, 37.538477, 35.150862
0.928999, 25.291713, 37.505499, 35.150417
0.926487, 25.426369, 37.835188, 35.572494
0.942066, 26.475220, 37.549179, 35.622177
0.933881, 25.778200, 37.962660, 35.658979
0.936995, 25.643596, 37.905678, 35.425528
0.936497, 25.458338, 38.073196, 35.721504
0.942316, 25.737207, 37.878066, 35.845517
0.936279, 25.485805, 38.269800, 35.937150
0.933801, 25.290910, 38.091175, 36.051625
0.930989, 25.252783, 38.250562, 36.178544
0.938968, 25.934564, 38.129818, 36.131701
0.928625, 25.279100, 38.129071, 36.152553
0.934967, 25.390711, 38.146003, 35.762371
0.930371, 25.332795, 37.992528, 35.790937
0.930630, 25.232944, 37.774236, 35.673554
0.923758, 24.922211, 37.795858, 35.747397
0.926703, 25.098652, 37.625339, 35.590339
0.962906, 27.877614, 38.420998, 36.872772
0.940020, 26.169830, 37.997584, 36.270273
0.932555, 25.983905, 37.825833, 36.093801
0.928930, 25.935074, 37.725922, 35.850228
0.934748, 25.834368, 37.403611, 35.546290
0.924010, 25.140051, 37.385054, 35.489520
0.925360, 25.933379, 37.462821, 35.723671
0.917838, 25.741325, 37.427274, 35.578985
0.938182, 26.705324, 37.783277, 36.085645
0.920146, 25.855145, 37.381321, 35.855135
0.923670, 25.306991, 37.755027, 35.863776
0.915629, 24.638335, 37.904194, 36.019615
0.926437, 25.660099, 37.870746, 36.132495
0.915138, 25.582860, 37.838840, 36.153717
0.922400, 25.959072, 37.832649, 35.836601
0.920704, 26.091479, 37.712600, 35.803158
0.940146, 26.638239, 37.628880, 35.502172
0.924309, 25.662758, 37.427173, 35.077425
0.926019, 25.573338, 37.549833, 35.370116
0.926585, 25.537542, 37.661775, 35.468603
0.931112, 25.740485, 37.529473, 35.177663
0.924055, 25.218786, 37.181868, 34.160078
0.928559, 25.415532, 37.023168, 34.276825
0.925372, 25.258072, 36.974659, 34.342114
0.932694, 26.350661, 37.292333, 34.440962
0.925116, 26.362747, 37.554413, 34.819700
0.936201, 26.790165, 37.631242, 34.947859
0.924523, 26.024997, 37.902759, 34.848500
0.925200, 25.493730, 37.429384, 34.465588
0.924643, 25.026718, 37.745330, 34.671700
0.935089, 25.130989, 37.751678, 34.913905
0.927164, 24.889385, 37.662354, 34.935402
0.926354, 24.956219, 37.462093, 34.824562
0.959616, 26.778558, 37.095979, 33.668208
0.931436, 24.665517, 36.894715, 32.672831
0.925810, 24.507017, 36.512111, 32.099186
0.922669, 24.390061, 36.320480, 31.958593
0.927045, 24.474232, 36.263260, 31.811208
0.913814, 24.159641, 36.395225, 31.420688
0.910775, 24.210356, 36.145158, 31.251287
0.898903, 23.989609, 36.181092, 30.747533
0.926773, 26.208695, 36.591916, 32.703996
0.901994, 23.842138, 36.598275, 31.921192
0.912775, 24.220999, 36.454199, 32.066330
0.899973, 23.767703, 36.406577, 31.970024
0.918255, 24.511058, 36.209480, 32.789335
0.907475, 23.948467, 36.461134, 32.636377
0.903636, 23.971148, 36.288645, 32.136945
0.895765, 23.572956, 36.174698, 31.634995
0.894495, 23.747439, 36.022929, 31.831490
0.890416, 24.146185, 36.248221, 31.102990
0.894542, 24.425580, 36.127285, 31.712952
0.910038, 23.898600, 36.621414, 33.011771
0.927913, 24.881460, 36.624464, 33.581252
0.914400, 24.036347, 36.666102, 33.379437
0.911444, 24.097263, 36.599313, 32.857788
0.898788, 23.805107, 36.641554, 33.266388
0.904519, 24.229350, 36.337289, 33.147493
0.894455, 23.563479, 36.248012, 32.594689
0.883359, 23.843798, 36.799652, 32.674219
0.921360, 26.274948, 37.057934, 34.282747
0.883480, 23.503106, 37.295121, 33.392674
0.915375, 23.973330, 37.184901, 33.768063
0.917753, 24.029339, 37.438444, 34.427173
0.928838, 24.743756, 37.385813, 34.561049
0.919498, 24.237176, 37.552271, 34.661820
0.914954, 24.051043, 37.354140, 34.234623
0.895616, 23.579309, 37.712724, 34.209258
0.909868, 23.971039, 37.353983, 34.324743
0.898797, 23.323450, 36.824723, 33.058206
0.925661, 27.486434, 37.820387, 35.012627
0.887262, 24.354816, 37.330490, 33.839127
0.914320, 24.014006, 37.526426, 33.774483
0.918015, 24.508662, 37.818347, 34.265926
0.928902, 25.024495, 37.877184, 34.583086
0.919466, 24.164209, 37.788173, 34.267021
0.913468, 23.479158, 37.610648, 33.947395
0.954504, 27.611665, 38.736236, 36.311507
0.931505, 26.252382, 38.470985, 35.419226
0.928511, 26.073503, 38.304553, 35.300748
0.925500, 25.816029, 38.479151, 35.320425
0.918213, 25.331237, 38.305190, 34.922996
0.895723, 24.750478, 37.972987, 34.461388
0.908913, 25.068193, 37.216570, 33.200884
0.917196, 25.302175, 37.310131, 33.546997
0.945114, 26.649035, 37.066782, 34.326073
0.918796, 25.057255, 36.980588, 33.568653
0.920253, 24.478389, 36.653315, 33.009305
0.923242, 24.497727, 36.763164, 33.326826
0.933426, 25.052337, 36.504300, 33.427069
0.922645, 24.373017, 36.699055, 33.465539
0.920364, 24.222337, 36.684258, 33.437390
0.924510, 24.450119, 36.660043, 33.783566
0.930358, 24.631920, 36.549563, 33.679685
0.923731, 24.319758, 36.659619, 33.768057
0.920637, 24.210001, 36.649182, 33.666068
0.922303, 24.153609, 36.567249, 33.608421
0.924982, 24.188489, 36.628093, 33.593518
0.921111, 24.047859, 36.830223, 33.242627
0.915430, 23.777854, 36.725234, 33.136509
0.912951, 24.028713, 36.908504, 33.397356
0.936802, 26.059974, 37.173764, 34.345801
0.917818, 25.061985, 37.067421, 33.581133
0.914324, 23.428132, 36.449062, 32.817174
0.921931, 23.610776, 36.586138, 33.158965
0.931403, 24.208629, 36.307128, 33.391247
0.920798, 23.871900, 36.719141, 33.473334
0.921227, 23.855379, 36.653871, 33.416842
0.920181, 23.810708, 36.769009, 33.118646
0.928170, 24.147997, 36.563907, 33.323039
0.919797, 23.962935, 36.841118, 33.508541
0.915733, 23.829235, 36.752252, 33.633877
0.924048, 24.024774, 36.810947, 33.831052
0.932364, 24.283386, 36.629825, 33.776939
0.924533, 23.781744, 36.540576, 33.643777
0.926951, 23.805405, 36.410211, 33.349691
0.926971, 23.790892, 36.479008, 33.507122
0.928158, 23.929977, 36.139579, 33.325494
0.924512, 23.737234, 36.327238, 32.985690
0.923429, 23.608074, 36.422611, 33.200655
0.914418, 23.391129, 36.333985, 33.171687
0.912918, 23.237127, 36.220663, 33.104535
