ms-ssim, psnr-y, psnr-u, psnr-v
0.997250, 48.799172, 51.681585, 52.309877
0.997192, 48.660894, 51.406274, 51.956679
0.997180, 48.554117, 51.318338, 51.928748
0.997160, 48.602079, 51.152816, 51.803458
0.997129, 48.411972, 51.297464, 52.007598
0.997148, 48.518339, 51.400242, 51.904935
0.997018, 48.774331, 51.194746, 51.676405
0.997127, 49.013145, 51.458663, 52.089277
0.997225, 48.874307, 51.733828, 52.485778
0.997105, 49.152117, 51.709705, 52.466530
0.997184, 49.204314, 51.764930, 52.590652
0.997381, 49.371202, 51.627687, 52.641360
0.997409, 49.386651, 52.026991, 52.649509
0.997486, 49.490362, 51.872918, 52.678394
0.997552, 49.643710, 52.051171, 52.578009
0.997638, 49.805942, 51.869107, 52.433991
0.997929, 50.216559, 52.275624, 52.773496
0.998116, 50.662096, 52.323543, 52.824898
0.998121, 50.732458, 52.578835, 52.912964
0.998338, 51.026367, 52.697030, 53.236203
0.998789, 51.641289, 53.462075, 53.749822
0.998499, 51.231412, 52.833024, 53.018625
0.998630, 51.473872, 53.122907, 53.550916
0.998661, 52.256269, 53.400751, 54.067796
0.998974, 52.957031, 54.669290, 55.072669
0.998748, 52.415424, 53.510361, 54.067796
0.998828, 52.439730, 53.696983, 54.071955
0.998745, 52.218007, 53.311546, 53.765304
0.999034, 52.785052, 54.318497, 54.783654
0.998755, 52.123706, 53.241561, 53.777730
0.998869, 52.075670, 53.241561, 53.542067
0.998806, 51.984868, 53.126386, 53.533531
0.999096, 52.694181, 54.202901, 54.536137
0.998784, 51.753253, 52.929437, 53.202557
0.998837, 51.865701, 52.945202, 53.428649
0.998750, 51.628113, 52.753055, 53.157557
0.998925, 52.033726, 53.502471, 53.719637
0.998704, 51.395813, 52.602503, 53.119564
0.998679, 51.115140, 52.719158, 53.251470
0.998444, 50.612547, 52.639325, 53.071709
0.998850, 51.570447, 53.498240, 53.945488
0.998557, 50.775876, 52.563049, 52.819656
0.998502, 50.484714, 52.273753, 52.569521
0.998407, 50.226572, 52.132084, 52.466070
0.998706, 50.831022, 52.718062, 52.968377
0.998302, 49.623001, 51.789068, 52.112429
0.998367, 49.693907, 51.781302, 52.129635
0.998171, 49.500981, 51.813341, 52.072440
0.998437, 49.869145, 52.022108, 52.274964
0.998087, 49.102116, 51.394128, 51.742775
0.998040, 48.962054, 51.228168, 51.616798
0.997896, 48.648726, 50.771008, 51.065734
0.998168, 48.777760, 51.192429, 51.459939
0.997980, 48.314897, 50.862883, 51.150352
0.997646, 47.880626, 50.759349, 51.142206
0.997873, 47.847488, 50.475851, 50.972939
0.998132, 48.062291, 50.702667, 51.028989
0.997959, 47.449474, 50.341670, 50.671975
0.998096, 47.572184, 50.493485, 50.804136
0.997953, 47.293619, 50.056190, 50.532357
0.997928, 47.187435, 50.048143, 50.467279
0.997778, 46.688339, 49.650259, 50.327872
0.998054, 47.475744, 50.122517, 50.435318
0.997177, 45.672880, 49.291431, 49.967511
0.997459, 45.995893, 49.289660, 49.971976
0.997284, 45.781550, 49.277447, 49.912617
0.997884, 47.085185, 49.913383, 50.350209
0.997865, 46.714036, 49.807859, 50.275199
0.997811, 46.116998, 49.787580, 50.155963
0.997509, 45.800769, 49.954915, 50.377138
0.997977, 46.410481, 50.135878, 50.567492
0.997735, 45.974000, 49.807298, 50.334484
0.997556, 46.039647, 49.733183, 50.074981
0.997791, 46.150437, 49.790622, 50.079757
0.998092, 46.084435, 50.020029, 50.309847
0.997634, 46.014505, 49.241397, 49.759248
0.997707, 45.904415, 49.388675, 50.048077
0.997609, 46.055005, 49.285291, 49.729508
0.997938, 45.989942, 49.722838, 50.058435
0.997797, 46.216264, 49.138801, 49.787517
0.997773, 46.179374, 49.354220, 49.961434
0.997579, 45.731909, 49.076184, 49.502361
0.997971, 45.974167, 49.368172, 49.746934
0.997785, 45.838959, 48.898477, 49.664775
0.997686, 45.798806, 49.170505, 49.914597
0.997776, 45.848921, 48.984435, 49.557691
0.998110, 46.110978, 49.415423, 49.977679
0.997799, 45.806579, 48.748324, 49.397856
0.997846, 45.595494, 49.045577, 49.663206
0.997765, 45.327555, 48.874823, 49.533565
0.998031, 45.882857, 49.268792, 49.913383
0.997790, 45.333404, 48.875477, 49.517148
0.997846, 45.334572, 49.177780, 49.787828
0.997743, 45.144737, 49.003148, 49.594398
0.998077, 45.656506, 49.647254, 50.059823
0.997791, 45.325966, 49.191392, 49.656096
0.997751, 45.294346, 49.356861, 49.995285
0.997828, 45.252157, 49.329744, 49.838896
0.998147, 45.709216, 50.003105, 50.209047
0.997886, 45.309076, 49.395417, 49.838143
0.997928, 45.486092, 49.653808, 50.052428
0.997873, 45.203409, 49.305849, 49.710565
0.997969, 45.485504, 49.834502, 50.188171
0.997612, 45.046337, 49.318031, 49.721737
0.997624, 45.078158, 49.508875, 49.900625
0.997500, 44.855161, 49.263893, 49.644551
0.998028, 45.414078, 49.688732, 50.222609
0.997757, 44.915028, 49.146718, 49.544173
0.997821, 45.049015, 49.420667, 49.880226
0.997745, 45.010015, 49.211836, 49.625496
0.998030, 45.401599, 49.706970, 50.086467
0.997715, 45.013885, 48.994712, 49.441821
0.997802, 45.107904, 49.601171, 49.881938
0.997788, 45.046514, 49.448531, 49.728834
0.998051, 45.468414, 49.985986, 50.265143
0.997809, 45.213550, 49.529411, 49.813599
0.997855, 45.376736, 49.830615, 50.166921
0.997828, 45.343056, 49.395701, 49.661759
0.998064, 45.591832, 50.020881, 50.346396
0.997889, 45.275503, 49.461811, 49.883651
0.997928, 45.575678, 49.738764, 50.096584
0.997820, 45.378546, 49.207164, 49.605870
0.998028, 45.761727, 49.929705, 50.204809
0.997727, 45.334105, 49.256913, 49.615881
0.997862, 45.468976, 49.731713, 50.105590
0.997846, 45.498898, 49.395758, 49.735636
0.998065, 45.910454, 49.990796, 50.369184
0.998003, 45.666880, 49.502768, 49.902919
0.998012, 45.687855, 50.087265, 50.432077
0.998021, 45.698940, 49.777042, 50.073588
0.998261, 46.125462, 50.302993, 50.642027
0.998164, 45.851935, 49.599804, 50.022322
0.998133, 45.744031, 49.941263, 50.358129
0.998162, 45.499430, 49.958529, 50.341388
0.998303, 46.073503, 50.147527, 50.546155
0.998108, 45.758100, 50.054540, 50.384608
0.998122, 45.818917, 49.835695, 50.287507
0.998088, 45.750359, 49.969775, 50.397730
0.998198, 45.999348, 50.123590, 50.507893
0.997971, 45.694252, 50.062136, 50.484441
0.997965, 45.836072, 49.995090, 50.445849
0.997825, 45.912704, 49.918433, 50.405594
0.998207, 46.370915, 50.490347, 50.948870
0.998021, 46.019304, 50.478252, 50.878652
0.998022, 46.082405, 50.278534, 50.708187
0.998153, 46.221551, 50.604637, 51.051846
0.998439, 46.756307, 50.940688, 51.187030
0.998183, 46.060599, 50.798806, 51.231282
0.998254, 46.250638, 50.882004, 51.154516
0.998320, 46.277458, 50.888477, 51.176506
0.998415, 46.635880, 51.067484, 51.301948
0.998291, 46.111557, 50.720786, 51.028906
0.998314, 46.200639, 50.833410, 51.088953
0.998260, 46.007268, 50.902574, 51.172834
0.998464, 46.564132, 51.013982, 51.287109
0.998321, 46.089690, 50.667564, 51.094065
0.998238, 46.080178, 50.269995, 50.835226
0.998245, 45.771354, 50.748650, 51.182150
0.998422, 46.411486, 50.855893, 51.318780
0.998277, 46.009842, 50.708263, 51.189343
0.998349, 46.124995, 50.547855, 50.993289
0.998286, 45.971930, 50.696541, 51.138646
0.998437, 46.307223, 50.807981, 51.176335
0.998367, 46.055031, 50.730645, 51.137206
0.998298, 45.997928, 50.546377, 50.982652
0.998218, 45.812072, 50.584981, 50.963979
0.998409, 46.171688, 50.846933, 51.179071
0.998274, 45.850525, 50.557403, 50.904660
0.998300, 45.845133, 50.384110, 50.743156
0.998267, 45.679213, 50.638704, 50.940445
0.998414, 46.073272, 50.710028, 51.075491
0.998095, 45.731891, 50.155288, 50.638704
0.998262, 45.747016, 50.143349, 50.625286
0.998192, 45.814098, 50.434958, 50.820480
0.998309, 45.849322, 50.452571, 50.798884
0.998098, 45.636612, 50.203853, 50.645807
0.998060, 45.755316, 49.968352, 50.385392
0.997916, 45.515314, 50.064318, 50.411609
0.998270, 45.888809, 50.097251, 50.473961
0.998042, 45.717760, 49.928358, 50.401517
0.998053, 45.730915, 49.780758, 50.111069
0.998012, 45.714862, 50.027828, 50.323166
0.998233, 45.927287, 50.008717, 50.326467
0.997914, 45.689817, 49.864973, 50.126139
0.998040, 45.833874, 49.765418, 49.986635
0.997976, 45.816006, 49.900243, 50.241584
0.998202, 45.977070, 49.841220, 50.130905
0.997953, 45.657015, 49.432089, 49.767642
0.997952, 45.566951, 49.921376, 50.238898
0.997817, 45.356990, 49.485887, 49.821723
0.998288, 45.981053, 50.007477, 50.414117
0.997961, 45.504716, 49.428716, 49.733183
0.997958, 45.412418, 49.670389, 49.984817
0.997855, 45.070757, 49.229537, 49.515049
0.998293, 45.864950, 49.898014, 50.212399
0.997854, 45.138079, 49.072761, 49.399218
0.998035, 45.415002, 49.452551, 49.841409
0.997889, 45.136494, 49.111361, 49.414625
0.998275, 45.812830, 49.749763, 50.068620
0.997901, 45.037587, 49.016483, 49.389241
0.998033, 45.192796, 49.410527, 49.648456
0.997776, 44.603332, 48.839707, 49.057888
0.998254, 45.404137, 49.473169, 49.751794
0.997927, 44.836503, 48.994609, 49.220378
0.997987, 44.978689, 49.383300, 49.599447
0.997887, 44.644467, 48.875628, 49.276840
0.998187, 45.215824, 49.700091, 49.838645
0.997825, 44.496451, 48.994143, 49.339473
0.997807, 44.573348, 49.407228, 49.628307
0.997800, 44.483604, 49.299854, 49.582957
0.998209, 45.105079, 49.477558, 49.694924
0.997697, 44.118473, 49.057521, 49.304072
0.997770, 44.144611, 49.154114, 49.384261
0.997805, 44.119420, 48.671909, 49.030223
0.998131, 44.723827, 49.457265, 49.676979
0.997582, 43.726311, 48.605505, 48.882324
0.997632, 43.751442, 48.708931, 48.807397
0.997660, 43.775638, 48.709270, 48.799629
0.997907, 44.143689, 49.013106, 49.120240
0.997478, 43.508124, 48.713727, 48.848447
0.997710, 43.762707, 48.850097, 48.949346
0.997477, 43.271949, 48.733351, 48.926126
0.997796, 43.584381, 48.768793, 48.832428
0.997435, 43.314191, 48.622367, 48.713630
0.997468, 43.408191, 48.665625, 48.760701
0.997433, 43.213603, 48.208539, 48.415976
0.997521, 43.114801, 48.398587, 48.510354
0.997200, 42.890133, 48.003518, 48.293407
0.997189, 42.757495, 47.746023, 47.994637
0.997031, 42.333835, 47.225672, 47.407403
0.997527, 44.169780, 48.101660, 48.339983
0.997056, 43.996709, 48.125383, 48.447223
0.997351, 44.061025, 47.812739, 48.002942
0.996662, 43.398264, 47.940233, 47.993857
0.997390, 44.197758, 47.973905, 48.071917
0.997089, 43.578197, 47.713950, 47.951116
0.997496, 44.208402, 47.709101, 47.932533
0.996995, 43.065058, 47.579158, 47.686624
0.997446, 43.647724, 47.372386, 47.703298
0.997082, 43.356043, 47.696122, 47.741255
0.997461, 43.600717, 47.693669, 47.689992
0.997066, 43.341976, 47.440427, 47.832872
0.997096, 43.131098, 47.440463, 47.476072
0.997536, 43.542797, 47.564589, 47.531718
0.997221, 43.164379, 47.274910, 47.403029
0.997311, 43.132257, 47.287036, 47.318838
0.997092, 42.895277, 47.022122, 47.104649
0.997150, 42.902741, 47.010188, 47.184137
0.996838, 42.433534, 46.577307, 46.806047
0.997247, 42.740732, 46.628969, 46.902955
0.998179, 44.431930, 48.303317, 48.468058
0.996924, 42.430750, 47.201620, 47.427505
0.997178, 42.745957, 46.903051, 47.186285
0.997098, 42.819200, 47.239422, 47.506320
0.996643, 42.414745, 46.763214, 46.948616
0.996524, 42.457887, 46.697492, 46.950359
0.996992, 42.711763, 47.035471, 47.286687
0.996559, 42.372498, 46.673188, 46.893224
0.996589, 42.451820, 46.595035, 46.814959
0.996889, 42.588251, 46.802269, 47.030205
0.996549, 42.233674, 46.512713, 46.844608
0.996554, 42.293626, 46.479294, 46.795066
0.996718, 42.388279, 46.740078, 46.986581
0.996430, 42.109430, 46.556465, 46.837743
0.996712, 42.336730, 46.539011, 46.890962
0.996503, 42.333840, 46.633860, 46.978708
0.996366, 42.351971, 46.614389, 46.895073
0.996104, 42.476913, 46.627890, 47.023271
0.996757, 42.933017, 46.783677, 47.260215
0.996366, 42.935371, 46.798993, 47.150665
0.996692, 43.242183, 46.765349, 47.218006
0.996612, 43.307259, 46.935015, 47.401559
0.996716, 43.635951, 47.020644, 47.517234
0.996497, 43.389635, 46.856632, 47.356153
0.996693, 43.605748, 47.072147, 47.521504
0.996761, 43.653389, 47.159873, 47.608405
0.996937, 43.890692, 47.095958, 47.519037
0.996907, 43.924506, 47.157502, 47.601122
0.996582, 43.664668, 46.823356, 47.297483
0.997099, 44.062868, 47.419043, 47.786861
0.996655, 43.775879, 47.005116, 47.517087
0.996587, 43.646472, 46.902860, 47.367265
0.997136, 44.248831, 47.318310, 47.598159
0.996587, 43.711722, 47.141004, 47.537962
0.996383, 42.966238, 46.774550, 47.316202
0.997092, 43.676914, 47.194270, 47.456580
0.996691, 43.318709, 46.999136, 47.520215
0.996658, 43.085632, 46.904425, 47.440608
0.997075, 43.513317, 46.970816, 47.316553
0.996772, 43.113753, 46.970265, 47.372386
0.997033, 43.235921, 46.764668, 47.192972
0.996655, 43.064134, 46.796312, 47.360055
0.996533, 42.912097, 46.555816, 47.090485
0.996562, 43.015254, 46.906502, 47.490237
0.996842, 42.979914, 46.908773, 47.320314
0.996676, 43.253541, 46.922388, 47.531792
0.996461, 43.135020, 46.813738, 47.329819
0.996520, 43.319786, 47.030271, 47.535818
0.996523, 42.798599, 46.758794, 47.247333
0.996167, 42.952662, 46.855969, 47.296783
0.995867, 42.352150, 46.720892, 47.082121
