ms-ssim, psnr-y, psnr-u, psnr-v
0.995967, 39.876421, 49.693929, 49.861427
0.994512, 38.595945, 48.764785, 48.705319
0.995096, 38.771040, 48.864490, 49.058981
0.994771, 38.538024, 48.713568, 48.803521
0.995860, 39.713057, 49.182395, 49.471650
0.994698, 39.343229, 48.766203, 48.977841
0.995114, 39.556021, 49.131901, 49.095194
0.994506, 38.936424, 48.930132, 48.810481
0.995606, 39.595378, 49.389928, 49.425464
0.994154, 38.296476, 48.693910, 48.967567
0.994344, 38.662003, 48.761580, 48.906744
0.993800, 38.675690, 48.845983, 48.900145
0.994600, 39.177909, 48.939523, 49.008071
0.992401, 38.563266, 48.358292, 48.326903
0.989206, 37.271841, 47.580181, 47.842377
0.984638, 35.242636, 46.744214, 47.080036
0.984376, 34.429291, 46.350231, 46.732682
0.980918, 33.322879, 45.420792, 46.372782
0.980947, 33.471063, 45.213189, 46.188636
0.978806, 33.278772, 45.053290, 46.019568
0.983791, 34.149927, 45.036803, 45.574750
0.980570, 33.619640, 44.651966, 44.679399
0.980532, 34.778073, 44.602700, 44.634049
0.978770, 34.319442, 44.559706, 44.275486
0.981737, 34.838674, 44.945759, 45.138732
0.979499, 34.836275, 45.201862, 45.497238
0.979891, 35.136137, 45.209147, 45.434012
0.978807, 35.313961, 45.381652, 45.328936
0.984665, 36.021269, 45.579419, 45.660538
0.980490, 35.691884, 45.318793, 45.277243
0.980990, 35.624644, 45.401032, 45.485054
0.981612, 36.212928, 46.060789, 45.978884
0.985032, 36.940767, 46.104355, 46.228958
0.982271, 36.562448, 46.288931, 46.729186
0.983078, 36.671328, 46.021296, 46.426276
0.982359, 36.292761, 46.166120, 46.627958
0.984264, 36.413616, 45.981055, 46.297277
0.981504, 36.151128, 46.506269, 46.785060
0.981048, 36.058928, 46.118350, 46.350482
0.979164, 35.731873, 46.230857, 46.622813
0.982669, 36.180257, 46.048016, 46.387166
0.978934, 35.541881, 45.963934, 46.353911
0.977665, 34.972417, 45.363264, 45.801306
0.976463, 34.688644, 45.402359, 45.533022
0.981410, 35.302497, 45.206301, 45.381982
0.979213, 35.672842, 44.936417, 44.740587
0.979594, 35.269828, 45.152838, 45.178971
0.975752, 33.903161, 44.786266, 44.787750
0.981209, 34.643647, 44.997845, 45.137142
0.978472, 34.199232, 44.962749, 44.726449
0.981090, 34.555945, 45.084715, 44.832924
0.979688, 34.123861, 44.892654, 44.690123
0.982914, 34.779640, 45.158700, 45.120117
0.978419, 33.599930, 45.251115, 44.973286
0.981348, 34.234596, 45.141733, 44.984982
0.980206, 34.742405, 45.163790, 45.261238
0.982450, 34.796124, 45.265407, 45.183951
0.977480, 33.881925, 45.311764, 44.766866
0.980852, 35.124031, 45.374032, 45.005309
0.981454, 35.916233, 45.871118, 45.216984
0.984968, 36.331472, 45.705855, 45.281985
0.980415, 34.449143, 45.664831, 45.014727
0.981659, 34.653445, 45.340540, 44.756393
0.979935, 34.345725, 45.818172, 45.216001
0.982992, 35.435353, 45.865688, 45.525597
0.978799, 34.753413, 45.869696, 45.582385
0.980561, 34.949637, 45.616471, 45.613007
0.979708, 35.057713, 45.701910, 45.702352
0.981779, 35.546124, 45.549833, 45.673493
0.978477, 34.652848, 45.517979, 45.442764
0.977602, 34.431577, 45.809493, 45.596254
0.974562, 34.004973, 45.499387, 45.526114
0.974386, 33.207927, 44.902278, 44.814484
0.974977, 32.582388, 44.439475, 44.153010
0.973790, 32.280212, 44.493126, 44.135373
0.977329, 33.113777, 44.370621, 44.173665
0.987440, 39.698322, 46.017575, 46.062931
0.983247, 35.638422, 45.931086, 45.334922
0.977438, 34.525841, 45.452357, 44.940385
0.977894, 35.123151, 45.695267, 45.017230
0.980559, 36.065831, 45.813615, 45.201699
0.987719, 36.860718, 46.858574, 46.693610
0.975145, 35.076898, 46.537725, 46.603674
0.979210, 36.348378, 46.698690, 46.376242
0.975659, 34.536919, 46.024150, 46.090747
0.979211, 34.453133, 45.870368, 45.998521
0.973309, 32.649084, 45.041854, 45.572020
0.976649, 33.165965, 45.023336, 45.411360
0.974211, 33.387507, 45.282532, 45.121333
0.981951, 35.719832, 45.760608, 45.628351
0.975042, 34.028628, 45.491927, 45.179745
0.976855, 34.839433, 45.850788, 45.141771
0.978676, 35.558508, 45.806203, 45.442327
0.984030, 36.871417, 46.235398, 45.798088
0.979710, 36.459402, 45.943758, 45.548637
0.980592, 36.171789, 46.250336, 45.787030
0.977833, 35.350058, 46.170115, 45.861662
0.980994, 35.184814, 46.427868, 46.053796
0.976913, 33.767060, 46.088249, 45.622105
0.978951, 33.841001, 46.055187, 45.593174
0.977693, 33.422588, 45.936814, 45.525059
0.981380, 34.207096, 46.112673, 45.681185
0.976595, 33.104385, 46.065766, 45.750375
0.978811, 33.759619, 46.206305, 45.986528
0.976284, 33.250570, 45.905355, 45.726741
0.979678, 33.717825, 45.922359, 45.690439
0.975616, 33.021817, 45.783845, 45.794036
0.977645, 33.410583, 45.857104, 45.845272
0.976098, 32.699439, 45.487361, 45.723578
0.980085, 33.380825, 45.701403, 45.991351
0.977338, 32.637992, 45.631849, 45.932460
0.979668, 33.098172, 45.828178, 45.824474
0.978011, 32.797045, 45.539172, 45.728367
0.981111, 33.442276, 45.721976, 45.836016
0.977438, 32.555634, 45.420166, 45.290483
0.977727, 33.109273, 45.639064, 45.289817
0.975412, 32.731058, 45.496046, 45.244526
0.979529, 33.424497, 45.511755, 45.496395
0.976080, 33.285140, 45.296162, 45.334893
0.978132, 33.699976, 45.325269, 45.488684
0.977478, 33.670921, 45.444601, 45.390047
0.981003, 34.324459, 45.503286, 45.648697
0.978004, 33.485104, 45.200489, 45.355278
0.979697, 34.201014, 45.528278, 45.525866
0.979237, 33.687446, 45.453069, 45.386699
0.982588, 34.969275, 45.743614, 45.881887
0.979212, 34.104504, 45.473701, 45.632464
0.980521, 34.498126, 45.592743, 45.669566
0.980054, 33.530577, 45.522432, 45.789108
0.982385, 34.136796, 45.794597, 46.195838
0.978790, 33.187110, 45.803081, 46.022119
0.979253, 33.256773, 45.729332, 46.263400
0.977809, 32.801381, 45.656751, 45.972285
0.981453, 33.772812, 46.024277, 46.278706
0.975642, 33.836829, 45.773372, 45.947040
0.976764, 34.559343, 46.222163, 46.044074
0.977285, 35.104032, 46.358797, 45.931779
0.983505, 36.337943, 46.707482, 46.584316
0.981519, 37.312938, 46.823502, 46.488076
0.983682, 39.251520, 47.123240, 47.088449
0.983451, 39.387578, 47.374542, 47.442425
0.987438, 39.908442, 47.589257, 47.523432
0.984382, 39.671238, 48.234749, 47.458622
0.984821, 39.938756, 48.191641, 47.519893
0.984448, 39.749196, 48.257998, 47.705650
0.987348, 39.847099, 47.977632, 47.918354
0.985704, 39.726774, 47.707154, 48.045634
0.983395, 39.483952, 47.825390, 47.723496
0.982468, 39.375486, 47.844759, 47.523334
0.986988, 40.170322, 48.462728, 48.130314
0.983804, 39.405456, 48.666806, 48.342015
0.983286, 39.502277, 48.715422, 48.642159
0.981454, 38.831672, 48.664439, 48.529838
0.977853, 37.750853, 48.387590, 47.975194
0.977249, 38.164599, 48.096127, 47.866680
0.979176, 38.055736, 47.920042, 47.923653
0.977862, 37.448037, 47.983823, 48.073597
0.981914, 38.545906, 48.161258, 48.393313
0.985667, 39.736858, 48.139162, 48.810569
0.988589, 42.953149, 47.922017, 48.920129
0.991730, 45.649788, 49.350885, 49.842851
0.991637, 44.832203, 48.722177, 49.303661
0.983912, 38.270061, 46.015918, 47.054583
0.981845, 37.170948, 45.557633, 46.304191
0.982648, 37.218297, 46.098189, 46.280219
0.982461, 37.551513, 45.760564, 46.274893
0.982161, 37.086827, 45.345768, 45.878418
0.983877, 37.631245, 46.033083, 46.247281
0.990487, 43.063848, 48.353091, 48.017978
0.989310, 40.734557, 47.269276, 47.568076
0.992160, 40.682887, 48.479812, 48.275346
0.980266, 37.003675, 46.961027, 47.308515
0.980660, 36.798134, 46.387520, 46.737480
0.979038, 36.212778, 46.144710, 46.603356
0.987725, 38.294471, 47.560168, 47.433843
0.981073, 37.154178, 46.695357, 46.852475
0.979030, 36.816840, 46.339536, 46.527145
0.979314, 36.733351, 46.769298, 46.687684
0.985612, 38.053915, 47.416091, 47.131978
0.980500, 37.324833, 47.416203, 46.884315
0.982635, 38.276238, 47.598135, 47.266572
0.982787, 38.298283, 47.975613, 47.372436
0.987884, 39.514719, 48.008401, 47.693208
0.984139, 38.781764, 47.807698, 47.519779
0.984983, 38.779104, 47.755778, 47.307704
0.985137, 39.019220, 48.065976, 47.533687
0.988900, 39.995154, 47.995592, 47.586844
0.983866, 38.596219, 47.929191, 47.645479
0.983880, 38.264227, 47.540905, 47.158628
0.984041, 38.579930, 47.802207, 47.327743
0.988354, 39.237416, 47.795135, 47.348647
0.983955, 37.996322, 47.620535, 47.151582
0.983917, 38.225434, 47.514149, 47.003203
0.981403, 37.046300, 46.873408, 46.702731
0.983724, 37.035888, 46.627277, 46.647579
0.980712, 35.986864, 45.867602, 46.061351
0.982782, 36.225130, 45.269872, 45.554747
0.980207, 34.646175, 44.925843, 44.769926
0.982802, 34.570246, 44.990585, 44.806814
0.978265, 33.237335, 44.545391, 44.220357
0.978269, 32.997676, 44.342867, 43.676424
0.979761, 34.749276, 44.593282, 43.946568
0.983399, 35.077517, 44.791138, 44.293086
0.979633, 34.279536, 44.817023, 44.051306
0.982799, 35.952360, 45.249999, 44.392460
0.980430, 35.127308, 45.414495, 44.646462
0.982634, 35.383975, 45.861506, 44.959415
0.982616, 36.696030, 46.069845, 45.226844
0.985090, 37.582655, 46.040357, 45.158919
0.984206, 37.203826, 46.039180, 45.073344
0.986009, 38.020269, 45.892648, 45.290003
0.981954, 36.411164, 45.689450, 45.152733
0.983842, 36.847932, 45.628139, 44.945252
0.982010, 36.324474, 45.609957, 45.289258
0.985238, 36.970845, 45.686261, 45.468960
0.981700, 36.032306, 45.624518, 45.056419
0.982288, 36.282411, 45.593878, 45.042233
0.979861, 35.580150, 45.437093, 45.085678
0.983802, 36.198788, 45.550843, 45.143163
0.980416, 35.612954, 45.498842, 44.839633
0.981299, 35.784548, 45.463103, 44.813359
0.980020, 35.201655, 45.522081, 44.763141
0.984058, 35.964917, 45.445353, 45.099378
0.980847, 35.048571, 45.651145, 45.081351
0.981454, 34.945635, 45.638650, 45.079876
0.980814, 34.657146, 45.678505, 45.026258
0.984984, 35.428377, 45.677894, 45.434529
0.981754, 34.629544, 45.487104, 45.156523
0.982737, 35.054895, 45.496960, 45.061455
0.981287, 34.605940, 45.490274, 45.130335
0.984907, 35.241665, 45.616059, 45.329618
0.981876, 34.706147, 45.378750, 45.011417
0.981886, 35.203695, 45.409365, 45.017672
0.980779, 34.429269, 45.117347, 44.950234
0.984867, 35.636822, 45.333982, 45.559676
0.981859, 34.780681, 45.373073, 45.306774
0.983312, 35.145543, 45.333071, 45.505376
0.982463, 34.826787, 45.284088, 45.310829
0.986612, 35.997967, 45.561429, 45.709977
0.982776, 34.920587, 45.516244, 45.543917
0.984110, 35.210641, 45.581462, 45.581022
0.983575, 34.833983, 45.459626, 45.483363
0.986176, 35.299457, 45.384986, 45.803511
0.983943, 34.952566, 45.957290, 46.288808
0.983289, 34.734636, 45.447568, 45.604022
0.983061, 34.696610, 45.704453, 46.045205
0.986270, 35.251161, 45.357000, 45.692019
0.982645, 34.514249, 45.254779, 45.572386
0.982542, 34.367428, 44.828824, 45.174655
0.981677, 34.064237, 44.848300, 45.154120
0.983971, 34.531252, 44.724951, 45.183903
0.980449, 33.916825, 44.898327, 45.255829
0.980494, 33.752804, 44.778358, 45.134919
0.980752, 33.745575, 44.667130, 45.128352
0.983311, 33.926008, 44.663395, 45.216984
0.980975, 33.674351, 44.884621, 45.224169
0.982025, 33.621731, 44.645043, 44.930107
0.981119, 33.385133, 44.981576, 45.096818
0.983408, 34.143741, 44.834503, 45.052557
0.980458, 33.618774, 44.717223, 44.953661
0.981757, 33.531501, 44.558140, 44.955774
0.980217, 33.028740, 44.641437, 44.924716
0.984460, 34.134294, 44.817278, 45.289837
0.978563, 33.262506, 44.554763, 45.006953
0.978126, 33.984016, 44.986133, 45.104229
0.982312, 35.419074, 45.353438, 45.482461
0.990056, 38.176753, 46.937105, 47.352316
0.983070, 36.607253, 46.836285, 46.939712
0.984274, 37.211661, 46.793378, 47.007742
0.984360, 37.171276, 47.197438, 47.566967
0.987511, 38.260428, 46.948030, 47.651112
0.984837, 38.234466, 47.393079, 47.822123
0.985714, 38.877835, 47.498037, 47.664518
0.986354, 39.632500, 48.269835, 48.350691
0.989423, 40.534211, 47.972140, 48.233224
0.987641, 40.274357, 48.201515, 48.586975
0.987841, 40.550474, 48.058703, 48.343678
0.988486, 40.673885, 48.456140, 48.734658
0.990582, 41.361844, 48.361571, 48.565880
0.988257, 40.816852, 48.710228, 49.105822
0.987711, 40.790524, 48.226860, 48.684414
0.988232, 40.893624, 48.625376, 48.939024
0.990923, 41.637434, 48.443664, 49.024712
0.988119, 40.300584, 48.537532, 48.987680
0.986247, 39.303456, 48.177613, 48.882001
0.985934, 38.649570, 48.032143, 48.764392
0.987980, 38.611635, 47.710011, 48.715228
0.986020, 38.119229, 47.735991, 48.782051
0.985859, 37.914137, 47.661810, 48.529611
0.984787, 37.074923, 47.522219, 48.304048
0.987151, 37.300777, 47.337782, 48.028883
0.984024, 36.116340, 47.095959, 47.618273
0.984578, 36.106737, 47.015200, 47.464277
0.983559, 35.264395, 46.998205, 47.258793
0.987132, 36.048127, 47.059926, 47.662723
0.983528, 34.863318, 46.722230, 47.152108
0.983606, 35.139535, 46.712361, 46.867105
0.982346, 34.506654, 46.525569, 46.575651
0.984195, 34.526477, 46.305404, 46.583683
0.982176, 33.756911, 45.962721, 46.333875
