ms-ssim, psnr-y, psnr-u, psnr-v
0.994305, 42.976381, 47.032574, 45.447305
0.991875, 41.471171, 46.810485, 45.607608
0.991166, 41.431395, 46.675278, 45.433005
0.991108, 41.166367, 46.704810, 45.458559
0.992978, 41.799565, 46.503059, 45.092266
0.991390, 41.398384, 46.668857, 45.395009
0.991885, 41.522548, 46.772101, 45.540058
0.991698, 41.410479, 46.841395, 45.519452
0.992133, 41.903285, 46.682711, 45.308434
0.992137, 41.374951, 46.756384, 45.315498
0.992000, 41.191643, 46.941778, 45.160117
0.991532, 41.584735, 46.945099, 45.255588
0.992978, 42.237772, 47.018053, 45.535532
0.991860, 41.782793, 46.925244, 45.264252
0.991807, 41.319243, 46.837082, 44.993074
0.991146, 40.959772, 46.794847, 44.996038
0.990632, 40.884063, 46.581695, 44.570351
0.991684, 41.019554, 47.137058, 45.049906
0.992073, 41.472463, 47.178654, 45.042865
0.991663, 41.593196, 47.092620, 45.116353
0.993500, 42.588570, 47.127764, 45.252332
0.993104, 42.509660, 47.464388, 45.507043
0.993905, 42.854663, 47.654339, 45.862612
0.994424, 43.209275, 48.002900, 46.385798
0.995523, 44.380748, 48.096444, 46.561540
0.994446, 43.429410, 48.048984, 46.441246
0.994318, 43.494169, 48.068031, 46.581131
0.994706, 43.608799, 48.271421, 46.806328
0.996071, 44.497883, 48.441074, 47.077065
0.995429, 44.050760, 48.680173, 47.282433
0.995135, 43.808710, 48.269846, 46.916424
0.995181, 43.511773, 48.403233, 47.011760
0.996407, 45.030872, 48.834272, 47.389967
0.995401, 44.056449, 48.653898, 47.352432
0.995708, 44.455124, 48.928061, 47.433131
0.995924, 44.419350, 49.006361, 47.571439
0.996549, 45.092760, 48.939992, 47.613820
0.996085, 44.636622, 49.158730, 47.724087
0.995726, 44.372241, 48.915248, 47.311041
0.995919, 44.447010, 49.238115, 47.572892
0.996348, 44.748483, 49.060880, 47.443067
0.995836, 44.308959, 48.713048, 47.273240
0.995574, 44.107896, 48.701531, 47.095824
0.995175, 43.844219, 48.659111, 47.130961
0.996415, 44.523685, 48.669653, 47.222783
0.995418, 43.934759, 48.769873, 47.107494
0.995269, 44.196674, 48.486417, 46.727390
0.995315, 44.012146, 48.676904, 46.783304
0.996204, 44.681008, 48.825958, 47.180322
0.995309, 43.871351, 48.665913, 46.947422
0.995594, 44.048496, 48.635485, 46.850348
0.995283, 43.159800, 48.775817, 46.900433
0.996269, 44.746596, 48.924905, 47.361368
0.995547, 43.650235, 49.132979, 47.401846
0.995508, 44.096290, 48.991146, 47.395258
0.995102, 44.138185, 48.952007, 47.254635
0.996278, 44.967383, 48.950983, 47.517160
0.995511, 44.154443, 48.631108, 47.397083
0.995378, 44.109134, 48.464121, 47.340086
0.995351, 43.998717, 48.515491, 47.368651
0.996222, 44.775103, 48.468562, 47.509587
0.995123, 43.998983, 48.126060, 47.192836
0.995266, 44.301048, 48.250156, 47.457197
0.995034, 44.010205, 47.845553, 47.135238
0.996408, 44.996887, 47.999528, 47.567640
0.995550, 44.414421, 47.714835, 47.348431
0.995209, 44.239774, 47.555967, 47.118859
0.995409, 44.075668, 47.588573, 47.288677
0.996532, 44.974743, 47.885099, 47.432626
0.995455, 44.346997, 47.458830, 47.100268
0.995471, 44.319307, 47.565444, 47.190105
0.995531, 43.536565, 47.581174, 46.952427
0.996551, 45.000117, 47.803061, 47.185228
0.995697, 43.902737, 47.892073, 47.023172
0.995639, 44.350265, 48.013777, 47.175388
0.995351, 44.382450, 47.832714, 47.178586
0.996412, 45.038491, 48.251114, 47.350944
0.995494, 43.856548, 48.286462, 47.091619
0.995288, 44.300636, 48.150852, 47.261464
0.995272, 43.735162, 48.184403, 46.792138
0.996384, 45.074733, 48.512436, 47.483915
0.995517, 44.410456, 48.280053, 47.125545
0.995578, 44.477597, 48.477182, 47.340227
0.995524, 44.369740, 48.659351, 47.478952
0.996130, 45.155848, 48.530751, 47.604912
0.995049, 44.630395, 48.791825, 47.534303
0.994428, 44.324764, 48.321523, 47.174708
0.994828, 44.362175, 48.336338, 47.168184
0.996189, 45.065601, 48.776063, 47.239491
0.995080, 44.468689, 48.484991, 47.138104
0.995357, 44.518222, 48.551898, 47.076400
0.995179, 44.196756, 48.613454, 47.193143
0.996358, 45.434810, 48.770216, 47.640236
0.995497, 44.703886, 48.809874, 47.681042
0.995849, 45.059522, 48.959027, 47.743890
0.995952, 45.200268, 49.066501, 47.870267
0.996701, 45.715852, 49.062612, 47.871904
0.995950, 45.226053, 49.011809, 47.844759
0.995708, 45.011632, 48.988977, 47.723547
0.995698, 44.809377, 48.796516, 47.694167
0.996749, 45.785580, 49.097362, 47.939908
0.995833, 44.970278, 47.956243, 47.773687
0.996054, 45.382814, 48.040550, 48.060352
0.995878, 45.196762, 47.743347, 47.862213
0.996852, 46.143439, 48.438480, 48.144216
0.995755, 45.319423, 48.179814, 47.990532
0.995493, 45.154385, 48.098967, 47.751806
0.995765, 44.933539, 48.029274, 47.769162
0.996819, 45.935184, 48.302083, 47.987907
0.995753, 45.057517, 47.950466, 47.647433
0.996136, 45.410436, 48.270108, 47.782752
0.996106, 45.242182, 48.511927, 47.829036
0.996930, 46.026353, 48.404180, 47.849642
0.996314, 45.538092, 48.583155, 47.874300
0.996088, 45.249783, 48.605505, 47.738157
0.996018, 45.041252, 48.481177, 47.708563
0.996775, 45.846967, 48.588002, 47.848610
0.996060, 45.198212, 48.482831, 47.609082
0.996171, 45.297054, 48.745540, 47.737963
0.995865, 44.856741, 48.639104, 47.637057
0.996664, 45.786092, 48.737394, 47.922545
0.995959, 44.892904, 48.804971, 47.770761
0.995949, 44.961373, 48.699888, 47.550513
0.996004, 45.177086, 48.864875, 47.750757
0.996712, 45.805326, 48.861364, 47.992872
0.995981, 45.237314, 48.877187, 47.776928
0.996231, 45.469470, 49.029389, 48.038599
0.996378, 45.412537, 49.116410, 47.977790
0.996784, 45.747524, 49.039251, 47.861217
0.996333, 45.324528, 49.208739, 47.878897
0.996259, 45.219887, 49.205046, 47.977381
0.995889, 45.009685, 49.021995, 47.648950
0.996729, 45.675353, 49.221576, 48.021085
0.996126, 44.984245, 49.249778, 47.836118
0.996170, 45.281194, 49.167545, 47.752854
0.996019, 44.784355, 49.203364, 47.553889
0.996755, 45.634167, 49.316193, 48.056767
0.996081, 44.592159, 49.214989, 47.622368
0.995893, 44.935813, 49.106583, 47.724357
0.996029, 44.495221, 49.290158, 47.695241
0.996804, 45.871784, 49.516157, 48.146342
0.995955, 44.567897, 49.190472, 47.772868
0.996217, 45.077266, 49.331308, 47.981924
0.996153, 44.785002, 49.371385, 47.994884
0.996913, 45.921550, 49.557867, 48.162064
0.996146, 45.091229, 49.344682, 47.872343
0.996338, 45.176935, 49.461293, 47.982907
0.996390, 45.372057, 49.576272, 48.163473
0.996966, 46.013614, 49.516915, 48.155794
0.996485, 45.422475, 49.573731, 48.299968
0.996120, 45.132221, 49.394397, 47.875818
0.996024, 44.997381, 49.236256, 48.005452
0.996759, 45.659839, 49.379456, 48.286462
0.996296, 45.004937, 49.395531, 48.051022
0.996321, 45.258135, 49.437696, 47.978486
0.996132, 44.933803, 49.296971, 47.890188
0.996917, 45.713271, 49.700030, 48.320460
0.996118, 44.728123, 49.380756, 47.927920
0.996374, 44.897928, 49.521407, 47.964759
0.996267, 44.650448, 49.630521, 48.131143
0.996767, 45.265857, 49.495741, 48.169925
0.996164, 44.219555, 49.360291, 47.948962
0.996232, 44.720913, 49.421180, 47.989384
0.996014, 44.446298, 49.154597, 47.814788
0.996856, 45.500025, 49.575917, 48.266041
0.995838, 44.309465, 49.022567, 47.706180
0.996139, 44.518319, 49.200111, 47.863607
0.996307, 44.865004, 49.620119, 48.332385
0.996923, 45.671262, 49.518664, 48.350803
0.996481, 45.069296, 49.644671, 48.349911
0.996259, 45.058504, 49.617850, 48.298778
0.996073, 45.012857, 49.480448, 48.281150
0.996876, 45.702270, 49.629683, 48.454157
0.996208, 45.033301, 49.471610, 48.199445
0.996379, 45.378203, 49.634354, 48.374047
0.996122, 45.051209, 49.446580, 48.128431
0.996990, 45.614239, 49.615881, 48.324402
0.996398, 44.831866, 49.588585, 47.977095
0.996198, 44.963049, 49.429002, 47.903721
0.996235, 44.768626, 49.525904, 48.090184
0.996897, 45.712937, 49.615106, 48.368448
0.996191, 44.571191, 49.519131, 48.101745
0.996311, 44.930683, 49.491739, 48.175145
0.996400, 44.823592, 49.608490, 48.249111
0.996900, 45.643765, 49.576745, 48.283256
0.996428, 44.873999, 49.687397, 48.303935
0.996454, 45.047702, 49.579347, 48.273873
0.996300, 44.957994, 49.588407, 48.317982
0.997091, 45.620933, 49.750194, 48.536982
0.996349, 45.021645, 49.548224, 48.319265
0.996445, 45.073407, 49.802126, 48.355575
0.996186, 44.791509, 49.582246, 48.124451
0.996903, 45.665283, 49.841032, 48.464487
0.996048, 44.588005, 49.533273, 48.096570
0.996390, 45.014604, 49.636331, 48.264249
0.996281, 44.579354, 49.673592, 48.118151
0.996902, 45.764381, 49.627171, 48.269190
0.996360, 45.302426, 49.601468, 48.164540
0.996189, 44.947256, 49.581714, 48.065734
0.996069, 44.902858, 49.447384, 47.841824
0.996912, 45.621842, 49.694560, 48.177758
0.996191, 44.557838, 49.522750, 47.746605
0.996146, 44.744638, 49.388279, 47.578934
0.996184, 44.561707, 49.324162, 47.513335
0.996992, 45.572814, 49.447728, 47.892715
0.996186, 44.693815, 49.481316, 47.566710
0.996377, 44.938047, 49.623404, 47.756119
0.996293, 44.532753, 49.507595, 47.720268
0.997061, 45.440702, 49.546873, 48.011138
0.996239, 44.312067, 49.597427, 47.533971
0.996052, 44.736542, 49.411665, 47.830539
0.995913, 44.438327, 49.282804, 47.681806
0.996732, 45.668545, 49.511495, 48.048609
0.995812, 44.479873, 49.484093, 47.882977
0.996031, 44.700008, 49.343842, 47.729377
0.996055, 45.010702, 49.543293, 48.074636
0.996785, 45.658016, 49.598377, 48.210481
0.996070, 45.356895, 49.658565, 48.208022
0.995779, 44.886093, 49.240248, 47.812188
0.995988, 45.088452, 49.432432, 47.935287
0.996739, 45.557948, 49.399048, 47.959134
0.996041, 44.752579, 49.333823, 47.738428
0.995808, 44.327579, 49.282306, 47.709601
0.995822, 44.662435, 49.222230, 47.687007
0.996753, 45.494791, 49.400921, 47.983604
0.995912, 44.856217, 49.209716, 47.765926
0.995986, 45.025018, 49.080822, 47.677757
0.996152, 45.006010, 49.339193, 47.862770
0.996700, 45.462742, 49.174707, 47.804397
0.996262, 44.996619, 49.395417, 47.975541
0.995997, 44.781012, 49.069077, 47.610435
0.996097, 44.662811, 49.265434, 47.781110
0.996604, 45.352154, 49.371724, 48.124494
0.995906, 44.652036, 49.464461, 48.063898
0.995849, 44.959474, 49.547343, 48.094846
0.995679, 44.782208, 49.436780, 47.944981
0.996733, 45.658634, 49.561165, 48.233461
0.995822, 44.874424, 49.264774, 47.966432
0.995769, 44.814710, 49.252247, 47.810062
0.995917, 44.690268, 49.267416, 47.705795
0.996504, 45.617267, 49.382961, 48.008871
0.995651, 44.548202, 49.449507, 47.782478
0.995855, 44.754356, 49.550750, 47.932979
0.995950, 44.475158, 49.411323, 47.828759
0.996735, 45.235339, 49.309461, 48.120856
0.996190, 44.866877, 49.433690, 47.958441
0.996070, 44.803611, 49.352648, 47.828127
0.996007, 44.774810, 49.206621, 47.654605
0.996895, 45.610133, 49.522049, 48.008953
0.996181, 44.100929, 49.194801, 47.534119
0.998132, 47.393640, 51.087865, 49.421408
0.996726, 45.506302, 50.619570, 48.828296
0.996368, 45.154614, 50.145572, 48.228214
0.996140, 45.127088, 49.965441, 48.487843
0.996935, 45.923786, 50.148066, 48.679404
0.996141, 45.184396, 49.894132, 48.315284
0.996350, 45.265791, 49.898460, 48.272560
0.996322, 45.037192, 49.912361, 48.366702
0.996788, 45.507414, 49.791553, 48.477687
0.996330, 44.987948, 50.007346, 48.580757
0.996132, 44.927176, 49.755057, 48.146682
0.996149, 44.754599, 49.720882, 47.992051
0.996696, 45.053707, 49.694560, 48.072586
0.996141, 44.421667, 49.666102, 48.008377
0.995969, 44.522734, 49.374939, 47.812070
0.996146, 44.140771, 49.556102, 47.960967
0.996660, 44.913154, 49.520415, 48.055768
0.995991, 44.111120, 49.505617, 47.794150
0.996003, 44.412612, 49.525378, 47.780132
0.995995, 44.319677, 49.522750, 47.773999
0.996487, 44.874784, 49.518664, 47.984628
0.995544, 44.040904, 49.107220, 47.467697
0.996048, 44.208621, 49.186525, 47.429956
0.995905, 43.989819, 49.413202, 47.280481
0.996664, 44.951544, 49.320594, 47.773960
0.995803, 44.196049, 49.337402, 47.521394
0.996089, 44.518817, 49.415651, 47.557118
0.995825, 44.347498, 49.242382, 47.515652
0.996870, 45.246199, 49.555219, 47.870187
0.995921, 44.528434, 49.336116, 47.614572
0.996198, 44.770116, 49.430545, 47.653542
0.996262, 44.695140, 49.489826, 47.669213
0.996753, 45.113861, 49.289051, 47.712526
0.996089, 44.543069, 49.314133, 47.537075
0.996272, 44.656827, 49.413316, 47.473266
0.996175, 44.263188, 49.337458, 47.548586
0.996764, 44.955357, 49.275627, 47.519737
0.996241, 44.286558, 49.332202, 47.647433
0.996185, 44.228535, 49.327120, 47.442886
0.995906, 43.980373, 49.109821, 47.312585
0.996624, 44.583050, 49.165877, 47.451684
0.995932, 44.001427, 49.093499, 47.244775
0.996147, 44.043466, 49.097626, 47.209806
0.995859, 43.405010, 49.047199, 47.283548
0.996495, 44.042528, 48.864775, 47.251761
0.996160, 43.948306, 49.009733, 47.366660
0.995764, 43.806663, 48.783248, 46.968935
0.995874, 43.861378, 48.953902, 47.159839
0.996071, 43.590809, 48.553346, 46.703101
0.995801, 43.250072, 48.551992, 46.797840
