ms-ssim, psnr-y, psnr-u, psnr-v
0.992619, 42.136716, 47.100313, 47.147131
0.992154, 41.713645, 46.945045, 47.048995
0.992055, 41.791479, 46.968232, 47.045705
0.991913, 41.639438, 47.006825, 47.168827
0.991739, 41.626493, 46.822442, 46.882774
0.991490, 41.302461, 46.864034, 47.040482
0.991551, 41.489250, 46.878646, 47.035850
0.991390, 41.386618, 46.836691, 47.054171
0.991369, 41.425329, 46.831657, 46.940571
0.991440, 41.351005, 46.894385, 46.988645
0.991478, 41.453004, 46.936332, 46.972157
0.991228, 41.245304, 47.037432, 47.019241
0.991295, 41.295354, 46.916049, 46.955156
0.991253, 41.129910, 46.967309, 46.948375
0.991104, 41.161073, 46.992704, 46.966214
0.990891, 40.956172, 46.968059, 46.913313
0.991039, 41.333206, 46.867640, 46.880342
0.993457, 42.636093, 47.564799, 47.692680
0.994224, 43.179090, 47.729232, 47.991757
0.994532, 43.328981, 47.683011, 47.927752
0.994978, 43.704013, 47.798521, 48.043176
0.995726, 44.204674, 48.279909, 48.481140
0.995952, 44.448120, 48.394875, 48.592402
0.996070, 44.448088, 48.356664, 48.493827
0.996588, 44.943189, 48.464498, 48.643517
0.996499, 45.020673, 48.774699, 48.919270
0.996672, 45.166913, 49.053313, 49.097831
0.996899, 45.238672, 49.172704, 49.249574
0.997320, 45.772813, 49.264232, 49.310185
0.997009, 45.380281, 49.327234, 49.345845
0.997055, 45.532286, 49.209954, 49.259047
0.997036, 45.384285, 49.301489, 49.349237
0.997194, 45.628171, 49.276779, 49.404689
0.997058, 45.315883, 49.403981, 49.509366
0.996889, 45.229056, 49.085790, 49.290544
0.996759, 45.066497, 49.158256, 49.356130
0.997105, 45.412428, 49.314144, 49.485198
0.996781, 44.994456, 49.274914, 49.397517
0.996661, 45.057775, 49.214887, 49.365638
0.996579, 44.799630, 49.197117, 49.387939
0.996777, 45.044557, 49.278448, 49.432581
0.996505, 44.737954, 49.254455, 49.440117
0.996661, 44.929097, 49.144713, 49.388845
0.996552, 44.710803, 49.042604, 49.138148
0.996986, 45.147135, 49.270109, 49.383309
0.996755, 45.243808, 49.187874, 49.216726
0.996798, 45.093463, 49.047443, 49.179898
0.996869, 45.172347, 49.151480, 49.040000
0.997286, 45.663752, 49.465674, 49.517555
0.996867, 45.200297, 49.140335, 49.107167
0.997150, 45.534815, 49.393885, 49.273247
0.996985, 45.306597, 49.283066, 49.250745
0.997428, 45.833816, 49.491279, 49.481286
0.997170, 45.376660, 49.419576, 49.328823
0.997196, 45.491126, 49.363134, 49.253967
0.996993, 45.248193, 49.397618, 49.226904
0.997362, 45.731447, 49.543991, 49.451957
0.996990, 45.216859, 49.464854, 49.348639
0.997075, 45.404100, 49.421809, 49.374063
0.997028, 45.318319, 49.370852, 49.296851
0.997323, 45.808742, 49.490970, 49.386831
0.996976, 45.304531, 49.391667, 49.401253
0.997120, 45.596738, 49.307614, 49.311669
0.997121, 45.440765, 49.493549, 49.502949
0.997270, 45.714664, 49.427903, 49.349936
0.997062, 45.393428, 49.407116, 49.412481
0.996946, 45.294877, 49.258265, 49.258559
0.996861, 45.115116, 49.385321, 49.428818
0.997123, 45.540137, 49.420489, 49.399233
0.996969, 45.241443, 49.331208, 49.277368
0.997103, 45.230003, 49.194515, 49.348938
0.996919, 45.142254, 49.223024, 49.218179
0.997291, 45.656004, 49.535856, 49.486125
0.997025, 45.254730, 49.418765, 49.307416
0.997119, 45.434509, 49.391364, 49.353332
0.997122, 45.418036, 49.595448, 49.441238
0.997409, 45.767329, 49.546079, 49.573951
0.997180, 45.298380, 49.407318, 49.405498
0.997309, 45.529748, 49.569118, 49.514547
0.996968, 45.038079, 49.366841, 49.329320
0.997465, 45.733444, 49.540860, 49.568278
0.997162, 45.224160, 49.470598, 49.411468
0.997194, 45.335328, 49.520773, 49.308900
0.997171, 45.312001, 49.451241, 49.416838
0.997399, 45.572908, 49.483860, 49.463419
0.997224, 45.278445, 49.351334, 49.304254
0.997197, 45.250882, 49.513406, 49.377477
0.997155, 45.249989, 49.505846, 49.367643
0.997424, 45.588584, 49.542738, 49.396810
0.997202, 45.284088, 49.459834, 49.299120
0.997156, 45.320401, 49.520357, 49.312461
0.997103, 45.258659, 49.465366, 49.360231
0.997290, 45.529209, 49.529192, 49.411772
0.997167, 45.225569, 49.382202, 49.420591
0.997106, 45.298498, 49.354831, 49.355730
0.997240, 45.405730, 49.575738, 49.458298
0.997466, 45.752980, 49.537106, 49.511437
0.997270, 45.553289, 49.566914, 49.446747
0.997302, 45.532504, 49.551200, 49.509883
0.997248, 45.448726, 49.671000, 49.622364
0.997463, 45.755859, 49.628640, 49.556850
0.997280, 45.543866, 49.597139, 49.593864
0.997328, 45.567243, 49.573215, 49.554547
0.997297, 45.563182, 49.581947, 49.584581
0.997507, 45.857450, 49.639511, 49.678316
0.997281, 45.431906, 49.624490, 49.632687
0.997264, 45.482359, 49.630450, 49.599676
0.997179, 45.318201, 49.618539, 49.577000
0.997524, 45.801504, 49.823046, 49.798292
0.997229, 45.494433, 49.753144, 49.619388
0.997352, 45.717626, 49.670462, 49.778964
0.997413, 45.753198, 49.883129, 49.869493
0.997609, 45.980802, 49.934450, 49.924639
0.997548, 45.908755, 49.867918, 49.839777
0.997575, 46.009413, 49.804384, 49.730527
0.997471, 45.839429, 49.918717, 49.803608
0.997769, 46.321542, 49.965399, 49.893866
0.997577, 45.905377, 49.841789, 49.783705
0.997570, 46.031734, 49.751173, 49.745811
0.997536, 45.934790, 49.802722, 49.843019
0.997691, 46.254568, 49.901567, 49.859939
0.997537, 45.992307, 49.743078, 49.708786
0.997518, 45.996952, 49.606872, 49.514132
0.997649, 46.243154, 49.919059, 49.887647
0.997810, 46.349168, 49.763783, 49.820598
0.997580, 46.010223, 49.507709, 49.622576
0.997634, 46.212506, 49.595025, 49.627256
0.997560, 46.102854, 49.587321, 49.670677
0.997720, 46.368597, 49.698822, 49.779956
0.997514, 46.035584, 49.559259, 49.681655
0.997469, 46.115090, 49.598936, 49.710196
0.997511, 46.077780, 49.669388, 49.697632
0.997679, 46.316251, 49.799288, 49.757528
0.997712, 46.356128, 49.825273, 49.857919
0.997546, 46.122776, 49.729982, 49.724755
0.997450, 46.080718, 49.744061, 49.742531
0.997506, 46.061210, 49.751501, 49.787679
0.997686, 46.304277, 49.801282, 49.758186
0.997686, 46.283409, 50.057004, 49.958502
0.997728, 46.256233, 49.960225, 49.783485
0.997543, 46.011218, 49.927489, 49.737398
0.997569, 46.127384, 49.910645, 49.743078
0.997465, 45.907456, 49.823603, 49.769607
0.997676, 46.141037, 49.942796, 49.787347
0.997455, 45.771171, 49.844361, 49.770707
0.997533, 45.900750, 49.731835, 49.693740
0.997395, 45.816513, 49.824716, 49.812706
0.997619, 46.019985, 49.789004, 49.818818
0.997413, 45.793661, 49.760709, 49.743406
0.997546, 46.038004, 49.821933, 49.821933
0.997505, 45.984239, 49.852536, 49.789335
0.997720, 46.201383, 49.883919, 49.862522
0.997553, 45.899532, 49.812594, 49.750297
0.997643, 46.110293, 49.996685, 49.759064
0.997417, 45.782989, 49.714429, 49.628640
0.997675, 46.151385, 49.910758, 49.755884
0.997451, 45.899014, 49.833746, 49.577842
0.997484, 46.001845, 49.739691, 49.629385
0.997443, 45.984584, 49.748108, 49.658870
0.997733, 46.312281, 49.935707, 49.730200
0.997505, 46.062709, 49.851079, 49.547124
0.997603, 46.159231, 49.780507, 49.613868
0.997544, 46.042337, 49.809486, 49.633006
0.997857, 46.505738, 50.028315, 49.904061
0.997591, 46.019696, 49.821711, 49.698497
0.997654, 46.223111, 49.858368, 49.780507
0.997593, 46.068332, 49.870393, 49.773238
0.997768, 46.393340, 49.954943, 49.897828
0.997693, 46.273307, 50.143866, 50.058766
0.997781, 46.401928, 49.993442, 49.946918
0.997607, 46.276258, 49.905650, 49.844697
0.997545, 46.133354, 49.891038, 49.852648
0.997530, 46.018455, 49.930683, 49.882565
0.997766, 46.359962, 49.974035, 49.901113
0.997583, 46.211948, 49.908601, 49.810263
0.997568, 46.175879, 49.834528, 49.821599
0.997519, 46.060871, 49.922702, 49.826164
0.997689, 46.224934, 49.948522, 49.835309
0.997534, 46.110222, 49.901567, 49.834528
0.997534, 46.077592, 49.854666, 49.809930
0.997493, 45.946766, 49.883694, 49.808487
0.997573, 46.146178, 49.849622, 49.819708
0.997446, 46.013776, 49.960225, 49.856348
0.997405, 45.879933, 49.874109, 49.757528
0.997429, 45.806600, 49.960570, 49.981071
0.997096, 45.360654, 49.502949, 49.585529
0.997374, 45.811515, 49.839218, 49.854105
0.997376, 45.620350, 49.681224, 49.654691
0.997418, 45.732988, 49.675302, 49.591541
0.997496, 45.893459, 49.754897, 49.678531
0.997516, 45.992192, 49.781169, 49.614717
0.997348, 45.742124, 49.470803, 49.435634
0.997228, 45.676395, 49.232342, 49.317215
0.997200, 45.604527, 49.339466, 49.385824
0.997368, 45.826747, 49.523266, 49.479846
0.997364, 45.856032, 49.640472, 49.678639
0.997102, 45.717929, 49.316422, 49.445625
0.997474, 46.339212, 49.774228, 49.844138
0.997426, 46.340223, 49.700337, 49.769607
0.997258, 46.034025, 49.615460, 49.548587
0.997409, 46.320771, 49.700553, 49.827613
0.997407, 46.274561, 49.677347, 49.792429
0.997225, 46.132045, 49.405195, 49.478920
0.997499, 46.616198, 49.634605, 49.813705
0.997150, 46.488076, 49.372457, 49.533355
0.997360, 46.696942, 49.694929, 49.921905
0.997467, 46.886042, 49.919514, 49.978186
0.997130, 46.598797, 49.464341, 49.730200
0.997452, 46.985429, 49.937192, 50.142188
0.997606, 47.203372, 50.196805, 50.288024
0.997302, 46.621841, 49.659406, 49.837319
0.997790, 47.310169, 50.374497, 50.415005
0.997487, 46.780043, 49.816261, 49.901453
0.997685, 47.095810, 50.220650, 50.269478
0.997695, 47.078023, 50.103779, 50.173210
0.997848, 47.361859, 50.327605, 50.382467
0.997773, 47.191649, 50.108056, 50.156589
0.997758, 47.208231, 50.135843, 50.285795
0.997771, 47.114147, 50.099624, 50.184205
0.997869, 47.373829, 50.285547, 50.389818
0.997814, 47.280591, 50.188199, 50.258143
0.997764, 47.204468, 50.112100, 50.241317
0.997707, 47.041802, 49.989276, 50.072422
0.997814, 47.288797, 50.184205, 50.291867
0.997771, 47.108111, 49.974611, 50.030883
0.997693, 47.113208, 50.031351, 50.058179
0.997743, 47.023139, 49.982688, 50.049960
0.997783, 47.196085, 50.083519, 50.185657
0.997955, 47.369430, 50.243892, 50.294224
0.997902, 47.292836, 50.050195, 50.238499
0.997842, 47.152138, 50.007358, 50.190016
0.997780, 47.108736, 49.936964, 50.199111
0.997807, 47.092945, 49.924525, 50.183479
0.997892, 47.230619, 50.082219, 50.244260
0.997801, 47.158598, 49.969196, 50.201782
0.997801, 47.206784, 49.941995, 50.148903
0.997763, 47.155887, 49.956435, 50.122345
0.997887, 47.276640, 50.037779, 50.229565
0.997851, 47.202474, 49.959881, 50.170315
0.997815, 47.178883, 49.946803, 50.113885
0.997792, 47.169492, 49.976110, 50.168868
0.997870, 47.226300, 50.028315, 50.196077
0.997774, 47.034649, 49.915418, 50.127954
0.997757, 47.042565, 49.908146, 50.093578
0.997605, 46.722912, 49.907579, 50.081746
0.997811, 47.054303, 50.064176, 50.297824
0.997603, 46.672661, 49.880308, 50.140990
0.997596, 46.750876, 49.892734, 50.072422
0.997564, 46.611293, 49.982919, 50.150103
0.997803, 47.001081, 50.063941, 50.241562
0.998636, 48.551195, 51.539601, 51.674057
0.998240, 47.833391, 51.404695, 51.622368
0.998096, 47.626053, 51.152579, 51.374834
0.997943, 47.328041, 50.940571, 51.223922
0.997960, 47.410929, 50.711440, 51.028425
0.997641, 47.016834, 50.591145, 50.802819
0.997573, 46.976837, 50.365406, 50.625827
0.997544, 46.875723, 50.215773, 50.546863
0.997737, 47.131753, 50.511108, 50.803377
0.997278, 46.509850, 49.965054, 50.256789
0.997319, 46.554607, 50.106392, 50.387028
0.997337, 46.450071, 50.175503, 50.369570
0.997594, 46.923337, 50.233357, 50.587957
0.997427, 46.617262, 50.092748, 50.357593
0.997363, 46.600877, 50.052776, 50.512543
0.997470, 46.602242, 50.047498, 50.374876
0.997623, 46.939382, 50.180215, 50.596463
0.997505, 46.715435, 50.032869, 50.352811
0.997479, 46.824214, 50.044217, 50.509412
0.997429, 46.617422, 50.006312, 50.399468
0.997569, 46.847408, 50.189531, 50.640987
0.997404, 46.532503, 49.980841, 50.241685
0.997360, 46.591597, 49.972076, 50.327981
0.997526, 46.792657, 50.281091, 50.593670
0.997652, 46.980162, 50.083755, 50.521686
0.997471, 46.760600, 49.933080, 50.371212
0.997466, 46.711899, 49.975533, 50.342009
0.997512, 46.814737, 50.084464, 50.430854
0.997731, 47.014530, 50.139553, 50.471894
0.997597, 46.934814, 50.041992, 50.311630
0.997543, 46.927435, 49.974611, 50.270836
0.997594, 47.022379, 49.998076, 50.345648
0.997687, 47.032438, 49.983381, 50.341632
0.997617, 46.979106, 49.953452, 50.313125
0.997558, 47.013305, 49.865557, 50.255313
0.997540, 46.940586, 49.860388, 50.234458
0.997554, 46.862190, 49.860950, 50.236539
0.997455, 46.787065, 49.644209, 50.015147
0.997517, 46.859910, 49.882791, 50.236539
0.997068, 46.313782, 49.475425, 49.779515
0.997144, 46.375575, 49.685320, 49.970233
0.996936, 46.076993, 49.558631, 49.751720
0.996965, 46.195210, 49.630450, 49.819263
0.996825, 46.072602, 49.605495, 49.661122
0.997034, 46.089368, 49.550154, 49.721383
0.996733, 45.739504, 49.254748, 49.525136
0.996642, 45.819235, 49.311966, 49.444706
0.996881, 45.965456, 49.463009, 49.478303
0.996976, 46.030200, 49.572795, 49.495407
0.996832, 45.918575, 49.417041, 49.453899
