ms-ssim, psnr-y, psnr-u, psnr-v
0.990343, 36.489551, 44.486173, 44.236374
0.985064, 35.025673, 44.202918, 44.145647
0.986423, 35.510927, 44.484935, 44.133526
0.984645, 34.979356, 44.377566, 44.092273
0.988760, 36.060671, 44.629165, 44.225776
0.985727, 35.248716, 44.684050, 44.400693
0.986467, 35.459751, 44.722233, 44.543031
0.985248, 35.156280, 44.684255, 44.593958
0.988015, 35.909936, 44.802738, 44.642754
0.984706, 35.094935, 44.882515, 44.777235
0.986511, 35.539040, 45.094944, 44.987851
0.984084, 34.965612, 44.902260, 44.765755
0.987258, 35.665523, 44.929702, 44.752157
0.981646, 34.303989, 44.845733, 44.552447
0.981106, 34.324996, 44.577659, 44.288290
0.977144, 33.694410, 44.708634, 44.393704
0.977754, 33.713478, 44.261357, 43.898572
0.973458, 33.215182, 44.531297, 44.219553
0.974220, 33.418398, 44.166903, 44.176508
0.972407, 33.216211, 44.236805, 44.162819
0.976082, 33.601899, 43.968965, 43.707476
0.973603, 33.439494, 44.410446, 44.073481
0.975274, 33.576084, 44.156745, 43.958711
0.975982, 33.634007, 44.216306, 44.056747
0.980032, 34.208435, 43.996729, 43.826195
0.976364, 33.817155, 44.329948, 44.160612
0.977801, 34.210832, 44.169567, 43.966248
0.977290, 34.083102, 44.207835, 44.091887
0.980509, 34.559657, 44.026781, 43.769260
0.977311, 34.253065, 44.351622, 44.076059
0.978569, 34.471873, 43.936553, 43.785530
0.978299, 34.527335, 44.294333, 44.138454
0.981275, 34.770426, 43.991813, 43.722478
0.978682, 34.611528, 44.386789, 44.109862
0.978323, 34.470489, 44.228170, 43.956808
0.978365, 34.680409, 44.356552, 44.150227
0.981479, 34.859416, 44.061205, 43.930558
0.978849, 34.758685, 44.396990, 44.314201
0.979096, 34.608784, 44.257307, 44.197733
0.979424, 34.803274, 44.548116, 44.452555
0.981711, 35.048588, 44.206399, 44.225776
0.979887, 34.974223, 44.524357, 44.415507
0.979196, 34.652420, 44.235052, 44.107772
0.979479, 34.861817, 44.421344, 44.337339
0.981800, 34.822507, 44.227771, 44.135118
0.979748, 34.762014, 44.565599, 44.551984
0.979597, 34.496074, 44.286299, 44.214470
0.977790, 34.392628, 44.322099, 44.137853
0.981504, 34.769714, 44.053797, 43.958769
0.977531, 34.348769, 44.116020, 43.909427
0.980254, 34.560271, 44.031267, 43.773985
0.978316, 34.394521, 43.912223, 43.249975
0.982061, 34.845545, 43.823817, 43.386971
0.977781, 34.230543, 43.771332, 43.163260
0.980404, 34.497764, 43.827427, 43.406337
0.978680, 34.346099, 43.775866, 43.291837
0.982991, 35.119603, 43.868601, 43.425433
0.979095, 34.638062, 43.934860, 43.698092
0.980960, 34.689196, 43.689786, 43.400879
0.980218, 34.634838, 43.862304, 43.565325
0.983749, 35.022121, 43.606044, 43.437621
0.978853, 34.294834, 43.722970, 43.369958
0.981939, 34.823300, 43.814430, 43.454620
0.979843, 34.490862, 43.731778, 43.376160
0.983425, 35.022196, 43.619151, 43.417403
0.979052, 34.356836, 43.813342, 43.495217
0.981827, 34.777249, 43.785835, 43.653814
0.980013, 34.429824, 43.638913, 43.403595
0.983839, 35.111324, 43.570704, 43.470989
0.981640, 34.890466, 44.019139, 43.755858
0.981642, 34.952039, 43.950439, 43.595815
0.981348, 34.922242, 44.109803, 43.883093
0.984086, 35.405173, 44.018934, 43.811166
0.980887, 34.832603, 44.238927, 43.938764
0.981548, 34.962443, 44.039107, 43.952110
0.981706, 34.939415, 44.231978, 44.138274
0.983993, 35.327571, 44.012766, 43.822335
0.981753, 34.936561, 44.306849, 44.173840
0.980805, 34.756012, 44.245610, 44.160823
0.980821, 34.698867, 44.258729, 43.835748
0.983241, 35.137377, 44.157168, 43.824097
0.980528, 34.821323, 44.332148, 44.016039
0.980875, 34.978035, 44.390962, 44.174264
0.980556, 34.958760, 44.858634, 44.432688
0.982883, 35.365989, 44.479403, 44.307037
0.979953, 34.957618, 44.783649, 44.589085
0.979684, 35.009650, 44.615585, 44.265071
0.979859, 34.884821, 44.732530, 44.418232
0.982190, 35.042025, 44.435875, 43.987193
0.977474, 34.415280, 44.367284, 43.779491
0.979115, 34.618585, 44.091292, 43.525871
0.978567, 34.362164, 44.013204, 43.355999
0.982048, 34.836339, 44.084010, 43.478034
0.979831, 34.468635, 44.214776, 43.712653
0.980467, 34.359175, 43.937816, 43.471375
0.980214, 34.473370, 44.100910, 43.779602
0.983709, 35.067417, 44.011627, 43.503289
0.980453, 34.512941, 44.340047, 43.912651
0.980967, 34.374136, 44.019226, 43.608599
0.980510, 34.520958, 44.145496, 44.062180
0.983205, 34.649967, 43.980171, 43.768652
0.979684, 33.925219, 44.266619, 44.199715
0.980923, 33.976349, 44.123685, 43.977968
0.980106, 34.005960, 44.302319, 44.177813
0.983108, 34.389850, 44.041488, 43.615231
0.978940, 33.694522, 43.955279, 43.722778
0.980912, 33.920522, 43.878927, 43.861485
0.979433, 33.689366, 43.812840, 43.910768
0.983433, 34.231510, 43.725840, 43.789830
0.980931, 33.672951, 43.903697, 44.006577
0.982073, 33.732770, 43.920251, 43.932307
0.980888, 33.556491, 43.891152, 44.041870
0.983866, 34.051356, 43.768846, 43.964774
0.979976, 33.419485, 43.955222, 44.187929
0.982147, 33.718490, 43.954242, 44.029888
0.980086, 33.507799, 43.995158, 44.169931
0.982918, 33.966165, 43.826307, 44.119462
0.979737, 33.540293, 43.885787, 44.092660
0.981206, 33.784680, 44.180362, 44.236159
0.979184, 33.515131, 44.168810, 44.215541
0.982711, 34.040053, 44.053207, 44.150469
0.978345, 33.606919, 44.182488, 44.342032
0.979912, 34.106966, 44.229828, 44.426739
0.978587, 34.020661, 44.376994, 44.352507
0.981690, 34.437254, 44.243546, 44.098526
0.978340, 34.165301, 44.396958, 44.150258
0.978653, 34.315830, 44.159826, 44.010225
0.977489, 34.280744, 44.434555, 44.300415
0.981091, 34.759313, 44.062801, 44.188294
0.976662, 34.197709, 43.967404, 43.911852
0.977074, 34.365175, 43.964052, 44.084278
0.974333, 34.112713, 43.956635, 43.974290
0.979342, 34.833359, 43.888086, 43.959144
0.973881, 34.099990, 43.880825, 43.934860
0.975126, 34.333661, 43.997486, 43.809967
0.974225, 34.031051, 43.737422, 43.504302
0.978631, 34.533410, 43.760789, 43.552615
0.972801, 33.900162, 43.863856, 43.662537
0.973583, 34.079440, 43.902957, 43.597514
0.972028, 33.721530, 43.976925, 43.584366
0.977887, 34.453275, 44.059669, 43.598682
0.971969, 33.632983, 44.193529, 43.665259
0.973382, 33.920283, 44.432559, 44.018905
0.970931, 33.570530, 44.248724, 43.705135
0.977184, 34.359373, 44.122397, 43.917707
0.969009, 33.287340, 44.079410, 43.590882
0.972665, 33.816935, 44.200295, 43.883235
0.970113, 33.398502, 44.089329, 43.655697
0.975071, 34.026095, 44.153515, 43.851651
0.968443, 33.199534, 44.125064, 43.732079
0.971017, 33.594241, 44.299198, 43.952369
0.967787, 33.101940, 44.246535, 43.740823
0.974955, 33.573816, 44.148389, 43.692146
0.968494, 32.978111, 44.261110, 43.535020
0.970233, 33.127153, 44.363704, 43.721522
0.967933, 32.930562, 44.094654, 43.629757
0.973329, 33.372870, 43.993703, 43.405575
0.968611, 33.084377, 44.075585, 43.352008
0.970825, 33.286001, 44.102639, 43.442691
0.969332, 33.054920, 44.197642, 43.233684
0.975332, 33.637770, 43.829331, 43.033623
0.969464, 32.970144, 43.993849, 43.061105
0.971627, 33.112748, 43.950813, 42.960770
0.971363, 33.120401, 43.914936, 43.113723
0.976520, 33.602386, 43.781319, 43.073864
0.972752, 33.137319, 43.818227, 43.138158
0.975114, 33.442215, 43.492029, 43.009767
0.975653, 33.610034, 43.821804, 43.358083
0.980096, 34.179546, 43.565456, 43.414856
0.976797, 33.948897, 43.717672, 43.512547
0.976852, 33.871012, 43.526263, 43.559005
0.977476, 34.075683, 43.777166, 43.887121
0.981600, 34.537797, 43.507084, 43.716962
0.977359, 33.998371, 43.685233, 44.018173
0.977311, 34.035833, 43.624785, 43.917050
0.977098, 34.074338, 43.854072, 44.157651
0.981181, 34.618786, 43.475504, 43.793800
0.978715, 34.345579, 44.225684, 44.353328
0.978229, 34.100242, 44.057809, 44.148901
0.978730, 34.095555, 44.368679, 44.461810
0.981171, 34.394065, 43.950238, 44.102073
0.979403, 34.014700, 44.334381, 44.607705
0.979950, 34.134218, 44.279025, 44.492073
0.979310, 34.035074, 44.352602, 44.469267
0.981521, 34.288221, 44.044341, 44.145045
0.979266, 34.016220, 44.038725, 44.088259
0.979954, 34.019027, 43.997602, 43.930587
0.977403, 33.752283, 43.899426, 43.888625
0.980032, 33.960523, 43.800471, 43.699070
0.976941, 33.760689, 43.751675, 43.712407
0.977494, 33.729167, 43.451256, 43.296020
0.975394, 33.637156, 43.554323, 43.321033
0.978368, 33.911219, 43.356601, 43.079210
0.972577, 33.288182, 43.415416, 43.197070
0.971908, 33.245877, 43.443767, 43.215047
0.977491, 33.785523, 43.146884, 43.133241
0.972337, 33.324137, 43.319763, 43.151697
0.973208, 33.306476, 43.085010, 42.782019
0.970695, 33.096666, 43.128091, 42.791204
0.976935, 33.659726, 42.910847, 42.787898
0.971787, 33.147760, 43.104944, 42.980487
0.973295, 33.280873, 43.026890, 42.925195
0.971163, 33.122484, 43.169102, 42.908037
0.976454, 33.675866, 43.076642, 43.080223
0.970941, 33.213550, 43.243412, 43.168693
0.972780, 33.289481, 43.216822, 43.145186
0.970500, 33.003370, 43.128615, 43.149063
0.975809, 33.480880, 43.199710, 43.056907
0.970766, 33.095836, 43.374218, 43.272431
0.971122, 33.082344, 43.467200, 43.129592
0.970901, 33.230764, 43.741180, 43.489542
0.973958, 33.378511, 43.352384, 43.114459
0.969621, 33.164809, 43.609743, 43.418931
0.971355, 33.209006, 43.399154, 43.224977
0.970708, 33.267525, 43.636930, 43.461793
0.974701, 33.496257, 43.462565, 43.170449
0.970632, 33.177017, 43.697060, 43.506720
0.971869, 33.253772, 43.576592, 43.341358
0.971453, 33.370240, 43.697304, 43.489776
0.974967, 33.514156, 43.460687, 43.185200
0.971842, 33.358269, 43.481005, 43.282987
0.972852, 33.347157, 43.214682, 43.092046
0.970961, 33.150613, 43.127519, 43.143057
0.975061, 33.460721, 42.922353, 42.914974
0.970466, 33.020787, 42.913772, 43.067633
0.974521, 33.322507, 42.919105, 42.856899
0.975344, 33.635339, 42.981316, 43.203733
0.978494, 33.978683, 42.847731, 43.061950
0.975019, 33.686246, 43.153830, 43.154597
0.975687, 33.703088, 42.912955, 42.929359
0.974543, 33.583394, 42.802132, 42.710507
0.979937, 34.143326, 42.646142, 42.867949
0.976718, 33.752254, 43.119640, 43.145999
0.977287, 33.641458, 42.959991, 42.921853
0.978050, 33.591342, 43.082203, 43.092920
0.981465, 34.188105, 42.789793, 43.017309
0.977459, 33.637174, 43.156132, 43.383205
0.979373, 34.042359, 43.370160, 43.474007
0.978100, 34.019168, 43.490086, 43.463183
0.983306, 34.784922, 43.263990, 43.454234
0.980031, 34.358359, 43.649271, 43.835552
0.979308, 34.084047, 43.678087, 43.678871
0.979260, 34.157867, 43.853284, 43.969312
0.982063, 34.567282, 43.320286, 43.502951
0.978256, 34.061656, 43.555217, 43.780903
0.977744, 33.955548, 43.489931, 43.609743
0.976027, 33.660293, 43.524800, 43.612353
0.980643, 34.282047, 43.346968, 43.506200
0.974144, 33.439666, 43.530286, 43.397125
0.975618, 33.502524, 43.297507, 43.315730
0.987887, 36.236917, 44.433782, 44.454365
0.976948, 33.949303, 44.341528, 44.034378
0.976248, 33.802209, 44.342095, 44.051881
0.971996, 33.212961, 44.274493, 44.251748
0.978571, 33.918231, 43.960500, 44.145045
0.972180, 32.947990, 43.974319, 43.966045
0.974928, 33.033824, 43.847206, 43.974145
0.971062, 32.717292, 44.085763, 43.977534
0.977636, 33.447546, 44.038931, 43.982433
0.971401, 32.822178, 44.179543, 44.027015
0.973838, 32.956803, 44.086357, 43.913137
0.971627, 32.769997, 44.160884, 43.922339
0.977878, 33.411255, 44.252674, 43.946036
0.970309, 32.683337, 44.369408, 44.170173
0.973657, 32.894044, 44.314326, 44.095517
0.969745, 32.608106, 44.363260, 44.079262
0.976305, 33.139115, 43.937098, 43.707204
0.969440, 32.305403, 44.023471, 43.657312
0.972525, 32.486075, 44.034583, 43.678303
0.968371, 32.188277, 43.964630, 43.802947
0.976423, 32.882042, 43.676681, 43.378860
0.967120, 31.967898, 43.772548, 43.272185
0.971704, 32.343227, 43.735119, 43.235296
0.970163, 32.331324, 43.874482, 43.463131
0.978147, 33.149439, 43.284543, 43.152368
0.972119, 32.336952, 43.599931, 43.401539
0.974207, 32.333961, 43.216165, 43.061832
0.972741, 32.388637, 43.288992, 43.052807
0.979505, 33.094587, 42.844984, 42.585344
0.974226, 32.533445, 43.196852, 42.802663
0.975009, 32.441957, 43.021399, 42.464485
0.973079, 32.289035, 43.032131, 42.334615
0.978734, 32.854786, 42.798376, 42.078445
0.974086, 32.277388, 43.174445, 42.574465
0.975725, 32.084719, 42.692149, 42.339024
0.972607, 31.923595, 42.827361, 42.399891
0.978810, 32.551342, 42.606910, 42.213975
0.971747, 31.868519, 42.996339, 42.330885
0.974817, 32.027341, 42.910257, 42.330052
0.972863, 31.908728, 42.978622, 42.365870
0.978049, 32.476763, 42.776038, 42.369451
0.971991, 32.092878, 42.980510, 42.523230
0.973454, 31.942270, 42.858422, 42.436414
0.971891, 31.926910, 42.865706, 42.399327
0.976218, 32.141319, 42.782569, 42.207474
0.971334, 31.808428, 42.928266, 42.153376
0.973001, 31.757623, 42.805029, 42.164394
0.971051, 31.579426, 42.701836, 41.978886
0.973029, 31.528201, 42.471055, 41.911039
0.969370, 31.175174, 42.352715, 41.888305
