ms-ssim, psnr-y, psnr-u, psnr-v
0.988125, 34.000188, 41.172070, 41.055835
0.984674, 32.716667, 41.110627, 40.839270
0.985250, 32.611020, 41.202465, 40.785115
0.984152, 32.558348, 41.124619, 40.654662
0.985847, 33.298105, 41.052038, 40.821048
0.983376, 32.702775, 41.152264, 40.581186
0.983638, 32.683246, 41.004754, 40.444515
0.983023, 32.535704, 41.131260, 40.475511
0.985380, 33.140706, 41.125534, 40.482222
0.982529, 32.118077, 41.088849, 40.228481
0.981687, 32.025646, 40.894622, 40.081313
0.978313, 31.199523, 40.736919, 40.047817
0.978103, 31.224523, 40.732927, 39.836180
0.977246, 31.269609, 40.960881, 40.023973
0.980448, 31.706202, 40.958665, 40.073918
0.978576, 31.243404, 40.993276, 40.152095
0.982571, 32.380790, 41.085090, 40.318927
0.980647, 32.120227, 41.050673, 40.446397
0.982869, 32.407388, 41.050440, 40.086402
0.983243, 32.399187, 41.054669, 40.020217
0.984773, 33.003994, 41.055635, 40.254281
0.983151, 32.381757, 41.154275, 40.397272
0.984803, 32.679001, 41.104793, 40.400967
0.985275, 32.531214, 41.109817, 40.346630
0.986776, 33.499117, 41.284576, 40.430528
0.985811, 33.007111, 41.353578, 40.446194
0.986789, 33.263684, 41.150765, 40.381923
0.986257, 33.326872, 41.275524, 40.543266
0.987738, 34.131593, 41.296746, 40.688517
0.986602, 33.615607, 41.364154, 40.557919
0.986237, 33.369390, 41.326399, 40.535869
0.985852, 33.031910, 41.258348, 40.402544
0.988003, 33.752659, 41.040634, 40.545458
0.985344, 32.890528, 41.033666, 40.448135
0.986730, 32.994446, 41.119849, 40.167520
0.986088, 32.972372, 41.148893, 40.416010
0.988622, 33.688426, 41.123502, 40.336002
0.986689, 33.245539, 41.364762, 40.455732
0.986685, 33.240279, 41.212299, 40.353428
0.985212, 33.173276, 41.124653, 40.281518
0.988099, 33.888218, 41.214649, 40.653447
0.986253, 33.081868, 41.130819, 40.640224
0.986725, 33.282316, 41.008774, 40.223636
0.985984, 33.367529, 41.161439, 40.531230
0.987379, 33.905816, 41.233249, 40.469917
0.984942, 33.013953, 41.080228, 39.981589
0.985857, 33.118732, 41.329733, 40.569969
0.985180, 33.003724, 41.365800, 40.602777
0.987567, 33.774221, 41.359005, 40.780359
0.985606, 33.012515, 41.358577, 40.604068
0.986316, 33.162880, 41.371888, 40.669574
0.985894, 33.086873, 41.318391, 40.694676
0.987393, 33.653674, 41.259780, 40.672441
0.985904, 33.220201, 41.517321, 40.701089
0.986375, 33.225144, 41.409427, 40.460087
0.985886, 33.076378, 41.513469, 40.633658
0.988309, 34.078889, 41.375042, 40.699676
0.986077, 33.447879, 41.432697, 40.519670
0.985939, 33.088185, 41.321437, 40.238794
0.985738, 33.128802, 41.254195, 40.403060
0.987801, 33.627038, 41.259186, 40.501008
0.985956, 33.016957, 41.448206, 40.600676
0.986852, 33.219824, 41.445909, 40.575634
0.986584, 33.078749, 41.366802, 40.611883
0.987937, 33.424618, 41.239779, 40.659404
0.986508, 33.189734, 41.279451, 40.479770
0.986863, 33.529585, 41.469485, 40.696485
0.985670, 33.215976, 41.414274, 40.789657
0.988259, 33.685782, 41.474363, 40.746807
0.986902, 33.314608, 41.261282, 40.673875
0.986977, 33.378252, 41.325193, 40.595279
0.986441, 33.301179, 41.443795, 40.666679
0.988034, 34.022047, 41.277522, 40.822248
0.986160, 33.134699, 41.310681, 40.589109
0.986991, 33.444141, 41.349797, 40.846250
0.986058, 33.063987, 41.415903, 40.844218
0.988082, 33.635872, 41.331579, 40.654753
0.985965, 32.986819, 41.337726, 40.375394
0.986694, 33.229484, 41.289250, 40.437920
0.986166, 33.060588, 41.302138, 40.175838
0.987502, 33.486112, 41.371135, 40.402744
0.985355, 32.739081, 41.371458, 40.037762
0.985031, 32.714472, 41.338224, 40.138045
0.985310, 32.700144, 41.325406, 40.246005
0.994153, 38.443285, 43.553358, 43.511161
0.990235, 36.457431, 42.827273, 42.823867
0.990806, 36.319766, 42.466917, 41.992658
0.990389, 36.206109, 41.996091, 41.798135
0.991158, 36.554208, 42.055876, 41.935935
0.989565, 36.254678, 41.842479, 42.062719
0.990167, 36.525454, 41.760897, 41.894833
0.989224, 36.433284, 41.862775, 42.228923
0.991100, 36.898673, 42.174263, 41.984356
0.989653, 36.507560, 42.189724, 42.327248
0.990004, 36.281644, 42.297565, 42.142051
0.989801, 36.253065, 42.407515, 42.214933
0.991629, 36.619356, 42.308578, 42.223862
0.989994, 36.181499, 42.652854, 42.405151
0.990235, 36.503552, 42.688813, 42.231849
0.990465, 36.560047, 42.652517, 42.168146
0.991058, 36.657603, 42.463921, 41.998326
0.989800, 36.483869, 42.649342, 42.096378
0.990349, 36.254970, 42.471393, 42.041887
0.990186, 36.340221, 42.383700, 42.098326
0.990970, 36.383431, 42.225825, 42.130598
0.989170, 36.126935, 42.012050, 42.162167
0.990378, 36.634394, 41.906531, 42.178835
0.989924, 36.601021, 42.050132, 42.568487
0.991350, 36.850142, 41.805890, 42.251289
0.989407, 36.364296, 41.673015, 42.127783
0.989678, 36.462057, 41.698015, 41.963526
0.988729, 36.407316, 41.930062, 42.003297
0.990533, 37.114827, 42.044899, 41.844117
0.988254, 36.694017, 41.862133, 42.125310
0.989672, 37.038091, 41.960078, 41.839604
0.989264, 37.126498, 41.996422, 42.042138
0.991433, 37.466976, 41.933405, 41.650985
0.990418, 37.416468, 41.873743, 42.073320
0.990345, 37.396898, 41.776643, 42.126205
0.991058, 37.402289, 41.891196, 42.192277
0.990972, 37.582354, 41.728253, 42.172108
0.990855, 37.756967, 41.682590, 42.088636
0.991207, 37.802682, 41.619495, 42.161608
0.988567, 37.285716, 41.645180, 42.007568
0.989920, 37.422179, 41.435714, 41.995802
0.989927, 37.209462, 41.299635, 42.051767
0.991667, 37.502612, 41.548524, 42.279154
0.989770, 36.939308, 41.708536, 42.195135
0.991030, 36.956178, 41.435751, 41.825936
0.990720, 36.575453, 41.692224, 42.024027
0.992723, 37.450739, 41.706406, 42.238057
0.990724, 36.973872, 41.889420, 42.147103
0.991311, 37.140929, 41.652361, 41.841001
0.991117, 37.145903, 41.615893, 41.928718
0.992722, 37.621616, 41.844516, 41.997622
0.991640, 37.350358, 41.973970, 42.254274
0.992142, 37.679204, 41.848514, 42.175600
0.991724, 37.717394, 41.990674, 42.091680
0.992820, 38.070875, 41.861852, 42.204154
0.992512, 37.977409, 41.824146, 42.213497
0.992531, 38.022119, 41.871089, 42.248130
0.992284, 37.864025, 41.792288, 42.143763
0.992468, 37.913226, 41.892408, 42.386822
0.992153, 37.786819, 41.804227, 42.132733
0.992237, 38.037632, 41.774991, 42.144277
0.991971, 38.017746, 41.844037, 42.250104
0.992019, 37.914378, 41.757253, 42.170644
0.991963, 38.038219, 41.812271, 42.232636
0.991093, 37.486147, 41.674936, 42.037206
0.997105, 43.962485, 46.648698, 46.931531
0.995790, 42.541170, 46.022165, 46.717975
0.994933, 41.714736, 45.505996, 46.393858
0.994236, 41.054411, 45.062947, 45.827614
0.992734, 39.736714, 44.789382, 45.842536
0.990203, 38.227768, 44.433812, 45.753860
0.990209, 38.260455, 44.286350, 45.612004
0.989904, 38.077277, 44.183123, 45.449637
0.991707, 38.742501, 44.178196, 45.534125
0.990684, 38.289961, 44.084634, 45.299137
0.990984, 38.340754, 43.947804, 45.220449
0.991291, 38.256623, 44.128019, 45.307643
0.992455, 38.676863, 44.124302, 45.308530
0.992812, 38.869607, 44.527065, 45.538425
0.991064, 38.080295, 44.209768, 45.273805
0.991574, 38.402020, 44.032610, 45.347562
0.991737, 38.418492, 44.201853, 45.581762
0.993017, 38.917909, 44.379322, 45.236299
0.992260, 38.715226, 43.787689, 44.922955
0.991827, 38.650695, 43.962030, 44.819161
0.993050, 39.209122, 44.204467, 44.617066
0.991773, 38.700240, 44.151268, 45.003330
0.991823, 38.649804, 43.872455, 44.972512
0.991996, 38.558347, 43.805477, 44.901496
0.992826, 39.022825, 43.589754, 44.729731
0.992270, 39.002654, 44.026266, 44.963408
0.991579, 38.649010, 43.902322, 44.969639
0.991671, 38.551733, 43.979241, 44.641572
0.992743, 38.894109, 44.049041, 44.798997
0.992793, 38.989149, 44.150724, 44.949827
0.993367, 39.626934, 44.473156, 45.025134
0.992633, 39.372286, 43.710130, 44.742250
0.994131, 39.717017, 43.544366, 44.577977
0.994307, 40.277380, 43.571399, 44.849864
0.992689, 39.225843, 43.592801, 44.692158
0.993231, 39.472782, 43.295221, 44.616083
0.992945, 39.342055, 43.354666, 44.855136
0.994132, 40.061742, 43.779571, 44.772726
0.992766, 39.364085, 43.806293, 45.060516
0.993072, 39.741389, 44.024813, 45.315811
0.994616, 40.567608, 44.303138, 45.258430
0.993631, 40.022475, 44.337550, 45.560368
0.993717, 40.050420, 44.420631, 45.323460
0.993289, 39.872453, 44.436424, 45.610768
0.994412, 40.323400, 44.192169, 45.217841
0.993328, 39.497947, 44.387495, 45.500058
0.993882, 39.644245, 44.575053, 45.657334
0.993634, 39.696586, 44.567343, 45.445148
0.994556, 40.036201, 44.285158, 45.366581
0.993259, 39.416699, 44.236716, 45.427971
0.993242, 39.538300, 44.279974, 45.481647
0.993099, 39.502635, 44.440926, 45.412224
0.994075, 40.099977, 44.286630, 45.279970
0.993427, 39.802630, 44.303490, 45.328002
0.993813, 40.117989, 44.458105, 45.461659
0.994277, 40.654327, 44.883681, 46.089285
0.995245, 41.149522, 45.060516, 45.867286
0.994772, 41.047995, 45.171435, 46.254317
0.994952, 41.368073, 45.141709, 46.257958
0.995657, 41.750796, 45.230196, 46.091834
0.996518, 42.768488, 45.563848, 46.164044
0.995947, 42.291227, 45.357779, 46.350677
0.995652, 42.217893, 45.138211, 46.125754
0.995368, 41.709000, 45.377744, 46.143566
0.996103, 42.248832, 45.190042, 46.156164
0.995281, 41.516664, 45.244072, 46.209983
0.995605, 41.599698, 45.240053, 46.100556
0.995372, 41.371099, 45.092052, 45.945781
0.995433, 41.533778, 45.225668, 45.645238
0.993556, 40.484916, 44.776727, 45.726815
0.994061, 40.526368, 44.613739, 45.642938
0.994474, 40.569954, 44.841650, 45.676218
0.994518, 40.476415, 44.659184, 45.513057
0.993852, 40.029836, 44.541986, 45.631264
0.993148, 39.477355, 44.552558, 45.813440
0.994164, 39.762868, 44.416511, 45.679695
0.993721, 39.646684, 44.481288, 45.565824
0.992623, 39.170699, 44.303912, 45.582706
0.993035, 39.418025, 44.511531, 45.642268
0.992843, 39.172880, 44.401799, 45.404508
0.994432, 39.901067, 44.235330, 45.396534
0.993284, 39.103463, 44.316390, 45.356792
0.993200, 39.249675, 43.872072, 45.231067
0.992958, 39.008286, 44.158546, 45.128922
0.993725, 39.821842, 44.165495, 45.085811
0.992356, 38.871531, 44.162496, 45.312968
0.992912, 39.250708, 44.030230, 45.220709
0.992728, 38.912489, 43.962615, 45.424234
0.993535, 39.242887, 43.853122, 45.123733
0.992600, 38.620098, 43.824094, 45.263256
0.992643, 38.473305, 43.562666, 44.929455
0.997253, 40.883047, 45.791274, 45.924158
0.996409, 40.069628, 45.846953, 46.125754
0.996145, 39.555615, 45.634323, 45.952361
0.995971, 39.406004, 45.433720, 45.779888
0.996090, 39.563294, 45.455689, 45.704697
0.995596, 39.087518, 45.041621, 45.427424
0.995556, 39.065400, 45.090786, 45.341837
0.995170, 38.727777, 44.642942, 45.109304
0.995245, 38.814274, 44.954240, 45.149229
0.994355, 38.017366, 44.607468, 45.195484
