ms-ssim, psnr-y, psnr-u, psnr-v
0.997750, 43.186481, 51.688615, 50.524760
0.997585, 42.996154, 51.580662, 50.363294
0.997475, 42.917022, 51.447122, 50.207373
0.997421, 42.805516, 51.335231, 50.117845
0.997397, 42.810983, 51.269773, 50.044920
0.997345, 42.663124, 51.210800, 50.052600
0.997342, 42.735534, 51.154054, 49.987802
0.997334, 42.797575, 51.116368, 50.026827
0.997323, 42.822961, 51.083617, 50.009768
0.997339, 42.846172, 51.022331, 49.996193
0.997138, 42.664038, 50.920638, 49.857526
0.997148, 42.627530, 50.910795, 49.845956
0.997153, 42.672937, 50.926375, 49.828087
0.997079, 42.560975, 50.897801, 49.763426
0.997023, 42.473240, 50.835303, 49.663509
0.996956, 42.344604, 50.764453, 49.566861
0.996899, 42.330264, 50.665989, 49.487722
0.996912, 42.312181, 50.698619, 49.525942
0.996892, 42.356700, 50.665381, 49.546758
0.996905, 42.423576, 50.640651, 49.547071
0.996933, 42.482068, 50.568485, 49.447590
0.996958, 42.572399, 50.627334, 49.591752
0.996636, 42.409204, 50.646332, 49.609812
0.996819, 42.617462, 50.761308, 49.790081
0.996573, 42.292822, 50.735856, 49.686372
0.997241, 43.087089, 51.208272, 50.177405
0.996873, 43.222179, 50.964974, 50.042782
0.997645, 43.993500, 51.490990, 50.512575
0.997478, 43.873561, 51.291652, 50.457988
0.997387, 43.451511, 51.461709, 50.357719
0.997476, 43.830990, 51.141782, 50.159686
0.997196, 43.643051, 51.068539, 50.322482
0.996594, 42.985715, 50.469439, 49.729056
0.996935, 42.896766, 50.909151, 50.083607
0.997381, 43.690739, 51.350871, 50.448786
0.997524, 44.063994, 51.232191, 50.580860
0.997359, 43.504949, 51.325741, 50.517830
0.996676, 43.205617, 50.885307, 50.288179
0.997653, 44.314739, 51.822192, 51.192679
0.997586, 44.037421, 51.636880, 51.185894
0.997499, 43.298970, 51.957551, 51.236967
0.997469, 43.101498, 51.724342, 51.088643
0.996487, 42.137694, 50.787293, 50.282607
0.996489, 41.918488, 50.551436, 49.977840
0.997739, 42.625760, 51.237661, 50.785000
0.997620, 42.400653, 50.880334, 50.551798
0.997490, 42.154906, 50.627032, 50.257312
0.997371, 41.899392, 50.469213, 50.135723
0.997308, 41.797272, 50.334018, 50.028928
0.997321, 41.850654, 50.450747, 50.075134
0.997362, 42.051835, 50.463791, 50.108116
0.997351, 41.923336, 50.484354, 50.081392
0.997398, 42.173277, 50.475353, 50.002250
0.997357, 42.109397, 50.380948, 50.018319
0.997345, 42.121235, 50.371875, 50.064735
0.997075, 41.740511, 50.005645, 49.780755
0.997067, 41.740036, 49.992169, 49.744991
0.997133, 41.860224, 50.066089, 49.784091
0.997210, 41.996025, 50.145184, 49.885190
0.997301, 42.012318, 50.237947, 49.953767
0.997331, 42.029364, 50.265686, 49.926092
0.997338, 42.018207, 50.284185, 49.929656
0.997335, 42.024715, 50.295403, 49.949610
0.997330, 42.004274, 50.309606, 49.960915
0.997325, 42.007904, 50.303882, 49.963099
0.997311, 41.999310, 50.283783, 49.942110
0.997230, 41.952216, 50.313624, 49.919770
0.996631, 41.824470, 50.264392, 49.854385
0.996756, 41.652838, 50.164560, 49.841426
0.997040, 42.228715, 50.283195, 50.093815
0.997210, 42.533106, 50.649698, 50.484256
0.996924, 42.357697, 50.265440, 50.057356
0.996837, 42.094882, 50.349888, 49.985894
0.996972, 42.585104, 50.219705, 49.860416
0.996797, 42.515358, 50.126282, 49.729792
0.997186, 42.587112, 50.352025, 49.854918
0.996805, 42.035320, 50.278896, 49.553684
0.997247, 42.903249, 50.309513, 49.748765
0.997574, 43.308113, 50.638770, 50.002453
0.997220, 42.915104, 50.207252, 49.497472
0.996787, 42.213796, 50.156679, 49.303711
0.997109, 43.255187, 50.122076, 49.489526
0.997185, 43.546865, 50.260389, 49.609203
0.997178, 43.638590, 50.386299, 49.595791
0.996895, 42.964497, 50.526625, 49.498350
0.996426, 42.308007, 50.014245, 49.061363
0.996284, 42.177444, 49.935393, 48.913961
0.997216, 42.908649, 50.363451, 49.274497
0.997476, 43.057700, 50.460147, 49.293031
0.996977, 42.077250, 49.986472, 48.837812
0.997521, 42.787669, 50.081155, 49.048444
0.997625, 42.833085, 50.159596, 49.123862
0.997700, 42.859847, 50.172365, 49.172225
0.997675, 42.876622, 50.192409, 49.174310
0.997652, 42.850347, 50.171853, 49.159307
0.997642, 42.829201, 50.126461, 49.145856
0.997641, 42.821319, 50.106541, 49.104147
0.997537, 42.510351, 50.060530, 49.156203
0.997469, 42.399673, 50.006516, 49.102473
0.997380, 42.258678, 49.978273, 49.027376
0.997747, 42.712336, 50.172245, 49.201311
0.997745, 42.727801, 50.182602, 49.219389
0.997735, 42.717487, 50.151273, 49.219147
0.997697, 42.707078, 50.100455, 49.182347
0.997694, 42.710871, 50.067208, 49.137292
0.997744, 42.743078, 50.151964, 49.243555
0.997738, 42.742508, 50.156980, 49.279479
0.997742, 42.748309, 50.161160, 49.284615
0.997755, 42.750009, 50.170646, 49.282648
0.997753, 42.750981, 50.215012, 49.293524
0.997744, 42.742104, 50.205397, 49.295027
0.997736, 42.740164, 50.185143, 49.305143
0.997739, 42.741309, 50.176711, 49.292834
0.997738, 42.762844, 50.187291, 49.281813
0.997736, 42.740662, 50.214799, 49.287074
0.997783, 42.740961, 50.307739, 49.364161
0.997802, 42.746083, 50.313998, 49.380241
0.997847, 42.785767, 50.377721, 49.440499
0.997842, 42.780820, 50.390420, 49.453695
0.997856, 42.767730, 50.414304, 49.463649
0.997860, 42.805194, 50.375319, 49.435380
0.997864, 42.793324, 50.434537, 49.462292
0.997870, 42.797244, 50.412168, 49.460192
0.997869, 42.776019, 50.439730, 49.477609
0.997884, 42.806789, 50.424041, 49.471394
0.997898, 42.822120, 50.467566, 49.534814
0.997898, 42.811575, 50.462759, 49.540312
0.997905, 42.808946, 50.506740, 49.555960
0.997885, 42.842045, 50.409905, 49.502355
0.997900, 42.836637, 50.484645, 49.573898
0.997927, 42.826427, 50.528720, 49.636151
0.997959, 42.822060, 50.579204, 49.656807
0.997968, 42.853221, 50.548968, 49.626937
0.997959, 42.831066, 50.587128, 49.623028
0.997960, 42.833920, 50.567659, 49.633726
0.997973, 42.833357, 50.608151, 49.651507
0.997974, 42.872713, 50.582385, 49.569039
0.997973, 42.867387, 50.613924, 49.602241
0.997967, 42.873034, 50.573014, 49.621115
0.997956, 42.845167, 50.619102, 49.665843
0.997942, 42.862401, 50.556672, 49.640045
0.997937, 42.849109, 50.568419, 49.651721
0.997905, 42.834288, 50.523778, 49.645812
0.997924, 42.812108, 50.524989, 49.657530
0.997909, 42.844701, 50.510032, 49.641032
0.997802, 42.777553, 50.458762, 49.609150
0.997823, 42.799151, 50.461888, 49.610607
0.997827, 42.792035, 50.512282, 49.640018
0.997840, 42.831714, 50.588655, 49.756404
0.997833, 42.822936, 50.609585, 49.758077
0.997794, 42.792671, 50.593205, 49.763838
0.997762, 42.777110, 50.596429, 49.774035
0.997736, 42.746428, 50.576257, 49.784119
0.997742, 42.721311, 50.589850, 49.727749
0.997718, 42.704494, 50.558518, 49.669415
0.997719, 42.705868, 50.526134, 49.634205
0.997713, 42.723916, 50.466469, 49.598988
0.997672, 42.707997, 50.446215, 49.571114
0.997678, 42.717990, 50.485845, 49.617105
0.997643, 42.722800, 50.405797, 49.604384
0.997866, 42.946688, 50.613657, 49.758844
0.997802, 42.907392, 50.606984, 49.765733
0.997809, 42.907017, 50.623852, 49.740947
0.997828, 42.919634, 50.587061, 49.695253
0.997863, 42.947755, 50.624253, 49.697930
0.997893, 42.940384, 50.638401, 49.757885
0.997947, 42.962665, 50.662341, 49.743050
0.997966, 42.974477, 50.722963, 49.758899
0.998000, 42.986754, 50.690762, 49.786299
0.998008, 42.971943, 50.705639, 49.839945
0.998019, 42.982497, 50.687704, 49.845872
0.998002, 42.962813, 50.712021, 49.812872
0.998007, 42.975812, 50.698109, 49.805410
0.997992, 42.976464, 50.710962, 49.799482
0.997972, 42.965271, 50.707208, 49.834751
0.998076, 43.002725, 50.834460, 49.912122
0.998070, 43.011189, 50.859580, 49.951273
0.998047, 42.975761, 50.869165, 49.893498
0.998053, 43.019131, 50.856577, 49.935050
0.998034, 43.009213, 50.867891, 49.953108
0.998054, 43.035481, 50.879127, 49.944427
0.998034, 43.022238, 50.883530, 49.996540
0.998024, 43.010923, 50.891888, 49.971644
0.998042, 43.049492, 50.886516, 50.001235
0.998037, 43.046319, 50.936146, 50.060295
0.998050, 43.078230, 50.930072, 50.047029
0.998038, 43.066781, 50.956114, 50.048084
0.998025, 43.073079, 50.932767, 50.054009
0.998009, 43.052987, 50.932012, 50.036259
0.998020, 43.069337, 50.936253, 50.044510
0.998023, 43.019776, 50.875438, 50.018319
0.998066, 43.058583, 50.914801, 50.060912
0.998081, 43.073144, 50.933126, 50.070595
0.998055, 43.054709, 50.966821, 50.087717
0.998079, 43.071706, 50.992574, 50.099743
0.998069, 43.091799, 50.991991, 50.089906
0.998075, 43.072090, 51.009658, 50.098379
0.998062, 43.095885, 51.045982, 50.151063
0.998084, 43.086330, 51.056359, 50.143296
0.998125, 43.137328, 51.067093, 50.179127
0.998094, 43.124081, 51.087786, 50.167422
0.998085, 43.118882, 51.096509, 50.169320
0.998103, 43.128456, 51.104240, 50.185596
0.998121, 43.167259, 51.138315, 50.210871
0.998117, 43.166389, 51.164426, 50.233448
0.998033, 43.097983, 50.995818, 50.048172
0.998056, 43.109109, 51.018225, 50.072039
0.998109, 43.147040, 51.068094, 50.134018
0.998153, 43.168491, 51.146913, 50.229779
0.998165, 43.192592, 51.193557, 50.259035
0.998169, 43.182712, 51.201845, 50.275034
0.998188, 43.192731, 51.207928, 50.279669
0.998206, 43.211693, 51.215131, 50.293386
0.998201, 43.206478, 51.225728, 50.323544
0.998159, 43.209059, 51.186351, 50.250981
0.998117, 43.187758, 51.165602, 50.210080
0.998110, 43.179605, 51.164199, 50.204729
0.998168, 43.177667, 51.220081, 50.251011
0.998141, 43.198640, 51.145894, 50.205914
0.998076, 43.179768, 51.124923, 50.157731
0.998129, 43.160697, 51.189934, 50.208285
0.998163, 43.174302, 51.234655, 50.249937
0.998184, 43.249606, 51.164426, 50.311755
0.998139, 43.226023, 51.096173, 50.285268
0.998130, 43.202063, 51.101699, 50.285052
0.998238, 43.180249, 51.278247, 50.393466
0.998253, 43.200812, 51.227766, 50.336931
0.998232, 43.196182, 51.210685, 50.323013
0.998219, 43.182086, 51.205325, 50.317209
0.998213, 43.166928, 51.255081, 50.353188
0.998184, 43.156745, 51.282529, 50.335928
0.998169, 43.149446, 51.227881, 50.339406
0.998167, 43.150931, 51.253649, 50.347564
0.998175, 43.153174, 51.255816, 50.359702
0.998158, 43.183715, 51.208617, 50.383037
0.998054, 42.933187, 50.878382, 49.910134
0.998102, 42.957145, 50.962658, 49.992921
0.998157, 42.981519, 51.101138, 50.139523
0.998145, 42.985217, 51.052774, 50.088457
0.998096, 42.959276, 51.001655, 50.053892
0.998088, 42.952398, 51.020131, 50.067060
0.998089, 42.936123, 50.997495, 50.092482
0.998079, 42.943875, 51.010316, 50.075459
0.998083, 42.940999, 50.963020, 50.093222
0.998039, 42.916125, 50.920172, 50.038890
0.998002, 42.893333, 50.898621, 50.014943
0.997986, 42.883181, 50.874870, 49.982544
0.997951, 42.848941, 50.870015, 49.976456
0.997912, 42.819174, 50.840155, 49.942567
0.997825, 42.761044, 50.785278, 49.898083
