ms-ssim, psnr-y, psnr-u, psnr-v
0.998213, 48.469466, 50.984042, 51.733439
0.997820, 46.621306, 50.456334, 51.934238
0.997955, 47.169729, 50.565116, 52.030318
0.997969, 47.050027, 50.172275, 52.033127
0.998031, 47.427847, 50.565859, 51.812154
0.997841, 46.607267, 50.498014, 51.972149
0.997967, 46.979073, 50.157382, 51.788871
0.997973, 47.010081, 50.330614, 51.820669
0.998022, 47.394185, 50.531841, 51.832380
0.997864, 46.574093, 50.289457, 51.673625
0.997924, 46.719736, 50.430062, 51.803162
0.997872, 46.582704, 50.122115, 51.551472
0.998000, 47.811548, 50.913498, 51.981087
0.997636, 46.225484, 50.311247, 51.705552
0.997775, 46.601847, 50.345196, 51.921540
0.997925, 46.963976, 50.550370, 51.723930
0.998093, 47.504650, 50.779657, 51.918497
0.998295, 47.495854, 50.979466, 52.225507
0.998485, 47.570405, 51.099518, 52.535269
0.998626, 48.041888, 51.533716, 52.587577
0.998965, 49.394978, 52.328888, 53.044035
0.998877, 48.739368, 52.121236, 53.308055
0.998973, 49.137678, 52.153860, 53.335221
0.999028, 49.420353, 52.478738, 53.598563
0.999191, 49.977111, 53.054162, 53.787072
0.999060, 49.602762, 52.598114, 53.809733
0.999055, 49.766344, 52.295480, 53.624011
0.999090, 49.692039, 52.435817, 53.695914
0.999333, 51.274789, 53.429223, 54.365789
0.999157, 49.628950, 52.717452, 53.782554
0.999191, 50.230522, 53.043510, 54.134485
0.999127, 49.597442, 52.981823, 54.071622
0.999296, 50.405648, 53.511093, 54.343053
0.999130, 49.905277, 52.857745, 54.154625
0.999190, 49.811867, 53.120232, 54.213205
0.999146, 49.879021, 53.019670, 54.233542
0.999274, 50.499659, 53.566000, 54.450854
0.999092, 49.893608, 52.721475, 53.947590
0.999166, 49.855712, 52.814544, 53.956009
0.999050, 49.673637, 52.727089, 53.949370
0.999257, 50.552183, 53.418184, 54.303549
0.999150, 49.845228, 53.027515, 54.224568
0.999097, 49.650019, 53.070784, 54.039124
0.998978, 49.176620, 51.815716, 53.235242
0.999069, 49.724061, 52.856235, 53.930479
0.999082, 49.838692, 52.913219, 53.827003
0.999007, 49.488262, 52.544861, 53.753533
0.999294, 50.747605, 53.550178, 54.411082
0.999148, 49.814192, 53.047452, 54.153438
0.999145, 49.940748, 53.130136, 54.159038
0.999058, 49.609443, 53.044692, 54.102018
0.999215, 50.375521, 53.198607, 54.142090
0.998993, 49.575030, 52.696788, 53.919056
0.999013, 49.609547, 52.751213, 53.868733
0.998972, 49.650755, 52.670432, 53.720712
0.999152, 50.405630, 53.222631, 53.981853
0.998930, 49.357577, 52.513707, 53.549735
0.999006, 49.558117, 52.476432, 53.595579
0.998968, 49.207299, 52.459520, 53.658981
0.999141, 50.053880, 52.974836, 53.880821
0.998977, 49.307002, 52.453095, 53.501011
0.999023, 49.448775, 52.637889, 53.532061
0.998941, 49.077633, 52.634182, 53.531179
0.999121, 50.171393, 53.028169, 53.868733
0.998978, 49.052488, 52.626778, 53.531473
0.998982, 49.289397, 52.641480, 53.485860
0.998927, 49.004768, 52.485316, 53.500866
0.999086, 49.990975, 52.763263, 53.442018
0.998869, 48.979125, 52.296586, 53.347178
0.998965, 49.189931, 52.386537, 53.370199
0.998895, 48.945497, 52.223223, 53.199969
0.999070, 49.741373, 52.879951, 53.547374
0.998801, 48.395602, 52.383264, 53.114087
0.998888, 48.946929, 52.338034, 53.130538
0.998829, 48.437548, 52.217464, 53.097565
0.999046, 49.096991, 52.785485, 53.234007
0.998822, 48.349510, 52.123255, 52.931740
0.998909, 48.500272, 52.005839, 52.746181
0.998701, 48.140880, 51.454470, 52.427603
0.998958, 49.147254, 52.153539, 52.826647
0.998812, 48.395253, 52.103852, 53.143288
0.998822, 48.489292, 51.849607, 52.940454
0.998673, 47.989927, 51.833573, 52.949698
0.998938, 48.500133, 52.190615, 53.045743
0.998743, 47.993426, 51.903015, 52.990248
0.998752, 48.401541, 51.914343, 53.008842
0.998659, 48.100272, 51.743359, 52.686976
0.998813, 48.390684, 52.155680, 53.037865
0.998543, 48.261354, 51.648023, 52.742625
0.998670, 48.500410, 51.874924, 52.673446
0.998569, 48.264631, 51.656985, 52.624034
0.998907, 49.469779, 52.299794, 53.114888
0.998607, 48.516498, 51.919207, 52.876284
0.998695, 48.807806, 51.872516, 52.672722
0.998676, 48.967073, 51.966303, 52.967602
0.998918, 49.831116, 52.457913, 53.114354
0.998620, 48.714175, 51.789462, 52.903415
0.998668, 49.190066, 52.055877, 53.060882
0.998647, 48.905689, 52.073280, 52.963603
0.998995, 49.888078, 52.639445, 53.306520
0.998777, 49.303128, 52.198609, 53.226328
0.998772, 49.401319, 52.135599, 53.309172
0.998728, 49.525583, 52.123999, 53.440146
0.998952, 49.962565, 52.527914, 53.644476
0.998730, 49.491377, 52.007391, 53.363831
0.998771, 49.706665, 51.968250, 53.312105
0.998720, 49.473169, 51.836159, 53.199560
0.998862, 49.776655, 52.210627, 53.382252
0.998646, 49.316402, 51.876129, 53.166871
0.998767, 49.562962, 51.740731, 53.055874
0.998621, 49.297331, 51.709222, 53.057586
0.998846, 49.954206, 52.267707, 53.228246
0.998643, 49.601870, 52.002428, 52.995311
0.998627, 49.767920, 51.934951, 52.932380
0.998409, 49.141273, 51.639839, 52.690123
0.998684, 50.407509, 52.598588, 53.308334
0.998314, 49.582853, 52.272103, 52.854600
0.998536, 49.635642, 52.344067, 52.837531
0.998308, 49.049986, 51.979442, 52.614861
0.998718, 50.088529, 52.695575, 53.181897
0.998414, 49.386383, 51.787888, 52.949184
0.998490, 49.603386, 51.805433, 52.649269
0.998434, 48.887327, 51.240031, 52.638368
0.998760, 49.781967, 52.234438, 52.936992
0.998489, 48.968024, 51.627497, 52.694848
0.998601, 49.326882, 51.491523, 52.589114
0.998508, 48.859785, 50.824969, 52.557173
0.998762, 49.698282, 51.711734, 52.716234
0.998494, 48.865666, 51.370296, 52.624153
0.998584, 49.066763, 51.226612, 52.399881
0.998308, 48.522140, 50.685004, 52.450917
0.998585, 48.702896, 50.678980, 52.182636
0.998152, 47.909054, 49.726875, 51.771981
0.998502, 48.427996, 49.892161, 51.425778
0.998612, 47.565975, 49.761530, 50.675171
0.998140, 46.677211, 48.823273, 50.203716
0.998295, 46.659629, 48.139288, 49.268242
0.998184, 45.564668, 47.484792, 48.749008
0.998584, 46.270460, 48.757959, 49.370314
0.998152, 45.091103, 47.466824, 48.838210
0.997876, 44.595842, 46.493282, 48.345991
0.998349, 45.475944, 47.705488, 48.802151
0.997667, 44.135701, 46.944067, 48.379339
0.998003, 44.948493, 47.574159, 48.588284
0.998043, 44.776757, 47.789524, 48.752429
0.997374, 43.968404, 47.551811, 48.660930
0.997988, 45.282030, 48.230122, 49.150415
0.997553, 43.761347, 47.282746, 48.209532
0.998088, 45.221681, 48.244367, 49.130311
0.997649, 44.071064, 47.223608, 48.134747
0.997673, 44.126034, 47.207372, 48.290285
0.997452, 43.801268, 47.034385, 48.512852
0.997987, 44.882786, 47.859943, 48.766928
0.997869, 44.390024, 47.197516, 48.827003
0.997511, 42.895366, 46.074348, 48.273786
0.997921, 43.966803, 46.806328, 48.734520
0.996925, 42.356636, 45.971505, 48.063564
0.997158, 42.726912, 46.246475, 47.989999
0.996851, 42.124868, 45.387634, 47.753981
0.997681, 43.351628, 46.536867, 48.303185
0.997531, 43.232477, 46.472780, 48.356870
0.996814, 41.779908, 45.808651, 48.164113
0.997691, 43.189921, 46.462089, 48.260448
0.997104, 42.025936, 45.928135, 48.018937
0.997661, 43.018018, 46.527043, 48.314223
0.996993, 41.255062, 45.611996, 47.995911
0.997283, 41.981763, 45.799698, 48.014231
0.997263, 41.659847, 45.909545, 48.003106
0.997852, 42.948616, 46.432581, 48.230729
0.997123, 41.328789, 45.882011, 47.838059
0.997333, 42.197685, 46.177117, 48.253860
0.997248, 41.523647, 46.352438, 48.370642
0.997712, 42.813407, 46.848076, 48.452833
0.997079, 40.964664, 46.214192, 48.131863
0.997547, 42.538679, 47.092152, 48.619426
0.997241, 41.482631, 46.593309, 48.201728
0.997171, 40.571739, 46.119370, 47.773999
0.997693, 42.404314, 47.274597, 48.468149
0.997187, 41.112813, 46.672551, 48.228127
0.997384, 41.958418, 47.144110, 48.262938
0.997425, 41.410885, 46.996981, 48.523276
0.997842, 42.570452, 47.678559, 48.808883
0.997478, 42.021903, 47.351263, 48.918042
0.997166, 40.974696, 47.483806, 48.614165
0.997777, 42.718010, 47.486326, 48.951495
0.997336, 41.955909, 47.304659, 48.735786
0.997281, 42.054674, 47.223196, 48.784676
0.997052, 41.170840, 47.154454, 48.506794
0.997677, 42.641067, 47.572817, 49.090379
0.997124, 41.202033, 46.976335, 48.745686
0.997124, 42.017265, 47.180628, 49.018822
0.996989, 41.599295, 47.260839, 48.913624
0.997444, 42.766867, 47.857554, 49.162168
0.997238, 42.249900, 48.005741, 49.279379
0.997172, 42.575794, 47.848292, 49.149611
0.997027, 42.232813, 47.497373, 49.129830
0.997508, 42.906090, 48.333984, 49.266920
0.997106, 42.275398, 48.312632, 49.085941
0.997051, 42.509588, 48.095645, 49.137518
0.996898, 42.075531, 48.095057, 49.084516
0.997362, 42.706749, 48.223406, 49.250162
0.996881, 41.443272, 47.622368, 48.744515
0.997068, 41.924663, 47.760670, 48.727610
0.997079, 41.133922, 47.639327, 48.784430
0.997630, 42.820557, 48.348307, 49.316750
0.997185, 41.339133, 47.873062, 49.231011
0.997255, 42.042479, 47.588199, 49.115718
0.997134, 41.007721, 48.176772, 49.344402
0.997624, 43.017989, 48.347950, 49.453988
0.997026, 41.523450, 48.276634, 49.595408
0.997246, 42.410287, 48.149958, 49.486988
0.997109, 41.530854, 48.143238, 49.556102
0.997392, 42.638000, 48.347950, 49.344514
0.997059, 41.680001, 48.220636, 49.317530
0.996928, 41.784621, 48.092241, 49.354445
0.996021, 40.825795, 47.082354, 48.311129
0.996721, 40.055850, 46.520837, 47.319646
0.996510, 41.663717, 48.226351, 49.558574
0.996855, 41.716064, 48.464716, 49.744475
0.997076, 41.914194, 48.693805, 49.936379
0.997701, 42.959752, 48.900955, 50.003039
0.997231, 41.532454, 48.429210, 49.912297
0.997248, 42.209153, 48.542709, 49.731406
0.997089, 42.114574, 48.778375, 49.961628
0.997470, 42.680200, 48.720517, 49.837578
0.996612, 40.928307, 46.583030, 48.378127
0.997200, 41.940742, 48.581556, 49.750317
0.997258, 41.888461, 48.455527, 49.409332
0.997520, 42.594391, 48.913979, 49.646352
0.997217, 41.419841, 48.318159, 49.308961
0.997383, 42.131639, 48.397911, 49.492956
0.997326, 41.907379, 48.359773, 49.421123
0.997555, 42.535523, 48.598420, 49.507304
0.997324, 42.063330, 48.349332, 49.394340
0.995206, 39.774251, 45.734996, 47.074339
0.997553, 42.443135, 48.335272, 49.386185
0.997344, 41.973665, 48.200651, 49.498295
0.996497, 41.057329, 47.210594, 48.663421
0.997106, 41.273443, 47.825440, 49.153042
0.997517, 42.189215, 47.968758, 48.963183
0.997130, 40.845999, 47.314024, 48.790345
0.997189, 41.181444, 47.512637, 48.678971
0.997208, 41.334235, 47.599472, 48.656384
0.997442, 41.657176, 47.546881, 48.451510
0.997173, 41.039340, 47.396045, 48.369791
0.997151, 41.122735, 47.159399, 48.263418
0.997090, 40.813310, 47.246261, 48.500883
0.997211, 41.186687, 47.172260, 47.912901
0.996954, 40.728672, 47.036920, 48.090772
0.996771, 40.247024, 46.719330, 47.739977
