ms-ssim, psnr-y, psnr-u, psnr-v
0.998386, 55.077785, 51.744308, 54.230074
0.998467, 55.302511, 50.979915, 53.955049
0.998423, 55.208185, 50.784270, 53.724609
0.998575, 55.648628, 50.929785, 53.915735
0.998356, 55.027817, 51.564341, 54.296765
0.998626, 55.832945, 50.995125, 54.057869
0.998575, 55.708050, 50.886054, 53.969775
0.998690, 56.048098, 51.120343, 54.221636
0.998584, 55.753743, 51.803929, 54.698701
0.998777, 56.308562, 51.461791, 54.999678
0.998590, 55.683706, 51.590685, 54.960441
0.998407, 55.077411, 50.378259, 54.242298
0.998370, 55.039827, 50.576025, 54.043944
0.998418, 55.129608, 50.612154, 53.985930
0.998535, 55.553174, 51.621820, 54.701439
0.998595, 55.564512, 50.818506, 53.932407
0.998774, 56.193237, 51.417773, 54.482738
0.999025, 56.935616, 51.588930, 54.671419
0.999332, 58.230716, 52.760050, 56.174665
0.999217, 57.787404, 51.961875, 55.427918
0.999422, 58.744406, 52.531073, 56.152377
0.999452, 58.914368, 52.419490, 55.951968
0.999591, 59.702637, 53.854959, 57.359460
0.999521, 59.235477, 52.868163, 56.782599
0.999437, 58.468418, 52.510096, 56.268909
0.999398, 58.272628, 52.416202, 56.043550
0.999542, 58.959244, 53.402338, 56.639468
0.999500, 58.963866, 52.635641, 55.841420
0.999520, 58.996299, 52.744425, 55.854458
0.999503, 59.070726, 52.731139, 55.954936
0.999622, 59.673231, 54.456047, 57.426737
0.999572, 59.562207, 53.175131, 56.581294
0.999531, 59.168597, 53.091514, 56.147718
0.999519, 59.146392, 53.070124, 56.094555
0.999577, 59.402491, 54.028232, 56.908076
0.999458, 58.808652, 53.036165, 56.398005
0.999469, 58.698408, 53.487627, 56.799075
0.999220, 57.394956, 51.872224, 55.454504
0.999289, 57.717391, 52.085253, 55.383734
0.999168, 57.246712, 51.842393, 55.076898
0.999410, 58.315048, 53.130021, 56.227365
0.999218, 57.585024, 51.949006, 55.213285
0.999287, 57.938793, 52.090926, 55.374831
0.999152, 57.404634, 51.766935, 54.957898
0.999367, 58.310723, 53.082781, 56.153453
0.998990, 56.886650, 51.565172, 54.824693
0.999263, 57.845483, 52.185353, 55.473783
0.999063, 57.188363, 51.906756, 55.148206
0.999444, 58.957477, 53.645377, 57.112373
0.999198, 57.723136, 51.959917, 56.147598
0.998926, 56.461838, 51.435972, 55.493868
0.998964, 56.552726, 51.476508, 54.907623
0.999126, 57.086767, 52.348422, 55.784163
0.999029, 56.853023, 51.540056, 54.930748
0.998921, 56.506866, 51.448498, 54.944483
0.999055, 56.991805, 51.645806, 54.921555
0.999226, 57.601763, 52.581361, 55.680864
0.999069, 57.075110, 51.386706, 54.681034
0.999028, 57.001096, 51.652374, 54.920025
0.998950, 56.717824, 51.281750, 54.436277
0.999157, 57.327931, 53.042351, 56.122479
0.999080, 57.199681, 52.059419, 55.782078
0.999127, 57.340248, 52.498074, 56.066691
0.999541, 58.732806, 53.890528, 57.247750
0.998974, 56.361009, 51.515536, 55.203860
0.998768, 55.818726, 51.192527, 54.750149
0.998795, 55.886241, 51.006879, 54.386009
0.999092, 56.865576, 52.002597, 55.240425
0.998949, 56.431365, 51.231806, 54.521236
0.998884, 56.285701, 51.262246, 54.688707
0.998986, 56.605571, 51.397330, 54.516149
0.999173, 57.305700, 52.222672, 55.404311
0.999041, 56.905445, 51.642039, 54.856150
0.998989, 56.724807, 51.639966, 55.043530
0.998984, 56.739422, 51.609751, 55.297968
0.999097, 56.996992, 52.962089, 56.587499
0.998773, 55.839752, 51.300756, 54.928944
0.998741, 55.749711, 51.347746, 54.991711
0.998774, 55.853788, 51.157950, 54.441917
0.999032, 56.748839, 52.300696, 55.341185
0.998889, 56.305806, 51.221924, 54.368695
0.998839, 56.203746, 51.421351, 54.640509
0.998911, 56.389855, 51.330936, 54.426225
0.999135, 57.181957, 52.457354, 55.530898
0.998981, 56.672587, 51.410988, 54.670060
0.998994, 56.749422, 51.677724, 54.992534
0.999040, 56.974294, 51.651865, 54.836154
0.999208, 57.565411, 52.705391, 55.879866
0.999009, 56.839840, 51.545928, 55.117206
0.998868, 56.358972, 51.589975, 55.135420
0.998784, 55.980998, 51.283464, 54.720565
0.999114, 57.051670, 52.661673, 55.573787
0.999002, 56.750211, 51.530396, 54.628711
0.998944, 56.650547, 51.609541, 54.756731
0.999122, 57.275835, 51.793840, 54.816513
0.999261, 57.822860, 52.849518, 55.730796
0.999158, 57.501142, 51.827355, 54.877753
0.999110, 57.328323, 51.838805, 55.014828
0.999142, 57.474523, 51.867765, 54.891858
0.999369, 58.455094, 53.082663, 55.941821
0.999109, 57.308819, 51.790993, 54.906906
0.998984, 56.778283, 51.791913, 55.082874
0.998934, 56.556102, 51.395211, 54.567623
0.999063, 56.833090, 52.311345, 55.331478
0.998943, 56.570226, 51.569497, 54.480948
0.999007, 56.826489, 51.964380, 55.141193
0.999122, 57.277345, 51.935722, 54.973906
0.999276, 57.923086, 53.077243, 55.693643
0.999194, 57.672974, 52.066458, 54.834301
0.999165, 57.545392, 52.007151, 55.068881
0.999201, 57.734219, 51.914317, 54.697419
0.999378, 58.493038, 53.057329, 55.786031
0.999279, 58.181474, 51.990570, 54.710691
0.999276, 58.096118, 52.272379, 55.313212
0.999147, 57.532234, 51.779493, 55.110243
0.999272, 57.892110, 52.686893, 55.864514
0.999153, 57.402959, 51.644832, 54.753785
0.999223, 57.739297, 51.797785, 54.985219
0.999216, 57.838781, 51.535058, 54.663353
0.999427, 58.991068, 52.817234, 55.805740
0.999334, 58.594981, 51.731073, 54.906726
0.999448, 59.150681, 52.395671, 55.222538
0.999430, 59.163513, 52.163020, 55.056512
0.999556, 59.952864, 53.496307, 56.176708
0.999536, 60.000000, 52.249303, 55.202035
0.999607, 60.000000, 52.671690, 55.427008
0.999519, 59.923001, 52.174626, 55.407834
0.999579, 60.000000, 53.276387, 56.295510
0.999387, 58.890390, 51.746648, 54.819238
0.999370, 58.555880, 52.036101, 55.117771
0.999368, 58.672813, 51.838274, 54.776538
0.999529, 59.695402, 52.962433, 56.000402
0.999567, 60.000000, 51.909230, 54.915528
0.999663, 60.000000, 52.120489, 55.319325
0.999687, 60.000000, 51.776263, 54.925969
0.999773, 60.000000, 54.016887, 56.908645
0.999754, 60.000000, 52.675714, 55.460717
0.999772, 60.000000, 52.941154, 55.877397
0.999809, 60.000000, 52.671851, 55.226979
0.999816, 60.000000, 54.112223, 57.144396
0.999736, 60.000000, 52.708527, 56.315568
0.999483, 59.591594, 52.303257, 55.755816
0.999379, 58.725126, 52.137954, 55.478898
0.999513, 59.389185, 53.342847, 56.628918
0.999565, 60.000000, 52.211081, 55.405418
0.999618, 60.000000, 52.335250, 55.641901
0.999641, 60.000000, 52.137290, 55.375831
0.999724, 60.000000, 53.483228, 56.816589
0.999746, 60.000000, 52.337037, 55.506519
0.999777, 60.000000, 52.359787, 55.718448
0.999747, 60.000000, 52.448786, 55.893582
0.999785, 60.000000, 54.352317, 57.173179
0.999670, 60.000000, 52.449754, 55.780651
0.999603, 60.000000, 52.574748, 55.926023
0.999365, 58.770372, 51.802743, 55.176946
0.999434, 58.832348, 53.034882, 56.275175
0.999391, 58.900168, 51.822501, 55.124087
0.999563, 60.000000, 52.152348, 55.527481
0.999574, 60.000000, 51.879457, 55.224082
0.999696, 60.000000, 53.286569, 56.662931
0.999705, 60.000000, 51.938620, 55.216464
0.999753, 60.000000, 52.304440, 55.645409
0.999754, 60.000000, 52.044123, 55.354493
0.999809, 60.000000, 53.525127, 56.991950
0.999786, 60.000000, 52.038371, 55.205589
0.999704, 60.000000, 52.476282, 55.838306
0.999607, 60.000000, 52.267099, 55.836972
0.999498, 59.295015, 53.634185, 56.846497
0.999337, 58.483368, 52.149446, 55.369238
0.999470, 59.249904, 52.250373, 55.673364
0.999474, 59.498014, 52.000575, 55.419833
0.999640, 60.000000, 53.572248, 56.869698
0.999620, 60.000000, 52.061469, 55.481867
0.999702, 60.000000, 52.403882, 55.707646
0.999671, 60.000000, 52.050811, 55.420035
0.999752, 60.000000, 53.569543, 57.006185
0.999750, 60.000000, 52.273358, 55.753525
0.999799, 60.000000, 52.455925, 55.926136
0.999726, 60.000000, 52.200579, 55.692245
0.999689, 60.000000, 53.573699, 56.843693
0.999252, 58.102995, 51.181288, 54.953906
0.999397, 58.657677, 52.002184, 55.460309
0.999389, 58.792871, 51.889030, 55.206551
0.999551, 59.844193, 53.352999, 56.563257
0.999575, 60.000000, 52.147117, 55.320608
0.999618, 60.000000, 52.194088, 55.688161
0.999665, 60.000000, 52.187223, 55.422156
0.999694, 60.000000, 53.403480, 56.747914
0.999725, 60.000000, 52.526351, 55.793177
0.999693, 60.000000, 52.127485, 55.588563
0.999802, 60.000000, 53.402846, 56.564308
0.999747, 60.000000, 55.983584, 58.527855
0.999232, 57.609320, 52.303504, 56.219104
0.999317, 57.881686, 52.151824, 55.909038
0.999173, 57.322920, 51.578869, 55.072981
0.999434, 58.247384, 53.739945, 56.596493
0.999379, 58.140805, 52.549491, 55.718232
0.999372, 58.076528, 52.389787, 55.599284
0.999294, 57.769068, 52.024535, 55.165504
0.999477, 58.653476, 53.192267, 56.124973
0.999374, 58.258532, 52.029713, 55.122578
0.999462, 58.769826, 52.306559, 55.333952
0.999318, 58.083467, 51.871867, 54.870540
0.999495, 59.085202, 53.014291, 55.888405
0.999425, 58.917586, 52.025875, 54.850832
0.999457, 59.087786, 52.394262, 55.145646
0.999160, 57.394797, 51.975056, 55.232295
0.999420, 58.349006, 53.426135, 56.201902
0.999272, 57.786011, 52.049371, 54.871786
0.999271, 57.739771, 52.305820, 55.058091
0.999214, 57.513266, 51.951277, 55.100100
0.999412, 58.287064, 53.405829, 56.160871
0.999279, 57.778053, 52.167028, 55.099631
0.999314, 57.880974, 52.351260, 55.214633
0.999249, 57.606020, 52.000575, 54.956627
0.999328, 57.872085, 52.890383, 55.709480
0.999220, 57.529771, 52.229157, 54.760113
0.999229, 57.523211, 52.079400, 54.869295
0.999286, 57.795205, 52.326920, 54.900361
0.999387, 58.111573, 53.232842, 56.035863
0.999278, 57.713237, 52.039670, 55.034650
0.999285, 57.706693, 52.038789, 55.187749
0.999276, 57.680232, 52.042452, 54.894094
0.999334, 57.867381, 52.580573, 55.589928
0.999309, 57.830989, 52.335151, 55.097474
0.999435, 58.436347, 53.265490, 56.345955
0.999301, 57.910840, 52.107660, 55.407129
0.999379, 58.280718, 52.584987, 55.442205
0.999242, 57.675053, 52.041014, 55.048162
0.999438, 58.629941, 53.106544, 55.996018
0.999332, 58.236023, 52.063334, 54.954631
0.999394, 58.480149, 52.376690, 55.166075
0.999060, 57.009460, 51.942608, 55.143940
0.999419, 58.488686, 53.254866, 56.117259
0.999197, 57.628378, 51.967708, 54.935984
0.999333, 58.158269, 52.452303, 55.294435
0.999253, 57.866406, 52.018625, 55.063948
0.999468, 58.979192, 53.434181, 56.293040
0.999301, 58.211470, 52.283301, 55.016484
0.999445, 59.053733, 52.713939, 55.455216
0.999146, 57.499512, 52.067811, 55.050201
0.999503, 59.246612, 54.162652, 56.928321
0.999228, 57.831561, 52.613731, 55.645941
0.999438, 59.015552, 52.806323, 55.116359
0.999566, 59.941838, 54.367189, 56.746269
0.999647, 59.838185, 55.039920, 57.939965
0.999212, 57.532644, 52.119450, 54.747467
0.999237, 57.467116, 52.212287, 55.161411
0.999132, 57.103548, 51.782901, 54.600107
0.999268, 57.594343, 52.687916, 55.278670
