ms-ssim, psnr-y, psnr-u, psnr-v
0.994109, 39.659038, 48.536098, 50.344350
0.992251, 38.748778, 48.582261, 50.332936
0.991689, 38.667327, 48.588897, 50.348302
0.991227, 38.340662, 48.544201, 50.377280
0.992141, 38.772208, 48.392507, 50.224050
0.991067, 38.389817, 48.212726, 50.018262
0.990504, 37.966002, 47.637927, 49.519073
0.992044, 38.738457, 47.600559, 49.523042
0.990989, 38.162305, 47.760203, 49.589593
0.991341, 38.377695, 47.688729, 49.492377
0.990938, 37.947879, 47.718919, 49.516507
0.992139, 38.761826, 47.690528, 49.488436
0.989538, 37.602739, 47.298882, 49.376633
0.988421, 37.288324, 47.354770, 49.346981
0.987060, 36.907988, 47.227909, 49.207652
0.986216, 36.617659, 46.943003, 48.889030
0.986171, 36.666310, 47.056599, 48.986241
0.985875, 36.577802, 46.998776, 48.863621
0.986176, 36.546199, 46.962810, 48.834770
0.986595, 36.676843, 46.750644, 48.755707
0.986287, 36.571107, 46.613851, 48.656815
0.986518, 36.640576, 46.394597, 48.454659
0.986187, 36.604215, 46.650404, 48.417967
0.987493, 37.058591, 46.465814, 48.315947
0.988207, 37.300936, 46.801739, 48.651222
0.988382, 37.360408, 46.731994, 48.575449
0.989115, 37.458167, 46.845963, 48.687634
0.990398, 38.100944, 46.748239, 48.665050
0.990417, 37.986324, 47.039722, 48.952212
0.990777, 38.089884, 47.009762, 48.875879
0.991276, 38.280775, 47.157468, 49.047932
0.992293, 38.811781, 46.964948, 48.940094
0.992164, 38.775847, 47.377514, 49.228610
0.992157, 38.640356, 47.397405, 49.121837
0.993337, 39.460500, 47.371070, 49.171420
0.993692, 39.596086, 47.484646, 49.386185
0.993273, 39.376597, 47.062294, 48.989596
0.993132, 39.289182, 47.273275, 49.190580
0.994172, 39.826827, 47.373881, 49.165017
0.993712, 39.527812, 47.603523, 49.291653
0.993832, 39.685104, 47.442886, 49.179506
0.993532, 39.543604, 47.626857, 49.270941
0.994197, 39.857337, 47.568422, 49.274799
0.993572, 39.408779, 47.673216, 49.397573
0.993729, 39.663125, 47.446685, 49.270059
0.993447, 39.308994, 47.617094, 49.345243
0.994099, 39.813551, 47.769981, 49.413430
0.993531, 39.442821, 47.730382, 49.364680
0.993422, 39.421840, 47.600897, 49.368905
0.993100, 39.270868, 47.670738, 49.349112
0.993466, 39.483928, 47.851510, 49.445949
0.991882, 38.803311, 47.187069, 48.613738
0.992461, 39.089778, 47.371176, 48.748421
0.992335, 38.940264, 47.554891, 48.864926
0.992925, 39.255950, 47.602735, 48.784873
0.992334, 38.953378, 47.698577, 48.891049
0.992339, 39.005233, 47.548882, 48.804328
0.992041, 38.842604, 47.578150, 48.843950
0.992085, 38.816870, 47.627536, 48.796318
0.991829, 38.661477, 47.576770, 48.798195
0.996461, 39.750646, 48.453609, 50.166176
0.994515, 38.223906, 47.839684, 49.428373
0.994816, 38.331612, 47.368936, 49.018406
0.994396, 37.907410, 47.213956, 48.975417
0.995301, 38.645201, 47.290597, 48.796812
0.994009, 37.584001, 47.118355, 48.740270
0.994581, 38.128369, 46.859509, 48.631488
0.994187, 37.791023, 47.117483, 48.712515
0.995393, 38.612483, 46.891249, 48.707383
0.994403, 37.704471, 46.992250, 48.650648
0.994906, 38.110203, 47.073210, 48.945459
0.994499, 37.874767, 47.149549, 49.023035
0.995725, 38.697341, 47.051638, 48.919007
0.994576, 37.757995, 46.785386, 48.524390
0.994785, 37.904159, 46.505390, 48.464395
0.994137, 37.306204, 46.725428, 48.542896
0.995159, 38.179572, 46.672673, 48.545506
0.994094, 37.294952, 46.642004, 48.481912
0.994084, 37.297255, 46.129971, 48.101492
0.993423, 36.999811, 45.914096, 47.793012
0.994632, 37.800156, 46.041533, 47.918507
0.993271, 36.583501, 45.443492, 47.361617
0.993758, 36.978066, 45.235307, 47.192460
0.993015, 36.549521, 45.650966, 47.493017
0.993874, 37.103472, 45.442533, 47.334861
0.992682, 36.417113, 45.677310, 47.460137
0.992873, 36.514677, 45.557948, 47.214608
0.992434, 36.262013, 45.604717, 47.334297
0.993411, 36.715708, 45.325283, 47.184682
0.992048, 35.931336, 45.396273, 47.049225
0.992350, 36.132472, 45.037104, 46.857359
0.991810, 35.661047, 45.175648, 46.897529
0.992825, 36.190490, 44.845046, 46.683622
0.991374, 35.624658, 44.872918, 46.789710
0.991665, 35.724212, 44.575002, 46.640561
0.991307, 35.601087, 45.040410, 46.710215
0.992679, 36.188448, 44.884783, 46.476080
0.991031, 35.465147, 44.949669, 46.721382
0.991250, 35.690761, 44.893019, 46.592209
0.990213, 35.263980, 44.775152, 46.567420
0.991979, 35.910312, 44.662382, 46.528654
0.990111, 35.158292, 44.853905, 46.632389
0.990824, 35.463628, 44.731807, 46.748362
0.990210, 35.260955, 44.814429, 46.745435
0.991462, 35.832105, 44.719695, 46.678553
0.989863, 35.320573, 44.627495, 46.619084
0.989712, 35.246437, 44.707116, 46.390508
0.991112, 35.691910, 44.724528, 46.300106
0.989740, 35.221125, 44.641325, 46.146470
0.990157, 35.368326, 44.723213, 46.491044
0.988871, 34.846760, 44.312793, 46.067412
0.990765, 35.506983, 44.546577, 46.412535
0.989417, 34.953645, 44.297461, 46.261550
0.988833, 34.820257, 44.592492, 46.444636
0.990206, 35.117568, 44.253332, 46.197597
0.988200, 34.655560, 44.576964, 46.359422
0.989030, 34.752976, 44.223810, 46.200150
0.987970, 34.583704, 44.435661, 46.299634
0.989636, 34.978463, 44.163116, 46.089736
0.988933, 34.823906, 44.277208, 46.307536
0.987577, 34.438415, 43.871975, 46.020705
0.988070, 34.860399, 43.998022, 46.168531
0.987226, 34.433742, 44.200757, 46.149584
0.989438, 35.092344, 44.075085, 46.064093
0.987400, 34.702915, 44.369174, 46.205016
0.988002, 34.882880, 44.218470, 45.897492
0.987799, 34.749722, 44.493671, 46.125001
0.989703, 35.290503, 44.301443, 46.070338
0.988014, 35.019004, 44.688699, 46.627920
0.988343, 35.187043, 44.377220, 46.619533
0.987644, 35.128507, 44.612276, 47.075137
0.989226, 35.624046, 44.354424, 47.000246
0.987108, 35.326294, 44.677051, 47.287316
0.988136, 35.805209, 44.701052, 47.099064
0.987227, 35.504837, 44.712591, 47.386859
0.989008, 36.099501, 44.933118, 47.331475
0.987333, 35.631926, 44.697148, 47.172430
0.986720, 35.727196, 45.173910, 47.591754
0.988578, 36.123829, 45.101349, 47.263094
0.987403, 35.916481, 45.156740, 47.454476
0.988166, 36.219768, 45.252987, 47.303083
0.987508, 36.014656, 45.368388, 47.704989
0.989522, 36.665108, 45.546083, 47.601760
0.988243, 36.235037, 45.544564, 47.692635
0.988488, 36.369993, 46.078124, 48.269233
0.989832, 36.827756, 45.861104, 47.971740
0.988338, 36.371643, 46.274935, 48.404722
0.988539, 36.545952, 45.874014, 48.200866
0.988206, 36.383235, 46.085262, 48.517389
0.989946, 36.936743, 45.772357, 48.096528
0.987919, 36.375602, 45.845902, 48.306052
0.988773, 36.710456, 46.177333, 48.537075
0.987897, 36.337255, 45.775189, 48.183802
0.990166, 37.102280, 46.108344, 48.338338
0.988558, 36.632242, 45.876535, 48.308921
0.989377, 36.920916, 46.184528, 48.505547
0.988521, 36.351581, 45.731385, 48.212122
0.990205, 36.958372, 46.037553, 48.334739
0.989280, 36.509253, 46.247684, 48.542942
0.991435, 39.041740, 46.932410, 49.110724
0.983205, 37.092615, 46.920206, 49.065081
0.982838, 37.184866, 46.772720, 48.931474
0.980349, 36.559288, 46.454967, 48.676808
0.983379, 37.088756, 46.092704, 48.403684
0.980372, 36.674408, 46.216482, 48.651365
0.982303, 37.058159, 46.345493, 48.726152
0.981146, 36.798646, 46.257859, 48.669893
0.983335, 37.198694, 46.178550, 48.542523
0.980637, 36.776764, 46.395705, 48.646542
0.982564, 37.121848, 46.211440, 48.515074
0.980742, 36.879069, 46.240603, 48.438571
0.982431, 36.814070, 45.560879, 47.605438
0.981342, 36.862515, 45.996710, 47.920000
0.981630, 36.892719, 45.903350, 47.804515
0.980250, 36.739728, 45.976741, 47.927031
0.982100, 37.009918, 45.906218, 47.819874
0.980298, 36.784603, 45.914910, 47.973905
0.981354, 37.065290, 45.943064, 47.953882
0.979953, 36.851358, 46.080370, 48.061144
0.982727, 37.241932, 45.833250, 47.941571
0.980075, 36.859269, 46.063540, 48.100440
0.981641, 37.128950, 45.878276, 47.920323
0.980728, 36.862650, 45.954963, 47.974519
0.982821, 37.253618, 45.921989, 47.952418
0.980431, 36.800399, 45.910232, 48.010231
0.981739, 37.081179, 45.863215, 47.948759
0.980191, 36.699717, 45.872049, 47.983726
0.983316, 37.221470, 45.677430, 47.832793
0.981141, 36.957094, 45.870789, 48.040342
0.982248, 37.200928, 45.791628, 47.935247
0.980856, 36.824081, 45.856608, 48.009366
0.982727, 37.205200, 45.725097, 47.926626
0.980641, 36.716118, 45.751136, 47.965167
0.981684, 37.003611, 45.650894, 47.865600
0.980952, 36.859873, 45.786092, 48.016707
0.983254, 37.236881, 45.610406, 47.851828
0.981473, 37.021536, 45.835823, 47.935612
0.981628, 37.023513, 45.658538, 47.776108
0.981573, 36.987095, 45.837272, 47.927112
0.983161, 37.199869, 45.671653, 47.779077
0.981536, 36.987711, 45.929667, 47.968146
0.981667, 36.888920, 45.455835, 47.619391
0.981627, 36.969018, 45.655996, 47.801372
0.983529, 37.332000, 45.553709, 47.734364
0.982364, 37.166402, 45.813918, 47.869150
0.982484, 37.104379, 45.590268, 47.765926
0.982202, 37.062525, 45.779873, 47.915885
0.983844, 37.244163, 45.583049, 47.788153
0.981362, 36.836168, 45.797146, 47.939584
0.983100, 37.161459, 45.682371, 47.850556
0.982099, 36.885230, 45.748540, 47.936544
0.983554, 37.225945, 45.649170, 47.866677
0.981998, 36.965604, 45.811756, 47.903359
0.983179, 37.132392, 45.550175, 47.626668
0.982226, 37.005946, 45.555278, 47.715606
0.983944, 37.381622, 45.579703, 47.702262
0.981544, 36.818456, 45.460117, 47.742650
0.982919, 37.158188, 45.436763, 47.558492
0.983065, 37.201805, 45.631949, 47.722968
0.984007, 37.347985, 45.484243, 47.668108
0.982802, 37.142556, 45.698656, 47.888385
0.983025, 37.068317, 45.483390, 47.693938
0.982515, 37.049641, 45.580999, 47.864205
0.984067, 37.256278, 45.515737, 47.703682
0.983215, 37.122089, 45.668695, 47.877137
0.983554, 37.172533, 45.328883, 47.753359
0.983418, 37.257389, 45.616174, 47.883818
0.984166, 37.418150, 45.474002, 47.721618
0.983806, 37.434288, 45.664322, 47.916570
0.983566, 37.307198, 45.487100, 47.752349
0.981730, 37.030216, 45.505955, 47.848610
0.983927, 37.238437, 45.322885, 47.708102
0.982167, 36.957181, 45.339589, 47.621615
0.983681, 37.232500, 45.352467, 47.735680
0.982584, 37.082696, 45.468626, 47.751612
0.984026, 37.213701, 45.306178, 47.660876
0.982162, 36.842147, 45.307682, 47.585507
0.984031, 37.269888, 45.433119, 47.698002
0.982557, 36.970061, 45.405178, 47.712987
0.981986, 36.859348, 45.408301, 47.598122
