ms-ssim, psnr-y, psnr-u, psnr-v
0.995035, 36.129333, 44.751845, 45.836172
0.994070, 35.059962, 44.809050, 45.843245
0.994316, 35.305215, 44.662691, 45.860735
0.993898, 35.050058, 44.743058, 45.788074
0.994278, 35.320216, 44.621697, 45.785745
0.993796, 34.781853, 44.648262, 45.689407
0.993861, 34.917602, 44.573569, 45.766542
0.993668, 34.743431, 44.442965, 45.669726
0.994056, 35.235297, 44.328283, 45.539961
0.993737, 34.930471, 44.296453, 45.542120
0.993471, 34.693605, 44.397979, 45.434904
0.993292, 34.535416, 44.365636, 45.367063
0.994019, 35.184317, 44.356647, 45.331062
0.992851, 34.088214, 44.350391, 45.265397
0.992765, 34.083218, 44.165934, 45.217755
0.992236, 33.868904, 44.172536, 45.118242
0.992211, 33.663643, 44.188568, 45.025014
0.991587, 33.414198, 44.164966, 45.115041
0.991872, 33.641848, 44.135298, 45.044641
0.991780, 33.527410, 44.012445, 44.997992
0.992328, 34.087828, 44.068271, 45.136555
0.992572, 34.117773, 44.238712, 45.250649
0.992880, 34.240008, 44.213950, 45.336566
0.993077, 34.566257, 44.161912, 45.330904
0.993695, 35.194063, 44.116798, 45.301917
0.993620, 34.711740, 44.309444, 45.406102
0.994066, 35.033129, 44.184129, 45.382853
0.993992, 34.954111, 44.376327, 45.560021
0.995031, 36.162315, 44.435907, 45.589991
0.994611, 35.380788, 44.631084, 45.784427
0.994989, 35.782562, 44.732116, 45.927498
0.994962, 35.741053, 44.690704, 45.872553
0.995576, 36.571460, 44.632971, 45.769649
0.995311, 35.996010, 44.873175, 45.877531
0.995349, 35.961774, 44.809541, 45.912452
0.995228, 35.904522, 44.828745, 45.843958
0.995794, 36.658692, 44.845486, 45.844537
0.995274, 35.745566, 44.895024, 45.771444
0.995417, 36.022420, 44.866876, 45.773591
0.995286, 35.869228, 44.878449, 45.807152
0.995854, 36.524744, 44.764087, 45.682408
0.995288, 35.670507, 44.769960, 45.770218
0.995405, 35.809111, 44.828886, 45.801328
0.995236, 35.665344, 44.705617, 45.687517
0.995720, 36.353534, 44.670604, 45.686830
0.995139, 35.513308, 44.830014, 45.785130
0.995388, 35.807888, 44.889587, 45.835994
0.995212, 35.650539, 44.829027, 45.752217
0.995716, 36.320612, 44.871929, 45.835861
0.995002, 35.438419, 44.898104, 45.701069
0.995266, 35.820828, 44.862078, 45.824585
0.995207, 35.672490, 44.903372, 45.894709
0.995727, 36.289344, 44.918244, 45.868923
0.995117, 35.619092, 44.880588, 45.870491
0.995339, 35.929309, 44.900719, 45.933131
0.994931, 35.395175, 44.895669, 45.956604
0.995699, 36.324876, 44.889981, 45.834972
0.995140, 35.724341, 44.838768, 45.915484
0.995314, 35.857160, 44.693812, 45.769693
0.994919, 35.522080, 44.672337, 45.711899
0.995624, 36.323993, 44.762316, 45.677948
0.994997, 35.572678, 44.784242, 45.771400
0.995148, 35.740493, 44.699557, 45.651625
0.994902, 35.613740, 44.879304, 45.729820
0.995633, 36.386082, 44.779430, 45.782802
0.995081, 35.745469, 44.841842, 45.915212
0.995164, 35.840299, 44.983466, 45.984756
0.994910, 35.687735, 44.989131, 45.886516
0.995525, 36.324984, 44.904986, 45.841109
0.994930, 35.519662, 45.083079, 46.044972
0.994836, 35.657640, 45.149060, 46.097245
0.994933, 35.789411, 45.131488, 46.164705
0.995277, 36.162892, 45.187251, 46.190818
0.994611, 35.376543, 45.196909, 46.188889
0.994818, 35.701804, 45.082070, 46.137366
0.994548, 35.627973, 45.081921, 46.144710
0.994884, 36.120630, 45.052353, 46.121909
0.994255, 35.387254, 45.280429, 46.250019
0.994447, 35.572601, 45.302428, 46.283101
0.994312, 35.675913, 45.452204, 46.378696
0.995070, 36.312309, 45.443627, 46.320858
0.994478, 35.792082, 45.606698, 46.513849
0.994713, 35.842180, 45.527770, 46.481804
0.994451, 35.350920, 45.433040, 46.361705
0.995132, 36.249014, 45.545445, 46.368484
0.994413, 35.569822, 45.579838, 46.366725
0.994583, 35.920836, 45.200978, 46.354837
0.994482, 35.734209, 45.476770, 46.520089
0.995238, 36.487779, 45.559437, 46.665325
0.994802, 35.860192, 45.551020, 46.762883
0.994797, 36.303138, 45.814444, 46.906142
0.994688, 36.135950, 45.948112, 47.009154
0.995215, 36.792994, 45.731469, 46.882265
0.994691, 36.175520, 45.855775, 46.969790
0.994774, 36.242577, 45.724921, 46.788545
0.994705, 36.409135, 45.628383, 46.779864
0.995256, 36.904872, 45.513220, 46.743940
0.994647, 36.099196, 45.599115, 46.817870
0.994821, 36.484750, 45.596464, 46.627291
0.994440, 36.178050, 45.649154, 46.773736
0.995093, 36.817766, 45.543866, 46.563020
0.994483, 36.090769, 45.505840, 46.571595
0.994712, 36.337205, 45.591377, 46.734800
0.994508, 36.229478, 45.527646, 46.719791
0.995059, 36.885450, 45.454524, 46.683873
0.994633, 36.518526, 45.557435, 46.746132
0.994658, 36.276882, 45.611001, 46.756010
0.994642, 36.194666, 45.523549, 46.652914
0.995190, 36.894248, 45.532037, 46.528578
0.994609, 36.220895, 45.632156, 46.768223
0.994797, 36.304344, 45.625248, 46.817480
0.994552, 35.882745, 45.743723, 46.826070
0.995426, 37.044336, 45.705208, 46.791314
0.995063, 36.504530, 45.733205, 46.902901
0.995046, 36.479006, 45.814267, 46.957227
0.994721, 35.934196, 45.762694, 46.766461
0.995343, 36.897632, 45.625418, 46.763268
0.994977, 36.267229, 45.816656, 46.926435
0.995041, 36.296004, 45.831063, 46.827187
0.994785, 35.953043, 45.522970, 46.780748
0.995358, 36.664382, 45.678805, 46.813915
0.994705, 35.726279, 45.539255, 46.753977
0.994920, 35.834712, 45.411622, 46.487946
0.994601, 35.445246, 45.443627, 46.603038
0.995381, 36.431712, 45.139470, 46.251730
0.994843, 35.766617, 45.381211, 46.454400
0.994937, 35.858654, 45.358891, 46.545608
0.994676, 35.561547, 45.259671, 46.521702
0.995179, 36.212856, 45.047161, 46.059689
0.994625, 35.475108, 45.068639, 46.151301
0.994642, 35.489470, 45.094569, 46.197190
0.994499, 35.430945, 45.092958, 46.070138
0.995165, 36.068736, 45.012088, 45.898270
0.994447, 35.318893, 45.237307, 46.089604
0.994718, 35.690571, 45.163542, 46.156179
0.994458, 35.295140, 45.270155, 46.259025
0.995282, 36.203182, 45.157113, 46.308451
0.994616, 35.620159, 45.310140, 46.345480
0.994884, 35.756725, 45.350257, 46.400966
0.994474, 35.312002, 45.479635, 46.397676
0.995296, 36.300861, 45.361281, 46.232743
0.994651, 35.473514, 45.563776, 46.485984
0.994955, 35.827551, 45.550437, 46.480979
0.994517, 35.325529, 45.510126, 46.330860
0.995131, 36.101025, 45.396772, 46.358746
0.994658, 35.679131, 45.521523, 46.527484
0.994816, 35.767135, 45.475338, 46.559973
0.994526, 35.574271, 45.226786, 46.294102
0.995419, 36.462050, 45.280977, 46.315643
0.994653, 35.741741, 45.449031, 46.465793
0.994942, 35.962647, 45.375171, 46.454144
0.994779, 35.699970, 45.337081, 46.419128
0.995330, 36.384278, 45.274293, 46.321703
0.994720, 35.568919, 45.319838, 46.416841
0.994914, 35.915174, 45.319207, 46.381619
0.994846, 35.737032, 45.286379, 46.358947
0.995336, 36.320570, 45.182889, 46.348931
0.994683, 35.477014, 45.392796, 46.478092
0.995073, 35.811554, 45.349502, 46.422281
0.994911, 35.675385, 45.402882, 46.469546
0.995486, 36.270253, 45.349224, 46.426760
0.995095, 35.849119, 45.339817, 46.536980
0.995111, 35.911794, 45.351728, 46.507566
0.994878, 35.583049, 45.364470, 46.431244
0.995396, 36.239200, 45.218256, 46.363462
0.994876, 35.568239, 45.239321, 46.392721
0.995002, 35.677159, 45.218680, 46.452043
0.994634, 35.126176, 45.143182, 46.376128
0.995371, 36.066206, 45.109810, 46.391307
0.994726, 35.199950, 45.080688, 46.381014
0.994771, 35.504645, 44.964949, 46.385098
0.994495, 35.129138, 44.865809, 46.390801
0.995114, 35.789164, 44.642146, 46.129512
0.994350, 35.040185, 44.675739, 46.335395
0.994089, 34.706088, 44.447515, 45.990188
0.995185, 35.727074, 44.403889, 45.833550
0.994455, 34.841120, 44.168023, 45.697624
0.995323, 35.409110, 44.055950, 45.593647
0.994627, 34.814374, 44.067265, 45.590621
0.994357, 34.376656, 43.737943, 45.394040
0.994381, 34.390356, 43.827511, 45.413799
0.995427, 35.421176, 43.981447, 45.430570
0.994626, 34.525960, 43.699614, 45.263176
0.994845, 34.623714, 43.864138, 45.480577
0.994684, 34.321343, 43.814681, 45.453425
0.995624, 35.423098, 43.803560, 45.451756
0.994861, 34.545585, 43.789830, 45.372373
0.994911, 34.547256, 43.893425, 45.398781
0.994759, 34.347089, 43.629516, 45.156656
0.995614, 35.181036, 43.883376, 45.311991
0.994623, 34.163574, 43.697902, 44.998835
0.994691, 34.122186, 43.655859, 44.950243
0.994556, 34.024173, 43.658658, 44.815722
0.995282, 34.886015, 43.738107, 44.876666
0.994231, 33.903017, 43.486048, 44.769960
0.994619, 34.357747, 43.655912, 45.032543
0.994554, 34.365311, 43.635966, 44.883515
0.995042, 34.873016, 43.723079, 44.927682
0.994581, 34.482124, 43.490553, 44.842479
0.994714, 34.535347, 43.704183, 45.048458
0.994514, 34.172589, 43.555480, 44.890660
0.995158, 34.886108, 43.709655, 45.037793
0.994675, 34.415659, 43.418702, 44.667410
0.994764, 34.318842, 43.496592, 44.863819
0.994702, 34.150550, 43.421964, 44.684391
0.995341, 34.921477, 43.575165, 44.837637
0.994450, 34.092611, 43.295104, 44.606365
0.994803, 34.391235, 43.472613, 44.741365
0.994559, 34.144919, 43.489672, 44.669754
0.995203, 34.832178, 43.514891, 44.807261
0.994569, 34.171017, 43.314412, 44.609649
0.994812, 34.318611, 43.519452, 44.728739
0.994717, 34.212647, 43.390995, 44.635634
0.995255, 34.788690, 43.553798, 44.776503
0.994506, 34.034950, 43.278767, 44.488128
0.994633, 34.164487, 43.449023, 44.597065
0.994490, 34.024426, 43.418625, 44.543295
0.995079, 34.640952, 43.405652, 44.638973
0.994169, 33.755291, 43.099070, 44.430276
0.994524, 34.070764, 43.344112, 44.590053
0.994402, 33.942277, 43.320012, 44.607873
0.995037, 34.482315, 43.407303, 44.659469
0.994405, 33.924525, 43.268664, 44.498014
0.994522, 33.997862, 43.497007, 44.692650
0.994225, 33.812742, 43.416104, 44.533898
0.994799, 34.359377, 43.546025, 44.713368
0.994088, 33.754081, 43.367188, 44.509036
0.994220, 33.912375, 43.517783, 44.734495
0.993974, 33.738475, 43.529345, 44.692001
0.994808, 34.483867, 43.634386, 44.810173
0.993829, 33.601367, 43.301621, 44.565400
0.994294, 33.976083, 43.527961, 44.787663
0.993854, 33.436843, 43.463594, 44.691148
0.994790, 34.412259, 43.601870, 44.717455
0.994044, 33.822781, 43.304673, 44.478817
0.994093, 33.726115, 43.335230, 44.631691
0.994062, 33.608739, 43.175746, 44.577426
0.994837, 34.452215, 43.257136, 44.624051
0.993999, 33.651336, 43.105774, 44.401077
0.994225, 33.856066, 43.374848, 44.686847
0.994022, 33.595401, 43.318717, 44.650934
0.994817, 34.464984, 43.441154, 44.737635
0.994040, 33.661429, 43.155892, 44.584951
0.994406, 34.013020, 43.432405, 44.793148
0.994164, 33.759116, 43.451025, 44.771143
0.994780, 34.391827, 43.586643, 44.876488
0.994070, 33.773130, 43.418294, 44.721029
0.994290, 34.118780, 43.578917, 45.024424
0.994167, 33.880859, 43.504900, 44.938911
0.994888, 34.555375, 43.526106, 44.956446
0.996998, 36.807319, 45.464918, 46.495546
0.995461, 34.649787, 45.624867, 46.595831
0.995438, 34.569469, 45.480946, 46.587314
0.995201, 34.356268, 45.162515, 46.337640
0.995667, 34.821755, 44.939020, 46.186190
0.994618, 33.896485, 45.023834, 46.227049
0.994856, 34.163442, 44.904986, 46.080095
0.994430, 33.652288, 44.770656, 45.910552
0.995508, 34.855578, 44.702055, 45.898720
0.994595, 34.047491, 44.515657, 45.801195
0.994800, 34.153104, 44.425133, 45.665279
0.994438, 33.765306, 44.419451, 45.640477
0.995221, 34.609146, 44.340299, 45.522267
0.994418, 33.813620, 44.232132, 45.466633
0.994395, 33.761577, 44.193224, 45.459616
0.993944, 33.542354, 44.109623, 45.235835
0.994865, 34.227310, 43.976578, 45.215635
0.993880, 33.394662, 44.089924, 45.189817
0.993999, 33.591241, 43.927320, 45.179984
0.993740, 33.454106, 43.896354, 45.188706
0.994822, 34.358085, 43.908799, 45.157531
0.993719, 33.527081, 43.917450, 45.207281
0.993936, 33.575845, 43.823705, 45.182736
0.993993, 33.648358, 43.974405, 45.332606
0.995006, 34.435684, 43.937845, 45.266644
0.994074, 33.677009, 43.827959, 45.272067
0.994220, 33.820373, 43.950900, 45.277302
0.994100, 33.768408, 43.912880, 45.262475
0.994860, 34.433999, 43.772714, 45.124577
0.994219, 33.895088, 43.759990, 45.170630
0.994223, 33.845542, 43.655051, 45.150351
0.994015, 33.557970, 43.603172, 45.108645
0.994779, 34.351579, 43.567855, 45.114175
0.993800, 33.605165, 43.559663, 45.009883
0.994079, 33.872139, 43.499498, 44.923176
0.993731, 33.439493, 43.506538, 44.911987
0.994596, 34.248946, 43.448921, 44.880945
0.993786, 33.509516, 43.391931, 44.886586
0.993942, 33.756391, 43.420052, 44.911628
0.993819, 33.619375, 43.298176, 44.905739
0.994422, 34.127460, 43.267508, 44.897137
0.993656, 33.541896, 43.289437, 44.999678
0.993789, 33.590797, 43.248333, 44.931181
0.993555, 33.368009, 43.160139, 44.823637
0.993939, 33.758682, 43.143392, 44.706131
0.993121, 33.211809, 43.129259, 44.669924
0.993285, 33.366003, 43.048383, 44.537259
0.992924, 33.134301, 43.112322, 44.587985
0.992535, 32.828580, 43.053697, 44.524948
0.991275, 32.116581, 42.688034, 44.256658
