ms-ssim, psnr-y, psnr-u, psnr-v
0.997327, 46.032711, 49.260514, 50.000510
0.996807, 44.526551, 48.646232, 50.047264
0.997095, 45.049877, 48.616956, 50.238254
0.997031, 44.867667, 48.319573, 50.106630
0.997190, 45.190344, 48.819086, 50.159475
0.997076, 44.772039, 48.763433, 50.086711
0.997154, 44.928619, 48.367797, 49.864882
0.997122, 44.882819, 48.661882, 49.779295
0.997143, 45.140199, 48.726002, 50.029482
0.997044, 44.518847, 48.234575, 49.923044
0.997070, 44.638172, 48.535835, 50.097608
0.997067, 44.416365, 48.111469, 49.830177
0.997237, 45.672765, 49.041674, 50.200446
0.997190, 44.701131, 48.713999, 50.165012
0.997525, 45.366066, 49.043441, 50.505503
0.997661, 45.853632, 49.190664, 50.397435
0.997941, 46.617847, 49.549318, 50.623952
0.998088, 46.486371, 49.954370, 51.232075
0.998302, 46.517241, 49.906330, 51.511921
0.998424, 46.765497, 50.371591, 51.661799
0.998737, 48.347698, 51.184752, 52.007933
0.998649, 47.532340, 50.987914, 52.378845
0.998786, 48.058146, 51.134624, 52.435358
0.998829, 48.107737, 51.301929, 52.723643
0.999078, 49.059168, 51.888807, 52.852983
0.998855, 48.155832, 51.411590, 52.803835
0.998848, 48.333633, 51.327511, 52.709988
0.998894, 48.328106, 51.343597, 52.668420
0.999219, 50.175503, 52.547927, 53.364621
0.998986, 48.480915, 51.743312, 52.834014
0.999022, 48.908186, 51.881826, 53.009419
0.998978, 48.473464, 51.914137, 53.052058
0.999156, 49.413570, 52.361434, 53.296962
0.998902, 48.524923, 51.727577, 53.021260
0.998992, 48.797451, 51.961237, 53.172422
0.998929, 48.422486, 51.791387, 53.028706
0.999128, 49.398829, 52.388883, 53.300183
0.998912, 48.523582, 51.821090, 52.929017
0.998973, 48.875306, 51.792964, 53.070830
0.998826, 48.443056, 51.422517, 52.974549
0.999080, 49.252380, 52.381854, 53.484263
0.998950, 48.506202, 51.854905, 53.217187
0.998901, 48.357577, 51.862376, 53.143870
0.998803, 48.135311, 50.955861, 52.329199
0.998901, 48.448914, 51.867008, 52.889819
0.998883, 48.572720, 51.805598, 52.852089
0.998769, 48.047704, 51.648729, 52.786620
0.999122, 49.584712, 52.605220, 53.375201
0.998934, 48.689856, 51.961419, 53.034765
0.998952, 48.895197, 52.068185, 53.034765
0.998860, 48.512948, 51.954503, 53.016612
0.999066, 49.263131, 52.254902, 53.199468
0.998801, 48.281157, 51.683102, 52.829118
0.998793, 48.108599, 51.740022, 52.786180
0.998756, 48.147120, 51.521457, 52.630007
0.998978, 49.045884, 52.204141, 53.045506
0.998731, 48.140163, 51.525245, 52.596778
0.998796, 48.347679, 51.613784, 52.480077
0.998767, 48.021947, 51.277119, 52.453884
0.999004, 48.974841, 52.086893, 52.743225
0.998798, 47.980016, 51.449793, 52.426226
0.998880, 48.383792, 51.765542, 52.284037
0.998794, 47.808836, 51.609415, 52.282075
0.999015, 49.105775, 52.057557, 52.934255
0.998844, 48.105262, 51.421391, 52.196058
0.998815, 48.298833, 51.533160, 52.329992
0.998764, 47.856387, 51.522610, 52.396326
0.998954, 48.929656, 51.915399, 52.389687
0.998721, 47.969687, 51.326567, 52.295431
0.998777, 48.054089, 51.500112, 52.423996
0.998703, 47.745692, 51.363233, 52.221318
0.998966, 48.539064, 51.824971, 52.523188
0.998641, 47.262140, 51.485559, 52.519873
0.998745, 47.721352, 51.344229, 52.406808
0.998707, 47.393875, 51.127252, 52.172857
0.998931, 48.010308, 51.641785, 52.262509
0.998685, 47.242186, 51.122595, 51.987911
0.998752, 47.460689, 51.097890, 51.850819
0.998531, 46.688143, 50.563201, 51.670819
0.998809, 47.936107, 51.379770, 51.846560
0.998608, 47.196952, 51.180641, 52.097781
0.998639, 47.348741, 50.876679, 52.036750
0.998464, 46.822721, 50.924617, 52.028972
0.998812, 47.547789, 51.337755, 52.100225
0.998534, 46.770497, 50.881080, 52.139140
0.998562, 47.098871, 51.119743, 52.189910
0.998463, 46.902575, 50.530717, 51.745218
0.998664, 47.243092, 51.360218, 52.033600
0.998276, 46.862317, 50.705571, 51.857038
0.998473, 47.401406, 51.001035, 51.895978
0.998330, 47.151792, 50.926770, 51.867186
0.998779, 48.257357, 51.387424, 52.112655
0.998377, 47.281831, 50.914586, 51.966158
0.998342, 47.542222, 50.913871, 51.801383
0.998373, 47.484404, 50.882216, 51.947235
0.998708, 48.449867, 51.378496, 52.155680
0.998347, 47.561788, 50.959909, 52.186456
0.998441, 48.056330, 51.204292, 52.117372
0.998449, 47.687196, 51.111947, 52.154918
0.998813, 48.765963, 51.669116, 52.469008
0.998609, 48.193055, 51.316978, 52.233518
0.998586, 48.277237, 51.219774, 52.368030
0.998468, 47.990443, 51.107605, 52.452252
0.998772, 48.768778, 51.598511, 52.674211
0.998480, 48.255456, 51.052294, 52.436374
0.998572, 48.607080, 50.796407, 52.425617
0.998520, 48.413343, 50.683664, 52.231773
0.998658, 48.707687, 51.159994, 52.434139
0.998404, 48.050886, 50.882500, 52.145976
0.998510, 48.403397, 50.874977, 51.934726
0.998393, 48.252702, 50.799054, 52.172475
0.998639, 48.726564, 51.256009, 52.404386
0.998478, 48.385451, 51.104614, 52.357242
0.998254, 48.024319, 50.920172, 52.026938
0.998490, 48.464987, 51.354829, 52.189718
0.997780, 47.870798, 51.309290, 51.762757
0.998069, 48.421196, 51.482622, 51.986262
0.998056, 48.057498, 51.217011, 51.736388
0.998508, 48.597268, 51.823383, 52.275805
0.997949, 48.064416, 51.127252, 51.870752
0.998150, 48.287660, 51.223000, 51.939979
0.998049, 47.718968, 50.452162, 51.686520
0.998545, 48.262892, 51.017565, 51.949596
0.998195, 47.916721, 50.625827, 51.738983
0.998381, 48.303519, 50.377658, 51.645509
0.998270, 47.857768, 50.317364, 51.754065
0.998616, 49.023231, 50.971060, 51.943424
0.998163, 47.645664, 50.190743, 51.686862
0.998337, 48.040923, 50.096185, 51.634177
0.998124, 47.467981, 49.705318, 51.565297
0.998394, 48.234788, 50.246346, 51.594994
0.997924, 46.861331, 48.892321, 50.786945
0.997788, 46.497486, 48.668192, 50.743934
0.998227, 46.854231, 48.338989, 50.158273
0.998294, 46.110992, 48.595925, 49.475425
0.998269, 46.100976, 48.434396, 49.382202
0.997665, 44.368774, 46.139416, 47.895493
0.998029, 44.576935, 46.464355, 47.968598
0.997903, 43.344725, 45.816833, 47.342323
0.998306, 44.902018, 47.421515, 48.084530
0.997569, 43.065466, 45.363195, 46.994619
0.998072, 43.960710, 46.711246, 47.645428
0.997352, 42.815543, 46.072109, 47.277043
0.996979, 42.734430, 45.047272, 46.677987
0.997852, 43.892097, 46.422535, 47.204011
0.996969, 42.664868, 45.856534, 47.289822
0.997311, 43.367610, 46.393024, 47.542485
0.997274, 42.231647, 45.828488, 46.927293
0.997886, 44.141823, 47.297470, 48.010491
0.997309, 42.478943, 45.727478, 46.839658
0.997288, 42.541308, 45.891961, 46.958551
0.997043, 42.347810, 45.783505, 47.257452
0.997633, 43.489827, 46.840667, 47.506420
0.997139, 42.231860, 45.511157, 47.212120
0.997014, 41.222393, 44.841100, 46.544980
0.997615, 42.597347, 45.402681, 47.014923
0.996496, 40.919531, 44.460838, 46.620097
0.996518, 41.438369, 44.963821, 46.670062
0.996388, 40.568406, 43.748650, 46.211124
0.997279, 41.769470, 45.001365, 46.950385
0.997053, 41.772167, 45.003272, 46.937592
0.996235, 40.184695, 44.364812, 46.623026
0.997315, 41.659501, 44.973614, 46.906654
0.996652, 40.513616, 44.467579, 46.636367
0.997289, 41.572356, 45.062534, 46.908759
0.996585, 39.809805, 44.468520, 46.644231
0.997310, 41.461770, 45.156618, 46.942062
0.996794, 40.216873, 44.458830, 46.515980
0.996989, 40.483641, 44.568021, 46.809408
0.996727, 40.101342, 44.596063, 46.513953
0.997376, 41.441685, 45.124087, 47.147732
0.996938, 40.119328, 44.792309, 46.889340
0.997269, 41.092872, 45.415978, 47.250674
0.996612, 39.173730, 44.871110, 46.801184
0.996967, 40.316719, 44.857782, 46.771255
0.996846, 39.733138, 44.769717, 46.629691
0.997473, 41.008385, 45.512188, 47.032629
0.997042, 40.183791, 45.457212, 46.876160
0.996988, 39.744717, 44.942456, 46.798465
0.997567, 41.341516, 46.059455, 47.231323
0.997218, 40.214226, 45.441637, 47.156519
0.997157, 40.221517, 45.745856, 47.038546
0.997535, 41.301636, 46.475310, 47.349056
0.996752, 39.307886, 45.964609, 46.840499
0.996997, 40.664499, 45.889575, 47.325566
0.996789, 40.203337, 45.927679, 47.038019
0.997258, 41.293323, 46.155701, 47.392857
0.996526, 39.755048, 45.609229, 46.960566
0.996858, 40.483297, 45.514169, 47.197438
0.996610, 39.904467, 45.673407, 46.820490
0.997142, 41.363998, 45.968136, 47.438711
0.996473, 40.088513, 45.468879, 47.050524
0.996725, 41.004033, 45.924593, 47.471429
0.996728, 40.794471, 46.028399, 47.557722
0.997090, 41.501644, 46.231283, 47.755639
0.996576, 40.782559, 45.761034, 47.356746
0.996662, 40.733577, 46.000425, 47.364007
0.996486, 40.663046, 46.117828, 47.239422
0.996903, 41.384815, 46.477216, 47.488434
0.996445, 40.510534, 46.246353, 47.383706
0.996530, 40.743177, 46.141943, 47.415307
0.996320, 39.951210, 46.191445, 47.031633
0.997008, 41.259661, 46.729282, 47.291499
0.996607, 39.735197, 46.170175, 47.197256
0.996800, 40.580890, 46.142611, 47.361480
0.996809, 39.997485, 46.339087, 47.654878
0.997286, 41.602593, 46.743447, 47.759860
0.996686, 39.615675, 46.627771, 47.646642
0.996876, 40.440417, 46.790815, 47.736387
0.996551, 39.907936, 46.795581, 48.028128
0.997039, 41.408157, 46.946824, 47.890139
0.996783, 40.179532, 46.554305, 47.790845
0.996799, 40.337338, 46.695668, 47.717425
0.996492, 39.916226, 46.482165, 47.467027
0.996530, 40.885737, 46.698215, 47.610574
0.995196, 39.268421, 45.395245, 46.759582
0.996120, 38.445409, 44.678020, 45.521440
0.995916, 40.290063, 46.723062, 48.090577
0.996440, 40.381309, 46.871419, 48.258114
0.996788, 40.495922, 47.204194, 48.511569
0.997397, 41.723346, 47.432928, 48.601467
0.996935, 40.294621, 47.107396, 48.609794
0.996931, 40.877051, 47.117116, 48.450922
0.996789, 40.908297, 47.296910, 48.539561
0.997049, 41.419204, 47.138843, 48.329586
0.995848, 39.243567, 44.742609, 46.635191
0.996842, 40.620369, 46.933526, 48.238438
0.996853, 40.296107, 46.995896, 48.013793
0.997151, 41.507366, 47.415883, 48.258969
0.996707, 40.140059, 46.806683, 47.802574
0.996973, 40.839128, 46.702175, 47.944694
0.996949, 40.674987, 46.747064, 47.980963
0.997247, 41.336552, 47.063478, 47.878741
0.996904, 40.734064, 46.754966, 47.927248
0.994036, 38.085776, 43.808044, 45.395848
0.997086, 41.068984, 46.514680, 47.812513
0.996824, 40.383347, 46.455784, 47.951779
0.995820, 39.749014, 45.342752, 46.891720
0.996659, 39.947084, 45.941639, 47.484144
0.997083, 40.823541, 46.119251, 47.239974
0.996620, 39.369573, 45.391993, 46.703966
0.996889, 39.975170, 45.648005, 46.773405
0.996791, 39.909645, 45.595118, 46.656563
0.996958, 40.242613, 45.719725, 46.571437
0.996710, 39.799989, 45.391110, 46.318473
0.996638, 39.508933, 45.185223, 46.254960
0.996712, 39.395347, 45.248940, 46.414707
0.996715, 39.505377, 45.253914, 46.232305
0.996538, 38.993231, 45.036942, 46.180604
0.996236, 38.530587, 44.978245, 45.883324
