ms-ssim, psnr-y, psnr-u, psnr-v
0.994109, 36.876800, 43.768143, 44.647174
0.992802, 35.977432, 43.533075, 44.089700
0.992603, 36.102397, 43.655260, 44.061648
0.992577, 36.274876, 43.767724, 44.002983
0.992156, 36.770667, 43.828151, 43.862115
0.993125, 37.231852, 43.834340, 43.810375
0.993448, 37.694295, 43.987334, 43.801264
0.992235, 37.544397, 44.050288, 44.018820
0.993398, 38.087914, 44.405129, 44.364899
0.993268, 38.255700, 44.427507, 44.382741
0.994015, 38.438955, 44.256423, 44.411856
0.993639, 38.122099, 44.260749, 44.299776
0.993564, 37.980053, 44.376274, 44.421911
0.993369, 37.457474, 43.655713, 43.938494
0.991669, 36.696315, 43.359040, 43.804987
0.984912, 34.198570, 41.398074, 42.281571
0.983323, 33.942687, 41.476380, 42.250559
0.980917, 33.291340, 40.840617, 41.683351
0.988280, 35.197867, 42.292728, 43.066952
0.988335, 35.160105, 41.945393, 42.767625
0.989288, 35.575320, 42.416141, 42.953299
0.989835, 35.491251, 41.707184, 42.634756
0.989623, 35.617173, 41.980202, 42.956774
0.989484, 35.628553, 41.687367, 42.854085
0.990064, 35.932942, 41.686992, 42.908136
0.989992, 36.024476, 41.710023, 42.922112
0.990172, 36.091813, 41.710680, 42.861056
0.989139, 35.741119, 41.488804, 42.666564
0.990141, 36.082249, 41.196917, 42.419837
0.990915, 36.415053, 42.034595, 43.058127
0.990690, 36.196935, 41.544668, 42.557937
0.990603, 36.144328, 41.906643, 42.763756
0.989426, 35.882636, 42.188910, 43.066068
0.990683, 36.411312, 42.279797, 43.154376
0.992573, 36.945099, 42.435418, 43.283833
0.992446, 36.483054, 42.337420, 43.254475
0.992622, 36.553059, 42.211072, 43.082828
0.992651, 36.644838, 42.182033, 42.969732
0.993506, 37.039714, 42.144368, 42.886913
0.993231, 36.777736, 42.600011, 43.350757
0.993506, 36.943720, 42.874818, 43.523075
0.993463, 36.887499, 42.841027, 43.524718
0.993628, 37.059364, 42.710768, 43.377441
0.991900, 36.133574, 42.515626, 43.226767
0.988203, 34.283799, 40.780249, 42.167730
0.991634, 36.116175, 42.472238, 43.256627
0.992929, 36.571431, 42.550145, 43.141890
0.992877, 36.447781, 42.415618, 43.137673
0.993336, 36.695364, 42.499187, 43.183348
0.993335, 36.624573, 42.549617, 43.213347
0.993016, 36.418537, 42.380975, 43.031063
0.993096, 36.445654, 42.448809, 43.140802
0.992993, 36.427085, 42.674894, 43.312357
0.993546, 36.693993, 42.557725, 43.300273
0.993332, 36.490584, 42.688259, 43.412590
0.993508, 36.645216, 42.734287, 43.417297
0.993407, 36.617657, 42.727162, 43.578461
0.994223, 37.095407, 42.996922, 43.830386
0.993809, 36.837422, 42.649449, 43.643572
0.993872, 36.955836, 42.663494, 43.670711
0.993808, 36.965563, 42.803319, 43.719668
0.994278, 37.183145, 42.863362, 43.800279
0.993790, 36.983912, 42.881836, 43.743892
0.994666, 37.501185, 43.134292, 44.029125
0.994395, 37.302059, 43.009350, 43.815942
0.994409, 37.263953, 43.088226, 43.822176
0.994755, 37.508240, 43.023839, 43.713993
0.995246, 38.018171, 43.307706, 43.942805
0.995472, 38.054201, 43.539534, 44.092224
0.995153, 37.881337, 43.706597, 44.357942
0.995171, 37.807891, 43.441874, 44.178150
0.995589, 38.228442, 43.736105, 44.353305
0.995006, 37.917424, 43.552820, 44.199351
0.994926, 37.860385, 43.787633, 44.355010
0.995235, 37.998551, 43.750472, 44.242552
0.995733, 38.359224, 43.929803, 44.399903
0.995469, 38.109998, 43.982961, 44.414574
0.995320, 38.019132, 43.957516, 44.456306
0.995015, 38.049886, 43.729348, 44.246327
0.995449, 38.306366, 44.035739, 44.555665
0.995689, 38.415835, 43.957484, 44.669443
0.995561, 38.282317, 44.192073, 44.877744
0.994878, 37.586692, 43.335376, 44.112707
0.994985, 37.658767, 43.491055, 44.187387
0.995707, 38.272560, 43.326297, 44.291365
0.995151, 38.138990, 44.276073, 45.259305
0.994744, 37.616552, 43.764513, 44.771963
0.995123, 37.921523, 44.063508, 45.009897
0.996044, 38.493584, 43.833048, 44.894769
0.995468, 38.138054, 44.354832, 45.146240
0.994883, 37.759555, 44.092977, 44.963483
0.994851, 37.757076, 44.146016, 45.064566
0.995570, 38.143700, 44.039355, 45.018664
0.995240, 38.147755, 44.190910, 45.057000
0.995202, 38.206990, 43.892416, 44.887393
0.994928, 37.897795, 43.779285, 44.682526
0.995106, 37.981153, 43.692771, 44.603651
0.995282, 38.281593, 43.930463, 44.688239
0.994150, 37.281528, 43.418700, 44.115076
0.995069, 37.834948, 43.404332, 44.198443
0.995203, 38.126362, 43.809858, 44.587503
0.994202, 37.453824, 43.884167, 44.704863
0.994798, 37.881151, 43.438851, 44.530140
0.993979, 37.505828, 43.854224, 44.774996
0.995171, 38.187970, 43.860545, 44.754341
0.994511, 37.793492, 44.024924, 44.936671
0.994899, 38.108477, 44.076251, 44.888015
0.994961, 38.041670, 44.249464, 44.995091
0.995488, 38.352544, 44.106076, 44.947938
0.995207, 38.169077, 44.147473, 44.965220
0.995487, 38.325371, 44.133337, 44.984337
0.995589, 38.328752, 44.072920, 44.860825
0.996170, 38.801396, 44.219107, 45.039619
0.995745, 38.492611, 44.141278, 45.003003
0.995772, 38.459790, 44.277016, 45.028278
0.995623, 38.301320, 44.250383, 44.971522
0.995866, 38.468154, 44.140484, 44.908893
0.995639, 38.336080, 44.086910, 44.931231
0.995669, 38.451755, 44.120375, 44.924400
0.995385, 38.166831, 44.013020, 44.861604
0.995900, 38.631725, 44.233231, 45.103860
0.995320, 38.245363, 44.047772, 45.027739
0.995267, 38.272672, 43.875696, 44.859588
0.995641, 38.584824, 44.210077, 45.189145
0.995338, 38.364930, 44.073986, 45.027075
0.995421, 38.299552, 44.245392, 45.040514
0.995668, 38.526952, 44.038314, 44.961174
0.996424, 39.289253, 44.320030, 45.133873
0.995690, 38.542036, 44.155610, 44.939495
0.995979, 38.843399, 44.325426, 45.206877
0.995924, 38.830059, 44.524225, 45.292731
0.996625, 39.512513, 44.587185, 45.371732
0.995868, 38.733427, 44.295603, 45.173674
0.996207, 39.026707, 44.493469, 45.347039
0.996023, 38.767171, 44.511296, 45.324861
0.996759, 39.613786, 44.639504, 45.372810
0.996268, 39.139493, 44.681626, 45.365024
0.996024, 38.854694, 44.543700, 45.261078
0.996667, 39.645531, 44.767351, 45.456224
0.996060, 38.994618, 44.498002, 45.297010
0.996285, 39.167112, 44.440804, 45.163347
0.996716, 39.561766, 44.674526, 45.385809
0.995974, 38.704313, 44.244214, 45.016988
0.996150, 38.845705, 44.411586, 45.147903
0.996216, 38.911966, 44.350358, 45.106267
0.996639, 39.421063, 44.557080, 45.199102
0.996149, 38.820411, 44.388323, 44.974041
0.996273, 38.982535, 44.456942, 45.079296
0.996160, 38.852904, 44.464406, 45.144066
0.996495, 39.255693, 44.522028, 45.198930
0.996031, 38.683339, 44.433291, 45.023158
0.996591, 39.240025, 44.436404, 45.071495
0.996048, 38.649188, 44.376827, 44.970109
0.995943, 38.665882, 44.057598, 44.712880
0.995984, 38.816733, 44.308573, 44.993670
0.995218, 37.839248, 43.639878, 44.421171
0.995822, 38.262126, 43.195627, 44.188892
0.995567, 38.207131, 43.810124, 44.590766
0.996256, 39.173932, 44.149404, 45.065068
0.995698, 38.647146, 43.720696, 44.927520
0.995251, 38.442476, 44.385495, 45.427225
0.995573, 38.596873, 44.413188, 45.420408
0.996020, 38.838158, 44.120728, 45.150121
0.995251, 38.363736, 44.617142, 45.613633
0.995980, 38.926090, 44.650443, 45.601047
0.995453, 38.664382, 44.699571, 45.846228
0.994603, 37.707236, 43.657075, 44.886650
0.995252, 38.161310, 44.137103, 45.040743
0.995796, 38.326879, 43.622900, 44.855519
0.995131, 38.101504, 44.030757, 45.022453
0.994963, 37.804440, 43.849826, 44.940633
0.994778, 37.764224, 44.054696, 45.118576
0.994067, 37.579315, 43.883131, 45.013947
0.994453, 37.938399, 44.171793, 45.183982
0.994532, 38.196633, 44.412432, 45.117792
0.995127, 38.502951, 44.279424, 44.928250
0.995283, 38.728122, 44.180641, 44.797597
0.995288, 38.848230, 44.222397, 44.810324
0.994491, 38.060292, 43.755575, 44.329433
0.995122, 38.542098, 43.709505, 44.357551
0.994615, 38.089573, 43.765708, 44.311087
0.994677, 38.225859, 43.855633, 44.477049
0.994960, 38.065040, 43.609981, 44.417024
0.995233, 38.242518, 43.569349, 44.486707
0.995034, 37.895255, 43.533296, 44.264523
0.994196, 37.532933, 43.800529, 44.503587
0.994582, 37.722595, 43.771078, 44.541864
0.994546, 37.670481, 43.711128, 44.396476
0.994861, 37.757892, 43.610475, 44.234078
0.995179, 38.154340, 43.901672, 44.464661
0.995731, 38.621085, 44.312758, 44.731149
0.996230, 39.178965, 44.595326, 45.061136
0.995449, 38.664102, 44.472301, 44.872477
0.995465, 38.554072, 44.474181, 44.762314
0.995537, 38.500144, 44.520643, 44.823898
0.996152, 39.064404, 44.701321, 44.959908
0.995663, 38.795815, 44.602466, 44.908348
0.995682, 38.688666, 44.729793, 44.933483
0.995583, 38.695548, 44.551128, 44.853228
0.995772, 38.784917, 44.742321, 45.024546
0.995901, 38.909813, 44.591647, 44.783359
0.995729, 38.276624, 44.309610, 44.919097
0.996196, 38.478663, 44.026571, 44.726134
0.995940, 38.374410, 44.451454, 44.903931
0.996029, 38.366825, 44.399885, 44.895735
0.995546, 38.199428, 44.306183, 44.778245
0.995722, 38.378494, 44.500647, 44.889482
0.995552, 38.196928, 44.541419, 44.857174
0.995770, 38.092282, 43.506458, 44.227276
0.995681, 38.559042, 44.443596, 44.821307
0.995590, 38.460624, 44.549288, 44.899177
0.995595, 38.368636, 44.411676, 44.818598
0.995893, 38.243165, 43.792437, 44.470403
0.995396, 38.177919, 44.084322, 44.541511
0.995051, 38.166167, 44.204342, 44.812356
0.995075, 38.083877, 44.243244, 44.683293
0.995640, 38.517289, 44.212311, 44.597410
0.995546, 38.371667, 44.203415, 44.528975
0.995650, 38.471803, 44.112186, 44.492644
0.995323, 38.058142, 44.030938, 44.337423
0.995678, 38.350914, 44.140771, 44.420161
0.995571, 38.287027, 44.115917, 44.434847
0.995721, 38.387570, 44.242482, 44.552373
0.995334, 38.018733, 44.069226, 44.432333
0.995812, 38.470743, 44.287393, 44.558047
0.994944, 37.774423, 43.744880, 44.209613
0.995236, 37.948784, 43.994603, 44.278429
0.995170, 37.830497, 43.970440, 44.216318
0.995755, 38.309155, 43.966978, 44.220054
0.995123, 37.730184, 43.936880, 44.144121
0.995234, 37.776524, 43.647419, 43.980532
0.995107, 37.632404, 43.647207, 43.981787
0.995500, 38.007915, 43.779316, 44.167163
0.995334, 37.887748, 43.575342, 43.986975
0.995558, 37.952983, 43.692146, 44.005031
0.995516, 37.885195, 43.534913, 43.851186
0.996047, 37.984744, 43.142105, 43.727056
0.995830, 38.103844, 43.684573, 43.973660
0.995760, 38.036947, 43.940140, 44.226051
0.995677, 37.975462, 43.974588, 44.130063
0.996016, 38.216269, 43.979049, 44.345906
0.995749, 38.063593, 44.024974, 44.395256
0.995670, 38.021586, 44.059987, 44.443759
0.995448, 37.920892, 43.925649, 44.331199
0.995167, 37.803551, 43.999233, 44.366982
0.994347, 37.077652, 43.561188, 44.007539
0.994464, 37.099638, 43.624176, 43.910869
0.994137, 37.110600, 43.452583, 43.922271
0.993373, 36.708288, 42.794492, 43.399268
0.993665, 37.849217, 43.374364, 44.142835
0.995927, 38.826954, 44.671487, 45.499337
0.993656, 37.403878, 43.639381, 44.667763
0.993768, 37.398359, 43.898185, 44.642464
0.991775, 36.447458, 43.209224, 44.232575
0.990493, 35.841977, 43.258503, 44.259880
0.990250, 36.788887, 43.494610, 44.253003
0.992399, 37.404343, 43.891665, 44.588965
0.992417, 37.437561, 44.112052, 44.698475
0.992636, 37.675679, 44.496056, 44.790797
0.993219, 38.085018, 44.860746, 45.191536
0.992576, 37.920640, 45.049510, 45.349361
0.994862, 38.401201, 44.324914, 44.837913
0.994514, 37.935899, 44.354708, 44.978797
0.994644, 38.060407, 44.152675, 44.920149
0.994393, 37.842088, 44.147777, 45.018519
0.994009, 37.489865, 44.043355, 44.735548
0.994698, 37.922283, 44.019396, 44.830870
0.994378, 37.849116, 44.048020, 44.934133
0.993974, 37.222350, 43.378817, 44.315310
0.993611, 36.949471, 43.166358, 44.182963
0.993294, 36.782878, 43.099068, 44.101649
0.992585, 36.549671, 43.152436, 44.355081
0.992270, 36.132887, 42.937197, 44.146694
0.991964, 35.828641, 43.116811, 44.289789
0.992153, 35.932061, 43.373074, 44.387768
0.991501, 35.867639, 43.364128, 44.502778
0.991853, 35.701574, 43.468878, 44.447550
0.991741, 35.602136, 43.518926, 44.561269
0.991424, 35.295832, 43.442089, 44.792899
0.991026, 35.118988, 43.538224, 44.865818
0.990510, 34.957336, 43.422367, 44.830949
0.990198, 34.798997, 43.464390, 44.863002
0.989417, 34.569668, 43.312049, 44.696245
0.989465, 34.256202, 43.248234, 44.620936
0.988916, 33.926220, 43.156681, 44.570650
0.988738, 33.635836, 43.226588, 44.573712
0.988219, 33.292518, 42.972807, 44.379077
0.988183, 33.125316, 43.037511, 44.566936
0.988059, 33.018066, 43.112018, 44.553489
0.987774, 32.989758, 43.197382, 44.677644
0.987183, 32.882603, 43.074989, 44.730335
0.987329, 32.742549, 43.028640, 44.609638
0.987397, 32.755840, 43.224507, 44.789383
0.987082, 32.656771, 43.136975, 44.651013
0.987084, 32.632205, 43.159634, 44.713382
0.986692, 32.571263, 43.146568, 44.816622
0.986908, 32.616448, 43.256268, 44.799270
0.986770, 32.490935, 43.370468, 44.842641
0.986072, 32.272506, 43.348305, 44.749942
0.984206, 31.865597, 43.239101, 44.729560
