ms-ssim, psnr-y, psnr-u, psnr-v
0.998214, 40.895377, 46.336567, 48.961400
0.998228, 41.064947, 46.326155, 48.944567
0.998227, 40.981894, 46.329963, 48.953146
0.998232, 41.158684, 46.317021, 48.937888
0.998217, 40.935758, 46.273061, 48.890862
0.998203, 41.178918, 46.241714, 48.810195
0.998038, 40.990005, 46.155055, 48.666422
0.998019, 41.039709, 46.153775, 48.651329
0.998007, 40.934369, 46.127598, 48.618812
0.998030, 41.021617, 46.088414, 48.601488
0.998038, 41.023197, 46.086259, 48.601446
0.998043, 41.099440, 46.199775, 48.642308
0.998037, 40.986591, 46.215670, 48.660370
0.998029, 41.088220, 46.206027, 48.638513
0.998026, 41.052981, 46.205652, 48.633495
0.998027, 41.082721, 46.206777, 48.633135
0.998020, 41.026412, 46.197589, 48.621808
0.998026, 41.087677, 46.196791, 48.626432
0.998025, 41.061822, 46.184384, 48.625123
0.998031, 41.178929, 46.183396, 48.623433
0.998020, 41.051495, 46.170631, 48.627024
0.998233, 41.140941, 46.292312, 48.771880
0.998252, 41.254428, 46.292077, 48.781700
0.998259, 41.246938, 46.298921, 48.783584
0.998470, 41.416897, 46.752207, 49.271923
0.998482, 41.383871, 46.766406, 49.275626
0.998509, 41.511640, 46.862288, 49.344823
0.998527, 41.510346, 46.864527, 49.336181
0.998794, 41.815300, 47.770361, 50.545647
0.998804, 41.781275, 47.798766, 50.590248
0.998835, 41.868005, 47.953389, 50.750372
0.998844, 41.876499, 47.961522, 50.757441
0.998986, 42.031010, 48.363798, 51.541337
0.998993, 42.031495, 48.407172, 51.574160
0.998987, 42.034986, 48.391171, 51.565172
0.998991, 42.038954, 48.403618, 51.582623
0.999009, 42.058042, 48.381056, 51.535265
0.999015, 42.058976, 48.393473, 51.571078
0.999005, 42.071037, 48.401551, 51.567251
0.999017, 42.077543, 48.417429, 51.575326
0.999015, 42.076953, 48.419423, 51.585003
0.999017, 42.071041, 48.415174, 51.583041
0.999011, 42.076685, 48.410628, 51.585170
0.999015, 42.077180, 48.412096, 51.588595
0.999014, 42.077073, 48.411493, 51.590476
0.999014, 42.072768, 48.412076, 51.592902
0.999014, 42.077317, 48.412056, 51.595412
0.999015, 42.078071, 48.413082, 51.593529
0.999013, 42.079048, 48.415778, 51.597673
0.999014, 42.080352, 48.416785, 51.585253
0.999003, 42.084501, 48.413082, 51.596459
0.998988, 42.058593, 48.405023, 51.564258
0.999008, 42.085595, 48.495057, 51.672054
0.999014, 42.086834, 48.488318, 51.671713
0.999016, 42.087078, 48.495241, 51.681522
0.999025, 42.089041, 48.496512, 51.680241
0.999064, 42.151432, 48.759270, 52.112702
0.999057, 42.152118, 48.766967, 52.133546
0.999074, 42.154486, 48.780365, 52.143506
0.999084, 42.156298, 48.782226, 52.133546
0.999124, 42.218862, 48.980659, 52.518785
0.999127, 42.221069, 48.996322, 52.542094
0.999127, 42.220891, 48.992757, 52.535488
0.999135, 42.223621, 48.997817, 52.553978
0.999144, 42.261378, 49.108630, 52.743443
0.999152, 42.266997, 49.117517, 52.766238
0.999183, 42.280462, 49.155129, 52.825449
0.999190, 42.283412, 49.162533, 52.856731
0.999190, 42.286684, 49.174118, 52.887789
0.999189, 42.287132, 49.167197, 52.880187
0.999191, 42.287607, 49.176684, 52.900659
0.999197, 42.290549, 49.176372, 52.894389
0.999193, 42.289889, 49.186023, 52.917027
0.999196, 42.291170, 49.181795, 52.919809
0.999196, 42.291548, 49.185470, 52.923160
0.999200, 42.293292, 49.184173, 52.916006
0.999199, 42.293506, 49.185903, 52.922422
0.999200, 42.293544, 49.186479, 52.922194
0.999200, 42.293747, 49.186311, 52.922649
0.999201, 42.294242, 49.189341, 52.922706
0.999197, 42.296677, 49.188162, 52.899020
0.999187, 42.291618, 49.158925, 52.853263
0.999191, 42.292423, 49.162844, 52.850133
0.999196, 42.294911, 49.167700, 52.859586
0.999198, 42.300128, 49.191410, 52.889762
0.999200, 42.301232, 49.190086, 52.889650
0.999202, 42.302023, 49.191891, 52.893711
0.999203, 42.302940, 49.196707, 52.892188
0.999209, 42.316456, 49.229865, 52.954584
0.999211, 42.317891, 49.226734, 52.951437
0.999215, 42.319418, 49.230642, 52.963694
0.999215, 42.321497, 49.228627, 52.955385
0.999226, 42.333263, 49.257166, 52.999460
0.999224, 42.333496, 49.250282, 52.996859
0.999222, 42.333084, 49.253039, 52.995818
0.999228, 42.335259, 49.257752, 53.001369
0.999214, 42.287342, 49.177523, 52.800353
0.999219, 42.334777, 49.190279, 52.810529
0.999219, 42.331984, 49.185999, 52.808370
0.999220, 42.337777, 49.191001, 52.810031
0.999223, 42.334753, 49.196153, 52.829007
0.999223, 42.334880, 49.191626, 52.828062
0.999219, 42.332601, 49.179898, 52.790587
0.999289, 42.080522, 47.880146, 53.923241
0.999202, 42.023717, 47.779165, 53.467161
0.999216, 42.019936, 47.757819, 53.444485
0.999219, 42.012553, 47.754187, 53.425816
0.999226, 42.027841, 47.760379, 53.425943
0.999209, 42.022665, 47.695288, 53.201709
0.999197, 41.995379, 47.667498, 53.105240
0.999141, 41.973359, 47.616263, 52.983297
0.999140, 41.909249, 47.530994, 52.704635
0.999134, 41.919188, 47.499096, 52.626237
0.999137, 41.919643, 47.512939, 52.643413
0.999138, 41.920176, 47.515637, 52.644212
0.999142, 41.921402, 47.528171, 52.682267
0.999148, 41.925012, 47.504184, 52.617596
0.999150, 41.926592, 47.506322, 52.618019
0.999149, 41.926269, 47.506763, 52.617808
0.999150, 41.925352, 47.511500, 52.643679
0.999152, 41.925720, 47.504037, 52.628202
0.999152, 41.925345, 47.507792, 52.633833
0.999152, 41.925277, 47.506567, 52.631176
0.999153, 41.925615, 47.511173, 52.635109
0.999146, 41.907030, 47.414748, 52.529204
0.999148, 41.904376, 47.400035, 52.498847
0.999140, 41.887496, 47.422203, 52.501012
0.999145, 41.891640, 47.439273, 52.560873
0.999147, 41.890152, 47.453281, 52.599467
0.999143, 41.889297, 47.456007, 52.598360
0.999147, 41.890101, 47.456588, 52.608813
0.999149, 41.890266, 47.457492, 52.610504
0.999150, 41.893776, 47.467739, 52.680870
0.999156, 41.896314, 47.466735, 52.681999
0.999156, 41.896209, 47.466234, 52.682160
0.999157, 41.895873, 47.466040, 52.682966
0.999156, 41.895475, 47.479550, 52.711340
0.999158, 41.895966, 47.477409, 52.717569
0.999158, 41.895874, 47.476971, 52.717189
0.999158, 41.896181, 47.478707, 52.714155
0.999153, 41.897492, 47.458590, 52.701070
0.999125, 41.869339, 47.403286, 52.615319
0.999134, 41.871794, 47.418602, 52.666170
0.999143, 41.875666, 47.426673, 52.692009
0.999142, 41.877687, 47.451475, 52.734402
0.999147, 41.880231, 47.443052, 52.736089
0.999146, 41.878263, 47.442039, 52.729345
0.999148, 41.878310, 47.440785, 52.723860
0.999132, 41.879166, 47.451878, 52.755673
0.999148, 41.881720, 47.458687, 52.756275
0.999149, 41.883935, 47.465862, 52.777379
0.999153, 41.884343, 47.464019, 52.774522
0.999154, 41.886761, 47.475123, 52.808481
0.999157, 41.888595, 47.473098, 52.810806
0.999155, 41.888161, 47.472660, 52.808813
0.999155, 41.885867, 47.465458, 52.795109
0.999150, 41.883616, 47.454507, 52.794336
0.999160, 41.886176, 47.456169, 52.808647
0.999161, 41.886647, 47.458170, 52.808536
0.999163, 41.887427, 47.467269, 52.818954
0.999162, 41.890264, 47.481709, 52.869846
0.999164, 41.891538, 47.476906, 52.858690
0.999165, 41.891516, 47.483690, 52.874676
0.999167, 41.891508, 47.479794, 52.864349
0.999174, 41.900321, 47.502928, 52.936877
0.999168, 41.898345, 47.502520, 52.925718
0.999172, 41.899775, 47.506404, 52.946978
0.999174, 41.900348, 47.506551, 52.943037
0.999174, 41.904409, 47.513478, 52.981109
0.999175, 41.904371, 47.511222, 52.984162
0.999165, 41.900808, 47.509131, 52.956817
0.999182, 41.906837, 47.531536, 52.984796
0.999182, 41.910344, 47.536481, 52.987679
0.999180, 41.909484, 47.529156, 52.977252
0.999184, 41.911471, 47.535281, 53.008723
0.999187, 41.912383, 47.531897, 53.012724
0.999187, 41.915553, 47.535708, 53.030278
0.999193, 41.918448, 47.540971, 53.042935
0.999193, 41.918574, 47.541531, 53.038790
0.999194, 41.918435, 47.542732, 53.050009
0.999195, 41.920114, 47.546306, 53.062372
0.999195, 41.921195, 47.546751, 53.066481
0.999195, 41.921002, 47.546899, 53.064720
0.999196, 41.922210, 47.548449, 53.063663
0.999196, 41.928002, 47.552951, 53.099082
0.999196, 41.928134, 47.553826, 53.101923
0.999190, 41.924976, 47.542815, 53.087794
0.999203, 41.928418, 47.543358, 53.107671
0.999206, 41.931893, 47.549982, 53.111289
0.999201, 41.927634, 47.540988, 53.098845
0.999206, 41.930047, 47.543407, 53.115682
0.999206, 41.930118, 47.542650, 53.112417
0.999208, 41.932724, 47.553595, 53.125852
0.999209, 41.932872, 47.551252, 53.120199
0.999208, 41.932396, 47.551483, 53.118653
0.999209, 41.933090, 47.550988, 53.119069
0.999210, 41.933837, 47.553941, 53.126149
0.999210, 41.933701, 47.554106, 53.123292
0.999209, 41.933519, 47.553710, 53.120972
0.999210, 41.933371, 47.549982, 53.118951
0.999210, 41.933880, 47.552044, 53.120853
0.999209, 41.933199, 47.549405, 53.116158
0.999210, 41.934019, 47.550147, 53.119545
0.999210, 41.933824, 47.549487, 53.121091
0.999210, 41.933896, 47.550312, 53.123054
0.999210, 41.933871, 47.550823, 53.130558
0.999210, 41.933775, 47.550328, 53.129843
0.999210, 41.933833, 47.550312, 53.128770
0.999210, 41.933749, 47.553743, 53.130319
0.999210, 41.933685, 47.554123, 53.132525
0.999210, 41.933732, 47.554007, 53.131512
0.999210, 41.933841, 47.553347, 53.130737
0.999210, 41.933635, 47.552671, 53.132764
0.999210, 41.933622, 47.553083, 53.132167
0.999210, 41.933604, 47.553133, 53.131214
0.999210, 41.933340, 47.546800, 53.131214
0.999210, 41.933586, 47.545532, 53.132406
0.999210, 41.933638, 47.545664, 53.133062
0.999210, 41.933623, 47.545664, 53.132585
0.999210, 41.933355, 47.545812, 53.133539
0.999210, 41.933613, 47.545779, 53.133539
0.999210, 41.933624, 47.545631, 53.133539
0.999210, 41.933366, 47.541481, 53.115385
0.999725, 51.423774, 60.000000, 60.000000
0.999519, 50.190879, 58.329231, 57.723565
0.999523, 50.202131, 57.845924, 57.074519
0.999478, 49.968901, 57.518583, 56.887924
0.999586, 50.338286, 58.090278, 57.689886
0.999459, 49.889561, 57.130001, 56.610018
0.999483, 49.974481, 56.829002, 56.333725
0.999453, 50.110642, 57.125064, 56.557480
0.999609, 50.608851, 58.088784, 57.816719
0.999464, 50.064081, 57.350158, 56.825930
0.999477, 50.080203, 57.011426, 56.568778
0.999448, 50.004317, 56.903526, 56.454785
0.999586, 50.497791, 57.636907, 57.356935
0.999443, 49.949295, 56.845095, 56.363612
0.999476, 50.038766, 56.781356, 56.284776
0.999447, 49.941009, 56.825093, 56.330237
0.999595, 50.484281, 57.600386, 57.272276
0.999451, 49.930783, 56.909498, 56.326130
0.999463, 49.953108, 56.763295, 56.161949
0.999426, 49.747999, 56.659706, 56.182121
0.999544, 50.104402, 57.075554, 56.726989
0.999417, 49.649922, 56.598744, 56.179353
0.999398, 49.517347, 56.463764, 55.935791
0.999406, 49.383390, 56.549352, 56.167823
0.999557, 49.946481, 57.097489, 56.748051
0.999452, 49.583165, 56.583141, 56.235033
0.999434, 49.535452, 56.464021, 56.055806
0.999399, 49.407635, 56.365621, 55.944213
0.999497, 49.716859, 56.590407, 56.225784
0.999379, 49.393878, 56.057092, 55.639988
0.999383, 49.371893, 56.038889, 55.626731
0.999352, 49.276258, 55.990142, 55.572846
0.999456, 49.590070, 56.206983, 55.830308
0.999322, 49.253844, 55.833639, 55.373133
0.999324, 49.165959, 55.843758, 55.317648
0.999278, 49.031288, 55.765208, 55.291787
0.999396, 49.369322, 55.954137, 55.405921
0.999299, 49.064049, 55.848770, 55.320608
0.999274, 49.017898, 55.544593, 55.106014
0.999243, 49.001029, 55.660538, 55.150199
0.999385, 49.399593, 55.835194, 55.457762
0.999225, 48.959786, 55.697408, 55.158938
0.999248, 48.970653, 55.663207, 55.072515
0.999217, 48.830050, 55.614886, 55.040290
0.999355, 49.190922, 55.636060, 55.160364
0.999230, 48.905392, 55.554268, 55.014461
0.999278, 49.039744, 55.528516, 54.925969
0.999229, 48.888600, 55.457049, 54.912831
0.999338, 49.125283, 55.526756, 55.026895
0.999223, 48.845683, 55.306223, 54.748591
0.999262, 48.961024, 55.416502, 54.784992
0.999205, 48.784833, 55.401696, 54.844990
0.999286, 48.979066, 55.465000, 54.911214
0.999167, 48.623454, 55.104699, 54.578424
0.999212, 48.822489, 55.099349, 54.552381
0.999169, 48.695632, 55.175992, 54.669720
0.999303, 49.010015, 55.357776, 54.877753
0.999168, 48.622700, 55.253039, 54.685124
0.999201, 48.730144, 55.130789, 54.562481
0.999147, 48.598191, 55.131828, 54.598603
0.999264, 48.836409, 55.165504, 54.766710
0.999151, 48.591741, 55.115323, 54.639412
0.999174, 48.620679, 55.039550, 54.557180
0.999158, 48.539696, 55.069533, 54.625093
0.999266, 48.813579, 55.135137, 54.724607
0.999174, 48.619228, 54.963530, 54.535462
0.999203, 48.763874, 54.903497, 54.477208
0.999193, 48.682995, 54.879001, 54.474527
0.999244, 48.711951, 55.185739, 54.650224
0.999197, 48.626015, 55.104887, 54.567374
0.999168, 48.518828, 55.019614, 54.442562
0.999139, 48.393924, 54.928223, 54.399320
0.999171, 48.431991, 55.048347, 54.589002
0.999088, 48.372727, 54.780981, 54.285008
0.999110, 48.362779, 54.817568, 54.283453
0.999037, 48.179286, 54.630478, 54.135899
0.998972, 47.763964, 54.649547, 54.180605
