ms-ssim, psnr-y, psnr-u, psnr-v
0.998069, 43.715173, 48.251927, 48.584945
0.997231, 42.038610, 47.138348, 47.462742
0.997446, 42.118435, 47.400864, 47.415963
0.997122, 41.446803, 46.819528, 47.056289
0.997600, 41.773258, 47.298310, 47.487459
0.997191, 41.092393, 46.582970, 46.812524
0.997278, 41.775580, 46.987993, 47.053773
0.996813, 41.533602, 46.554843, 46.719451
0.997358, 42.743367, 47.491150, 47.525235
0.996684, 41.978981, 46.501694, 46.831545
0.996220, 41.465218, 46.144734, 46.377526
0.996931, 42.281936, 46.894938, 46.945145
0.995501, 40.536383, 45.443779, 46.089356
0.994013, 39.281234, 44.607839, 45.315223
0.994906, 39.543571, 44.853579, 45.243236
0.993686, 38.187571, 43.899419, 44.651628
0.993558, 37.802372, 43.866863, 44.601972
0.995136, 38.798863, 44.481607, 44.949835
0.994916, 38.248017, 44.141244, 44.955756
0.994213, 37.725629, 43.900501, 44.738524
0.994757, 38.389338, 44.045526, 44.921816
0.994292, 37.922950, 43.642640, 44.788649
0.995443, 39.013562, 44.500963, 45.379140
0.994585, 38.216888, 43.969667, 45.239999
0.995097, 38.637866, 44.337205, 45.461583
0.994290, 37.873134, 44.182837, 45.138400
0.995415, 38.526406, 44.737506, 45.597442
0.994470, 37.217044, 43.956173, 45.174789
0.994520, 37.228581, 43.797780, 44.930766
0.993509, 36.583725, 43.479971, 44.749733
0.993846, 36.767218, 43.395535, 44.489823
0.992534, 36.323780, 43.247384, 44.584943
0.993456, 36.959737, 43.318350, 44.785062
0.992813, 36.766502, 43.321581, 44.651374
0.993812, 37.693300, 43.583308, 44.828093
0.992574, 36.993728, 43.149799, 44.663870
0.993059, 37.347355, 43.279020, 44.652830
0.992450, 37.079877, 43.313709, 44.638948
0.994384, 38.529005, 44.114263, 45.017083
0.992945, 37.711213, 43.759825, 44.549265
0.992385, 37.161778, 43.641561, 44.731694
0.994430, 38.228991, 44.159222, 45.128135
0.992341, 36.677418, 43.429933, 44.891500
0.992455, 36.548754, 43.255173, 44.619572
0.991521, 36.036064, 43.098064, 44.478890
0.992057, 36.550165, 43.253499, 44.538338
0.990514, 35.856225, 42.826472, 44.315070
0.991303, 36.512713, 43.366533, 44.600316
0.991139, 36.464350, 43.345032, 44.625177
0.992791, 37.389033, 43.942528, 44.959024
0.991740, 36.370325, 43.315873, 44.580196
0.992303, 36.685704, 43.515145, 44.748539
0.991775, 36.392787, 43.267926, 44.634083
0.992601, 36.870628, 43.588086, 44.675135
0.991605, 36.313449, 43.259045, 44.401156
0.991944, 36.425221, 43.250220, 44.498945
0.990830, 36.053457, 43.082580, 44.440563
0.991513, 36.315555, 43.247684, 44.255044
0.989692, 35.578725, 42.830297, 44.306162
0.990621, 35.922714, 42.729046, 44.069898
0.989874, 36.010455, 42.868241, 44.374945
0.992111, 36.914647, 43.161825, 44.499574
0.991116, 36.379256, 42.900823, 44.281767
0.991489, 36.464030, 43.331533, 44.719912
0.993397, 37.370698, 43.786487, 44.920322
0.992431, 36.649122, 43.405512, 44.782594
0.992692, 36.439515, 43.268664, 44.650892
0.993480, 36.796647, 43.620532, 44.841241
0.992830, 36.389556, 43.404394, 44.890749
0.993473, 36.635395, 43.722553, 45.102521
0.993323, 36.433556, 43.604229, 44.600701
0.994168, 36.946679, 43.820064, 44.896376
0.993408, 36.467664, 43.395668, 44.624891
0.993853, 36.806064, 43.602614, 44.929855
0.993311, 36.652276, 43.641105, 44.745789
0.994348, 37.400902, 44.283671, 45.125917
0.992892, 36.886736, 44.074837, 44.900826
0.993598, 37.474069, 44.284728, 44.887389
0.993412, 37.287280, 44.062210, 44.797048
0.994415, 38.238943, 44.882016, 45.378250
0.993724, 37.743783, 44.502010, 45.219355
0.994139, 37.946788, 44.784582, 45.343952
0.993799, 37.669265, 44.282039, 44.961604
0.994368, 37.970746, 44.838679, 45.386529
0.993386, 37.208047, 44.213950, 45.006338
0.993340, 37.311045, 44.261497, 45.030780
0.992994, 37.029832, 43.920416, 45.017616
0.993917, 37.705333, 44.600676, 45.232227
0.991825, 36.533692, 43.483991, 44.707417
0.991790, 36.532248, 43.510289, 44.682857
0.991021, 36.210233, 43.294454, 44.487965
0.991951, 36.688687, 43.613712, 44.690072
0.991140, 36.453238, 43.424451, 44.867481
0.991685, 36.748446, 43.326879, 44.553795
0.991484, 36.923128, 43.618731, 45.016392
0.993280, 37.749692, 43.949971, 44.898121
0.992104, 37.072070, 43.657810, 45.078774
0.992462, 37.126314, 43.536224, 44.732659
0.992236, 37.003660, 43.488688, 45.180939
0.993456, 37.399001, 43.744316, 44.774266
0.992306, 36.703334, 43.545284, 45.005374
0.992421, 36.549170, 43.179102, 44.567316
0.991855, 36.416211, 43.155191, 44.974762
0.992963, 36.915545, 43.509340, 44.833436
0.991721, 36.316500, 43.100337, 44.752166
0.991862, 36.300881, 42.905292, 44.715282
0.991611, 36.306512, 43.203012, 44.925014
0.993006, 36.938449, 43.624518, 44.953207
0.991853, 36.471153, 43.455635, 45.165828
0.992329, 36.583600, 43.208616, 44.779465
0.992021, 36.593281, 43.564409, 45.307226
0.993167, 37.187994, 43.612786, 45.154918
0.992316, 36.728860, 43.636863, 45.434681
0.992558, 36.755720, 43.406903, 44.998468
0.992444, 36.831058, 44.024474, 45.486992
0.993589, 37.270738, 44.052625, 45.160612
0.992951, 36.930318, 44.122637, 45.670550
0.993218, 36.976746, 43.702482, 45.162448
0.992929, 36.892909, 44.043128, 45.460003
0.994154, 37.483547, 44.140439, 45.389185
0.993245, 36.955894, 43.835496, 45.212419
0.993450, 36.888483, 43.880287, 45.191311
0.993335, 36.861748, 43.524011, 45.088493
0.994164, 37.358369, 44.073148, 45.223243
0.993646, 36.990053, 43.772693, 45.289513
0.994263, 37.097271, 43.623696, 45.221159
0.993901, 37.079051, 43.754309, 45.414747
0.994821, 37.697044, 44.223384, 45.422621
0.993649, 36.913447, 43.667444, 45.130420
0.993795, 37.166006, 43.803024, 45.322563
0.993275, 36.795963, 43.477575, 44.737566
0.994225, 37.424231, 44.030394, 45.151357
0.993409, 36.673805, 43.417180, 44.777313
0.993692, 36.638369, 43.436867, 44.672380
0.993809, 36.640450, 44.014402, 45.140606
0.994940, 37.155268, 44.118242, 45.000026
0.993666, 36.354710, 43.795675, 44.759991
0.994011, 36.631060, 43.726298, 44.844999
0.993394, 36.351463, 43.601432, 44.564512
0.994565, 37.135262, 43.774290, 44.740700
0.993199, 36.579928, 43.470138, 44.397644
0.993437, 36.785662, 43.461735, 44.428829
0.992914, 36.729160, 43.399680, 44.133023
0.993633, 37.167768, 43.566313, 44.263430
0.993083, 36.747961, 43.465365, 44.078402
0.993261, 36.998827, 43.786951, 44.402962
0.994800, 38.065529, 44.468188, 44.880089
0.993852, 37.413747, 44.292237, 44.871288
0.994412, 37.848131, 44.335797, 44.719302
0.993949, 37.639555, 44.271670, 44.781391
0.995141, 38.547873, 44.832104, 45.164609
0.993994, 37.595538, 44.510846, 45.047902
0.994437, 37.936672, 44.522780, 45.013973
0.993794, 37.563832, 44.612859, 45.007898
0.994507, 38.147333, 44.668488, 44.921348
0.993284, 37.276371, 44.471595, 44.779020
0.993277, 37.444887, 44.582061, 44.923221
0.993536, 37.500181, 44.343182, 44.789618
0.994727, 38.125023, 44.658139, 45.132943
0.994584, 37.908098, 44.555947, 45.145959
0.993793, 37.534181, 44.283173, 45.048671
0.994274, 37.761864, 44.059249, 44.910721
0.993648, 37.371710, 43.956952, 44.745063
0.995004, 38.186030, 44.359549, 45.021069
0.993835, 37.617471, 44.094468, 44.777661
0.993798, 37.659277, 43.993303, 44.705917
0.993231, 37.343370, 43.912651, 44.702637
0.993967, 38.049898, 44.305912, 44.897450
0.993071, 37.515032, 43.944231, 44.645592
0.993420, 37.767210, 44.180256, 44.930802
0.993114, 37.511179, 44.022116, 44.746031
0.994081, 38.362884, 44.505902, 44.948159
0.993398, 37.765145, 44.089455, 44.478793
0.994194, 38.169316, 44.112686, 44.699728
0.993450, 37.570958, 43.805021, 44.416261
0.993826, 37.750117, 43.952455, 44.395163
0.992776, 37.154166, 43.780156, 44.255384
0.993499, 37.436436, 43.752218, 44.448653
0.993062, 37.120514, 43.364514, 44.338512
0.993894, 37.653766, 43.785295, 44.530161
0.992830, 36.949523, 43.179566, 44.182435
0.993769, 37.806413, 43.703475, 44.861368
0.992887, 37.300902, 43.676485, 44.884443
0.993795, 37.892149, 43.911931, 44.881891
0.992812, 37.186776, 43.622207, 44.620832
0.993050, 37.282208, 43.833281, 44.550306
0.992989, 37.069375, 43.961908, 44.645583
0.994612, 38.027927, 44.461899, 45.012125
0.993006, 37.048537, 44.322562, 45.084444
0.992801, 36.808756, 44.027521, 45.280361
0.992390, 36.500708, 43.730470, 44.863934
0.993345, 36.953258, 44.066888, 45.068602
0.992603, 36.510730, 43.820924, 44.915114
0.992671, 36.692962, 44.061286, 45.192078
0.992285, 36.459597, 43.888966, 44.928782
0.992536, 36.542130, 43.778093, 44.826913
0.991863, 36.354507, 43.903441, 44.718314
0.992528, 36.584625, 43.790648, 44.915932
0.992187, 36.431578, 43.674154, 44.557304
0.992998, 37.108657, 43.907915, 45.003823
0.992633, 37.209035, 43.764960, 44.998404
0.992835, 37.635706, 44.012518, 44.970026
0.992968, 37.815933, 44.110930, 45.005163
0.994929, 38.730182, 44.560012, 45.578518
0.994185, 37.781723, 44.098727, 45.531975
0.994310, 37.839770, 44.059898, 45.601126
0.994283, 37.651294, 44.100172, 45.453048
0.995075, 38.139231, 44.121079, 45.541487
0.994268, 37.466910, 44.145956, 45.724011
0.994876, 37.580972, 43.579287, 45.334774
0.994153, 36.978468, 43.718852, 45.502154
0.994957, 37.406229, 43.690227, 45.351291
0.994303, 37.013830, 43.785683, 45.639011
0.994633, 37.333198, 43.591313, 45.306548
0.994050, 37.073473, 43.740391, 45.328382
0.994828, 37.613494, 44.068027, 45.379170
0.994035, 36.973995, 43.506941, 44.960677
0.994176, 37.029345, 43.678750, 45.402038
0.993882, 36.952747, 43.686581, 45.242771
0.995169, 37.883504, 43.943692, 45.368041
0.993940, 37.274668, 43.582792, 45.398791
0.994382, 37.357321, 43.608073, 45.548481
0.993602, 36.923841, 43.656558, 45.540957
0.994455, 37.475331, 43.878353, 45.700606
0.993767, 36.992412, 43.683973, 45.417441
0.993994, 37.269025, 43.685815, 45.476504
0.993646, 37.140457, 43.668456, 45.536339
0.994510, 37.729866, 43.808964, 45.652871
0.993714, 37.227561, 43.693089, 45.550291
0.994089, 37.441284, 43.936137, 45.797460
0.993665, 37.231379, 43.689406, 45.654096
0.994597, 37.821663, 44.139296, 45.988611
0.993941, 37.415210, 43.752142, 45.654683
0.994212, 37.536382, 44.018444, 45.852907
0.994070, 37.320783, 43.726154, 45.625407
0.994833, 37.612708, 43.887660, 45.594645
0.993738, 37.079867, 43.876782, 45.755499
0.993932, 37.788649, 43.414920, 45.487320
0.993620, 37.887065, 43.760452, 45.487904
0.994786, 38.438135, 43.755094, 45.425703
0.993588, 37.631462, 43.545219, 45.094522
0.994451, 38.059620, 43.618965, 45.197629
0.993320, 37.270869, 43.247243, 45.028500
0.993864, 37.334269, 43.374010, 44.926816
0.993482, 37.258105, 43.540441, 45.160897
0.994583, 37.908998, 43.703360, 45.133709
0.993323, 37.040883, 43.458951, 44.973505
0.993237, 36.846629, 43.240330, 44.883184
0.992753, 36.666868, 43.570737, 45.215943
0.994030, 37.269444, 43.608472, 45.020517
0.994502, 37.904256, 44.079321, 45.363573
0.992441, 36.715764, 43.523606, 45.104520
0.992185, 36.472929, 42.992226, 44.673621
0.992562, 36.820003, 43.127382, 44.839430
0.993879, 37.477350, 43.522523, 44.977680
0.992569, 36.719810, 43.098792, 44.903892
0.993363, 37.248143, 43.344049, 44.922996
0.992772, 37.067462, 43.439605, 45.179554
0.994321, 38.050391, 44.304521, 45.505222
0.992779, 37.097148, 43.578745, 45.267220
0.993840, 37.693696, 43.693008, 45.117574
0.993102, 37.269199, 43.691034, 45.201401
0.993749, 37.686794, 43.793640, 45.271296
0.993172, 37.119724, 43.556841, 45.006567
0.994090, 37.519316, 43.824538, 45.252009
0.993584, 36.929764, 43.547272, 45.215057
0.994478, 37.562165, 43.801514, 45.319819
0.993503, 37.104340, 43.425171, 45.225946
0.994436, 37.738801, 43.542747, 45.167571
0.993777, 37.647783, 43.448382, 45.120673
0.994307, 38.309283, 43.706230, 45.132074
0.993807, 37.838413, 43.390647, 44.886702
0.994533, 38.314110, 43.599924, 45.084434
0.993804, 37.716563, 43.470705, 45.086781
0.994571, 38.072486, 43.751056, 45.065074
0.993619, 37.349266, 43.349261, 44.899008
0.994481, 37.763365, 43.342591, 44.739180
0.993303, 37.131459, 43.088396, 44.766910
0.994193, 37.751220, 43.482007, 44.687111
0.993000, 36.881037, 43.222669, 44.883738
0.993595, 37.215666, 43.128711, 44.483039
0.993008, 36.825475, 43.224666, 44.759774
0.994204, 37.456704, 43.614085, 44.724753
0.992805, 36.508093, 43.097118, 44.719379
0.993402, 36.899353, 43.170918, 44.511084
0.992605, 36.348253, 43.192866, 44.592664
0.993521, 36.929531, 43.482071, 44.731375
0.992554, 36.440792, 43.249429, 44.749292
0.993128, 36.761233, 43.310242, 44.689696
0.992418, 36.489851, 43.143990, 44.759592
0.993066, 36.932311, 43.483739, 45.025917
0.992244, 36.507753, 43.108697, 44.834239
0.992544, 36.731889, 43.364514, 45.218642
0.992217, 36.442012, 43.304232, 45.000659
0.993001, 36.913598, 43.624197, 45.128919
0.992010, 36.235025, 43.216579, 44.997460
0.992176, 36.302236, 43.344381, 45.173615
0.991673, 36.085543, 43.012892, 44.913263
0.992292, 36.402988, 43.494679, 44.971820
0.991660, 35.861076, 43.256511, 44.634732
