ms-ssim, psnr-y, psnr-u, psnr-v
0.996970, 42.843172, 52.384162, 51.839912
0.996803, 42.773328, 52.386522, 51.653774
0.996768, 42.700906, 52.206935, 51.456071
0.996794, 42.700304, 52.300056, 51.484906
0.996759, 42.630630, 52.160921, 51.508063
0.996761, 42.680065, 52.119072, 51.394612
0.996480, 42.458432, 52.164499, 51.398090
0.996489, 42.477406, 52.206067, 51.469143
0.996405, 42.419366, 52.009038, 51.293448
0.996213, 42.295724, 52.075191, 51.300286
0.996153, 42.152478, 51.606393, 50.900725
0.996225, 42.263109, 51.872581, 51.213789
0.996529, 42.401958, 51.818665, 51.475694
0.995972, 42.194780, 51.453559, 50.755682
0.995518, 41.925117, 50.807634, 50.508011
0.995407, 41.630284, 51.012402, 50.610920
0.995873, 41.697481, 50.946262, 50.786111
0.996150, 41.935675, 51.931785, 51.324600
0.996545, 42.234862, 52.025366, 51.374794
0.996762, 42.389604, 52.132977, 51.614625
0.997031, 42.651619, 52.140421, 51.788936
0.997322, 42.965697, 52.555074, 52.236525
0.997395, 43.047702, 52.573857, 52.314011
0.997474, 43.117102, 52.704256, 52.425769
0.997555, 43.204201, 52.728965, 52.461592
0.997742, 43.443429, 52.893203, 52.730052
0.997745, 43.473121, 52.837913, 52.667777
0.997841, 43.547332, 52.986410, 52.778148
0.997916, 43.653073, 53.007912, 52.882044
0.998002, 43.737933, 53.042819, 52.789980
0.997962, 43.713430, 53.142017, 52.832623
0.997998, 43.689323, 53.268135, 52.936307
0.997978, 43.684100, 53.215241, 52.885535
0.998086, 43.838227, 53.204497, 52.881988
0.998058, 43.856254, 53.234856, 52.912377
0.998089, 43.869556, 53.266843, 52.919241
0.998070, 43.836768, 53.376841, 53.089683
0.998143, 43.945153, 53.384986, 52.988659
0.998081, 43.951164, 53.356011, 53.055220
0.998110, 43.928570, 53.473413, 53.031909
0.998086, 43.904742, 53.500848, 53.163765
0.998110, 44.031619, 53.417403, 53.060671
0.998051, 43.996951, 53.356074, 53.067833
0.998104, 44.037950, 53.465294, 53.111111
0.998137, 44.035666, 53.517627, 53.165807
0.998123, 44.159329, 53.370664, 52.911470
0.998116, 44.166031, 53.392324, 52.958707
0.998148, 44.196246, 53.378860, 52.989351
0.998227, 44.190066, 53.568752, 53.248431
0.998173, 44.340998, 53.633449, 53.099200
0.998216, 44.362237, 53.596930, 53.122281
0.998209, 44.319116, 53.714439, 53.189669
0.998322, 44.331575, 54.013671, 53.530286
0.998331, 44.496626, 53.798010, 53.286693
0.998299, 44.488450, 53.729122, 53.217916
0.998294, 44.431586, 53.914450, 53.314213
0.998306, 44.345129, 54.072948, 53.542000
0.998218, 44.391697, 54.003457, 53.330222
0.998173, 44.354000, 53.878120, 53.328538
0.998206, 44.316611, 53.890173, 53.384860
0.998273, 44.244865, 53.949935, 53.492677
0.998194, 44.294508, 53.868007, 53.311664
0.998179, 44.296829, 53.885986, 53.262171
0.998215, 44.331909, 53.848766, 53.212872
0.998366, 44.365672, 54.254558, 53.684881
0.998243, 44.386168, 53.809284, 53.114019
0.998298, 44.395510, 53.917521, 53.374949
0.998270, 44.442163, 54.042767, 53.534340
0.998382, 44.463124, 54.314655, 53.865112
0.998241, 44.334808, 53.692200, 53.331346
0.998262, 44.232214, 53.682646, 53.258241
0.998232, 44.136292, 53.528522, 53.077125
0.998365, 44.200319, 53.962261, 53.557755
0.998219, 44.094729, 53.756230, 53.281629
0.998265, 44.124354, 53.773889, 53.231865
0.998293, 44.158446, 53.673316, 53.118534
0.998367, 44.153147, 53.740631, 53.276695
0.998388, 44.286104, 53.564007, 52.959681
0.998359, 44.275804, 53.452052, 52.944179
0.998314, 44.308696, 53.680955, 53.078244
0.998406, 44.287798, 53.970137, 53.473220
0.998388, 44.411221, 54.007832, 53.436675
0.998365, 44.405019, 53.974912, 53.446792
0.998336, 44.400763, 53.973537, 53.358460
0.998386, 44.382044, 54.194975, 53.594077
0.998353, 44.461125, 54.061117, 53.452758
0.998323, 44.399194, 54.084367, 53.413838
0.998382, 44.396702, 54.142516, 53.475413
0.998408, 44.385737, 54.233223, 53.652698
0.998409, 44.444074, 54.094624, 53.581429
0.998350, 44.395687, 54.003530, 53.484069
0.998329, 44.334318, 53.892019, 53.459632
0.998274, 44.201332, 54.009729, 53.532640
0.998109, 44.096939, 53.865253, 53.332157
0.998069, 44.313096, 53.919451, 53.312410
0.998073, 44.341957, 53.821077, 53.178023
0.998236, 44.428963, 54.118130, 53.521799
0.998255, 44.483710, 54.172036, 53.550921
0.998207, 44.483049, 53.931977, 53.414665
0.998212, 44.484986, 54.004259, 53.458346
0.998323, 44.513298, 54.106249, 53.600847
0.998334, 44.552904, 53.873450, 53.267520
0.998269, 44.519959, 53.818423, 53.250820
0.998254, 44.428154, 53.866383, 53.394350
0.998327, 44.441669, 53.981360, 53.344099
0.998273, 44.349345, 53.853129, 53.318381
0.998313, 44.434148, 53.908457, 53.406655
0.998284, 44.428766, 53.777415, 53.367452
0.998344, 44.530972, 53.901262, 53.364495
0.998254, 44.551802, 53.658752, 53.316576
0.998245, 44.482180, 53.807473, 53.363363
0.998223, 44.434488, 53.650816, 53.311851
0.998383, 44.494492, 54.062963, 53.757538
0.998274, 44.400436, 53.818283, 53.420078
0.998288, 44.385836, 53.748458, 53.543048
0.998256, 44.352653, 53.858059, 53.590763
0.998462, 44.522564, 54.044312, 53.834654
0.998326, 44.359371, 53.981143, 53.789261
0.998344, 44.378233, 53.881874, 53.693354
0.998328, 44.388949, 53.818632, 53.567433
0.998361, 44.409008, 53.823244, 53.618484
0.998269, 44.317263, 53.647458, 53.369719
0.998243, 44.332952, 53.575416, 53.348233
0.998223, 44.350529, 53.401450, 53.164125
0.998321, 44.393692, 53.710282, 53.617284
0.998161, 44.368754, 53.488403, 53.233635
0.998245, 44.443255, 53.559465, 53.269858
0.998268, 44.456023, 53.553679, 53.266474
0.998265, 44.445736, 53.777000, 53.452501
0.998143, 44.437910, 53.548689, 53.213236
0.998191, 44.498425, 53.658281, 53.198983
0.998171, 44.508011, 53.688200, 53.208622
0.998324, 44.532727, 53.838862, 53.438850
0.998279, 44.520064, 53.745984, 53.337968
0.998193, 44.393166, 53.642962, 53.294547
0.998167, 44.390042, 53.630706, 53.372428
0.998154, 44.305460, 53.647324, 53.311540
0.998030, 44.225763, 53.465551, 53.060260
0.998024, 44.202123, 53.364495, 53.132108
0.998008, 44.332997, 53.527216, 53.253946
0.998186, 44.305685, 53.861866, 53.651488
0.998057, 44.295490, 53.714779, 53.284654
0.998169, 44.664515, 53.807891, 53.461819
0.998139, 44.618974, 53.695525, 53.338906
0.998379, 44.730987, 54.288041, 53.990360
0.998224, 44.531202, 53.907887, 53.433989
0.998253, 44.521357, 54.066067, 53.637935
0.998281, 44.526590, 54.205651, 53.647525
0.998566, 44.793094, 54.474933, 54.022665
0.998598, 44.742516, 54.555607, 54.139958
0.998533, 44.697778, 54.312386, 53.864053
0.998473, 44.677813, 54.224703, 53.763533
0.998442, 44.549746, 54.240605, 53.861937
0.998426, 44.508508, 54.315986, 53.882086
0.998301, 44.366131, 54.003093, 53.585928
0.998288, 44.521400, 53.988471, 53.477479
0.998286, 44.510850, 54.140485, 53.586524
0.998440, 44.650484, 54.353265, 53.898772
0.998291, 44.545938, 54.108488, 53.831922
0.998316, 44.440641, 54.184250, 53.753958
0.998375, 44.543905, 54.187594, 53.898416
0.998377, 44.518084, 54.274058, 53.813398
0.998311, 44.556232, 54.134847, 53.731038
0.998283, 44.650664, 54.159101, 53.645847
0.998278, 44.540791, 54.111177, 53.631843
0.998347, 44.566804, 54.231225, 53.766844
0.998271, 44.549777, 54.098421, 53.581892
0.998276, 44.691952, 54.162879, 53.632780
0.998266, 44.679118, 54.221713, 53.665691
0.998445, 44.809752, 54.494961, 54.019080
0.998276, 44.716695, 54.108862, 53.541934
0.998289, 44.667153, 54.173703, 53.621820
0.998351, 44.617820, 54.208553, 53.699057
0.998452, 44.644094, 54.400917, 53.975636
0.998425, 44.708049, 54.334192, 53.881520
0.998532, 44.831864, 54.484366, 53.985785
0.998510, 44.829135, 54.242760, 53.715666
0.998394, 44.730767, 54.221943, 53.762361
0.998390, 44.749720, 54.094848, 53.622221
0.998401, 44.701298, 54.190180, 53.773267
0.998333, 44.714527, 54.128768, 53.711848
0.998286, 44.692343, 54.211916, 53.777692
0.998241, 44.683730, 54.087115, 53.701911
0.998307, 44.692048, 54.191854, 53.790509
0.998148, 44.693870, 53.853058, 53.484457
0.998181, 44.723360, 54.127268, 53.539838
0.998120, 44.685484, 53.916664, 53.511571
0.998337, 44.727404, 54.270492, 53.940803
0.998178, 44.727262, 53.770710, 53.379870
0.998199, 44.738667, 53.674329, 53.430220
0.998099, 44.617070, 53.459568, 53.172483
0.998322, 44.634783, 53.874228, 53.627029
0.998148, 44.551424, 53.557032, 53.082604
0.998231, 44.702592, 53.655926, 53.240660
0.998212, 44.781718, 53.643499, 53.249166
0.998429, 45.020848, 54.091500, 53.764085
0.998322, 44.920176, 53.766361, 53.281074
0.998312, 44.874203, 53.841389, 53.340469
0.998334, 44.907810, 53.717303, 53.232842
0.998487, 45.047063, 54.056467, 53.590630
0.998367, 45.013589, 53.733092, 53.227719
0.998285, 44.894038, 53.752307, 53.240171
0.998282, 44.968567, 53.673451, 53.309863
0.998371, 44.986233, 53.897634, 53.462076
0.998262, 44.943316, 53.466131, 53.020388
0.998233, 44.934658, 53.509945, 53.170377
0.998257, 44.934157, 53.507409, 53.101390
0.998366, 44.950601, 53.722423, 53.285272
0.998314, 44.979604, 53.478576, 53.023062
0.998286, 44.951460, 53.602508, 53.071006
0.998274, 44.911060, 53.466131, 52.927140
0.998338, 44.898245, 53.634654, 53.151170
0.998264, 44.898663, 53.314213, 52.855836
0.998231, 44.834256, 53.399484, 52.913851
0.998361, 44.831817, 53.852214, 53.186226
0.998461, 44.978751, 54.057942, 53.556506
0.998442, 44.934690, 54.020909, 53.429198
0.998417, 45.028643, 53.923098, 53.373751
0.998475, 45.026441, 54.023690, 53.249962
0.998475, 45.039672, 54.077912, 53.556506
0.998425, 44.691199, 53.884213, 53.174288
0.998389, 44.602679, 53.719487, 53.130856
0.998442, 44.717805, 53.710350, 53.077302
0.998531, 44.906558, 53.947057, 53.412184
0.998529, 44.914907, 53.755128, 53.205406
0.998453, 44.802136, 53.777554, 53.291391
0.998449, 44.768402, 53.677708, 53.165147
0.998461, 44.738982, 53.782330, 53.318256
0.998406, 44.797024, 53.546786, 52.972881
0.998411, 44.795456, 53.888327, 53.391501
0.998407, 44.767047, 53.789122, 53.238215
0.998473, 44.664672, 53.961107, 53.466260
0.998435, 44.602687, 53.676965, 53.189608
0.998402, 44.717942, 53.732270, 53.125733
0.998329, 44.768168, 53.582752, 52.904279
0.998367, 44.858807, 53.749970, 53.201345
0.998241, 44.822354, 53.528653, 53.000733
0.998169, 44.880678, 53.665758, 53.056274
0.998176, 44.884184, 53.696680, 52.946464
0.998374, 45.059610, 54.088601, 53.383533
0.998216, 44.972988, 53.748251, 53.061199
0.998164, 44.945911, 53.790093, 53.074771
0.998180, 44.952298, 53.806707, 53.095237
0.998300, 44.982393, 53.897847, 53.310919
0.998239, 44.961456, 54.091500, 53.489827
0.998295, 44.927533, 54.095220, 53.328912
0.998290, 44.967989, 54.315203, 53.354505
0.998400, 44.981989, 54.432334, 53.561374
0.998320, 44.919103, 54.182124, 53.301361
0.998247, 44.879050, 54.146129, 53.249840
