ms-ssim, psnr-y, psnr-u, psnr-v
0.996347, 44.656508, 49.152052, 48.826757
0.995796, 44.072408, 49.092959, 48.783518
0.995437, 43.552037, 48.014380, 47.657734
0.995556, 43.075255, 47.640105, 47.056834
0.994228, 41.581626, 46.858490, 46.432978
0.993907, 41.586222, 46.756985, 45.966785
0.994556, 41.764730, 46.604722, 45.811758
0.995099, 42.838504, 46.910637, 46.274413
0.994166, 40.484043, 46.682130, 45.800324
0.994725, 41.877966, 46.449457, 45.705607
0.994065, 42.556258, 46.591518, 46.170031
0.994608, 42.848761, 46.614257, 46.268725
0.990594, 40.513610, 46.079507, 45.191512
0.988882, 38.758084, 45.546110, 44.924888
0.990174, 39.580574, 45.495974, 44.942945
0.996397, 42.603357, 47.864996, 47.440318
0.994339, 40.472802, 47.095290, 46.579777
0.987409, 36.282878, 44.426627, 43.352560
0.995583, 41.537108, 46.832006, 46.258547
0.985112, 36.465391, 43.655596, 42.897653
0.987362, 37.960643, 44.111976, 43.570862
0.988017, 38.099673, 44.094297, 43.530371
0.994931, 41.075531, 46.678081, 46.190227
0.982977, 36.532814, 43.070959, 42.366000
0.987736, 37.681053, 43.248278, 42.935896
0.995281, 41.236024, 46.582996, 46.089180
0.993634, 40.237546, 46.582600, 46.109512
0.985116, 37.284286, 43.573402, 42.787187
0.985949, 38.542948, 43.452828, 43.190690
0.984982, 37.543484, 43.753463, 43.257762
0.985218, 37.730399, 45.000457, 44.044739
0.985869, 37.809042, 44.922573, 43.948402
0.979886, 35.850187, 43.468965, 42.823055
0.983678, 37.314244, 43.194620, 42.558986
0.984289, 36.185115, 42.795346, 42.237966
0.983715, 36.995101, 43.779491, 43.173313
0.984087, 37.026077, 43.690925, 43.125625
0.979041, 34.120956, 42.207966, 41.661115
0.982679, 35.959364, 42.934420, 42.379066
0.983499, 36.897916, 43.280827, 42.902129
0.993614, 40.521560, 45.910530, 45.639107
0.993050, 39.984009, 46.082023, 45.818372
0.985626, 39.579666, 44.150552, 44.331881
0.982515, 37.605795, 43.567321, 43.113230
0.982204, 37.706061, 43.625079, 43.088668
0.993309, 42.067578, 46.214251, 46.070056
0.992461, 41.372799, 46.288364, 46.217053
0.983552, 36.779547, 43.202085, 43.250440
0.982790, 35.919942, 43.906233, 43.307621
0.980476, 34.740551, 43.231487, 42.752837
0.979396, 35.341893, 43.521851, 42.850921
0.985287, 36.998452, 43.353482, 43.008746
0.987379, 38.827507, 43.728575, 43.653122
0.985850, 36.663844, 44.502663, 43.729895
0.987331, 36.716742, 43.569609, 43.202297
0.986462, 38.351421, 44.756324, 43.974087
0.984521, 36.185197, 43.991203, 43.185773
0.993139, 39.570674, 46.165796, 45.725809
0.981825, 35.339609, 42.877447, 42.555946
0.982214, 36.520741, 42.666229, 42.581645
0.982593, 38.107870, 44.149248, 43.702142
0.982331, 35.913118, 43.281475, 43.235833
0.982591, 35.814808, 43.135371, 43.179469
0.983075, 35.867765, 43.159983, 43.318238
0.983945, 36.202290, 43.309875, 43.041726
0.984687, 35.024946, 44.113927, 43.533980
0.979474, 36.503492, 43.356256, 42.839016
0.992586, 42.123461, 46.918957, 46.749998
0.992132, 41.880477, 47.308764, 47.057673
0.986616, 38.158073, 44.611065, 44.546514
0.984956, 37.315314, 44.988875, 44.296195
0.990657, 40.612112, 45.606835, 46.058788
0.985669, 38.344309, 43.876683, 44.213154
0.986504, 38.612837, 43.917464, 44.225523
0.983967, 35.287307, 43.788845, 43.258892
0.986825, 37.579639, 43.053878, 43.190696
0.987802, 39.110514, 43.716027, 43.659856
0.993496, 40.495786, 45.637036, 45.699605
0.992528, 39.979537, 45.526166, 45.469134
0.983204, 35.093956, 43.398298, 43.224465
0.980032, 36.313783, 43.394762, 42.768919
0.984948, 37.527459, 43.657843, 43.383672
0.993036, 38.147845, 45.805508, 45.630343
0.982801, 34.601691, 43.651717, 42.951632
0.985620, 35.864257, 43.409381, 42.998824
0.989685, 40.351888, 44.641741, 44.489033
0.987925, 39.691874, 44.331465, 43.853678
0.991346, 38.443413, 45.278201, 44.953180
0.989955, 37.952102, 45.273278, 44.970618
0.982019, 37.102439, 43.348691, 42.735632
0.988230, 39.229626, 43.949338, 43.704591
0.986302, 37.726546, 43.872537, 43.327664
0.991732, 39.089157, 46.042722, 45.333269
0.984182, 35.967334, 45.225579, 44.213751
0.983989, 39.487901, 43.931225, 43.518885
0.985123, 40.210985, 44.537300, 43.994649
0.981490, 35.650207, 43.413323, 42.620361
0.993087, 41.092931, 46.323158, 45.865565
0.993123, 41.114336, 46.318374, 45.859729
0.993781, 39.482805, 45.142282, 44.901982
0.989535, 36.985997, 44.423230, 43.970918
0.984247, 36.818178, 43.753773, 43.229450
0.994349, 42.613830, 46.397853, 46.180183
0.994081, 42.341513, 46.545346, 46.264369
0.988200, 39.633838, 44.912041, 44.387132
0.987336, 38.858262, 43.641199, 43.326991
0.988804, 42.625390, 45.609693, 45.050582
0.997505, 49.604523, 50.588721, 51.485314
0.996307, 47.560486, 48.687134, 50.772445
0.997797, 50.830773, 50.372096, 52.114353
0.998434, 51.864157, 51.090729, 53.616684
0.998819, 53.840546, 51.350871, 56.042501
0.998979, 53.648600, 51.449307, 55.970726
0.999144, 54.711785, 53.192872, 56.669658
0.998683, 53.110577, 50.409682, 55.819002
0.996552, 46.876393, 48.523045, 50.136411
0.995540, 46.519656, 48.772338, 49.685617
0.995021, 45.113965, 48.595610, 49.268272
0.994229, 43.963084, 48.456587, 48.980132
0.993299, 44.021805, 48.324360, 48.721421
0.992625, 42.713845, 47.842536, 48.186807
0.992532, 44.311853, 48.301126, 48.871504
0.991501, 41.830251, 47.499585, 47.614573
0.989969, 40.122563, 46.681577, 46.818441
0.989788, 41.539378, 46.887457, 47.088805
0.989978, 40.990540, 46.680726, 46.905161
0.989858, 41.782461, 46.859531, 47.514509
0.990044, 41.767501, 46.686399, 47.352395
0.990853, 42.508193, 46.188492, 47.125602
0.990499, 41.940649, 46.114415, 46.585056
0.991012, 42.474516, 46.819055, 46.945145
0.990219, 41.584060, 46.118836, 45.874413
0.993576, 42.838056, 47.007902, 46.706056
0.989096, 40.744870, 45.026378, 44.384450
0.989251, 41.958862, 45.659407, 44.250282
0.993283, 43.980144, 46.528253, 45.480444
0.989740, 42.182712, 45.543575, 44.187100
0.993389, 43.782840, 47.440399, 46.136461
0.992007, 43.622771, 47.346097, 45.758882
0.995722, 45.530600, 48.770241, 47.834676
0.994464, 44.481418, 48.514698, 46.937262
0.995906, 44.465782, 49.092911, 47.685699
0.994384, 43.078197, 47.856794, 46.961963
0.994926, 43.563941, 47.499944, 46.989761
0.991711, 41.138072, 46.428148, 45.462990
0.989824, 40.589864, 45.665578, 45.150275
0.988307, 38.811679, 45.413295, 44.985064
0.988915, 39.806340, 45.594677, 45.319069
0.989440, 39.998723, 45.614759, 45.243149
0.989482, 40.919042, 45.852896, 45.870771
0.993601, 42.258229, 47.150709, 46.988833
0.993123, 41.829555, 47.250320, 47.129043
0.989198, 40.832505, 45.598084, 45.549813
0.989646, 40.518457, 45.669587, 45.433222
0.988187, 40.221353, 45.328006, 45.189329
0.989453, 40.531613, 45.621672, 45.506993
0.990190, 42.213420, 46.161770, 46.095486
0.990659, 42.098002, 46.324364, 46.171063
0.990709, 42.366225, 46.355890, 46.114604
0.990040, 41.655188, 45.949423, 46.197685
0.988184, 41.342972, 46.414923, 46.587076
0.990476, 40.082757, 46.357468, 46.389552
0.991705, 41.153010, 45.713746, 46.593475
0.991212, 40.205005, 45.075536, 46.041359
0.991534, 40.568323, 45.312681, 46.205676
0.991539, 40.016577, 45.424622, 46.100456
0.991309, 42.415814, 46.274930, 47.089369
0.991088, 42.332154, 46.012444, 46.660982
0.990436, 42.691753, 46.272680, 46.888137
0.991367, 43.566240, 47.014296, 47.700355
0.991428, 41.953210, 46.798395, 46.930523
0.992230, 43.173632, 47.477636, 47.765662
0.991429, 42.243868, 47.093895, 47.521433
0.990887, 42.732708, 47.157152, 47.766424
0.991367, 42.945714, 47.291499, 47.863276
0.991538, 44.551040, 47.709994, 48.317231
0.991542, 44.247450, 47.729198, 48.263961
0.991467, 43.824144, 47.371360, 47.880983
0.991257, 42.166969, 47.332226, 47.483381
0.991345, 41.987637, 47.266031, 47.279924
0.991967, 42.818461, 47.590355, 47.700696
0.993231, 44.509268, 48.288813, 48.408136
0.992229, 44.000673, 47.817613, 47.933350
0.992200, 43.635750, 47.733324, 47.695919
0.991913, 43.321849, 47.075850, 47.397471
0.991923, 42.602378, 46.809797, 46.901282
0.992032, 42.200987, 46.772509, 46.933612
0.992950, 43.918613, 47.472595, 47.451749
0.993282, 43.192710, 47.351875, 46.997668
0.993440, 43.848174, 47.608033, 47.582307
0.994096, 44.250473, 48.541384, 48.449644
0.993370, 44.918608, 48.668384, 48.206576
0.993061, 44.028300, 47.816526, 47.224586
0.992627, 43.083408, 48.196977, 47.324987
0.991862, 41.739103, 47.063493, 46.082541
0.991534, 41.618830, 46.725093, 45.684425
0.990667, 40.631968, 45.960445, 45.044215
0.990594, 40.171780, 45.944396, 44.708316
0.990387, 40.086818, 46.197721, 44.885005
0.990277, 40.197878, 46.452286, 44.986928
0.989564, 39.697143, 46.310979, 45.109923
0.990370, 39.666787, 46.098024, 45.083350
0.990697, 41.256575, 46.492649, 45.675313
0.990801, 40.937807, 46.230808, 45.522339
0.990257, 41.658391, 46.651076, 45.911932
0.990968, 41.841682, 46.850285, 45.974384
0.992552, 43.947154, 47.278964, 46.812468
0.991546, 43.132950, 47.077195, 46.534565
0.991933, 43.519923, 46.839728, 46.604072
0.993170, 43.690949, 47.351339, 46.925150
0.993127, 44.030501, 47.559160, 47.130765
0.992470, 43.097314, 47.892904, 47.300956
0.993281, 42.255310, 47.452007, 46.983128
0.993225, 42.182281, 47.576795, 47.484469
0.993252, 41.511333, 47.653611, 47.297236
0.993212, 41.838674, 47.564137, 47.293162
0.992576, 40.900464, 47.199719, 46.867288
0.990422, 40.450955, 46.516240, 46.244191
0.990593, 40.605656, 46.093694, 46.011762
0.990742, 41.012681, 46.050514, 45.959095
0.990288, 40.708428, 45.738156, 45.705489
0.990090, 40.393432, 45.430478, 45.354672
0.989354, 41.486351, 45.893706, 45.943735
0.994980, 44.362079, 48.491041, 48.439190
0.994456, 43.889908, 48.509964, 48.485965
0.990269, 43.108431, 46.690876, 46.468261
0.990649, 43.797620, 46.600811, 47.006811
0.996319, 48.827465, 50.552654, 51.232306
0.995992, 47.712214, 48.566255, 49.710793
0.997424, 49.338626, 50.408472, 51.110337
0.997959, 51.360545, 51.684896, 52.744970
0.997929, 50.722664, 52.326078, 52.499517
0.998331, 52.079026, 53.243045, 53.305082
0.998467, 52.593011, 53.140404, 54.009802
0.998089, 50.739988, 52.532059, 52.853990
0.997754, 49.807156, 51.687675, 51.871957
0.997275, 49.046570, 51.476183, 51.495447
0.996725, 47.653269, 50.622212, 50.457280
0.995681, 45.141316, 49.226200, 49.242605
0.994929, 45.427144, 49.463829, 49.189822
0.994333, 44.670914, 48.727364, 48.678786
0.993731, 46.189447, 49.164350, 49.049678
0.993982, 45.921019, 48.949071, 48.875664
0.993585, 44.428397, 48.497681, 48.451795
0.993647, 45.218054, 48.612552, 48.891782
0.993984, 44.024957, 48.306030, 48.483000
0.994392, 45.236358, 48.231237, 48.709474
0.994742, 45.095946, 48.064639, 48.641884
0.993993, 42.462806, 46.791909, 47.169779
0.996012, 44.912746, 48.046428, 48.275385
0.993227, 42.485725, 46.223305, 45.571507
0.994651, 44.394868, 46.610456, 46.615161
0.994876, 45.320731, 47.131693, 46.976490
0.994451, 44.597322, 46.633629, 45.908529
0.993286, 43.860905, 46.325894, 45.710689
0.995997, 46.434135, 48.364196, 47.868029
0.994825, 45.248487, 47.878421, 47.125707
0.995977, 44.944942, 48.297012, 47.663790
0.996068, 45.413403, 48.748848, 47.959655
0.995203, 44.509489, 48.115280, 47.495545
0.994491, 43.482314, 47.902355, 46.881218
0.996136, 45.559025, 48.998876, 48.540245
0.992487, 42.079884, 46.496762, 45.806976
0.993320, 42.357417, 46.595818, 46.112543
0.992707, 42.246804, 46.666185, 46.380712
0.992718, 41.201822, 46.522262, 46.193158
0.994550, 43.835969, 48.247065, 47.951110
0.992567, 42.678412, 47.113431, 46.858729
0.994254, 43.203866, 47.638994, 47.420826
0.990134, 40.956726, 45.837150, 45.673461
0.992306, 41.648528, 46.623292, 46.373587
0.992165, 42.121422, 46.856676, 46.750176
0.992744, 43.182611, 47.266665, 47.384134
0.992081, 42.541191, 46.886183, 47.169295
0.991967, 43.092687, 46.598837, 46.683846
0.992253, 42.903754, 45.869125, 46.023871
0.992024, 43.506903, 46.450878, 46.965392
0.988445, 41.526933, 45.929337, 46.706368
0.994027, 43.366282, 46.960250, 47.537731
0.994691, 44.277045, 47.763080, 47.999395
0.995779, 44.810759, 48.784066, 49.278669
0.992572, 42.667896, 46.785627, 47.328715
0.994190, 44.150716, 47.986958, 48.430820
0.993165, 43.167956, 46.454374, 47.302732
0.992520, 41.724538, 45.224188, 46.304451
0.994442, 44.058570, 47.142384, 47.805039
0.992177, 42.973292, 45.769168, 46.501073
0.992648, 43.642029, 46.855088, 47.319307
0.992631, 43.614207, 47.005036, 47.603156
0.992402, 42.700804, 47.679102, 47.898350
0.991814, 43.359893, 47.275464, 47.698307
0.992331, 43.632340, 47.077698, 47.497385
0.992682, 45.508845, 48.436378, 48.492516
0.992285, 43.193827, 47.081975, 46.846441
0.992249, 42.729718, 47.458735, 46.920069
0.992001, 43.098200, 47.522727, 46.877742
0.992122, 43.070049, 47.452491, 46.778704
0.991906, 41.727169, 46.771861, 46.262530
0.991847, 42.976871, 47.520434, 47.235800
0.991845, 42.196139, 46.919513, 46.661587
