ms-ssim, psnr-y, psnr-u, psnr-v
0.998254, 45.794603, 50.627093, 52.021693
0.997443, 44.747710, 49.560340, 50.938665
0.997677, 44.876056, 49.649177, 51.089540
0.997433, 44.440243, 49.509515, 50.910765
0.997672, 44.916609, 49.855507, 51.311634
0.997346, 44.234216, 49.311185, 50.963409
0.997320, 44.214301, 49.173683, 50.879051
0.997222, 43.934122, 48.953031, 50.585429
0.997457, 44.398144, 49.320984, 50.904259
0.997238, 44.123372, 48.939277, 50.669617
0.997491, 44.363386, 49.318866, 50.934299
0.997057, 44.174907, 48.962413, 50.505916
0.996852, 43.680708, 48.979074, 50.372733
0.996842, 43.658981, 48.835368, 50.383256
0.997192, 44.072941, 49.155026, 50.778877
0.996560, 43.681145, 48.609336, 50.079691
0.995345, 42.611991, 47.929296, 49.209716
0.995166, 42.347504, 47.633390, 48.986086
0.995088, 42.214153, 47.577292, 48.858407
0.995251, 42.221848, 47.728836, 49.193448
0.996097, 42.869802, 48.178143, 49.828547
0.995665, 42.409538, 47.746643, 49.625377
0.995848, 42.891956, 48.170780, 49.780944
0.995872, 42.910199, 48.088924, 49.767950
0.996242, 42.780206, 47.998952, 49.797148
0.996132, 42.667109, 47.984095, 49.802375
0.996658, 43.399236, 48.636723, 50.413472
0.996597, 43.658066, 48.732281, 50.426178
0.996530, 43.620507, 48.864624, 50.308657
0.996856, 43.936420, 49.202876, 50.668857
0.996414, 43.603092, 48.995178, 50.242618
0.996732, 43.938001, 49.055056, 50.394303
0.996654, 43.907109, 48.885902, 50.253382
0.996999, 44.039392, 49.063190, 50.612360
0.997097, 44.155626, 49.269508, 50.803508
0.996746, 43.453002, 48.849047, 50.496845
0.996814, 43.428337, 48.798047, 50.529926
0.996744, 43.438190, 48.668022, 50.398730
0.997255, 44.337042, 48.966932, 50.736587
0.996849, 43.689459, 48.599175, 50.366701
0.996861, 43.618261, 48.640581, 50.389026
0.996782, 43.821587, 48.863872, 50.330895
0.997187, 44.066412, 48.964056, 50.459158
0.997089, 44.169358, 48.909718, 50.377067
0.997404, 44.690042, 49.174760, 50.532799
0.997361, 44.576693, 49.261914, 50.556440
0.997083, 43.825909, 48.809527, 50.512437
0.996875, 43.240826, 48.506609, 50.431934
0.997139, 43.814781, 48.944232, 50.680275
0.997224, 43.919208, 48.765309, 50.255386
0.997056, 44.122875, 48.743392, 50.376214
0.996952, 44.184239, 48.767713, 50.299850
0.997259, 44.415614, 49.084674, 50.627018
0.997380, 44.199994, 49.069445, 50.839494
0.997041, 43.436356, 48.403864, 50.193892
0.997176, 43.568241, 48.525411, 50.438778
0.997075, 43.579965, 48.490696, 50.279576
0.997341, 44.337153, 48.920176, 50.572397
0.997055, 44.055276, 48.747396, 50.368332
0.996956, 43.975145, 48.793948, 50.397730
0.997360, 44.242154, 49.062980, 50.700751
0.997049, 43.563685, 48.637913, 50.262650
0.996957, 43.704092, 48.757763, 50.223158
0.997231, 44.269293, 48.960002, 50.423591
0.997031, 43.838616, 48.578361, 50.055200
0.997390, 44.595870, 49.146344, 50.554959
0.997060, 44.162088, 48.935807, 50.309917
0.996976, 43.945561, 48.855151, 50.284653
0.997306, 44.678711, 49.162920, 50.546229
0.996960, 44.177604, 48.808586, 50.026057
0.997060, 44.299605, 48.892917, 50.119837
0.997113, 44.514331, 48.749399, 50.444838
0.997564, 45.308252, 49.060092, 50.660426
0.997244, 45.010392, 48.913929, 50.565191
0.997219, 44.604738, 48.685178, 50.285210
0.997415, 45.148468, 49.284130, 50.690425
0.997142, 44.312362, 48.968011, 50.519189
0.997108, 43.914880, 48.835916, 50.540542
0.997068, 43.756902, 48.707189, 50.556366
0.997307, 44.229791, 49.157119, 50.593864
0.997141, 44.122753, 48.903334, 50.254487
0.997446, 44.944935, 49.354501, 50.683936
0.997539, 45.207320, 49.298690, 50.770619
0.997143, 44.461974, 48.931372, 50.322885
0.997237, 44.638375, 49.062980, 50.528233
0.997134, 44.295209, 48.896656, 50.326888
0.997316, 44.578984, 49.117686, 50.640743
0.997056, 44.488452, 48.959950, 50.340683
0.997062, 44.435652, 49.105363, 50.544973
0.997404, 44.946121, 49.434148, 50.664905
0.997039, 44.073012, 48.810369, 50.297965
0.997213, 44.075185, 48.757371, 50.268955
0.996934, 43.829509, 48.769922, 50.339485
0.997240, 44.358876, 49.140993, 50.657695
0.997065, 44.547672, 49.120187, 50.267707
0.997189, 44.545765, 49.192474, 50.279090
0.997116, 44.238784, 49.093975, 50.225628
0.997402, 45.082057, 49.425917, 50.717325
0.997361, 45.287729, 49.567178, 50.857004
0.996991, 44.606916, 49.087948, 50.428479
0.996804, 44.029479, 48.684118, 50.056454
0.997058, 44.582423, 49.325724, 50.562816
0.996874, 44.490660, 48.925109, 50.101318
0.996616, 44.663612, 49.184148, 50.389026
0.996687, 44.833289, 49.149182, 50.277491
0.996702, 44.585662, 49.441018, 50.750819
0.996364, 44.137859, 49.330023, 50.364503
0.996969, 44.811325, 49.629923, 50.485242
0.996751, 44.580921, 49.396608, 50.306069
0.997226, 44.707800, 49.886126, 50.955362
0.996260, 43.114715, 48.941269, 49.590660
0.996597, 42.797774, 48.861063, 49.398367
0.996555, 42.643498, 48.499960, 49.220814
0.997162, 43.154228, 48.830934, 49.692130
0.996862, 42.914602, 48.383334, 49.137678
0.997002, 43.007054, 48.408379, 49.345243
0.996516, 42.757827, 48.318646, 49.169697
0.996656, 43.041120, 48.404180, 49.153953
0.996296, 42.840256, 48.375078, 49.088212
0.996798, 43.044321, 48.253424, 49.161523
0.996446, 42.091286, 47.661142, 48.709755
0.996323, 42.270627, 47.422786, 48.883331
0.996199, 42.375191, 47.303468, 48.809230
0.996424, 42.638105, 47.478515, 48.971095
0.996202, 42.413237, 47.501587, 48.885197
