ms-ssim, psnr-y, psnr-u, psnr-v
0.992883, 42.402046, 51.262324, 50.158032
0.992194, 42.051552, 51.425736, 50.313312
0.991841, 41.905558, 51.292472, 50.261312
0.991688, 41.887529, 51.349170, 50.314060
0.992091, 42.055916, 51.174558, 50.091653
0.991949, 42.077470, 51.399170, 50.300805
0.991997, 42.095714, 51.459153, 50.355013
0.991945, 42.090590, 51.483111, 50.389849
0.992030, 41.997359, 51.432060, 50.289883
0.992298, 42.247108, 51.459640, 50.338842
0.992199, 42.180370, 51.224998, 50.250059
0.992207, 42.236582, 51.158518, 50.214799
0.992226, 42.276139, 51.072248, 50.055770
0.992194, 42.296298, 51.133646, 50.106719
0.991741, 41.966745, 51.091363, 50.075636
0.991361, 41.619027, 51.166891, 50.152594
0.991466, 41.637572, 51.110899, 50.137817
0.991423, 41.732280, 51.164123, 50.210415
0.991781, 42.012552, 51.147555, 50.184054
0.991577, 41.922464, 51.175508, 50.204668
0.992157, 42.283645, 51.168029, 50.235988
0.993300, 42.713577, 51.443402, 50.549494
0.993534, 42.790284, 51.394052, 50.512184
0.993847, 42.922710, 51.499170, 50.616328
0.994035, 43.107994, 51.466664, 50.552522
0.994932, 43.658917, 51.750593, 50.899013
0.994991, 43.683037, 51.719128, 50.948209
0.995441, 43.941644, 51.834690, 51.063685
0.995659, 44.118972, 51.856194, 51.080940
0.995748, 44.197106, 51.958506, 51.146007
0.996011, 44.332537, 52.120442, 51.439524
0.996117, 44.431347, 52.114777, 51.439040
0.996341, 44.585070, 52.041061, 51.402412
0.996295, 44.591200, 52.166646, 51.497656
0.996379, 44.664352, 52.217065, 51.544439
0.996552, 44.809491, 52.228818, 51.577368
0.996562, 44.737504, 52.157823, 51.516235
0.996359, 44.569605, 52.530709, 51.789899
0.996332, 44.469325, 52.631813, 51.875750
0.996323, 44.535705, 52.558312, 51.871466
0.996536, 44.687062, 52.458681, 51.794892
0.996084, 44.318724, 52.760871, 51.917156
0.996090, 44.273766, 52.617066, 51.773079
0.996318, 44.534519, 52.733532, 51.852995
0.996363, 44.477720, 52.587406, 51.609835
0.995939, 44.218714, 52.585670, 51.589515
0.996341, 44.332478, 52.580468, 51.594324
0.996789, 44.732211, 52.611298, 51.518825
0.997076, 44.926082, 52.574486, 51.545390
0.996843, 44.620584, 52.628786, 51.671500
0.996816, 44.517326, 52.507565, 51.573826
0.996984, 44.811687, 52.573280, 51.661544
0.997224, 44.986524, 52.448124, 51.528129
0.997133, 44.875550, 52.554082, 51.671117
0.997013, 44.716527, 52.482438, 51.569539
0.997240, 45.000324, 52.533877, 51.597506
0.997246, 44.996345, 52.359787, 51.432987
0.997172, 44.931768, 52.375788, 51.534191
0.997096, 44.902314, 52.437644, 51.603372
0.997050, 44.792180, 52.351709, 51.481235
0.997098, 44.825378, 52.385869, 51.532665
0.996982, 44.739284, 52.299810, 51.464836
0.996966, 44.676722, 52.341309, 51.552098
0.996828, 44.583731, 52.210695, 51.329637
0.997041, 44.788021, 52.293759, 51.393693
0.996738, 44.473237, 52.198799, 51.304590
0.996828, 44.596752, 52.207224, 51.352968
0.996939, 44.918012, 52.277469, 51.493852
0.996919, 45.016475, 52.147354, 51.332827
0.996962, 45.205191, 52.446545, 51.549406
0.996951, 45.190823, 52.441762, 51.722747
0.996794, 45.043726, 52.690931, 51.843899
0.996651, 44.863233, 52.608178, 51.757627
0.996749, 44.842386, 52.695081, 51.897997
0.997200, 45.282104, 52.677324, 51.914948
0.997141, 45.202448, 52.799911, 52.032211
0.997284, 45.367530, 52.858970, 52.166408
0.997316, 45.373058, 52.702366, 52.063707
0.997196, 45.245643, 52.863060, 52.192215
0.997045, 45.033072, 52.755017, 52.081974
0.997239, 45.345580, 52.850915, 52.121009
0.997334, 45.352094, 52.764814, 52.017425
0.997174, 45.157944, 52.837913, 52.113315
0.997129, 45.185711, 52.908468, 52.144646
0.997173, 45.227073, 52.843042, 52.107095
0.997305, 45.366083, 52.840588, 52.106624
0.997122, 45.224987, 52.759065, 52.009867
0.997105, 45.200419, 52.885648, 52.148923
0.997038, 45.137748, 52.747753, 52.043148
0.997246, 45.329482, 52.817512, 52.147497
0.997151, 45.332534, 52.847898, 52.146927
0.997078, 45.206080, 52.719086, 52.072667
0.997314, 45.476143, 52.805604, 52.116664
0.997304, 45.450234, 52.697130, 52.030545
0.997291, 45.429044, 52.690769, 52.077108
0.997191, 45.360572, 52.804554, 52.151967
0.997137, 45.294854, 52.712748, 52.010972
0.997236, 45.307930, 52.690608, 52.012170
0.997192, 45.329865, 52.802950, 52.125310
0.997194, 45.304246, 52.733477, 52.072013
0.997354, 45.551077, 52.755673, 52.100084
0.997389, 45.461099, 52.697130, 52.031702
0.997336, 45.538562, 52.845665, 52.202215
0.997263, 45.404484, 52.823727, 52.157109
0.997226, 45.350310, 52.746116, 52.057464
0.997365, 45.467786, 52.742735, 52.092990
0.997313, 45.433701, 52.840979, 52.192167
0.997266, 45.360071, 52.813687, 52.183915
0.997406, 45.568891, 52.717135, 52.076079
0.997414, 45.522352, 52.620457, 51.973504
0.997363, 45.553344, 52.783758, 52.130183
0.997371, 45.461897, 52.790201, 52.087174
0.997400, 45.503808, 52.710583, 52.020886
0.997448, 45.617144, 52.661512, 52.017102
0.997371, 45.513073, 52.785574, 52.104458
0.997261, 45.329959, 52.718653, 52.083238
0.997304, 45.453804, 52.659640, 52.018025
0.997380, 45.540882, 52.771064, 52.131698
0.997317, 45.443157, 52.743389, 52.105023
0.997319, 45.448058, 52.870183, 52.185065
0.997272, 45.428968, 52.809367, 52.172761
0.997270, 45.393059, 52.737668, 52.168079
0.996985, 45.139274, 52.677861, 51.986629
0.996905, 45.090540, 52.766293, 52.066551
0.997019, 45.179709, 52.911810, 52.220834
0.997044, 45.235618, 52.694326, 52.055369
0.997173, 45.478724, 52.802563, 52.123891
0.997226, 45.329141, 52.664991, 51.901858
0.997498, 45.664147, 52.715618, 51.991441
0.997711, 45.833058, 52.871137, 52.079306
0.997646, 45.783672, 52.964956, 52.233615
0.997468, 45.498757, 52.739029, 52.000575
0.997593, 45.672278, 52.792185, 52.131935
0.997781, 45.860039, 52.924240, 52.216003
0.997629, 45.729270, 52.830230, 52.179699
0.997682, 45.832675, 52.857683, 52.210212
0.997649, 45.694775, 52.752503, 52.106435
0.997850, 45.985173, 52.779138, 52.167840
0.997694, 45.831709, 52.853990, 52.225719
0.997626, 45.732201, 52.742081, 52.074723
0.997817, 45.962758, 52.824894, 52.191975
0.997874, 46.007161, 52.752012, 52.130893
0.997826, 46.057850, 52.858914, 52.192695
0.997641, 45.740471, 52.766184, 52.127911
0.997775, 45.965559, 52.869566, 52.240602
0.997794, 45.937480, 52.741536, 52.091160
0.997751, 45.917222, 52.886211, 52.275756
0.997592, 45.628878, 52.778753, 52.213396
0.997730, 45.931080, 52.797261, 52.209923
0.997765, 45.920277, 52.674265, 52.099567
0.997704, 45.845937, 52.688831, 52.131509
0.997641, 45.849375, 52.781392, 52.183244
0.997601, 45.720699, 52.729834, 52.080242
0.997760, 45.914398, 52.767170, 52.218708
0.997841, 46.088179, 52.767170, 52.174913
0.997718, 45.795241, 52.676304, 52.081412
0.997879, 46.118134, 52.815405, 52.168174
0.997843, 45.996618, 52.704797, 52.072060
0.997858, 46.101105, 52.866592, 52.211177
0.997729, 45.796201, 52.743389, 52.097311
0.997858, 46.074726, 52.790476, 52.185976
0.997803, 45.923417, 52.671422, 52.065339
0.997782, 45.963073, 52.814573, 52.131509
0.997709, 45.794619, 52.699072, 52.084035
0.997705, 45.861450, 52.811360, 52.149827
0.997780, 45.948417, 52.796433, 52.200579
0.997781, 45.978953, 52.803614, 52.146689
0.997766, 46.008179, 52.763280, 52.144266
0.997785, 46.045998, 52.861771, 52.258411
0.997783, 46.007026, 52.738321, 52.157871
0.997527, 45.593177, 52.361584, 51.792351
0.997569, 45.586622, 52.378193, 51.762452
0.997778, 45.948693, 52.559670, 51.930157
0.997903, 46.023572, 52.521012, 51.868122
0.997788, 45.868640, 52.688938, 52.061143
0.997793, 45.891201, 52.696105, 51.985347
0.997789, 46.001694, 52.723263, 52.024119
0.997959, 46.200455, 52.712964, 52.011663
0.997865, 46.041134, 52.773205, 52.097969
0.997769, 45.951163, 52.697184, 52.070192
0.997868, 46.047313, 52.822783, 52.136721
0.997966, 46.199530, 52.789154, 52.072200
0.997856, 46.118187, 52.937903, 52.196972
0.997686, 45.824685, 52.726629, 52.015027
0.997741, 45.965459, 52.696051, 52.036425
0.997926, 46.112448, 52.681891, 51.977798
0.997841, 45.985228, 52.776610, 52.059745
0.997663, 45.711977, 52.726032, 52.008301
0.997839, 46.021951, 52.849518, 52.125830
0.997840, 46.020211, 52.696105, 51.966112
0.997539, 45.708188, 52.605959, 51.921486
0.997579, 45.592210, 52.700638, 51.953321
0.997576, 45.645369, 52.668902, 51.968620
0.997801, 45.893591, 52.753487, 52.129946
0.997655, 45.678701, 52.843154, 52.184634
0.997607, 45.530468, 52.801458, 52.112231
0.997714, 45.689848, 52.711719, 52.044123
0.997708, 45.647159, 52.695782, 52.032767
0.997706, 45.751116, 52.790036, 52.101683
0.997639, 45.576398, 52.741863, 52.059699
0.997605, 45.501459, 52.690769, 51.961237
0.997592, 45.657959, 52.652800, 51.948960
0.997447, 45.643484, 52.629741, 51.844343
0.997331, 45.477731, 52.738158, 52.021209
0.997233, 45.370202, 52.807374, 52.282321
0.997404, 45.546721, 53.168933, 52.467370
0.996979, 44.965197, 53.136701, 52.338626
0.996891, 44.843757, 52.987506, 52.277518
0.997009, 44.982135, 53.112417, 52.505552
0.997214, 45.190780, 53.022713, 52.412563
0.997002, 45.104577, 53.130498, 52.545478
0.996849, 44.940749, 52.865695, 52.280899
0.997261, 45.293427, 52.950465, 52.394514
0.997404, 45.349373, 52.943780, 52.401463
0.997344, 45.421661, 53.057153, 52.522152
0.997462, 45.584463, 53.114554, 52.560298
0.997447, 45.473563, 52.987160, 52.419237
0.996999, 45.217789, 53.090806, 52.489992
0.996950, 45.118829, 53.020388, 52.480796
0.997272, 45.506154, 52.975756, 52.442932
0.997491, 45.572563, 52.952810, 52.380249
0.997054, 45.314654, 53.077125, 52.391798
0.996932, 45.103943, 52.987506, 52.311690
0.997357, 45.613210, 53.027833, 52.285705
0.997457, 45.590472, 52.891680, 52.172809
0.997177, 45.389594, 53.005421, 52.313714
0.997069, 45.174319, 52.954470, 52.210020
0.997244, 45.454214, 52.879287, 52.178885
0.997503, 45.611951, 52.799635, 52.148495
0.997334, 45.504853, 52.913851, 52.248768
0.997192, 45.303546, 52.918730, 52.216776
0.997380, 45.544484, 52.944294, 52.271059
0.997417, 45.545606, 52.789429, 52.109780
0.997177, 45.282070, 52.961859, 52.227994
0.997117, 45.161301, 52.944807, 52.152966
0.997238, 45.398572, 52.882382, 52.136531
0.997407, 45.512263, 52.821173, 52.096653
0.997264, 45.461509, 52.961917, 52.246141
0.997156, 45.262513, 52.966621, 52.220834
0.997319, 45.543647, 52.961458, 52.214217
0.997391, 45.576542, 52.878330, 52.116712
0.997195, 45.382025, 52.975814, 52.183532
0.997176, 45.283061, 52.942581, 52.244974
0.997104, 45.271074, 52.720767, 51.956277
0.997420, 45.576492, 52.688562, 51.943968
0.997247, 45.448739, 52.727444, 51.988782
0.997277, 45.409846, 52.783482, 52.131793
0.997219, 45.421853, 52.713668, 52.034850
0.997464, 45.667160, 52.644798, 51.948915
0.996967, 44.924417, 52.636598, 51.958051
0.998192, 46.479668, 54.493737, 53.656060
0.997879, 46.176814, 54.443046, 53.639409
0.997700, 45.927390, 54.496022, 53.671898
0.997758, 46.086109, 54.380998, 53.598191
0.997451, 45.489451, 54.326179, 53.612220
0.997461, 45.731797, 54.310352, 53.531528
0.997375, 45.585279, 54.276696, 53.505589
0.997332, 45.572987, 54.174006, 53.345289
0.997304, 45.517669, 54.097826, 53.363488
0.997106, 45.354831, 54.019080, 53.281321
0.997005, 45.189520, 54.076356, 53.328974
0.996877, 45.017706, 53.980128, 53.196078
0.996746, 44.904103, 53.791620, 52.993508
0.996104, 44.420638, 53.597195, 52.867602
0.996173, 44.437087, 53.553482, 52.746498
0.996483, 44.885601, 53.462784, 52.654669
0.996899, 45.078001, 53.497279, 52.572913
0.997041, 45.336012, 53.382333, 52.432058
0.996995, 45.275807, 53.373625, 52.381302
0.996955, 45.212541, 53.352748, 52.491329
0.997243, 45.469954, 53.325170, 52.499672
0.997160, 45.445282, 53.445189, 52.472745
0.997036, 45.258489, 53.373688, 52.356594
0.997210, 45.480856, 53.360911, 52.414534
0.997280, 45.511861, 53.168873, 52.298776
0.997158, 45.429492, 53.186830, 52.231191
0.996916, 45.237931, 53.252046, 52.320337
0.997013, 45.238498, 53.169835, 52.249838
0.997090, 45.193072, 53.043403, 52.157347
0.997145, 45.345081, 53.086024, 52.130136
0.997029, 45.169119, 53.088798, 52.159348
0.997198, 45.497050, 53.288794, 52.344143
0.996919, 45.123863, 53.028124, 52.050021
0.997031, 45.404009, 53.110458, 52.139994
0.996465, 44.900497, 52.688723, 51.729174
0.996398, 45.065295, 52.513611, 51.525368
0.996773, 45.233305, 52.832567, 51.940251
0.996335, 44.993857, 52.332521, 51.270317
0.996642, 45.294803, 52.582464, 51.742099
0.996337, 44.967059, 51.972727, 51.076517
0.996795, 45.198852, 52.616431, 51.718310
0.996332, 44.983313, 52.127060, 51.214556
0.996730, 45.315738, 52.422730, 51.553756
0.996625, 45.291096, 52.479102, 51.691481
0.996607, 45.233874, 52.496477, 51.631010
0.996679, 45.587608, 52.649971, 51.768415
0.996029, 45.065269, 52.186984, 51.330740
0.996434, 45.308988, 52.457762, 51.616980
0.995998, 44.737102, 52.136911, 51.135867
0.995472, 44.429174, 51.974189, 51.077075
