ms-ssim, psnr-y, psnr-u, psnr-v
0.993962, 36.514292, 45.103547, 45.915212
0.993910, 36.490919, 45.136013, 45.914790
0.992866, 36.102582, 45.094894, 45.972996
0.992620, 35.697483, 44.877415, 45.844923
0.992452, 35.587258, 44.828028, 45.822709
0.992375, 35.599303, 44.854897, 45.794967
0.991693, 35.474488, 44.909329, 45.901171
0.991790, 35.440746, 44.903635, 45.897443
0.992235, 35.593137, 44.961495, 45.932328
0.992416, 35.744656, 44.986425, 46.036150
0.992363, 35.728734, 44.965616, 45.992430
0.991813, 35.331558, 45.060699, 45.975505
0.991751, 35.308642, 45.075598, 45.961085
0.992177, 35.616224, 45.189357, 46.013988
0.991499, 35.339744, 44.950944, 45.966640
0.991433, 35.313834, 44.950412, 45.974465
0.991516, 35.277726, 44.930880, 45.753540
0.991482, 35.193709, 44.950654, 45.753075
0.994225, 36.523321, 45.092695, 45.953223
0.994286, 36.570531, 45.084113, 45.915876
0.994312, 36.576022, 45.023576, 45.863313
0.994266, 36.595158, 45.005034, 45.856103
0.994350, 36.362247, 45.403526, 46.288097
0.994468, 36.420160, 45.392809, 46.271620
0.994677, 36.813175, 45.560911, 46.443088
0.995405, 37.329585, 45.553629, 46.456399
0.994781, 36.818998, 45.731555, 46.784709
0.995214, 37.106290, 46.064419, 47.106165
0.994949, 36.903339, 46.109315, 47.115544
0.996517, 39.023207, 46.932687, 47.809337
0.995738, 38.094498, 46.959165, 47.771506
0.994715, 36.887660, 47.010668, 47.875659
0.995403, 37.642231, 46.994697, 48.029847
0.996482, 38.922052, 47.001357, 48.020036
0.995228, 37.379076, 47.081225, 48.023467
0.995981, 38.194036, 47.143645, 48.105244
0.995053, 37.251778, 46.981020, 48.160360
0.996637, 38.883564, 47.160819, 48.366603
0.995020, 37.154369, 47.035518, 48.090776
0.995204, 37.219164, 47.011989, 48.074273
0.994991, 37.193341, 46.661345, 47.655081
0.995778, 37.920644, 46.587719, 47.663739
0.994239, 36.473090, 46.538670, 47.552858
0.994779, 36.868728, 46.566700, 47.571908
0.993395, 35.773778, 46.439613, 47.432992
0.995258, 37.467020, 46.453324, 47.390313
0.994622, 36.971224, 46.406099, 47.439504
0.993222, 36.201840, 46.364466, 47.388448
0.993054, 36.025103, 46.364867, 47.394808
0.994589, 37.193053, 46.319185, 47.318681
0.994199, 36.376251, 46.398334, 47.362680
0.995005, 37.156401, 46.342499, 47.313848
0.994640, 36.766463, 46.287702, 47.285951
0.993457, 36.194314, 46.271161, 47.122314
0.993943, 36.239548, 46.143533, 46.877196
0.995353, 37.296777, 46.243471, 46.725243
0.994194, 36.276244, 46.254356, 46.933984
0.994246, 36.253565, 46.261083, 46.923770
0.993884, 36.045466, 46.216927, 46.723425
0.994458, 36.382896, 46.203297, 46.709271
0.993119, 35.474318, 46.213047, 46.910618
0.993566, 35.677642, 46.182578, 46.889718
0.991788, 34.879759, 46.301798, 47.112999
0.994584, 36.724907, 46.434780, 47.157363
0.994040, 36.351244, 46.476066, 47.172333
0.992962, 35.517134, 46.393816, 47.084621
0.993749, 35.893300, 46.343232, 47.084068
0.993944, 36.101760, 46.386409, 47.095775
0.992145, 34.743664, 46.536232, 47.410621
0.994600, 36.554942, 46.544108, 47.403982
0.993952, 36.096345, 46.538321, 47.348636
0.992973, 35.589206, 46.534352, 47.458063
0.993674, 35.889667, 46.562845, 47.470393
0.994849, 36.567558, 46.612666, 47.330120
0.993914, 36.050657, 46.629852, 47.485790
0.993861, 36.031786, 46.575616, 47.466768
0.993816, 36.034256, 46.688161, 47.274380
0.994431, 36.349788, 46.611816, 47.173058
0.993159, 35.898684, 46.732960, 47.371703
0.993578, 36.135096, 46.689460, 47.379391
0.993070, 35.611274, 46.874109, 47.470134
0.994705, 37.122162, 46.915783, 47.578100
0.994521, 36.935955, 46.930856, 47.531963
0.994126, 36.629901, 46.899171, 47.461594
0.992895, 35.699541, 46.806443, 47.465905
0.993088, 35.755004, 46.778962, 47.455308
0.994529, 37.146207, 46.795119, 47.441648
0.993425, 36.377187, 46.905308, 47.723828
0.993637, 36.478221, 46.919356, 47.674677
0.993321, 36.431599, 46.636973, 47.686640
0.994843, 37.184127, 46.863659, 47.646619
0.993577, 36.390116, 46.805035, 47.500982
0.993954, 36.617004, 46.900686, 47.757830
0.993249, 36.193464, 46.660843, 47.438646
0.994375, 36.746832, 46.693501, 47.608301
0.993943, 36.469706, 46.769105, 47.516139
0.993563, 36.371468, 46.906976, 47.654630
0.994398, 36.930725, 46.883151, 47.631180
0.994281, 36.836710, 46.813340, 47.652198
0.994114, 36.668615, 46.791203, 47.644552
0.992896, 35.875547, 46.469272, 47.419829
0.992618, 35.711120, 46.505491, 47.447570
0.994222, 37.236819, 46.796302, 47.699820
0.993583, 36.785310, 46.806591, 47.610262
0.991352, 35.346496, 46.993691, 47.685733
0.992809, 36.220492, 46.854507, 47.679114
0.993806, 36.894773, 46.897884, 47.711762
0.992116, 36.106797, 46.981329, 47.786246
0.993115, 36.509935, 46.689027, 47.588646
0.992407, 35.995213, 47.095696, 47.663558
0.994249, 37.497915, 47.224076, 47.789776
0.993676, 37.149829, 47.215762, 47.822802
0.993046, 36.637228, 47.322018, 48.045788
0.993714, 37.140851, 47.272812, 47.949272
0.993290, 36.887618, 47.221222, 47.854948
0.991155, 35.476120, 47.251495, 47.952261
0.992178, 36.275212, 47.218776, 47.758199
0.992863, 36.654908, 47.172655, 47.700639
0.991495, 35.747114, 47.122473, 47.707018
0.992127, 35.971202, 47.148293, 47.670786
0.992487, 36.109701, 47.119047, 47.723370
0.993461, 36.657510, 47.076806, 47.647339
0.992037, 35.838482, 47.067037, 47.617670
0.992997, 36.404931, 46.912440, 47.547405
0.992637, 36.256475, 46.880512, 47.509861
0.993231, 36.387510, 47.002908, 47.615616
0.991735, 35.584208, 46.242365, 47.030833
0.992587, 35.865973, 46.575264, 46.902503
0.993406, 36.357821, 46.566981, 46.860731
0.993252, 36.220293, 46.619120, 46.926588
0.993201, 36.169480, 46.640538, 46.898263
0.996343, 39.094526, 47.692089, 48.106043
0.995733, 38.427798, 47.611868, 48.108943
0.992682, 35.685249, 46.708836, 47.276362
0.992792, 35.751412, 46.677717, 47.242882
0.994189, 36.813960, 46.228589, 46.947590
0.992646, 35.641787, 46.411441, 47.298134
0.992869, 35.777549, 46.432264, 47.327362
0.993381, 36.265491, 46.236836, 47.290340
0.993963, 36.716437, 46.278308, 47.216821
0.992738, 35.868134, 46.361187, 47.389804
0.993681, 36.477883, 46.208395, 47.225872
0.993427, 36.276851, 46.217963, 47.098945
0.994896, 37.261367, 46.602119, 47.268936
0.994236, 36.628884, 46.290202, 46.890776
0.994215, 36.636374, 46.306089, 46.892287
0.992731, 35.820997, 46.453529, 47.087861
0.994870, 37.138565, 46.471330, 47.093558
0.994229, 36.744943, 46.469683, 47.001512
0.993869, 36.563427, 46.553257, 47.162508
0.993677, 36.352057, 46.508051, 47.050230
0.994747, 37.076672, 46.537973, 47.214704
0.994345, 36.790158, 46.486380, 47.250592
0.993163, 35.991567, 46.395771, 47.094033
0.994573, 36.903115, 46.423638, 47.147171
0.994139, 36.618792, 46.424791, 47.133246
0.993390, 35.926257, 46.527605, 47.305443
0.993407, 35.953048, 46.393749, 47.158086
0.993973, 36.356925, 46.324488, 47.048506
0.993746, 36.234250, 46.527605, 47.204296
0.994217, 36.426159, 46.485554, 47.205595
0.994047, 36.313201, 46.482939, 47.158166
0.993309, 35.805319, 46.223273, 47.015876
0.993302, 35.772347, 46.228200, 47.064441
0.993764, 36.611555, 46.167135, 47.120242
0.993206, 35.893455, 46.634550, 47.634586
0.993459, 36.041206, 46.662779, 47.628403
0.993356, 36.429671, 46.625016, 47.382098
0.994205, 37.037950, 46.623666, 47.369509
0.993420, 35.983283, 46.883603, 47.313764
0.993708, 36.123525, 46.942693, 47.269348
0.992738, 35.536277, 46.858255, 47.177334
0.995351, 37.719750, 46.731357, 47.179110
0.994795, 37.245335, 46.753044, 47.013621
0.994369, 36.775009, 46.944911, 47.241080
0.994996, 37.283002, 46.857356, 47.121039
0.994724, 37.033234, 46.805035, 47.022491
0.992699, 36.008729, 46.726334, 47.123509
0.994230, 36.959470, 46.821066, 47.147973
0.994556, 37.204917, 46.843132, 47.162749
0.993945, 36.233398, 46.704925, 46.983953
0.993912, 36.157179, 46.565088, 46.841563
0.993501, 35.981325, 46.595054, 46.956403
0.995053, 37.016747, 46.514559, 46.850612
0.994871, 36.871727, 46.529343, 46.846646
0.993859, 35.995786, 46.689820, 46.996709
0.993687, 35.910370, 46.698703, 46.980017
0.995261, 37.068151, 46.832980, 47.224240
0.994825, 36.774910, 46.829924, 47.168464
0.993734, 36.096700, 46.875087, 47.267288
0.995103, 36.875835, 47.076333, 47.537133
0.995454, 37.222451, 47.118410, 47.417525
0.995376, 37.126745, 47.111170, 47.366388
0.994378, 36.526400, 47.091817, 47.653639
0.994309, 36.469920, 47.075781, 47.625180
0.995549, 37.477975, 47.207545, 47.662114
0.994632, 36.832426, 47.242719, 47.813727
0.994692, 36.855436, 47.229301, 47.798894
0.995665, 37.612597, 46.865687, 47.509861
0.995721, 37.723533, 46.877799, 47.518321
0.994477, 36.738085, 46.687585, 47.553562
0.995125, 37.127713, 46.862607, 47.668346
0.995081, 37.140575, 46.864710, 47.672957
0.995928, 38.035837, 46.891305, 47.755985
0.995779, 37.915035, 46.939330, 47.765679
0.995805, 37.892953, 47.168948, 47.912883
0.996115, 38.214605, 47.093479, 47.832740
0.996132, 38.215069, 47.106562, 47.834712
0.996008, 38.032568, 47.115544, 47.724927
0.994994, 37.070503, 46.993845, 47.561579
0.994980, 37.048061, 46.969155, 47.539326
0.996025, 38.014774, 47.062161, 47.776136
0.995963, 37.936273, 47.079883, 47.775765
0.995131, 37.321450, 47.184119, 47.803180
0.996048, 37.997076, 47.171204, 47.686096
0.996040, 37.993729, 47.149656, 47.727674
0.995624, 37.411153, 46.934824, 47.639880
0.995592, 37.387578, 46.864710, 47.549690
0.995767, 37.773535, 46.918672, 47.587227
0.996271, 38.091531, 46.912212, 47.596106
0.996132, 37.993244, 46.916923, 47.535555
0.996161, 37.984903, 46.904171, 47.623033
0.996290, 38.107505, 46.876970, 47.647519
0.996248, 38.082919, 46.899474, 47.633062
0.995401, 37.324649, 46.909631, 47.954771
0.996326, 38.155496, 46.916087, 47.881635
0.996169, 38.046549, 46.853533, 47.902665
0.995859, 37.481694, 46.933984, 47.942720
0.995788, 37.454056, 46.910011, 47.927536
0.996349, 38.116827, 46.913276, 48.010736
0.996238, 38.006249, 46.924531, 48.048056
0.995566, 37.630156, 46.896673, 48.094762
0.996080, 37.905718, 46.932382, 48.054965
0.996152, 37.942316, 46.929331, 48.044999
0.995978, 37.623621, 46.847619, 48.063272
0.995975, 37.644603, 46.793862, 47.957088
0.995784, 37.575038, 46.870121, 48.006923
0.996528, 38.175279, 46.883603, 47.984801
0.996536, 38.191109, 46.816236, 47.958634
0.996476, 38.109386, 46.784857, 47.893136
0.995940, 37.395336, 46.809260, 47.885719
0.995898, 37.335725, 46.801110, 47.861179
0.996207, 37.782579, 46.897884, 47.995799
0.995925, 37.475590, 46.738209, 47.859857
0.995922, 37.495726, 46.729318, 47.824019
0.996028, 37.576642, 46.878100, 48.008096
0.996196, 37.731345, 46.886773, 48.014747
0.995639, 37.359401, 46.949274, 47.927248
0.995796, 37.504277, 46.955636, 47.864866
0.995184, 37.051337, 46.950960, 47.825987
0.995946, 37.635440, 47.087940, 48.071792
0.995842, 37.645082, 47.117932, 48.106643
0.995775, 37.328714, 47.425038, 48.309872
0.995952, 37.593039, 47.364028, 48.271074
0.996066, 37.854946, 47.333382, 48.263397
0.995210, 37.101282, 47.396251, 48.104644
0.994990, 36.832863, 47.471429, 48.135632
0.995500, 37.239528, 47.469357, 48.189099
0.995038, 36.969806, 47.634227, 48.428390
0.995673, 37.623843, 47.669069, 48.474062
0.994226, 36.440483, 47.516226, 48.189099
0.994823, 36.936637, 47.749351, 48.463738
0.994592, 36.699329, 47.770395, 48.441004
0.995905, 37.939549, 47.817561, 48.632275
0.995025, 37.043603, 47.865433, 48.671493
0.994669, 36.568792, 47.806071, 48.875343
0.994679, 36.623113, 47.818590, 48.822563
0.995858, 37.957038, 47.868555, 48.997449
0.994848, 36.773232, 47.836872, 49.023794
0.995267, 37.035256, 47.827393, 48.983969
0.994892, 36.717402, 47.893707, 49.060125
0.996159, 38.388609, 47.871111, 48.802802
0.995962, 38.122515, 47.889616, 48.822799
0.994341, 36.499016, 47.809151, 48.880955
0.994796, 36.845343, 47.845242, 48.949602
0.994642, 36.723169, 47.852496, 48.950452
0.995948, 38.214119, 47.819525, 49.013434
0.995690, 37.778819, 47.951297, 49.005557
0.994549, 36.645702, 47.995897, 48.961393
0.996081, 38.017469, 47.978002, 49.042108
0.995643, 37.528406, 47.896374, 49.037027
0.994834, 36.726416, 47.882300, 49.003344
0.994668, 36.680286, 47.863731, 48.928894
0.995911, 37.909120, 47.810925, 48.914661
0.996010, 37.883038, 47.791635, 48.922978
0.995905, 37.811261, 47.830019, 48.966752
0.995733, 37.579419, 47.784668, 48.955189
0.994705, 36.606678, 47.850799, 49.135740
0.994486, 36.402002, 47.534240, 48.471560
0.995951, 37.542740, 47.529161, 48.555440
0.995644, 37.143716, 47.448086, 48.535421
0.994828, 36.295411, 47.500808, 48.426990
0.995288, 36.778540, 47.642754, 48.504195
0.995448, 36.959403, 47.625449, 48.495658
0.995048, 36.299101, 47.503591, 48.438090
0.995040, 36.290899, 47.456341, 48.420215
0.994501, 35.907367, 47.353341, 48.341732
0.994905, 36.133054, 47.458924, 48.422795
0.994806, 36.091291, 47.387601, 48.364269
0.993453, 34.872422, 47.528898, 48.569653
