ms-ssim, psnr-y, psnr-u, psnr-v
0.997750, 45.305548, 48.956618, 46.917994
0.997216, 44.472538, 48.932034, 46.885168
0.997170, 44.189195, 48.757224, 46.750058
0.997158, 44.800151, 48.657532, 46.902987
0.996903, 44.405475, 48.696700, 46.806203
0.995576, 44.132101, 47.696276, 44.966243
0.996601, 45.340636, 48.487797, 45.877923
0.996295, 44.961031, 48.759722, 45.994921
0.998620, 47.823663, 51.383630, 49.256034
0.998675, 47.878807, 51.386768, 49.288000
0.998676, 47.875069, 51.352285, 49.281091
0.998672, 47.870956, 51.310400, 49.249395
0.998669, 47.860789, 51.288424, 49.239263
0.998674, 47.873721, 51.234745, 49.212651
0.998673, 47.870217, 51.249493, 49.200870
0.998672, 47.858499, 51.200327, 49.183824
0.998683, 48.317938, 51.309078, 49.333432
0.998002, 47.070005, 49.031110, 47.413399
0.998041, 48.588308, 49.480853, 48.243845
0.998253, 50.175446, 50.836253, 49.415366
0.998188, 49.155697, 49.737169, 48.185046
0.998779, 48.393587, 51.566777, 49.674862
0.998789, 48.404022, 51.571641, 49.701734
0.998797, 48.413668, 51.549330, 49.709102
0.998767, 48.374719, 51.536685, 49.681276
0.998803, 48.426612, 51.564720, 49.691280
0.998773, 48.199445, 51.520006, 49.648696
0.998405, 48.066089, 51.253492, 49.390091
0.998654, 48.568166, 51.973791, 50.028352
0.998669, 48.596827, 51.812352, 49.901262
0.998548, 49.557882, 52.093496, 49.889683
0.998553, 49.917762, 52.867194, 51.222206
0.998572, 48.367217, 52.325435, 50.641196
0.998576, 48.358332, 52.447939, 50.743620
0.998610, 48.175563, 52.436160, 50.590204
0.998576, 48.713933, 52.495377, 50.661337
0.998596, 48.725229, 52.518011, 50.666121
0.998461, 50.167988, 50.069414, 49.356524
0.998805, 53.050345, 52.614266, 51.873921
0.998964, 53.124880, 54.893462, 53.253676
0.998606, 52.115213, 54.114774, 52.541115
0.998610, 52.083824, 54.218711, 52.414174
0.998542, 51.789880, 53.966068, 52.167043
0.998772, 52.200718, 54.187661, 52.304777
0.998617, 51.809311, 53.991318, 52.254106
0.998593, 51.653121, 53.874932, 52.140184
0.998526, 51.474100, 53.835033, 52.074436
0.998440, 51.654338, 53.439139, 51.468156
0.998459, 51.647380, 53.440866, 51.490604
0.998623, 51.723421, 53.531326, 51.596419
0.998629, 51.079500, 52.967731, 50.858592
0.999102, 51.516216, 53.528828, 51.259846
0.998980, 50.018622, 53.494595, 51.633094
0.999142, 50.764242, 52.913091, 50.769685
0.999131, 50.755935, 52.920873, 50.769141
0.999045, 49.768367, 53.205555, 51.250970
0.999137, 50.240292, 52.876916, 50.731340
0.999027, 48.874458, 52.846559, 50.861532
0.999077, 49.368609, 52.687460, 50.363369
0.998984, 48.622640, 52.615456, 50.279993
0.998913, 47.765508, 52.460439, 50.357138
0.998640, 48.012148, 52.189104, 50.145505
0.998314, 47.612766, 51.054504, 48.656910
0.998523, 48.640343, 52.603452, 50.356572
0.998925, 49.386100, 53.571484, 51.125959
0.999110, 49.927541, 54.406945, 52.164790
0.999099, 49.560060, 54.353163, 51.759063
0.999142, 49.736678, 54.298285, 51.791135
0.999156, 49.845133, 54.486780, 52.180051
0.999226, 50.122517, 54.616708, 52.130061
0.999156, 49.794381, 54.566619, 52.109992
0.999185, 49.871327, 54.605025, 52.095397
0.999182, 49.925266, 54.613690, 52.121661
0.999256, 50.172563, 54.651185, 52.192234
0.999183, 49.931452, 54.639788, 52.178867
0.999220, 50.029960, 54.763309, 52.358963
0.999207, 50.020913, 54.786400, 52.214858
0.999272, 50.368563, 54.754146, 52.246884
0.999254, 50.368120, 54.930014, 52.559875
0.999253, 50.363086, 54.927784, 52.536204
0.999210, 50.234837, 54.842680, 52.375712
0.999244, 50.274314, 54.725418, 52.371434
0.999210, 50.222163, 54.862003, 52.455274
0.999230, 50.290328, 54.867597, 52.372109
0.999208, 50.177041, 54.882415, 52.316649
0.999208, 50.279958, 54.766042, 52.274964
0.999200, 50.769044, 54.840296, 52.505113
0.999159, 50.489654, 54.862402, 52.464001
0.998948, 50.769044, 53.056400, 51.259324
0.998385, 48.574088, 50.637043, 48.802843
0.998671, 49.085955, 51.370475, 49.420724
0.998690, 47.966564, 50.807824, 49.159804
0.998762, 47.408318, 50.486190, 49.164264
0.998578, 46.455414, 50.153599, 48.457171
0.998727, 46.877874, 50.605237, 48.952417
0.998744, 47.068487, 51.184974, 49.475767
0.998981, 47.717262, 51.019418, 49.531810
0.998782, 47.095724, 51.250188, 49.666947
0.998836, 47.242538, 51.053091, 49.502710
0.998801, 47.165299, 51.191743, 49.540126
0.999037, 47.682886, 51.330096, 49.832495
0.998829, 47.086826, 51.204883, 49.629384
0.998872, 47.266853, 51.169846, 49.637470
0.999002, 47.527641, 51.311193, 49.804555
0.998996, 47.528037, 51.303971, 49.784540
0.998812, 47.105586, 51.144750, 49.428945
0.998783, 46.993775, 51.218753, 49.646653
0.998718, 46.806711, 51.110361, 49.486408
0.998937, 47.266870, 51.037919, 49.403477
0.998700, 46.913821, 50.887117, 49.152720
0.998764, 46.999797, 51.021314, 49.391450
0.998664, 46.810274, 50.549926, 48.849747
0.998823, 47.026277, 50.676009, 49.180639
0.998661, 46.821263, 50.855178, 49.204938
0.998704, 46.756685, 50.723557, 48.927450
0.998610, 46.420438, 50.652012, 48.917889
0.998483, 45.986720, 50.195323, 48.510308
0.997964, 46.754655, 49.381943, 47.599734
0.997562, 47.295725, 50.274852, 48.127330
0.997954, 48.678081, 51.193201, 49.290103
0.997759, 47.625536, 51.027585, 48.998851
0.997875, 47.916288, 51.396735, 49.458301
0.998449, 49.271010, 51.700729, 49.969452
0.998085, 48.601453, 51.802569, 49.890890
0.998157, 48.541230, 51.752229, 50.105857
0.998041, 48.331087, 51.511691, 49.925987
0.998277, 48.658609, 51.508369, 49.967640
0.998046, 48.278233, 51.713474, 50.032947
0.998433, 48.828309, 51.851603, 50.329700
0.998416, 48.808511, 51.861797, 50.322955
0.998081, 48.275089, 51.771883, 50.090192
0.998094, 48.266729, 51.567151, 49.552808
0.998134, 48.086312, 51.596325, 49.942034
0.997845, 47.493511, 51.508922, 49.564288
0.997976, 47.251502, 49.826855, 48.173690
0.998457, 51.104411, 50.354238, 49.098950
0.999112, 50.714405, 52.549664, 51.139324
0.998691, 49.837217, 52.661521, 51.239858
0.998545, 49.242273, 52.046888, 50.418277
0.998568, 49.139255, 51.556972, 50.193960
0.998368, 48.662211, 51.697741, 50.097651
0.998241, 48.376524, 50.728641, 49.314467
0.998379, 48.692092, 50.508919, 48.945408
0.997899, 47.800429, 49.946731, 48.377948
0.998162, 48.372053, 50.170376, 48.458268
0.998068, 48.228258, 49.946538, 48.085610
0.997998, 47.857276, 50.100785, 48.235892
0.997607, 47.353725, 49.599744, 47.640576
0.997924, 47.864295, 50.289527, 48.527825
0.997678, 47.815320, 51.243154, 49.571899
0.997959, 47.901429, 52.141464, 50.426394
0.997336, 48.239888, 51.664532, 50.076506
0.997995, 49.706772, 53.416753, 51.842828
0.998825, 53.464354, 56.013933, 54.586623
0.998847, 53.741254, 55.910282, 54.460672
0.998396, 52.932380, 54.151912, 52.979881
0.998488, 53.190651, 54.171963, 52.845932
0.999148, 55.081322, 57.801607, 56.096443
0.999099, 54.911851, 57.012742, 55.040514
0.999060, 54.761212, 56.766618, 54.873798
0.999070, 54.801583, 56.631009, 54.806853
0.999057, 54.757117, 56.619324, 54.807838
0.998664, 50.578033, 53.414892, 51.155876
0.998235, 48.751146, 51.668454, 49.016899
0.998327, 48.286022, 50.907872, 48.061186
0.998890, 48.711583, 51.994890, 49.118378
0.998695, 47.873062, 52.184252, 49.649117
0.998873, 47.165655, 51.602353, 49.102447
0.998840, 46.631624, 51.434746, 48.830436
0.998964, 46.909077, 51.712507, 49.301630
0.998931, 46.814176, 51.875326, 50.000562
0.998751, 45.912895, 51.725869, 49.427116
0.998855, 46.197088, 51.500168, 49.186795
0.998769, 45.903445, 51.676980, 49.580353
0.998873, 46.474126, 51.442734, 49.296195
0.998763, 46.149349, 51.602447, 49.374826
0.998615, 45.787191, 51.623707, 49.231121
0.998376, 48.560580, 51.958725, 50.347173
0.998592, 50.813125, 51.158854, 49.665619
0.998598, 50.810827, 51.150777, 49.646232
0.996961, 44.253706, 44.435155, 43.182995
0.995021, 42.278390, 42.718902, 41.594179
0.996370, 43.831744, 45.015808, 43.664357
0.995533, 42.993273, 45.074660, 43.406388
0.996317, 43.861810, 46.732547, 44.946635
0.996531, 44.101993, 46.662385, 44.676286
0.997515, 45.318791, 46.993587, 45.546808
0.996476, 44.242699, 47.151815, 45.384908
0.996703, 44.486130, 47.120101, 45.406558
0.996467, 44.241929, 47.120236, 45.310581
0.996962, 44.547436, 47.234351, 45.671051
0.996457, 44.182843, 46.647663, 45.009091
0.996529, 44.281961, 47.261984, 45.671124
0.996324, 43.983063, 47.102407, 45.385697
0.996647, 44.160346, 46.934211, 45.363433
0.995813, 43.393196, 46.609669, 44.835868
0.995413, 43.675984, 46.577040, 45.096520
0.995009, 43.101194, 46.649651, 45.171315
0.994872, 44.111733, 45.833125, 44.489345
0.995053, 45.669597, 47.324853, 46.166239
0.998762, 50.718863, 51.407355, 51.183177
0.999127, 47.081306, 52.028446, 51.280627
0.997782, 42.607314, 47.161568, 45.553287
0.998030, 42.946907, 46.907973, 44.282184
0.998026, 42.939636, 46.911012, 44.277085
0.996963, 41.928621, 45.361887, 42.107895
0.997566, 44.113711, 46.307146, 43.647389
0.996396, 43.324317, 45.601000, 42.878104
0.996529, 43.821056, 45.961258, 43.630967
0.996523, 44.059759, 46.468588, 44.472046
0.997387, 44.914800, 46.329061, 44.239454
0.996542, 44.112837, 46.522622, 44.496845
0.996584, 44.144188, 46.347910, 44.459417
0.996421, 44.078292, 46.106322, 44.050421
0.996927, 44.433495, 46.431377, 44.565276
0.996090, 43.844977, 46.334466, 44.247349
0.996434, 43.981657, 46.305782, 44.285609
0.995717, 43.390923, 46.217955, 43.731794
0.996798, 45.790682, 47.825795, 44.353571
0.997116, 48.290889, 49.898523, 47.276371
0.997918, 50.767119, 52.569639, 50.588562
0.998446, 50.757506, 53.292309, 51.308197
0.997969, 49.163847, 52.021070, 49.826292
0.998808, 50.381210, 53.128127, 50.820401
0.997649, 47.040414, 51.213665, 48.816717
0.997969, 48.323716, 51.190800, 49.035492
0.997410, 46.718335, 50.813715, 48.294551
0.997275, 46.384281, 50.710949, 48.182044
0.998124, 48.010210, 50.593715, 48.369925
0.998128, 48.001800, 50.587443, 48.357986
0.997276, 46.228027, 50.112808, 47.704604
0.997029, 45.833469, 49.826292, 47.540995
0.997439, 46.506323, 49.610754, 47.406399
0.996893, 45.542661, 49.446179, 46.960608
0.997675, 45.213831, 47.785804, 46.149074
0.997988, 47.499681, 48.343587, 47.217285
0.994237, 42.091362, 42.736967, 42.160447
0.994774, 41.915037, 43.812475, 42.597865
0.995240, 44.150365, 47.183285, 42.084914
0.998449, 44.316833, 49.290380, 46.114120
0.997522, 43.606040, 48.318911, 44.429043
0.996711, 43.041156, 47.168320, 44.394342
0.996278, 42.808847, 47.415231, 44.307624
0.996637, 42.985674, 47.430750, 44.677912
0.996158, 42.910278, 47.679285, 44.677319
0.996637, 42.986445, 47.318873, 44.674794
0.996626, 43.120366, 47.640879, 44.699840
0.996339, 42.758783, 47.537666, 44.506345
0.996481, 43.094946, 47.272683, 43.492249
0.998096, 43.187626, 48.425444, 44.912548
