ms-ssim, psnr-y, psnr-u, psnr-v
0.997201, 48.417186, 52.281792, 51.367081
0.997045, 47.332251, 50.824181, 50.089061
0.997510, 48.772107, 51.334968, 51.532881
0.995034, 47.168277, 50.591698, 50.897122
0.996338, 49.102036, 50.781763, 50.862167
0.996806, 50.129981, 51.179327, 51.079417
0.997476, 50.820047, 51.814232, 51.862297
0.996909, 50.262511, 51.286232, 51.205743
0.996763, 50.084207, 51.323374, 51.168055
0.996997, 50.361846, 51.495291, 51.013077
0.997375, 50.821700, 51.736355, 51.641550
0.996961, 50.491715, 51.375660, 51.161578
0.996886, 50.434850, 51.483720, 51.259759
0.996871, 50.279802, 51.330893, 51.104558
0.997357, 50.911729, 51.855998, 51.753009
0.996842, 50.319324, 51.396195, 51.191915
0.996907, 50.480399, 51.719280, 51.232234
0.997224, 50.826920, 51.557625, 51.123679
0.997944, 51.708111, 52.213556, 51.925092
0.997424, 50.918689, 51.687348, 51.402492
0.997478, 50.789533, 51.963639, 51.629868
0.997570, 50.888617, 52.037293, 51.688405
0.998224, 51.667402, 52.686008, 52.424755
0.997840, 51.189771, 52.401353, 52.029278
0.997992, 51.274592, 52.432735, 52.097614
0.998035, 51.380091, 52.348654, 52.154502
0.998511, 52.208487, 53.336345, 53.291336
0.998111, 51.391793, 52.580251, 52.211603
0.998328, 51.590117, 52.674773, 52.505345
0.998219, 51.351506, 52.625704, 52.195582
0.998643, 52.107424, 53.671409, 53.388504
0.998272, 51.140553, 52.613790, 52.364127
0.998443, 51.156769, 52.869717, 52.568815
0.998269, 50.812634, 52.377176, 52.117520
0.998700, 51.842280, 53.603940, 53.292309
0.998381, 50.821188, 52.458717, 51.905440
0.998548, 50.935774, 52.854726, 52.400221
0.998442, 50.578852, 52.316538, 51.972046
0.998794, 51.312449, 53.341688, 53.118228
0.998422, 50.211681, 52.283114, 51.976770
0.998573, 50.075578, 52.532466, 52.167151
0.998476, 49.701688, 52.226486, 51.936579
0.998818, 49.963163, 52.812675, 52.569874
0.998435, 48.948911, 52.039481, 51.748133
0.998474, 48.748018, 51.811758, 51.418454
0.998264, 48.044453, 51.567899, 51.266820
0.998642, 49.080691, 51.794188, 51.597360
0.998234, 48.447781, 51.512060, 51.159365
0.998264, 48.323284, 51.323020, 50.965037
0.998196, 48.177072, 51.575479, 51.004280
0.998581, 48.422565, 51.570143, 51.159790
0.998194, 47.866238, 51.486105, 50.996649
0.998167, 47.449881, 51.205915, 50.729258
0.997841, 45.761021, 51.132382, 50.664374
0.998183, 45.890112, 51.422973, 50.983633
0.997871, 45.798601, 51.203249, 50.769685
0.998012, 46.230010, 51.148738, 50.583863
0.997905, 46.188808, 51.164304, 50.529484
0.998092, 46.821231, 51.189257, 50.744548
0.997852, 46.798299, 51.374229, 50.565636
0.997786, 46.940070, 51.034444, 50.577977
0.997976, 47.615127, 51.270399, 50.783480
0.998313, 47.697398, 51.404292, 51.017935
0.997811, 46.436596, 50.966095, 50.556144
0.997910, 46.328550, 51.121991, 50.788009
0.997947, 46.436969, 51.149163, 50.662855
0.998234, 46.662763, 51.221688, 50.711870
0.997943, 46.352248, 51.125621, 50.690348
0.997848, 46.109767, 51.021644, 50.719248
0.997775, 45.961464, 50.856051, 50.479707
0.997861, 45.717225, 51.064152, 50.567492
0.997695, 45.490456, 50.931552, 50.445994
0.999331, 53.529673, 55.419818, 55.545102
0.999018, 52.709692, 54.468142, 54.344116
0.998840, 52.208839, 53.976965, 53.639200
0.998801, 51.947510, 53.451097, 53.277591
0.998939, 52.151480, 53.903818, 53.775086
0.998821, 51.936783, 53.629419, 53.392630
0.998868, 52.060771, 53.722247, 53.463667
0.998827, 51.839890, 53.603790, 53.423915
0.998990, 52.103852, 54.020004, 53.836452
0.998888, 52.058598, 53.642064, 53.455138
0.998884, 52.039481, 53.599608, 53.533384
0.998853, 51.969635, 53.567185, 53.475692
0.998937, 51.948123, 53.733934, 53.668830
0.998891, 51.792070, 53.525598, 53.545752
0.999032, 47.746188, 53.725781, 53.253538
0.998631, 47.203554, 53.198199, 52.866816
0.998468, 46.789375, 52.881469, 52.470672
0.998400, 46.040380, 52.492252, 52.004288
0.998608, 46.927870, 52.646871, 52.271004
0.998324, 46.337809, 52.356720, 51.970815
0.998432, 46.649967, 52.178437, 51.696778
0.998272, 46.292107, 52.302562, 51.784643
0.998620, 47.052572, 52.395240, 52.092652
0.998395, 46.589585, 52.276835, 51.999638
0.998503, 47.107703, 52.142104, 51.890307
0.998421, 46.651693, 52.337475, 52.063102
0.998653, 47.118893, 52.433762, 52.233129
0.998363, 46.804033, 52.345521, 52.098565
0.998439, 46.952257, 52.267597, 52.033127
0.998448, 47.159704, 52.274083, 51.936477
0.998638, 47.300422, 52.490170, 52.226486
0.998371, 46.990775, 52.139224, 51.879744
0.998408, 47.033093, 52.028966, 51.759747
0.998197, 46.656979, 51.967533, 51.426230
0.998566, 47.218101, 52.428857, 52.068660
0.998341, 46.759721, 51.908170, 51.521486
0.998384, 46.855194, 52.019929, 51.704298
0.998363, 46.877382, 51.936884, 51.695237
0.998628, 47.143148, 52.118475, 51.835960
0.998429, 46.902963, 51.715312, 51.508092
0.998400, 46.659591, 51.956577, 51.676117
0.998421, 46.997299, 51.736063, 51.454379
0.998560, 46.899986, 51.980778, 51.730332
0.998327, 46.640508, 51.736258, 51.526207
0.998358, 46.539760, 51.645356, 51.389100
0.998258, 46.441088, 51.489777, 51.346505
0.998435, 46.564221, 51.826620, 51.632904
0.998255, 46.153749, 51.574075, 51.310488
0.997890, 45.882617, 50.998043, 50.631538
0.998247, 46.448245, 51.345439, 51.052925
0.997972, 46.460005, 51.246887, 50.955930
0.998098, 46.873287, 51.411863, 51.051099
0.998026, 46.707267, 51.288950, 51.081924
0.997916, 46.239787, 51.218667, 51.001161
0.998793, 48.427134, 55.229936, 54.948508
0.997807, 47.248353, 52.683711, 52.765604
0.997766, 47.244369, 52.304223, 51.995096
0.998246, 47.322653, 52.697758, 52.563284
0.997567, 46.908733, 51.562572, 51.439828
0.997921, 47.223823, 51.817301, 52.018476
0.997990, 47.647803, 52.128252, 51.827712
0.998177, 47.516379, 52.549782, 52.320984
0.998067, 47.750728, 52.465495, 51.725675
0.997811, 47.128151, 52.842921, 51.840537
0.997826, 47.067583, 52.382475, 51.653455
0.998466, 47.548706, 53.089062, 52.641480
0.998139, 47.451729, 53.081900, 52.450344
0.998158, 47.498216, 52.940838, 52.325992
0.998083, 47.267200, 53.067877, 52.490170
0.998350, 47.459956, 52.980787, 52.512429
0.998050, 47.456308, 53.028824, 52.458602
0.998070, 47.540264, 52.873883, 52.331228
0.998047, 47.612907, 52.832273, 52.342726
0.998311, 47.569334, 52.798376, 52.457569
0.998061, 47.507246, 52.844175, 52.434105
0.998163, 47.581071, 52.642677, 52.232585
0.998107, 47.631368, 52.780537, 52.302008
0.998321, 47.740558, 52.976388, 52.641719
0.998078, 47.776899, 52.801853, 52.343620
0.998142, 47.605504, 52.954843, 52.658155
0.998190, 47.806983, 53.135365, 52.777447
0.998437, 47.829165, 53.129467, 52.779795
0.998201, 47.499736, 53.073957, 52.685887
0.998134, 47.462380, 53.112085, 52.770041
0.998145, 47.360454, 52.891096, 52.454815
0.998395, 47.613904, 53.068009, 52.670311
0.998133, 47.509495, 52.931228, 52.535737
0.998181, 47.482911, 52.784371, 52.487396
0.998137, 47.548150, 52.758464, 52.611293
0.998332, 47.626017, 52.974061, 52.774236
0.998180, 47.637473, 52.691698, 52.537373
0.998298, 47.840823, 52.979752, 52.830272
0.998221, 48.085243, 53.253262, 52.973285
0.998567, 48.142006, 53.397330, 52.991935
0.998307, 47.832655, 53.404746, 52.888941
0.998176, 47.799840, 53.474097, 53.075280
0.998219, 47.771999, 53.125985, 52.760801
0.998464, 47.913697, 53.377427, 53.126520
0.998149, 47.750806, 53.205282, 52.840162
0.998256, 47.554714, 53.052713, 52.684315
0.998156, 47.577721, 53.049424, 52.653830
0.998425, 47.823712, 53.276898, 52.882481
0.998208, 47.750272, 53.168088, 52.702734
0.998222, 47.857534, 53.289946, 52.913983
0.998101, 47.658215, 53.300384, 53.061146
0.998295, 47.689169, 53.173904, 52.951627
0.998152, 47.848193, 53.352816, 52.990378
0.998156, 47.586732, 53.341406, 52.912071
0.998233, 48.247619, 54.046398, 53.558747
0.998681, 48.990319, 54.671200, 54.364009
0.998454, 48.686755, 54.448857, 54.255190
0.998436, 48.334273, 54.712668, 54.570351
0.998364, 48.575648, 54.362051, 54.265271
0.998742, 48.767578, 54.937727, 54.768191
0.998359, 48.375313, 54.462129, 54.151573
0.998524, 48.476665, 54.640927, 54.433092
0.998396, 48.633129, 54.336503, 54.034006
0.998671, 48.639044, 54.685362, 54.518392
0.998381, 48.437036, 54.139216, 53.935638
0.998556, 48.505662, 54.419368, 54.148862
0.998389, 48.088568, 54.146660, 53.889590
0.998661, 48.658142, 54.545036, 54.265793
0.998387, 48.389897, 54.150556, 53.686309
0.998495, 48.447291, 54.461219, 54.069958
0.998515, 48.749276, 54.937524, 54.207535
0.998816, 49.026394, 55.160523, 54.760773
0.998504, 48.714333, 54.569231, 54.145475
0.998599, 48.253610, 54.526701, 54.373811
0.998569, 48.545320, 54.205131, 53.967693
0.998854, 48.741221, 54.578573, 54.610109
0.998595, 48.385715, 53.891665, 53.995078
0.998675, 48.431321, 54.281135, 54.152929
0.998611, 48.409724, 54.137864, 53.942094
0.998851, 48.671729, 54.365255, 54.250505
0.998663, 48.680089, 54.471425, 54.253454
0.998668, 48.322675, 54.286378, 54.051862
0.998571, 48.541242, 54.510099, 54.207706
0.998814, 48.569244, 54.622939, 54.346420
0.998523, 48.230761, 54.384887, 53.926131
0.998686, 48.155144, 54.493745, 54.263705
0.998644, 48.472698, 54.834539, 54.502190
0.998793, 48.646781, 54.728321, 54.568111
0.998663, 48.868829, 55.036979, 54.710354
0.998764, 48.814881, 54.655942, 54.383635
0.998732, 48.798937, 55.088625, 54.848448
0.998982, 48.725933, 55.133023, 55.015209
0.998747, 48.799097, 55.181317, 54.955846
0.998841, 48.606261, 54.948915, 54.755120
0.998801, 48.606557, 54.887232, 54.635049
0.998979, 48.930378, 55.296282, 54.935696
0.998788, 48.731502, 54.968104, 54.622750
0.998897, 48.427996, 55.242994, 54.972402
0.998800, 48.634462, 54.940166, 54.534100
0.999043, 48.795157, 55.769010, 55.138552
0.998881, 48.886520, 55.156676, 54.642255
0.998944, 48.865678, 55.691472, 55.059068
0.998894, 48.632439, 55.452403, 54.914224
0.999065, 48.920621, 56.072105, 55.499083
0.998910, 48.787904, 55.592322, 55.082950
0.999025, 49.071510, 56.048952, 55.529941
0.998958, 48.897933, 55.654415, 55.321730
0.999209, 49.499369, 56.330797, 55.976354
0.999040, 49.273793, 55.797889, 55.306886
0.999085, 49.263426, 55.928365, 55.423452
0.999074, 49.503567, 55.814514, 55.508109
0.999170, 49.234165, 56.356351, 55.896580
0.999112, 49.279048, 56.026967, 55.400113
0.999162, 48.842651, 55.976354, 55.410294
