ms-ssim, psnr-y, psnr-u, psnr-v
0.996293, 40.720233, 46.971839, 46.503236
0.995411, 40.350980, 46.758002, 46.360890
0.995133, 40.259680, 46.582020, 46.066258
0.994852, 40.077884, 46.510745, 45.931699
0.995272, 40.233069, 46.500814, 45.874413
0.994907, 40.213620, 46.625784, 46.000829
0.994892, 40.257765, 46.405778, 45.765317
0.994915, 40.241583, 46.527419, 45.950758
0.995065, 40.230008, 46.276700, 45.681936
0.994935, 40.210419, 46.251889, 45.719606
0.994998, 40.218901, 46.259098, 45.696795
0.995029, 40.249609, 46.480219, 45.986056
0.995323, 40.361934, 46.297351, 45.772802
0.994369, 40.068089, 46.292547, 45.767001
0.992764, 39.504340, 45.954536, 45.265358
0.990126, 38.650297, 45.201372, 44.188051
0.991214, 38.798345, 45.247057, 44.144119
0.989980, 38.718524, 45.380601, 44.447612
0.990681, 38.857051, 45.214893, 44.431771
0.990554, 38.884706, 45.330152, 44.603628
0.991636, 39.051669, 45.332596, 44.522533
0.991632, 39.056360, 45.271033, 44.568735
0.992488, 39.353956, 45.500991, 44.786973
0.992637, 39.479631, 45.662214, 45.077561
0.993983, 39.892126, 45.689300, 45.033643
0.993697, 39.756063, 45.747282, 45.210215
0.993915, 39.790313, 45.878732, 45.253768
0.994135, 39.857740, 45.952755, 45.392043
0.994806, 40.104533, 46.072379, 45.380501
0.995215, 40.249590, 46.439128, 45.886809
0.994949, 40.171244, 46.101117, 45.453405
0.995053, 40.137110, 46.193641, 45.642974
0.995659, 40.347201, 46.308798, 45.751410
0.995437, 40.325865, 46.470806, 45.921135
0.995581, 40.383528, 46.417006, 45.867736
0.995565, 40.424251, 46.769394, 46.228107
0.996117, 40.572419, 46.611639, 46.056566
0.995809, 40.504170, 46.699856, 46.206935
0.995753, 40.469796, 46.624985, 46.078050
0.995775, 40.519513, 46.565727, 46.184950
0.996138, 40.686503, 46.711695, 46.251743
0.996033, 40.583959, 46.807031, 46.316499
0.995935, 40.541472, 46.564913, 46.033664
0.995898, 40.493160, 46.671786, 46.244521
0.996383, 40.744774, 46.898797, 46.437813
0.995915, 40.603359, 46.638278, 46.134818
0.996041, 40.666632, 46.722516, 46.229567
0.995978, 40.632801, 46.849008, 46.371085
0.996687, 40.812192, 46.847002, 46.477912
0.996696, 40.824871, 46.876994, 46.500283
0.996285, 40.756771, 47.041054, 46.719533
0.996272, 40.752141, 46.864133, 46.574386
0.996600, 40.863844, 46.939296, 46.567792
0.996026, 40.679313, 46.958839, 46.531264
0.996254, 40.721359, 46.842194, 46.373562
0.996193, 40.673482, 46.926650, 46.525165
0.996538, 40.855505, 47.045500, 46.643990
0.996134, 40.646860, 46.879452, 46.397221
0.996284, 40.733112, 46.920055, 46.441427
0.996284, 40.735636, 47.071904, 46.578841
0.996810, 40.956871, 47.010567, 46.609460
0.996519, 40.836038, 47.094563, 46.740175
0.996554, 40.874758, 47.282869, 46.926793
0.996863, 40.931090, 47.103406, 46.690619
0.996731, 40.891381, 47.140538, 46.734158
0.996425, 40.801023, 47.140328, 46.658524
0.996598, 40.834737, 47.088716, 46.661237
0.996914, 40.969387, 47.186323, 46.757205
0.996360, 40.794279, 47.054435, 46.719996
0.996634, 40.834188, 46.989341, 46.580054
0.996596, 40.812643, 46.945059, 46.577430
0.996801, 40.884931, 47.163046, 46.712157
0.996425, 40.772688, 47.008033, 46.567923
0.996538, 40.847200, 47.050362, 46.738615
0.996676, 40.910076, 47.288238, 47.072731
0.996944, 40.925041, 47.084137, 46.726443
0.996463, 40.666374, 46.857773, 46.447614
0.996553, 40.763615, 46.997334, 46.640003
0.996603, 40.728535, 47.137973, 46.817745
0.996948, 40.852990, 47.025360, 46.707007
0.996511, 40.720666, 47.149476, 46.842306
0.996609, 40.772566, 47.024556, 46.527406
0.996522, 40.755199, 47.110509, 46.699313
0.996879, 40.877102, 47.153493, 46.712225
0.996617, 40.869188, 47.134045, 46.720568
0.996649, 40.936675, 47.165550, 46.751713
0.996471, 40.791616, 47.098009, 46.658054
0.996816, 40.733226, 47.038165, 46.508552
0.996746, 40.785959, 47.185489, 46.692676
0.996888, 40.890980, 47.384610, 46.952813
0.997086, 41.000644, 47.243138, 46.800657
0.996824, 40.879285, 47.230848, 46.929865
0.996734, 40.819531, 47.176598, 46.709384
0.996849, 40.796045, 47.228015, 46.871489
0.997119, 40.918277, 47.252875, 46.831838
0.996904, 40.914481, 47.347324, 46.950069
0.996929, 40.925854, 47.256296, 46.938494
0.996974, 40.877782, 47.269848, 46.880950
0.997107, 40.888583, 47.205519, 46.737452
0.996884, 40.802052, 47.203113, 46.756545
0.996957, 40.894753, 47.213112, 46.757658
0.996924, 40.817403, 47.216516, 46.629758
0.997142, 40.933538, 47.228490, 46.778842
0.996973, 40.811666, 47.221665, 46.667693
0.996999, 40.626127, 46.984633, 46.405626
0.996943, 40.729557, 46.883254, 46.302706
0.997098, 40.885575, 47.012169, 46.479922
0.997051, 40.840655, 47.053347, 46.478260
0.996874, 40.767707, 47.021751, 46.316959
0.996836, 40.661873, 46.984836, 46.270015
0.996905, 40.744414, 47.047747, 46.515421
0.996789, 40.786712, 47.014267, 46.523420
0.996933, 40.917588, 47.212745, 46.788781
0.996783, 40.845683, 47.163679, 46.703436
0.997089, 40.987138, 47.230726, 46.836033
0.996797, 40.826993, 47.131993, 46.647806
0.996862, 40.920151, 47.275247, 46.842586
0.996762, 40.875640, 47.155375, 46.744406
0.996953, 41.012578, 47.241756, 46.895236
0.996624, 40.863845, 47.341159, 46.939726
0.996480, 40.774461, 46.936804, 46.642759
0.996541, 40.721838, 47.037814, 46.751603
0.996785, 40.872695, 47.100357, 46.818929
0.996464, 40.805092, 47.212654, 46.966329
0.996697, 40.886138, 47.053156, 46.806225
0.996725, 40.825478, 47.110822, 46.920683
0.996887, 40.712734, 47.124421, 46.738342
0.996729, 40.680337, 47.036817, 46.614855
0.996829, 40.720921, 47.161085, 46.696603
0.996588, 40.792692, 47.188386, 46.779021
0.996770, 40.860363, 47.260736, 46.858743
0.996518, 40.810332, 47.317009, 46.855116
0.996598, 40.792740, 47.277554, 46.821369
0.996513, 40.768818, 47.186626, 46.781093
0.996973, 40.947946, 47.362586, 46.995185
0.996366, 40.711132, 47.088865, 46.654738
0.996547, 40.783993, 47.127008, 46.768127
0.996706, 40.763614, 47.287772, 46.979916
0.996961, 40.920829, 47.240558, 46.905132
0.996711, 40.786715, 47.272415, 46.967612
0.996715, 40.789109, 47.240389, 46.968665
0.996680, 40.625217, 47.036802, 46.643254
0.996901, 40.695795, 47.089873, 46.693122
0.996557, 40.629412, 47.053626, 46.413387
0.996714, 40.780926, 47.109839, 46.625065
0.996785, 40.793790, 47.125543, 46.690389
0.996735, 40.874139, 47.063478, 46.638612
0.996748, 40.762180, 47.059264, 46.466667
0.996655, 40.746206, 46.944902, 46.436077
0.997068, 40.773288, 47.071151, 46.489148
0.997072, 40.832503, 47.041010, 46.473637
0.996839, 40.717303, 46.956465, 46.339961
0.996978, 40.840670, 47.119490, 46.489935
0.996701, 40.595310, 46.874099, 46.171507
0.996983, 40.683414, 46.967511, 46.368559
0.996867, 40.659031, 46.868021, 46.263020
0.996763, 40.798025, 46.956609, 46.414339
0.996946, 40.790706, 46.988167, 46.365282
0.996882, 40.772332, 46.893024, 46.295683
0.996654, 40.558079, 46.683602, 46.034618
0.996758, 40.651622, 46.881543, 46.254030
0.996719, 40.628177, 46.842488, 46.131439
0.996911, 40.781030, 46.885829, 46.361542
0.996780, 40.619037, 46.899720, 46.286305
0.996778, 40.780319, 47.110718, 46.598996
0.996782, 40.707164, 47.110927, 46.704807
0.996986, 40.836203, 47.060324, 46.684575
0.996868, 40.906718, 47.243138, 46.879876
0.996632, 40.911974, 46.992255, 46.610363
0.996541, 40.878994, 47.159728, 46.814361
0.996847, 40.939428, 47.207850, 46.744282
0.996438, 40.822323, 47.063360, 46.515837
0.996617, 40.934177, 47.205260, 46.776454
0.996609, 40.916859, 47.137643, 46.737794
0.997021, 41.080135, 47.193715, 46.847633
0.996762, 40.934958, 47.108900, 46.691444
0.996665, 40.828072, 47.111836, 46.648021
0.996625, 40.928422, 47.097727, 46.696779
0.996841, 41.042675, 47.236951, 46.850481
0.996788, 41.054387, 47.270312, 46.942865
0.996494, 40.912570, 46.995795, 46.486152
0.996562, 40.814372, 46.942793, 46.395754
0.996854, 40.914611, 46.984329, 46.660068
0.996662, 40.822484, 46.902972, 46.518879
0.996667, 40.909081, 46.973514, 46.509473
0.996678, 40.948058, 47.264471, 46.828122
0.996954, 40.932665, 47.162654, 46.789002
0.996710, 40.775474, 47.013262, 46.577641
0.996574, 40.704071, 46.930737, 46.251926
0.996622, 40.780184, 46.855847, 46.317319
0.996794, 40.927141, 47.003843, 46.518723
0.996646, 40.843685, 46.976302, 46.582191
0.996502, 40.730183, 46.771599, 46.368245
0.996481, 40.680930, 46.833194, 46.373059
0.996686, 40.802846, 47.021985, 46.572608
0.996527, 40.687870, 46.772881, 46.404219
0.996575, 40.870318, 46.897392, 46.478299
0.996505, 40.815402, 46.969401, 46.548553
0.996834, 40.853746, 47.052670, 46.651398
0.996743, 40.785091, 47.074416, 46.562298
0.996661, 40.837960, 47.097459, 46.645315
0.996872, 40.959631, 47.049025, 46.624158
0.996763, 40.925623, 47.294437, 46.860051
0.996455, 40.716721, 46.834565, 46.356328
0.996283, 40.638578, 46.879056, 46.417349
0.996586, 40.803692, 46.889029, 46.580925
0.996358, 40.698434, 46.860079, 46.504273
0.995428, 40.741277, 46.879706, 46.510849
0.996067, 40.727282, 46.908958, 46.487830
0.996528, 40.870660, 47.082152, 46.677097
0.995712, 40.610312, 46.664665, 46.275089
0.996042, 40.779275, 46.770731, 46.401788
0.996103, 40.908596, 47.220259, 46.827243
0.997392, 41.245168, 47.565411, 47.191376
0.996876, 41.027279, 47.456927, 47.042359
0.996480, 40.852997, 47.182230, 46.731357
0.996860, 40.931059, 47.237089, 46.788947
0.997087, 41.065649, 47.262372, 46.826754
0.996535, 40.911433, 47.134525, 46.577536
0.996548, 40.922581, 47.039382, 46.515642
0.996432, 40.668942, 46.793655, 46.366851
0.996811, 40.703989, 46.815586, 46.424864
0.996346, 40.616819, 46.666643, 46.249138
0.996385, 40.774660, 46.812398, 46.398068
0.996351, 40.838797, 47.123031, 46.699978
0.996870, 40.892440, 46.993459, 46.533130
0.996382, 40.673352, 46.937277, 46.407463
0.996382, 40.706665, 47.001793, 46.381001
0.996324, 40.659259, 46.908915, 46.414923
0.996629, 40.788367, 46.960465, 46.497137
0.995561, 40.660298, 47.115594, 46.565018
0.996311, 40.730856, 46.841675, 46.341097
0.996207, 40.655340, 46.852784, 46.341758
0.996599, 40.764743, 46.924308, 46.387028
0.996289, 40.754365, 46.860783, 46.419585
0.996403, 40.853837, 46.993168, 46.516266
0.996420, 40.788886, 47.066870, 46.604497
0.996763, 40.773231, 46.913356, 46.393264
0.996407, 40.642811, 46.772523, 46.303857
0.996464, 40.742557, 46.904777, 46.424940
0.996303, 40.659984, 46.684643, 46.262187
0.996610, 40.847890, 46.800796, 46.406551
0.996418, 40.708901, 46.861542, 46.347205
0.996377, 40.680553, 46.662904, 46.075278
0.996354, 40.635000, 46.780900, 46.233669
0.996593, 40.838161, 46.893081, 46.423935
0.996201, 40.691330, 46.644914, 46.235959
0.996251, 40.736414, 46.698229, 46.320610
0.996105, 40.520736, 46.448996, 46.161219
0.996550, 40.651489, 46.565793, 46.245107
0.997513, 41.280247, 47.939857, 47.642075
0.995252, 40.681047, 47.368750, 47.018818
0.995672, 40.722498, 47.141243, 46.712347
0.995909, 40.755588, 47.279769, 46.916633
0.996191, 40.811357, 47.214913, 46.789320
0.995391, 40.576067, 46.846188, 46.339798
0.995745, 40.730170, 46.983982, 46.538861
0.995553, 40.656951, 47.232565, 46.747873
0.996184, 40.884177, 47.092277, 46.706192
0.995521, 40.634093, 47.097637, 46.594216
0.995530, 40.520887, 46.876189, 46.408541
0.995647, 40.659359, 47.029790, 46.589415
0.996182, 40.885672, 47.179337, 46.640672
0.995584, 40.570276, 46.963360, 46.394351
0.995646, 40.744604, 46.912388, 46.486358
0.995573, 40.580514, 46.961689, 46.499622
0.996183, 40.548234, 46.627771, 46.324998
0.995630, 40.360875, 46.420640, 46.054918
0.995847, 40.529854, 46.475233, 46.186299
0.995465, 40.274529, 46.442935, 46.066738
0.996228, 40.365560, 46.142491, 45.921974
0.995652, 40.026288, 45.897683, 45.640530
0.995814, 40.062936, 45.974694, 45.620762
0.995748, 40.073727, 46.084729, 45.764902
0.996149, 40.221070, 46.134163, 45.804791
0.995739, 40.090015, 46.048530, 45.827412
0.995754, 39.977989, 45.636527, 45.369488
0.995649, 39.760727, 45.625756, 45.347129
0.996050, 39.917163, 45.705715, 45.353956
0.995763, 39.899550, 45.625449, 45.396048
0.996182, 40.198611, 46.134771, 45.898912
0.996245, 40.015362, 45.668400, 45.390629
0.995694, 39.690315, 45.603621, 45.209859
0.995981, 39.897462, 45.605191, 45.262494
0.996032, 39.894168, 45.731913, 45.469583
0.996454, 40.135831, 45.821915, 45.586254
0.996291, 40.037642, 45.906111, 45.661787
0.996226, 40.006442, 45.812377, 45.518815
0.996103, 39.900088, 45.721056, 45.558050
0.996262, 39.999864, 45.658329, 45.444642
0.996243, 40.033733, 45.879506, 45.654107
0.995925, 39.954815, 45.706589, 45.496179
0.995833, 39.875880, 45.711877, 45.487966
0.995713, 39.852691, 45.562326, 45.330815
0.995356, 39.815582, 45.555872, 45.420126
0.995235, 39.877490, 45.729766, 45.484029
0.994755, 39.833051, 45.814942, 45.638629
0.995241, 39.822592, 45.798363, 45.563943
0.994513, 39.751969, 45.750048, 45.542951
0.994064, 39.321873, 45.373772, 45.242906
