ms-ssim, psnr-y, psnr-u, psnr-v
0.996390, 41.460761, 45.229143, 44.231195
0.994842, 40.220883, 43.682626, 43.108874
0.994685, 40.232072, 42.346043, 42.767806
0.994381, 40.039119, 42.241500, 42.526164
0.995330, 40.859769, 43.298820, 43.527980
0.994114, 39.900574, 42.593200, 42.566988
0.994315, 40.161087, 42.606002, 42.941342
0.993839, 40.087313, 43.030645, 43.268043
0.995086, 40.798845, 43.271064, 43.632753
0.993870, 40.029755, 43.057130, 43.285890
0.993926, 40.050254, 43.196889, 43.605040
0.993802, 39.931909, 43.081849, 43.431325
0.994967, 40.638304, 43.197821, 43.584704
0.992698, 39.067675, 41.585546, 41.858248
0.990694, 38.077900, 40.613213, 41.155914
0.988169, 36.938614, 40.393917, 40.655519
0.987585, 36.727604, 40.284309, 40.508311
0.986063, 36.263344, 40.510335, 40.421788
0.985297, 36.057944, 40.071676, 39.891320
0.984756, 35.985738, 40.117037, 39.913196
0.986538, 36.473555, 40.156463, 39.927842
0.985609, 36.048554, 40.093616, 39.377621
0.986065, 36.420687, 40.412528, 39.584628
0.986787, 36.453657, 40.861378, 39.904538
0.988182, 36.986401, 40.562096, 39.969974
0.986832, 36.694543, 40.371269, 39.794536
0.987498, 36.700516, 40.166328, 38.785723
0.987152, 36.398986, 40.608315, 38.681841
0.989356, 37.366341, 41.605335, 39.922141
0.987580, 36.711698, 41.818397, 39.477162
0.988721, 37.007423, 42.170529, 39.696294
0.989106, 37.166571, 42.547396, 40.100864
0.990719, 37.777263, 42.425992, 40.368614
0.989450, 37.311903, 42.536008, 40.125044
0.989498, 37.302331, 42.013506, 39.936173
0.989339, 37.246398, 41.779799, 39.971851
0.990823, 37.826019, 41.833324, 40.343850
0.989678, 37.187270, 41.994229, 40.164958
0.989562, 37.228295, 41.920818, 39.892160
0.988275, 36.623291, 42.392799, 39.499282
0.990658, 37.481249, 42.323172, 39.991168
0.989890, 37.198442, 42.068483, 40.000099
0.989468, 37.044447, 41.448749, 39.872220
0.989669, 36.986200, 40.543600, 40.045151
0.991126, 37.534111, 40.684781, 40.153249
0.989556, 36.747305, 41.041599, 40.554616
0.989981, 37.013577, 40.773034, 40.500412
0.990293, 37.088196, 40.930015, 40.828562
0.990946, 37.435887, 40.717813, 40.355151
0.990204, 37.224409, 40.592314, 39.880748
0.990073, 37.274116, 40.723104, 39.614948
0.989524, 37.291065, 40.999874, 40.198006
0.990890, 37.896050, 41.402424, 40.831703
0.989440, 37.311853, 41.040586, 41.149152
0.989150, 37.350515, 41.098095, 40.840981
0.989673, 37.352146, 41.358240, 41.159358
0.990500, 37.653166, 41.307578, 40.944324
0.989614, 37.408942, 40.974074, 40.919033
0.989996, 37.520867, 40.948902, 40.363265
0.989025, 37.131031, 40.845628, 40.426484
0.990451, 38.375229, 42.537490, 41.131708
0.989512, 37.662155, 42.925286, 41.046218
0.989503, 37.701693, 42.455680, 40.860558
0.990006, 37.861370, 42.727666, 41.078171
0.991169, 38.030136, 42.495967, 41.002090
0.990462, 37.739228, 42.237282, 40.833761
0.990218, 37.883194, 42.348646, 40.691268
0.989778, 37.476073, 42.840176, 40.749077
0.991165, 38.143459, 42.850367, 40.904739
0.990335, 38.003300, 43.055659, 40.980935
0.990689, 38.086474, 43.338206, 41.111704
0.990863, 38.036517, 43.380356, 41.326736
0.991709, 38.484001, 43.308906, 41.131309
0.990549, 38.350486, 42.125295, 40.934876
0.990583, 38.320930, 41.802217, 40.873534
0.989937, 38.024071, 41.904940, 41.102057
0.991565, 38.953551, 42.535940, 41.768442
0.990629, 38.547646, 42.658004, 41.734058
0.990553, 38.543582, 42.972916, 41.964075
0.991465, 38.869432, 43.217600, 42.378344
0.992495, 39.407745, 42.822656, 42.162652
0.991800, 38.790376, 43.003673, 42.190045
0.991090, 38.612030, 42.460560, 41.776944
0.988463, 37.713020, 42.463212, 41.703870
0.991036, 38.789697, 42.776538, 42.117009
0.989691, 37.781932, 42.376960, 41.794883
0.988606, 38.302038, 42.459437, 41.970619
0.989982, 38.194206, 42.002813, 41.944971
0.992838, 39.299677, 42.287516, 42.732923
0.991595, 38.325885, 41.925612, 42.181385
0.991328, 38.290326, 41.791992, 42.447834
0.991437, 38.317137, 41.834788, 42.562551
0.992420, 38.831518, 41.950945, 42.591331
0.991374, 38.334087, 41.977798, 42.310644
0.991301, 38.277007, 41.654877, 41.878121
0.988549, 37.531608, 41.432750, 41.380913
0.992384, 38.753678, 41.824680, 42.017176
0.992247, 38.629398, 41.698325, 41.878358
0.992247, 38.607464, 41.676227, 41.866727
0.991101, 37.642792, 40.754009, 40.821853
0.992472, 38.289721, 41.328480, 41.200175
0.990440, 37.421156, 41.170989, 40.941698
0.989162, 37.869200, 41.103455, 40.662135
0.988747, 37.436538, 41.433887, 40.287873
0.991590, 38.880899, 43.107018, 41.413336
0.989829, 37.894281, 42.875278, 41.067727
0.990741, 37.987961, 42.825372, 40.910816
0.989583, 37.447823, 42.840337, 40.995315
0.991524, 38.537188, 42.894321, 41.262669
0.990054, 37.768060, 42.602152, 41.115154
0.989273, 37.891209, 42.627639, 40.855204
0.990073, 37.495973, 42.694919, 40.631868
0.992428, 38.676557, 42.927646, 41.282463
0.990585, 37.696957, 42.750581, 41.152496
0.989552, 37.543283, 42.205364, 40.812713
0.990558, 37.564037, 42.277602, 40.789670
0.991825, 38.246671, 42.335171, 40.844702
0.989950, 37.701921, 42.535774, 40.836041
0.989556, 38.165468, 42.899173, 41.245555
0.989403, 37.886000, 42.637838, 41.260177
0.990580, 38.563467, 42.801740, 41.514624
0.990494, 39.658632, 43.239761, 41.953799
0.995013, 42.239309, 45.626286, 44.520382
0.990062, 38.206001, 43.620032, 41.763522
0.990619, 38.965343, 43.398678, 41.708194
0.989711, 38.897310, 43.370260, 41.950250
0.991879, 39.958485, 43.747585, 42.267515
0.989088, 37.817854, 43.599964, 41.854243
0.989263, 37.888792, 43.460140, 41.729346
0.988850, 37.800226, 43.358441, 41.773227
0.990579, 38.364390, 43.333981, 41.721730
0.989610, 37.864163, 43.126822, 41.675634
0.989507, 37.868906, 42.627819, 41.517714
0.987497, 37.759836, 41.670725, 41.775556
0.990683, 39.640969, 42.832612, 42.502925
0.987276, 38.498020, 42.252608, 42.162304
0.987301, 38.202661, 41.829347, 41.570063
0.987069, 37.259583, 41.562255, 41.359215
0.987748, 37.685366, 41.557999, 41.243736
0.992846, 42.112542, 44.482835, 44.402283
0.986143, 38.726477, 41.860970, 41.830526
0.985647, 37.300450, 41.348838, 40.971531
0.985033, 37.770777, 41.710252, 41.433919
0.990777, 39.127334, 42.367815, 42.158829
0.988317, 37.851474, 41.911183, 41.542594
0.988522, 38.541002, 41.557800, 41.360968
0.988599, 38.610219, 40.773845, 41.248066
0.989021, 38.831641, 41.284080, 41.720950
0.985008, 38.118632, 40.933248, 40.858576
0.984517, 37.865727, 40.963436, 40.833926
0.989843, 40.639002, 43.125786, 43.143846
0.986810, 38.865934, 41.490312, 41.315624
0.987067, 39.092151, 41.745096, 41.785038
0.985312, 38.247301, 41.660049, 41.496310
0.989889, 39.039000, 42.190261, 42.046077
0.987566, 38.090193, 41.775717, 41.627328
0.987428, 37.289989, 41.239581, 40.820459
0.986363, 37.872317, 41.685926, 41.703540
0.990036, 38.920938, 42.025353, 41.852795
0.989267, 37.891598, 42.049543, 41.808455
0.988555, 37.657791, 41.615378, 41.573335
0.986261, 37.624479, 41.645738, 41.451858
0.990339, 38.088261, 41.834832, 41.618520
0.988924, 37.767552, 41.970158, 41.044714
0.987788, 38.090357, 41.693690, 42.017568
0.986503, 37.702095, 41.697871, 42.116900
0.988200, 37.352602, 41.758565, 41.946668
0.986514, 37.551505, 41.717302, 41.990794
0.985736, 38.024523, 41.444437, 41.554797
0.984852, 37.445007, 41.090148, 41.008839
0.988322, 38.531697, 41.789273, 41.231702
0.986199, 37.064505, 41.145094, 40.647577
0.987479, 36.912115, 41.527655, 40.686886
0.988444, 37.141724, 41.821112, 41.000849
0.989465, 37.377290, 41.383416, 40.730674
0.986859, 36.814867, 41.338465, 40.531707
0.986761, 37.471894, 41.436134, 40.626198
0.986426, 37.135604, 40.748009, 40.606171
0.989799, 38.808366, 41.756701, 41.629340
0.984540, 36.953483, 40.758818, 41.069844
0.987065, 36.440040, 40.196407, 40.508298
0.987571, 36.339541, 40.396704, 40.698415
0.988809, 37.421238, 40.665668, 40.907686
0.986555, 36.846486, 40.639136, 41.033777
0.987003, 37.197166, 40.494318, 40.729011
0.993366, 41.434057, 43.560321, 43.634433
0.985159, 38.133862, 41.151294, 41.438640
0.985575, 37.510273, 40.377003, 40.628030
0.986661, 37.825196, 40.762583, 41.239061
0.989460, 38.996030, 41.234447, 41.589030
0.986175, 37.591845, 40.320575, 40.782837
0.986218, 37.890529, 40.286110, 40.793865
0.984606, 37.908428, 40.257980, 40.754419
0.989042, 39.067470, 41.642449, 41.442113
0.983732, 37.401910, 40.829471, 40.092135
0.986096, 38.066410, 41.590652, 40.888742
0.983753, 37.587179, 41.365193, 40.606458
0.989796, 39.021252, 42.223368, 41.875040
0.984731, 37.128808, 40.956316, 40.261962
0.985362, 37.695811, 41.027973, 40.568898
0.985333, 37.389018, 41.149050, 40.413851
0.988827, 38.438864, 41.556153, 40.980903
0.984937, 37.447879, 41.144324, 40.292636
0.985309, 37.527224, 40.978752, 40.195307
0.983950, 36.655451, 40.870295, 40.159914
0.989119, 37.926822, 41.197283, 40.684757
0.985978, 36.716786, 40.913298, 39.920891
0.985854, 36.844067, 40.864755, 39.561680
0.985547, 36.456366, 40.963725, 39.514153
0.988186, 37.363823, 41.396694, 40.532657
0.984852, 36.419647, 41.012051, 40.108888
0.986316, 36.752280, 41.190357, 40.232647
0.985478, 36.115125, 41.066397, 40.222731
0.987471, 37.058913, 41.450991, 40.286188
0.986274, 36.660799, 41.348154, 40.198734
0.986732, 36.539649, 41.287073, 40.390623
0.986188, 36.152862, 41.173810, 40.529836
0.989048, 37.493138, 41.427306, 40.910166
0.986746, 36.416763, 40.674411, 40.601967
0.987089, 36.531151, 40.495692, 40.530485
0.985785, 35.950478, 40.625559, 40.818040
0.987423, 36.537251, 40.516763, 40.629793
0.986101, 36.046215, 40.335431, 40.709122
0.984866, 35.805355, 39.934819, 40.652833
0.983609, 35.443230, 39.887785, 40.531713
0.985358, 37.080635, 40.923065, 41.465262
0.982938, 36.011726, 40.343210, 41.181269
0.983674, 36.310797, 40.176071, 40.990699
0.983842, 35.805083, 40.014358, 40.955832
0.988688, 37.768627, 40.700373, 41.877384
0.985682, 35.989722, 40.145535, 41.312367
0.987015, 36.214421, 40.233782, 41.438583
0.988010, 36.560257, 40.707164, 42.077950
0.989532, 37.107244, 40.611924, 41.889232
0.987238, 36.242248, 40.251186, 41.861144
0.986200, 36.042786, 39.910466, 41.366400
0.986698, 36.123093, 40.097534, 41.361578
0.988462, 36.767292, 40.335518, 41.327854
0.986956, 36.273179, 40.139406, 40.934276
0.987778, 36.743038, 39.846627, 40.684360
0.986704, 36.391975, 39.736116, 40.809597
0.988537, 37.123863, 40.301955, 40.829618
0.986877, 36.422799, 39.815977, 40.012285
0.987587, 36.623894, 40.016648, 39.933171
0.986902, 36.028769, 40.628794, 40.031935
0.990418, 37.472607, 41.112790, 40.475703
0.987823, 36.356983, 40.175419, 40.121999
0.987949, 36.501420, 40.404124, 40.125417
0.988544, 36.602753, 40.750241, 40.261836
0.989992, 37.027365, 40.851803, 40.098637
0.988633, 36.391747, 41.176823, 40.149782
0.988569, 36.582034, 40.506617, 39.949545
0.987348, 36.457944, 40.227604, 39.820339
0.989150, 36.951842, 40.703079, 40.099547
0.988528, 36.621971, 41.013002, 40.279632
0.988015, 36.587142, 40.625998, 39.804459
0.987521, 36.374575, 40.820603, 39.790705
0.988237, 36.701828, 40.777830, 39.529127
0.986993, 36.484993, 40.756741, 39.376031
0.987289, 36.652398, 40.837697, 39.489578
0.987587, 36.668335, 41.183750, 40.243395
0.989019, 37.083540, 41.174801, 40.113575
0.985861, 36.241746, 41.065533, 39.496540
0.986363, 36.445886, 41.273810, 39.132620
0.985965, 36.407177, 41.170267, 39.196281
0.988634, 37.228559, 41.398154, 39.984045
0.987523, 36.729870, 40.979479, 40.250400
0.987833, 36.890833, 40.608178, 40.102957
0.987760, 36.815560, 41.071235, 40.506561
0.988800, 37.170367, 40.915041, 40.305925
0.987100, 36.715905, 40.778534, 40.300846
0.986546, 36.409176, 40.635390, 40.117773
0.987487, 36.731686, 40.647096, 40.310070
0.989800, 37.434040, 40.807264, 40.621764
0.987604, 36.796801, 41.045647, 40.562314
0.987764, 36.918110, 40.751492, 40.361542
0.986671, 36.544738, 40.658581, 40.394136
0.988970, 37.208140, 40.942930, 40.792376
0.987182, 36.655693, 40.923581, 40.923939
0.987384, 36.788530, 40.640742, 40.677419
0.987257, 36.804636, 40.495035, 40.708173
0.988937, 37.238461, 40.765708, 40.556211
0.988009, 36.929541, 40.624913, 40.291709
0.987557, 36.833111, 40.886562, 40.238394
0.985460, 36.127367, 41.536693, 40.509272
0.989050, 37.266568, 41.448623, 40.483213
0.988371, 36.907732, 41.403233, 40.428780
0.988614, 36.893098, 41.022038, 40.063459
0.988791, 36.716610, 40.179296, 40.083950
0.990271, 37.364459, 40.885730, 40.700867
0.989243, 36.784906, 40.950305, 40.582229
0.988816, 36.727630, 40.795397, 40.554567
0.988282, 36.555063, 40.827692, 40.400168
0.988949, 36.723098, 40.735108, 40.365911
0.988358, 36.625548, 41.081088, 40.527849
0.987908, 36.595522, 40.658105, 40.058167
0.987623, 36.547113, 41.052379, 40.199123
0.988150, 36.615731, 40.699222, 40.231702
0.987270, 36.493991, 40.720136, 40.518121
0.986491, 36.110339, 40.296700, 40.152600
