ms-ssim, psnr-y, psnr-u, psnr-v
0.992783, 37.095688, 44.258512, 45.202861
0.990914, 36.406544, 44.083001, 45.087529
0.990264, 36.130392, 43.951677, 44.986096
0.990414, 36.234657, 43.934372, 45.006172
0.990799, 36.079070, 43.898402, 44.896385
0.989985, 35.948893, 43.932680, 44.983904
0.990013, 36.001678, 44.033556, 44.949155
0.989864, 35.815424, 43.927549, 45.122276
0.991119, 36.532668, 44.143690, 45.065399
0.989699, 35.748323, 44.028715, 45.154414
0.990131, 35.848924, 44.063185, 45.085509
0.990070, 35.922242, 44.129923, 45.211475
0.991241, 36.402890, 44.036786, 44.945026
0.989558, 35.568689, 43.852805, 45.131904
0.989436, 35.519426, 43.801806, 45.021843
0.988258, 35.145925, 43.688268, 45.051945
0.988243, 35.030975, 43.650642, 44.847078
0.987148, 34.700204, 43.721221, 44.940937
0.987236, 34.825043, 43.579182, 44.782847
0.987003, 34.921116, 43.651609, 44.811858
0.987913, 35.020389, 43.539419, 44.703699
0.987720, 34.902448, 43.505446, 44.910406
0.988076, 34.754403, 43.359692, 44.730737
0.988501, 34.687086, 43.366709, 44.709559
0.989574, 35.498909, 43.539262, 44.841524
0.989777, 35.663627, 43.738327, 45.019448
0.990248, 35.927279, 43.794716, 45.093220
0.990554, 36.118904, 43.970006, 45.330390
0.991844, 36.727826, 43.861598, 45.197216
0.991262, 36.509864, 44.174537, 45.444683
0.991907, 36.722927, 44.091024, 45.445901
0.992413, 36.976678, 44.394118, 45.697580
0.993627, 37.714574, 44.356900, 45.561564
0.992993, 37.263196, 44.498733, 45.715961
0.993458, 37.308936, 44.522024, 45.699648
0.993629, 37.478929, 44.633645, 45.772671
0.994532, 38.211588, 44.570346, 45.685799
0.994001, 37.822084, 44.660046, 45.853498
0.993779, 37.721949, 44.632162, 45.835861
0.993981, 37.913471, 44.795141, 45.932994
0.994667, 38.268827, 44.715291, 45.881168
0.994029, 37.871955, 44.834001, 45.995073
0.993821, 37.755102, 44.717523, 45.929087
0.993953, 37.860201, 44.910801, 46.013509
0.994465, 38.160360, 44.951983, 46.024916
0.993820, 37.826344, 44.964440, 46.030118
0.993824, 37.882973, 44.870967, 46.003611
0.994166, 38.178688, 45.058072, 46.073799
0.994622, 38.375490, 45.059782, 46.004212
0.994507, 38.448064, 45.181360, 46.120533
0.994918, 38.518284, 45.135874, 46.119916
0.994378, 38.175710, 45.150844, 46.187684
0.994576, 38.147854, 45.042456, 46.072484
0.994723, 38.172472, 45.208705, 46.205361
0.995155, 38.330488, 45.213362, 46.091536
0.994941, 38.262058, 45.299755, 46.202700
0.994753, 38.179458, 45.245408, 46.088096
0.994795, 38.395781, 45.490746, 46.220827
0.995128, 38.726473, 45.532742, 46.161542
0.994708, 38.663388, 45.607415, 46.284086
0.994601, 38.619187, 45.413234, 46.244790
0.994590, 38.399960, 45.433850, 46.282214
0.995468, 38.955001, 45.526901, 46.279703
0.994679, 38.328266, 45.432554, 46.258486
0.994642, 38.254564, 45.319523, 46.252219
0.994716, 38.533129, 45.686100, 46.519048
0.995413, 39.072573, 45.551061, 46.478711
0.994584, 38.396308, 45.400509, 46.401877
0.994811, 38.218054, 45.387260, 46.561076
0.994894, 38.473172, 45.469492, 46.671840
0.995437, 38.971854, 45.393719, 46.577127
0.994757, 38.408735, 45.233010, 46.519620
0.994943, 38.517081, 45.545570, 46.634550
0.994805, 38.495157, 45.435958, 46.559133
0.995484, 39.108706, 45.623978, 46.574228
0.995029, 38.834415, 45.603537, 46.677124
0.994937, 38.591031, 45.465490, 46.507618
0.994572, 38.162319, 45.386619, 46.682090
0.995249, 38.537648, 45.540044, 46.588847
0.994687, 38.284550, 45.567034, 46.553309
0.994714, 38.304496, 45.472884, 46.517488
0.994609, 38.361440, 45.511735, 46.555722
0.994917, 38.472933, 45.471208, 46.505751
0.994533, 38.444515, 45.478734, 46.611851
0.994567, 38.346840, 45.428465, 46.533847
0.994465, 38.352839, 45.438797, 46.698541
0.995031, 38.700165, 45.507859, 46.671678
0.994034, 38.330723, 45.469083, 46.752660
0.994244, 38.321397, 45.527025, 46.608664
0.993828, 38.001044, 45.628425, 46.630866
0.994961, 38.674592, 45.808389, 46.788103
0.993786, 37.933339, 45.680435, 46.593184
0.994357, 38.220557, 45.688677, 46.712714
0.994073, 38.071742, 45.513633, 46.675991
0.995155, 38.829258, 45.684082, 46.666132
0.994214, 38.266817, 45.704001, 46.765635
0.994388, 38.146114, 45.545404, 46.604842
0.994557, 38.304037, 45.606277, 46.776054
0.995148, 38.561438, 45.612437, 46.669469
0.994331, 38.096146, 45.672936, 46.680200
0.994217, 37.924988, 45.498389, 46.578814
0.994169, 37.749986, 45.687216, 46.609620
0.994674, 38.193966, 45.589991, 46.543306
0.994371, 38.111980, 45.713497, 46.764369
0.994313, 37.998308, 45.669042, 46.601288
0.994361, 38.045933, 45.596801, 46.706409
0.994985, 38.396969, 45.724531, 46.705866
0.994402, 38.106404, 45.627027, 46.840499
0.994266, 37.972518, 45.532783, 46.782516
0.994398, 38.036020, 45.543949, 46.912687
0.994949, 38.323741, 45.528599, 46.789099
0.994473, 38.079049, 45.538051, 46.812357
0.994518, 38.073009, 45.458190, 46.626917
0.994654, 38.178347, 45.550603, 46.787715
0.994866, 38.353579, 45.624529, 46.725352
0.994264, 38.246561, 45.645239, 46.774895
0.994264, 38.200450, 45.598652, 46.609832
0.994235, 38.030933, 45.789130, 46.744104
0.994898, 38.266385, 45.628425, 46.611745
0.994228, 37.991815, 45.758806, 46.688955
0.994269, 37.991611, 45.616492, 46.578656
0.994263, 38.114619, 45.591882, 46.824060
0.995042, 38.553270, 45.659300, 46.780361
0.994365, 38.199506, 45.586842, 46.782295
0.994349, 38.096763, 45.571591, 46.667477
0.993762, 37.855119, 45.629570, 46.795858
0.994783, 38.390781, 45.824408, 46.828304
0.994046, 38.037545, 45.666262, 46.805016
0.994072, 37.994138, 45.701242, 46.924950
0.993939, 37.891024, 45.896331, 46.912231
0.994854, 38.281391, 45.848948, 46.886339
0.993911, 37.874343, 45.871970, 46.856831
0.993980, 37.806594, 45.706200, 46.681766
0.993945, 37.917286, 45.879955, 46.846946
0.994556, 38.077174, 45.794806, 46.685170
0.993929, 37.839907, 45.910236, 46.810743
0.993795, 37.813390, 45.774160, 46.678796
0.993549, 37.756283, 45.909060, 46.702609
0.994124, 38.002201, 45.670154, 46.555617
0.992228, 36.958845, 45.706675, 46.593502
0.993199, 37.155004, 45.810244, 46.624625
0.993054, 37.262630, 45.801019, 46.714782
0.994189, 37.896561, 45.826847, 46.841283
0.993336, 37.382639, 45.635084, 46.772247
0.993718, 37.349102, 45.608765, 46.613658
0.993608, 37.457113, 45.620128, 46.775281
0.994369, 37.837369, 45.768423, 46.778317
0.993675, 37.484576, 45.653244, 46.796634
0.993759, 37.593170, 45.649112, 46.744433
0.993540, 37.476710, 45.667716, 46.821494
0.994603, 37.958890, 45.723102, 46.635619
0.993600, 37.453502, 45.803489, 46.701578
0.993490, 37.368550, 45.672037, 46.535623
0.993434, 37.155700, 45.778501, 46.553257
0.994307, 37.708184, 45.593311, 46.481959
0.993555, 37.228298, 45.735984, 46.484281
0.993617, 37.462586, 45.534069, 46.597790
0.993455, 37.526768, 45.531706, 46.734089
0.994087, 37.769615, 45.623513, 46.803350
0.993455, 37.431784, 45.450577, 46.799686
0.993526, 37.444304, 45.501598, 46.815419
0.993456, 37.615390, 45.588689, 46.886395
0.994261, 37.953065, 45.529303, 46.812802
0.993487, 37.552342, 45.551311, 47.020817
0.993528, 37.464704, 45.416300, 46.942119
0.993228, 37.441470, 45.220609, 46.914396
0.994051, 37.783745, 45.461614, 46.872434
0.993201, 37.530651, 45.454605, 46.993110
0.993326, 37.526111, 45.345014, 46.898925
0.993383, 37.562281, 45.467327, 46.896768
0.994236, 37.907300, 45.453873, 46.797244
0.993428, 37.549255, 45.569500, 46.862345
0.993687, 37.623573, 45.512725, 46.739888
0.993324, 37.394409, 45.578749, 46.704129
0.993923, 37.730126, 45.504316, 46.618393
0.992971, 37.253861, 45.542287, 46.698161
0.992988, 37.280873, 45.461736, 46.613605
0.992873, 37.183474, 45.572971, 46.660861
0.993657, 37.407856, 45.544323, 46.625584
0.992256, 36.783336, 45.440785, 46.565333
0.992560, 36.789030, 45.475828, 46.655006
0.992223, 36.856027, 45.498019, 46.697348
0.993629, 37.683251, 45.542287, 46.761562
0.992312, 36.839790, 45.667630, 46.732450
0.992799, 37.020772, 45.508724, 46.600281
0.992903, 37.173566, 45.566951, 46.735237
0.993906, 37.700920, 45.655461, 46.745584
0.992838, 37.205222, 45.686014, 46.721481
0.992702, 37.218338, 45.641624, 46.782185
0.992612, 37.115751, 45.545944, 46.696481
0.993789, 37.597676, 45.693578, 46.749532
0.992889, 37.004088, 45.656356, 46.725898
0.992748, 36.914466, 45.549272, 46.577232
0.992429, 36.607065, 45.516729, 46.507930
0.993036, 37.086633, 45.278865, 46.471707
0.992023, 36.791411, 45.440663, 46.490840
0.992297, 36.989758, 45.478571, 46.516344
0.992431, 37.198229, 45.542910, 46.639950
0.993583, 37.718447, 45.557685, 46.683765
0.992902, 37.322111, 45.453181, 46.751342
0.993250, 37.468070, 45.383334, 46.584250
0.993049, 37.233023, 45.530670, 46.689009
0.993835, 37.734733, 45.477424, 46.670331
0.992915, 37.410567, 45.700811, 46.760737
0.992869, 37.296648, 45.538010, 46.697185
0.993053, 37.490171, 45.690267, 46.819487
0.993705, 37.844309, 45.770568, 46.751397
0.993012, 37.191921, 45.624656, 46.704671
0.993136, 37.078843, 45.387782, 46.576125
0.993167, 37.020502, 45.639032, 46.603462
0.993759, 37.509969, 45.655120, 46.372405
0.993134, 37.320595, 45.721889, 46.473096
0.993047, 37.299284, 45.579545, 46.351232
0.992940, 37.355618, 45.541414, 46.398890
0.993753, 37.609426, 45.550978, 46.349181
0.993082, 37.437227, 45.483814, 46.468878
0.993080, 37.388072, 45.251737, 46.372003
0.992892, 37.336160, 45.439121, 46.537451
0.993688, 37.489860, 45.534027, 46.479381
0.992281, 36.992585, 45.520034, 46.523056
0.992825, 37.127176, 45.377610, 46.365319
0.992217, 36.761583, 45.515573, 46.599274
0.993423, 37.341709, 45.574729, 46.590698
0.991805, 36.478546, 45.634362, 46.694585
0.992055, 36.544772, 45.382092, 46.543253
0.991472, 36.377899, 45.469737, 46.606805
0.992844, 37.066542, 45.421025, 46.562915
0.991069, 36.408159, 45.586968, 46.563493
0.991532, 36.569698, 45.485167, 46.323095
0.991345, 36.401516, 45.538010, 46.353485
0.992624, 37.157396, 45.475992, 46.274684
0.991378, 36.624989, 45.701069, 46.540795
0.992100, 36.787753, 45.509837, 46.504558
0.991935, 36.902100, 45.557227, 46.518736
0.993028, 37.372940, 45.584031, 46.425233
0.992118, 37.034927, 45.394040, 46.508967
0.992487, 37.083510, 45.307226, 46.425233
0.992031, 36.850291, 45.457456, 46.422484
0.993560, 37.646151, 45.566616, 46.317977
0.992029, 36.649086, 45.554809, 46.415774
0.992027, 36.669273, 45.417309, 46.267608
0.992251, 36.898711, 45.530753, 46.643642
0.993385, 37.323648, 45.560062, 46.547964
0.992990, 37.207213, 45.625375, 46.607655
0.993036, 37.122042, 45.554434, 46.621162
0.993103, 37.091848, 45.593815, 46.620523
0.993524, 37.379128, 45.505469, 46.477062
0.991988, 36.766608, 45.638650, 46.450660
0.991531, 36.495750, 45.613492, 46.344131
0.991060, 36.119397, 45.392274, 45.961954
0.996378, 39.091832, 47.743278, 48.264408
0.994822, 37.909059, 47.533277, 48.200424
0.994456, 37.917071, 47.361228, 48.100599
0.993925, 37.592393, 47.184140, 48.065920
0.994177, 37.553951, 47.125961, 47.876109
0.993257, 37.297881, 46.997987, 47.977978
0.993023, 37.333988, 46.891550, 47.849386
0.992802, 37.484942, 46.818037, 47.916900
0.993950, 38.016179, 46.869614, 47.699638
0.992939, 37.489124, 46.741037, 47.779009
0.993169, 37.461740, 46.583300, 47.660219
0.993078, 37.467908, 46.645409, 47.713108
0.994026, 37.906400, 46.610735, 47.567381
0.992714, 37.354037, 46.692527, 47.706881
0.992680, 37.105850, 46.512083, 47.580845
0.992609, 37.112508, 46.561969, 47.530387
0.993311, 37.444761, 46.381720, 47.482715
0.992609, 37.169984, 46.561969, 47.557590
0.992947, 37.219511, 46.562074, 47.593685
0.992984, 37.381067, 46.486655, 47.682399
0.993541, 37.664167, 46.455220, 47.679068
0.992650, 37.362273, 46.491305, 47.759653
0.992811, 37.385688, 46.451377, 47.584168
0.992690, 37.204770, 46.313112, 47.537024
0.993322, 37.418095, 46.176180, 47.295665
0.992254, 36.882577, 46.142515, 47.407960
0.992289, 36.882754, 46.276356, 47.364197
0.992246, 36.959939, 46.289313, 47.436975
0.992716, 37.169626, 46.167103, 47.344398
0.991648, 36.589499, 46.176708, 47.412431
0.992186, 36.805394, 46.111667, 47.348930
0.992308, 36.770935, 46.125994, 47.304757
0.993252, 37.219605, 46.106980, 47.237764
0.992450, 36.784187, 46.215876, 47.321121
0.992108, 36.695401, 46.144853, 47.253877
0.991921, 36.694357, 46.060344, 47.246674
0.992685, 36.946582, 45.985815, 47.274752
0.991721, 36.763909, 45.952401, 47.194459
0.991859, 36.786942, 45.948841, 47.044883
0.991767, 36.637965, 45.894078, 46.917588
0.992344, 36.810370, 45.788206, 46.742297
0.991598, 36.631973, 45.846141, 46.850481
0.991790, 36.588038, 45.865610, 46.919014
0.991622, 36.712736, 46.061702, 47.133566
0.992175, 36.861428, 46.069200, 47.118311
0.991325, 36.646557, 45.921872, 47.121955
0.991390, 36.454239, 45.796744, 46.944070
0.990757, 36.248246, 45.809626, 46.858012
0.990949, 36.285653, 45.665963, 46.783180
0.989917, 35.808288, 45.722192, 46.809519
