ms-ssim, psnr-y, psnr-u, psnr-v
0.997942, 50.413889, 50.305685, 49.232050
0.997789, 50.134310, 49.905564, 48.885992
0.997210, 49.047920, 47.767326, 48.639785
0.997018, 48.640219, 46.918743, 47.921371
0.996292, 47.597476, 45.024212, 46.659880
0.996703, 47.692927, 45.911355, 47.409732
0.996031, 47.074301, 44.826543, 46.480296
0.996930, 48.120618, 46.101058, 47.329185
0.996598, 47.062722, 45.710204, 46.612210
0.996292, 46.817992, 45.000448, 46.434432
0.996873, 47.106573, 45.993678, 47.334124
0.997502, 40.930063, 47.614958, 49.262373
0.994111, 37.931848, 44.737092, 46.719124
0.993145, 37.002290, 43.873839, 46.040881
0.994251, 36.968130, 44.335632, 46.001452
0.992784, 36.085595, 43.716655, 45.576100
0.991656, 35.512599, 42.901168, 44.969625
0.987304, 34.422198, 42.019298, 44.613496
0.988376, 34.874054, 42.296144, 44.690601
0.984643, 33.809293, 41.467806, 44.023039
0.986273, 33.965185, 42.207494, 44.373041
0.980038, 32.895628, 40.410517, 43.339688
0.981489, 32.893289, 40.338942, 43.099041
0.976218, 32.323044, 39.410711, 42.584125
0.981332, 33.324901, 40.699300, 43.192437
0.968233, 31.233189, 39.000810, 42.406202
0.970365, 31.782240, 39.178027, 42.098443
0.966826, 31.000118, 38.721812, 41.756071
0.977741, 32.572952, 40.290559, 42.268438
0.965113, 31.284140, 38.427147, 41.121537
0.972249, 32.326030, 39.155704, 41.764027
0.967650, 31.643630, 38.866193, 41.391623
0.977412, 32.720542, 40.383154, 42.197457
0.966632, 31.154600, 39.044990, 41.525323
0.973242, 31.708907, 39.195592, 41.626240
0.973545, 31.723106, 38.865142, 41.613507
0.972818, 31.914987, 38.989940, 41.558248
0.974171, 32.252248, 38.864414, 41.663011
0.971095, 31.824630, 38.173764, 41.680442
0.970020, 31.815763, 38.095720, 41.668103
0.969982, 31.846920, 38.076965, 42.006005
0.968587, 31.858920, 38.609537, 41.623033
0.964491, 31.564417, 38.071859, 41.856292
0.966182, 31.697725, 38.159518, 41.901260
0.967014, 31.538247, 38.114952, 41.906419
0.968432, 31.878643, 38.547349, 41.646619
0.970247, 32.024994, 38.161161, 41.802181
0.973206, 32.489871, 38.683319, 41.696860
0.971764, 32.385024, 38.196947, 41.696915
0.971693, 32.437909, 38.110115, 41.614537
0.972299, 32.526358, 38.209218, 41.680037
0.974507, 32.910937, 38.766999, 41.632859
0.974528, 32.914747, 38.322017, 42.027627
0.973968, 32.906679, 38.324313, 42.072723
0.973182, 33.002648, 38.567229, 42.161770
0.973472, 33.032182, 38.586291, 41.898252
0.972680, 32.957804, 38.321696, 42.049649
0.973104, 32.988306, 38.230839, 41.743030
0.974730, 32.910465, 38.569509, 42.187195
0.976688, 33.259623, 39.080082, 41.969893
0.976017, 33.191334, 38.830170, 42.451732
0.976814, 33.304300, 38.886330, 42.427822
0.978249, 33.428990, 39.016723, 42.816452
0.977798, 33.614372, 39.108982, 42.308798
0.977113, 33.359120, 39.052759, 42.837501
0.975911, 33.149437, 39.067416, 42.962444
0.975988, 33.286028, 38.920705, 42.756904
0.977191, 33.463092, 39.339178, 42.792919
0.977815, 33.445545, 39.415695, 43.221835
0.976707, 33.376954, 39.081067, 42.909668
0.976238, 33.113001, 39.276146, 42.964033
0.976914, 32.973526, 39.493317, 42.744796
0.974952, 32.830272, 39.244544, 42.698587
0.974608, 32.648044, 39.396876, 42.761604
0.975606, 32.679680, 39.450495, 42.891810
0.977256, 32.975920, 39.919272, 42.994524
0.974641, 32.515186, 39.705142, 42.853901
0.975336, 32.566247, 39.422666, 42.894919
0.977143, 32.753326, 39.874785, 43.176968
0.979202, 33.116883, 40.229736, 42.862174
0.977242, 32.814262, 39.703698, 42.975423
0.976684, 32.770330, 39.794298, 42.868707
0.979158, 33.002276, 40.356809, 43.231060
0.980638, 33.127524, 40.616846, 43.112322
0.977034, 32.832511, 40.078533, 42.934016
0.976963, 32.984492, 39.858093, 43.041785
0.977373, 32.853016, 39.869049, 42.771646
0.980145, 33.054437, 40.312960, 42.882280
0.976517, 32.611676, 40.478608, 43.188122
0.973974, 32.391736, 40.127130, 42.825599
0.975258, 32.572582, 40.789875, 43.363910
0.977497, 33.064517, 40.762911, 42.936215
0.970929, 32.398229, 40.314434, 42.994010
0.973195, 32.583893, 40.342906, 42.707527
0.974050, 32.864465, 40.534296, 42.800204
0.977672, 33.358643, 41.335188, 42.825700
0.971578, 32.948551, 40.583585, 42.554004
0.969495, 32.877987, 40.550965, 42.441863
0.970760, 32.965776, 40.616218, 42.716349
0.974615, 33.560738, 40.815224, 42.652400
0.967451, 32.915453, 40.476324, 42.652389
0.970495, 33.345542, 40.758401, 42.565224
0.972333, 33.454997, 41.197646, 43.140308
0.977989, 34.192137, 41.950563, 43.181827
0.971525, 33.218916, 41.452093, 43.224234
0.967344, 32.965589, 40.987921, 42.603271
0.969919, 32.941361, 41.050702, 42.812678
0.976405, 33.667404, 41.716941, 42.951677
0.971350, 32.890214, 41.282517, 42.981978
0.970970, 33.096481, 41.030380, 42.661555
0.970866, 33.040217, 41.158313, 42.844560
0.976892, 33.524758, 41.826194, 43.016914
0.970993, 32.847426, 41.036911, 42.720051
0.965338, 32.350494, 40.028198, 42.029791
0.967953, 32.345220, 40.265153, 42.202932
0.973436, 33.067500, 40.822228, 42.306865
0.965740, 32.692396, 39.923437, 41.931143
0.963705, 32.681128, 39.732500, 41.686550
0.968994, 33.554489, 40.164241, 42.119450
0.980617, 35.489425, 41.484878, 43.371577
0.963296, 33.406599, 39.666130, 42.323127
0.959727, 33.336084, 39.793579, 42.149499
0.956124, 32.957261, 39.463122, 41.882501
0.965175, 33.454725, 40.096890, 42.063324
0.956307, 32.596536, 39.715259, 41.644908
0.957184, 33.007579, 40.061906, 41.653184
0.953831, 32.741069, 40.168422, 41.821636
0.964490, 33.367558, 40.730417, 42.233440
0.953905, 32.126537, 40.180302, 41.776468
0.945039, 30.983014, 39.549689, 41.086368
0.947362, 31.116006, 39.169112, 40.923506
0.962482, 32.217091, 40.129238, 41.807325
0.957345, 31.999668, 39.869358, 41.601880
0.962275, 32.709181, 40.062753, 41.635934
0.965763, 33.277634, 40.459007, 42.073513
0.976922, 36.214149, 41.604673, 43.212926
0.972734, 36.112405, 41.256722, 42.980999
0.970674, 35.923188, 41.122088, 42.857173
0.973084, 35.974978, 41.138149, 42.795097
0.977556, 36.362398, 41.435468, 42.949893
0.972147, 35.091263, 40.585917, 42.130590
0.972637, 34.206129, 40.355560, 41.960500
0.978698, 34.770365, 40.939031, 42.294045
0.973591, 33.653987, 40.638750, 42.001471
0.971575, 33.466186, 40.492054, 42.000221
0.970635, 33.230417, 40.813000, 42.069772
0.975878, 33.788792, 40.911160, 42.115551
0.972616, 33.287653, 40.752450, 42.146908
0.972471, 33.344214, 40.391848, 41.765119
0.973446, 33.277295, 40.662584, 42.352267
0.977956, 33.989442, 40.822144, 42.295053
0.973927, 33.659833, 40.587652, 42.145796
0.971256, 33.487528, 40.383544, 41.928584
0.970305, 33.273266, 40.386331, 42.035999
0.976324, 33.537374, 40.541783, 42.196395
0.969204, 32.777522, 40.039320, 41.911453
0.969772, 32.807018, 39.977315, 41.547269
0.969414, 32.625848, 40.027974, 42.047879
0.976370, 34.135886, 40.914597, 42.664311
0.970908, 35.308641, 40.872690, 42.969135
0.971073, 35.710001, 40.949706, 43.292251
0.968649, 35.611352, 41.240410, 43.693686
0.977686, 36.971488, 42.069851, 44.135974
0.971525, 36.573179, 41.906374, 44.294091
0.975314, 36.956725, 42.002616, 44.523962
0.977827, 36.797054, 42.755794, 45.337587
0.985226, 37.851602, 43.552727, 45.893965
0.991730, 39.558471, 44.963740, 47.304789
0.983854, 37.312827, 43.405004, 46.465639
0.983265, 38.117134, 43.909470, 46.610470
0.983424, 39.135404, 44.118175, 46.666455
0.987288, 40.384210, 44.880892, 47.210503
0.984900, 39.855793, 44.684988, 47.277910
0.983178, 39.688634, 44.526082, 47.071549
0.981916, 39.457902, 44.423848, 47.567215
0.986606, 40.088156, 45.448238, 47.964822
0.981428, 38.849163, 44.845158, 47.728012
0.975767, 37.334425, 43.849210, 46.133497
0.976492, 37.463595, 43.885837, 46.581703
0.983256, 38.729404, 44.916346, 46.934786
0.979135, 37.536867, 44.963958, 47.189053
0.979203, 37.594276, 44.521876, 47.189281
0.979757, 37.284337, 44.537028, 47.362759
0.982655, 38.046401, 44.227364, 46.834467
0.977250, 36.773869, 43.899440, 47.266618
0.976428, 36.603234, 43.438242, 46.733666
0.977437, 36.016663, 43.727542, 46.812593
0.983000, 37.089617, 44.290695, 46.594190
0.978778, 35.847445, 43.853093, 46.672069
0.980945, 36.272663, 43.630004, 46.629958
0.980885, 35.602695, 44.057367, 46.549103
0.985673, 36.900905, 44.100485, 46.413945
0.981779, 35.655494, 43.760824, 46.257629
0.982133, 35.615588, 43.523195, 45.941525
0.981577, 35.297705, 43.714725, 45.495388
0.983437, 36.011288, 43.697787, 45.636177
0.980281, 35.109889, 43.220770, 44.917479
0.979883, 35.395645, 43.259776, 45.108015
0.980374, 35.293540, 43.291039, 45.027780
0.983126, 36.145262, 43.707946, 45.359051
0.979769, 35.613048, 43.410010, 44.801766
0.980662, 36.221486, 43.549883, 44.715677
0.981260, 36.332694, 43.505953, 44.670994
0.984460, 37.262387, 44.026803, 45.241860
0.983191, 36.885088, 43.948028, 44.827899
0.983958, 37.198355, 43.770627, 44.960904
0.985079, 37.225286, 44.227502, 45.623280
0.987434, 37.804578, 44.381022, 45.853498
0.984694, 36.960597, 43.956519, 45.609967
0.985043, 37.209006, 44.347132, 45.862545
0.985306, 37.299392, 44.389361, 45.759712
0.987727, 38.148209, 44.956056, 46.420704
0.985112, 37.314037, 44.203018, 45.730590
0.985215, 37.497386, 44.178010, 45.812952
0.985657, 37.427706, 44.589836, 46.390271
0.988392, 38.131691, 44.390277, 46.085859
0.985529, 37.387557, 44.319331, 46.290634
0.985310, 37.094545, 43.477918, 45.692438
0.986194, 37.218369, 44.053782, 46.372669
0.988641, 37.749478, 44.127553, 45.887922
0.986929, 37.323752, 43.749255, 45.926896
0.987366, 37.305978, 43.865274, 46.285923
0.988769, 37.869649, 43.586100, 45.802562
0.986374, 37.242896, 43.503458, 45.692911
0.985811, 37.214292, 43.430814, 45.458852
0.986251, 37.065169, 43.613199, 45.565102
0.989023, 37.679870, 44.025865, 45.622275
0.984995, 36.799909, 43.584267, 45.236300
0.984794, 36.437689, 43.351035, 45.240997
0.985408, 36.154067, 43.254327, 44.815415
0.988556, 36.867531, 43.507110, 45.033911
0.985086, 35.847485, 43.167971, 44.652432
0.983419, 35.764422, 43.047710, 44.618699
0.984726, 35.730672, 43.440706, 44.979349
0.987304, 36.205044, 43.565166, 44.857055
0.983229, 35.656246, 43.358586, 44.480655
0.983744, 35.954202, 43.415060, 44.459947
0.982704, 35.727643, 43.332108, 44.250498
0.987041, 36.550043, 43.333775, 44.619606
0.982415, 35.929463, 42.930577, 44.176774
0.982087, 35.931685, 42.789049, 44.083327
0.982207, 35.763356, 42.898664, 43.979744
0.984915, 36.076196, 42.963798, 44.193963
0.983172, 35.428124, 42.990586, 44.146362
0.984238, 35.783689, 42.438304, 43.821091
0.984315, 35.709791, 42.584882, 44.011101
0.987750, 36.132737, 42.634891, 44.121139
0.986867, 36.080302, 42.485119, 44.179140
0.986241, 35.796198, 42.537890, 44.234798
0.984643, 36.623419, 44.924248, 45.197063
0.975371, 35.502201, 44.822827, 45.101967
0.975664, 35.541719, 44.527143, 44.875241
0.974745, 35.355227, 44.617515, 44.827256
0.978369, 35.517270, 44.295268, 44.576594
0.974122, 35.212906, 44.367712, 44.630840
0.974836, 35.209028, 44.170052, 44.488633
0.972169, 34.898254, 44.297092, 44.485896
0.975281, 35.211043, 44.125611, 44.510600
0.970961, 34.768962, 43.887327, 44.208163
0.972561, 34.914847, 43.929763, 44.168999
0.970889, 34.704263, 44.103817, 44.389528
0.975690, 35.026825, 43.951764, 44.120465
0.970184, 34.553684, 44.226536, 44.431876
0.970658, 34.629893, 44.053974, 44.246050
0.969405, 34.505308, 44.205551, 44.267610
0.971323, 34.555345, 43.836667, 43.873089
0.968797, 34.424719, 44.298059, 44.386336
0.969886, 34.463094, 43.848295, 43.965431
0.969165, 34.347602, 44.063835, 44.159509
0.973452, 34.675082, 43.843678, 43.968358
0.966776, 34.057028, 44.059662, 44.256218
0.967663, 34.190679, 43.854671, 44.098183
0.965229, 34.042813, 44.101104, 44.370621
0.972011, 34.484072, 43.701442, 44.061220
0.963700, 33.797702, 44.061914, 44.295580
0.961933, 33.348796, 43.644089, 43.896425
0.960829, 33.271368, 43.893013, 44.224588
0.968138, 33.855871, 43.694514, 44.002430
0.961576, 33.320309, 43.948395, 44.268586
0.962162, 33.381593, 43.762340, 44.022958
0.958798, 33.097725, 44.082607, 44.441352
0.967308, 33.713312, 43.653660, 43.941550
0.960712, 33.215187, 44.241144, 44.383121
0.962552, 33.423532, 43.916900, 44.209485
0.960527, 33.205673, 44.277356, 44.509937
0.967373, 33.694544, 43.743128, 44.033050
0.959561, 33.035904, 44.079039, 44.417687
0.960559, 33.363248, 43.804827, 44.077920
0.958224, 32.970488, 43.961958, 44.137906
0.967280, 33.754428, 43.605832, 43.693157
0.960418, 33.218426, 43.824859, 44.126016
0.962325, 33.444486, 43.543435, 43.960306
0.959175, 33.189719, 43.722881, 44.122195
0.967861, 33.885091, 43.489769, 43.706823
0.959342, 33.247023, 43.732496, 44.098578
0.958851, 33.183398, 43.498985, 43.906305
0.959021, 33.205539, 43.410595, 43.750341
0.962772, 33.597235, 43.300010, 43.646901
0.958294, 33.417789, 43.672161, 44.126683
0.959597, 33.351836, 43.160835, 43.611334
