ms-ssim, psnr-y, psnr-u, psnr-v
0.946073, 29.730641, 39.624087, 40.688486
0.931077, 28.918889, 39.502838, 40.837463
0.927592, 28.681376, 39.548944, 41.029425
0.923520, 28.496958, 39.515651, 41.035490
0.927620, 28.759158, 39.372721, 40.847869
0.929308, 28.906193, 39.471723, 40.848123
0.928299, 28.964089, 39.524987, 40.908321
0.906311, 28.201790, 39.410153, 40.851810
0.893164, 27.841598, 39.358406, 40.884071
0.879203, 27.466592, 39.049752, 40.697559
0.875116, 27.363659, 38.995857, 40.595668
0.867768, 27.229684, 38.929799, 40.586387
0.899105, 28.137529, 38.947993, 40.588152
0.902859, 28.218239, 38.990241, 40.460814
0.900330, 28.222077, 38.845018, 40.572890
0.903645, 28.305194, 38.734713, 40.197661
0.922480, 29.202643, 38.756421, 40.182019
0.922477, 29.122941, 39.220894, 40.395383
0.933806, 29.422032, 39.250543, 40.471519
0.944055, 29.963878, 39.112921, 40.253395
0.952433, 30.640566, 39.159848, 40.273440
0.942211, 30.142735, 39.344431, 40.389920
0.950888, 30.779283, 39.519837, 40.455935
0.947950, 30.837848, 39.617765, 40.558186
0.953460, 31.483793, 39.548897, 40.524591
0.950546, 30.926657, 39.512824, 40.545428
0.954011, 31.390546, 39.710051, 40.722576
0.951616, 31.181800, 39.539792, 40.551417
0.959109, 32.033808, 39.375278, 40.517344
0.943747, 30.660571, 39.001086, 40.465494
0.948819, 31.026704, 39.097504, 40.605630
0.952000, 31.115962, 38.965605, 40.365292
0.956773, 31.642413, 39.003433, 40.365747
0.946791, 30.918718, 38.966449, 40.393237
0.951773, 31.020702, 38.979568, 40.404608
0.947045, 30.949207, 38.951399, 40.439453
0.956415, 31.633083, 39.030458, 40.503678
0.949024, 31.137499, 39.013186, 40.427442
0.944820, 31.174451, 38.939736, 40.575634
0.945073, 31.120983, 38.848404, 40.461714
0.954166, 31.732059, 38.988461, 40.523205
0.946297, 31.211445, 38.873915, 40.455848
0.946607, 31.247988, 38.893658, 40.587913
0.943778, 30.999218, 38.687483, 40.594649
0.946687, 31.304242, 38.593252, 40.668538
0.941676, 30.730592, 38.410529, 40.483828
0.949528, 31.055957, 38.364456, 40.602267
0.945098, 30.612329, 38.458013, 40.724860
0.951549, 31.195454, 38.634079, 40.793765
0.943925, 30.560200, 38.606483, 40.612696
0.943922, 30.349794, 38.516518, 40.666831
0.943174, 30.262965, 38.491762, 40.561188
0.951399, 30.849837, 38.593611, 40.480996
0.943903, 29.948913, 38.483811, 40.434858
0.952582, 30.583222, 38.611567, 40.413250
0.946862, 30.268592, 38.516017, 40.496436
0.951077, 30.554098, 38.455192, 40.291231
0.940565, 29.998694, 38.349956, 40.303543
0.945062, 30.262093, 38.402093, 40.395755
0.942226, 30.096640, 38.254599, 40.311144
0.951636, 30.614142, 38.253375, 40.124660
0.940228, 29.968834, 38.218768, 40.198263
0.937240, 29.983201, 38.385593, 40.510755
0.949833, 30.580882, 38.283418, 40.381353
0.945379, 30.419374, 38.471260, 40.819439
0.939348, 30.001847, 38.310322, 40.666984
0.943495, 30.268007, 38.628912, 40.851301
0.950283, 30.657699, 38.553704, 40.719029
0.946454, 30.330138, 38.681577, 40.764501
0.947403, 30.249272, 38.429416, 40.620827
0.950086, 30.385368, 38.557452, 40.629095
0.953108, 30.600877, 38.395893, 40.573098
0.949125, 30.138923, 38.535407, 40.647073
0.948109, 30.104355, 38.387071, 40.585281
0.953148, 30.151545, 38.436666, 40.673387
0.956490, 30.412946, 38.317145, 40.575693
0.960501, 30.504857, 38.577555, 40.677416
0.957673, 30.273316, 38.649503, 40.634051
0.958191, 30.153066, 38.679417, 40.620978
0.959064, 30.065462, 38.584057, 40.555305
0.962045, 30.347468, 38.399272, 40.485406
0.960361, 30.074608, 38.435974, 40.560683
0.965645, 30.582961, 38.283735, 40.491722
0.967449, 30.732880, 38.433368, 40.526036
0.964814, 30.435160, 38.611795, 40.530758
0.965021, 30.407102, 38.423760, 40.444313
0.965712, 30.392090, 38.272608, 40.398876
0.970728, 30.841585, 38.255298, 40.329034
0.970392, 30.888999, 38.311385, 40.209491
0.968798, 30.589401, 38.230592, 40.117486
0.967523, 30.546009, 38.248554, 40.115151
0.966696, 30.484007, 38.332478, 40.140960
0.965498, 30.506484, 38.310216, 40.236751
0.964128, 30.531398, 38.240845, 40.249352
0.965395, 30.590160, 38.204556, 40.225149
0.965399, 30.738282, 38.345205, 40.354250
0.961335, 30.482943, 38.326626, 40.318364
0.961426, 30.556746, 38.391489, 40.329457
0.959441, 30.306480, 38.380767, 40.300210
0.961365, 30.554649, 38.352137, 40.204010
0.955804, 30.269453, 38.288084, 40.453121
0.957434, 30.504761, 38.373574, 40.507523
0.954673, 30.312539, 38.316684, 40.492688
0.962407, 30.839566, 38.430654, 40.213853
0.959796, 30.812807, 38.476758, 40.174342
0.960861, 30.984597, 38.486946, 40.323485
0.962114, 31.110287, 38.529779, 40.297215
0.959212, 30.857324, 38.528903, 40.392922
0.956727, 30.853062, 38.384800, 40.489616
0.953521, 30.578586, 38.235028, 40.440147
0.960853, 30.912268, 38.003520, 40.300042
0.954898, 30.562783, 38.205524, 40.498077
0.956534, 30.729510, 38.358722, 40.655695
0.955868, 30.601637, 38.400357, 40.591744
0.961802, 30.973112, 38.185880, 40.428508
0.957561, 30.675561, 38.131109, 40.540069
0.959544, 30.819067, 38.173834, 40.562437
0.957058, 30.564188, 38.037678, 40.351529
0.960476, 30.841958, 38.032874, 40.247194
0.961668, 30.944773, 38.032011, 40.186736
0.962901, 30.899997, 38.144264, 40.345838
0.961573, 30.864019, 38.039874, 40.297131
0.964935, 31.127124, 38.036398, 40.292657
0.963980, 30.927981, 38.055510, 40.430528
0.966378, 31.248037, 38.080799, 40.374967
0.968758, 31.455944, 38.165125, 40.495791
0.967057, 31.177088, 38.189547, 40.514636
0.969385, 31.351641, 38.100175, 40.559940
0.968847, 31.343198, 38.126948, 40.527983
0.971670, 31.752999, 38.091848, 40.469277
0.970446, 31.520232, 38.209242, 40.546880
0.970332, 31.425812, 38.202017, 40.526862
0.972543, 31.802682, 38.207011, 40.523205
0.971282, 31.681563, 38.193717, 40.508992
0.970908, 31.600871, 38.085874, 40.488446
0.970794, 31.570717, 38.108687, 40.523589
0.971294, 31.619755, 38.101727, 40.445586
0.970190, 31.484043, 38.050469, 40.455790
0.969561, 31.352649, 38.004081, 40.499513
0.971365, 31.639922, 38.062144, 40.460320
0.967893, 31.292154, 38.120841, 40.468957
0.967536, 31.225976, 38.090434, 40.491371
0.969748, 31.519375, 38.051137, 40.403002
0.967380, 31.219409, 38.048235, 40.427240
0.968711, 31.394401, 38.081504, 40.436822
0.965625, 31.110342, 38.011001, 40.457735
0.967140, 31.361770, 38.189667, 40.459477
0.968462, 31.542227, 38.243773, 40.496612
0.969571, 31.647255, 38.305632, 40.573188
0.964719, 30.986236, 38.057965, 40.395240
0.966469, 31.259119, 38.146992, 40.537909
0.963744, 31.042839, 38.073213, 40.384349
0.966120, 31.364723, 38.188479, 40.418771
0.962515, 30.892552, 38.077541, 40.383635
0.965061, 31.103009, 38.125981, 40.417045
0.962938, 30.815591, 38.093634, 40.374682
0.965254, 31.229427, 38.132503, 40.351246
0.966694, 31.480786, 38.132316, 40.367652
0.964408, 31.206964, 38.157904, 40.395669
0.964237, 31.286919, 38.268993, 40.403089
0.963572, 31.199731, 38.284245, 40.458287
0.965545, 31.514202, 38.196579, 40.320783
0.962882, 31.307149, 38.198909, 40.405928
0.964264, 31.462814, 38.108027, 40.310077
0.963804, 31.425069, 38.123046, 40.341737
0.963889, 31.574831, 38.156417, 40.290030
0.961256, 31.335942, 38.143924, 40.417793
0.962510, 31.456077, 38.086396, 40.372404
0.960844, 31.446120, 38.038177, 40.403146
0.964658, 31.821394, 38.322291, 40.312772
0.961295, 31.537325, 38.491337, 40.469073
0.961197, 31.509227, 38.365980, 40.520877
0.963390, 31.576287, 38.509913, 40.551179
0.963388, 31.731013, 38.393420, 40.323625
0.962172, 31.633539, 38.362502, 40.526243
0.958403, 31.233499, 38.235010, 40.547236
0.962752, 31.643216, 38.315443, 40.533859
0.957962, 31.143765, 38.187326, 40.595788
0.961633, 31.486312, 38.259952, 40.683896
0.957918, 30.933543, 38.385215, 40.535485
0.963502, 31.546054, 38.526688, 40.586028
0.958753, 31.029908, 38.557021, 40.659769
0.963218, 31.308736, 38.610865, 40.807590
0.958574, 30.767081, 38.422288, 40.777702
0.966439, 31.348776, 38.386692, 40.842314
0.960327, 30.796609, 38.358650, 40.905166
0.963604, 30.983052, 38.273311, 41.096914
0.961574, 30.768356, 38.224685, 40.973156
0.966470, 31.232541, 38.192355, 41.021384
0.963310, 30.916159, 38.282151, 41.082407
0.962372, 30.726916, 38.218786, 41.079323
0.961719, 30.731102, 38.249951, 40.918737
0.958026, 30.482239, 38.142135, 40.875432
0.948284, 29.884798, 38.201999, 40.921353
0.951176, 30.083684, 38.029470, 40.936110
0.952073, 30.147970, 38.067617, 40.636864
0.976730, 32.890030, 40.205133, 42.098835
0.954316, 30.626519, 39.114008, 41.708187
0.954129, 30.813144, 38.902092, 41.463881
0.952889, 31.023833, 39.142205, 40.933355
0.962285, 32.016675, 39.477511, 41.210918
0.953340, 31.341298, 39.419630, 41.397010
0.960797, 31.885163, 39.664244, 41.700797
0.964173, 32.145221, 39.848679, 41.629561
0.973422, 33.022056, 39.822087, 41.553790
0.969825, 32.673168, 39.861391, 41.619154
0.969714, 32.527315, 39.710638, 41.582360
0.969109, 32.511148, 39.629458, 41.619040
0.970513, 32.753461, 39.636110, 41.563555
0.967592, 32.536744, 39.588908, 41.657219
0.966928, 32.466881, 39.446277, 41.527004
0.964580, 32.191470, 39.345105, 41.506625
0.965339, 32.324409, 39.241844, 41.486120
0.962892, 32.074354, 39.255097, 41.430517
0.966470, 32.439393, 39.325329, 41.483913
0.962747, 31.973284, 39.269318, 41.471905
0.962211, 32.112739, 39.179013, 41.549569
0.960329, 31.916162, 39.339041, 41.398524
0.965773, 32.555421, 39.225920, 41.218556
0.962435, 32.185761, 39.229989, 41.314216
0.964688, 32.381270, 39.448647, 41.394920
0.963543, 32.289370, 39.500346, 41.367876
0.967807, 32.780413, 39.462732, 41.246146
0.965392, 32.496722, 39.681328, 41.258069
0.963170, 32.256927, 39.550640, 41.302315
0.967110, 32.665111, 39.564611, 41.296429
0.963572, 32.323925, 39.549368, 41.285736
0.963042, 32.255947, 39.363301, 41.191382
0.966245, 32.625038, 39.297367, 41.200398
0.961667, 32.131211, 39.255934, 41.193685
0.964450, 32.329197, 39.159612, 41.124687
0.960781, 32.124343, 39.277674, 41.062204
0.964415, 32.425112, 39.237699, 41.165298
0.959650, 31.861983, 39.133292, 40.985532
0.963127, 32.076769, 39.024985, 41.189182
0.961657, 31.919992, 38.823501, 40.928046
0.966809, 32.476975, 38.768153, 40.626921
0.963867, 32.135283, 38.877142, 40.743488
0.963250, 32.007996, 38.565839, 40.635170
0.962756, 31.867721, 38.615992, 40.827746
0.967344, 32.280962, 38.647876, 40.735773
0.962052, 31.843027, 38.659797, 40.898862
0.963102, 31.823157, 38.566008, 40.324329
0.963429, 31.877965, 38.422578, 40.285898
0.967882, 32.392484, 38.820353, 40.615254
0.971982, 32.591471, 38.940350, 40.057206
0.969602, 32.475986, 38.940494, 40.284586
0.966248, 32.306634, 39.275241, 40.369188
0.968485, 32.238738, 39.124376, 40.829264
0.963098, 31.780711, 39.339737, 41.318427
0.965281, 31.834852, 39.087433, 41.358255
0.960763, 31.807231, 40.210670, 41.660971
0.961568, 31.991779, 40.459013, 41.608923
0.957620, 31.305477, 40.545309, 41.666375
0.960592, 31.465443, 40.643132, 41.467653
0.958644, 31.279647, 40.570297, 41.443140
0.963905, 31.590083, 40.571131, 41.533843
0.959203, 31.066123, 40.466570, 41.655574
0.962901, 31.499033, 40.553464, 41.681858
0.959048, 31.304811, 40.718597, 41.598527
0.963325, 32.100261, 40.589409, 41.540768
0.958570, 31.830204, 40.656211, 41.545278
0.962947, 32.713796, 40.731257, 41.510915
0.958779, 32.866320, 40.616820, 41.638430
0.963510, 33.722159, 40.520524, 41.509657
0.960997, 33.388997, 40.323935, 41.438333
0.963341, 33.493087, 40.394839, 41.371171
0.963188, 33.562812, 40.241086, 41.308809
0.966168, 33.909376, 40.017330, 41.290129
0.964037, 33.588943, 40.164778, 41.514802
0.967088, 33.759667, 40.067332, 41.264112
0.963405, 33.358168, 40.146956, 41.352721
0.962188, 33.277609, 40.073280, 41.150765
0.963395, 33.419244, 40.214073, 41.213681
0.965981, 33.674312, 40.107055, 41.131802
0.961068, 33.263233, 40.212728, 41.085895
0.961426, 33.202531, 40.153908, 41.073331
0.961713, 33.235748, 40.212838, 41.161712
0.962890, 33.361653, 40.186845, 41.122386
0.963801, 33.404971, 40.406932, 41.264182
0.962092, 33.196801, 40.361656, 41.099337
0.963572, 33.257111, 40.489089, 41.074903
0.962814, 33.263609, 40.429085, 41.226243
0.958398, 33.050260, 40.415234, 41.128074
0.958055, 32.884379, 40.412991, 41.296042
0.960991, 33.067277, 40.410808, 41.355577
0.959166, 32.937538, 40.497725, 41.342458
0.957943, 32.671154, 40.352096, 41.223956
0.957499, 32.638842, 40.333208, 41.110762
0.955877, 32.613428, 40.307412, 41.131158
0.954294, 32.418829, 40.395841, 41.334918
0.959459, 32.678183, 40.387862, 41.200363
0.958362, 32.613326, 40.428595, 41.161507
0.953568, 32.228199, 40.378729, 41.185919
0.951863, 31.664652, 40.182428, 41.041895
0.951760, 31.664286, 40.186654, 41.030186
0.954524, 31.791155, 40.154450, 41.084821
0.951569, 31.546189, 40.189410, 41.194649
0.948656, 31.096390, 39.936986, 40.977572
0.938157, 30.276386, 39.729821, 41.017419
