ms-ssim, psnr-y, psnr-u, psnr-v
0.994211, 34.902564, 46.825484, 46.895690
0.991032, 33.172195, 45.777514, 45.698937
0.991346, 33.626710, 45.810510, 45.699572
0.990550, 33.057969, 45.287838, 45.145115
0.991139, 33.591773, 45.342752, 45.320845
0.988694, 32.909410, 44.199837, 44.060969
0.989997, 33.863467, 44.734901, 44.611325
0.988948, 33.262123, 44.473869, 44.420510
0.991470, 34.300457, 45.104577, 45.008872
0.988169, 33.027593, 44.343655, 44.246319
0.988532, 33.447455, 44.575347, 44.623740
0.987180, 32.705972, 44.193917, 44.060910
0.988187, 33.147116, 44.601378, 44.443836
0.980475, 30.767203, 43.469590, 43.282129
0.972913, 29.643489, 43.280728, 43.153399
0.964622, 28.228069, 42.599868, 42.509827
0.957125, 27.541791, 42.342477, 42.296602
0.947586, 26.562305, 41.993518, 41.996318
0.937955, 26.153964, 42.054527, 42.095775
0.921432, 25.066809, 41.539353, 41.536074
0.910634, 24.882894, 41.448243, 41.521466
0.897357, 24.218791, 40.970212, 41.200381
0.898796, 24.604143, 41.169167, 41.378484
0.896677, 24.198678, 40.907089, 41.264158
0.901625, 24.705611, 41.121927, 41.206864
0.895286, 24.182332, 41.023531, 41.236663
0.899891, 24.618533, 41.234598, 41.351005
0.895999, 24.200963, 40.968889, 40.982011
0.901731, 24.767886, 40.964196, 41.021337
0.898043, 24.238134, 40.891208, 40.972155
0.901828, 24.618441, 41.104621, 41.036135
0.897891, 24.160630, 40.780855, 40.854152
0.905802, 24.802813, 40.837124, 40.926174
0.903208, 24.336889, 40.869951, 41.023348
0.908582, 24.667668, 41.151748, 41.134684
0.904631, 24.150557, 40.642573, 40.658723
0.912253, 24.586449, 40.637823, 40.813968
0.903004, 23.593571, 40.698919, 40.907504
0.908659, 24.062030, 40.952358, 41.108361
0.909413, 23.834740, 40.862061, 41.032556
0.918621, 24.728397, 40.833283, 41.124957
0.912979, 23.980773, 40.866429, 41.195190
0.921549, 24.577470, 41.271789, 41.408875
0.918652, 24.179758, 41.070156, 41.180127
0.927889, 25.100085, 41.096535, 41.251398
0.922092, 24.432663, 41.057557, 41.215396
0.929286, 24.958251, 41.363606, 41.446811
0.926078, 24.551289, 41.092060, 41.267751
0.934746, 25.361329, 41.129511, 41.191356
0.928800, 24.608162, 40.993383, 41.224775
0.935107, 25.105901, 41.437550, 41.576018
0.932612, 24.780052, 41.085679, 41.323031
0.941577, 25.558201, 41.283877, 41.272710
0.936415, 24.927224, 41.329228, 41.523614
0.940714, 25.384884, 41.672485, 41.641967
0.937227, 24.989438, 41.581100, 41.579090
0.943344, 25.646069, 41.489756, 41.465530
0.939497, 25.144982, 41.425446, 41.456659
0.943727, 25.600355, 41.781293, 41.761565
0.941586, 25.226927, 41.654767, 41.656868
0.945433, 25.763093, 41.671466, 41.608680
0.940995, 25.173384, 41.608710, 41.640926
0.945449, 25.580172, 41.887392, 41.889855
0.942627, 25.222494, 41.762330, 41.758678
0.946167, 25.677089, 41.681804, 41.613810
0.938923, 24.897323, 41.464949, 41.468729
0.943721, 25.359140, 41.736311, 41.722678
0.940550, 24.979898, 41.579098, 41.604073
0.946095, 25.621908, 41.669269, 41.650144
0.940729, 24.911723, 41.663721, 41.671782
0.945012, 25.450896, 41.891284, 41.914962
0.941670, 24.891822, 41.627146, 41.714978
0.947684, 25.544994, 41.725959, 41.837274
0.944215, 24.939222, 41.700649, 41.701202
0.947276, 25.426425, 41.897283, 41.918662
0.944389, 25.075463, 41.581989, 41.616681
0.949325, 25.748481, 41.658337, 41.821813
0.945802, 25.157057, 41.726084, 41.744221
0.947858, 25.565565, 41.787378, 41.898221
0.943954, 25.103435, 41.423551, 41.502996
0.949452, 25.748790, 41.578890, 41.624723
0.946547, 25.249967, 41.599931, 41.699225
0.949156, 25.747622, 41.793463, 41.838217
0.945752, 25.324532, 41.520318, 41.566037
0.949899, 25.869103, 41.567014, 41.707606
0.945536, 25.275136, 41.594609, 41.691439
0.950396, 25.843902, 41.874799, 42.031864
0.947300, 25.355975, 41.835349, 41.991886
0.951702, 25.988786, 41.815921, 41.960777
0.946924, 25.368307, 41.747458, 41.830296
0.951382, 25.833961, 42.018237, 42.148809
0.948162, 25.391951, 41.815366, 41.975280
0.951605, 26.000208, 41.931007, 42.162705
0.946203, 25.372785, 41.970368, 42.048901
0.950837, 25.852803, 42.245310, 42.309899
0.950382, 25.492380, 41.977254, 42.101283
0.953529, 26.060552, 41.965182, 42.134669
0.950323, 25.580941, 41.913872, 42.023574
0.953844, 26.044297, 42.256900, 42.336749
0.952466, 25.718479, 42.146912, 42.195568
0.954546, 26.222618, 42.202860, 42.266132
0.950761, 25.713177, 42.187147, 42.238704
0.953908, 26.144427, 42.494113, 42.531405
0.951636, 25.567598, 42.263437, 42.218998
0.955564, 26.255839, 42.279008, 42.311162
0.951508, 25.759265, 42.153361, 42.238427
0.954763, 26.218639, 42.489210, 42.515571
0.952653, 25.783254, 42.338159, 42.425400
0.955347, 26.344755, 42.354868, 42.415287
0.952488, 25.830506, 42.129374, 42.255711
0.955321, 26.166266, 42.522582, 42.586096
0.954126, 25.882428, 42.333970, 42.391315
0.956973, 26.435519, 42.378419, 42.390295
0.952542, 25.902894, 42.188293, 42.298393
0.956616, 26.385486, 42.539055, 42.558782
0.955212, 25.905535, 42.432616, 42.381377
0.957566, 26.427731, 42.440455, 42.438924
0.953131, 25.918283, 42.267671, 42.241855
0.956111, 26.414149, 42.596182, 42.615891
0.953762, 26.041477, 42.456680, 42.507198
0.957380, 26.566421, 42.482618, 42.509817
0.954054, 26.021471, 42.269308, 42.351310
0.957261, 26.507325, 42.543051, 42.675993
0.954958, 26.046247, 42.338676, 42.522882
0.956306, 26.474356, 42.391235, 42.573993
0.950878, 25.765678, 42.035369, 42.155632
0.954671, 26.304007, 42.318018, 42.472587
0.952729, 25.932888, 42.175172, 42.207653
0.955489, 26.519076, 42.268033, 42.330855
0.953393, 25.997041, 42.210256, 42.459105
0.956170, 26.453026, 42.427300, 42.599472
0.952848, 25.986399, 42.178296, 42.426682
0.954521, 26.342395, 42.225502, 42.407640
0.950900, 25.792183, 41.877550, 42.167496
0.954204, 26.180130, 42.121207, 42.255248
0.949378, 25.797086, 41.865640, 41.996974
0.953771, 26.480931, 41.911989, 42.056817
0.949646, 26.007052, 41.666328, 41.755885
0.951831, 26.343377, 41.813821, 41.929407
0.948449, 26.015466, 41.578231, 41.770929
0.954304, 26.628891, 41.666115, 41.763823
0.949960, 26.157726, 41.686307, 41.672340
0.952914, 26.663864, 41.887419, 41.924790
0.949188, 26.303201, 41.725416, 41.720308
0.954985, 26.887966, 41.782009, 41.772647
0.950714, 26.415485, 41.694816, 41.949878
0.953131, 26.907850, 42.045460, 42.187343
0.950208, 26.531623, 41.990130, 42.066523
0.954031, 26.961225, 41.951081, 42.069688
0.947813, 26.475324, 41.539328, 41.903924
0.951724, 26.942326, 41.828322, 42.255238
0.948351, 26.561641, 41.381387, 41.833390
0.952183, 27.074563, 41.524401, 42.021122
0.948486, 26.669485, 41.461044, 41.742498
0.951118, 27.051100, 41.581246, 41.905682
0.973931, 29.246153, 42.607909, 43.195055
0.958964, 28.097647, 42.423763, 42.825016
0.952428, 27.415980, 42.206896, 42.438559
0.954975, 27.903403, 42.231647, 42.510902
0.949898, 27.523598, 42.012575, 42.400571
0.953398, 28.278334, 42.423454, 42.884747
0.955131, 28.041230, 41.960755, 42.454256
0.950768, 27.692620, 42.331113, 42.659769
0.950852, 28.065711, 42.520748, 42.860062
0.950111, 27.709473, 42.151287, 42.430830
0.956524, 28.241991, 42.024585, 42.356010
0.951690, 27.965002, 42.444407, 42.744190
0.951715, 28.569123, 42.485525, 42.888860
0.948877, 28.057657, 41.952717, 42.449760
0.955111, 28.699756, 42.018228, 42.361025
0.949130, 27.633754, 41.758170, 42.290354
0.949355, 27.749887, 41.761987, 42.220796
0.953020, 28.369982, 42.351515, 42.842562
0.957641, 28.512042, 41.646416, 42.245986
0.953958, 28.415494, 42.617744, 43.044858
0.952576, 27.912785, 41.896377, 42.439529
0.953865, 28.375977, 42.399135, 42.828245
0.953684, 28.090754, 41.710325, 42.148319
0.945279, 27.424802, 41.822827, 42.258602
0.943517, 27.229334, 41.559294, 42.004220
0.940776, 27.033964, 41.887848, 42.378715
0.952010, 28.032776, 41.968287, 42.491586
0.943507, 27.148744, 41.859453, 42.212803
0.944554, 27.402391, 42.282968, 42.797018
0.940231, 26.547400, 41.843514, 42.316051
0.953421, 27.314832, 41.934169, 42.482181
0.944719, 26.319462, 41.925910, 42.470682
0.948410, 26.787420, 42.353159, 42.808238
0.945863, 26.195047, 42.119233, 42.666025
0.950989, 26.901510, 42.134773, 42.710366
0.944775, 26.152795, 42.178167, 42.786659
0.948283, 26.487169, 42.454323, 42.934626
0.945360, 26.010297, 42.362173, 42.856563
0.948757, 26.496490, 42.315468, 42.802458
0.943178, 25.884215, 42.224142, 42.779511
0.946648, 26.321681, 42.542927, 42.957372
0.944161, 25.909848, 42.455654, 42.883243
0.947030, 26.299705, 42.377386, 42.757582
0.941925, 25.815418, 42.213623, 42.511548
0.944845, 26.188363, 42.597463, 42.752323
0.942066, 25.598155, 42.356314, 42.436064
0.946894, 26.234139, 42.409684, 42.510675
0.941344, 25.714421, 42.361180, 42.563937
0.944752, 26.101676, 42.739847, 42.870795
0.942015, 25.686069, 42.552271, 42.740478
0.946878, 26.243321, 42.474493, 42.668806
0.941690, 25.667004, 42.390199, 42.598423
0.945400, 26.119730, 42.661127, 42.832100
0.943752, 25.704898, 42.538478, 42.730079
0.945973, 26.138413, 42.454476, 42.723773
0.941474, 25.621293, 42.296631, 42.562828
0.945405, 26.114073, 42.685898, 42.803752
0.942726, 25.806312, 42.544530, 42.594907
0.945377, 26.285318, 42.432240, 42.626015
0.938730, 25.700607, 42.218447, 42.396265
0.940981, 26.179056, 42.547385, 42.511807
0.937698, 25.725776, 42.303942, 42.474682
0.942886, 26.380815, 42.408125, 42.562138
0.936563, 25.727306, 42.404845, 42.647352
0.937815, 26.116584, 42.540943, 42.737766
0.933221, 25.556788, 42.175813, 42.336933
0.941534, 26.266640, 42.332844, 42.520458
0.936546, 25.766117, 42.382150, 42.663771
0.940414, 26.241999, 42.463560, 42.775264
0.936987, 25.720312, 42.109935, 42.360606
0.942757, 26.395433, 42.135550, 42.417623
0.938306, 25.859508, 42.169765, 42.403766
0.941176, 26.356255, 42.316515, 42.586028
0.936327, 25.806250, 42.104985, 42.314929
0.940049, 26.304899, 42.061945, 42.389958
0.934121, 25.538025, 42.053662, 42.282556
0.936727, 26.060013, 42.167229, 42.498192
0.934572, 25.693075, 42.032646, 42.305100
0.936929, 26.015561, 42.096127, 42.543603
0.931505, 25.510690, 42.173498, 42.527305
0.935147, 25.977504, 42.303134, 42.654787
0.929135, 25.501559, 42.091118, 42.480057
0.925824, 25.386392, 41.686683, 42.026734
0.979644, 28.631965, 44.025265, 44.432021
0.975986, 28.117250, 44.022951, 44.484032
0.973657, 27.846574, 43.932242, 44.336395
0.973032, 27.831842, 44.123468, 44.575364
0.973559, 27.773508, 43.883206, 44.372644
0.970879, 27.543782, 44.068367, 44.449574
0.971418, 27.619195, 43.990781, 44.346162
0.970166, 27.569792, 44.067783, 44.275299
0.972249, 27.671403, 43.853044, 44.181235
0.969741, 27.497230, 44.181281, 44.376946
0.969445, 27.413006, 43.930508, 44.133819
0.969353, 27.519410, 44.079870, 44.323832
0.970816, 27.535010, 43.787742, 44.023763
0.969853, 27.460592, 44.061567, 44.302733
0.970303, 27.516663, 44.014139, 44.195516
0.969061, 27.379177, 44.085644, 44.311791
0.970775, 27.614009, 43.864096, 44.058075
0.969192, 27.426354, 44.123903, 44.359525
0.970383, 27.582975, 44.017333, 44.242345
0.969677, 27.519717, 44.030944, 44.278047
0.971391, 27.724398, 43.869060, 44.141410
0.970389, 27.522290, 44.089322, 44.378439
0.971004, 27.657296, 44.068552, 44.278924
0.971194, 27.748631, 44.179452, 44.342568
0.971533, 27.791258, 43.937988, 44.094736
0.969808, 27.541692, 44.133270, 44.309546
0.970687, 27.604111, 44.054601, 44.204094
0.970201, 27.524936, 44.047366, 44.381475
0.971923, 27.803644, 44.015746, 44.345082
0.970991, 27.605455, 44.151230, 44.318101
0.970479, 27.592676, 43.999429, 44.139605
0.968995, 27.382861, 44.056924, 44.273244
0.971989, 27.849843, 43.944461, 44.201606
0.969160, 27.365748, 44.016324, 44.283912
0.970139, 27.468805, 43.891628, 44.073778
0.970307, 27.450819, 43.982114, 44.255515
0.972045, 27.719518, 43.861718, 44.215243
0.970936, 27.539141, 44.057020, 44.295330
0.971413, 27.634627, 44.024979, 44.273197
0.971942, 27.698919, 44.176501, 44.483389
0.972927, 27.840612, 43.974927, 44.321848
0.971719, 27.589140, 44.198762, 44.484838
0.971522, 27.558232, 44.027997, 44.305662
0.972106, 27.708706, 44.179877, 44.423078
0.972745, 27.788794, 43.924872, 44.166827
0.970949, 27.522891, 44.204330, 44.519479
0.971058, 27.505319, 44.061508, 44.353305
0.971875, 27.601205, 44.169514, 44.532795
0.972435, 27.690617, 43.948150, 44.273570
0.972052, 27.657646, 44.189861, 44.547489
0.971714, 27.596270, 43.967570, 44.372818
0.971436, 27.519082, 44.019241, 44.372509
0.971866, 27.631224, 43.812923, 44.163643
0.970147, 27.352773, 43.976317, 44.395099
0.970908, 27.455558, 44.044297, 44.393361
0.969978, 27.362100, 44.038497, 44.474908
0.970805, 27.446548, 43.923777, 44.393313
0.968449, 27.118533, 44.026524, 44.450002
0.968662, 27.142919, 43.912287, 44.225937
0.966979, 26.930518, 43.972683, 44.291817
0.966030, 26.779265, 43.654608, 43.924700
0.964426, 26.578095, 43.588285, 43.906582
