ms-ssim, psnr-y, psnr-u, psnr-v
0.996494, 41.330203, 48.637151, 49.795655
0.994947, 40.292602, 48.141241, 48.801706
0.995086, 40.428506, 48.280711, 48.641725
0.995083, 40.505042, 48.502499, 48.736274
0.996096, 40.939851, 48.588049, 48.874923
0.995300, 40.540500, 48.507811, 48.846447
0.995181, 40.512687, 48.669893, 49.144310
0.996292, 41.230975, 48.654471, 49.586807
0.995420, 40.836329, 48.790049, 49.622568
0.995391, 40.875354, 48.749057, 49.727181
0.995533, 40.843475, 48.358969, 49.692373
0.996032, 41.203406, 48.592948, 49.470629
0.994382, 40.409177, 47.835960, 48.853399
0.993844, 39.970271, 47.255501, 48.409012
0.992343, 39.146894, 46.915879, 48.092998
0.992353, 39.071416, 46.001197, 47.626215
0.992411, 38.918318, 46.446879, 47.568534
0.995359, 40.221678, 46.859762, 48.227824
0.993849, 39.462363, 46.863875, 47.971331
0.993742, 39.592756, 46.955917, 48.053852
0.993635, 39.500030, 46.978025, 47.916207
0.995283, 40.182377, 46.983195, 48.127034
0.993676, 39.415121, 47.159907, 47.872423
0.994479, 39.813610, 47.107862, 47.767134
0.994324, 39.663806, 47.205146, 47.838931
0.995691, 40.324514, 47.185807, 48.111775
0.994588, 39.746731, 47.102842, 47.953150
0.994602, 39.677454, 47.257268, 47.784082
0.994086, 39.310741, 47.010253, 48.037686
0.995320, 39.841481, 47.064349, 48.106083
0.994021, 38.864907, 46.475182, 47.681424
0.994207, 38.802711, 46.507490, 47.751495
0.993677, 38.514013, 46.484020, 47.443103
0.994995, 39.145294, 46.386705, 47.579680
0.993431, 38.060618, 46.484339, 47.377086
0.993547, 37.629333, 45.961284, 47.302768
0.992530, 37.038405, 45.846053, 46.974582
0.993893, 37.436536, 45.742765, 47.110877
0.992737, 36.874294, 45.834099, 47.076533
0.992286, 36.667236, 46.053573, 46.843852
0.993519, 37.209304, 45.899799, 46.778583
0.993419, 37.190799, 46.076407, 46.926400
0.993265, 36.926179, 45.734288, 47.224640
0.993556, 36.618153, 45.739172, 47.097294
0.993395, 36.365420, 45.817300, 47.126957
0.991860, 35.573919, 45.470877, 46.672491
0.992537, 35.686035, 45.320066, 46.444636
0.991902, 35.545150, 45.308810, 46.390990
0.992986, 35.932140, 45.095993, 46.589147
0.990827, 35.365933, 45.062934, 46.356689
0.996039, 40.424931, 46.669039, 48.040466
0.993425, 38.926390, 46.244691, 47.737924
0.992827, 37.732290, 45.693406, 47.317607
0.994920, 38.667834, 45.704324, 47.389824
0.990316, 36.758142, 45.367693, 47.194065
0.990745, 37.501107, 45.945831, 47.626592
0.992801, 38.303618, 46.410880, 48.143068
0.994829, 39.375162, 46.537396, 48.091695
0.993259, 38.875297, 46.723833, 48.154558
0.993594, 38.993247, 46.565085, 48.184489
0.993246, 38.873473, 46.561777, 48.220939
0.993121, 38.873617, 46.320561, 48.041255
0.987080, 36.455324, 45.821805, 47.602360
0.989622, 36.611526, 45.511678, 47.297378
0.989390, 36.590554, 45.656068, 47.509477
0.993534, 38.551159, 45.942808, 47.505329
0.993252, 38.417438, 46.013308, 47.514255
0.993171, 38.280690, 45.841522, 47.370785
0.993300, 38.319639, 45.853170, 47.473667
0.992890, 38.074283, 45.907792, 47.372635
0.992535, 38.088953, 45.847756, 47.345954
0.991934, 38.264257, 46.683561, 48.015799
0.992852, 38.841226, 46.095170, 47.481360
0.993962, 39.299368, 45.876233, 47.242840
0.992857, 39.318926, 46.458426, 47.278913
0.992451, 38.997168, 46.411023, 47.160381
0.995577, 40.332601, 46.868309, 47.956853
0.994139, 39.886869, 46.811517, 47.938611
0.993443, 39.828392, 47.086384, 47.892755
0.993928, 39.950601, 46.950779, 47.854491
0.994919, 40.246587, 46.964656, 48.060644
0.994233, 39.999555, 47.075236, 47.946808
0.994118, 39.955431, 47.263199, 48.095729
0.995720, 40.309068, 47.295839, 48.117855
0.994977, 40.014589, 47.188774, 48.147575
0.994957, 39.984016, 47.234282, 48.306229
0.994969, 39.762022, 47.050514, 48.131609
0.995283, 40.361152, 47.198508, 48.181701
0.994688, 41.345054, 47.606640, 48.524483
0.994296, 42.551971, 48.001995, 48.520911
0.994325, 44.056271, 47.969085, 48.643155
0.994579, 44.166665, 47.905290, 48.250853
0.996388, 44.558722, 48.213331, 49.095298
0.994938, 43.313447, 47.922585, 48.648452
0.994244, 42.939155, 47.757324, 48.643775
0.994960, 42.929728, 47.105987, 48.115321
0.993404, 41.445813, 46.683136, 47.791915
0.993461, 41.558763, 46.771636, 47.734944
0.993031, 41.593951, 46.675703, 47.854690
0.995223, 43.941541, 47.314902, 48.345768
0.994395, 43.775619, 47.343514, 48.465494
0.994425, 44.200706, 47.782244, 48.512945
0.994546, 44.210867, 47.957871, 48.770118
0.995412, 44.830622, 47.754059, 48.530147
0.995284, 44.205011, 47.724627, 48.575637
0.993039, 41.297335, 47.126991, 47.859425
0.994176, 42.640474, 47.076001, 47.879096
0.993351, 42.224990, 47.651037, 48.304861
0.995002, 43.987232, 47.517050, 48.281194
0.995959, 39.784222, 46.797403, 48.591110
0.993972, 38.144887, 46.664169, 48.131906
0.993817, 38.183031, 46.396672, 48.010561
0.993477, 38.278035, 46.464052, 47.998993
0.994359, 38.687933, 46.255684, 47.854253
0.993246, 38.022145, 46.001327, 47.037151
0.993502, 37.985059, 45.874241, 46.974062
0.993152, 37.863098, 45.872880, 46.961159
0.993908, 38.085007, 45.499314, 46.865680
0.992912, 37.748809, 45.561371, 46.845806
0.992867, 37.655530, 45.621260, 46.667526
0.992658, 37.693013, 45.672254, 46.681861
0.993435, 37.915519, 45.316584, 46.701546
0.992320, 37.533663, 45.500031, 46.897178
0.992314, 37.311106, 45.160694, 46.636143
0.991528, 36.979486, 44.903186, 46.539481
0.991870, 36.888213, 44.740224, 46.383615
0.990740, 36.449176, 44.698263, 46.476485
0.990108, 35.940886, 44.434087, 46.292135
0.997049, 45.932220, 48.764083, 49.402511
0.995251, 43.984825, 48.483015, 48.873666
0.994675, 43.645389, 48.210956, 48.505177
0.992778, 41.371737, 47.666051, 47.904687
0.993155, 40.974476, 46.780477, 47.393541
0.991897, 40.095187, 46.842529, 47.395580
0.992374, 40.576794, 46.475964, 47.194612
0.992259, 40.438594, 46.491654, 47.338709
0.993101, 41.322488, 46.582793, 47.218075
0.992489, 41.057022, 46.677279, 47.199636
0.992439, 41.130048, 46.786661, 47.296433
0.992146, 40.950289, 46.590247, 47.049952
0.990753, 40.565994, 46.456235, 47.034121
0.997566, 47.551923, 50.116421, 50.699220
0.995757, 44.677525, 49.025482, 49.296195
0.995321, 44.380676, 48.667207, 48.791875
0.995058, 44.362331, 48.384907, 48.452285
0.995822, 45.131016, 48.610613, 48.656145
0.994590, 44.062187, 48.334783, 48.333229
0.994424, 43.806909, 48.023110, 48.038267
0.994170, 43.554165, 47.692213, 47.962842
0.995388, 44.449138, 47.582780, 47.942424
0.994007, 43.356484, 47.274945, 47.667308
0.994162, 43.463269, 47.367087, 47.677528
0.993810, 43.057982, 47.299792, 47.724666
0.995098, 43.735535, 47.396904, 47.903400
0.993908, 42.204086, 47.105954, 47.545400
0.994957, 42.905829, 47.291959, 47.866836
0.995136, 42.645223, 47.329466, 48.116377
0.994598, 42.410352, 47.595236, 48.140816
0.994535, 42.824308, 48.113674, 48.457765
0.995582, 43.563841, 47.857634, 48.358790
0.995755, 42.285287, 47.360374, 48.302436
0.993579, 41.313966, 47.361617, 48.149916
0.993868, 41.568923, 47.306271, 47.873262
0.993499, 41.526629, 47.348501, 47.788741
0.994091, 41.658014, 47.353282, 47.862571
0.993582, 41.605938, 47.184239, 47.662664
0.993665, 41.601533, 47.274109, 47.752854
0.992989, 41.152627, 47.191880, 47.548697
0.993361, 41.059017, 46.961482, 47.543141
0.992358, 40.683855, 46.895966, 47.393541
0.992270, 40.661737, 46.695604, 47.160110
0.991620, 40.078782, 46.417788, 47.034121
0.997166, 45.548982, 48.684359, 49.347149
0.994961, 43.260405, 48.340784, 48.856152
0.994392, 42.629207, 47.869868, 48.478054
0.994334, 42.567964, 47.564923, 48.328170
0.995312, 43.128633, 47.675658, 48.333185
0.995406, 43.087148, 47.687198, 48.253424
0.994157, 42.067435, 47.387502, 48.234546
0.994423, 42.215021, 47.591791, 48.333140
0.994413, 42.161610, 47.721888, 48.437798
0.994687, 42.341175, 47.546585, 48.198068
0.994116, 42.040664, 47.317783, 48.168429
0.993975, 41.791497, 47.522941, 48.113843
0.996913, 44.721957, 48.494519, 49.222067
0.995311, 42.980952, 48.052395, 48.757322
0.995782, 43.531958, 47.978895, 48.630062
0.994384, 42.272169, 47.677032, 48.293495
0.994705, 42.799403, 47.827297, 48.368940
0.994253, 42.411806, 47.791444, 48.384278
0.994785, 42.849774, 47.615852, 48.194110
0.993839, 42.392130, 47.857156, 48.489454
0.994436, 42.690965, 47.688002, 48.376602
0.992973, 41.810342, 47.640614, 48.154260
0.993451, 42.419817, 47.735796, 48.212381
0.993591, 42.246138, 47.463298, 48.112155
0.996582, 40.208524, 46.497877, 47.898014
0.994612, 38.517784, 46.235560, 47.378476
0.994327, 38.131512, 45.985291, 47.258863
0.993899, 37.912781, 45.495755, 46.937623
0.994588, 38.159927, 45.395280, 46.954075
0.993678, 37.686682, 45.541272, 47.116912
0.993944, 37.587303, 45.132620, 46.793944
0.993999, 38.207895, 45.243320, 47.161839
0.993118, 37.958114, 45.204284, 46.969811
0.993245, 37.816672, 45.108612, 46.815961
0.992317, 37.360337, 44.910044, 46.737372
0.991495, 36.726307, 44.698648, 46.484745
0.996657, 43.611680, 48.398587, 49.090379
0.995253, 42.395808, 48.172706, 48.884743
0.994813, 41.935307, 47.660572, 48.431889
0.994291, 41.489649, 47.480229, 48.354460
0.994494, 41.310860, 47.296853, 48.307156
0.993931, 41.173986, 46.944002, 48.021085
0.993553, 41.099848, 47.026556, 47.843649
0.992680, 40.847082, 46.688484, 47.498179
0.991647, 40.128907, 46.793383, 47.305360
0.997570, 48.816395, 51.099350, 51.661760
0.995609, 46.386982, 50.026582, 50.476942
0.995414, 45.886205, 49.202008, 50.047286
0.996184, 46.922789, 49.462963, 50.144427
0.995337, 45.913441, 49.320315, 49.784354
0.995216, 45.497679, 48.880661, 49.439013
0.995943, 46.206043, 48.958002, 49.551750
0.995971, 46.281221, 49.338242, 49.839273
0.995345, 45.553908, 49.325613, 49.746258
0.995113, 45.178975, 49.003666, 49.640709
0.996330, 46.270653, 49.393830, 50.112206
0.995419, 45.074345, 49.298357, 50.027893
0.995731, 45.300553, 49.053955, 49.804431
0.995350, 44.806434, 48.987170, 49.949823
0.996181, 45.440354, 48.923582, 50.076174
0.995382, 44.687232, 48.705447, 49.794101
0.995179, 44.536452, 49.005014, 49.795655
0.995077, 44.132763, 48.657437, 49.655674
0.996032, 45.126181, 48.811113, 49.747364
0.995543, 44.726497, 49.063663, 50.059691
0.995326, 44.609011, 48.796466, 49.943900
0.995266, 44.601963, 49.002630, 50.033998
0.995847, 45.028201, 48.738125, 49.833122
0.995781, 45.058096, 48.800321, 49.909871
0.995538, 44.834236, 48.582120, 49.809855
0.995492, 44.854817, 48.823671, 49.887586
0.995303, 44.495891, 48.919769, 49.957883
0.995461, 44.543482, 48.932391, 50.015710
0.994987, 44.185730, 48.975881, 50.007738
0.994916, 44.008101, 48.964005, 49.949243
0.994584, 43.585278, 48.893978, 49.954141
0.996995, 46.803775, 49.199623, 49.864594
0.995925, 45.586397, 49.029911, 49.581773
