ms-ssim, psnr-y, psnr-u, psnr-v
0.996629, 40.029687, 45.676705, 45.192346
0.996170, 39.636162, 45.656058, 45.144850
0.996135, 39.574298, 45.486807, 45.093932
0.995885, 39.415467, 45.540667, 45.117790
0.995968, 39.499662, 45.512642, 45.123143
0.995879, 39.484042, 45.486848, 45.083341
0.995827, 39.377420, 45.294494, 45.010250
0.995962, 39.503376, 45.356980, 44.990668
0.995840, 39.359663, 45.235758, 44.927357
0.996047, 39.553302, 45.268828, 44.943614
0.996163, 39.581139, 45.327581, 44.944012
0.995624, 39.218922, 45.270389, 44.916517
0.995225, 38.967887, 45.093220, 44.817867
0.995227, 38.943703, 45.137350, 44.836083
0.995217, 38.939618, 45.094681, 44.794092
0.995184, 39.004358, 45.060377, 44.824341
0.994996, 38.823678, 44.984708, 44.743196
0.995065, 38.855919, 44.989972, 44.758395
0.995054, 38.962016, 45.066032, 44.712304
0.995429, 39.205281, 45.127975, 44.777862
0.995674, 39.330408, 45.227636, 44.814176
0.995792, 39.350633, 45.260878, 44.845698
0.996072, 39.563604, 45.199327, 44.798116
0.996446, 39.892799, 45.517307, 45.101695
0.996576, 40.001525, 45.656484, 45.234945
0.996671, 40.079109, 45.617126, 45.254886
0.996919, 40.293845, 45.693105, 45.331379
0.997144, 40.627535, 45.928633, 45.727262
0.997419, 40.811039, 46.137748, 45.812543
0.997529, 40.964120, 46.258731, 45.936860
0.997701, 41.079059, 46.306568, 45.972262
0.997724, 41.250052, 46.489290, 46.176853
0.997809, 41.273892, 46.535048, 46.221750
0.997841, 41.297948, 46.531030, 46.233036
0.997942, 41.361007, 46.534891, 46.278373
0.997930, 41.305040, 46.596784, 46.331806
0.997936, 41.393269, 46.561391, 46.326628
0.997875, 41.345489, 46.657476, 46.418162
0.998082, 41.547998, 46.810075, 46.505751
0.997958, 41.376111, 46.681874, 46.487068
0.997986, 41.434730, 46.717177, 46.498392
0.997926, 41.356833, 46.647016, 46.445287
0.997980, 41.382344, 46.632788, 46.405727
0.997920, 41.310999, 46.601659, 46.351332
0.997916, 41.313842, 46.632788, 46.348681
0.997877, 41.289222, 46.608026, 46.383434
0.997869, 41.293276, 46.648570, 46.390044
0.997777, 41.224252, 46.598797, 46.330710
0.997773, 41.210819, 46.530091, 46.246793
0.997717, 41.083603, 46.484642, 46.235325
0.998272, 43.587848, 46.934499, 47.558978
0.997711, 42.984634, 46.737261, 46.938222
0.997799, 43.034083, 46.400257, 46.753264
0.997505, 42.659121, 46.512914, 46.648088
0.998027, 43.261993, 46.677825, 46.954351
0.997495, 42.744196, 46.637597, 46.625798
0.997754, 43.090534, 46.450916, 46.737917
0.997473, 42.932609, 46.502536, 46.792865
0.997973, 43.424227, 46.739997, 47.068316
0.997550, 42.948916, 46.581611, 46.846609
0.997674, 42.934381, 46.293954, 46.603303
0.997324, 42.836531, 46.407096, 46.727371
0.997879, 43.381701, 46.710974, 47.147371
0.997089, 42.338472, 46.008049, 46.476856
0.997342, 42.458548, 45.808477, 46.412828
0.996820, 42.217215, 45.850866, 46.332454
0.997475, 42.796449, 46.046091, 46.605001
0.996597, 42.159491, 45.743244, 46.261672
0.997010, 42.346999, 45.587765, 46.039984
0.996491, 42.231942, 45.872284, 46.357543
0.997393, 42.874322, 46.051927, 46.415926
0.996602, 42.230702, 45.508642, 46.143756
0.996747, 42.370501, 45.491896, 46.076664
0.996501, 42.206231, 45.085248, 45.840441
0.997299, 42.642342, 45.960170, 46.512083
0.996431, 42.050407, 45.443911, 46.320908
0.996568, 42.221970, 45.350496, 46.145140
0.996657, 42.067751, 45.407391, 46.278275
0.996948, 42.363212, 45.702578, 46.442781
0.996565, 41.965087, 45.149136, 45.989589
0.996442, 41.900897, 45.240057, 45.930677
0.996411, 41.708237, 45.061716, 45.878160
0.996664, 41.873415, 45.159965, 45.888945
0.995934, 41.479360, 44.777270, 45.660794
0.995846, 41.501316, 44.583285, 45.378770
0.995531, 41.058696, 44.398458, 45.223812
0.996353, 41.428011, 44.832130, 45.442246
0.995177, 40.929340, 44.267053, 45.062385
0.995804, 41.199651, 44.379441, 45.099856
0.994897, 40.862580, 44.289535, 45.119147
0.996055, 41.254601, 44.504389, 45.316011
0.995244, 40.795853, 44.312260, 45.132131
0.995744, 41.086074, 44.252273, 44.914000
0.995241, 40.740859, 44.262688, 45.065771
0.996448, 41.356267, 44.469267, 45.062199
0.995361, 40.890446, 44.398394, 45.088502
0.995876, 41.031784, 44.269221, 44.976020
0.995345, 40.766624, 44.116619, 44.832483
0.996369, 41.283538, 44.652017, 45.333833
0.995365, 40.891471, 44.559565, 45.416341
0.995556, 40.965992, 44.507334, 45.326751
0.995581, 40.819654, 44.558306, 45.491075
0.996362, 41.056514, 44.526855, 45.352683
0.995764, 40.780029, 44.507039, 45.469655
0.996149, 40.917991, 44.585551, 45.356622
0.995626, 40.552311, 44.431273, 45.408398
0.996204, 40.965199, 44.379949, 45.298223
0.995808, 40.605384, 44.227525, 45.170516
0.996083, 40.700268, 44.117247, 45.120051
0.995716, 40.486918, 43.898174, 44.884157
0.995709, 40.602276, 43.700701, 44.650359
0.995508, 40.022839, 43.629543, 44.579156
0.996058, 40.366393, 43.823538, 44.706028
0.995481, 39.867831, 43.751152, 44.558770
0.995902, 40.057298, 43.474213, 44.305755
0.995284, 39.563205, 43.442896, 44.249526
0.995122, 39.423100, 43.211499, 44.121259
0.996026, 39.965433, 43.550435, 44.266340
0.994994, 39.229037, 43.191627, 43.978258
0.995150, 39.301163, 43.210479, 44.027602
0.995064, 39.212860, 43.038638, 43.758199
0.995364, 39.262590, 43.049389, 43.667633
0.994544, 38.848733, 42.874553, 43.629222
0.994339, 38.492876, 42.883981, 43.620592
0.998217, 42.551833, 48.403537, 48.018198
0.997441, 41.784995, 48.176737, 47.772616
0.997230, 41.638178, 47.898565, 47.340499
0.997040, 41.397918, 47.694930, 47.231017
0.997345, 41.541358, 47.326819, 47.041362
0.997004, 41.268034, 47.323812, 46.960336
0.996685, 40.916347, 47.064834, 46.660592
0.997095, 41.249472, 47.034913, 46.746022
0.996924, 41.151222, 46.926550, 46.633055
0.996863, 41.098629, 46.802461, 46.582138
0.996843, 41.057176, 46.715381, 46.419992
0.996787, 40.989453, 46.759417, 46.419179
0.996677, 40.912651, 46.634978, 46.300825
0.996757, 40.922186, 46.731903, 46.385703
0.996816, 40.890525, 46.497150, 46.174353
0.996896, 40.997689, 46.615094, 46.289955
0.996712, 40.918095, 46.639950, 46.148052
0.996783, 41.012446, 46.659464, 46.186479
0.997047, 41.160339, 46.640484, 46.119299
0.996921, 41.095017, 46.849752, 46.282263
0.997186, 41.210520, 46.728736, 46.232792
0.997080, 41.114697, 46.821215, 46.327772
0.997023, 41.042240, 46.665271, 46.231818
0.996972, 40.882522, 46.764754, 46.244155
0.997216, 41.002013, 46.814361, 46.310682
0.997183, 40.912701, 46.825344, 46.438285
0.997102, 40.848034, 46.769932, 46.341533
0.997213, 41.112647, 46.838538, 46.390599
0.997213, 41.094629, 46.806461, 46.391256
0.997196, 41.097420, 46.722734, 46.263143
0.997255, 41.103376, 46.776937, 46.298501
0.997212, 41.052733, 46.762112, 46.253443
0.997273, 41.158400, 46.660969, 46.142992
0.997288, 41.160865, 46.657637, 46.197818
0.997230, 41.123913, 46.628571, 46.154744
0.997181, 41.061656, 46.532073, 46.053936
0.997242, 41.165920, 46.665809, 46.153118
0.997256, 41.136906, 46.736222, 46.273307
0.997085, 41.002166, 46.605585, 46.157711
0.997073, 40.976643, 46.540273, 46.164034
0.997240, 41.082037, 46.586310, 46.159003
0.997055, 40.966654, 46.565912, 46.242202
0.997272, 41.178458, 46.556666, 46.209865
0.997214, 41.218833, 46.542155, 46.230455
0.997214, 41.238983, 46.555827, 46.247770
0.997269, 41.287833, 46.536145, 46.168063
0.997305, 41.325123, 46.454913, 46.106365
0.996995, 40.985269, 46.242739, 45.980802
0.997352, 41.316004, 46.414707, 46.139320
0.997138, 41.193088, 46.441555, 46.179402
0.997032, 41.056995, 46.429104, 46.170031
0.997390, 41.373824, 46.610470, 46.353786
0.997239, 41.293225, 46.557926, 46.364014
0.997462, 41.334305, 46.553362, 46.280540
0.997524, 41.339199, 46.582297, 46.297462
0.997585, 41.319884, 46.387217, 46.098519
0.997377, 41.096979, 46.306271, 46.030397
0.997391, 41.105683, 46.415063, 46.136414
0.997597, 41.277979, 46.283988, 46.047305
0.997486, 41.132761, 46.322151, 46.031327
0.997436, 41.187090, 46.287094, 46.026169
0.997356, 41.039960, 46.270948, 45.984296
0.997455, 41.186641, 46.368032, 46.079954
0.997427, 41.191398, 46.441912, 46.091913
0.997416, 41.202636, 46.389741, 46.043107
0.997397, 41.164855, 46.328818, 46.087390
0.997328, 41.137460, 46.369589, 46.043060
0.997328, 41.137979, 46.290004, 46.130796
0.997369, 41.168067, 46.349381, 46.227827
0.997216, 41.172500, 46.495339, 46.251779
0.997498, 41.488029, 46.623292, 46.303993
0.997338, 41.493516, 46.726443, 46.341434
0.997638, 41.729739, 46.867697, 46.434967
0.997651, 41.799891, 46.903015, 46.506114
0.997704, 41.845220, 46.908702, 46.509590
0.997731, 41.892503, 46.958954, 46.587209
0.997783, 41.991652, 46.997522, 46.583089
0.997748, 41.920863, 46.937592, 46.619245
0.997628, 41.775822, 46.880625, 46.554620
0.997686, 41.811234, 46.901254, 46.511459
0.997743, 41.858297, 46.919356, 46.524670
0.997697, 41.815930, 46.890757, 46.481959
0.997754, 41.864398, 46.978687, 46.572490
0.997727, 41.829501, 46.947915, 46.561339
0.997715, 41.847229, 46.917816, 46.616797
0.997745, 41.878005, 46.992588, 46.595460
0.997679, 41.863943, 47.051817, 46.605054
0.997660, 41.864785, 47.003044, 46.551055
0.997641, 41.846759, 46.942980, 46.594507
0.997509, 41.692500, 46.764864, 46.432519
0.997409, 41.629133, 46.739942, 46.376028
0.997266, 41.463950, 46.695722, 46.396108
0.997570, 41.627134, 46.837867, 46.619351
0.997331, 41.395259, 46.748928, 46.431856
0.997433, 41.341161, 46.601553, 46.395552
0.997288, 41.266156, 46.600281, 46.439409
0.997606, 41.538994, 46.856493, 46.561969
0.997365, 41.392055, 46.835852, 46.373612
0.997245, 41.338090, 46.697836, 46.317728
0.997274, 41.353356, 46.830483, 46.449329
0.997597, 41.572519, 47.005021, 46.565386
0.997440, 41.421262, 46.992066, 46.666401
0.997661, 41.519664, 46.862007, 46.466359
0.997683, 41.502537, 46.745858, 46.375222
0.997699, 41.496056, 46.738027, 46.404004
0.997667, 41.451501, 46.684791, 46.463430
0.997679, 41.462728, 46.641019, 46.388378
0.997551, 41.328641, 46.668123, 46.422586
0.997490, 41.320159, 46.723770, 46.455118
0.997664, 41.407091, 46.761782, 46.414504
0.997668, 41.400575, 46.783732, 46.432315
0.997554, 41.352663, 46.726607, 46.499894
0.997465, 41.218461, 46.723007, 46.470215
0.997387, 41.127083, 46.612702, 46.309541
0.997285, 40.998137, 46.566280, 46.290202
0.997150, 40.886285, 46.536510, 46.187925
