ms-ssim, psnr-y, psnr-u, psnr-v
0.991687, 41.357578, 47.968670, 47.249073
0.991382, 41.216777, 48.014013, 47.283862
0.991375, 41.279418, 48.016876, 47.249320
0.991348, 41.238208, 48.101198, 47.274690
0.991035, 40.826952, 48.034392, 47.175659
0.991020, 40.924251, 48.078641, 47.237334
0.995680, 38.281286, 45.654608, 45.715961
0.994820, 37.483642, 45.788558, 45.835061
0.994398, 37.356479, 45.887371, 45.882875
0.994328, 37.319413, 45.444520, 45.471984
0.993839, 37.095923, 45.575524, 45.567786
0.993211, 36.773648, 44.649547, 44.867801
0.992955, 36.717323, 44.591454, 44.748868
0.992457, 36.433827, 44.459640, 44.514509
0.991810, 36.127765, 44.795141, 44.797941
0.992625, 36.549606, 44.239112, 44.404368
0.992731, 36.616528, 44.412976, 44.571974
0.992524, 36.705667, 44.311478, 44.409774
0.992706, 36.673342, 44.661402, 44.743715
0.992292, 36.334409, 44.510936, 44.629973
0.992462, 36.669224, 44.405327, 44.453007
0.992212, 36.445669, 44.321660, 44.406990
0.991904, 36.395374, 44.588852, 44.688553
0.992998, 36.973123, 44.376549, 44.716871
0.993024, 37.038728, 44.634218, 44.912813
0.993269, 37.147278, 44.498439, 44.799096
0.993559, 37.373324, 44.757806, 44.938261
0.993748, 37.480746, 44.844035, 45.058816
0.993452, 37.445780, 44.969607, 45.122766
0.993296, 37.672749, 44.767179, 45.005475
0.993607, 37.696597, 44.964549, 45.150806
0.993528, 37.546735, 44.908790, 45.118431
0.994059, 37.687453, 45.054209, 45.319523
0.993943, 37.342877, 45.152781, 45.531540
0.995182, 38.106079, 45.137464, 45.662032
0.994909, 37.721309, 45.357975, 45.738591
0.995142, 37.719577, 45.155174, 45.382853
0.995052, 37.354983, 45.076282, 45.334110
0.995751, 37.869063, 45.344657, 45.625418
0.995186, 37.242707, 45.468184, 45.715875
0.995678, 37.591858, 45.416583, 45.635932
0.995487, 37.191816, 45.004373, 45.202476
0.996199, 38.013402, 45.380291, 45.650645
0.995554, 37.107012, 45.109622, 45.477097
0.995921, 37.586640, 45.286888, 45.628637
0.995600, 36.941722, 44.788047, 45.116547
0.996081, 37.423476, 45.040531, 45.395607
0.995475, 36.667932, 45.108269, 45.454198
0.995774, 37.061174, 45.143713, 45.246495
0.995718, 36.434534, 44.786231, 44.963421
0.996077, 37.062254, 45.080651, 45.186983
0.995314, 35.915466, 45.010985, 45.246534
0.995828, 36.799278, 45.392114, 45.372813
0.995429, 35.809110, 45.058184, 45.059856
0.996060, 36.557750, 45.217138, 45.278983
0.995830, 35.943622, 45.153464, 45.260255
0.996173, 36.584982, 45.173453, 45.167047
0.995728, 35.815239, 45.071210, 45.243779
0.995791, 35.889252, 44.749872, 44.869615
0.995809, 36.007191, 44.951548, 45.015914
0.996148, 36.369040, 45.121409, 45.137994
0.995917, 36.029598, 44.971464, 45.023096
0.995951, 36.151728, 45.149667, 45.225241
0.995773, 36.178223, 45.175514, 45.433729
0.996231, 36.459554, 45.222345, 45.381211
0.995829, 36.067220, 45.294572, 45.446227
0.995902, 36.192660, 45.132357, 45.376170
0.995812, 36.149982, 45.092546, 45.299991
0.996094, 36.416637, 45.336408, 45.575817
0.995918, 36.196566, 45.397696, 45.521357
0.995911, 36.284022, 45.367981, 45.641454
0.995834, 36.219492, 45.045308, 45.393117
0.996065, 36.441106, 45.292572, 45.590747
0.995960, 36.249219, 45.403365, 45.652136
0.995794, 36.246385, 45.451146, 45.723578
0.995962, 36.348767, 45.438918, 45.687517
0.996213, 36.597964, 45.540002, 45.777931
0.995990, 36.377192, 45.543367, 45.762607
0.996004, 36.453508, 45.584828, 45.842978
0.996116, 36.512681, 45.408599, 45.779817
0.996435, 36.814944, 45.601389, 46.023941
0.996151, 36.554632, 45.554351, 45.783461
0.996156, 36.662298, 45.625333, 45.976209
0.996203, 36.712948, 45.652008, 46.108968
0.996472, 36.917250, 45.665023, 46.164418
0.996406, 36.813143, 45.691471, 46.182000
0.996277, 36.828554, 45.696849, 46.210155
0.996414, 36.966710, 45.832795, 46.298254
0.996539, 37.074533, 45.800137, 46.372757
0.996403, 36.805530, 45.954731, 46.494977
0.996426, 36.819165, 45.772364, 46.270211
0.996620, 37.019895, 45.785965, 46.248356
0.996793, 37.212376, 45.939363, 46.400257
0.996751, 37.121635, 45.910055, 46.478247
0.996664, 37.105246, 45.940091, 46.510940
0.996706, 37.146587, 45.969970, 46.597314
0.996812, 37.264607, 46.019951, 46.642143
0.996703, 37.099344, 46.105608, 46.658497
0.996725, 37.102661, 46.181519, 46.704291
0.996699, 37.136331, 46.175939, 46.816422
0.996899, 37.317040, 46.165089, 46.809630
0.996781, 37.209965, 46.185997, 46.815697
0.996749, 37.188319, 46.057022, 46.783788
0.996802, 37.178930, 46.038819, 46.843917
0.997061, 37.417378, 46.070420, 46.891550
0.996975, 37.199379, 45.854212, 46.686305
0.997030, 37.263709, 46.038074, 46.892684
0.997007, 37.296183, 46.123476, 46.989746
0.997194, 37.460919, 46.092432, 46.925921
0.997068, 37.318303, 46.031653, 46.821829
0.997073, 37.340628, 46.150680, 46.900799
0.997070, 37.329064, 46.214567, 47.029877
0.997287, 37.522363, 46.252660, 47.099599
0.997209, 37.413532, 46.312318, 47.102276
0.997225, 37.448328, 46.426760, 47.229791
0.997119, 37.363897, 46.284382, 47.088613
0.997342, 37.586615, 46.259662, 47.126500
0.997198, 37.416224, 46.191590, 47.042594
0.997290, 37.504156, 46.290350, 47.208521
0.997315, 37.541950, 46.309046, 47.245505
0.997379, 37.636407, 46.190288, 47.120342
0.997209, 37.434164, 46.166672, 46.990906
0.997211, 37.468365, 46.279309, 47.177596
0.997264, 37.525276, 46.396867, 47.305069
0.997421, 37.671534, 46.350532, 47.239790
0.997231, 37.515096, 46.329017, 47.215966
0.997207, 37.517897, 46.392873, 47.285724
0.997171, 37.526403, 46.409885, 47.231998
0.997250, 37.568521, 46.462454, 47.393111
0.997051, 37.390052, 46.490736, 47.439225
0.997095, 37.441860, 46.491822, 47.414796
0.997207, 37.501201, 46.463738, 47.322873
0.997325, 37.664399, 46.474075, 47.415883
0.997088, 37.506425, 46.555407, 47.425423
0.997208, 37.585069, 46.691769, 47.714478
0.997166, 37.476165, 46.186624, 47.367990
0.997463, 37.718478, 46.439971, 47.549207
0.997255, 37.554663, 46.418264, 47.494747
0.997216, 37.556082, 46.535936, 47.562020
0.997245, 37.620999, 46.581136, 47.666313
0.997430, 37.725525, 46.606274, 47.709549
0.997156, 37.523666, 46.697023, 47.766996
0.997223, 37.585074, 46.548593, 47.704215
0.997133, 37.577599, 46.621268, 47.777896
0.997421, 37.758753, 46.585940, 47.795938
0.997307, 37.610084, 46.869952, 47.947801
0.997245, 37.647038, 46.681982, 47.604759
0.997257, 37.628603, 46.809686, 47.772339
0.997593, 37.885872, 46.710267, 47.724423
0.997331, 37.654298, 46.886339, 47.897707
0.997243, 37.673098, 46.611054, 47.606229
0.997246, 37.658670, 46.813971, 47.806211
0.997554, 37.899583, 46.724861, 47.791194
0.997276, 37.623682, 46.747612, 47.865244
0.997338, 37.697462, 46.807462, 47.922934
0.997339, 37.706060, 46.798409, 47.968598
0.997585, 37.876461, 46.822163, 47.955833
0.997215, 37.623523, 46.840051, 47.928544
0.997283, 37.711263, 46.853065, 47.951851
0.997249, 37.666280, 46.830818, 47.916255
0.997622, 37.898183, 46.925578, 48.024374
0.997099, 37.638425, 46.736222, 47.840984
0.997174, 37.664389, 46.955559, 48.011004
0.997225, 37.698508, 46.742516, 47.754741
0.997576, 37.924008, 46.937362, 48.073801
0.997128, 37.681379, 46.611798, 47.774630
0.997290, 37.774844, 46.898868, 48.031517
0.997128, 37.697171, 46.785170, 47.941517
0.997413, 37.893252, 46.953834, 48.139710
0.997101, 37.704141, 46.864203, 48.088336
0.997134, 37.733780, 46.924722, 48.139483
0.997097, 37.713848, 46.847843, 47.946717
0.997380, 37.862218, 46.991892, 48.163574
0.997254, 37.806187, 46.951362, 48.199428
0.997163, 37.791977, 47.101205, 48.213161
0.997307, 37.879492, 47.165022, 48.280611
0.997264, 37.907560, 47.059352, 48.161068
0.997139, 37.816666, 47.016498, 48.186120
0.997168, 37.803445, 47.092410, 48.211701
0.997238, 37.873314, 47.061355, 48.143943
0.997457, 38.011327, 47.112939, 48.234730
0.997386, 37.941335, 46.933870, 48.091474
0.997272, 37.933029, 47.024497, 48.161220
0.997244, 37.889212, 46.941833, 48.090428
0.997533, 38.043279, 47.110614, 48.302754
0.997309, 37.944566, 47.228076, 48.351822
0.997273, 37.920358, 47.164117, 48.306756
0.997240, 37.903229, 47.222261, 48.291551
0.997542, 38.062850, 47.099480, 48.344608
0.997305, 37.893968, 47.054641, 48.256562
0.997383, 37.939926, 47.154471, 48.389590
0.997291, 37.906402, 47.017140, 48.226166
0.997604, 38.069064, 47.023037, 48.302832
0.997491, 37.971520, 47.051465, 48.283265
0.997550, 38.028273, 47.227096, 48.589635
0.997382, 37.924102, 46.858124, 48.156591
0.997610, 38.056456, 46.961603, 48.284124
0.997431, 37.934092, 46.991718, 48.205867
0.997315, 37.899991, 47.111746, 48.157349
0.997364, 37.906613, 47.006069, 48.051608
0.997644, 38.126224, 47.095617, 48.198968
0.997456, 37.977697, 47.232059, 48.178642
0.997462, 37.983921, 47.200237, 48.208629
0.997508, 37.972269, 47.195675, 48.284593
0.997664, 38.130031, 47.224342, 48.269387
0.997538, 38.033800, 47.228750, 48.402895
0.997405, 37.973343, 47.047350, 48.114999
0.997434, 37.935750, 47.042476, 48.113497
0.997633, 38.098495, 47.132128, 48.268531
0.997639, 38.039352, 47.138303, 48.411573
0.997487, 38.036920, 47.015040, 48.163574
0.997598, 38.074259, 47.205047, 48.539810
0.997744, 38.199328, 47.112820, 48.442813
0.997560, 38.046432, 47.170519, 48.519478
0.997590, 38.087092, 47.106085, 48.497763
0.997633, 38.120447, 47.123988, 48.529219
0.997719, 38.199265, 47.147131, 48.566818
0.997519, 38.067243, 47.149235, 48.572824
0.997547, 38.124736, 47.097875, 48.574911
0.997559, 38.068185, 47.048349, 48.486947
0.997673, 38.202815, 47.153267, 48.658901
0.997423, 38.063312, 47.069969, 48.433588
0.997438, 38.085362, 47.151040, 48.571822
0.997472, 38.019821, 47.083396, 48.438522
0.997775, 38.222155, 47.084344, 48.704179
0.997603, 38.109164, 46.861951, 48.363102
0.997626, 38.163062, 47.124167, 48.607774
0.997587, 38.101230, 47.085885, 48.568402
0.997771, 38.216510, 47.190996, 48.769281
0.997657, 38.094785, 47.156037, 48.607606
0.997666, 38.096561, 47.254739, 48.806207
0.997613, 38.094353, 47.221161, 48.813259
0.997776, 38.240089, 47.324814, 48.951575
0.997678, 38.135232, 47.322623, 48.858491
0.997710, 38.169706, 47.421963, 48.977428
0.997677, 38.117717, 47.375587, 48.866164
0.997761, 38.226340, 47.302763, 48.870185
0.997675, 38.131403, 47.218471, 48.667339
0.997782, 38.231725, 47.348048, 48.775311
0.997715, 38.175173, 47.366409, 48.709258
0.997968, 38.348485, 47.518911, 48.969647
0.997854, 38.264760, 47.597484, 49.032106
0.997860, 38.332641, 47.693089, 49.186143
0.997874, 38.318886, 47.606429, 49.082221
0.998025, 38.418412, 47.710233, 49.218663
0.997921, 38.319603, 47.746934, 49.282083
0.997877, 38.332363, 47.686686, 49.157397
0.997863, 38.297110, 47.731845, 49.262764
0.997982, 38.412899, 47.743209, 49.371052
0.997612, 38.157729, 47.600486, 49.215274
0.998631, 38.736211, 49.205317, 51.159691
0.998150, 38.493544, 48.960693, 50.803237
0.998112, 38.529551, 48.923973, 50.651617
0.997978, 38.436416, 48.720730, 50.404429
0.998013, 38.492651, 48.494565, 50.307770
0.997819, 38.364490, 48.239907, 49.796632
0.997849, 38.385439, 48.182074, 49.894884
0.997871, 38.381547, 48.199887, 49.911099
0.998010, 38.505633, 48.231410, 49.985923
0.997924, 38.416153, 48.155832, 50.043397
0.997896, 38.406549, 48.127261, 50.068415
0.997893, 38.397408, 48.077375, 50.077258
0.997980, 38.495910, 48.124776, 50.094644
0.997859, 38.397616, 48.056645, 49.926919
0.997852, 38.432422, 48.130653, 50.157070
0.997856, 38.415959, 48.079460, 49.952878
0.998063, 38.552771, 48.186425, 50.175986
0.997943, 38.457043, 48.061392, 50.151543
0.997878, 38.452252, 48.155757, 50.209685
0.997963, 38.469678, 47.900281, 50.186262
0.998028, 38.530549, 47.851082, 50.025282
0.997892, 38.419540, 47.563144, 49.653300
0.997861, 38.421663, 47.645765, 49.876475
0.997886, 38.429063, 47.654878, 49.885500
0.998003, 38.503570, 47.657311, 49.922019
0.997862, 38.399258, 47.697317, 49.962754
0.997815, 38.407807, 47.681651, 49.931139
0.997863, 38.404646, 47.664213, 49.809486
0.998026, 38.483378, 47.630754, 49.899300
0.997854, 38.354419, 47.596884, 49.805160
0.997877, 38.396673, 47.670786, 49.822156
0.997804, 38.319912, 47.536234, 49.725953
0.997882, 38.398142, 47.547954, 49.769937
0.997846, 38.389750, 47.709343, 49.763893
0.997896, 38.324809, 47.678185, 49.734125
0.997844, 38.216501, 47.403494, 49.430851
0.997827, 38.385017, 47.177294, 49.364937
0.997870, 38.114854, 46.856493, 49.367643
0.997805, 38.260675, 47.610775, 49.453286
0.997886, 38.331822, 47.727652, 49.635671
0.997712, 38.433806, 47.867514, 49.599464
0.997567, 38.523600, 47.937116, 49.296555
0.997722, 38.896875, 47.983951, 49.300995
0.997657, 38.776715, 47.873124, 49.170692
0.997613, 38.564743, 47.297968, 48.780299
0.997410, 39.084740, 47.448365, 48.940840
0.997351, 38.973376, 47.842607, 48.894209
0.997188, 39.073266, 47.657379, 48.738906
0.997108, 39.285589, 47.851153, 48.509265
0.996695, 38.426966, 46.877064, 48.134726
