ms-ssim, psnr-y, psnr-u, psnr-v
0.962677, 30.019272, 41.731677, 45.145553
0.962619, 30.022090, 41.731055, 45.182538
0.956376, 29.480684, 41.690488, 45.247220
0.951890, 29.158671, 41.457480, 45.115918
0.952000, 29.165881, 41.458686, 45.107610
0.945927, 28.753888, 41.285595, 45.193150
0.937946, 28.349006, 41.444488, 44.845715
0.903351, 27.155449, 41.185988, 44.736414
0.901780, 27.142622, 41.179983, 44.860174
0.794441, 24.807364, 40.322049, 44.450817
0.754401, 24.218353, 39.406756, 43.665904
0.764831, 24.274807, 39.082480, 43.020762
0.845612, 25.681161, 39.109323, 42.878530
0.841189, 25.612703, 39.086777, 42.868604
0.920743, 27.886874, 39.812041, 42.889393
0.932306, 28.054605, 39.778688, 43.210177
0.938119, 28.627785, 40.226223, 43.531914
0.955028, 29.471598, 40.806740, 43.666268
0.960903, 30.072997, 41.067814, 43.982377
0.960789, 30.025839, 41.061336, 43.997373
0.968251, 30.832667, 41.512506, 44.492889
0.970739, 30.691201, 41.993981, 44.518626
0.975499, 31.077893, 42.179655, 44.644084
0.975878, 31.267579, 42.497832, 44.939873
0.978467, 31.382877, 42.544244, 45.070499
0.978598, 32.037717, 42.854565, 45.371709
0.981978, 32.352617, 43.253955, 45.543292
0.982680, 32.666412, 43.436387, 46.004739
0.983803, 32.807729, 43.318105, 45.898677
0.984859, 33.195809, 43.857566, 46.019030
0.986902, 33.643270, 43.641238, 45.946090
0.986367, 33.809544, 44.035123, 46.288200
0.987254, 33.994984, 44.157865, 46.368419
0.987535, 34.063447, 44.250045, 46.554311
0.988447, 34.217083, 44.013145, 46.350677
0.988462, 34.317175, 44.233529, 46.680703
0.988789, 34.377948, 44.202816, 46.635191
0.988727, 34.342034, 44.265856, 46.600771
0.989382, 34.678401, 44.131806, 46.555612
0.989802, 34.728584, 44.235538, 46.674381
0.989542, 34.690442, 44.286069, 46.754826
0.990347, 34.992830, 44.253522, 46.657888
0.990404, 35.135637, 44.293296, 46.708412
0.990313, 35.129640, 44.316037, 46.766104
0.990804, 35.402039, 44.301449, 46.702905
0.990551, 35.427036, 44.337763, 46.673530
0.990920, 35.638014, 44.371092, 46.753093
0.990677, 35.549488, 44.302364, 46.802992
0.990909, 35.697232, 44.460367, 46.924446
0.990494, 35.645706, 44.618201, 47.150165
0.990766, 35.872073, 45.031288, 47.553179
0.991973, 36.369141, 44.753790, 47.593228
0.991726, 36.190008, 44.856015, 47.440849
0.992022, 36.469940, 44.623578, 47.698688
0.992694, 36.811201, 44.705496, 47.748347
0.992432, 36.502109, 44.635414, 47.988235
0.992651, 36.341763, 44.726083, 47.892292
0.993350, 36.920050, 45.014591, 47.976740
0.992934, 36.476564, 44.959231, 47.884739
0.993150, 36.644141, 45.077307, 47.850198
0.992724, 36.302757, 45.152822, 47.661775
0.993303, 36.774805, 44.955794, 47.786321
0.992960, 36.379950, 44.925310, 47.816719
0.992969, 36.483175, 44.735403, 47.681494
0.992719, 36.272050, 44.216110, 47.595481
0.993508, 36.926049, 44.501942, 47.658878
0.993473, 36.729846, 44.107651, 47.492761
0.994249, 37.353198, 44.469059, 47.617768
0.994227, 37.395208, 44.485396, 47.645030
0.994432, 37.638384, 44.819795, 47.680269
0.994610, 37.689637, 44.851940, 47.671394
0.994543, 37.651743, 44.850663, 47.663911
0.994248, 37.319432, 44.539236, 47.692540
0.994211, 37.295920, 44.539830, 47.700996
0.993942, 37.034037, 44.878375, 47.590827
0.993950, 37.019059, 44.877411, 47.596532
0.994471, 37.511973, 44.635338, 46.990455
0.993828, 37.079735, 44.619791, 47.007607
0.994027, 37.236493, 44.723136, 47.034585
0.993949, 37.059869, 44.755977, 47.170412
0.994407, 37.588993, 44.707581, 47.250552
0.994097, 37.375277, 44.821381, 47.301490
0.994370, 37.386811, 44.811480, 47.204047
0.994435, 37.506510, 44.805945, 47.336726
0.994825, 37.760621, 44.730507, 47.382822
0.994564, 37.586080, 44.637086, 47.436213
0.994840, 37.707950, 44.970870, 47.557048
0.994864, 37.764359, 44.922306, 47.354168
0.995248, 38.068693, 45.006805, 47.610829
0.995091, 37.926474, 45.032953, 47.744770
0.995084, 37.875141, 44.986081, 47.762373
0.995229, 37.915219, 45.067225, 47.754575
0.995475, 38.255176, 45.097879, 47.848287
0.995420, 38.103622, 45.016499, 47.795591
0.995773, 38.508328, 45.248182, 47.766120
0.995864, 38.585632, 45.270110, 47.772687
0.995576, 38.301631, 45.313679, 47.789932
0.995353, 38.125446, 45.157875, 47.785693
0.995533, 38.261243, 45.137102, 47.738711
0.995721, 38.447148, 45.061522, 47.774252
0.995441, 38.168029, 45.149400, 47.833981
0.995620, 38.465453, 45.295155, 47.876719
0.995514, 38.385426, 45.310749, 47.868234
0.995899, 38.736734, 45.290205, 47.862480
0.995530, 38.410887, 45.385323, 47.917940
0.995804, 38.565806, 45.418407, 48.014126
0.996129, 38.991469, 45.412678, 47.981006
0.996254, 39.061009, 45.466440, 48.008011
0.995827, 38.498636, 45.496166, 47.944879
0.995960, 38.646881, 45.478324, 48.047501
0.995774, 38.441870, 45.556703, 47.953353
0.996158, 38.857343, 45.540764, 47.997288
0.996005, 38.613504, 45.193842, 47.963150
0.996120, 38.669682, 45.534779, 47.920691
0.996057, 38.663743, 45.325775, 47.806457
0.996330, 38.951887, 45.547508, 47.839380
0.996042, 38.577042, 45.490796, 47.891005
0.996215, 38.770500, 45.618193, 47.855457
0.996245, 38.725964, 45.728867, 47.895671
0.996425, 38.943535, 45.707614, 47.896637
0.996293, 38.692895, 45.665513, 47.897603
0.996353, 38.786698, 45.541326, 48.003388
0.996488, 39.011573, 45.844041, 47.969040
0.996341, 38.744634, 45.722519, 47.950418
0.996543, 39.078135, 45.801399, 48.021079
0.996339, 38.746248, 45.823717, 48.064536
0.996333, 38.780616, 45.518268, 48.060522
0.996524, 39.021021, 45.696250, 48.092909
0.996455, 39.019222, 45.754548, 48.043336
0.996452, 39.014747, 45.764785, 48.036680
0.996491, 38.988952, 45.869607, 48.127067
0.996316, 38.797363, 45.704211, 48.119095
0.996552, 39.100589, 45.778306, 48.124182
0.996316, 38.883553, 45.662529, 48.104209
0.996519, 39.126796, 45.741493, 48.123164
0.996331, 38.848289, 45.643226, 48.157391
0.996409, 38.967773, 45.685593, 48.128256
0.995784, 38.221986, 45.568555, 47.944228
0.995721, 38.210930, 45.650034, 48.044669
0.995433, 37.888795, 45.753369, 48.097122
0.995927, 38.386936, 45.873849, 48.389847
0.995198, 37.585376, 45.679115, 48.044169
0.995742, 38.143463, 45.723690, 48.243198
0.995264, 37.638388, 45.526749, 48.070565
0.994993, 37.619679, 45.565448, 48.214522
0.994618, 37.218029, 45.591030, 48.004048
0.994787, 37.605244, 45.955346, 48.202587
0.994835, 37.585672, 46.083343, 48.311739
0.994520, 37.334919, 46.100769, 48.269607
0.994120, 37.143673, 46.162747, 48.449227
0.994060, 36.925103, 46.130468, 48.498137
0.994818, 37.395621, 46.112389, 48.028541
0.994843, 37.399686, 46.114845, 48.033190
0.993442, 36.873958, 45.684916, 47.812454
0.994252, 38.108632, 46.314067, 48.010654
0.994099, 38.459025, 45.878500, 47.929928
0.994097, 38.901671, 45.975160, 48.036015
0.993516, 38.950907, 45.775539, 48.110800
0.993709, 38.921627, 45.636523, 47.743682
0.993470, 38.970808, 45.982303, 48.006029
0.993018, 38.755337, 45.461659, 48.026218
0.993064, 38.156383, 45.727597, 48.246512
0.992878, 37.689749, 45.468188, 48.333048
0.991662, 36.622882, 45.759270, 47.830809
0.992217, 36.865408, 45.549383, 47.654308
0.990975, 35.832543, 45.789986, 47.764715
0.991254, 35.661088, 45.621624, 47.479286
0.990624, 35.251941, 45.465888, 47.482066
0.989813, 34.768483, 44.867541, 47.534032
0.994950, 37.746721, 47.061599, 49.329962
0.991602, 35.249659, 46.490488, 49.001626
0.988951, 34.431421, 46.316528, 48.668211
0.989894, 34.390835, 45.850971, 48.447399
0.989048, 33.996068, 45.439933, 48.170746
0.988916, 33.877817, 45.197386, 47.724143
0.988829, 33.866434, 45.317144, 47.719349
0.988202, 33.617744, 44.938733, 47.415124
0.987882, 33.556036, 44.735947, 47.255689
0.987851, 33.362244, 44.686004, 47.059739
0.988175, 33.361074, 44.474327, 47.062396
0.987506, 33.141902, 44.313638, 46.863104
0.987159, 33.031687, 44.132009, 46.846007
0.987455, 33.061759, 44.057413, 46.553720
0.987095, 32.918434, 44.019535, 46.698383
0.987173, 32.990494, 43.876982, 46.655468
0.986751, 32.886435, 43.798265, 46.610577
0.985383, 32.545419, 43.697378, 46.568517
0.986375, 32.890552, 43.702523, 46.487112
0.984700, 32.412900, 43.552174, 46.466794
0.986013, 32.756240, 43.276511, 46.299219
0.985597, 32.718827, 43.231296, 46.281092
0.985440, 32.614638, 43.155526, 46.233959
0.985498, 32.676205, 43.223165, 46.218179
0.983018, 32.066941, 43.512217, 46.277209
0.984033, 32.367085, 43.406914, 46.291314
0.983266, 32.263164, 43.292208, 46.324480
0.985218, 32.631060, 43.248045, 46.300892
0.982681, 32.184130, 43.359365, 46.306023
0.984510, 32.539627, 43.286691, 46.280537
0.983356, 32.225939, 43.260483, 46.365476
0.984495, 32.437694, 43.238065, 46.265693
0.982927, 32.117513, 43.234761, 46.312502
0.984394, 32.520830, 43.176109, 46.178219
0.984335, 32.470152, 43.198755, 46.153469
0.984257, 32.451422, 43.197063, 46.160588
0.982867, 32.088971, 43.219434, 46.227596
0.983930, 32.421563, 43.251247, 46.247814
0.981469, 31.862546, 43.350934, 46.199950
0.982986, 32.302960, 43.337108, 46.183967
0.982419, 32.142139, 43.362707, 46.160804
0.983557, 32.391509, 43.316871, 46.154763
0.983218, 32.442361, 43.332321, 46.196683
0.981352, 32.055857, 43.449724, 46.256192
0.981969, 32.196208, 43.474951, 46.230776
0.983071, 32.420274, 43.491617, 46.256523
0.982000, 32.140864, 43.462696, 46.255972
0.983355, 32.497605, 43.432353, 46.162639
0.982186, 32.208111, 43.425505, 46.137549
0.982828, 32.361605, 43.454236, 46.122757
0.981862, 32.234734, 43.396676, 46.182014
0.982682, 32.317695, 43.428784, 46.172803
0.980527, 32.067300, 43.413331, 46.211075
0.981164, 32.090445, 43.498102, 46.296768
0.980750, 32.052896, 43.527320, 46.331884
0.981969, 32.337821, 43.489574, 46.245942
0.979804, 32.114054, 43.485899, 46.197772
0.980947, 32.423657, 43.578839, 46.314179
0.980962, 32.434925, 43.584323, 46.312949
0.981105, 32.383934, 43.508699, 46.261603
0.981107, 32.466670, 43.564625, 46.381688
0.981229, 32.435749, 43.506414, 46.342227
0.981091, 32.410578, 43.509285, 46.313955
0.979629, 32.229081, 43.461942, 46.312949
0.979787, 32.284554, 43.445331, 46.266245
0.979090, 32.158772, 43.428151, 46.320222
0.977903, 32.051162, 43.423780, 46.261161
0.976343, 31.838837, 43.389257, 46.209546
0.974254, 31.561544, 43.120061, 45.947220
0.971076, 31.247659, 43.103798, 45.823417
0.968046, 31.046503, 43.176978, 46.315186
0.966534, 30.691767, 43.135578, 46.346394
0.961200, 30.209704, 42.833942, 46.225733
0.965155, 30.458322, 42.564759, 45.670428
0.965567, 30.425657, 42.317079, 45.694795
0.972333, 31.139339, 42.236001, 45.000354
0.973784, 31.106373, 42.248569, 45.550884
0.977722, 31.862037, 42.118154, 45.475097
0.977455, 31.751787, 42.062341, 45.607915
0.981418, 34.004853, 43.538637, 46.393630
0.981597, 33.702051, 42.790304, 46.161452
0.984133, 34.497601, 43.566585, 46.508110
0.985826, 35.178554, 43.882281, 46.780149
0.986401, 35.279141, 44.417089, 47.104851
0.987358, 35.711043, 44.422873, 47.167961
0.987637, 35.874872, 44.306940, 47.034453
0.988450, 36.101703, 44.189289, 47.086242
0.988072, 35.820421, 44.267810, 47.282161
0.988522, 35.832210, 44.266693, 47.361848
0.988812, 36.168156, 44.386562, 47.261944
0.988833, 36.068977, 44.263275, 47.104851
0.988009, 35.808408, 44.322183, 47.246115
0.988118, 36.009988, 44.290348, 47.320059
0.987570, 35.969496, 44.382116, 47.322879
0.989198, 36.352053, 44.442742, 47.328950
0.987274, 35.817755, 44.416006, 47.200754
0.987864, 35.948736, 44.502974, 47.279088
0.987908, 35.833774, 44.442234, 47.254300
0.988972, 36.228098, 44.582553, 47.316959
0.988727, 35.918353, 44.681011, 47.269601
0.989045, 36.025170, 44.661171, 47.302753
0.989158, 36.177146, 44.661247, 47.333331
0.989288, 36.153965, 44.641877, 47.355874
0.988754, 35.753484, 44.806024, 47.390983
0.989004, 36.032343, 44.828921, 47.357580
0.988957, 35.940224, 44.827730, 47.330221
0.988969, 35.982831, 44.777355, 47.355874
0.989001, 36.147616, 44.767867, 47.373393
0.989136, 36.128421, 44.800733, 47.359713
0.988592, 35.835802, 44.722361, 47.464687
0.988327, 35.811834, 44.778611, 47.463812
0.987534, 35.588654, 44.730973, 47.526781
0.986325, 35.330873, 44.714230, 47.499662
0.985974, 35.188115, 44.565249, 47.413827
0.982347, 34.737187, 43.909001, 47.125696
0.981858, 34.410160, 43.843234, 47.025354
0.983734, 34.885739, 43.283406, 46.542862
0.980952, 34.198752, 42.891274, 46.240331
0.983161, 35.146499, 43.093344, 46.407662
0.982951, 35.524247, 42.986012, 46.506123
0.984536, 35.539024, 42.893207, 45.999535
0.981329, 34.525341, 43.016207, 46.190701
0.982401, 35.093500, 43.252131, 46.353497
0.984413, 35.243156, 43.373149, 45.985101
0.989138, 36.006682, 43.257550, 46.321790
0.981976, 33.968093, 42.561741, 45.342284
0.979760, 33.849337, 42.746953, 45.480539
0.976321, 33.663062, 43.120222, 45.705864
0.976652, 33.901565, 43.069015, 45.790481
0.978219, 34.074023, 43.000536, 45.753074
0.976291, 33.751426, 42.962068, 45.728476
