ms-ssim, psnr-y, psnr-u, psnr-v
0.976466, 30.734330, 38.145713, 39.113539
0.975591, 30.453078, 38.142526, 38.991919
0.977283, 30.732274, 38.412360, 39.256528
0.978518, 31.031390, 38.537851, 39.139589
0.978686, 31.475092, 38.921902, 39.112666
0.980275, 31.450073, 38.565426, 38.879584
0.979344, 31.912864, 38.505021, 38.494588
0.979418, 31.993152, 38.719937, 38.700889
0.980466, 32.427814, 39.035833, 38.938324
0.981855, 32.450881, 38.765438, 38.609347
0.980474, 32.123000, 38.662273, 38.653372
0.979678, 31.733261, 38.076837, 38.189237
0.977482, 31.290483, 38.064871, 38.237204
0.976179, 31.040874, 37.961238, 38.304694
0.971382, 30.511045, 37.811617, 38.467642
0.968848, 30.375979, 37.555515, 38.329329
0.965815, 30.062907, 37.542971, 38.386872
0.970266, 30.420072, 37.647447, 38.344081
0.978513, 31.204967, 37.946019, 38.613712
0.981042, 31.781049, 37.777853, 38.475048
0.983898, 32.418069, 38.674600, 39.276568
0.985488, 32.709580, 37.930723, 38.921719
0.986413, 32.885460, 38.259374, 39.238028
0.986974, 33.224668, 38.040756, 39.218340
0.986471, 33.269048, 37.996826, 39.188562
0.987698, 33.626498, 37.864381, 39.105238
0.986941, 33.413503, 37.935367, 39.199588
0.987639, 33.714073, 38.208481, 39.526603
0.988822, 34.102123, 38.743254, 39.951794
0.988295, 33.886729, 38.796719, 39.888863
0.989512, 34.322109, 38.985150, 40.023237
0.986843, 33.316218, 38.506095, 39.759362
0.986310, 33.206397, 38.383846, 39.773551
0.987863, 33.469869, 38.590815, 39.893144
0.989957, 34.100218, 38.306198, 39.482542
0.989416, 33.656116, 37.903017, 39.168557
0.989760, 33.806525, 37.946117, 39.122070
0.989684, 33.760072, 37.821669, 38.967809
0.990940, 34.260822, 38.078297, 39.047317
0.990605, 33.931044, 38.004907, 39.166313
0.991029, 34.179061, 38.290499, 39.264705
0.990725, 34.114766, 38.148681, 39.168794
0.991203, 34.305544, 38.254494, 39.260207
0.989814, 33.676406, 38.287609, 39.216834
0.989928, 33.805469, 38.353496, 39.264970
0.990080, 33.826055, 38.381991, 39.378153
0.991803, 34.531905, 38.432075, 39.232243
0.991030, 34.051320, 38.230105, 39.146904
0.991622, 34.347102, 38.604721, 39.360796
0.991270, 34.053554, 38.427033, 39.292169
0.992152, 34.549127, 38.545490, 39.316345
0.991793, 34.354898, 38.533729, 39.402359
0.991825, 34.348945, 38.741865, 39.529440
0.991994, 34.468326, 38.596788, 39.425830
0.992428, 34.621417, 38.772582, 39.568395
0.991923, 34.325689, 38.724259, 39.454266
0.992156, 34.456156, 38.783192, 39.472325
0.992456, 34.546152, 38.883361, 39.608587
0.993075, 34.909474, 39.021647, 39.780203
0.991924, 34.219683, 38.951769, 39.712545
0.992367, 34.659508, 39.067234, 39.795631
0.992614, 34.738216, 38.979465, 39.675335
0.993445, 35.184027, 39.185485, 39.842098
0.992899, 34.777530, 39.073098, 39.789055
0.993393, 35.061585, 39.225089, 39.945545
0.993166, 34.991736, 39.259920, 39.885044
0.993773, 35.470145, 39.263426, 39.848856
0.993067, 34.932641, 39.099097, 39.878305
0.993659, 35.318349, 39.525947, 40.212069
0.993610, 35.396934, 39.755779, 40.375109
0.994483, 35.944464, 39.825976, 40.365235
0.993871, 35.515594, 39.578580, 40.327061
0.993742, 35.434423, 39.823015, 40.544154
0.993615, 35.435898, 39.845526, 40.552574
0.994610, 36.069875, 40.110109, 40.626468
0.994212, 35.735608, 39.881839, 40.458083
0.994341, 35.810071, 39.833438, 40.453382
0.993847, 35.550166, 39.636566, 40.339532
0.994343, 35.954018, 39.788707, 40.469393
0.993844, 35.675462, 39.833614, 40.482164
0.994338, 36.082619, 40.230051, 40.699861
0.993733, 35.622115, 40.078678, 40.614772
0.993906, 35.606271, 40.082139, 40.647953
0.994101, 35.703274, 39.996680, 40.595668
0.994782, 36.294987, 40.475890, 41.018938
0.993816, 35.605397, 40.723996, 41.444597
0.993941, 35.736810, 40.731133, 41.446602
0.993908, 35.624883, 40.436100, 41.321720
0.994726, 36.064471, 40.775733, 41.524702
0.993703, 35.378407, 40.370497, 41.257720
0.993672, 35.635361, 40.421218, 41.401157
0.993673, 35.320577, 40.428422, 41.383550
0.994824, 36.109969, 40.600436, 41.387900
0.993808, 35.678391, 40.127215, 41.022310
0.994293, 35.914491, 39.956138, 40.946917
0.994030, 35.752818, 40.104057, 40.902399
0.994829, 36.298916, 40.379270, 41.067513
0.993586, 35.566648, 40.042351, 40.806772
0.993849, 35.664839, 40.559226, 41.217657
0.994156, 35.823397, 40.696454, 41.325016
0.995054, 36.351782, 40.957003, 41.752243
0.993711, 35.333451, 41.179194, 42.042640
0.993801, 35.583510, 40.923938, 41.935119
0.993519, 35.513962, 40.683559, 41.657793
0.995071, 36.337036, 41.012006, 41.686595
0.994424, 36.029695, 40.594649, 41.555547
0.994731, 36.250177, 40.823733, 41.547442
0.994461, 35.893334, 40.708465, 41.534959
0.995350, 36.549439, 40.905938, 41.597319
0.994748, 36.081745, 40.570088, 41.349048
0.994952, 36.204639, 40.562497, 41.195715
0.995009, 36.243667, 40.341030, 41.033368
0.995599, 36.711944, 40.742868, 41.221498
0.995054, 36.260277, 40.537939, 41.111538
0.995234, 36.263274, 40.582590, 41.155468
0.994965, 36.044525, 40.363900, 41.038974
0.995675, 36.710881, 40.706620, 41.275909
0.995021, 36.167510, 40.358731, 41.001726
0.995099, 36.325556, 40.428191, 41.120559
0.995072, 36.259498, 40.399993, 41.084754
0.995659, 36.759662, 40.720848, 41.364905
0.995006, 36.352772, 40.504705, 41.335380
0.995284, 36.662974, 40.664303, 41.418909
0.995248, 36.598931, 40.847647, 41.500013
0.995946, 37.101193, 41.146782, 41.748763
0.995106, 36.260755, 40.752676, 41.455361
0.995530, 36.650592, 40.824364, 41.463186
0.995342, 36.450755, 40.877670, 41.546882
0.996173, 37.088841, 41.120593, 41.669982
0.995370, 36.400187, 40.808503, 41.679588
0.995493, 36.646413, 40.791444, 41.693266
0.995356, 36.585528, 40.624145, 41.576683
0.996157, 37.159862, 41.276540, 41.962048
0.995670, 36.682812, 40.903911, 41.694771
0.995663, 36.823057, 40.888333, 41.708613
0.995382, 36.517941, 40.872269, 41.674590
0.996149, 37.281260, 41.266035, 41.919683
0.995565, 36.663877, 41.097486, 41.636602
0.995564, 36.813339, 41.137435, 41.646402
0.995195, 36.474092, 40.778702, 41.375007
0.996052, 37.215345, 41.144163, 41.665071
0.995357, 36.554338, 40.896420, 41.575031
0.995414, 36.535760, 40.547562, 41.171830
0.995225, 36.330043, 40.384349, 41.048444
0.995955, 37.056428, 40.881862, 41.456713
0.995609, 36.780815, 40.151932, 41.124010
0.995521, 36.585545, 40.538885, 41.256847
0.995284, 36.358940, 40.190802, 41.030120
0.995866, 36.907363, 40.648559, 41.316056
0.995271, 36.379604, 40.287461, 41.055335
0.994977, 36.269177, 40.248329, 40.955277
0.994861, 36.295593, 40.125547, 40.920513
0.995590, 36.723169, 40.431422, 41.128142
0.994928, 36.077438, 40.070650, 40.829043
0.994747, 36.400766, 40.336115, 41.060402
0.994704, 36.070203, 40.719830, 41.526930
0.995347, 36.572239, 40.924423, 41.655918
0.994891, 36.409005, 41.072662, 41.835934
0.993437, 35.542330, 41.541028, 42.443279
0.994307, 36.075016, 41.615021, 42.525086
0.995705, 36.901959, 41.438333, 42.641846
0.994882, 36.430983, 41.911884, 42.788913
0.995048, 36.359522, 41.700875, 42.582671
0.994457, 35.919754, 41.477556, 42.562873
0.995157, 36.328635, 41.814770, 42.795971
0.993828, 35.358066, 41.739861, 42.669588
0.994207, 35.716091, 41.524962, 42.454117
0.994170, 35.535695, 41.061670, 42.057722
0.994307, 35.722690, 41.433424, 42.308089
0.993651, 35.355133, 40.637651, 41.824424
0.993521, 35.349411, 40.692376, 41.845236
0.993178, 35.031351, 40.700321, 41.882925
0.993428, 35.470202, 41.373393, 42.327471
0.993985, 35.888594, 41.068248, 42.140554
0.994184, 36.136996, 41.269744, 42.180303
0.993964, 36.045871, 40.690048, 41.593056
0.994434, 36.406063, 40.878662, 41.614490
0.995013, 36.859385, 41.007027, 41.588722
0.993895, 35.915641, 39.953138, 40.766839
0.994296, 36.134552, 39.932173, 40.689252
0.993824, 35.755391, 39.781271, 40.623179
0.994364, 36.214147, 40.394324, 41.163556
0.994684, 36.426006, 41.302068, 41.835336
0.993986, 35.901297, 41.387972, 41.982500
0.994941, 36.257862, 40.929955, 41.660626
0.994020, 35.629800, 40.712373, 41.477519
0.994509, 35.925124, 41.011148, 41.699174
0.994402, 35.772845, 40.705267, 41.352935
0.994996, 36.102169, 40.902721, 41.411199
0.994987, 36.258698, 40.803060, 41.328917
0.995299, 36.669557, 41.026312, 41.526633
0.994628, 36.125623, 40.474637, 41.182281
0.994800, 36.309987, 40.566990, 41.185438
0.994560, 36.068736, 40.401369, 40.994787
0.995330, 36.675906, 40.768429, 41.280083
0.994693, 36.195032, 40.565800, 41.015801
0.994816, 36.333381, 40.667227, 41.135738
0.994698, 36.056144, 40.314907, 40.859733
0.995196, 36.624719, 40.796966, 41.279802
0.994394, 36.096738, 40.617994, 41.166494
0.994109, 35.679750, 40.661199, 41.197471
0.994524, 35.793010, 40.809856, 41.286403
0.995246, 36.258027, 40.942468, 41.401302
0.995170, 36.185896, 40.984745, 41.227595
0.995574, 36.592384, 40.903203, 41.243292
0.994849, 36.107958, 40.828410, 41.043557
0.995014, 36.116437, 40.950494, 41.183001
0.994882, 36.013157, 40.691243, 41.022938
0.995427, 36.549029, 41.128582, 41.392255
0.994285, 35.767236, 40.879046, 41.285033
0.994527, 35.789713, 40.927819, 41.340074
0.994563, 35.964311, 40.796464, 41.206293
0.994995, 36.244076, 41.044188, 41.434732
0.994294, 35.655508, 40.596238, 41.159425
0.994075, 35.629690, 40.492658, 41.166973
0.993817, 35.435183, 40.561486, 41.011214
0.994546, 35.854144, 40.655391, 41.018245
0.995007, 36.128271, 40.458345, 40.864864
0.994694, 36.028991, 40.218247, 40.724027
0.994427, 35.859380, 40.339250, 40.821617
0.994497, 35.807901, 40.305169, 40.896709
0.995254, 36.454843, 40.699615, 41.115218
0.994770, 36.044562, 40.637469, 40.927366
0.995012, 36.236334, 40.784145, 40.999291
0.994678, 35.998326, 40.677752, 40.957980
0.995560, 36.687964, 40.953194, 41.124823
0.995214, 36.369042, 40.707419, 40.847234
0.995062, 36.233778, 40.807590, 40.967569
0.994826, 36.018327, 40.400136, 40.742031
0.995531, 36.582326, 40.692131, 40.937212
0.994959, 36.061202, 40.154666, 40.447411
0.994837, 35.959588, 40.370326, 40.583098
0.994610, 35.895147, 40.268712, 40.528898
0.995577, 36.534804, 40.595578, 40.766839
0.994900, 35.955539, 40.169775, 40.537377
0.994932, 35.958848, 40.199384, 40.585909
0.994853, 35.832826, 40.189219, 40.502416
0.995540, 36.456989, 40.592882, 40.755474
0.994676, 35.731426, 40.020427, 40.309544
0.994958, 36.034807, 40.390377, 40.556879
0.994804, 35.866870, 39.996054, 40.453208
0.995242, 36.292365, 40.352747, 40.749850
0.994668, 35.725709, 39.796429, 40.371749
0.994803, 35.927888, 39.968287, 40.502797
0.994067, 35.569344, 40.065580, 40.492893
0.994475, 35.866966, 40.643526, 40.996562
0.994258, 35.428591, 40.401225, 40.833536
0.994304, 35.663542, 40.313475, 40.853082
0.993681, 35.486277, 41.249768, 41.751070
0.988403, 33.180692, 39.411157, 40.860466
0.995571, 36.653711, 41.792604, 42.889139
0.993347, 35.393002, 41.342493, 42.250718
0.992638, 35.246710, 41.477005, 42.152247
0.991806, 34.644170, 41.172309, 41.985594
0.991289, 34.324377, 41.348870, 42.176764
0.987297, 33.415496, 41.380964, 42.801795
0.991869, 35.279225, 41.830355, 42.570139
0.991352, 35.400834, 41.801061, 42.386189
0.991799, 35.767303, 42.378997, 42.444472
0.991877, 35.919282, 42.132989, 42.419860
0.992088, 36.299991, 42.289014, 42.480774
0.993452, 36.137817, 41.203913, 41.830633
0.993187, 35.682510, 40.792322, 41.366515
0.993555, 35.986107, 40.970019, 41.594074
0.992846, 35.447152, 40.618025, 41.540842
0.992763, 35.354371, 40.169693, 41.054502
0.993609, 35.635304, 40.298810, 41.154479
0.992788, 35.226432, 40.152825, 40.994032
0.992779, 35.089055, 40.535514, 41.362759
0.993028, 35.051234, 40.760639, 41.634583
0.991816, 34.701806, 40.600736, 41.712410
0.990996, 34.022418, 39.965383, 41.471171
0.989613, 33.519637, 40.262018, 41.479539
0.990041, 33.324001, 39.887462, 41.462527
0.989700, 33.189446, 39.869878, 41.380892
0.989202, 33.166434, 40.115875, 41.605858
0.988477, 32.753053, 40.048530, 41.374756
0.987852, 32.429437, 39.884484, 41.280083
0.986698, 32.118591, 39.963387, 41.426414
0.985389, 31.916495, 39.751804, 41.275699
0.984433, 31.826064, 39.882271, 41.495144
0.983832, 31.609866, 39.536291, 41.309869
0.983828, 31.539673, 39.735177, 41.467030
0.983324, 31.274921, 39.748202, 41.498020
0.983541, 31.152893, 39.786766, 41.509546
0.983651, 30.981855, 39.662648, 41.497356
0.983082, 30.759239, 39.587506, 41.352900
0.983055, 30.744671, 39.389921, 41.413550
0.983379, 30.722949, 39.601286, 41.534885
0.983165, 30.752600, 39.590168, 41.630968
0.981940, 30.672330, 39.862404, 41.734287
0.982110, 30.473521, 39.718884, 41.608431
0.982492, 30.547538, 39.727784, 41.856640
0.981656, 30.370410, 39.823793, 41.834180
0.981704, 30.373457, 39.893730, 41.810923
0.981772, 30.300606, 39.787238, 41.817946
0.981574, 30.209862, 39.652240, 41.782705
0.981847, 30.189263, 39.762552, 41.756627
0.979357, 29.783320, 39.758571, 41.727475
0.976303, 29.346310, 39.790574, 41.619268
