ms-ssim, psnr-y, psnr-u, psnr-v
0.997686, 47.562968, 49.984190, 48.520550
0.997797, 47.739435, 50.539111, 49.363635
0.997489, 47.492506, 50.301012, 49.138338
0.997374, 47.190075, 50.030027, 48.911201
0.997471, 47.241167, 50.104571, 48.863278
0.997480, 47.242027, 50.007784, 48.835314
0.997642, 47.566476, 50.389564, 49.192942
0.997480, 47.202124, 49.997303, 48.800016
0.997588, 47.454872, 50.223172, 49.031085
0.997526, 47.249591, 49.942148, 48.770620
0.997691, 47.584594, 50.375297, 49.241712
0.997519, 47.282657, 49.977109, 48.675280
0.997622, 47.555834, 50.280390, 49.081470
0.997425, 47.059848, 49.901416, 48.633290
0.997521, 47.291701, 50.167864, 48.842621
0.997321, 46.972374, 49.597561, 48.221981
0.997415, 47.009887, 49.975764, 48.669785
0.997627, 47.494405, 50.247409, 49.153769
0.997601, 47.408391, 50.247737, 49.113339
0.997971, 48.211362, 50.678149, 49.729401
0.997971, 48.113315, 50.524214, 49.473268
0.998353, 48.927074, 51.141807, 50.293852
0.998219, 48.439122, 50.950614, 49.987696
0.998484, 49.232050, 51.410681, 50.568749
0.998489, 48.950626, 51.196242, 50.268820
0.998677, 49.629829, 51.820384, 51.034650
0.998602, 49.282018, 51.646695, 50.742374
0.998792, 49.934888, 52.015242, 51.267534
0.998799, 49.682104, 51.847801, 50.912774
0.998850, 50.212170, 52.182941, 51.388914
0.998678, 49.576650, 51.838112, 50.954176
0.998982, 50.540325, 52.662493, 51.828856
0.999079, 50.366457, 52.898248, 51.824736
0.998857, 49.890388, 52.783244, 51.735293
0.998950, 50.274159, 52.922725, 52.047079
0.998840, 49.908090, 52.490283, 51.544121
0.999030, 50.347469, 52.801919, 51.864573
0.998839, 49.927375, 52.431094, 51.474853
0.998939, 50.300339, 52.733205, 51.816331
0.998823, 49.940594, 52.350198, 51.377169
0.999024, 50.463371, 52.713596, 51.771001
0.998803, 49.881568, 52.345884, 51.398290
0.998900, 50.299511, 52.549109, 51.736677
0.998743, 49.767784, 52.072979, 51.308715
0.998928, 50.232510, 52.448854, 51.575340
0.998719, 49.700842, 52.020963, 51.124397
0.998897, 50.295868, 52.663064, 51.747587
0.998700, 49.669549, 52.395655, 51.279817
0.998986, 50.241491, 52.723064, 51.616307
0.999000, 50.608940, 52.884033, 52.021271
0.998868, 50.037828, 52.487952, 51.583235
0.998989, 50.601188, 52.818898, 52.093961
0.998979, 50.236110, 52.617490, 51.727059
0.999003, 50.684004, 52.806194, 52.020224
0.998871, 50.055780, 52.452524, 51.556493
0.998989, 50.675314, 52.723788, 51.962695
0.998970, 50.236264, 52.529481, 51.597785
0.998973, 50.662487, 52.677145, 51.971388
0.998827, 49.974582, 52.409163, 51.590086
0.998907, 50.485942, 52.557598, 51.792497
0.998820, 49.937954, 52.263746, 51.385775
0.998646, 50.120864, 52.215391, 51.262983
0.998477, 49.576089, 51.768270, 50.750407
0.998541, 49.806306, 51.811753, 50.801610
0.998693, 49.761359, 52.110204, 51.020547
0.998499, 49.798753, 52.114415, 50.974735
0.998759, 50.620674, 52.450553, 51.424126
0.998703, 49.887505, 52.267979, 50.995636
0.998567, 49.959871, 51.879740, 50.850179
0.998394, 49.798541, 51.934847, 50.794039
0.998201, 49.246649, 51.512852, 50.252814
0.998660, 49.853124, 52.124049, 50.869213
0.998154, 49.127820, 51.468561, 50.181665
0.998239, 49.399107, 51.494383, 50.363767
0.998135, 49.236020, 51.375577, 50.149303
0.998436, 49.375100, 51.708117, 50.428977
0.998731, 50.633915, 52.447089, 51.376054
0.998426, 49.500322, 52.017517, 50.543314
0.998080, 49.296424, 51.633219, 50.236539
0.998117, 49.403080, 51.704338, 50.341507
0.998029, 49.103345, 51.368844, 50.166618
0.998501, 49.710269, 52.054826, 50.699437
0.998102, 49.232374, 51.516687, 50.166337
0.998437, 50.009100, 51.778387, 50.594601
0.998294, 49.182355, 51.673375, 50.290586
0.998466, 49.922436, 51.826501, 50.676206
0.998138, 48.848258, 51.402772, 50.105204
0.998112, 49.243709, 51.157673, 50.086830
0.997926, 49.079062, 51.383011, 50.104096
0.997514, 48.244439, 50.850791, 49.368278
0.997924, 48.567263, 51.371546, 49.862410
0.997301, 47.895969, 50.785463, 49.084600
0.997356, 47.919144, 51.080952, 49.246129
0.997434, 48.135953, 50.922800, 49.403813
0.997963, 48.611050, 51.496947, 49.983188
0.997367, 48.014025, 50.582827, 49.345114
0.997393, 48.014221, 50.779955, 49.364236
0.997360, 48.126728, 50.760203, 49.415351
0.997561, 47.825805, 51.019325, 49.399098
0.997366, 48.127644, 50.671015, 49.439098
0.997387, 47.956738, 50.523081, 49.277794
0.997361, 48.019552, 50.680227, 49.331175
0.997582, 47.662306, 50.906483, 49.318602
0.997319, 47.701311, 50.814552, 49.267594
0.997538, 47.467178, 50.856012, 49.346044
0.997828, 47.997920, 51.185412, 49.712294
0.998240, 48.427616, 51.661743, 50.162363
0.997895, 48.093242, 51.273645, 49.932738
0.998039, 48.331638, 51.605721, 50.348077
0.998077, 48.294395, 51.535196, 50.323856
0.998221, 48.409844, 51.713848, 50.522819
0.998184, 48.592968, 51.754702, 50.611031
0.998090, 48.237781, 51.577674, 50.379429
0.998248, 48.664759, 51.815098, 50.675574
0.998242, 48.420363, 51.731836, 50.568705
0.998273, 48.778344, 51.848156, 50.810777
0.998075, 48.152548, 51.481697, 50.484926
0.998227, 48.675700, 51.782289, 50.755325
0.998206, 48.390030, 51.724471, 50.668941
0.998223, 48.756990, 51.812105, 50.864163
0.997991, 48.139559, 51.489860, 50.432903
0.998166, 48.465930, 51.625963, 50.669482
0.998273, 48.442098, 51.848630, 50.659393
0.998229, 48.536421, 51.819914, 50.658133
0.998279, 48.626792, 52.015427, 50.915875
0.998171, 48.463949, 51.796236, 50.647487
0.998321, 48.591563, 52.042870, 50.910390
0.998189, 48.540024, 51.832273, 50.649238
0.998303, 48.709581, 52.032242, 51.014391
0.998198, 48.586668, 51.870574, 50.786204
0.998329, 48.684621, 52.049371, 51.007269
0.998260, 48.881994, 51.961541, 50.977881
0.998197, 48.503531, 51.790278, 50.751923
0.998252, 48.704222, 51.782872, 50.823747
0.998269, 48.542931, 51.875155, 50.752428
0.998173, 48.531616, 51.810463, 50.770991
0.998433, 49.008348, 52.124868, 51.164338
0.998187, 48.528799, 51.786777, 50.608540
0.998464, 48.898121, 52.133767, 50.965167
0.998285, 48.674062, 51.948143, 50.818377
0.998370, 48.735922, 52.205618, 51.114644
0.998328, 48.710623, 52.134272, 50.940907
0.998478, 48.920083, 52.264266, 51.161913
0.998390, 48.989394, 52.166551, 51.087550
0.998336, 48.617525, 52.025890, 50.937932
0.998443, 49.036972, 52.312118, 51.162014
0.998504, 48.952995, 52.239404, 51.080109
0.998475, 49.153578, 52.318837, 51.224844
0.998319, 48.592367, 52.010634, 50.896779
0.998471, 49.124114, 52.227768, 51.171976
0.998457, 48.866581, 52.149589, 51.038428
0.998509, 49.154938, 52.172538, 51.123746
0.998379, 48.821119, 52.201637, 51.149607
0.998356, 48.821178, 52.073352, 50.921271
0.998545, 49.018287, 52.346149, 51.222692
0.998391, 48.844368, 52.124994, 51.029552
0.998529, 49.112756, 52.344557, 51.326882
0.998467, 49.047280, 52.210952, 51.110499
0.998587, 49.113016, 52.408019, 51.296403
0.998490, 49.198297, 52.298973, 51.331291
0.998439, 48.843198, 52.157776, 51.126751
0.998566, 49.303760, 52.391496, 51.437290
0.998591, 49.096237, 52.347543, 51.294528
0.998569, 49.269831, 52.270325, 51.347232
0.998497, 49.149914, 52.267523, 51.271366
0.998428, 48.967909, 52.188439, 51.158934
0.998580, 49.101176, 52.419271, 51.365508
0.998429, 49.077359, 52.257306, 51.282360
0.998386, 48.774539, 52.143253, 51.117793
0.998580, 49.333942, 52.455176, 51.412660
0.998656, 49.187601, 52.413607, 51.402505
0.998618, 49.376239, 52.360170, 51.431697
0.998600, 49.335078, 52.380851, 51.501860
0.998538, 49.132668, 52.309223, 51.334233
0.998658, 49.215855, 52.463960, 51.513290
0.998562, 49.333337, 52.366564, 51.495038
0.998524, 48.974902, 52.232742, 51.266655
0.998647, 49.437977, 52.463143, 51.533655
0.998672, 49.232496, 52.409297, 51.382692
0.998624, 49.388585, 52.426090, 51.469103
0.998479, 48.875403, 52.151935, 51.081547
0.998584, 49.150605, 52.231708, 51.278104
0.998678, 49.156331, 52.490489, 51.434977
0.998606, 49.180395, 52.498658, 51.502897
0.998655, 49.207216, 52.664206, 51.624783
0.998570, 49.141318, 52.382055, 51.343966
0.998742, 49.332268, 52.683952, 51.692052
0.998554, 49.150304, 52.327217, 51.302503
0.998627, 49.223864, 52.602545, 51.597729
0.998504, 49.079062, 52.348206, 51.222743
0.998720, 49.357013, 52.605149, 51.511429
0.998557, 49.142222, 52.249060, 51.115394
0.998620, 49.201737, 52.519596, 51.542798
0.998516, 49.153857, 52.274238, 51.117193
0.998711, 49.365154, 52.522152, 51.421873
0.998522, 49.074055, 52.113472, 50.923996
0.998682, 49.319453, 52.269608, 51.277741
0.998684, 49.388098, 52.588773, 51.429280
0.998800, 49.425354, 52.649100, 51.561197
0.998754, 49.584669, 52.721689, 51.686691
0.998622, 49.039961, 52.456129, 51.364079
0.998711, 49.413654, 52.741917, 51.640488
0.998722, 49.169718, 52.632345, 51.422785
0.998747, 49.561093, 52.726828, 51.693707
0.998632, 49.035494, 52.333695, 51.241890
0.998716, 49.457019, 52.625689, 51.531785
0.998702, 49.111409, 52.544246, 51.330713
0.998714, 49.492603, 52.652729, 51.555111
0.998595, 48.955964, 52.329199, 51.133169
0.998703, 49.404344, 52.564499, 51.449199
0.998717, 49.186712, 52.445188, 51.409344
0.998718, 49.448738, 52.390692, 51.389606
0.998638, 49.224939, 52.504296, 51.428313
0.998563, 49.078523, 52.413338, 51.206741
0.998752, 49.236708, 52.675213, 51.480556
0.998561, 49.027855, 52.550847, 51.293591
0.998671, 49.217969, 52.663064, 51.533820
0.998574, 49.009517, 52.385333, 51.166158
0.998686, 49.094119, 52.576374, 51.379027
0.998697, 49.299367, 52.665920, 51.591647
0.998577, 48.842998, 52.391429, 51.258539
0.998656, 49.213871, 52.586389, 51.543791
0.998630, 48.956572, 52.464778, 51.395251
0.998645, 49.214927, 52.512353, 51.461574
0.998503, 48.693287, 52.178406, 51.022405
0.998349, 48.653568, 52.026691, 50.691543
0.998442, 48.736716, 52.366697, 51.080655
0.998071, 48.415892, 51.573396, 50.360952
0.998145, 48.422036, 51.787944, 50.501553
0.998077, 48.361200, 51.659024, 50.378543
0.998240, 48.240461, 51.850523, 50.496524
0.998006, 48.220223, 51.427507, 50.065471
0.998039, 48.345143, 51.619729, 50.283649
0.997966, 48.205848, 51.506942, 50.098122
0.998121, 48.006465, 51.587634, 50.190864
0.997970, 48.132412, 51.289480, 49.909357
0.997993, 48.235444, 51.420908, 50.135165
0.997896, 48.049073, 51.279142, 49.966703
0.998073, 47.883142, 51.431644, 49.993326
0.997903, 47.943268, 51.258539, 49.799768
0.997913, 47.957227, 51.228484, 49.744134
0.997696, 47.549943, 51.126000, 49.319593
0.998756, 49.581912, 52.876981, 51.280336
0.998358, 49.085805, 52.534397, 50.796221
0.998232, 48.950300, 52.291761, 50.677877
0.998069, 48.740192, 52.134146, 50.449589
0.998325, 48.752790, 52.114101, 50.401249
0.997907, 48.332422, 51.644889, 49.946536
0.997760, 47.960984, 51.471543, 49.676916
0.997495, 47.009115, 51.204139, 49.096795
0.998741, 49.819059, 52.888315, 51.417264
0.998075, 48.871839, 52.111900, 50.612722
0.998035, 48.703813, 51.980587, 50.496827
0.997819, 48.309590, 51.709549, 50.153585
0.998125, 48.330579, 51.681793, 50.014487
0.997825, 48.214377, 51.618607, 50.018445
0.998462, 49.472352, 52.421228, 51.131814
0.998447, 48.883891, 52.172411, 50.644886
0.998049, 48.443313, 51.926346, 50.404938
0.998015, 48.516661, 51.763047, 50.412157
0.997865, 48.183124, 51.603484, 50.222440
0.998184, 48.350804, 51.668264, 50.119245
0.997835, 48.036451, 51.444993, 50.090972
0.997923, 48.212219, 51.534700, 50.241440
0.997779, 47.834800, 51.419943, 50.077809
0.998195, 48.137708, 51.494165, 50.088052
0.997810, 47.758557, 51.382426, 50.101958
0.997939, 48.056658, 51.448552, 50.202106
0.997863, 47.712772, 51.370804, 50.145304
0.998372, 48.154423, 51.453681, 50.147783
0.998084, 47.791531, 51.408756, 50.246877
0.998442, 48.309080, 51.897353, 50.830948
0.998236, 47.737007, 51.535801, 50.244178
0.998480, 48.031216, 51.573563, 50.204010
0.998304, 47.835774, 51.601807, 50.398621
0.998471, 48.188252, 51.858936, 50.809753
0.998289, 47.866692, 51.451088, 50.247246
0.998417, 47.990917, 51.434601, 50.208590
0.998258, 47.808456, 51.393280, 50.294183
0.998249, 47.942714, 51.480393, 50.425863
0.998250, 47.797823, 51.338071, 50.284639
0.998479, 48.244981, 51.613896, 50.544584
0.998212, 47.822299, 51.284906, 50.239152
0.998377, 48.140491, 51.705826, 50.750958
0.998176, 47.731226, 51.312165, 50.286414
0.998346, 48.037853, 51.547984, 50.440212
0.998529, 48.317874, 51.931408, 50.983597
0.998168, 47.816257, 51.344176, 50.099466
0.998221, 47.668402, 51.478382, 50.357677
0.998340, 47.906488, 51.349763, 50.342218
0.998161, 47.621580, 51.333497, 50.336409
0.998353, 47.989409, 51.442998, 50.460405
0.998132, 47.567232, 51.336178, 50.289677
0.998276, 47.735199, 51.383648, 50.233968
0.998358, 47.972358, 51.632319, 50.616596
0.998205, 47.748499, 51.287036, 50.119722
0.998087, 47.516505, 51.241170, 50.136162
0.998192, 47.608084, 51.374410, 50.205914
0.998047, 47.458515, 51.097293, 49.882866
0.997935, 47.251864, 51.176838, 50.025554
