ms-ssim, psnr-y, psnr-u, psnr-v
0.990529, 37.214403, 43.830423, 43.916678
0.987945, 36.478594, 43.644116, 43.522582
0.988409, 36.559509, 43.712107, 43.547521
0.987494, 36.207236, 43.530574, 43.289487
0.988328, 36.439102, 43.369580, 43.367540
0.986822, 36.144933, 43.454209, 43.276005
0.987558, 36.352634, 43.758750, 43.846081
0.987705, 36.305817, 43.668200, 43.946870
0.988672, 36.558826, 44.218174, 44.451424
0.986927, 36.151738, 43.569991, 43.793327
0.987542, 36.297176, 43.684881, 44.092482
0.987199, 36.215716, 43.664774, 44.380331
0.988187, 36.696681, 44.132174, 44.603218
0.986835, 36.252276, 43.900792, 44.395522
0.984977, 35.924932, 43.880117, 44.038666
0.980869, 35.037162, 43.856636, 43.664747
0.986319, 36.965587, 44.332211, 43.526158
0.993460, 39.015066, 45.498430, 44.403217
0.993884, 39.171586, 45.668101, 44.909221
0.994279, 39.342500, 45.649027, 44.925735
0.994314, 39.341396, 45.724488, 44.950750
0.994402, 39.238078, 45.350814, 44.805367
0.994163, 39.493402, 45.720850, 45.220686
0.994099, 38.691936, 43.530522, 42.723556
0.988584, 36.089745, 44.781277, 43.132645
0.989453, 37.540739, 44.336552, 44.271949
0.988022, 36.913469, 43.945748, 44.146912
0.989396, 37.386104, 44.601111, 44.416886
0.990038, 37.462966, 44.420253, 44.260368
0.991400, 38.137481, 45.028002, 44.652694
0.990494, 37.650824, 44.412464, 43.496462
0.990752, 37.876536, 44.394342, 43.604635
0.990306, 37.864976, 44.393512, 43.214877
0.991522, 38.298320, 45.023834, 44.127733
0.991437, 38.303401, 45.439486, 44.530704
0.991739, 38.472760, 45.458231, 44.685380
0.991456, 38.330843, 45.346007, 44.466379
0.992024, 38.516146, 45.053541, 44.535314
0.990815, 37.836675, 44.807647, 43.432405
0.990665, 37.882846, 45.738200, 44.225715
0.990203, 37.684550, 45.824408, 44.354497
0.991076, 38.225831, 45.827956, 44.837178
0.989839, 37.674335, 45.834305, 44.645761
0.989864, 37.690368, 46.278226, 45.082780
0.989684, 37.663204, 46.181423, 44.865774
0.991095, 38.183545, 45.940364, 45.045530
0.990085, 37.806839, 45.600757, 44.574865
0.990498, 37.901931, 45.800843, 44.586318
0.990121, 37.856502, 45.880764, 44.526987
0.990998, 38.259219, 45.844982, 44.871644
0.989997, 38.016549, 46.047491, 44.783823
0.989979, 37.998001, 45.641539, 44.525770
0.990118, 38.084310, 46.007956, 44.518183
0.991488, 38.491072, 45.925637, 44.725433
0.990312, 38.047015, 45.530090, 44.430147
0.990406, 38.189754, 45.941412, 44.769369
0.990290, 38.073961, 45.621143, 44.554697
0.991710, 38.696153, 45.778150, 44.682925
0.990599, 38.362402, 46.225590, 44.804526
0.991251, 38.583422, 46.511719, 45.219375
0.991024, 38.401194, 46.665809, 45.149554
0.992630, 39.042206, 46.480051, 45.641624
0.991555, 38.529865, 46.384190, 44.930243
0.991809, 38.780822, 46.361204, 44.900002
0.991986, 38.794488, 46.069153, 44.783370
0.992508, 39.086644, 46.389488, 44.966768
0.992093, 38.895049, 46.399852, 44.921735
0.992331, 38.950578, 46.330760, 45.464306
0.992433, 38.904258, 45.809935, 44.893128
0.992828, 39.152906, 46.099039, 45.027928
0.992545, 39.106346, 46.170703, 44.722955
0.992530, 39.064208, 45.999825, 44.991473
0.992303, 38.988589, 46.424825, 45.127861
0.992794, 39.154852, 46.530299, 45.328175
0.992492, 39.150931, 46.528943, 45.118694
0.992446, 39.197743, 46.578603, 45.556518
0.992469, 39.214885, 46.703640, 45.347595
0.993184, 39.503831, 46.838762, 46.040869
0.992552, 39.210430, 46.858687, 45.948248
0.992847, 39.540430, 47.368939, 46.308847
0.992644, 39.282145, 46.522118, 45.468225
0.993491, 39.574264, 46.378646, 45.542993
0.992589, 39.212609, 46.217526, 45.426118
0.992561, 39.401900, 46.465793, 45.444642
0.992359, 39.192582, 46.437673, 45.615858
0.993302, 39.412924, 46.212869, 45.688763
0.992263, 38.978794, 46.455528, 45.633895
0.992711, 39.262948, 46.660377, 45.722062
0.992743, 38.684386, 46.117544, 45.771488
0.993547, 39.164790, 46.515928, 45.848324
0.992194, 38.284558, 46.367579, 45.179258
0.992485, 38.469794, 46.035514, 45.330192
0.992320, 38.190723, 45.615097, 44.763497
0.993220, 38.843012, 46.240982, 45.459902
0.992368, 38.250043, 45.666049, 44.863570
0.992612, 38.376188, 45.694266, 45.114627
0.992438, 38.215997, 45.267814, 44.850974
0.992966, 38.548747, 45.577325, 45.066516
0.992128, 38.083344, 45.320628, 44.820540
0.991545, 37.775454, 45.168038, 44.604959
0.997304, 43.175107, 48.885678, 48.213545
0.996972, 42.212489, 47.444823, 47.339682
0.996754, 41.973339, 46.843020, 47.151883
0.996998, 42.600738, 47.440447, 47.511844
0.996942, 42.502451, 47.457331, 47.545252
0.997083, 42.595223, 47.248827, 47.315868
0.996677, 42.335404, 47.050818, 47.379708
0.996406, 42.261509, 47.170338, 47.280699
0.996692, 42.444377, 47.238071, 47.497418
0.996361, 41.736440, 45.262552, 44.446159
0.996844, 41.974741, 46.959242, 46.002226
0.991962, 37.840998, 44.896528, 43.992075
0.991820, 37.722331, 44.949047, 44.074785
0.992874, 38.314182, 45.231618, 44.412944
0.993109, 38.599447, 45.340967, 44.695521
0.994366, 39.433654, 45.743027, 45.193343
0.993352, 38.793163, 45.754092, 44.936201
0.993650, 39.082618, 45.739939, 45.108945
0.993245, 38.552674, 45.707495, 44.722852
0.994033, 39.253996, 45.862389, 45.115041
0.993288, 38.747526, 45.794278, 44.846229
0.993456, 39.225487, 46.195355, 45.120918
0.993220, 38.971772, 45.906891, 44.667206
0.993966, 39.516447, 46.366173, 45.441191
0.992831, 38.630307, 45.999271, 44.856256
0.992979, 38.906978, 46.450967, 45.142121
0.992776, 38.627322, 46.384392, 45.185223
0.993431, 39.313459, 46.687548, 45.647281
0.992574, 38.639136, 46.607071, 45.651412
0.992799, 38.907517, 46.457220, 45.599199
0.992386, 38.661637, 46.748764, 45.485536
0.993702, 39.454894, 46.848292, 46.062311
0.992931, 38.968035, 46.935988, 45.816258
0.993070, 38.995112, 46.993226, 46.014065
0.993100, 38.925886, 46.913655, 46.028445
0.993631, 39.321304, 46.465845, 45.771663
0.992932, 38.818662, 46.466256, 45.527812
0.992665, 38.904283, 46.779532, 45.907388
0.992680, 38.728714, 46.774288, 45.425107
0.993175, 39.257887, 47.002927, 45.793749
0.992594, 38.801343, 46.566174, 45.339142
0.992718, 38.799350, 46.541423, 45.223889
0.992450, 38.588529, 45.855463, 44.780685
0.993196, 39.088623, 45.823654, 44.795526
0.992930, 38.942599, 45.660239, 44.583318
0.992971, 39.253322, 46.664787, 45.138523
0.992877, 39.280737, 46.960739, 45.552352
0.993866, 39.820359, 46.427117, 45.743244
0.993416, 39.576611, 45.935677, 45.222114
0.993178, 39.341446, 45.422722, 44.553804
0.993982, 39.933543, 46.439971, 45.413960
0.993629, 39.671809, 46.448715, 45.642560
0.993743, 39.753073, 46.859024, 46.309839
0.993532, 39.511691, 46.558136, 45.553018
0.994052, 39.829527, 46.381720, 45.797405
0.993543, 39.754133, 46.585201, 45.809405
0.993472, 39.763640, 46.707224, 45.982273
0.993621, 39.780656, 46.937706, 46.312616
0.994106, 40.152378, 47.246182, 46.605956
0.993005, 39.618422, 46.626171, 46.151301
0.993266, 39.706943, 46.663764, 46.160296
0.993380, 39.434067, 46.485416, 46.267559
0.994077, 39.824953, 46.607549, 46.259123
0.993262, 39.491578, 47.050994, 46.072062
0.993706, 39.834031, 47.074578, 46.376128
0.993208, 39.426262, 46.594931, 46.162500
0.993984, 39.745220, 46.578498, 46.350582
0.992856, 39.041725, 45.952493, 45.573348
0.993350, 39.230093, 45.781968, 45.734247
0.993280, 39.201861, 46.014667, 45.617126
0.993769, 39.542475, 46.292176, 45.982779
0.992913, 39.100981, 45.943780, 45.685971
0.993117, 39.218818, 46.165664, 46.044039
0.993181, 39.224006, 46.568384, 46.185419
0.993725, 39.337935, 46.122574, 46.001902
0.992925, 38.924010, 45.862970, 45.720417
0.992895, 38.935771, 45.688376, 45.841420
0.992427, 38.651897, 45.786756, 45.539629
0.993195, 39.117997, 46.184793, 46.040357
0.992771, 38.840748, 46.146619, 46.173248
0.992718, 38.670855, 45.508765, 45.465735
0.992586, 38.620664, 45.654139, 45.523632
0.993192, 39.001384, 45.783768, 45.371135
0.992392, 38.667684, 45.576571, 45.108720
0.992917, 38.962877, 45.762170, 45.657551
0.992756, 38.739135, 45.582437, 45.378730
0.993588, 38.988309, 45.273863, 45.155174
0.992322, 38.270450, 44.884264, 44.449162
0.992508, 38.324981, 44.988363, 44.554102
0.992543, 38.272531, 45.104962, 44.493607
0.992857, 38.360764, 45.258503, 44.912418
0.992281, 38.288538, 45.254302, 44.909508
0.991857, 38.043228, 45.169181, 44.804000
0.996426, 42.317207, 47.922071, 47.502765
0.996590, 42.672199, 47.904430, 47.833374
0.996488, 42.943888, 47.354412, 47.452555
0.996755, 43.174294, 47.450041, 47.549405
0.996549, 43.048102, 47.355674, 47.526973
0.997015, 43.379321, 47.553958, 47.438453
0.996315, 43.334231, 46.987486, 46.080518
0.996758, 43.524840, 47.092054, 46.421111
0.996382, 43.285599, 46.962179, 46.069857
0.996213, 42.487267, 47.163815, 46.630972
0.995128, 40.134563, 46.995316, 45.667802
0.991942, 38.155311, 46.125994, 44.652762
0.992914, 38.759884, 46.304141, 45.456805
0.992927, 38.777984, 45.933085, 44.954341
0.994072, 39.391143, 46.305132, 45.349781
0.993080, 38.904968, 46.281327, 45.269570
0.993118, 38.821024, 46.161302, 45.180863
0.992712, 38.739565, 45.930586, 44.895812
0.993535, 39.267608, 46.216944, 45.053615
0.993004, 38.955370, 46.319318, 44.862042
0.993104, 38.973355, 46.306617, 44.880089
0.993236, 38.901615, 46.399953, 45.058109
0.993509, 39.110288, 46.118445, 45.016245
0.992776, 38.633368, 46.024312, 44.712819
0.993090, 39.011888, 46.197866, 44.853526
0.992638, 38.690617, 45.921963, 44.701234
0.993206, 39.052593, 45.780432, 44.770239
0.992464, 38.723514, 45.886741, 44.552249
0.992332, 38.701663, 46.275323, 44.847539
0.992036, 38.432957, 45.714924, 44.340268
0.992986, 38.816289, 46.013602, 45.061269
0.991765, 38.342645, 46.058753, 44.789269
0.991885, 38.238189, 45.566282, 44.686983
0.991155, 38.077551, 45.686701, 44.492367
0.992822, 38.931152, 46.030165, 45.223272
0.990909, 38.052694, 46.172576, 45.361481
0.991851, 38.361619, 46.049592, 45.363394
0.990908, 38.018046, 46.073940, 45.346285
0.992599, 38.818347, 46.481237, 45.851580
0.991269, 38.127284, 46.066902, 45.491116
0.991972, 38.330338, 45.853231, 45.218758
0.991570, 38.353393, 46.016845, 44.946402
0.992858, 39.373752, 46.630812, 45.928724
0.991612, 38.729259, 46.575282, 45.898720
0.992286, 39.089344, 46.869614, 46.190577
0.992434, 39.102911, 46.441452, 46.104048
0.993391, 39.340537, 46.529569, 46.256380
0.992481, 38.909149, 45.896556, 45.781222
0.992700, 39.012045, 45.722495, 45.699605
0.992924, 39.025243, 45.907749, 45.832395
0.993400, 39.295103, 45.959987, 46.003242
0.992461, 38.782051, 45.466510, 45.587556
0.992741, 38.965481, 45.532618, 45.471126
0.992845, 39.010318, 45.807682, 45.067522
0.993247, 39.354481, 46.177910, 45.800181
0.992461, 38.950808, 46.498289, 45.680349
0.992737, 39.106726, 46.688522, 46.302607
0.992440, 39.039143, 46.702989, 46.143374
0.992825, 39.287487, 46.715979, 46.193955
0.992058, 39.044474, 46.837363, 46.515824
0.991928, 39.179877, 46.514784, 46.007031
0.992383, 39.038729, 46.311971, 45.634235
0.993488, 39.635764, 46.491305, 45.849350
0.992467, 39.139082, 46.443855, 45.825871
0.992725, 39.194573, 45.892231, 45.527853
0.992750, 39.067659, 45.583066, 45.116773
0.993433, 39.534251, 46.051553, 45.530338
0.992463, 39.302323, 46.366977, 45.412871
0.992778, 39.379726, 46.758648, 46.076241
0.992611, 39.156225, 46.431091, 46.022920
0.993179, 39.202623, 46.162644, 45.662032
0.992490, 38.708494, 46.057443, 45.229220
0.992540, 38.810415, 45.999225, 45.265865
0.992179, 38.744308, 46.246597, 45.183348
0.992617, 38.941722, 46.375625, 45.601936
0.991891, 38.389682, 45.495881, 44.551389
0.992699, 38.750308, 45.908970, 45.093070
0.992019, 38.465885, 46.148721, 45.254225
0.992135, 38.399345, 46.452555, 45.698614
0.991278, 38.089922, 46.408515, 45.719595
0.996114, 41.381069, 47.174812, 46.280737
0.996513, 41.165393, 46.722516, 45.185950
0.996577, 41.264115, 46.422688, 45.106728
0.996834, 41.391751, 46.482991, 45.023133
0.996712, 41.393481, 46.529100, 45.145722
0.996866, 41.312254, 46.452658, 44.918963
0.996710, 41.053251, 45.356582, 43.522817
0.996467, 40.796414, 45.282346, 43.442588
0.991656, 37.476198, 44.866094, 43.341984
0.994939, 39.984958, 46.660754, 45.997379
0.991497, 37.892592, 46.003565, 45.027153
0.992404, 38.251382, 46.347230, 45.517555
0.992487, 38.278383, 46.453273, 45.434094
0.993542, 38.952766, 46.389640, 45.638310
0.992906, 38.463255, 46.204152, 45.694654
0.993079, 38.750041, 46.223305, 45.521481
0.992859, 38.664906, 45.864760, 45.253525
0.993218, 38.864475, 45.893402, 45.618267
0.992585, 38.375373, 45.234519, 45.022765
0.992413, 38.327451, 45.161868, 44.780301
0.991832, 37.746108, 44.351749, 43.673681
0.992612, 38.419816, 45.238159, 44.757841
0.991906, 38.144283, 45.155516, 44.307037
0.991769, 38.084603, 45.518505, 44.728945
0.991285, 37.607246, 45.030143, 44.344711
0.991313, 37.674410, 45.424703, 44.968879
0.990372, 37.144677, 45.525618, 44.660114
