ms-ssim, psnr-y, psnr-u, psnr-v
0.994432, 40.842951, 46.329929, 47.320560
0.993451, 40.136677, 45.931403, 46.816211
0.992997, 39.320005, 44.688987, 45.906599
0.993376, 39.680137, 45.428794, 46.770086
0.993876, 40.222146, 45.504658, 46.795969
0.993517, 39.849834, 44.988385, 46.565972
0.993122, 39.611634, 44.642464, 46.187968
0.993388, 39.573577, 44.875200, 46.219265
0.993688, 40.098817, 44.984317, 46.442079
0.993254, 39.805018, 45.022868, 46.317099
0.993535, 40.143967, 44.893482, 46.094507
0.993372, 39.817148, 44.612898, 45.951164
0.993511, 40.013010, 44.882515, 46.277147
0.992909, 39.441912, 44.487879, 45.996243
0.992308, 39.173799, 44.101901, 45.141681
0.991340, 38.477711, 43.644718, 44.807247
0.991368, 38.466084, 43.582786, 44.755899
0.991014, 38.348255, 43.711113, 44.444375
0.991385, 38.746679, 43.981983, 44.445591
0.991195, 38.736142, 44.203862, 44.820377
0.991849, 39.339051, 44.362531, 45.103585
0.992138, 39.467064, 45.195393, 45.663169
0.992264, 39.935987, 45.426293, 45.729727
0.992506, 40.016711, 45.679912, 45.950548
0.993730, 40.848195, 46.104515, 46.273250
0.993468, 40.632175, 46.469426, 46.771264
0.993817, 40.876925, 46.703529, 46.847035
0.994273, 41.201835, 47.056996, 47.314060
0.994711, 41.691687, 47.150733, 47.377229
0.994821, 41.589598, 47.188774, 47.318873
0.995042, 41.656320, 47.267851, 47.584461
0.995065, 41.552357, 47.291994, 47.431110
0.995388, 41.874586, 47.508853, 47.599247
0.995452, 41.823892, 47.413147, 47.584722
0.995480, 41.746725, 47.421454, 47.519221
0.995474, 41.738885, 47.448061, 47.492358
0.995657, 41.835340, 47.492212, 47.552219
0.995436, 41.594549, 47.417316, 47.356862
0.995709, 41.869664, 47.560685, 47.548845
0.995706, 41.821249, 47.739086, 47.667118
0.995876, 41.925800, 47.716492, 47.751223
0.995961, 41.955853, 47.780953, 47.742301
0.995966, 42.006411, 47.964922, 47.930186
0.995871, 41.775722, 47.899741, 47.775522
0.996135, 42.026292, 48.095729, 47.882337
0.996155, 42.136444, 48.050731, 47.876378
0.996117, 42.151285, 48.140859, 48.119884
0.996152, 42.245979, 48.106336, 48.140434
0.996292, 42.358540, 48.161893, 48.225528
0.996279, 42.316796, 48.244454, 48.282598
0.996442, 42.478472, 48.312853, 48.369836
0.996449, 42.515024, 48.485681, 48.307773
0.996509, 42.551467, 48.511603, 48.530333
0.996662, 42.722954, 48.509614, 48.595353
0.996615, 42.796880, 48.586872, 48.674598
0.996627, 42.768241, 48.476310, 48.604749
0.996785, 42.902220, 48.638056, 48.752625
0.996692, 42.777370, 48.711547, 48.703899
0.996683, 42.727364, 48.755022, 48.759771
0.996777, 42.851033, 48.726249, 48.746419
0.996706, 42.844577, 48.601489, 48.798344
0.996719, 42.771558, 48.628873, 48.691634
0.996849, 42.923182, 48.635485, 48.574792
0.996777, 42.917229, 48.596344, 48.719159
0.996795, 42.901663, 48.629491, 48.650744
0.996763, 42.858437, 48.484440, 48.500053
0.996776, 42.853022, 48.501345, 48.634200
0.996681, 42.737285, 48.496317, 48.505039
0.996727, 42.831051, 48.548724, 48.551291
0.996750, 42.878351, 48.624218, 48.702207
0.996729, 42.839323, 48.606781, 48.503791
0.996746, 43.000270, 48.716151, 48.679644
0.996824, 43.056503, 48.742416, 48.818653
0.996689, 42.949512, 48.731210, 48.743148
0.996737, 43.114875, 48.842452, 48.902626
0.996809, 43.141722, 48.907437, 49.026107
0.996674, 43.053019, 48.834670, 48.952263
0.996685, 43.171674, 48.856803, 49.060355
0.996695, 43.158697, 48.915045, 49.107857
0.996838, 43.174256, 48.883583, 49.103666
0.996572, 43.156752, 48.873063, 49.027826
0.996267, 42.878326, 48.681568, 48.879704
0.996502, 43.194016, 49.002371, 49.124979
0.996673, 43.213272, 49.082141, 49.185066
0.996531, 43.354657, 49.259715, 49.498063
0.996471, 43.155036, 49.099003, 49.361416
0.996692, 43.501307, 49.426488, 49.495045
0.996952, 43.762347, 49.588881, 49.705203
0.996910, 43.867316, 49.447441, 49.662483
0.996682, 43.875206, 49.352816, 49.478772
0.996855, 44.183560, 49.631539, 49.679642
0.997060, 44.428379, 49.701186, 49.946023
0.996872, 44.146799, 49.718560, 49.813100
0.996646, 43.885100, 49.377084, 49.544291
0.996804, 44.124804, 49.570423, 49.773329
0.996861, 44.188939, 49.467803, 49.770237
0.996630, 43.951486, 49.405636, 49.730855
0.996407, 43.739839, 49.337626, 49.812912
0.996395, 43.958809, 49.520298, 49.907892
0.996488, 44.104600, 49.546991, 49.980013
0.996108, 43.957334, 49.544467, 49.864278
0.996127, 44.313651, 49.590423, 49.889238
0.996036, 44.366003, 49.753394, 49.993333
0.996597, 44.800106, 50.013618, 50.318254
0.996189, 44.317246, 49.760728, 49.946281
0.996400, 44.335349, 49.612482, 49.971199
0.996320, 44.231815, 49.778404, 50.126273
0.996784, 44.661572, 50.053286, 50.534420
0.996514, 44.300035, 49.761900, 50.139040
0.996552, 44.328329, 49.841220, 50.245651
0.996109, 43.828147, 49.943385, 50.339062
0.996676, 44.356698, 50.082812, 50.458579
0.996598, 44.268296, 49.978846, 50.418349
0.996499, 44.148972, 49.967705, 50.342163
0.996657, 44.218285, 50.034720, 50.347808
0.996622, 44.088476, 49.869145, 50.187491
0.996426, 43.988795, 49.706360, 49.908977
0.996365, 43.967043, 49.348158, 49.584970
0.996237, 43.714357, 49.205969, 49.643890
0.996410, 43.847213, 49.275737, 49.635612
0.996218, 43.891590, 49.325780, 49.581773
0.996043, 43.759132, 49.132392, 49.527131
0.996139, 43.663956, 49.211129, 49.469591
0.996413, 43.990514, 49.248682, 49.559162
0.996327, 44.022262, 49.398821, 49.646352
0.996106, 43.919887, 48.881618, 49.112211
0.996358, 44.021086, 49.006569, 49.128710
0.996505, 44.278412, 49.046571, 49.127591
0.996572, 44.210305, 48.933462, 48.975675
0.996265, 43.798743, 48.642774, 48.662415
0.996427, 43.864772, 48.675751, 48.627638
0.996578, 44.243097, 48.697183, 48.597759
0.996446, 43.724378, 48.257262, 48.161296
0.996349, 43.734992, 48.210870, 48.308921
0.996397, 43.466087, 48.360309, 48.249677
0.996643, 43.972599, 48.644109, 48.810815
0.996493, 43.587343, 48.628065, 48.843800
0.996553, 43.690042, 48.479753, 48.429392
0.996474, 43.571065, 48.574416, 48.657819
0.996615, 43.982961, 48.438980, 48.591299
0.996459, 43.737716, 48.438526, 48.569350
0.996058, 43.292490, 48.033665, 48.038641
0.996231, 43.077774, 48.132330, 48.317717
0.996346, 43.305578, 48.328747, 48.370418
0.996176, 42.865000, 48.214843, 48.432525
0.996467, 43.031158, 48.236717, 48.299747
0.996322, 42.962020, 48.351516, 48.492354
0.996506, 43.351769, 48.405534, 48.519104
0.996499, 43.091458, 48.387334, 48.489361
0.996379, 42.987972, 48.324934, 48.264773
0.996218, 42.902391, 48.362364, 48.480258
0.996533, 43.222200, 48.580945, 48.691249
0.996152, 42.372996, 47.681653, 47.763395
0.996281, 42.800161, 48.172577, 48.215621
0.996384, 42.818221, 48.367597, 48.440482
0.996372, 43.080340, 48.387738, 48.377320
0.996126, 42.599590, 48.329190, 48.240192
0.996311, 42.878863, 48.151278, 48.228388
0.996223, 42.678210, 48.198671, 48.171465
0.996552, 43.368142, 48.397506, 48.414935
0.996387, 43.045786, 48.410503, 48.395659
0.996349, 42.984262, 48.310290, 48.214627
0.996353, 42.904394, 48.296136, 48.283256
0.996631, 43.307846, 48.435979, 48.331010
0.996469, 43.008242, 48.234807, 48.201125
0.996409, 42.939184, 48.060435, 48.013076
0.996406, 42.893211, 47.979018, 47.969167
0.996528, 43.063672, 48.052270, 48.029357
0.996431, 42.823346, 47.897050, 47.872263
0.996438, 42.789503, 47.852941, 47.686930
0.996319, 42.710415, 47.794463, 47.589434
0.996459, 42.934647, 47.832477, 47.826349
0.996366, 42.708655, 47.839921, 47.874660
0.996162, 42.666167, 47.617433, 47.619090
0.996089, 42.504593, 47.706180, 47.712718
0.996448, 42.907735, 47.577628, 47.715798
0.996263, 42.627923, 47.615551, 47.784474
0.996185, 42.552109, 47.400306, 47.471955
0.996202, 42.525480, 47.364848, 47.441114
0.996263, 42.651972, 47.569502, 47.715875
0.996101, 42.478380, 47.550847, 47.887944
0.996211, 42.736777, 47.599134, 47.904968
0.996215, 42.589842, 47.916369, 48.016005
0.996430, 42.940848, 47.770839, 47.932817
0.996366, 42.722844, 47.876298, 48.170182
0.996190, 42.728570, 47.627687, 47.981515
0.996132, 42.534922, 47.691141, 48.011303
0.996510, 42.966699, 47.871385, 47.990409
0.996464, 42.902620, 48.005905, 48.114139
0.996328, 42.785661, 47.913506, 48.161936
0.996479, 42.896054, 48.088924, 48.202072
0.996476, 42.964309, 48.068992, 48.130337
0.996409, 42.736878, 48.169113, 48.250679
0.996574, 42.945404, 48.234720, 48.357406
0.996605, 42.991939, 48.102797, 48.198498
0.996451, 42.819712, 48.053644, 48.186377
0.996613, 42.969319, 48.237890, 48.266871
0.996505, 42.801984, 48.263375, 48.342430
0.996615, 42.891734, 48.312543, 48.419009
0.996702, 42.868402, 48.358209, 48.371403
0.996397, 42.780939, 48.183974, 48.313250
0.996190, 42.452341, 48.157286, 48.288175
0.996510, 42.729239, 48.197465, 48.474429
0.996503, 42.712809, 48.365673, 48.554888
0.996347, 42.390107, 48.339138, 48.345323
0.996365, 42.536110, 48.214411, 48.336916
0.996461, 42.488901, 48.311395, 48.391652
0.996548, 42.687457, 48.270677, 48.520448
0.996456, 42.568158, 48.303317, 48.308656
0.996537, 42.676598, 48.381583, 48.454522
0.996497, 42.666799, 48.633153, 48.683060
0.996508, 42.711504, 48.527871, 48.612270
0.996544, 42.663455, 48.490789, 48.667303
0.996407, 42.590818, 48.430754, 48.581603
0.996252, 42.523647, 48.405038, 48.605505
0.996456, 43.004570, 48.544900, 48.692068
0.996357, 42.924312, 48.486509, 48.495672
0.996183, 42.769388, 48.323693, 48.491617
0.996271, 42.928906, 48.474521, 48.515444
0.996427, 43.024751, 48.497377, 48.631250
0.996261, 42.787023, 48.434297, 48.553066
0.996318, 42.989356, 48.527964, 48.643680
0.996263, 42.981483, 48.693949, 48.765800
0.996522, 43.140412, 48.817065, 48.852648
0.996416, 43.135526, 48.783888, 48.922108
0.996383, 43.105732, 48.840854, 48.967908
0.996629, 43.309992, 48.901715, 49.081192
0.996435, 43.186265, 48.868239, 48.966213
0.996481, 43.294448, 48.907336, 48.922972
0.996371, 43.181775, 48.913472, 48.841553
0.996636, 43.476247, 49.018978, 48.973153
0.996444, 43.361792, 49.065712, 48.972381
0.996390, 43.242984, 49.002475, 48.879503
0.996435, 43.405067, 49.064661, 48.995798
0.996510, 43.425790, 49.173090, 49.112530
0.996265, 43.149639, 49.045420, 49.078924
0.996284, 43.317747, 48.927450, 48.984848
0.996403, 43.296554, 48.958053, 48.976807
0.996493, 43.334681, 48.947197, 49.011860
0.996396, 43.311033, 48.866230, 48.888021
0.996420, 43.353620, 48.830486, 48.967343
0.996377, 43.314090, 48.844998, 48.958002
0.996526, 43.492548, 48.881769, 48.852948
0.996466, 43.394086, 48.810766, 48.815725
0.996359, 43.300889, 48.671285, 48.622319
0.995654, 42.715001, 48.338872, 48.443077
0.995933, 42.873413, 48.357048, 48.342697
0.995924, 42.872554, 48.402962, 48.342875
0.995669, 42.580543, 48.236630, 48.030185
0.995556, 42.376712, 48.113168, 47.930469
