ms-ssim, psnr-y, psnr-u, psnr-v
0.971273, 34.249728, 41.437278, 40.679127
0.969573, 33.935931, 41.319737, 40.436909
0.967095, 33.590421, 41.292627, 40.212261
0.963013, 33.134436, 40.752739, 40.011641
0.962981, 33.193206, 40.631391, 39.538946
0.963826, 33.450587, 40.577514, 39.831427
0.963641, 33.320203, 40.473209, 39.380168
0.962020, 33.131130, 40.420182, 39.588884
0.959548, 32.686833, 40.105984, 39.449292
0.957616, 32.442917, 40.009022, 39.386267
0.954868, 32.281415, 39.351604, 38.894164
0.957043, 32.538036, 39.840485, 39.168665
0.958350, 32.455543, 39.762231, 39.379421
0.959568, 32.622443, 40.128695, 39.635845
0.960087, 32.845913, 40.001487, 39.673832
0.964424, 33.241660, 40.575783, 40.061789
0.966197, 33.494476, 40.660529, 40.163584
0.967709, 33.806227, 40.388576, 40.021188
0.967243, 33.706716, 40.731968, 40.353739
0.969217, 33.978744, 40.764252, 40.617272
0.970382, 33.969491, 40.879366, 40.707389
0.970843, 34.131248, 40.698756, 40.599146
0.971320, 34.269306, 41.068048, 40.669269
0.970806, 34.130921, 41.123266, 40.762507
0.974007, 34.499714, 41.488512, 41.127396
0.976067, 34.724421, 41.256393, 41.473849
0.974463, 34.567488, 41.765799, 41.468129
0.974656, 34.806136, 41.870727, 41.487445
0.975601, 35.038370, 42.087157, 42.112031
0.978088, 35.345139, 41.838726, 41.809337
0.975001, 34.923542, 42.065913, 41.716443
0.975821, 35.045675, 41.770000, 41.512099
0.975591, 34.846015, 42.111946, 41.531314
0.978221, 35.127291, 41.985388, 41.585182
0.976202, 34.878616, 42.269141, 41.651941
0.976438, 34.994248, 41.799993, 41.736391
0.975780, 35.017523, 42.324525, 41.901994
0.977067, 35.174520, 41.982541, 41.823192
0.975694, 35.029220, 42.834795, 42.054617
0.974915, 34.908805, 41.799360, 41.557641
0.971820, 33.279955, 40.297803, 41.326682
0.976104, 34.293277, 40.842505, 41.074334
0.973899, 34.117827, 41.161882, 41.421771
0.974257, 34.396339, 41.131260, 41.070989
0.971324, 33.903617, 41.182384, 41.366480
0.974544, 34.655020, 41.456384, 41.233075
0.968818, 33.939621, 41.388944, 41.091569
0.970515, 34.479136, 41.917895, 41.577736
0.971421, 34.748521, 42.070204, 42.135979
0.975820, 35.512406, 42.203677, 41.865223
0.973388, 34.894327, 42.131153, 42.057009
0.976070, 35.353010, 41.930796, 41.978253
0.976356, 35.479888, 42.081035, 42.056379
0.978004, 35.781633, 42.262625, 42.004582
0.973773, 34.871506, 42.422096, 41.625418
0.976545, 35.640412, 42.643095, 41.991914
0.975395, 35.395196, 42.573257, 42.376061
0.979066, 36.104270, 42.564287, 42.363525
0.977289, 35.869748, 42.488506, 42.442958
0.976648, 35.679345, 42.415438, 42.242127
0.975075, 34.833070, 42.128081, 41.651291
0.978733, 35.895372, 42.591062, 42.192840
0.976532, 35.206113, 42.821515, 42.062845
0.977668, 35.633972, 43.185893, 42.251025
0.977070, 34.829003, 42.935481, 41.862855
0.979258, 35.375021, 42.924349, 42.022487
0.976864, 34.587979, 42.516449, 41.641099
0.977899, 34.689313, 41.969979, 41.207362
0.979094, 34.887591, 41.810209, 41.393839
0.979883, 35.206189, 42.069110, 41.648082
0.979853, 35.131852, 42.015706, 41.187361
0.979114, 34.756643, 41.638049, 41.240266
0.977532, 34.567477, 41.868557, 41.343027
0.977428, 34.572505, 41.882562, 41.430408
0.976545, 34.387398, 42.045736, 41.472198
0.979235, 34.801196, 41.844077, 41.343455
0.978092, 34.357056, 41.796001, 41.463918
0.977163, 34.467839, 41.726814, 41.405561
0.976528, 33.968580, 41.610778, 41.308774
0.980116, 34.990006, 41.697938, 41.470475
0.977686, 34.699990, 41.865545, 41.267610
0.978377, 34.715003, 42.024693, 41.484171
0.978507, 34.675985, 42.008937, 41.553192
0.981695, 35.485346, 41.957535, 41.678088
0.981386, 35.425965, 41.933976, 41.737560
0.979674, 34.882107, 41.687173, 41.545129
0.979654, 34.890696, 41.687982, 41.560634
0.979537, 34.852286, 41.693729, 41.563892
0.979514, 34.870111, 41.695620, 41.546397
0.979479, 34.865498, 41.658597, 41.502967
0.973732, 33.708367, 40.713944, 40.558662
0.975346, 34.272472, 41.293718, 41.298825
0.973974, 34.051349, 41.377912, 41.493522
0.973794, 34.277198, 41.525333, 41.828244
0.972396, 33.758391, 41.009038, 41.303585
0.976799, 34.812449, 41.802486, 41.886151
0.975373, 34.614009, 41.712371, 41.430444
0.977073, 35.085177, 41.931611, 41.563143
0.976787, 35.049054, 42.156109, 42.189681
0.978441, 35.295181, 41.904383, 41.917001
0.976286, 35.024836, 41.868236, 41.998160
0.973211, 34.292008, 41.558277, 41.720868
0.977294, 35.372089, 41.871370, 42.020530
0.973580, 34.613340, 41.598112, 41.431207
0.973504, 34.720445, 41.661660, 41.764387
0.971425, 34.143929, 41.232520, 41.644608
0.977811, 35.446829, 41.817271, 41.852035
0.971950, 34.054694, 41.384808, 41.665225
0.976054, 35.166184, 41.801813, 42.139656
0.971558, 33.952438, 41.516988, 41.452476
0.976783, 35.484981, 41.680396, 42.102564
0.974219, 35.130993, 42.167500, 42.002592
0.975615, 35.152916, 41.572516, 41.699522
0.971195, 34.143125, 41.260967, 41.057868
0.976700, 35.415949, 41.544309, 41.722849
0.970717, 33.951747, 41.215548, 41.402204
0.974671, 35.005597, 41.653011, 41.613012
0.974106, 34.521753, 41.515358, 41.477850
0.977581, 35.490958, 41.604762, 41.735378
0.973707, 34.696712, 41.659133, 41.641861
0.974576, 35.149975, 41.637402, 41.738379
0.976186, 35.336896, 41.829598, 41.958519
0.977960, 35.627150, 41.792012, 42.098750
0.972042, 33.972557, 40.586895, 41.035556
0.976941, 35.151857, 41.065242, 41.414672
0.974240, 34.180621, 39.981068, 40.784583
0.979707, 35.601979, 40.817357, 41.244649
0.977889, 35.057704, 40.985991, 41.509657
0.975292, 34.471534, 40.706528, 41.158503
0.975364, 34.226216, 40.752272, 41.461356
0.978515, 34.827720, 40.519670, 41.096544
0.978071, 34.472909, 40.332728, 41.162531
0.977814, 34.672844, 40.610259, 41.095266
0.978072, 34.703153, 40.583487, 41.175870
0.982317, 35.464327, 40.281379, 41.175973
0.979290, 34.358956, 40.289248, 40.382180
0.980639, 34.866485, 40.580678, 40.910802
0.980123, 34.462613, 40.529990, 40.876967
0.981427, 35.183572, 40.902881, 41.047313
0.981287, 34.713471, 40.742558, 41.126042
0.980017, 34.599873, 40.857377, 40.799761
0.981227, 34.912472, 40.553850, 40.885289
0.980981, 34.688886, 40.644526, 40.853877
0.981832, 35.037218, 40.651230, 41.201500
0.981290, 34.700050, 40.399964, 40.918737
0.981684, 35.149423, 40.974137, 41.091267
0.980278, 34.684310, 40.457183, 40.909481
0.980866, 34.799056, 41.069853, 41.135229
0.980458, 34.823975, 41.024460, 41.251162
0.981543, 34.959730, 40.624839, 41.172583
0.982051, 35.132222, 40.891380, 41.286087
0.981544, 34.918730, 40.878182, 41.416518
0.981245, 34.920442, 40.791475, 41.062404
0.981953, 35.365666, 41.235020, 41.377231
0.982285, 35.231985, 40.871853, 41.271530
0.982381, 35.300500, 40.843805, 41.417351
0.983406, 35.506643, 41.352365, 41.522958
0.983272, 35.370982, 41.502339, 41.299635
0.982136, 35.059211, 41.012170, 41.543041
0.982885, 35.365273, 41.325867, 41.637821
0.981876, 35.095522, 41.272931, 41.327995
0.984034, 35.549873, 41.429427, 41.453534
0.984529, 35.788437, 41.545465, 41.873984
0.983443, 35.357674, 41.189560, 41.813699
0.983632, 35.459996, 41.213681, 41.684399
0.983895, 35.529982, 41.598263, 41.569252
0.984161, 35.577043, 41.478144, 41.384017
0.983748, 34.768950, 40.907999, 40.579096
0.984555, 35.172131, 41.252208, 40.872364
0.984463, 34.945315, 40.875528, 41.369022
0.984667, 35.302077, 41.052371, 41.412429
0.984395, 35.280313, 41.069853, 41.118902
0.984267, 35.436501, 41.164512, 40.965937
0.984046, 35.039525, 40.825976, 41.063773
0.984687, 35.823826, 41.684669, 41.665570
0.984318, 35.457392, 41.276610, 41.132752
0.984214, 35.688429, 41.379169, 41.280048
0.984222, 35.821787, 41.550578, 41.436078
0.984728, 36.096243, 41.501194, 41.518433
0.984884, 36.118746, 41.781484, 41.780263
0.984360, 36.080398, 41.830315, 41.705090
0.984488, 35.885313, 41.787316, 41.724015
0.983550, 35.662993, 41.633898, 41.561832
0.982223, 35.269962, 41.728331, 41.670250
0.983853, 35.996304, 41.735456, 41.782035
0.984004, 35.890721, 41.718499, 41.854797
0.984056, 35.871856, 41.646402, 41.859887
0.983998, 35.846812, 42.183542, 41.924442
0.984146, 36.090870, 42.076607, 41.992286
0.983858, 35.988474, 42.101335, 41.891600
0.983865, 35.964840, 42.352237, 42.011012
0.983663, 35.980837, 42.285386, 41.769371
0.983668, 36.020187, 42.059233, 41.938098
0.983670, 36.117094, 42.017411, 42.025818
0.982097, 35.420216, 41.741460, 41.826055
0.979280, 35.378993, 42.295747, 42.268260
0.979785, 35.582593, 42.231806, 42.366137
0.981640, 35.876098, 41.922896, 42.142008
0.978774, 35.210641, 42.012590, 41.929777
0.978293, 35.418712, 42.727617, 42.000645
0.978887, 35.562465, 42.792640, 42.375474
0.981315, 35.990433, 42.692114, 42.398473
0.980304, 35.727057, 42.730311, 42.382252
0.981313, 36.064659, 42.707489, 42.317435
0.978249, 35.054232, 42.178059, 42.039295
0.981840, 36.165527, 42.626989, 42.548283
0.978964, 35.364096, 42.680715, 41.957165
0.979912, 35.811097, 42.875438, 42.041218
0.979356, 35.318264, 42.624788, 41.769568
0.982467, 36.376026, 42.725120, 42.228705
0.981596, 36.150076, 43.007581, 42.424790
0.982047, 36.227755, 43.009670, 42.490361
0.978593, 35.119149, 42.604226, 41.743802
0.983455, 36.411394, 42.806580, 42.232417
0.980964, 35.611476, 42.912683, 41.952862
0.979671, 35.248810, 42.162811, 41.469192
0.981423, 35.900107, 42.512672, 41.840363
0.982929, 36.214262, 42.633836, 42.155680
0.982167, 35.952397, 42.337710, 42.056295
0.980063, 35.424295, 42.348915, 41.756588
0.982356, 35.850642, 42.389993, 42.083187
0.983099, 36.009949, 42.019282, 41.980025
0.980926, 35.249052, 41.935771, 41.857882
0.981568, 35.987048, 42.438879, 41.668638
0.981286, 35.985863, 42.362895, 42.047787
0.981982, 36.235112, 42.492540, 42.135595
0.981202, 36.127534, 42.514957, 42.092442
0.974380, 34.800255, 42.728792, 42.454301
0.976782, 34.740740, 42.284943, 42.197041
0.980645, 36.099446, 42.566221, 42.203807
0.978690, 35.990041, 42.510203, 42.381710
0.980494, 36.347351, 42.525554, 42.371187
0.978449, 35.347423, 42.610037, 42.155852
0.981300, 36.521884, 42.903342, 42.730017
0.979953, 36.029355, 43.349634, 42.937742
0.979288, 35.724315, 42.783801, 42.480543
0.979233, 35.877359, 42.900131, 42.543868
0.981756, 36.594662, 42.869211, 42.605321
0.980043, 35.936819, 42.810870, 42.493932
0.979340, 35.596309, 42.489294, 41.897016
0.979574, 35.469599, 42.632159, 42.195135
0.980253, 35.830582, 42.066544, 41.762622
0.978341, 35.404444, 42.156753, 41.743685
0.980322, 35.827826, 42.375880, 41.770667
0.978386, 35.145510, 42.398291, 41.841920
0.981818, 36.184686, 42.241777, 42.248481
0.980353, 35.980710, 42.555666, 42.185789
0.980656, 36.132840, 42.376287, 42.281407
0.981748, 35.805886, 42.093711, 41.570564
0.981791, 35.941479, 42.411247, 41.798807
0.991229, 38.451573, 44.505259, 43.977347
0.988212, 36.908693, 43.752145, 43.181597
0.984727, 36.247060, 43.033563, 42.518735
0.984586, 36.148160, 42.914369, 42.588738
0.984456, 36.308552, 42.889139, 42.308044
0.983332, 35.944071, 42.665966, 42.231456
0.983184, 35.961972, 42.596713, 42.191022
0.981963, 35.600155, 42.291759, 41.798570
0.975462, 34.265931, 41.602116, 41.382939
0.974349, 33.971460, 42.089524, 41.882401
0.976774, 34.875869, 42.077492, 41.844356
0.975245, 34.523945, 41.912777, 41.712100
0.977363, 35.002255, 41.732884, 41.858484
0.976522, 34.482069, 41.544234, 41.757253
0.979965, 35.315860, 42.004416, 41.936628
0.977604, 34.786241, 42.012383, 41.788342
0.978190, 34.803289, 42.019449, 41.919805
0.977734, 34.367014, 42.233029, 41.986007
0.980313, 35.312951, 41.857882, 41.711325
0.978352, 34.504175, 42.451956, 42.117218
0.978304, 34.619728, 41.723587, 41.501527
0.976856, 33.957575, 41.626976, 41.503890
0.980069, 35.082159, 41.693652, 41.257266
0.978223, 34.500996, 41.736703, 41.724559
0.980453, 35.105647, 41.793354, 41.566814
0.981428, 35.399903, 41.728720, 41.520584
0.980969, 35.414494, 41.614983, 41.609907
0.980515, 35.275640, 41.796909, 41.783572
0.981728, 35.703264, 41.613732, 41.796672
0.981681, 35.672972, 41.620520, 41.737053
0.981143, 35.524783, 41.421735, 41.687520
0.981577, 35.628831, 41.527673, 41.618471
0.979544, 35.199156, 41.213785, 41.232798
0.977779, 34.781997, 41.246598, 41.311211
0.978060, 34.855535, 41.041397, 41.236617
0.978896, 35.144194, 41.162395, 41.392255
0.979401, 35.295668, 40.976492, 41.222813
0.979143, 35.275138, 41.432079, 41.569289
0.979275, 35.348010, 41.402132, 41.613316
0.980051, 35.722666, 41.580893, 41.552557
0.980131, 35.664327, 41.594489, 41.680396
0.979229, 35.399233, 41.649686, 41.469375
0.979379, 35.315564, 41.502117, 41.294563
0.979894, 35.439654, 41.501268, 41.574730
0.979666, 35.419902, 41.419307, 41.438515
0.978611, 35.272975, 41.544719, 41.564042
0.978211, 35.181036, 41.210296, 41.499090
0.977292, 34.972301, 41.023533, 41.546770
0.976665, 34.908327, 40.743519, 41.216481
0.975052, 34.501128, 40.694645, 40.982975
