ms-ssim, psnr-y, psnr-u, psnr-v
0.996300, 38.082623, 41.509524, 43.769895
0.996307, 38.116511, 41.508867, 43.776226
0.996308, 38.102647, 41.510197, 43.780654
0.996314, 38.136119, 41.509245, 43.782620
0.996306, 38.088292, 41.483291, 43.752720
0.996311, 38.139989, 41.487388, 43.737998
0.996226, 38.093792, 41.464227, 43.702523
0.996222, 38.104781, 41.461368, 43.693503
0.996200, 38.082671, 41.452125, 43.677735
0.996220, 38.109524, 41.457669, 43.672060
0.996224, 38.109741, 41.455350, 43.672006
0.996225, 38.122213, 41.501210, 43.690518
0.996226, 38.099433, 41.504438, 43.686452
0.996231, 38.122894, 41.506144, 43.684501
0.996227, 38.115134, 41.505816, 43.681171
0.996230, 38.120278, 41.505275, 43.681875
0.996224, 38.108944, 41.500669, 43.673816
0.996232, 38.119437, 41.506127, 43.676735
0.996226, 38.116026, 41.501161, 43.675356
0.996231, 38.134956, 41.501292, 43.674437
0.996228, 38.112458, 41.493042, 43.667957
0.997023, 38.430452, 41.951068, 44.211350
0.997028, 38.463409, 41.957887, 44.217654
0.997028, 38.458941, 41.957742, 44.203285
0.997656, 38.959750, 43.077937, 45.476197
0.997657, 38.949610, 43.082203, 45.479185
0.997666, 38.987163, 43.126161, 45.491034
0.997666, 38.979559, 43.125375, 45.470023
0.998254, 39.539851, 44.313481, 47.065719
0.998263, 39.532184, 44.317427, 47.063891
0.998268, 39.555940, 44.342631, 47.112641
0.998274, 39.559663, 44.343230, 47.112581
0.998371, 39.627828, 44.547191, 47.446690
0.998382, 39.627605, 44.539171, 47.448558
0.998377, 39.632972, 44.549868, 47.464439
0.998381, 39.633393, 44.546696, 47.463728
0.998394, 39.652617, 44.514181, 47.447785
0.998401, 39.652130, 44.525080, 47.462435
0.998399, 39.654239, 44.523962, 47.460689
0.998406, 39.659304, 44.529585, 47.460108
0.998405, 39.659886, 44.529684, 47.463922
0.998405, 39.657863, 44.527644, 47.467027
0.998400, 39.659398, 44.528697, 47.465539
0.998404, 39.659980, 44.533832, 47.484144
0.998406, 39.665285, 44.550893, 47.495854
0.998410, 39.666844, 44.556253, 47.510667
0.998410, 39.669589, 44.558505, 47.511517
0.998414, 39.669775, 44.556385, 47.515507
0.998489, 39.733770, 44.744821, 47.763669
0.998509, 39.732756, 44.766936, 47.797544
0.998504, 39.736888, 44.773927, 47.804532
0.998542, 39.735753, 44.803089, 47.839010
0.998662, 39.882232, 45.227829, 48.368833
0.998668, 39.883273, 45.227018, 48.376964
0.998667, 39.882991, 45.231811, 48.374491
0.998672, 39.883031, 45.234287, 48.375688
0.998775, 40.021228, 45.564820, 49.097548
0.998782, 40.022623, 45.571298, 49.095288
0.998781, 40.022655, 45.569918, 49.093217
0.998786, 40.023527, 45.569667, 49.094253
0.998836, 40.081090, 45.702837, 49.406105
0.998841, 40.083702, 45.708401, 49.420895
0.998841, 40.083634, 45.713541, 49.415926
0.998844, 40.085094, 45.707883, 49.425566
0.998856, 40.095017, 45.732684, 49.463624
0.998864, 40.099761, 45.740982, 49.487259
0.998871, 40.100123, 45.715702, 49.483551
0.998877, 40.100339, 45.723102, 49.493342
0.998877, 40.102841, 45.726655, 49.501088
0.998880, 40.104064, 45.728779, 49.507709
0.998879, 40.102716, 45.727305, 49.506260
0.998881, 40.103334, 45.733726, 49.518074
0.998881, 40.102814, 45.738852, 49.520669
0.998883, 40.103675, 45.739895, 49.522227
0.998882, 40.103503, 45.739721, 49.521915
0.998885, 40.104898, 45.741939, 49.517347
0.998886, 40.105213, 45.744202, 49.521500
0.998887, 40.104922, 45.747598, 49.528256
0.998887, 40.104361, 45.747990, 49.527736
0.998888, 40.104904, 45.750778, 49.534605
0.998895, 40.128936, 45.804813, 49.590064
0.998901, 40.131630, 45.826581, 49.602426
0.998903, 40.130701, 45.830752, 49.608673
0.998909, 40.133283, 45.831418, 49.613868
0.998934, 40.161837, 45.934585, 49.792098
0.998940, 40.163907, 45.935131, 49.809708
0.998940, 40.165175, 45.936223, 49.811484
0.998941, 40.164265, 45.935040, 49.814816
0.998958, 40.194006, 46.018977, 50.009216
0.998962, 40.194673, 46.022224, 50.015263
0.998962, 40.194003, 46.021992, 50.016427
0.998964, 40.194152, 46.029049, 50.023766
0.998973, 40.203398, 46.055853, 50.045857
0.998975, 40.205586, 46.054264, 50.056064
0.998975, 40.204884, 46.054731, 50.051486
0.998976, 40.205148, 46.056742, 50.057944
0.998978, 40.232867, 46.118730, 49.914850
0.998979, 40.247917, 46.117354, 49.940966
0.998980, 40.250551, 46.116311, 49.935022
0.998980, 40.250959, 46.119773, 49.936850
0.998979, 40.255645, 46.119726, 49.939021
0.998976, 40.254551, 46.117069, 49.939708
0.998961, 40.245247, 46.112898, 49.935707
0.999062, 39.807813, 45.250222, 50.961934
0.998998, 39.779405, 45.171546, 50.655661
0.998964, 39.762584, 45.139811, 50.538848
0.998969, 39.760389, 45.140265, 50.551864
0.998968, 39.760542, 45.142387, 50.529145
0.998968, 39.764549, 45.134361, 50.513326
0.998965, 39.760976, 45.116622, 50.443549
0.998918, 39.747274, 45.091984, 50.370833
0.998898, 39.706334, 45.010985, 50.047498
0.998900, 39.712285, 45.007825, 50.038481
0.998899, 39.711672, 45.013486, 50.030066
0.998902, 39.712716, 45.015914, 50.024932
0.998908, 39.717127, 45.017055, 50.057356
0.998953, 39.745537, 45.093482, 50.274046
0.998956, 39.746727, 45.106577, 50.312004
0.998956, 39.746741, 45.107554, 50.305654
0.998957, 39.747151, 45.108193, 50.328856
0.998971, 39.753226, 45.115530, 50.377405
0.998970, 39.754560, 45.125822, 50.406339
0.998971, 39.754818, 45.125973, 50.403793
0.998976, 39.756487, 45.128314, 50.408758
0.998981, 39.750078, 45.082892, 50.327605
0.998980, 39.750166, 45.080987, 50.334989
0.999002, 39.777154, 45.169372, 50.498864
0.999008, 39.781585, 45.170783, 50.521032
0.999007, 39.778207, 45.155858, 50.520771
0.999004, 39.776604, 45.153198, 50.511499
0.999007, 39.777777, 45.155022, 50.507457
0.999009, 39.778611, 45.157265, 50.516981
0.999009, 39.779399, 45.168076, 50.535699
0.999011, 39.780036, 45.172041, 50.541475
0.999011, 39.779162, 45.169334, 50.534912
0.999012, 39.779534, 45.173949, 50.548047
0.999012, 39.778578, 45.173377, 50.545548
0.999013, 39.778738, 45.174904, 50.547652
0.999013, 39.778746, 45.175133, 50.542394
0.999013, 39.779124, 45.179410, 50.555552
0.999003, 39.778196, 45.148377, 50.558584
0.999007, 39.768123, 45.117225, 50.520771
0.999013, 39.769736, 45.119260, 50.538980
0.999017, 39.771815, 45.121371, 50.546074
0.999023, 39.774545, 45.136820, 50.551864
0.999027, 39.776105, 45.137047, 50.542657
0.999026, 39.775915, 45.138448, 50.544760
0.999027, 39.775852, 45.136442, 50.562278
0.999033, 39.779270, 45.155516, 50.634675
0.999038, 39.779989, 45.157303, 50.641390
0.999037, 39.779612, 45.159813, 50.649327
0.999039, 39.780108, 45.160421, 50.653234
0.999039, 39.780273, 45.171202, 50.667949
0.999039, 39.781144, 45.171660, 50.667408
0.999042, 39.781290, 45.179181, 50.672414
0.999044, 39.782092, 45.177882, 50.695624
0.999047, 39.788314, 45.167885, 50.726628
0.999058, 39.788714, 45.169067, 50.757717
0.999059, 39.789399, 45.166742, 50.760203
0.999060, 39.788764, 45.166780, 50.754819
0.999064, 39.791020, 45.171774, 50.773069
0.999066, 39.792413, 45.171851, 50.778753
0.999066, 39.792023, 45.176087, 50.776395
0.999066, 39.790683, 45.173987, 50.793483
0.999071, 39.795047, 45.183960, 50.821271
0.999067, 39.794627, 45.186065, 50.817071
0.999071, 39.794364, 45.186945, 50.840788
0.999072, 39.794541, 45.190124, 50.857990
0.999075, 39.794679, 45.184419, 50.867466
0.999076, 39.795196, 45.186677, 50.880086
0.999071, 39.792584, 45.184611, 50.867466
0.999083, 39.800271, 45.185682, 50.903865
0.999087, 39.802461, 45.185146, 50.951095
0.999090, 39.804348, 45.191809, 50.961356
0.999089, 39.803869, 45.196334, 50.954272
0.999090, 39.804736, 45.195375, 50.957162
0.999092, 39.808263, 45.209012, 50.977590
0.999090, 39.808440, 45.206743, 50.968161
0.999094, 39.809467, 45.207435, 50.984712
0.999095, 39.809028, 45.214980, 50.991846
0.999093, 39.809949, 45.212014, 50.999283
0.999096, 39.809952, 45.218796, 51.018591
0.999096, 39.809633, 45.219953, 51.018005
0.999097, 39.811240, 45.218796, 51.020644
0.999099, 39.814863, 45.221419, 51.038723
0.999100, 39.816311, 45.226593, 51.051703
0.999100, 39.817598, 45.226284, 51.042554
0.999105, 39.818726, 45.229414, 51.045060
0.999108, 39.821627, 45.234248, 51.055545
0.999108, 39.820350, 45.236145, 51.049635
0.999108, 39.820450, 45.236803, 51.049488
0.999108, 39.820253, 45.236997, 51.052737
0.999108, 39.820795, 45.233552, 51.048749
0.999107, 39.820904, 45.231502, 51.042111
0.999108, 39.821196, 45.232701, 51.053033
0.999109, 39.821215, 45.228138, 51.050964
0.999110, 39.821569, 45.228447, 51.055841
0.999110, 39.821243, 45.227868, 51.053771
0.999110, 39.821277, 45.227868, 51.053033
0.999111, 39.821371, 45.225743, 51.055841
0.999111, 39.822081, 45.228525, 51.059983
0.999111, 39.822245, 45.228602, 51.061316
0.999111, 39.822200, 45.228022, 51.061019
0.999111, 39.822292, 45.227906, 51.063981
0.999111, 39.822211, 45.228215, 51.066056
0.999111, 39.822504, 45.228486, 51.062944
0.999111, 39.822504, 45.228254, 51.063093
0.999111, 39.823255, 45.230651, 51.061908
0.999111, 39.823425, 45.230496, 51.061168
0.999111, 39.823430, 45.230806, 51.063241
0.999112, 39.823403, 45.230844, 51.062796
0.999112, 39.823614, 45.231618, 51.062944
0.999112, 39.823798, 45.232004, 51.063833
0.999112, 39.823806, 45.231927, 51.064426
0.999112, 39.823798, 45.232004, 51.063981
0.999112, 39.823405, 45.238081, 51.085962
0.999112, 39.823792, 45.236842, 51.085962
0.999112, 39.823865, 45.236726, 51.085813
0.999112, 39.823848, 45.236726, 51.085813
0.999112, 39.823469, 45.236223, 51.089090
0.999112, 39.823873, 45.236223, 51.089090
0.999112, 39.823876, 45.234984, 51.084920
0.999111, 39.823341, 45.232778, 51.070950
0.999679, 48.333277, 58.236893, 57.764431
0.999439, 47.290676, 55.741113, 55.136366
0.999435, 47.299291, 55.375131, 54.685380
0.999398, 47.215752, 55.063576, 54.439741
0.999530, 47.501786, 55.502092, 55.079231
0.999376, 47.061503, 54.654116, 53.939223
0.999371, 47.071446, 54.382111, 53.897491
0.999361, 47.221818, 54.778454, 54.049464
0.999506, 47.492533, 55.300227, 54.584584
0.999350, 47.138603, 54.515821, 53.784616
0.999377, 47.184503, 54.544780, 53.980200
0.999315, 47.008645, 54.292401, 53.824153
0.999500, 47.497499, 54.998945, 54.678224
0.999333, 46.998103, 54.219491, 53.759191
0.999399, 47.170715, 54.384020, 53.970932
0.999383, 47.085989, 54.655471, 54.200539
0.999563, 47.672889, 55.496333, 55.289631
0.999404, 47.254816, 54.684016, 54.436197
0.999410, 47.197727, 54.799411, 54.366555
0.999388, 47.065778, 54.729600, 54.271577
0.999522, 47.423324, 55.235100, 54.886764
0.999378, 47.114818, 54.562647, 54.063333
0.999375, 47.029468, 54.540490, 54.078135
0.999332, 46.696955, 54.266619, 53.860949
0.999487, 47.182382, 54.694598, 54.340331
0.999374, 46.825484, 54.317083, 53.882157
0.999376, 46.872759, 54.273438, 53.861796
0.999333, 46.684089, 54.285552, 53.833673
0.999443, 47.060044, 54.554697, 54.076949
0.999301, 46.525152, 53.984842, 53.566511
0.999308, 46.625384, 53.970354, 53.606231
0.999282, 46.598466, 54.006957, 53.534471
0.999406, 46.964830, 54.251470, 53.923741
0.999256, 46.562074, 53.764429, 53.344538
0.999251, 46.497991, 53.758089, 53.332532
0.999214, 46.374329, 53.714507, 53.293000
0.999376, 46.832523, 54.134547, 53.621420
0.999223, 46.312033, 54.000835, 53.478835
0.999148, 46.229469, 53.525061, 53.011970
0.999151, 46.342295, 53.614751, 53.216943
0.999365, 46.883636, 54.042106, 53.773820
0.999185, 46.280835, 53.696815, 53.303904
0.999171, 46.255609, 53.677303, 53.293990
0.999144, 45.962618, 53.754509, 53.375454
0.999351, 46.754115, 54.019519, 53.645512
0.999187, 46.310248, 53.669468, 53.337780
0.999210, 46.323792, 53.612886, 53.130975
0.999188, 46.363775, 53.629168, 53.242556
0.999326, 46.725189, 53.950727, 53.608359
0.999207, 46.441580, 53.554139, 53.151769
0.999184, 46.132283, 53.494880, 53.182545
0.999189, 46.296931, 53.549148, 53.208197
0.999289, 46.589376, 53.789330, 53.551249
0.999096, 45.984837, 53.218646, 52.812246
0.999088, 45.996929, 53.225220, 52.798310
0.999087, 45.983952, 53.224733, 52.883057
0.999275, 46.551514, 53.727891, 53.355823
0.999093, 46.005749, 53.339031, 53.007564
0.999094, 45.996894, 53.269304, 52.879455
0.999078, 45.876039, 53.316328, 52.879455
0.999253, 46.363964, 53.631576, 53.263155
0.999093, 46.018606, 53.363866, 52.919922
0.999102, 45.944407, 53.354567, 52.870464
0.999100, 45.915914, 53.346792, 52.928562
0.999216, 46.316685, 53.590034, 53.134792
0.999113, 46.057116, 53.259715, 52.801403
0.999123, 46.090487, 53.231316, 52.711503
0.999120, 46.025728, 53.170978, 52.689262
0.999160, 46.171567, 53.416257, 53.000386
0.999073, 45.796579, 53.236932, 52.769912
0.999079, 45.864122, 53.241088, 52.744752
0.999057, 45.833772, 53.189306, 52.612408
0.999103, 45.961668, 53.210868, 52.765745
0.998998, 45.729267, 52.896817, 52.462870
0.999024, 45.751955, 52.976159, 52.569245
0.998922, 45.413507, 52.693356, 52.247114
0.998844, 45.025936, 52.921967, 52.435358
