ms-ssim, psnr-y, psnr-u, psnr-v
0.980411, 35.039707, 40.203408, 39.624974
0.978842, 34.920892, 40.193315, 39.625262
0.977285, 34.709627, 40.204038, 39.511796
0.976497, 34.529994, 40.127969, 39.290770
0.978002, 34.652190, 40.088214, 39.256286
0.976750, 34.710345, 40.218357, 39.220763
0.976908, 34.704845, 40.080754, 39.215002
0.978164, 34.816408, 40.114587, 39.207898
0.978474, 34.706335, 40.049825, 39.154597
0.972627, 34.186919, 39.894444, 38.864308
0.972308, 34.129144, 39.880923, 38.865234
0.971326, 34.049959, 39.826729, 38.853458
0.970888, 33.894597, 39.601238, 38.809533
0.972156, 34.207860, 39.875131, 39.006217
0.971136, 34.085180, 39.985597, 39.000297
0.973965, 34.097569, 39.885146, 38.879564
0.975701, 34.261262, 39.875740, 38.820951
0.976594, 34.504937, 40.056782, 39.108365
0.977505, 34.598718, 40.084056, 39.138496
0.979235, 34.779718, 40.216160, 39.356288
0.981363, 35.044375, 40.328442, 39.343105
0.980891, 35.170556, 40.555008, 39.823692
0.983157, 35.506789, 40.684722, 40.062266
0.984071, 35.640967, 40.701642, 40.068261
0.985947, 35.969121, 40.755972, 40.012689
0.985653, 36.216383, 41.095703, 40.305253
0.985908, 36.090671, 41.141987, 40.304721
0.986796, 36.297136, 41.114374, 40.554741
0.987957, 36.527659, 41.099741, 40.578051
0.987786, 36.632011, 41.311494, 40.752304
0.987689, 36.557968, 41.240822, 40.674699
0.987760, 36.534736, 41.182727, 40.716994
0.989203, 36.785313, 41.172207, 40.704437
0.989568, 37.008063, 41.626444, 41.238528
0.989784, 37.049766, 41.602456, 41.210365
0.989248, 37.029822, 41.860328, 41.440299
0.989253, 37.026916, 41.821999, 41.226936
0.989814, 37.142502, 41.869682, 41.388656
0.990679, 37.246607, 41.829478, 41.304114
0.989624, 37.245530, 42.065073, 41.595697
0.990287, 37.393312, 42.197345, 41.577209
0.990291, 37.308476, 42.177541, 41.593924
0.991426, 37.545840, 42.099258, 41.807593
0.990751, 37.448593, 42.265177, 41.915010
0.991255, 37.543851, 42.352417, 42.051809
0.990891, 37.382390, 42.183455, 41.826533
0.991480, 37.533495, 42.118452, 41.783966
0.990430, 37.262003, 42.211062, 41.704587
0.991119, 37.461820, 42.362895, 41.879942
0.991178, 37.477886, 42.361814, 41.882683
0.992089, 37.767382, 42.476843, 41.962910
0.991107, 37.625528, 42.615712, 42.114198
0.991585, 37.762782, 42.686726, 42.144577
0.991428, 37.619815, 42.730164, 42.189767
0.992447, 37.912859, 42.701741, 42.194875
0.991973, 37.818233, 42.854212, 42.297920
0.992113, 37.798372, 42.943348, 42.363210
0.992285, 37.846349, 42.844493, 42.234865
0.992400, 37.882605, 42.826622, 42.227439
0.991385, 37.627987, 42.931220, 42.176462
0.991827, 37.738354, 42.859812, 42.294993
0.992179, 37.885578, 42.875793, 42.364471
0.993063, 38.111033, 42.977861, 42.451267
0.992599, 38.040877, 43.153474, 42.654780
0.992668, 38.059352, 43.170412, 42.654828
0.992279, 37.815277, 43.152717, 42.610275
0.993397, 38.193471, 43.052941, 42.727666
0.992926, 38.080144, 43.030937, 42.680231
0.993050, 38.100306, 42.903444, 42.611514
0.993478, 38.126248, 42.901965, 42.617001
0.993458, 38.132027, 42.887970, 42.618433
0.992641, 37.970963, 43.025270, 42.574060
0.993071, 38.111654, 43.126658, 42.638007
0.993072, 38.067156, 43.078454, 42.655647
0.994067, 38.415279, 43.262254, 42.849929
0.992978, 38.012886, 43.066950, 42.625601
0.993210, 38.193467, 43.203233, 42.682944
0.993276, 38.146937, 43.222452, 42.875590
0.994274, 38.516193, 43.533329, 43.113152
0.993877, 38.342216, 43.489515, 43.117810
0.993434, 38.206350, 43.415052, 43.034719
0.993517, 38.210371, 43.488932, 43.092385
0.994398, 38.536615, 43.500325, 43.055792
0.993638, 38.277584, 43.454873, 42.935995
0.993745, 38.324063, 43.425160, 43.056109
0.993835, 38.401722, 43.364124, 43.003770
0.994361, 38.474027, 43.393764, 42.867138
0.993709, 38.216294, 43.486015, 42.778001
0.994036, 38.405598, 43.623808, 43.018091
0.993959, 38.343385, 43.768667, 43.194554
0.994548, 38.562891, 43.709639, 43.216091
0.994227, 38.521674, 43.732845, 43.276011
0.994170, 38.384417, 43.742732, 43.126336
0.994320, 38.314765, 43.593040, 43.198318
0.994844, 38.587175, 43.545489, 43.211052
0.994445, 38.462783, 43.723535, 43.226240
0.994432, 38.538271, 43.827057, 43.190467
0.994354, 38.476032, 43.793381, 43.165102
0.994757, 38.637796, 43.768045, 43.284130
0.994377, 38.419863, 43.655705, 43.124673
0.994719, 38.585670, 43.656069, 43.117382
0.994474, 38.406322, 43.707368, 43.000379
0.994911, 38.624312, 43.504598, 43.082863
0.994430, 38.400415, 43.423952, 42.799903
0.994665, 38.088768, 43.228657, 42.479987
0.994665, 38.175743, 43.328889, 42.632734
0.994995, 38.501887, 43.482169, 42.931939
0.994665, 38.266311, 43.313619, 42.537020
0.994697, 38.412876, 43.354101, 42.780925
0.994513, 38.240113, 43.290759, 42.553125
0.994931, 38.611425, 43.555728, 43.114437
0.994384, 38.449968, 43.573065, 43.156878
0.994877, 38.741327, 43.654250, 43.285243
0.994598, 38.546869, 43.567773, 43.059808
0.994908, 38.781386, 43.653038, 43.452847
0.994416, 38.607147, 43.564209, 43.310146
0.994692, 38.765630, 43.659102, 43.390169
0.994576, 38.696527, 43.605009, 43.462928
0.995017, 38.922280, 43.689243, 43.642628
0.994275, 38.690275, 43.772402, 43.435407
0.994474, 38.557625, 43.505418, 43.305669
0.994371, 38.463040, 43.394278, 43.181651
0.995110, 38.882093, 43.758845, 43.587664
0.994535, 38.696087, 43.762324, 43.559818
0.994736, 38.745103, 43.652977, 43.450822
0.994582, 38.508898, 43.404567, 43.321753
0.995113, 38.745774, 43.762013, 43.515562
0.994894, 38.708728, 43.720334, 43.447411
0.994766, 38.699121, 43.603032, 43.422343
0.994429, 38.591745, 43.663959, 43.371558
0.994855, 38.856349, 43.825355, 43.494303
0.994369, 38.750455, 43.912795, 43.603272
0.994472, 38.822828, 43.835644, 43.557506
0.994317, 38.732595, 43.819054, 43.618875
0.994984, 39.041938, 43.918782, 43.713938
0.994209, 38.654244, 43.749356, 43.484033
0.994502, 38.795080, 43.878450, 43.495472
0.994542, 38.688096, 43.681490, 43.387432
0.995046, 38.957602, 43.854835, 43.648859
0.994724, 38.806187, 43.872455, 43.605968
0.994860, 38.707544, 43.799518, 43.589515
0.994919, 38.486651, 43.494303, 43.310426
0.995063, 38.571844, 43.566110, 43.311490
0.994514, 38.539102, 43.619597, 43.058592
0.994691, 38.806515, 43.556143, 43.355119
0.994759, 38.840154, 43.681124, 43.441982
0.995013, 38.990930, 43.764251, 43.442501
0.994642, 38.730273, 43.767298, 43.247106
0.994906, 38.817999, 43.620138, 43.194118
0.994761, 38.654676, 43.313843, 42.958710
0.995124, 38.872660, 43.709639, 43.329733
0.994811, 38.724824, 43.717811, 43.432526
0.994974, 38.829060, 43.729020, 43.377753
0.994571, 38.492584, 43.384811, 42.916415
0.994976, 38.715012, 43.582355, 42.994908
0.994726, 38.608053, 43.410178, 42.833741
0.994590, 38.722000, 43.558336, 42.921276
0.994592, 38.670654, 43.564566, 42.989859
0.994836, 38.744443, 43.473729, 42.989755
0.994571, 38.434935, 43.194336, 42.629334
0.994648, 38.610367, 43.212311, 42.911967
0.994298, 38.468826, 43.317207, 42.645112
0.994880, 38.836699, 43.580746, 43.233386
0.994583, 38.573631, 43.592562, 43.096328
0.994548, 38.756868, 43.875387, 43.372637
0.994339, 38.669827, 43.833875, 43.449492
0.994745, 38.923029, 43.842665, 43.500032
0.994302, 38.798076, 43.862841, 43.543007
0.994260, 38.838174, 43.791066, 43.462348
0.994210, 38.823416, 43.803155, 43.452789
0.994858, 38.978649, 43.899627, 43.533564
0.994291, 38.899160, 43.751773, 43.446891
0.994555, 38.999866, 43.945664, 43.564506
0.994352, 38.904304, 43.778074, 43.491033
0.994815, 39.066112, 43.990622, 43.686739
0.994541, 38.931520, 43.909901, 43.575266
0.994439, 38.833547, 43.797012, 43.505828
0.994275, 38.882467, 43.824787, 43.554661
0.994861, 39.100695, 43.984470, 43.814335
0.994489, 39.028661, 43.957607, 43.791378
0.994233, 38.855591, 43.841462, 43.695542
0.994254, 38.728849, 43.705405, 43.449608
0.994712, 38.963212, 43.782879, 43.730192
0.994467, 38.961612, 43.800647, 43.824094
0.994498, 39.060010, 43.815153, 43.790440
0.994527, 38.953401, 43.966456, 43.744402
0.994865, 38.960913, 43.871499, 43.825481
0.994474, 38.711714, 43.744774, 43.553654
0.994442, 38.720317, 43.661226, 43.334855
0.994439, 38.769565, 43.636829, 43.414249
0.994752, 38.965132, 43.768356, 43.581997
0.994238, 38.764135, 43.556735, 43.536985
0.994330, 38.811386, 43.708902, 43.597704
0.994037, 38.642080, 43.671255, 43.420562
0.994914, 38.955547, 43.825859, 43.635682
0.994254, 38.694848, 43.538932, 43.277289
0.994448, 38.808803, 43.655584, 43.494771
0.994001, 38.567487, 43.460782, 43.350256
0.994731, 38.867241, 43.644502, 43.438520
0.994079, 38.519950, 43.530794, 43.153744
0.994279, 38.777583, 43.752207, 43.446949
0.993996, 38.509811, 43.659527, 43.406799
0.994649, 38.844142, 43.751773, 43.434600
0.993751, 38.521475, 43.537929, 43.277678
0.993493, 38.438668, 43.547145, 43.130633
0.993848, 38.563126, 43.631157, 43.302034
0.994276, 38.814343, 43.591367, 43.437424
0.992062, 38.310800, 43.740258, 43.484500
0.994108, 38.878580, 43.601175, 43.365939
0.993349, 38.552656, 43.625855, 43.316142
0.994821, 39.047322, 43.838742, 43.556202
0.993663, 38.747335, 43.883878, 43.636466
0.993634, 38.900611, 44.092874, 43.786877
0.994291, 38.916244, 43.949620, 43.704178
0.994929, 39.082295, 43.871371, 43.764126
0.993746, 38.722059, 43.787501, 43.591785
0.994215, 38.928967, 43.797451, 43.361234
0.994296, 38.955773, 43.854708, 43.584263
0.994868, 39.097425, 43.795384, 43.560767
0.993952, 38.678718, 43.515093, 43.343084
0.994019, 38.486397, 43.348448, 43.152555
0.993637, 38.331735, 43.107751, 43.186329
0.994839, 38.823561, 43.535274, 43.289755
0.994195, 38.600629, 43.574969, 43.290647
0.994099, 38.776410, 43.678198, 43.430107
0.993810, 38.686247, 43.592621, 43.248652
0.994401, 38.882063, 43.603272, 43.322595
0.993764, 38.679745, 43.746012, 43.353479
0.994766, 39.076873, 43.697194, 43.493135
0.994409, 38.950650, 43.751773, 43.571161
0.993666, 38.837829, 43.902964, 43.685823
0.993733, 38.666327, 43.723597, 43.310258
0.994761, 38.990392, 43.686739, 43.258767
0.993623, 38.653075, 43.574612, 43.153420
0.994004, 38.880124, 43.707122, 43.310986
0.993963, 38.840684, 43.682466, 43.256277
0.994701, 39.027831, 43.712525, 43.369173
0.993767, 38.573231, 43.518205, 43.117382
0.993836, 38.703660, 43.434888, 43.195209
0.993917, 38.735333, 43.557862, 43.345116
0.994447, 38.946271, 43.477860, 43.141068
0.994419, 38.908159, 43.618575, 43.292878
0.993777, 38.672930, 43.593817, 43.282182
0.993858, 38.718736, 43.519439, 43.174915
0.993800, 38.705008, 43.506003, 43.219105
0.994452, 38.892002, 43.555965, 43.248155
0.993837, 38.528535, 43.379573, 43.083022
0.993908, 38.564069, 43.271180, 43.012284
0.993377, 38.220888, 42.907321, 42.809872
0.994314, 38.608119, 43.154014, 42.896616
0.996482, 40.025076, 45.333620, 45.024219
0.993550, 38.838744, 44.746847, 44.406121
0.993843, 38.812852, 44.313497, 44.024219
0.993774, 38.909917, 44.594353, 43.961639
0.994561, 39.088079, 44.300605, 43.846528
0.992463, 38.385625, 43.899884, 43.360554
0.992970, 38.697979, 43.979371, 43.569140
0.992591, 38.585406, 44.204880, 43.645894
0.993762, 38.968103, 44.035851, 43.670890
0.992246, 38.408835, 44.064336, 43.508816
0.992203, 38.305141, 43.709148, 43.050514
0.992398, 38.364473, 43.940741, 43.242087
0.993465, 38.819542, 43.913053, 43.342182
0.992182, 38.385494, 43.604230, 43.232396
0.992909, 38.598524, 43.668153, 43.120007
0.992336, 38.301711, 43.623387, 43.084564
0.993555, 38.493950, 43.202031, 43.096968
0.992309, 37.980629, 43.432353, 42.912836
0.992930, 38.422538, 43.544366, 42.998919
0.992507, 38.111007, 43.436502, 42.891833
0.993200, 38.484567, 43.527084, 43.080525
0.992016, 37.985379, 43.181977, 42.978120
0.992195, 38.129733, 43.276733, 42.900946
0.992437, 37.996929, 43.285355, 42.791447
0.993278, 38.339363, 43.277400, 42.873058
0.992422, 38.038485, 43.111012, 42.785289
0.992180, 37.891536, 43.028155, 42.471670
0.991968, 37.612532, 42.423328, 42.168878
0.993085, 38.004923, 42.541709, 42.175082
0.991765, 37.621442, 42.389358, 42.425383
0.992479, 38.150537, 42.721793, 42.621490
0.991712, 37.616610, 42.256953, 42.435398
0.993214, 37.853895, 42.511228, 42.041469
0.992687, 37.730162, 42.539927, 42.124670
0.992611, 37.771858, 42.589497, 42.233073
0.993087, 38.060656, 42.797812, 42.227134
0.993064, 37.952978, 42.745625, 42.361814
0.992703, 37.608994, 42.597425, 42.066250
0.992580, 37.701731, 42.454347, 42.248174
0.992416, 37.690739, 42.361544, 42.182030
0.992763, 37.924189, 42.534116, 42.207932
0.992181, 37.785642, 42.548987, 42.147403
0.992305, 37.922476, 42.637000, 42.214323
0.991572, 37.539441, 42.109524, 41.895884
0.991385, 37.657762, 42.483828, 42.019698
0.991213, 37.617138, 42.607940, 42.143806
0.990066, 37.302192, 42.510296, 42.108675
0.988764, 37.259702, 42.464797, 42.089989
0.988258, 37.232865, 42.257085, 41.959873
0.986115, 36.662596, 42.100572, 41.675858
