ms-ssim, psnr-y, psnr-u, psnr-v
0.997647, 43.804820, 48.967635, 50.484321
0.996671, 42.721017, 47.868011, 49.688125
0.996355, 42.291435, 47.597885, 49.549527
0.996931, 42.938330, 47.953661, 49.865557
0.996553, 42.565826, 47.800407, 49.693848
0.996653, 42.450600, 47.825073, 49.863871
0.996395, 42.199626, 47.657784, 49.698281
0.996761, 42.462415, 47.655283, 49.713777
0.996299, 42.259952, 47.541234, 49.555385
0.996402, 42.285622, 47.392475, 49.476659
0.996294, 42.158357, 47.261708, 49.472446
0.996523, 42.683660, 47.611043, 49.401152
0.995140, 41.146366, 46.952109, 48.791873
0.994630, 40.668757, 46.467901, 48.369868
0.992822, 39.651279, 45.929814, 48.204103
0.991730, 39.309884, 45.577618, 47.541498
0.990220, 38.869647, 45.593689, 46.962352
0.992703, 39.857419, 45.868386, 47.475707
0.992869, 39.766560, 46.029282, 47.757576
0.994416, 40.561014, 46.455682, 48.155757
0.994585, 40.819227, 46.607018, 48.583271
0.994859, 40.904657, 46.686954, 49.018672
0.995662, 41.822355, 47.114669, 49.281788
0.995256, 41.463894, 46.769270, 48.871973
0.995576, 41.090528, 46.683819, 48.812995
0.995605, 41.263336, 46.919128, 48.825010
0.996105, 41.868367, 47.369635, 49.581737
0.995832, 41.979951, 47.523760, 49.417953
0.996030, 42.111236, 47.669634, 49.333694
0.995832, 42.066995, 47.784644, 49.356730
0.996401, 42.765027, 48.176813, 49.617795
0.996004, 42.283448, 47.914461, 49.523162
0.996265, 42.623755, 47.712424, 49.480875
0.996200, 42.346700, 47.834289, 49.429224
0.996530, 42.617209, 48.008365, 49.783816
0.996178, 41.976272, 47.660152, 49.598090
0.996259, 42.027793, 47.585897, 49.599147
0.996044, 41.979042, 47.350253, 49.438792
0.996738, 42.897432, 47.659408, 49.655655
0.996229, 42.070621, 47.241387, 49.445216
0.996390, 42.127689, 47.402027, 49.427598
0.996123, 42.262060, 47.385865, 49.293598
0.996597, 42.511931, 47.537550, 49.260221
0.996574, 42.614504, 47.602756, 49.354431
0.996569, 42.809417, 47.607499, 49.140716
0.996807, 43.025214, 48.033875, 49.661765
0.996594, 42.428040, 47.580712, 49.418258
0.996302, 41.711017, 47.159834, 49.294288
0.996597, 42.387531, 47.622161, 49.645598
0.996584, 42.315725, 47.305942, 49.108394
0.996924, 43.005462, 47.772894, 49.709762
0.996399, 42.524536, 47.482196, 49.171075
0.996561, 42.596367, 47.905360, 49.438996
0.996668, 42.472003, 47.720100, 49.571114
0.996790, 42.250656, 47.553430, 49.478201
0.996482, 41.886389, 47.376475, 49.381196
0.996561, 42.075036, 47.382563, 49.263841
0.996521, 42.537188, 47.615393, 49.164374
0.997020, 43.200988, 47.722844, 49.566704
0.996576, 42.654921, 47.666245, 49.391062
0.996954, 42.895857, 47.947368, 49.821599
0.996506, 42.153371, 47.543605, 49.161028
0.996426, 42.351056, 47.646507, 49.485610
0.996875, 42.894462, 47.744864, 49.635245
0.996475, 42.332189, 47.251474, 49.094347
0.997007, 43.303265, 47.693225, 49.677885
0.996620, 42.802646, 47.744312, 49.490660
0.996518, 42.571828, 47.592419, 49.258852
0.997042, 43.523665, 47.983659, 49.744827
0.996504, 42.640750, 47.590422, 49.130548
0.996661, 42.954607, 47.776437, 49.264624
0.996738, 43.208961, 47.438389, 49.387133
0.997139, 43.898935, 47.857024, 49.636204
0.996812, 43.657426, 47.760622, 49.582579
0.996713, 43.144025, 47.362996, 49.196249
0.997016, 43.804332, 47.931135, 49.493446
0.996650, 42.727101, 47.684032, 49.317116
0.996700, 42.503849, 47.541629, 49.620876
0.996638, 42.321099, 47.523629, 49.583738
0.996851, 42.747769, 47.875540, 49.653514
0.996612, 42.662738, 47.793007, 49.219244
0.997073, 43.584889, 48.137519, 49.535230
0.997209, 43.853917, 48.208322, 49.639938
0.996629, 42.974324, 47.778731, 49.237203
0.996839, 43.239737, 47.919413, 49.312362
0.996638, 42.801668, 47.728407, 49.307120
0.996892, 43.175131, 47.994533, 49.446339
0.996643, 43.146220, 48.021506, 49.333495
0.996529, 42.916244, 48.004189, 49.612171
0.996872, 43.433133, 48.166690, 49.731290
0.996479, 42.411735, 47.544329, 49.158352
0.996672, 42.458563, 47.619278, 49.072470
0.996356, 42.273103, 47.491947, 49.193937
0.996814, 42.875767, 47.968670, 49.586900
0.996567, 43.141413, 47.919772, 49.186431
0.996760, 43.171123, 47.975867, 49.270893
0.996602, 42.718056, 47.802854, 49.138433
0.996943, 43.607102, 48.212469, 49.681331
0.996577, 43.446324, 48.023491, 49.486538
0.996327, 43.026692, 47.689954, 49.246259
0.996231, 42.483480, 47.320182, 49.049119
0.996628, 43.265134, 48.036309, 49.614929
0.996082, 42.898206, 47.572151, 49.021911
0.995910, 43.154645, 47.904430, 49.281297
0.995854, 43.141479, 47.840491, 49.244602
0.995789, 42.864141, 48.170950, 49.537940
0.995479, 42.648216, 48.185509, 49.196924
0.996252, 43.230774, 48.401370, 49.415216
0.995911, 42.859732, 48.120185, 49.192300
0.996643, 43.265367, 48.653625, 49.689960
0.995524, 41.685050, 47.767412, 48.291160
0.995692, 41.090040, 47.562549, 48.028644
0.995749, 41.009647, 47.189053, 47.877247
0.996594, 41.795751, 47.223546, 48.363659
0.996105, 41.357408, 46.740052, 47.755916
0.996227, 41.515121, 46.892004, 47.954312
0.995586, 41.199193, 46.780361, 47.893422
0.995827, 41.556311, 46.873902, 47.787569
0.995384, 41.345802, 46.764038, 47.723737
0.996061, 41.622170, 46.779809, 47.685597
0.995575, 40.617160, 46.188455, 47.413389
0.995675, 40.980786, 46.308451, 47.590155
0.995453, 40.993201, 45.850108, 47.578919
0.995099, 40.891962, 45.693062, 47.484989
0.995136, 40.859873, 45.669470, 47.542024
