ms-ssim, psnr-y, psnr-u, psnr-v
0.997309, 43.242101, 47.890710, 48.432707
0.996894, 42.583655, 47.432301, 47.710563
0.996910, 42.499909, 47.156045, 47.644629
0.996803, 42.441768, 47.242426, 47.593102
0.996921, 42.680145, 47.273796, 47.838059
0.996794, 42.494934, 47.139216, 47.705642
0.996882, 42.557778, 47.110106, 47.475817
0.996761, 42.457259, 47.072147, 47.509551
0.996924, 42.638661, 47.179199, 47.848332
0.996925, 42.590623, 47.327987, 47.821847
0.996901, 42.570131, 47.258412, 47.928608
0.996937, 42.562411, 47.294056, 47.812542
0.996668, 41.964999, 46.997111, 47.530353
0.996207, 41.247117, 46.781564, 47.049424
0.996052, 41.077740, 46.498662, 46.532876
0.995729, 40.649338, 46.265079, 46.530970
0.995455, 40.461065, 45.957942, 46.116998
0.995569, 40.713201, 46.315899, 46.673884
0.996102, 41.302093, 46.321651, 46.924121
0.996397, 41.922818, 46.774023, 46.970232
0.996654, 42.390612, 46.975718, 47.340192
0.996688, 42.523770, 47.247713, 47.492944
0.996861, 42.835055, 47.506466, 47.795091
0.997223, 43.180066, 47.876658, 48.081125
0.997341, 43.407795, 47.916167, 48.128812
0.997318, 43.376076, 47.961293, 48.272998
0.997436, 43.659322, 48.117137, 48.506794
0.997462, 43.655698, 47.900384, 48.075389
0.997760, 44.017924, 48.177115, 48.533308
0.997939, 44.195942, 48.574134, 48.774195
0.998055, 44.465093, 48.974903, 49.329018
0.998017, 44.489885, 48.841803, 49.160019
0.998004, 44.571611, 48.914233, 49.178750
0.997961, 44.466519, 48.810320, 49.053221
0.998152, 44.667729, 49.103295, 49.261749
0.998043, 44.546698, 48.793997, 49.044112
0.998070, 44.536058, 48.611418, 48.926890
0.998069, 44.435756, 48.613359, 48.907843
0.998264, 44.633827, 49.063663, 49.392130
0.998201, 44.493460, 48.836415, 49.109609
0.998078, 44.295630, 48.700129, 49.044635
0.998102, 44.271039, 48.703899, 48.994919
0.998123, 44.257400, 48.675510, 48.927654
0.998082, 44.228268, 48.611939, 48.860512
0.998202, 44.435947, 48.910023, 49.244956
0.998143, 44.312384, 48.731259, 49.064241
0.998151, 44.443360, 48.871303, 49.044897
0.998105, 44.289286, 48.768940, 49.022567
0.998185, 44.446620, 48.952673, 49.187552
0.998180, 44.394920, 48.796466, 49.124926
0.998152, 44.351121, 48.701096, 48.965699
0.998142, 44.323869, 48.696652, 49.139656
0.998175, 44.493043, 48.995281, 49.328683
0.998154, 44.399620, 48.713921, 49.181826
0.998161, 44.526410, 48.905715, 49.231503
0.998160, 44.405048, 48.761387, 49.158032
0.998173, 44.563323, 49.081033, 49.375729
0.998124, 44.386470, 48.760162, 49.021370
0.998195, 44.560538, 48.780491, 49.137946
0.998102, 44.382575, 48.750376, 49.015859
0.998197, 44.578054, 48.993161, 49.325892
0.998206, 44.495061, 48.781869, 49.114283
0.998142, 44.504511, 48.826605, 49.063873
0.998123, 44.361063, 48.703223, 48.999161
0.998227, 44.665720, 48.901360, 49.374713
0.998157, 44.537137, 48.747249, 49.080770
0.998165, 44.611060, 48.707721, 49.107167
0.998213, 44.663054, 48.921142, 49.266590
0.998221, 44.737818, 49.086153, 49.550927
0.998174, 44.577072, 48.931678, 49.406148
0.998254, 44.757010, 48.998954, 49.440388
0.998218, 44.633912, 49.022047, 49.398707
0.998291, 44.804906, 49.042230, 49.394567
0.998335, 44.736038, 49.022775, 49.351918
0.998258, 44.716586, 49.010926, 49.255265
0.998342, 44.966212, 49.257297, 49.588466
0.998383, 44.984548, 49.355175, 49.711297
0.998290, 44.792196, 49.060040, 49.392923
0.998299, 44.821138, 49.073340, 49.367947
0.998379, 44.941167, 49.245284, 49.598259
0.998298, 44.861938, 48.992851, 49.287724
0.998283, 44.804527, 48.759722, 49.128710
0.998322, 44.745770, 48.934328, 49.159320
0.998369, 44.907566, 49.414341, 49.675346
0.998324, 44.794117, 49.129564, 49.468495
0.998424, 44.966171, 49.244846, 49.475478
0.998378, 44.899428, 49.289992, 49.701247
0.998469, 45.066522, 49.482646, 49.777351
0.998440, 44.978807, 49.339249, 49.656216
0.998392, 44.931637, 49.244846, 49.485829
0.998359, 44.830627, 49.155026, 49.322378
0.998425, 44.937961, 49.318866, 49.603669
0.998281, 44.830687, 49.059147, 49.232213
0.998259, 44.854069, 49.041916, 49.218636
0.998299, 44.867787, 49.155563, 49.246654
0.998305, 44.899227, 49.314857, 49.631000
0.998309, 44.836464, 49.179452, 49.432832
0.998300, 44.861634, 49.137678, 49.425346
0.998272, 44.840365, 49.232813, 49.566411
0.998284, 44.866992, 49.243587, 49.529294
0.998329, 44.938372, 49.231503, 49.484672
0.998304, 44.885992, 49.351525, 49.610456
0.998295, 44.944081, 49.213630, 49.346140
0.998386, 45.035670, 49.189066, 49.351862
0.998269, 44.831143, 49.010252, 49.235436
0.998357, 44.910155, 49.264994, 49.466247
0.998386, 44.933590, 49.054060, 49.218581
0.998300, 44.850962, 49.066395, 49.234725
0.998389, 45.017733, 49.248792, 49.478194
0.998385, 44.961639, 49.310796, 49.561342
0.998258, 44.865473, 48.965596, 49.073498
0.998286, 44.929984, 48.955080, 49.182960
0.998310, 44.895634, 48.904448, 49.040296
0.998339, 44.915321, 49.235655, 49.392696
0.998271, 44.737512, 48.990939, 49.100857
0.998356, 44.901780, 49.038833, 49.174383
0.998279, 44.770424, 49.155616, 49.365581
0.998378, 44.900556, 49.277834, 49.523976
0.998416, 44.978735, 49.322768, 49.533565
0.998314, 44.884572, 49.210314, 49.538134
0.998381, 44.928671, 49.284185, 49.630641
0.998415, 44.960694, 49.387713, 49.768136
0.998252, 44.872933, 49.090115, 49.264884
0.998235, 44.744590, 49.051440, 49.287668
0.998256, 44.673585, 48.999989, 49.221467
0.998377, 44.856352, 49.264114, 49.618626
0.998405, 44.886715, 49.293037, 49.642990
0.998367, 44.862148, 49.228337, 49.619402
0.998337, 44.834916, 49.175084, 49.439013
0.998293, 44.747734, 49.159965, 49.474323
0.998335, 44.803316, 49.237240, 49.530757
0.998370, 44.812144, 49.203419, 49.494581
0.998403, 44.813619, 49.269949, 49.537255
0.998330, 44.652978, 49.176755, 49.394907
0.998321, 44.658780, 48.940452, 49.172767
0.998297, 44.565560, 48.987583, 49.105735
0.998389, 44.767615, 49.250491, 49.490174
0.998249, 44.544210, 49.056314, 49.209988
0.998252, 44.502989, 49.043955, 49.162651
0.998247, 44.536465, 49.082458, 49.203853
0.998358, 44.690628, 49.296417, 49.493652
0.998372, 44.645639, 49.334103, 49.569125
0.998359, 44.580275, 49.159428, 49.431059
0.998347, 44.576843, 49.147790, 49.331252
0.998424, 44.656561, 49.273035, 49.502710
0.998398, 44.590344, 49.310406, 49.555278
0.998307, 44.442467, 49.110033, 49.423120
0.998335, 44.501749, 49.083830, 49.398878
0.998295, 44.490742, 49.167545, 49.356917
0.998331, 44.580116, 49.298523, 49.504803
0.998279, 44.463454, 49.327399, 49.444630
0.998295, 44.537118, 49.241944, 49.406261
0.998238, 44.501914, 49.210368, 49.275296
0.998320, 44.603430, 49.279103, 49.477732
0.998321, 44.680420, 49.331252, 49.536728
0.997938, 44.154600, 48.779064, 48.881719
0.998028, 44.246171, 48.707867, 48.856052
0.998156, 44.420720, 48.932442, 49.116782
0.998260, 44.569072, 49.173198, 49.301796
0.998249, 44.622140, 49.130417, 49.354220
0.998296, 44.643783, 49.085994, 49.322824
0.998231, 44.585203, 49.121464, 49.264994
0.998273, 44.640300, 49.211020, 49.416733
0.998286, 44.616302, 49.220541, 49.443024
0.998234, 44.563687, 49.064293, 49.192311
0.998293, 44.646646, 49.076763, 49.304072
0.998247, 44.598214, 49.088635, 49.377875
0.998269, 44.606521, 49.050968, 49.351693
0.998272, 44.555968, 49.183338, 49.337346
0.998156, 44.408653, 49.040348, 49.227846
0.998244, 44.497112, 49.035492, 49.245284
0.998241, 44.489597, 49.100857, 49.230247
0.998246, 44.490504, 49.090326, 49.212705
0.998180, 44.458143, 49.061562, 49.132018
0.998239, 44.571779, 49.030797, 49.214282
0.998133, 44.480755, 48.996108, 49.098738
0.998198, 44.558331, 49.119069, 49.216894
0.998211, 44.545867, 49.130577, 49.276289
0.998134, 44.463103, 48.997660, 49.142918
0.998158, 44.421897, 48.934583, 49.093605
0.998168, 44.444788, 49.031266, 49.169859
0.998047, 44.309074, 48.919058, 49.137678
0.998099, 44.394109, 49.008228, 49.152291
0.998105, 44.418327, 49.050288, 49.253399
0.998061, 44.392352, 49.084463, 49.219452
0.998079, 44.370935, 49.032779, 49.234835
0.998091, 44.401590, 49.071971, 49.218908
0.998015, 44.308898, 49.055475, 49.202551
0.998035, 44.349506, 49.052645, 49.117154
0.998050, 44.439283, 49.055528, 49.180909
0.998086, 44.492296, 49.088635, 49.222884
0.998116, 44.486373, 49.045367, 49.229428
0.998126, 44.458257, 49.070498, 49.278993
0.998020, 44.305682, 48.914030, 49.137999
0.998102, 44.384498, 48.974800, 49.137892
0.998131, 44.427064, 49.019966, 49.173521
0.998095, 44.375510, 48.946277, 49.175030
0.998112, 44.363386, 48.933614, 49.128444
0.998136, 44.410884, 48.972844, 49.251150
0.998085, 44.346270, 48.889989, 49.040923
0.997943, 43.990314, 48.681135, 48.933462
0.998093, 44.229165, 48.738856, 48.905360
0.998127, 44.281729, 48.838908, 49.058570
0.998220, 44.411266, 48.777243, 49.020746
0.998221, 44.335565, 48.820938, 49.077554
0.998130, 44.237742, 48.784479, 49.005739
0.998156, 44.231949, 48.726103, 48.961438
0.998173, 44.202331, 48.759232, 49.021006
0.998102, 44.163745, 48.699260, 48.904043
0.998116, 44.209403, 48.648643, 48.816469
0.998085, 44.231228, 48.646590, 48.801310
0.998058, 44.181064, 48.639009, 48.828993
0.998025, 44.127669, 48.472686, 48.613501
0.998008, 44.129836, 48.461879, 48.590781
0.997938, 44.088305, 48.523091, 48.804377
0.997988, 44.129039, 48.495672, 48.814931
0.998040, 44.202974, 48.630490, 48.912051
0.997958, 44.068390, 48.645874, 48.797158
0.997909, 44.012688, 48.489223, 48.613880
0.997914, 43.972257, 48.482739, 48.663613
0.997907, 43.967498, 48.533540, 48.768106
0.997959, 44.083137, 48.425762, 48.661266
0.997940, 44.107233, 48.443168, 48.753750
0.997901, 44.047523, 48.595683, 48.863069
0.997655, 43.512695, 48.432979, 48.682097
0.997796, 43.885379, 48.538285, 48.731453
0.997877, 44.012429, 48.478651, 48.707963
0.997894, 43.967319, 48.569350, 48.802497
0.997944, 44.010381, 48.671141, 48.904043
0.997851, 44.056055, 48.536052, 48.846347
0.997784, 43.979302, 48.500329, 48.717946
0.997767, 43.929819, 48.365450, 48.578267
0.997796, 43.974832, 48.615301, 48.781869
0.997735, 43.769626, 48.391382, 48.567756
0.997708, 43.695678, 48.338783, 48.450050
0.997611, 43.607539, 48.346837, 48.467646
0.997445, 43.301374, 48.181872, 48.332829
0.997487, 43.344949, 48.099220, 48.345056
0.997323, 43.186194, 48.092619, 48.276765
0.997272, 43.087476, 47.905652, 48.029895
