ms-ssim, psnr-y, psnr-u, psnr-v
0.992579, 39.037812, 47.414221, 48.528971
0.991439, 38.887024, 46.959587, 48.543125
0.992092, 38.872606, 47.295292, 48.706245
0.991787, 38.904916, 46.982853, 48.529797
0.992181, 38.873098, 47.326255, 48.606512
0.992132, 38.986474, 47.260783, 48.602224
0.992009, 38.976636, 47.290567, 48.588295
0.991553, 38.865093, 47.393302, 48.646402
0.992355, 39.100474, 47.417674, 48.703147
0.992385, 39.390435, 47.344838, 48.627510
0.992570, 39.302802, 47.200602, 48.686148
0.992746, 39.269712, 47.342134, 48.757419
0.993136, 39.544252, 47.342448, 48.689491
0.993185, 39.688171, 47.543341, 48.744720
0.993005, 39.721581, 47.454813, 48.761514
0.993283, 39.676625, 47.564137, 48.711154
0.993537, 39.958982, 47.656365, 48.791522
0.995100, 41.083956, 48.187647, 49.248404
0.995578, 41.374400, 48.203336, 49.323164
0.995630, 41.275007, 48.291629, 49.412379
0.996115, 42.238767, 48.379439, 49.529608
0.996313, 42.286416, 48.683750, 49.938678
0.996581, 42.534044, 48.713568, 50.059942
0.996722, 42.770867, 48.924788, 50.148303
0.996889, 43.442172, 49.020801, 50.169833
0.997132, 43.099958, 49.497678, 50.256420
0.997220, 43.146125, 49.366540, 50.288272
0.997216, 43.161081, 49.570798, 50.456926
0.997540, 44.194206, 49.660049, 50.566767
0.997400, 43.690430, 49.805604, 50.789309
0.997516, 43.865225, 49.650624, 50.822673
0.997435, 43.315034, 49.742422, 50.808123
0.997692, 44.231156, 50.025398, 50.943596
0.997471, 43.568811, 49.683595, 50.847830
0.997577, 44.048352, 50.030650, 50.989806
0.997536, 43.570295, 50.127357, 50.962658
0.997793, 44.561984, 50.185052, 50.987914
0.997752, 44.207965, 50.112933, 51.007610
0.997728, 43.867583, 50.289883, 51.241788
0.997886, 44.810866, 50.273428, 51.165753
0.997753, 44.152610, 50.381201, 51.465201
0.997961, 44.820434, 50.502508, 51.406938
0.997820, 44.339268, 50.361624, 51.377859
0.997772, 44.366278, 50.365658, 51.253378
0.997764, 44.105511, 50.410542, 51.332867
0.997912, 44.716398, 50.388169, 51.273231
0.998018, 44.820979, 50.400358, 51.308820
0.997978, 43.840617, 50.277258, 51.081200
0.998042, 44.739845, 50.409013, 51.135226
0.997759, 43.750960, 50.146024, 51.093264
0.997940, 43.849076, 50.365532, 51.019178
0.997709, 43.707401, 50.081273, 50.982676
0.998042, 44.727197, 50.210537, 50.810358
0.997536, 43.562493, 49.857694, 50.334488
0.997757, 44.528919, 50.099031, 50.433031
0.997600, 43.979446, 49.734016, 50.486007
0.997725, 44.185436, 50.003875, 50.598192
0.997636, 43.758709, 50.028082, 50.826738
0.997997, 45.158054, 50.531766, 51.193290
0.997735, 44.577767, 50.334739, 50.998115
0.997819, 44.641749, 50.366794, 51.058208
0.997725, 44.259146, 50.266395, 50.967726
0.998115, 45.059122, 50.467243, 51.193748
0.997871, 44.090414, 50.055712, 51.054511
0.998117, 45.127531, 50.317115, 51.225920
0.997817, 44.080656, 50.086357, 51.272143
0.997956, 44.874689, 50.161521, 51.176686
0.997870, 44.210608, 50.188683, 51.236081
0.998117, 45.109359, 50.386394, 51.224536
0.997990, 44.507653, 50.182874, 51.089388
0.997890, 44.449816, 50.169471, 51.135678
0.997895, 44.166298, 49.924069, 50.859686
0.998099, 44.993541, 50.222725, 51.144121
0.997890, 43.974840, 49.902020, 51.261587
0.997956, 44.607245, 50.011076, 50.983258
0.997817, 43.897755, 49.994484, 51.014049
0.998105, 44.930784, 50.396546, 51.196038
0.997734, 43.669286, 49.793093, 50.820571
0.997755, 43.969312, 49.844809, 50.736234
0.997575, 43.464084, 49.763673, 50.705707
0.998005, 44.710820, 50.219553, 50.896589
0.997725, 44.099025, 49.987541, 50.824214
0.997747, 43.859807, 50.107105, 51.025634
0.997764, 43.466408, 50.067002, 51.119293
0.997984, 44.687734, 50.136800, 51.156663
0.997723, 43.836793, 49.856460, 50.878666
0.997729, 44.324750, 49.997496, 50.852483
0.997622, 43.546609, 49.944971, 50.841491
0.998009, 44.964440, 50.287900, 51.153789
0.997646, 44.056430, 50.022134, 51.124698
0.997734, 44.412488, 50.155988, 51.057616
0.997654, 44.352491, 50.005616, 51.074512
0.997943, 44.965149, 50.351679, 51.383755
0.997691, 44.053487, 49.900547, 50.759651
0.997692, 44.653515, 50.157311, 51.156966
0.997628, 44.211541, 50.194258, 51.162570
0.997938, 45.014552, 50.310509, 51.311328
0.997657, 43.993514, 50.131299, 51.303338
0.997831, 44.076719, 50.155868, 51.423161
0.997650, 43.572696, 50.134646, 51.366567
0.997949, 44.882658, 50.329231, 51.397650
0.997659, 44.113837, 50.393498, 51.566627
0.997715, 44.577201, 50.293355, 51.567625
0.997593, 44.291458, 50.143866, 51.442837
0.997845, 44.860071, 50.350799, 51.512578
0.997697, 44.504585, 50.296582, 51.342175
0.997774, 44.760607, 50.401503, 51.414801
0.997714, 44.635499, 50.392609, 51.297081
0.997664, 44.735961, 50.162484, 51.257558
0.997584, 44.509184, 50.037779, 51.261277
0.997818, 44.754184, 50.347030, 51.388222
0.997512, 44.121513, 50.183479, 51.128154
0.997597, 44.613421, 50.235560, 51.081349
0.997249, 44.204681, 49.722470, 50.857425
0.997570, 44.789094, 50.180698, 50.971640
0.997294, 44.128730, 50.020269, 50.919169
0.997331, 44.269632, 50.051251, 50.915445
0.997330, 44.034693, 49.958043, 50.832353
0.997520, 44.742038, 50.317863, 50.908579
0.997311, 44.191268, 50.171521, 50.812175
0.997391, 44.570221, 50.077613, 51.023139
0.997149, 44.120300, 50.006429, 51.012146
0.997591, 44.765468, 50.255313, 51.010975
0.997168, 43.808274, 50.092985, 50.726491
0.997268, 44.206842, 50.034388, 50.563201
0.997098, 43.554054, 49.992863, 50.446761
0.997469, 44.479679, 50.173089, 50.741732
0.997160, 43.526844, 50.027732, 50.614324
0.997341, 43.824866, 50.021784, 50.359986
0.997207, 43.676884, 49.848502, 50.482766
0.997440, 44.351354, 49.925437, 50.365154
0.997109, 44.016580, 49.722688, 50.320609
0.997180, 44.341630, 49.919172, 51.170609
0.997039, 44.114622, 50.024115, 51.188409
0.997524, 44.784425, 50.182149, 51.306940
0.997117, 44.044143, 49.604860, 51.145177
0.997169, 44.240874, 49.625660, 51.280076
0.997249, 44.013737, 49.998887, 51.361487
0.997668, 44.900280, 50.008868, 51.311485
0.997382, 44.182496, 49.883581, 51.286621
0.997297, 44.399296, 49.849062, 51.168484
0.997310, 43.889910, 49.885726, 51.286309
0.997659, 44.861279, 49.992747, 51.316664
0.997365, 44.168432, 50.055125, 51.234848
0.997366, 44.302202, 50.133690, 51.076146
0.997323, 43.933770, 50.059002, 51.134775
0.997678, 44.927312, 50.274787, 51.086855
0.997386, 43.963301, 50.040821, 51.062352
0.997455, 44.332447, 50.014798, 51.037103
0.997245, 43.555993, 49.979917, 51.045060
0.997719, 44.718503, 50.060883, 51.143366
0.997429, 43.956310, 49.865332, 51.069614
0.997569, 44.139785, 49.975995, 51.212563
0.997326, 43.511298, 49.734452, 50.955139
0.997697, 44.660631, 50.024232, 51.149707
0.997276, 43.544248, 49.900433, 51.033276
0.997439, 44.013971, 50.074427, 51.332867
0.997376, 43.906112, 49.806713, 51.155907
0.997780, 44.820047, 50.100099, 51.281166
0.997474, 44.075874, 50.043046, 51.202304
0.997576, 44.293834, 50.033220, 51.080605
0.997289, 43.491103, 49.920197, 51.002349
0.997789, 44.985292, 50.301054, 51.276185
0.997418, 44.365295, 50.090498, 51.105361
0.997501, 44.609707, 50.285175, 51.224383
0.997491, 44.374104, 50.135364, 51.047421
0.997773, 44.939698, 50.265655, 51.224690
0.997523, 44.404640, 50.350799, 51.179728
0.997569, 44.512861, 50.143866, 51.085515
0.997486, 44.251709, 50.238621, 51.152428
0.997808, 45.110591, 50.376393, 51.341859
0.997487, 44.630150, 50.233601, 51.072582
0.997626, 44.740907, 50.213580, 51.078821
0.997660, 44.169855, 50.614324, 51.236081
0.997965, 45.253729, 50.808961, 51.183838
0.997766, 44.692215, 50.705434, 51.161357
0.997780, 44.712398, 50.611654, 51.146989
0.997719, 44.656207, 50.709938, 51.292394
0.998017, 45.254147, 50.852766, 51.348498
0.997801, 44.664897, 50.744347, 51.272920
0.997920, 44.846769, 50.831229, 51.275563
0.997879, 44.211549, 50.816791, 51.305217
0.998090, 45.261423, 50.998845, 51.597003
0.997787, 44.363339, 50.423689, 51.251831
0.997930, 44.832430, 50.559903, 51.418175
0.997787, 44.471141, 50.638703, 51.461953
0.998111, 45.224951, 50.992720, 51.711555
0.997968, 44.698171, 50.837834, 51.562305
0.998018, 45.143069, 50.959475, 51.728958
0.997980, 44.855689, 51.010682, 51.855438
0.998229, 45.468889, 51.086111, 51.843545
0.997969, 44.833506, 50.970045, 51.952503
0.997978, 45.020839, 50.911868, 51.894542
0.998039, 45.064469, 50.892172, 51.943061
0.998228, 45.417552, 51.190086, 51.885225
0.998055, 44.971984, 51.096845, 51.837699
0.998117, 45.377120, 50.893739, 51.801207
0.997925, 44.858918, 51.039312, 51.912336
0.998254, 45.323283, 51.149556, 51.827796
0.997997, 44.875927, 50.945181, 51.752850
0.997979, 44.720918, 50.786945, 51.733622
0.997920, 44.589002, 50.742008, 51.724299
0.998140, 44.973641, 50.910009, 51.850997
0.997813, 44.743982, 50.724162, 51.584794
0.997998, 44.823311, 50.780001, 51.624558
0.997921, 44.741408, 50.772237, 51.693878
0.998167, 45.078410, 50.889752, 51.763975
0.997875, 44.305685, 50.727451, 51.661289
0.998000, 45.070623, 50.773207, 51.623379
0.997850, 44.531831, 50.841351, 51.645340
0.998215, 45.242490, 51.079564, 51.766412
0.997929, 44.935099, 51.006733, 51.806125
0.997984, 45.139470, 51.221156, 51.790337
0.998206, 45.288406, 51.136582, 51.738291
0.997983, 44.984772, 51.123947, 51.685153
0.998037, 45.192059, 51.125148, 51.749899
0.997867, 44.927330, 51.141858, 51.750246
0.998019, 45.380341, 51.283970, 51.685836
0.997739, 45.184324, 51.152579, 51.715684
0.997843, 45.328362, 51.254307, 51.906037
0.997918, 44.886809, 51.307880, 51.860596
0.998128, 45.705456, 51.271521, 51.993046
0.997929, 45.113413, 51.143517, 51.923697
0.998064, 45.452082, 51.128305, 51.930926
0.997736, 44.826824, 51.027250, 51.832391
0.997768, 45.266030, 50.943884, 51.746084
0.997539, 44.384871, 50.861240, 51.846205
0.998023, 45.576979, 51.314780, 51.850286
0.997633, 44.565906, 50.642331, 51.521951
0.997757, 45.045308, 50.843462, 51.619000
0.997602, 45.178073, 50.980205, 51.781066
0.997955, 45.555737, 51.227920, 51.932373
0.997807, 45.052483, 51.189171, 51.799803
0.997472, 44.526156, 50.941291, 50.955428
0.997753, 45.537315, 51.144573, 51.603205
0.997697, 44.890061, 51.181250, 51.576784
0.997699, 45.335526, 51.149556, 51.483927
0.997639, 45.166237, 51.148650, 51.522281
0.997900, 45.663933, 51.290521, 51.749726
0.997656, 44.922546, 51.000597, 51.479849
0.997683, 45.004768, 51.008049, 51.615298
0.997554, 44.961895, 50.992137, 51.621189
0.997936, 45.700154, 51.337440, 51.847979
0.997566, 44.649945, 50.705707, 51.398450
0.997738, 44.422941, 50.960488, 51.714823
0.997603, 44.581195, 51.014196, 51.638233
0.998041, 45.570263, 51.133721, 51.824089
0.997696, 44.311009, 50.887903, 51.819150
0.997514, 44.063488, 50.800727, 51.514714
0.997382, 43.664370, 50.672143, 51.541254
0.998774, 47.189767, 52.762458, 53.596665
0.997842, 45.149383, 52.168843, 53.445638
0.997895, 45.328095, 52.089706, 53.179168
0.997736, 45.258931, 51.849931, 53.017309
0.998065, 45.688612, 51.805949, 52.771229
0.997696, 45.103713, 51.419943, 52.625335
0.997740, 45.223590, 51.534810, 52.597832
0.997511, 44.325692, 51.454977, 52.506223
0.997980, 45.538093, 51.499129, 52.521116
0.997634, 44.658639, 51.442352, 52.329398
0.997592, 44.960123, 51.297393, 52.031748
0.997569, 44.771787, 51.221156, 52.218418
0.997827, 45.318566, 51.246884, 52.336541
0.997557, 44.706894, 51.284126, 52.171519
0.997614, 44.615501, 51.063981, 52.144266
0.997653, 44.861963, 50.977881, 52.111335
0.997970, 45.323422, 51.131313, 52.094023
0.997578, 44.461324, 50.831791, 52.042684
0.997740, 44.948150, 51.035925, 52.083332
0.997591, 44.297997, 50.885627, 52.064826
0.997928, 45.278709, 51.090133, 51.973458
0.997745, 45.001521, 50.908007, 51.980404
0.997765, 45.217264, 50.939707, 52.067065
0.997571, 44.815424, 50.722381, 51.979307
0.997779, 45.379590, 50.883495, 52.135157
0.997623, 44.892716, 51.058651, 51.974737
0.997459, 44.724013, 50.891603, 52.021763
0.997538, 44.743516, 50.789170, 52.186264
0.997750, 45.324133, 51.009951, 52.181088
0.997303, 44.257717, 50.812175, 52.049928
0.997538, 44.984653, 50.765455, 52.003885
0.997289, 44.090637, 50.786250, 52.110015
0.997755, 45.170754, 50.869449, 52.220351
0.997423, 44.413985, 50.730742, 52.045283
0.997455, 44.670017, 50.754819, 51.964882
0.997284, 44.064448, 50.761446, 52.010327
0.997627, 45.035066, 50.851778, 52.154728
0.997447, 44.680250, 50.745310, 52.152062
0.997267, 44.460700, 50.537011, 51.899029
0.997167, 44.203498, 50.487304, 51.790687
0.997568, 44.923221, 50.763105, 51.976381
0.997148, 44.219223, 50.358600, 52.016410
0.997114, 44.299432, 50.384240, 51.915399
0.996886, 43.797850, 50.451261, 51.430247
0.997347, 44.514951, 50.557133, 51.573118
0.997002, 44.001658, 50.210780, 51.521128
0.997006, 44.305466, 50.280225, 51.531510
0.996879, 43.574795, 50.179852, 51.437183
0.997087, 43.759122, 50.353314, 51.614289
0.996845, 43.018511, 50.430342, 51.562471
