ms-ssim, psnr-y, psnr-u, psnr-v
0.991380, 38.133357, 44.904053, 43.474781
0.990539, 37.854657, 45.239902, 43.570730
0.990506, 37.812353, 45.223851, 43.563955
0.990526, 37.855434, 45.235990, 43.555612
0.990547, 37.763047, 44.976567, 43.452308
0.990820, 37.824736, 44.927609, 43.478163
0.990460, 37.496504, 44.932372, 43.705598
0.990472, 37.486307, 44.936345, 43.697576
0.990374, 37.374612, 44.922852, 43.689325
0.989431, 37.038409, 44.973140, 43.770310
0.989398, 37.011164, 44.935839, 43.756574
0.990630, 37.476266, 44.691079, 43.817892
0.990433, 37.354794, 44.685721, 43.807515
0.989264, 36.899308, 44.300009, 43.623663
0.989197, 36.864961, 44.299541, 43.622915
0.989255, 36.888703, 44.301320, 43.637654
0.988359, 36.548079, 43.957125, 43.459992
0.988651, 36.655579, 43.984522, 43.478731
0.990534, 37.564100, 44.392588, 43.937271
0.990543, 37.563225, 44.391058, 43.930701
0.990490, 37.486524, 44.388031, 43.908942
0.994681, 39.928230, 45.422803, 44.736427
0.994730, 39.938441, 45.493744, 44.796751
0.994871, 40.109254, 45.551478, 44.988546
0.994826, 40.065574, 45.554393, 44.986023
0.994888, 40.129712, 45.710258, 45.234713
0.994892, 40.131487, 45.704734, 45.220030
0.994860, 40.093172, 45.692202, 45.221573
0.994806, 40.012029, 45.663570, 45.040679
0.994759, 39.951668, 45.660282, 45.036461
0.995484, 40.619707, 46.046325, 45.461532
0.995674, 40.796567, 46.222382, 45.537885
0.995645, 40.719308, 46.216264, 45.533364
0.994796, 40.051037, 46.140226, 45.218141
0.994865, 40.120955, 46.117354, 45.216946
0.996287, 41.210402, 46.469443, 45.676448
0.996318, 41.223476, 46.445747, 45.662716
0.996143, 40.900043, 46.586786, 45.755314
0.996161, 40.916347, 46.586522, 45.739591
0.996101, 40.845800, 46.557926, 45.709480
0.995741, 40.532060, 46.499480, 45.694869
0.995764, 40.564040, 46.497512, 45.681035
0.996629, 41.521865, 46.723171, 46.017447
0.996664, 41.537816, 46.683386, 45.968411
0.996662, 41.532046, 46.673996, 45.990833
0.996219, 41.142208, 46.395956, 45.856802
0.996218, 41.072972, 46.334598, 45.856936
0.996315, 41.298930, 46.522222, 46.126897
0.996329, 41.304528, 46.547231, 46.128609
0.996895, 41.960186, 47.077654, 46.513225
0.996939, 41.982490, 47.074342, 46.498910
0.996928, 41.974933, 47.051700, 46.497254
0.996696, 41.803872, 47.098053, 46.513277
0.996700, 41.779943, 47.092826, 46.494097
0.996709, 41.848010, 47.199993, 46.465690
0.996728, 41.873933, 47.188871, 46.464612
0.996710, 41.843598, 47.189418, 46.458708
0.996545, 41.735204, 47.254369, 46.503366
0.996501, 41.671028, 47.215600, 46.481804
0.996920, 42.394026, 47.339305, 46.803461
0.996900, 42.372638, 47.349371, 46.791480
0.996819, 42.323692, 47.539260, 46.839546
0.996802, 42.297640, 47.526121, 46.822721
0.996819, 42.318512, 47.543341, 46.819375
0.997120, 42.696100, 47.566586, 46.866344
0.997129, 42.707640, 47.536103, 46.821996
0.996996, 42.698468, 47.765956, 47.098351
0.996993, 42.696364, 47.751699, 47.100253
0.996967, 42.681354, 47.759376, 47.090036
0.996638, 42.277391, 47.633846, 46.849583
0.996598, 42.228653, 47.642934, 46.821717
0.997270, 42.959767, 47.903786, 47.028356
0.997285, 42.973864, 47.905933, 47.017023
0.997078, 42.764699, 47.836684, 46.889000
0.997070, 42.739089, 47.823176, 46.850257
0.997054, 42.765186, 47.823317, 46.836467
0.997398, 43.102030, 47.976376, 47.274318
0.997425, 43.091922, 47.932504, 47.181048
0.997435, 43.204843, 48.162815, 47.414221
0.997449, 43.216834, 48.170950, 47.397057
0.997432, 43.205776, 48.154392, 47.393620
0.997089, 42.741645, 48.092669, 47.173179
0.997051, 42.695000, 48.065549, 47.142985
0.997395, 43.190901, 48.087665, 47.167981
0.997396, 43.185984, 48.102546, 47.168162
0.997240, 43.009430, 48.077524, 47.159472
0.997242, 43.001601, 48.094688, 47.172816
0.997242, 43.016630, 48.096109, 47.099302
0.997357, 43.222188, 48.097530, 47.178928
0.997408, 43.245009, 48.062876, 47.153448
0.997284, 43.074924, 48.007192, 47.266711
0.997300, 43.078921, 48.065772, 47.199750
0.997267, 43.038878, 48.061169, 47.183655
0.996904, 42.649011, 47.934233, 47.143645
0.996880, 42.613848, 47.901997, 47.148514
0.997049, 42.746132, 47.988034, 47.001706
0.997043, 42.738436, 47.990078, 46.977762
0.996983, 42.741781, 47.764154, 46.728190
0.996979, 42.725277, 47.752321, 46.746954
0.997006, 42.739656, 47.735423, 46.741913
0.996576, 42.087404, 47.525399, 46.558346
0.996627, 42.127689, 47.531372, 46.545346
0.997519, 46.827466, 50.514762, 49.824494
0.997505, 46.814138, 50.501336, 49.814705
0.996791, 46.136092, 49.474295, 48.784592
0.996844, 46.180472, 49.502846, 48.762822
0.997323, 46.680443, 49.984998, 49.212758
0.997326, 46.690835, 49.964709, 49.178939
0.997316, 46.695438, 49.962639, 49.172129
0.996863, 46.116738, 49.651801, 48.921983
0.996827, 46.087837, 49.647095, 48.910780
0.996749, 46.059455, 49.449607, 48.861969
0.996712, 46.006488, 49.424855, 48.829701
0.997010, 46.213245, 50.536749, 49.937535
0.997047, 46.229968, 50.537405, 49.957813
0.997061, 46.241763, 50.531372, 49.935707
0.996699, 45.869248, 49.658334, 49.064236
0.996750, 45.905253, 49.695470, 49.044464
0.997391, 46.825051, 50.594867, 49.970348
0.997445, 46.849639, 50.576290, 49.978186
0.997434, 46.839560, 50.560562, 49.964134
0.997279, 46.534422, 50.714173, 50.002946
0.997290, 46.507463, 50.742695, 50.023649
0.997254, 46.356591, 50.634272, 49.988004
0.997229, 46.286009, 50.650674, 49.978648
0.997350, 46.380346, 51.058503, 50.435338
0.997351, 46.407476, 51.081051, 50.446247
0.997364, 46.398372, 51.079713, 50.414367
0.997520, 45.558457, 51.810697, 52.445731
0.997562, 45.583014, 51.799452, 52.392502
0.997840, 45.944863, 51.897952, 52.615372
0.997876, 45.978333, 51.958324, 52.706310
0.997870, 45.970245, 51.969624, 52.704797
0.997608, 45.638077, 51.660949, 52.303110
0.997619, 45.631584, 51.626244, 52.273064
0.997674, 45.690783, 51.782988, 52.388079
0.997669, 45.683062, 51.854905, 52.387878
0.997551, 45.542723, 51.448822, 52.054206
0.997555, 45.538591, 51.457085, 52.051974
0.997583, 45.574185, 51.441382, 52.042128
0.997819, 45.840152, 51.636711, 52.163115
0.997828, 45.850219, 51.567292, 52.135157
0.997821, 45.951831, 51.695763, 52.261923
0.997825, 45.951431, 51.698334, 52.267588
0.997806, 45.933233, 51.687717, 52.268956
0.997646, 45.705219, 51.425897, 51.913236
0.997649, 45.713811, 51.408863, 51.912336
0.997804, 45.932312, 51.521951, 52.018625
0.997804, 45.927418, 51.533655, 52.037862
0.997765, 45.908631, 51.503061, 51.797522
0.997783, 45.916752, 51.449631, 51.808762
0.997754, 45.890183, 51.490949, 51.841418
0.997911, 46.144626, 51.634514, 52.024165
0.997937, 46.160704, 51.643647, 52.024535
0.997969, 46.223463, 51.773035, 52.017886
0.997977, 46.234631, 51.755455, 51.997268
0.997958, 46.213439, 51.753371, 51.997084
0.997848, 45.968354, 51.506833, 51.900106
0.997848, 46.012063, 51.550193, 51.955777
0.998031, 46.330822, 51.730167, 52.009775
0.998042, 46.335695, 51.753197, 52.065758
0.998116, 46.482281, 51.812281, 52.078277
0.998110, 46.456566, 51.843545, 52.103611
0.998117, 46.487895, 51.838584, 52.109261
0.998072, 46.387570, 51.707430, 52.041571
0.998071, 46.374052, 51.755628, 52.041942
0.998168, 46.513096, 51.818445, 52.098721
0.998217, 46.567660, 51.914137, 52.142747
0.998239, 46.555512, 51.907836, 52.104552
0.998218, 46.452005, 51.675251, 51.882899
0.998209, 46.451083, 51.702622, 51.889702
0.998310, 46.681577, 51.835575, 52.017333
0.998322, 46.740818, 51.862910, 52.003701
0.998313, 46.761823, 51.908375, 51.933821
0.998316, 46.751260, 51.903340, 51.955231
0.998321, 46.781577, 51.915038, 51.939073
0.998268, 46.678742, 51.868256, 51.841773
0.998256, 46.670466, 51.852240, 51.838938
0.998289, 46.771158, 51.919365, 51.894363
0.998289, 46.773860, 51.875393, 51.881290
0.998304, 46.774771, 51.851885, 51.890957
0.998107, 46.556797, 51.820737, 51.906576
0.998146, 46.600665, 51.826913, 51.902262
0.998244, 46.777337, 52.091020, 52.058302
0.998247, 46.783332, 52.071172, 52.061656
0.998277, 46.878364, 51.934183, 52.036008
0.998281, 46.875440, 51.928937, 52.047141
0.998275, 46.873055, 51.904239, 52.042870
0.998228, 46.746790, 51.698334, 51.789111
0.998217, 46.733092, 51.681223, 51.728958
0.998278, 46.808991, 51.747125, 51.882899
0.998272, 46.794943, 51.773384, 51.917562
0.998264, 46.790289, 51.758061, 51.849221
0.998196, 46.710594, 51.616644, 51.800505
0.998195, 46.700886, 51.601695, 51.754413
0.998212, 46.720432, 51.769025, 51.858995
0.998112, 46.584211, 51.600522, 51.744698
0.998199, 46.675330, 51.663670, 51.849576
0.998208, 46.680105, 51.709835, 51.856149
0.998188, 46.659424, 51.702622, 51.873964
0.998125, 46.529361, 51.528376, 51.701421
0.998107, 46.517423, 51.510115, 51.688230
0.998090, 46.401143, 51.494220, 51.654495
0.998103, 46.418340, 51.523927, 51.741580
0.998087, 46.400852, 51.508474, 51.718266
0.997932, 46.367504, 51.071395, 51.180793
0.997938, 46.370896, 51.019178, 51.185970
0.998180, 47.107902, 51.697819, 51.759278
0.998171, 47.092648, 51.617990, 51.727922
0.998005, 46.942306, 51.734486, 51.718611
0.998014, 46.952339, 51.747991, 51.753023
0.997953, 46.897548, 51.807707, 51.826384
0.997984, 46.873747, 51.583792, 51.732931
0.997979, 46.856929, 51.582289, 51.764149
0.998120, 46.659316, 51.369904, 51.474310
0.998126, 46.669321, 51.376585, 51.499785
0.998121, 46.663738, 51.382479, 51.506013
0.998098, 46.642545, 51.571453, 51.528046
0.998051, 46.621082, 51.514878, 51.452870
0.998337, 45.806402, 50.614458, 51.271210
0.998388, 45.829065, 50.645962, 51.306313
0.998366, 46.543070, 50.901438, 51.336651
0.998373, 46.549614, 50.915875, 51.320591
0.998378, 46.540142, 50.903579, 51.352295
0.998402, 46.400143, 50.952395, 51.196496
0.998415, 46.404156, 50.981513, 51.265931
0.998312, 46.340036, 50.935247, 51.352454
0.998340, 46.369564, 50.929498, 51.371652
0.998335, 46.371336, 50.940427, 51.355780
0.998374, 46.569213, 51.290365, 51.926045
0.998371, 46.563533, 51.193900, 51.885047
0.998077, 45.693707, 50.429958, 51.374675
0.998088, 45.704367, 50.397435, 51.345968
0.998389, 46.225553, 51.016246, 51.824442
0.998405, 46.235167, 51.019471, 51.818269
0.998398, 46.225505, 50.999429, 51.772512
0.998268, 45.785745, 50.895449, 51.544397
0.998278, 45.792209, 50.907007, 51.589473
0.998202, 45.289445, 50.489769, 51.174862
0.998205, 45.300119, 50.488601, 51.193900
0.998205, 45.300639, 50.455509, 51.155907
0.998419, 45.716480, 50.927057, 51.408863
0.998420, 45.713508, 50.857849, 51.370221
0.998209, 45.257560, 50.491846, 51.254461
0.998231, 45.265796, 50.473058, 51.255700
0.998417, 45.546557, 50.687466, 51.386626
0.998418, 45.546048, 50.621677, 51.347865
0.998410, 45.539867, 50.633601, 51.366249
0.998376, 45.438574, 50.854600, 51.447203
0.998383, 45.436972, 50.871149, 51.470567
0.998252, 45.125049, 50.530324, 51.202610
0.998256, 45.128475, 50.496784, 51.194358
0.998259, 45.137256, 50.516459, 51.200163
0.998294, 45.243081, 50.356208, 51.072731
0.998307, 45.252203, 50.323731, 51.049783
0.998028, 44.676020, 49.874897, 50.801285
0.998006, 44.647670, 49.837766, 50.745035
0.998304, 45.076543, 50.227610, 50.976574
0.998317, 45.083500, 50.232745, 51.003956
0.998317, 45.101122, 50.240091, 51.007172
0.998086, 44.620505, 49.963559, 50.830808
0.998074, 44.612557, 49.931482, 50.804214
0.998204, 44.881525, 50.055829, 50.867891
0.998233, 44.919296, 50.088723, 50.882216
0.998252, 44.910972, 50.042811, 50.849662
0.998081, 44.512771, 49.777972, 50.549626
0.998085, 44.509610, 49.731072, 50.527967
0.998195, 44.807875, 49.942682, 50.617932
0.998200, 44.804070, 49.870843, 50.582385
0.998064, 44.539995, 49.675086, 50.402775
0.998089, 44.555500, 49.650624, 50.368308
0.998069, 44.543295, 49.774338, 50.390325
0.997776, 43.982288, 49.198563, 49.698822
0.997783, 43.984566, 49.120309, 49.656834
0.998079, 44.364187, 49.078187, 49.634498
0.998075, 44.385349, 49.089549, 49.646667
0.998091, 44.391440, 49.085132, 49.661014
0.997908, 44.180848, 49.089831, 49.743515
0.997929, 44.212145, 49.082033, 49.752487
0.998070, 44.369638, 49.218469, 49.889455
0.998081, 44.370106, 49.173088, 49.861848
0.997987, 44.288290, 49.233314, 49.923158
0.997995, 44.286921, 49.235452, 49.921335
0.997987, 44.283173, 49.220504, 49.920425
0.997875, 44.110669, 49.346044, 49.871406
0.997880, 44.109661, 49.347641, 49.863196
0.997865, 44.115153, 49.348838, 49.926805
0.997848, 44.055714, 49.381398, 49.915873
0.997864, 44.092682, 49.362033, 49.916783
0.997584, 43.747736, 49.432479, 49.932509
0.997433, 43.525329, 49.428004, 49.898054
0.999038, 47.892565, 51.508145, 51.329873
0.998990, 47.862514, 51.268880, 51.204752
0.998392, 46.357731, 49.302575, 48.856173
0.998419, 46.369753, 49.263841, 48.815201
0.998421, 46.368371, 49.284344, 48.852343
0.998207, 45.851825, 48.384392, 48.563818
0.998187, 45.826059, 48.366842, 48.526905
0.998088, 45.438959, 48.236352, 48.447920
0.998022, 45.311804, 48.197743, 48.429870
