ms-ssim, psnr-y, psnr-u, psnr-v
0.995759, 38.535804, 41.172158, 42.835128
0.995089, 37.885348, 41.903897, 42.961045
0.994772, 37.556892, 41.818745, 42.901496
0.995066, 37.640662, 41.698557, 42.970525
0.994284, 36.865838, 41.557937, 42.738060
0.994172, 37.036263, 41.339349, 42.659105
0.994229, 36.943433, 41.033174, 42.486712
0.994877, 37.266661, 41.178633, 42.545134
0.994068, 36.539287, 40.803572, 42.308414
0.994277, 36.689366, 40.800796, 42.379727
0.994303, 36.561240, 40.641256, 42.268722
0.994950, 36.979699, 40.657131, 42.245188
0.993566, 35.850400, 40.109114, 41.861557
0.992210, 35.076078, 39.835477, 41.655225
0.990660, 33.943645, 39.446788, 41.268942
0.989846, 33.881020, 39.296989, 41.200484
0.990190, 33.851484, 39.379166, 41.243980
0.990944, 34.277289, 39.304629, 41.137968
0.992527, 34.974668, 39.396215, 41.370253
0.992932, 34.992953, 39.494323, 41.234863
0.993120, 35.227841, 39.427344, 41.082048
0.993576, 35.545054, 39.230593, 40.964670
0.994072, 35.672750, 39.656084, 41.336288
0.994329, 36.037403, 39.529452, 41.267327
0.994469, 36.345423, 39.510868, 41.277601
0.995068, 36.624081, 40.095154, 41.680848
0.995147, 36.953470, 39.919628, 41.575501
0.995232, 36.938503, 39.792661, 41.593772
0.995761, 37.338642, 40.228624, 41.845832
0.996008, 37.715345, 40.392584, 42.081272
0.995491, 37.292763, 40.555064, 42.237670
0.995556, 37.429280, 40.215505, 42.133015
0.995943, 37.787791, 40.462688, 42.203544
0.995557, 37.520009, 40.281982, 42.077641
0.995765, 37.927952, 40.824523, 42.375618
0.995582, 37.814629, 40.446016, 42.151587
0.996157, 38.495012, 40.762745, 42.394534
0.995713, 37.930419, 40.728287, 42.417416
0.995679, 37.773215, 40.954200, 42.651177
0.995626, 37.981396, 40.836667, 42.560873
0.996095, 38.585740, 41.042789, 42.693399
0.995600, 38.354314, 40.925751, 42.653783
0.995576, 38.246863, 40.804172, 42.667691
0.995919, 38.501572, 41.104180, 42.818299
0.995649, 38.420793, 40.764031, 42.592795
0.995691, 38.531581, 40.962441, 42.742593
0.995477, 38.218016, 40.648829, 42.489735
0.995480, 37.923437, 41.050329, 42.723426
0.995277, 37.869054, 40.586219, 42.419561
0.994915, 37.224562, 40.759305, 42.574905
0.997272, 40.147148, 43.143894, 45.089625
0.996836, 39.073451, 43.748760, 45.418157
0.996616, 39.182299, 43.599585, 45.290885
0.996443, 38.700500, 43.614325, 45.276325
0.996560, 38.933791, 43.548728, 45.144130
0.996346, 38.584993, 43.520078, 45.056586
0.996316, 38.510341, 42.827450, 44.716012
0.996289, 38.413219, 42.981892, 44.751083
0.996526, 38.869537, 43.507136, 45.129976
0.996711, 39.251116, 43.211912, 45.046605
0.996415, 38.268200, 42.621687, 44.778942
0.996445, 38.376609, 42.815327, 44.739223
0.996398, 38.417797, 42.708862, 44.702706
0.996737, 39.267772, 43.158291, 44.925518
0.996580, 38.822852, 42.884972, 44.682550
0.996440, 38.638441, 42.501641, 44.416661
0.996403, 38.430666, 42.741045, 44.496316
0.996726, 39.005020, 42.923149, 44.524127
0.996503, 38.496896, 42.506078, 44.393927
0.996574, 38.891138, 42.497291, 44.382684
0.996482, 38.699404, 42.308394, 44.221238
0.996732, 39.136748, 43.168597, 44.682755
0.996360, 38.787185, 42.276294, 44.224672
0.996364, 38.648978, 42.660582, 44.330482
0.996246, 38.490039, 42.680418, 44.348244
0.996822, 39.402152, 43.137489, 44.566461
0.996572, 38.933582, 42.649064, 44.163151
0.996569, 38.675598, 42.942010, 44.322601
0.996549, 38.735217, 42.768749, 44.252643
0.996910, 39.495827, 43.440949, 44.854235
0.996524, 38.705410, 42.349587, 44.241113
0.996656, 38.749315, 42.923513, 44.630310
0.996625, 38.825229, 42.795704, 44.621395
0.997018, 39.883911, 43.452950, 45.012125
0.996734, 39.287379, 43.097627, 44.585384
0.996776, 39.170798, 43.323998, 44.723162
0.996728, 39.079725, 43.156755, 44.641234
0.997058, 39.909608, 43.674843, 45.071620
0.996939, 39.606012, 43.216384, 44.699146
0.997054, 39.578386, 43.582752, 44.846300
0.997079, 39.754618, 43.578336, 44.908359
0.997207, 40.107319, 43.804701, 45.041086
0.997088, 39.613402, 43.454723, 44.771178
0.997122, 39.707743, 43.573713, 44.821525
0.997219, 39.607333, 43.298126, 44.840252
0.997242, 40.120526, 43.607854, 45.016098
0.996995, 39.494312, 43.246374, 44.776050
0.997063, 39.708914, 43.489931, 44.943614
0.996946, 39.392115, 42.979059, 44.592389
0.997202, 40.171792, 43.681983, 45.159394
0.996959, 39.445250, 43.192134, 44.855760
0.996934, 39.293135, 43.477182, 45.050980
0.996940, 39.156354, 43.381007, 44.940105
0.997296, 40.113144, 43.907630, 45.364032
0.997106, 39.775987, 43.584763, 44.977151
0.997157, 39.680128, 43.849934, 45.132244
0.997087, 39.558167, 43.723270, 44.936453
0.997333, 40.293194, 44.226390, 45.316169
0.997169, 39.672311, 43.606816, 44.773265
0.997320, 40.045828, 44.052176, 45.265553
0.997147, 40.099316, 43.670143, 45.038126
0.997385, 40.566344, 44.179543, 45.427372
0.997192, 39.835898, 43.852946, 45.057255
0.997262, 39.697870, 43.878729, 45.079754
0.997178, 39.656877, 43.501185, 44.841029
0.997433, 40.460966, 44.380458, 45.418399
0.997195, 39.797265, 43.751235, 44.997185
0.997263, 40.088341, 44.033292, 45.089251
0.997242, 39.888511, 43.640549, 44.938369
0.997424, 40.507076, 44.363894, 45.428667
0.997264, 39.766134, 43.755693, 45.082369
0.997225, 39.728351, 44.124405, 45.341006
0.997236, 39.847209, 44.004099, 45.209243
0.997509, 40.738384, 44.730186, 45.809891
0.997460, 40.113192, 44.654218, 45.709178
0.997303, 40.234308, 44.253137, 45.405981
0.997318, 40.080098, 44.687017, 45.648856
0.997546, 40.839824, 44.816425, 45.828843
0.997450, 40.369870, 44.593424, 45.563108
0.997386, 40.087223, 44.171415, 45.322247
0.997405, 40.398467, 44.371406, 45.470472
0.997593, 40.934812, 44.672099, 45.805210
0.997492, 40.451181, 44.222679, 45.470963
0.997457, 40.263154, 44.076889, 45.339817
0.997448, 40.103304, 44.119222, 45.298263
0.997598, 40.740656, 44.701234, 45.892817
0.997353, 40.276758, 44.175902, 45.249368
0.997354, 40.013835, 44.340961, 45.390549
0.997348, 40.126822, 44.249773, 45.337438
0.997600, 40.751099, 44.773057, 45.878249
0.997259, 39.979129, 43.821692, 45.144319
0.997320, 40.010887, 44.197002, 45.420823
0.997311, 39.862211, 43.994634, 45.234287
0.997655, 40.883669, 44.777897, 45.928905
0.997442, 39.958907, 43.925115, 45.270467
0.997413, 39.948536, 44.348181, 45.544572
0.997371, 40.301697, 44.470500, 45.557435
0.997632, 40.778232, 44.965022, 45.962321
0.997441, 40.443569, 44.323197, 45.411178
0.997451, 40.448570, 44.788815, 45.673150
0.997525, 40.628794, 44.754513, 45.634744
0.997667, 41.111943, 44.886478, 45.915801
0.997518, 40.503071, 44.578823, 45.522226
0.997454, 40.461901, 44.564007, 45.518919
0.997590, 40.600365, 44.627650, 45.651923
0.997629, 41.062041, 44.754617, 45.778896
0.997480, 40.326121, 43.938189, 45.232933
0.997497, 40.425531, 44.285801, 45.425188
0.997452, 40.297641, 44.334727, 45.418480
0.997602, 41.004909, 44.696307, 45.625545
0.997401, 40.167277, 43.883150, 45.204282
0.997356, 39.993899, 44.257740, 45.396008
0.997364, 40.001351, 44.400118, 45.617717
0.997653, 40.980899, 44.760408, 46.056227
0.997474, 40.213389, 44.544087, 45.780037
0.997483, 40.514990, 44.555293, 45.853097
0.997486, 40.353060, 44.721098, 45.923187
0.997643, 40.938869, 44.972266, 46.172912
0.997480, 40.283888, 44.673392, 45.917431
0.997659, 40.878684, 44.653507, 45.948112
0.997375, 40.153795, 44.623580, 46.004120
0.997561, 40.858781, 44.980471, 46.210979
0.997464, 40.571146, 44.896707, 46.020368
0.997530, 40.495052, 44.494684, 45.819091
0.997652, 40.869059, 45.008854, 46.324687
0.997377, 40.259220, 43.829499, 45.741461
0.997422, 40.382008, 44.249341, 45.822635
0.997472, 40.261482, 44.340772, 45.748556
0.997684, 40.845607, 44.531264, 45.931086
0.997539, 40.324378, 44.636578, 45.867266
0.997509, 40.295825, 44.444062, 45.868654
0.997510, 40.168913, 44.655776, 45.971987
0.997681, 40.946526, 44.733495, 46.149437
0.997501, 39.963924, 44.138514, 45.667930
0.997495, 40.153300, 44.537259, 45.858321
0.997449, 40.268806, 44.037285, 45.690138
0.997663, 40.883410, 44.865738, 46.142849
0.997523, 40.274095, 44.363355, 45.542619
0.997515, 40.374601, 44.450551, 45.686357
0.997515, 40.165699, 44.112791, 45.540501
0.997653, 40.694974, 44.719929, 46.008835
0.997541, 40.206440, 44.280454, 45.653883
0.997511, 40.130382, 44.414258, 45.718210
0.997507, 40.271940, 44.220778, 45.578791
0.997637, 40.698854, 44.710554, 46.026634
0.997488, 40.319869, 44.190484, 45.716697
0.997453, 40.116442, 44.249896, 45.687001
0.997406, 40.058449, 43.993645, 45.487094
0.997573, 40.673094, 44.712716, 46.001302
0.997552, 40.278840, 44.111416, 45.714232
0.997292, 40.208663, 43.720784, 45.383013
0.997331, 40.096606, 44.166055, 45.593731
0.997630, 40.834059, 44.772361, 46.176612
0.997499, 40.294336, 44.556451, 45.865923
0.997499, 40.476540, 44.452684, 45.764749
0.997464, 40.102562, 44.471668, 45.804239
0.997606, 40.852819, 44.921519, 46.179305
0.997476, 40.459303, 44.700652, 45.920965
0.997439, 40.629314, 44.617633, 45.776177
0.997434, 40.402031, 44.732288, 45.895069
0.997537, 40.807023, 44.917776, 46.131605
0.997502, 40.481551, 44.511559, 45.849439
0.997409, 40.539226, 44.148750, 45.592638
0.997389, 40.221581, 44.273252, 45.702276
0.997535, 40.709832, 44.975510, 46.144996
0.997313, 40.521022, 44.070727, 45.470717
0.997364, 40.573471, 44.429504, 45.701069
0.997337, 40.334560, 44.426129, 45.623513
0.997528, 40.746560, 44.722164, 45.910462
0.997394, 40.363363, 43.988762, 45.373212
0.997453, 40.393723, 44.106876, 45.411904
0.997390, 40.297153, 44.318900, 45.573975
0.997544, 40.650873, 44.509200, 45.747903
0.997431, 40.081306, 43.856213, 45.297909
0.997348, 40.007988, 44.213185, 45.476197
0.997346, 40.119987, 43.572472, 45.072254
0.997458, 40.300653, 44.408430, 45.596422
0.997388, 40.435550, 43.946553, 45.229568
0.997412, 40.174151, 44.165602, 45.375970
0.997255, 40.052571, 43.415340, 44.834071
0.997076, 39.924434, 43.434066, 44.739672
0.997087, 39.777182, 43.266696, 44.633645
0.997213, 39.776532, 43.669036, 44.885943
0.997088, 39.594806, 43.123614, 44.487346
0.997093, 39.583021, 43.318095, 44.566793
0.996895, 39.139674, 43.054212, 44.404976
0.996476, 38.498847, 43.094504, 44.390134
0.998083, 45.218758, 46.672001, 47.931855
0.996738, 42.581960, 45.312937, 46.556456
0.996705, 41.889832, 44.416565, 45.846452
0.996222, 41.127993, 44.593558, 45.971896
0.996831, 42.700908, 45.421388, 46.777158
0.997029, 42.814601, 45.581096, 46.749916
0.996200, 41.873545, 44.686437, 46.098378
0.996368, 41.748685, 44.397213, 45.678805
0.996190, 41.624360, 44.351180, 45.874436
0.996755, 41.738235, 44.895060, 46.246744
0.996187, 41.461758, 44.229552, 45.664596
0.995752, 40.634084, 43.903783, 45.273707
0.995927, 40.777404, 43.721057, 45.124426
