ms-ssim, psnr-y, psnr-u, psnr-v
0.993931, 36.125331, 42.903555, 43.221908
0.993932, 36.126640, 42.908649, 43.223247
0.993934, 36.126727, 42.911413, 43.223905
0.993934, 36.126749, 42.912570, 43.223612
0.993933, 36.125997, 42.909306, 43.221616
0.993933, 36.125994, 42.909510, 43.223369
0.993933, 36.126005, 42.909510, 43.223369
0.993933, 36.126007, 42.909510, 43.223369
0.993934, 36.127573, 42.911481, 43.224855
0.993934, 36.128877, 42.911572, 43.229511
0.993936, 36.129518, 42.910507, 43.228243
0.993935, 36.129234, 42.911572, 43.228584
0.993936, 36.128876, 42.909328, 43.226122
0.993936, 36.128876, 42.909328, 43.226122
0.993936, 36.128876, 42.909328, 43.226122
0.993936, 36.128876, 42.909328, 43.226122
0.993936, 36.128876, 42.909328, 43.226122
0.993936, 36.128876, 42.909328, 43.226122
0.993936, 36.128876, 42.909328, 43.226122
0.993936, 36.128876, 42.909328, 43.226122
0.993936, 36.128876, 42.909328, 43.226122
0.993936, 36.128876, 42.909328, 43.226122
0.993936, 36.128876, 42.909328, 43.226122
0.993936, 36.128876, 42.909328, 43.226122
0.993936, 36.128876, 42.909328, 43.226122
0.993936, 36.128817, 42.911640, 43.227804
0.993936, 36.128907, 42.914815, 43.228365
0.993936, 36.128811, 42.914271, 43.228853
0.993941, 36.129869, 42.913454, 43.228999
0.993980, 36.215436, 43.033786, 43.320460
0.994003, 36.229361, 43.063029, 43.330684
0.994117, 36.234630, 43.061175, 43.334106
0.994181, 36.227814, 43.039105, 43.320958
0.995186, 36.924219, 43.689596, 43.995070
0.995207, 36.930786, 43.678330, 43.986496
0.995192, 36.926165, 43.675140, 43.986990
0.995216, 36.932276, 43.658039, 43.962723
0.996375, 37.634361, 44.511002, 44.698736
0.996378, 37.636603, 44.501805, 44.693880
0.996377, 37.637033, 44.497426, 44.688655
0.996380, 37.636853, 44.487704, 44.686881
0.996971, 38.174532, 45.167085, 45.360843
0.996975, 38.175150, 45.165066, 45.359608
0.996974, 38.175095, 45.164761, 45.360166
0.996975, 38.175440, 45.163542, 45.358612
0.997017, 38.239491, 45.217023, 45.396972
0.997054, 38.246131, 45.216059, 45.408881
0.997022, 38.241624, 45.215828, 45.411057
0.997052, 38.241753, 45.198483, 45.393398
0.997060, 38.249759, 45.217254, 45.425269
0.997070, 38.254719, 45.213940, 45.416462
0.997066, 38.253082, 45.215481, 45.421267
0.997071, 38.254424, 45.217331, 45.420580
0.997065, 38.252726, 45.218333, 45.428505
0.997071, 38.254494, 45.213709, 45.428303
0.997065, 38.252117, 45.213324, 45.426442
0.997070, 38.254418, 45.210860, 45.430610
0.997066, 38.253893, 45.219567, 45.432797
0.997069, 38.254736, 45.220185, 45.431298
0.997068, 38.254211, 45.221033, 45.431784
0.997071, 38.255384, 45.230535, 45.428910
0.997060, 38.326357, 45.362517, 45.523715
0.997130, 38.341378, 45.368101, 45.534815
0.997098, 38.334753, 45.375970, 45.545362
0.997139, 38.334634, 45.356980, 45.512271
0.997405, 38.631159, 45.898585, 46.038773
0.997414, 38.633370, 45.903503, 46.048378
0.997407, 38.631305, 45.905761, 46.048285
0.997414, 38.634193, 45.897774, 46.040450
0.997675, 38.912406, 46.500827, 46.649320
0.997703, 38.924288, 46.495908, 46.649052
0.997697, 38.921865, 46.504091, 46.648999
0.997711, 38.926563, 46.480721, 46.636314
0.997842, 39.102060, 46.896257, 47.026251
0.997856, 39.104527, 46.905232, 47.029468
0.997851, 39.103656, 46.904948, 47.029058
0.997861, 39.106306, 46.902276, 47.025316
0.997875, 39.146868, 46.977473, 47.107038
0.997893, 39.152097, 46.994039, 47.119027
0.997885, 39.150180, 46.988007, 47.112224
0.997900, 39.152496, 46.976374, 47.110077
0.997900, 39.154903, 47.009562, 47.133745
0.997906, 39.158307, 47.008281, 47.137643
0.997899, 39.154757, 47.007407, 47.142564
0.997908, 39.159279, 47.016265, 47.156640
0.997901, 39.157447, 47.029234, 47.158689
0.997908, 39.160812, 47.026368, 47.156037
0.997903, 39.159028, 47.029526, 47.153869
0.997909, 39.161658, 47.023855, 47.153327
0.997908, 39.164738, 47.032277, 47.148153
0.997914, 39.166762, 47.033331, 47.150559
0.997912, 39.165998, 47.035792, 47.152184
0.997916, 39.167333, 47.036495, 47.154170
0.997947, 39.239543, 47.202854, 47.348930
0.997962, 39.245148, 47.224831, 47.354034
0.997963, 39.246232, 47.229362, 47.356683
0.997967, 39.247248, 47.235616, 47.364134
0.998024, 39.358743, 47.557789, 47.724011
0.998046, 39.363865, 47.579649, 47.740107
0.998041, 39.362491, 47.577458, 47.739762
0.998056, 39.364564, 47.583237, 47.735354
0.998143, 39.487163, 47.952720, 48.122141
0.998159, 39.492734, 47.975867, 48.113121
0.998160, 39.493985, 47.978560, 48.120938
0.998162, 39.494560, 47.979434, 48.127789
0.998199, 39.557332, 48.158336, 48.372179
0.998216, 39.565064, 48.184211, 48.391672
0.998214, 39.564110, 48.176356, 48.375927
0.998222, 39.567969, 48.180625, 48.370984
0.998225, 39.585658, 48.259823, 48.469305
0.998235, 39.589418, 48.284905, 48.495385
0.998229, 39.588906, 48.279206, 48.481303
0.998239, 39.590742, 48.300793, 48.499897
0.998239, 39.596668, 48.316031, 48.522530
0.998240, 39.597508, 48.317684, 48.525997
0.998240, 39.597524, 48.315402, 48.526988
0.998241, 39.597955, 48.323276, 48.534842
0.998224, 39.597390, 48.298442, 48.535752
0.998237, 39.602029, 48.331323, 48.574744
0.998227, 39.598869, 48.317369, 48.557658
0.998250, 39.596483, 48.268064, 48.474851
0.998250, 39.603738, 48.272813, 48.491041
0.998257, 39.606666, 48.284593, 48.484247
0.998255, 39.606276, 48.286546, 48.495549
0.998260, 39.605977, 48.295230, 48.502443
0.998272, 39.641449, 48.376565, 48.565151
0.998285, 39.644565, 48.415677, 48.613079
0.998283, 39.644639, 48.404501, 48.603064
0.998290, 39.645409, 48.412458, 48.602392
0.998337, 39.730786, 48.644280, 48.866432
0.998354, 39.736501, 48.715034, 48.914390
0.998352, 39.735791, 48.710809, 48.915474
0.998358, 39.738566, 48.714085, 48.921440
0.998370, 39.768728, 48.879134, 49.071627
0.998382, 39.774933, 48.898795, 49.093405
0.998374, 39.770520, 48.898255, 49.089361
0.998384, 39.776122, 48.917010, 49.113402
0.998373, 39.782828, 48.935392, 49.164374
0.998388, 39.789843, 48.963706, 49.197888
0.998379, 39.785876, 48.972026, 49.199430
0.998393, 39.792379, 48.989356, 49.213339
0.998383, 39.792706, 48.994320, 49.247136
0.998397, 39.800578, 49.013311, 49.260808
0.998388, 39.795537, 49.008140, 49.256897
0.998400, 39.801719, 49.028211, 49.282673
0.998398, 39.803775, 49.022559, 49.288181
0.998403, 39.806973, 49.027932, 49.302575
0.998403, 39.807425, 49.026172, 49.296062
0.998406, 39.808887, 49.036841, 49.309592
0.998408, 39.808895, 49.046419, 49.304550
0.998411, 39.811578, 49.060125, 49.307120
0.998411, 39.811623, 49.058071, 49.309394
0.998413, 39.814988, 49.068913, 49.327035
0.998404, 39.819964, 49.058071, 49.352133
0.998415, 39.824480, 49.094158, 49.363835
0.998410, 39.825053, 49.100092, 49.369648
0.998421, 39.827529, 49.122582, 49.390760
0.998422, 39.850356, 49.235258, 49.508330
0.998435, 39.853525, 49.269423, 49.531377
0.998429, 39.852028, 49.256604, 49.524928
0.998439, 39.854797, 49.289658, 49.551200
0.998431, 39.863109, 49.294386, 49.588587
0.998445, 39.869304, 49.333893, 49.609839
0.998437, 39.867547, 49.348838, 49.630343
0.998447, 39.870753, 49.381196, 49.650410
0.998438, 39.877532, 49.383409, 49.675732
0.998455, 39.882331, 49.411367, 49.707485
0.998455, 39.882207, 49.416635, 49.705101
0.998458, 39.884301, 49.455331, 49.729873
0.998461, 39.889438, 49.421301, 49.722035
0.998463, 39.889384, 49.455945, 49.741876
0.998464, 39.888983, 49.443176, 49.753035
0.998468, 39.891747, 49.493652, 49.779625
0.998468, 39.898697, 49.477995, 49.776100
0.998470, 39.900513, 49.505018, 49.807045
0.998474, 39.901646, 49.508537, 49.818262
0.998476, 39.902275, 49.558002, 49.847831
0.998479, 39.907329, 49.546184, 49.848390
0.998480, 39.907218, 49.560307, 49.870281
0.998481, 39.907732, 49.544304, 49.871631
0.998483, 39.909333, 49.602743, 49.910190
0.998488, 39.915518, 49.586267, 49.883355
0.998491, 39.918308, 49.620770, 49.916783
0.998492, 39.918458, 49.625554, 49.913031
0.998493, 39.920171, 49.663160, 49.961374
0.998495, 39.923890, 49.643141, 49.964479
0.998496, 39.924790, 49.685320, 49.981764
0.998495, 39.924821, 49.666165, 49.983959
0.998497, 39.925539, 49.722906, 50.022833
0.998499, 39.931508, 49.700553, 50.004223
0.998500, 39.931756, 49.726932, 50.028548
0.998500, 39.931753, 49.726606, 50.047498
0.998503, 39.933862, 49.766529, 50.079974
0.998506, 39.938344, 49.741985, 50.039885
0.998506, 39.939545, 49.770487, 50.062647
0.998507, 39.939119, 49.765980, 50.080092
0.998509, 39.940520, 49.816594, 50.116743
0.998513, 39.947233, 49.782823, 50.112100
0.998514, 39.948106, 49.822156, 50.134048
0.998515, 39.947697, 49.818262, 50.140631
0.998516, 39.948304, 49.853881, 50.173572
0.998515, 39.952557, 49.821711, 50.149263
0.998518, 39.954568, 49.853544, 50.170194
0.998518, 39.954441, 49.847271, 50.168024
0.998521, 39.956034, 49.899414, 50.213702
0.998524, 39.963067, 49.882114, 50.177073
0.998526, 39.965448, 49.903041, 50.204577
0.998526, 39.965827, 49.896582, 50.210171
0.998529, 39.966589, 49.951502, 50.259620
0.998532, 39.970575, 49.933651, 50.220650
0.998532, 39.970863, 49.961604, 50.246714
0.998532, 39.970676, 49.953911, 50.242175
0.998535, 39.972491, 50.002366, 50.294100
0.998536, 39.975170, 49.981418, 50.276517
0.998535, 39.975375, 50.001438, 50.295217
0.998535, 39.975309, 49.993095, 50.286290
0.998537, 39.977056, 50.027031, 50.322232
0.998537, 39.976615, 50.028432, 50.313001
0.998537, 39.976917, 50.034038, 50.321608
0.998537, 39.977105, 50.026798, 50.317489
0.998538, 39.978636, 50.044568, 50.339500
0.998538, 39.979005, 50.047615, 50.340002
0.998538, 39.979153, 50.047850, 50.342260
0.998538, 39.978927, 50.048201, 50.338748
0.998539, 39.978942, 50.051016, 50.342636
0.998539, 39.979026, 50.051134, 50.341758
0.998539, 39.978988, 50.051603, 50.342134
0.998539, 39.978959, 50.051486, 50.341507
0.998539, 39.978988, 50.052659, 50.342887
0.998539, 39.979034, 50.052659, 50.342887
0.998539, 39.979034, 50.052776, 50.342887
0.998539, 39.979037, 50.052776, 50.342887
0.998539, 39.979011, 50.052776, 50.343263
0.998539, 39.978982, 50.053129, 50.342636
0.998539, 39.978971, 50.053129, 50.342887
0.998539, 39.978974, 50.052894, 50.342887
0.998539, 39.979003, 50.052776, 50.342636
0.998539, 39.979043, 50.051720, 50.341507
0.998539, 39.979054, 50.051838, 50.341507
0.998539, 39.979052, 50.051838, 50.341507
0.998539, 39.979054, 50.058649, 50.344393
0.998539, 39.979066, 50.058061, 50.344393
0.998539, 39.979063, 50.058061, 50.344393
0.998539, 39.979063, 50.058061, 50.344393
0.998539, 39.979063, 50.058414, 50.345774
0.998539, 39.979063, 50.058414, 50.345774
0.998539, 39.979063, 50.058414, 50.345774
0.998539, 39.979063, 50.058414, 50.345774
0.998539, 39.979063, 50.058414, 50.345648
0.998538, 39.979031, 50.057004, 50.345900
