ms-ssim, psnr-y, psnr-u, psnr-v
0.991174, 37.134551, 43.862435, 43.421342
0.991004, 36.921614, 43.880084, 43.503201
0.990713, 36.804664, 43.818759, 43.398062
0.990807, 36.891214, 43.844235, 43.437040
0.990812, 36.903284, 43.857878, 43.448809
0.990793, 36.913172, 43.880712, 43.491201
0.991034, 37.062144, 43.932554, 43.594526
0.990710, 36.925757, 43.931282, 43.532104
0.990579, 36.834373, 43.871385, 43.396215
0.990519, 36.700484, 43.951950, 43.366445
0.990907, 36.948518, 43.913516, 43.440040
0.991235, 37.110092, 43.936281, 43.650870
0.990897, 36.886853, 43.734698, 43.535170
0.990620, 36.687061, 43.680176, 43.474652
0.990921, 36.908433, 43.705282, 43.451249
0.992142, 37.670429, 43.968684, 43.778147
0.992984, 38.261467, 44.184014, 44.003454
0.993724, 38.657836, 44.618757, 44.238655
0.994405, 39.124414, 44.808419, 44.590015
0.995211, 39.706395, 44.978677, 44.927878
0.995359, 39.814356, 45.138457, 44.924680
0.995418, 39.829810, 45.149025, 44.933023
0.996343, 40.672267, 45.867683, 45.858189
0.996682, 41.014297, 46.082294, 46.330889
0.997010, 41.255077, 46.472378, 46.578011
0.997102, 41.472255, 46.615767, 46.583194
0.997202, 41.556153, 46.663385, 46.642138
0.997231, 41.564638, 46.734853, 46.748385
0.997181, 41.512700, 46.759520, 46.723954
0.997234, 41.576004, 46.868178, 46.819157
0.997197, 41.563756, 46.855693, 46.721190
0.997222, 41.596741, 46.935864, 46.765970
0.997209, 41.544564, 46.823575, 46.533795
0.997217, 41.640847, 46.762133, 46.663044
0.997176, 41.686177, 46.872825, 46.693135
0.997097, 41.529674, 46.814391, 46.582023
0.997091, 41.562506, 46.793272, 46.606507
0.997043, 41.393958, 46.795204, 46.598275
0.997115, 41.367201, 46.824636, 46.509716
0.997162, 41.479983, 46.756559, 46.541078
0.997090, 41.380584, 46.841468, 46.320013
0.997218, 41.580548, 46.896492, 46.702237
0.997208, 41.656393, 46.756385, 46.825874
0.997338, 41.768113, 47.125923, 47.067746
0.997391, 41.900046, 47.116645, 47.169546
0.997419, 41.877529, 47.087240, 47.105123
0.997632, 42.229816, 47.267714, 47.284589
0.997761, 42.289044, 47.353747, 47.532559
0.997791, 42.413917, 47.155401, 47.308837
0.997806, 42.417457, 47.183929, 47.597990
0.997849, 42.416976, 47.451314, 47.440908
0.997913, 42.525007, 47.626610, 47.573128
0.997924, 42.493239, 47.502689, 47.520918
0.998079, 42.834268, 47.829515, 47.793117
0.998019, 42.574536, 47.895766, 47.797539
0.997898, 42.497922, 47.818164, 47.744982
0.997827, 42.263588, 47.671509, 47.564312
0.997856, 42.295194, 47.830853, 47.673444
0.997891, 42.406478, 47.829070, 47.938521
0.997748, 42.298778, 47.930073, 47.804846
0.997644, 41.978997, 47.741486, 47.388442
0.997729, 42.308379, 47.797761, 47.490922
0.997870, 42.498510, 47.872520, 47.918228
0.997804, 42.310036, 47.254809, 47.932126
0.997797, 42.320585, 47.223487, 47.909593
0.997781, 42.357649, 46.625891, 47.871619
0.997827, 42.432145, 47.598835, 47.725572
0.997893, 42.495817, 47.797318, 47.812388
0.997896, 42.521280, 47.845592, 47.895766
0.997953, 42.652136, 47.859484, 47.894409
0.997888, 42.466400, 47.887853, 47.908912
0.997850, 42.432273, 47.903014, 47.901654
0.997911, 42.489832, 47.898483, 48.023915
0.998023, 42.735802, 47.799974, 48.045411
0.997928, 42.538547, 47.768873, 48.018092
0.997885, 42.490093, 47.784947, 48.046348
0.997908, 42.497693, 47.714706, 48.018790
0.997922, 42.546167, 47.953172, 47.815053
0.997937, 42.468102, 47.977547, 47.969714
0.997949, 42.661297, 48.082815, 48.059253
0.997915, 42.566584, 47.982854, 47.983316
0.997891, 42.445430, 47.885595, 48.197727
0.997927, 42.587715, 47.966722, 48.123404
0.997978, 42.690055, 48.104605, 48.367168
0.998048, 42.784686, 48.046582, 48.378534
0.998079, 42.856497, 48.076912, 48.261018
0.998122, 42.859015, 48.068427, 48.327244
0.998126, 42.962146, 47.889886, 48.048457
0.998211, 43.066613, 47.663994, 48.056434
0.998165, 42.948688, 47.869369, 48.033248
0.998192, 43.000867, 47.970635, 47.785609
0.998139, 42.982029, 47.972247, 47.657991
0.997987, 42.845748, 48.036753, 48.263234
0.998002, 42.859778, 48.124358, 48.233291
0.998188, 43.364092, 47.651140, 48.418168
0.998153, 43.155212, 47.248955, 48.291649
0.998178, 43.317690, 48.070547, 47.904374
0.998150, 43.195242, 48.281745, 48.244066
0.998160, 43.158499, 48.412556, 48.427877
0.998140, 43.150960, 48.413066, 48.272109
0.998152, 43.067227, 48.506344, 48.433508
0.998031, 42.912384, 48.490745, 48.416381
0.998091, 43.051436, 48.491264, 48.254131
0.998094, 42.985680, 48.542438, 48.261757
0.998097, 42.971257, 48.539550, 48.390437
0.998077, 42.999309, 48.442995, 48.339509
0.998082, 42.952764, 48.453790, 48.345779
0.998071, 43.011713, 48.546642, 48.385368
0.998078, 42.841418, 48.492562, 48.351808
0.998054, 42.912438, 48.451217, 48.311029
0.998155, 43.071547, 48.026013, 48.355831
0.998061, 42.918836, 48.277542, 48.087306
0.998076, 42.960094, 48.218153, 47.900974
0.998017, 42.846721, 48.329995, 48.018557
0.998027, 42.871860, 48.323747, 48.111259
0.998061, 42.897181, 48.255852, 47.908912
0.998007, 42.889743, 48.214255, 47.834868
0.997959, 42.866117, 48.412556, 47.973629
0.998132, 43.132482, 48.292145, 48.155959
0.998080, 42.852634, 48.417402, 48.294129
0.998175, 43.132066, 48.394242, 48.475201
0.998203, 43.169289, 48.519387, 48.515209
0.998236, 43.304854, 48.451732, 48.534566
0.998277, 43.364192, 48.378787, 48.435814
0.998277, 43.365727, 48.492821, 48.620347
0.998266, 43.252663, 48.571160, 48.640985
0.998295, 43.277401, 48.509471, 48.544539
0.998307, 43.259778, 48.485039, 48.585195
0.998250, 43.180393, 48.337003, 48.460228
0.998208, 43.031843, 48.183437, 48.359859
0.998273, 43.341513, 48.321000, 48.531159
0.998247, 43.259097, 48.341264, 48.418423
0.998294, 43.265949, 48.434789, 48.477788
0.998274, 43.254548, 48.393988, 48.503741
0.998262, 43.214413, 48.489188, 48.601404
0.998239, 43.222160, 48.434021, 48.603534
0.998260, 43.246666, 48.454305, 48.720152
0.998183, 43.143359, 48.239900, 48.520171
0.998188, 43.163120, 48.101757, 48.510775
0.998122, 43.152725, 48.370448, 48.125790
0.998101, 43.087879, 48.404916, 48.408734
0.998198, 43.273281, 48.419444, 48.622487
0.998229, 43.276541, 48.411027, 48.525662
0.998245, 43.301514, 48.148277, 48.448903
0.998282, 43.372929, 47.826174, 48.421231
0.998258, 43.320037, 47.985164, 48.455592
0.998270, 43.305818, 48.300334, 48.529850
0.998230, 43.416741, 48.080453, 48.586521
0.998177, 43.251906, 47.678176, 48.505563
0.998267, 43.410029, 48.018092, 48.690975
0.998265, 43.336164, 48.433764, 48.424809
0.998312, 43.391861, 48.598743, 48.696686
0.998255, 43.305798, 48.654439, 48.471582
0.998284, 43.381404, 48.670639, 48.679846
0.998267, 43.366983, 48.703767, 48.575657
0.998243, 43.277967, 48.725080, 48.689073
0.998268, 43.326769, 48.822025, 48.777161
0.998257, 43.221697, 48.778548, 48.693693
0.998233, 43.232239, 48.835490, 48.776884
0.998229, 43.278827, 48.922043, 48.861134
0.998241, 43.262619, 48.973364, 48.875856
0.998316, 43.290547, 48.922616, 48.906307
0.998290, 43.178483, 48.888068, 48.826509
0.998291, 43.327757, 48.833243, 48.763322
0.998265, 43.201476, 48.631592, 48.726176
0.998274, 43.201456, 48.550061, 48.608331
0.998254, 43.177796, 48.578834, 48.371710
0.998120, 42.802738, 48.502439, 48.281745
0.998205, 43.035573, 48.470032, 48.412046
0.998341, 43.161408, 48.572482, 48.619278
0.998292, 43.174341, 48.672263, 48.679575
0.998294, 43.193862, 48.695325, 48.798003
0.998275, 43.160096, 48.740721, 48.873304
0.998309, 43.246297, 48.616071, 48.583338
0.998302, 43.201207, 48.705675, 48.318256
0.998304, 43.152763, 48.516514, 48.222542
0.998305, 43.120821, 48.519387, 48.259787
0.998284, 43.178750, 48.450960, 48.188276
0.998187, 43.063060, 48.498018, 48.245047
0.998244, 43.223414, 48.683100, 48.594753
0.998314, 43.338838, 48.834648, 48.765533
0.998364, 43.397179, 48.952532, 48.612066
0.998243, 43.222912, 49.014745, 48.225715
0.998294, 43.311898, 48.851817, 48.559806
0.998277, 43.296802, 48.951955, 48.542963
0.998268, 43.263729, 48.854638, 48.383595
0.998274, 43.178006, 48.974234, 48.486335
0.998284, 43.233438, 48.932661, 48.428900
0.998252, 43.084813, 48.948781, 48.464095
0.998297, 43.213451, 48.912880, 48.376511
0.998305, 43.257736, 48.921183, 48.574598
0.998358, 43.412064, 48.832401, 48.700497
0.998401, 43.437891, 48.752007, 48.779102
0.998423, 43.571681, 48.819505, 48.786875
0.998432, 43.560658, 48.751731, 48.725354
0.998401, 43.551702, 48.850689, 48.751731
0.998424, 43.611686, 48.860569, 48.822305
0.998386, 43.556053, 48.834648, 48.778270
0.998397, 43.525811, 48.869055, 48.847307
0.998400, 43.552368, 48.876990, 48.938411
0.998432, 43.714431, 48.836614, 49.055638
0.998412, 43.598731, 48.755040, 48.943017
0.998410, 43.556157, 48.826789, 48.954842
0.998412, 43.594694, 48.905450, 48.985563
0.998412, 43.636249, 48.982364, 48.970755
0.998406, 43.577538, 48.974234, 48.978878
0.998435, 43.700800, 48.923189, 48.960332
0.998412, 43.627601, 48.903737, 48.959465
0.998414, 43.610948, 48.866790, 48.941001
0.998432, 43.627326, 48.930363, 48.982655
0.998427, 43.605383, 48.961200, 48.955997
0.998444, 43.602118, 48.973364, 48.999254
0.998398, 43.573145, 48.951377, 49.004217
0.998408, 43.549601, 48.892051, 48.904879
0.998437, 43.583927, 48.941865, 48.918318
0.998424, 43.540874, 48.863679, 48.898318
0.998425, 43.505732, 48.830436, 48.926057
0.998442, 43.688113, 48.968436, 49.082322
0.998473, 43.696108, 49.001005, 49.128966
0.998512, 43.808725, 48.975395, 49.160948
0.998433, 43.588499, 48.855485, 49.020605
0.998444, 43.552846, 48.908878, 49.086189
0.998435, 43.562160, 48.895753, 49.036467
0.998409, 43.533284, 48.723711, 48.903737
0.998440, 43.577936, 48.875856, 48.898888
0.998429, 43.495327, 48.879828, 48.917173
0.998471, 43.608143, 48.773836, 49.073112
0.998451, 43.579045, 48.832682, 49.107974
0.998470, 43.542245, 48.805530, 48.965540
0.998557, 43.825180, 48.774667, 49.075487
0.998531, 43.678848, 48.863113, 49.043241
0.998556, 43.823740, 49.027648, 49.241950
0.998507, 43.563703, 48.964961, 49.167312
0.998490, 43.536228, 49.171864, 49.213657
0.998469, 43.469872, 49.100800, 49.143721
0.998483, 43.601319, 49.147342, 49.245345
0.998468, 43.483246, 49.122057, 49.169132
0.998478, 43.533202, 49.145531, 49.238866
0.998478, 43.547812, 48.634274, 49.007723
0.998454, 43.535564, 48.792435, 48.890628
0.998418, 43.324695, 48.832120, 49.028529
0.998442, 43.515853, 48.764151, 48.963514
0.998220, 43.176078, 48.426087, 48.762493
0.998259, 43.220212, 48.626234, 48.932086
0.998254, 43.247248, 48.670910, 48.846462
0.998334, 43.374747, 48.679304, 49.046484
0.998325, 43.302378, 48.771343, 49.081727
0.998365, 43.346254, 48.891482, 49.103489
0.998379, 43.351099, 48.951377, 49.132575
0.998386, 43.491960, 48.894898, 49.128665
0.998915, 44.447889, 51.192528, 50.917169
0.998830, 44.104383, 50.939917, 50.805185
0.998737, 43.963419, 50.975183, 50.575661
0.998634, 43.604582, 50.745021, 50.527690
0.998612, 43.383666, 50.608501, 50.608924
0.998662, 43.727888, 50.662082, 50.516918
0.998621, 43.621000, 50.600479, 50.540986
0.998473, 43.407653, 49.779237, 49.775747
0.998429, 43.362279, 49.604380, 49.755211
0.998481, 43.570009, 49.487573, 49.806206
0.998431, 43.389836, 49.371282, 49.541119
0.998413, 43.364810, 49.334881, 49.603374
0.998473, 43.581056, 49.443073, 49.736846
0.998436, 43.389715, 49.377962, 49.499015
0.998487, 43.579527, 49.464129, 49.536824
0.998433, 43.433474, 49.338980, 49.485614
0.998475, 43.517318, 49.459910, 49.684945
0.998446, 43.458146, 49.433711, 49.516071
0.998446, 43.503345, 49.546080, 49.523307
0.998439, 43.439411, 49.395187, 49.482026
0.998384, 43.338184, 49.277888, 49.528907
0.998368, 43.309772, 49.460234, 49.467053
0.998367, 43.256161, 49.496397, 49.305352
0.998394, 43.267664, 49.557014, 49.452131
0.998409, 43.353086, 49.577965, 49.178244
0.998388, 43.360706, 49.461857, 49.269186
0.998379, 43.278592, 49.561993, 49.453426
0.998403, 43.312744, 49.590985, 49.524953
0.998372, 43.281876, 49.608071, 49.622192
0.998348, 43.222411, 49.569306, 49.524294
0.998304, 43.259486, 49.251525, 49.325749
0.998233, 43.050750, 49.237941, 48.918605
0.998240, 43.119258, 48.998671, 48.995754
0.998218, 43.118674, 48.472099, 48.814469
0.998231, 43.170509, 48.902596, 48.707039
0.998096, 42.889957, 48.696141, 48.265944
0.998074, 42.858341, 48.810835, 48.640985
0.998039, 42.746627, 48.918891, 48.514165
0.998074, 42.824260, 48.887783, 48.579363
0.998068, 42.935000, 48.696686, 48.276801
0.998025, 42.779649, 48.852099, 48.277542
0.998053, 42.930561, 48.753661, 47.800859
0.997979, 42.771887, 48.528540, 47.946069
0.997938, 42.586582, 48.774113, 47.988862
0.997956, 42.729805, 48.613668, 47.843356
0.997833, 42.543263, 48.547694, 47.520918
0.997750, 42.489181, 48.522262, 47.787374
0.997667, 42.274087, 48.300583, 47.284982
0.997590, 42.201165, 48.230357, 47.397109
0.997452, 41.962962, 48.008559, 47.158647
