ms-ssim, psnr-y, psnr-u, psnr-v
0.991718, 34.334105, 42.476474, 41.539576
0.991265, 34.039105, 42.561694, 41.687173
0.991626, 34.492349, 42.646073, 41.589626
0.991677, 34.418527, 42.695272, 41.671901
0.991043, 34.204861, 42.781619, 41.707258
0.991080, 34.279160, 42.757294, 41.661546
0.991464, 34.550537, 42.713488, 41.581307
0.990694, 34.111636, 42.696730, 41.586161
0.990367, 34.110384, 42.619245, 41.472528
0.990365, 34.058863, 42.627276, 41.447404
0.990512, 34.066940, 42.645641, 41.563817
0.990119, 33.810075, 42.648188, 41.164171
0.990533, 33.745295, 42.714074, 41.502339
0.991068, 34.413126, 42.737176, 41.384916
0.991490, 34.340323, 42.807777, 41.467067
0.992049, 34.677266, 42.895344, 41.617030
0.992516, 35.034783, 43.092865, 41.733001
0.992676, 34.778986, 43.294049, 42.366994
0.993543, 36.584679, 44.024483, 43.025270
0.994375, 36.948044, 44.166313, 43.269127
0.994842, 37.695213, 44.354538, 43.403823
0.994894, 37.483914, 44.369949, 43.684358
0.995031, 37.483200, 44.415139, 43.804975
0.994904, 37.186028, 44.372379, 43.715168
0.994898, 37.333497, 44.384984, 43.748736
0.995076, 37.325451, 44.320416, 43.640875
0.995183, 37.434009, 44.450599, 43.954813
0.995281, 37.895132, 44.472717, 43.915176
0.995236, 37.674773, 44.508505, 43.987348
0.995339, 37.501793, 44.478136, 43.882792
0.995851, 38.142709, 44.985011, 44.263833
0.995906, 37.985666, 45.036535, 44.433304
0.995924, 37.943280, 45.158903, 44.516925
0.996056, 38.201153, 45.079410, 44.304828
0.996129, 38.249122, 45.143503, 44.376100
0.996166, 38.449493, 45.287556, 44.586683
0.996065, 37.924829, 45.395719, 44.724842
0.996261, 38.239019, 45.367750, 44.632224
0.996309, 38.037645, 45.534125, 44.895604
0.996681, 38.560452, 45.597188, 44.912010
0.996702, 38.559711, 45.636619, 44.918331
0.996323, 37.927220, 45.706836, 44.850263
0.996481, 38.183691, 45.815633, 45.006722
0.996638, 38.263962, 45.802790, 45.228628
0.996461, 37.348378, 46.063769, 45.110406
0.996950, 38.472708, 46.302007, 45.750912
0.997024, 38.498007, 46.339414, 45.795837
0.996816, 38.523339, 47.030890, 46.150022
0.996688, 37.964708, 46.850939, 45.926817
0.997096, 38.661385, 46.980405, 46.220695
0.996963, 38.261646, 47.130282, 46.292538
0.997122, 38.627811, 46.978320, 46.393288
0.997153, 38.742589, 46.976105, 46.463089
0.997002, 38.546766, 46.874159, 46.008073
0.996847, 38.414427, 46.897247, 46.117623
0.997243, 38.894894, 46.860314, 46.164476
0.997074, 38.611971, 46.975063, 46.400811
0.997244, 39.342263, 47.023511, 46.363665
0.997224, 39.225805, 46.976105, 46.379076
0.997259, 38.976094, 46.969598, 46.096512
0.997143, 38.670962, 47.097612, 46.350790
0.997168, 38.547926, 47.203498, 46.434597
0.997034, 38.856168, 47.155591, 46.393516
0.997263, 38.865576, 47.226341, 46.425639
0.997287, 38.895010, 47.244729, 46.447263
0.997088, 38.704606, 47.177909, 46.512673
0.996953, 38.595837, 47.107938, 46.610817
0.997232, 38.937158, 47.181048, 46.536031
0.996812, 38.124246, 46.893156, 46.014539
0.997132, 38.742222, 47.069310, 46.319438
0.997143, 38.741484, 47.066782, 46.295098
0.997250, 38.973071, 46.990325, 46.510917
0.996977, 38.312740, 46.902622, 45.768432
0.997061, 38.422542, 47.230896, 45.969785
0.997069, 38.373448, 47.219310, 46.120510
0.997383, 39.045665, 47.333897, 46.386916
0.997408, 39.066475, 47.359855, 46.401610
0.997285, 38.805815, 47.493202, 46.367173
0.997292, 39.204964, 47.632287, 46.525099
0.997452, 39.133800, 47.676594, 46.501216
0.997192, 38.627435, 47.648374, 46.365249
0.997454, 39.234269, 47.610226, 46.541919
0.997473, 39.265891, 47.603599, 46.554666
0.997495, 39.327936, 47.723060, 46.861709
0.997414, 38.893344, 47.657506, 46.587054
0.997306, 38.814090, 47.615052, 46.404692
0.997418, 39.316217, 47.351043, 46.297994
0.997424, 39.046882, 47.447667, 46.301114
0.997451, 39.108136, 47.478701, 46.282535
0.997362, 39.093425, 47.361990, 45.871930
0.997466, 39.657628, 47.232001, 45.924465
0.997447, 39.276324, 47.286495, 46.023525
0.997565, 39.736677, 47.428401, 46.266909
0.997508, 39.586056, 47.347779, 46.236595
0.997482, 39.566006, 47.320059, 46.255530
0.997475, 40.310049, 47.335453, 46.363778
0.997417, 39.285763, 47.273226, 46.324480
0.997278, 39.200218, 47.371680, 46.204418
0.997139, 38.948378, 47.087178, 46.029491
0.997531, 39.501644, 47.358148, 46.486879
0.997558, 39.525092, 47.365693, 46.465289
0.997151, 38.638283, 47.251246, 45.963075
0.997249, 39.028922, 47.505690, 46.334018
0.997510, 39.417705, 47.654460, 46.635191
0.997610, 40.084483, 47.663911, 46.705474
0.997524, 39.519761, 47.704537, 46.728173
0.997562, 39.437901, 47.730026, 46.778531
0.997639, 39.532676, 47.638199, 46.916731
0.997584, 39.170348, 47.414691, 46.251450
0.997667, 39.455983, 47.537884, 46.880142
0.997850, 40.155384, 47.695305, 47.159257
0.997738, 39.372229, 47.617768, 46.910312
0.997781, 39.490284, 47.635469, 46.924189
0.997606, 38.809985, 47.660097, 46.915190
0.997692, 39.532612, 47.574502, 46.903518
0.997686, 39.190210, 47.598185, 46.862978
0.997682, 38.945251, 47.647462, 46.909799
0.997668, 39.056502, 47.604201, 46.875431
0.997667, 39.031582, 47.591277, 46.871106
0.997728, 39.098895, 47.558090, 46.733589
0.997673, 39.162401, 47.739643, 47.033001
0.998002, 40.531053, 48.111138, 47.556303
0.997954, 40.421067, 48.114523, 47.561070
0.997871, 39.578515, 48.100495, 47.440124
0.997889, 39.582607, 48.145782, 47.481627
0.997860, 39.455061, 48.167832, 47.471980
0.997768, 39.209634, 48.138286, 47.428401
0.997821, 39.534155, 48.128256, 47.413395
0.997724, 38.783829, 48.109447, 47.382822
0.997819, 39.435394, 48.173491, 47.467457
0.997834, 39.437941, 48.187756, 47.498780
0.997861, 39.481347, 48.106743, 47.532995
0.997784, 39.095796, 48.127576, 47.499221
0.997877, 39.490127, 48.109955, 47.506720
0.997912, 39.451352, 48.174692, 47.523825
0.997870, 39.355561, 48.166119, 47.484115
0.997897, 39.409087, 48.176580, 47.495843
0.997837, 39.263211, 48.187412, 47.478994
0.997880, 39.414033, 48.118079, 47.430425
0.997933, 39.421866, 48.266275, 47.514822
0.997921, 39.455390, 48.213829, 47.552137
0.997950, 39.626748, 48.225622, 47.484993
0.997949, 39.626310, 48.237273, 47.479579
0.997724, 39.258587, 48.145611, 47.447667
0.997847, 39.619578, 47.992347, 47.120846
0.997966, 39.505105, 48.039674, 47.628350
0.997631, 38.902741, 47.890362, 47.028122
0.997745, 39.486231, 47.904210, 47.304158
0.997742, 39.486330, 47.899697, 47.266119
0.997836, 39.477737, 48.070565, 47.607213
0.997400, 38.808719, 47.951722, 47.005247
0.997604, 39.237814, 47.681035, 47.218484
0.997442, 38.762971, 47.528704, 46.892389
0.997977, 39.842671, 48.236403, 47.836362
0.997993, 39.840813, 48.219549, 47.809297
0.997749, 39.237376, 48.029205, 47.542482
0.997599, 38.750043, 48.004543, 47.517919
0.997944, 39.490743, 48.201896, 47.598335
0.997969, 39.904504, 48.201032, 47.602696
0.997898, 39.445438, 48.072576, 47.425078
0.997903, 39.446323, 48.054675, 47.397005
0.997705, 38.988393, 47.926685, 47.171229
0.997986, 39.919682, 47.982812, 47.312312
0.997968, 39.514851, 47.889398, 47.267233
0.997891, 39.327069, 47.752706, 47.163335
0.997928, 39.454140, 47.775034, 47.197053
0.997958, 39.499414, 47.825579, 47.271553
0.997817, 39.385909, 47.672464, 46.800240
0.997808, 39.254530, 47.691004, 46.954538
0.997820, 39.405138, 47.878162, 47.159529
0.997636, 39.272869, 48.058851, 47.601794
0.997843, 39.522271, 48.228750, 47.696074
0.997859, 39.550964, 48.238493, 47.702073
0.997527, 39.797714, 48.036182, 46.977929
0.997534, 39.622135, 47.961026, 46.776292
0.997768, 39.327125, 48.121808, 47.412243
0.997674, 39.116123, 48.109109, 47.454205
0.997772, 39.322623, 48.072073, 47.316677
0.997781, 39.332723, 48.082983, 47.315691
0.997648, 38.814716, 48.164235, 47.455660
0.997817, 39.507414, 48.066712, 47.343666
0.997833, 39.944094, 48.005204, 47.438820
0.997697, 39.711793, 48.139818, 47.479871
0.997650, 39.150206, 48.117909, 47.472564
0.997666, 39.154420, 48.115200, 47.485872
0.997477, 39.268556, 48.056178, 47.229515
0.997304, 38.459973, 47.815771, 46.785257
0.997660, 39.555585, 48.147487, 47.206244
0.997379, 39.088397, 47.484847, 46.059760
0.997508, 39.176764, 47.449700, 46.189288
0.997501, 39.177640, 47.442444, 46.178327
0.997626, 39.417728, 47.468040, 46.643266
0.997184, 38.586864, 47.621091, 46.612613
0.997493, 39.287742, 47.910020, 47.058412
0.997549, 39.514097, 47.943089, 47.200617
0.997747, 39.414787, 48.031031, 47.215180
0.997797, 39.436776, 48.023068, 47.252356
0.997685, 39.499013, 48.080799, 47.275319
0.997756, 39.603217, 48.180188, 47.210778
0.997824, 39.295578, 48.288948, 47.302472
0.997814, 39.432486, 48.114184, 47.256661
0.997678, 39.222166, 48.165947, 47.307390
0.997688, 39.192059, 48.100495, 47.327537
0.997838, 39.264313, 48.128765, 47.322597
0.997858, 39.356789, 48.253847, 47.368258
0.997774, 39.402700, 48.215735, 47.319072
0.997856, 39.243046, 48.227186, 47.304158
0.997742, 38.920206, 47.909697, 47.519838
0.997741, 38.934816, 47.911635, 47.526633
0.997944, 39.793725, 47.830967, 47.457114
0.997919, 39.479695, 47.828273, 47.504219
0.997847, 39.590186, 47.879124, 47.409220
0.997788, 39.489680, 47.928469, 47.319213
0.997915, 39.535892, 47.979365, 47.609472
0.997956, 39.550393, 47.960045, 47.606610
0.997862, 39.392470, 47.994158, 47.630318
0.997895, 39.645040, 47.949766, 47.557643
0.997866, 39.672414, 47.962987, 47.506720
0.997905, 39.405912, 47.958739, 47.637137
0.997875, 39.254420, 48.140670, 47.482944
0.997888, 39.303472, 48.141351, 47.552584
0.997897, 39.304168, 48.109616, 47.545896
0.997973, 39.637425, 48.138116, 47.540998
0.997931, 39.344110, 48.112661, 47.477093
0.997938, 39.394084, 48.112830, 47.505249
0.997982, 39.503718, 48.231183, 47.599839
0.997948, 39.419933, 48.102183, 47.552435
0.997887, 39.398432, 48.040173, 47.455078
0.997977, 39.763350, 48.129105, 47.624568
0.997901, 39.486597, 48.145952, 47.582282
0.997998, 39.435342, 48.161154, 47.652025
0.998031, 39.520866, 48.193958, 47.750214
0.998001, 39.560672, 48.307667, 47.864876
0.998010, 39.572940, 48.293708, 47.847968
0.998048, 39.715634, 48.347669, 47.862001
0.998059, 39.723233, 48.329667, 47.853863
0.998080, 39.541549, 48.379399, 47.939348
0.997843, 38.485811, 48.301300, 47.919882
0.998067, 39.541449, 48.300947, 47.964949
0.998075, 39.542366, 48.361086, 47.954984
0.998024, 39.143937, 48.401225, 47.936098
0.997887, 38.840204, 48.341601, 47.893901
0.998040, 39.614255, 48.361623, 47.866155
0.998075, 39.636374, 48.331090, 47.927171
0.998086, 39.580543, 48.440095, 47.982648
0.998116, 39.628061, 48.489270, 48.043170
0.997944, 38.834286, 48.374005, 47.971660
0.997945, 38.820692, 48.438636, 47.978052
0.998131, 39.516498, 48.462045, 47.970349
0.997854, 38.647474, 48.355714, 47.876559
0.998599, 39.946932, 49.536338, 48.888496
0.998566, 39.937798, 49.539627, 48.842015
0.998356, 39.572727, 49.511049, 48.844017
0.998374, 39.517036, 49.421620, 48.675524
0.998362, 39.560329, 49.386085, 48.668211
0.998248, 39.517814, 49.494969, 48.888294
0.998292, 39.675808, 49.379285, 48.649599
0.998251, 39.639066, 49.215700, 48.541062
0.998259, 39.493637, 49.178991, 48.565782
0.998063, 38.619708, 49.217008, 48.634499
0.998151, 39.017320, 49.328395, 48.759150
0.998273, 39.504050, 49.316993, 48.723753
0.998259, 39.448981, 49.235814, 48.683815
0.998275, 39.468994, 49.228151, 48.724727
0.998250, 39.270991, 49.372495, 48.848023
0.998270, 39.428590, 49.356468, 48.750323
0.998296, 39.423616, 49.362782, 48.798403
0.998228, 39.417768, 49.390171, 48.844417
0.998219, 39.589924, 49.369104, 48.797610
0.998232, 39.597479, 49.391533, 48.779620
0.998195, 39.470219, 49.393124, 48.787519
0.998206, 39.581688, 49.466451, 48.859463
0.998140, 39.411288, 49.528596, 48.845819
0.998223, 39.739156, 49.547626, 48.808917
0.998211, 39.679896, 49.458832, 48.796818
0.998208, 39.681917, 49.483586, 48.777056
0.998192, 39.575824, 49.426884, 48.722779
0.998177, 39.587850, 49.317216, 48.675524
0.998092, 39.786598, 49.273450, 48.472510
0.998131, 39.725122, 49.340500, 48.674947
0.998097, 39.459328, 49.274555, 48.620592
0.998140, 39.573360, 49.309631, 48.603698
0.998108, 39.815470, 49.076181, 48.430618
0.997935, 39.567721, 48.831620, 48.314397
0.998021, 39.620374, 49.053848, 48.534531
0.997904, 39.546790, 48.801971, 48.161154
0.997868, 39.288978, 48.933436, 48.281377
0.997827, 39.271759, 48.818462, 48.169889
0.998585, 42.317190, 47.103375, 46.298105
0.998599, 42.315564, 47.066383, 46.284867
0.997995, 41.398407, 46.836411, 45.742375
0.997505, 40.843663, 46.670737, 45.626298
0.997695, 41.319338, 46.576825, 45.703143
0.997489, 40.695780, 46.615489, 45.662047
0.997808, 41.202784, 46.554666, 45.571947
0.997719, 41.031445, 46.003594, 45.100247
0.997694, 41.020087, 45.965036, 45.084715
0.996543, 40.863326, 47.018115, 46.791493
0.996966, 41.416509, 47.283279, 47.131766
0.996641, 40.993055, 47.009576, 46.568161
