ms-ssim, psnr-y, psnr-u, psnr-v
0.995562, 38.372647, 42.470605, 44.210494
0.992422, 36.603145, 41.866206, 43.867753
0.993053, 36.725718, 41.244829, 43.638887
0.991594, 36.076893, 40.847421, 43.172639
0.992512, 36.451734, 40.766700, 42.940435
0.990755, 35.994418, 40.476977, 42.313487
0.990736, 36.561793, 40.669505, 42.741895
0.992621, 37.406123, 41.615298, 43.247770
0.991353, 37.017130, 40.821145, 43.001034
0.993028, 37.882558, 41.591179, 43.584340
0.991513, 36.738652, 41.019002, 43.444510
0.993219, 37.300668, 41.683495, 44.802703
0.990136, 36.256890, 40.812441, 43.884596
0.983619, 35.675027, 39.596758, 43.516324
0.984506, 36.054937, 40.118756, 42.786664
0.985620, 36.187637, 39.706141, 42.693571
0.994138, 41.000356, 42.630517, 45.296496
0.982381, 37.432362, 39.841957, 43.609557
0.989508, 39.965948, 41.779633, 44.795211
0.986922, 39.039166, 40.645505, 45.042900
0.990993, 42.244265, 42.591047, 45.958158
0.989991, 43.352196, 42.565099, 46.975623
0.993707, 47.050612, 45.015325, 49.263155
0.999987, 60.000000, 60.000000, 60.000000
0.994609, 47.698768, 44.915150, 51.086855
0.990661, 43.303897, 41.878573, 46.936675
0.995045, 44.401484, 43.282000, 47.360407
0.986726, 38.708492, 39.062349, 43.420231
0.986894, 37.171216, 38.988456, 42.761276
0.978707, 34.813155, 38.217004, 41.461904
0.980109, 34.680307, 38.771517, 40.864522
0.979120, 33.589976, 38.213076, 40.473071
0.984798, 34.255920, 39.383480, 40.878566
0.981183, 33.410150, 38.760337, 40.778891
0.985288, 33.668073, 38.716164, 40.510847
0.980769, 31.230670, 37.465564, 39.761511
0.983644, 32.542791, 38.417554, 40.556593
0.977079, 31.524541, 37.391769, 39.764365
0.981022, 31.846077, 37.554836, 39.919389
0.979373, 31.439651, 37.273966, 39.787855
0.984986, 32.631380, 38.294611, 40.638179
0.977842, 31.326309, 37.545357, 40.038048
0.979606, 31.468478, 37.608341, 39.936198
0.978199, 31.111627, 37.308624, 40.069239
0.982552, 31.523755, 37.692612, 40.781292
0.974128, 31.051946, 37.176228, 40.226779
0.977217, 31.176935, 37.034356, 40.011436
0.971725, 30.535036, 36.922580, 39.921301
0.977204, 31.476225, 37.654236, 40.500972
0.968619, 30.676082, 36.924967, 39.870213
0.973273, 30.688033, 36.434728, 39.372327
0.969061, 30.027976, 36.122735, 39.428919
0.975018, 30.929998, 37.040071, 40.054138
0.964941, 30.147251, 36.282879, 39.891875
0.968396, 30.058258, 36.264286, 39.642308
0.967524, 29.668088, 36.094479, 39.617817
0.972136, 30.381129, 36.871193, 40.021260
0.966237, 30.102119, 36.320774, 39.961627
0.970030, 30.120253, 36.604688, 39.995237
0.967484, 29.470062, 36.072236, 39.300255
0.972639, 30.210713, 36.944523, 40.179006
0.960630, 29.767140, 36.532245, 39.965801
0.963111, 29.788007, 36.344261, 39.848648
0.958906, 29.370501, 36.390640, 39.944502
0.969536, 29.937061, 36.924967, 40.328081
0.955790, 29.872880, 36.890728, 40.016345
0.964950, 31.569491, 37.841520, 40.553562
0.964728, 31.572766, 38.178177, 40.969002
0.970560, 32.241448, 38.743444, 40.828969
0.954240, 30.909788, 38.213422, 40.264608
0.963128, 31.235940, 38.190788, 40.255682
0.962753, 30.632286, 38.170196, 39.994322
0.970176, 31.587557, 38.782760, 40.277901
0.960732, 30.804551, 38.532575, 40.041348
0.966445, 30.975665, 38.593953, 40.078911
0.964148, 30.135762, 38.127502, 39.594001
0.969932, 30.979799, 38.723184, 40.108924
0.961058, 30.369103, 38.475659, 39.884089
0.965741, 30.538842, 38.209773, 39.954886
0.964243, 30.201666, 38.267947, 39.846006
0.971299, 31.053388, 38.681549, 40.179792
0.964406, 30.277837, 38.430573, 40.128372
0.965904, 30.600069, 38.578003, 40.239528
0.963578, 30.048306, 38.177827, 39.947147
0.971363, 31.036440, 38.637048, 39.974634
0.962973, 30.180472, 38.479407, 40.024570
0.967015, 30.098830, 38.287140, 39.797783
0.965538, 29.890111, 38.181060, 39.711476
0.969905, 30.555229, 38.706425, 40.257540
0.968004, 30.762208, 38.313514, 39.918285
0.975250, 33.188832, 39.398536, 40.403640
0.987190, 35.142275, 40.352308, 41.558053
0.966933, 31.926654, 38.145387, 40.204297
0.971840, 32.594476, 38.326438, 39.968828
0.969322, 32.223513, 38.275338, 39.828326
0.977322, 33.087682, 39.027729, 40.500009
0.968316, 31.749655, 38.046887, 40.215322
0.970685, 32.684100, 38.516486, 40.209344
0.968900, 32.107976, 38.360112, 40.167084
0.978084, 33.391725, 39.140782, 40.547968
0.969934, 32.302116, 38.034030, 39.642426
0.971675, 32.815596, 38.034473, 39.608154
0.968535, 32.159731, 38.023263, 39.475035
0.978107, 33.662013, 38.883633, 39.970498
0.969684, 32.507410, 38.464197, 39.209925
0.974609, 33.418425, 39.159575, 40.063400
0.974240, 32.953103, 39.035977, 39.969818
0.979717, 33.755249, 39.413352, 40.130391
0.973691, 32.980080, 39.295914, 40.002389
0.974727, 33.408713, 39.763553, 40.006173
0.974360, 32.864820, 39.737682, 40.189144
0.980846, 34.143086, 40.247659, 40.218101
0.973722, 32.947822, 39.738861, 39.996117
0.977337, 33.977997, 40.252191, 40.270108
0.974276, 33.025672, 39.669205, 40.081864
0.979424, 33.753090, 40.244076, 40.544970
0.972081, 32.891843, 39.917170, 40.553615
0.973870, 33.556112, 39.866861, 40.599763
0.970240, 32.729854, 39.433761, 40.456861
0.978204, 33.280049, 39.789799, 40.680476
0.975957, 32.570692, 39.057866, 40.580688
0.985313, 35.165575, 40.286117, 41.986372
0.969552, 32.239241, 38.932317, 40.514553
0.971535, 32.189006, 39.227845, 40.345234
0.967897, 31.784757, 38.958503, 40.273564
0.975448, 33.177523, 39.702762, 40.610693
0.969563, 31.796666, 38.734987, 39.674505
0.974311, 32.514534, 39.022865, 39.647105
0.971441, 32.003618, 38.530640, 39.565654
0.977095, 33.075893, 39.085263, 39.741777
0.971615, 31.945532, 38.335438, 38.940977
0.973812, 32.153383, 38.295551, 39.024374
0.972670, 32.237842, 38.105326, 38.691352
0.978975, 33.799056, 39.312709, 39.775329
0.970813, 31.939600, 38.453326, 38.868487
0.975813, 32.848580, 38.886377, 38.734077
0.973721, 32.444140, 38.841949, 38.890597
0.979885, 33.789477, 39.953429, 39.615853
0.975952, 32.572682, 39.201215, 38.898624
0.979146, 33.344842, 40.032378, 39.595395
0.975565, 32.784197, 39.758559, 39.554725
0.982203, 34.649235, 40.920717, 40.678524
0.974325, 33.122055, 40.737347, 40.097869
0.977414, 33.981876, 40.587161, 39.895043
0.974500, 33.398680, 40.643877, 40.025468
0.980304, 34.717657, 41.191703, 40.848097
0.973776, 33.208165, 40.513769, 40.107331
0.977549, 33.729095, 40.187436, 40.019419
0.975075, 33.241277, 40.033979, 39.977367
0.980564, 34.167534, 40.481522, 40.739491
0.974506, 32.854637, 39.439974, 39.953693
0.976764, 33.269043, 39.506249, 40.056416
0.972416, 32.925609, 39.861590, 40.002935
0.981090, 34.613454, 40.407357, 40.928019
0.971835, 32.686802, 39.281729, 40.186528
0.975473, 33.283480, 39.225934, 40.083117
0.971750, 32.862783, 38.964738, 40.105608
0.977376, 33.918193, 39.584107, 40.502312
0.970131, 32.685140, 38.740398, 40.161834
0.974104, 33.201930, 38.745068, 39.955666
0.971545, 32.920775, 38.583773, 39.615322
0.979402, 34.236097, 39.739145, 40.443113
0.973125, 32.828438, 39.120025, 39.490310
0.972570, 32.204056, 38.702166, 39.274875
0.978374, 33.281220, 39.153483, 39.851818
0.984969, 35.200574, 40.357945, 40.758159
0.973686, 32.285055, 38.397512, 39.253615
0.975581, 32.588247, 38.415581, 39.638508
0.971262, 32.119217, 38.370378, 39.386136
0.979462, 33.610346, 39.420591, 40.139134
0.971183, 32.050087, 38.376494, 39.401101
0.975723, 32.818108, 38.466453, 39.444645
0.972009, 32.204600, 38.347976, 39.583021
0.977453, 33.501710, 39.310086, 40.306563
0.973180, 32.493308, 38.544393, 39.658956
0.976325, 32.877605, 38.605452, 39.695070
0.971760, 32.597526, 38.511256, 39.877805
0.980124, 34.016010, 39.433283, 40.353276
0.972619, 32.540709, 38.619841, 39.950447
0.974846, 32.751695, 38.791118, 40.236221
0.973703, 32.711722, 38.783663, 40.556632
0.979131, 33.844456, 39.325397, 40.893511
0.972605, 32.729207, 38.913063, 40.809534
0.972148, 32.838577, 38.490148, 40.385697
0.964677, 32.575718, 38.393898, 40.159403
0.973991, 33.981471, 39.346364, 40.793831
0.966764, 32.985539, 38.209735, 39.455679
0.970539, 32.777851, 38.213468, 38.926798
0.968701, 32.585661, 37.991910, 38.487855
0.980602, 34.691500, 39.323382, 39.980656
0.970912, 32.818527, 38.498781, 38.889106
0.975212, 33.112576, 38.371366, 38.860880
0.975274, 33.330946, 38.589811, 39.124743
0.981062, 34.302083, 38.606697, 39.267591
0.976644, 33.635775, 38.815987, 39.488588
0.977038, 33.493144, 38.452457, 39.104128
0.974517, 33.283153, 38.662700, 39.311729
0.979756, 33.753296, 38.354687, 39.300689
0.975525, 33.061429, 38.358896, 39.336420
0.974218, 32.809970, 38.285429, 39.324047
0.974172, 33.398110, 39.044883, 39.473761
0.990289, 37.316579, 41.638148, 41.872983
0.980908, 33.828833, 40.472864, 40.451660
0.979043, 33.848034, 39.929074, 40.381378
0.978674, 33.305545, 39.596431, 39.927420
0.983675, 34.918147, 40.391518, 40.199293
0.979947, 33.398865, 39.753451, 40.026565
0.981114, 33.930681, 39.704841, 40.029412
0.980772, 33.495493, 39.923613, 40.029844
0.984950, 34.744643, 40.040049, 40.025188
0.980431, 33.876414, 40.616676, 40.624849
0.985706, 35.054325, 40.369861, 40.424482
0.982655, 34.502938, 40.732774, 40.776256
0.982646, 34.275552, 40.478051, 40.571896
0.983293, 34.547210, 40.721026, 40.779210
0.985524, 34.875039, 40.298569, 40.592726
0.981585, 34.384525, 40.714624, 40.636460
0.981633, 34.104772, 40.367450, 40.425812
0.981297, 34.283700, 40.789170, 40.515480
0.985389, 34.817882, 40.598432, 40.569040
0.981337, 34.060814, 40.674526, 40.432596
0.983090, 34.274002, 40.436671, 40.169374
0.981482, 34.081536, 40.620286, 40.445373
0.984841, 34.815107, 40.530822, 40.525780
0.981359, 34.325612, 40.614485, 40.529158
0.982487, 34.424545, 40.306401, 40.275763
0.981419, 34.337410, 40.548205, 40.445951
0.983135, 34.393385, 40.346013, 40.033150
0.977305, 34.204452, 40.352207, 39.604807
0.989082, 37.110390, 41.658621, 40.917207
0.987818, 36.484882, 41.381220, 40.793274
0.984621, 35.580786, 41.268911, 40.727300
0.985152, 35.713222, 41.118228, 40.465862
0.983517, 35.603118, 41.090655, 40.513404
0.987367, 36.069106, 40.746508, 40.172631
0.985039, 35.581541, 40.744209, 40.203447
0.985328, 35.693888, 40.782097, 40.204881
0.984513, 35.346568, 40.786139, 40.170062
0.985083, 35.349056, 40.446363, 39.813205
0.983171, 34.676228, 40.317826, 39.714743
