ms-ssim, psnr-y, psnr-u, psnr-v
0.997116, 44.822394, 49.512836, 50.435659
0.996427, 44.015929, 49.288600, 49.979946
0.996237, 44.010081, 49.367668, 50.078970
0.995901, 43.731725, 49.018302, 49.844893
0.996424, 44.134551, 49.176276, 49.983121
0.996191, 43.814331, 48.880679, 49.834249
0.996202, 43.848840, 49.062461, 49.922674
0.996061, 43.719139, 48.794507, 49.668770
0.996295, 44.037302, 49.060569, 49.823408
0.996101, 43.704615, 48.826337, 49.620663
0.996285, 43.899158, 49.013449, 49.779984
0.996041, 43.697719, 48.858424, 49.586662
0.995899, 43.754259, 48.978574, 49.742531
0.995212, 43.202238, 48.605355, 49.335335
0.995049, 43.125082, 48.666422, 49.353057
0.994824, 42.881795, 48.403016, 49.220019
0.994862, 42.867589, 48.574995, 49.322494
0.994830, 42.855341, 48.464783, 49.221933
0.995310, 43.195170, 48.770569, 49.442844
0.995449, 43.379769, 48.644004, 49.331332
0.995890, 43.638369, 48.967224, 49.512603
0.995996, 43.810154, 48.988552, 49.668179
0.996174, 43.971903, 49.005142, 49.691634
0.996453, 44.182705, 48.969373, 49.730609
0.996714, 44.487808, 49.395953, 50.041289
0.996769, 44.508062, 49.385975, 50.026827
0.997061, 44.922935, 49.481441, 50.068592
0.997154, 44.879835, 49.415926, 50.103719
0.997331, 45.183193, 49.677481, 50.305468
0.997258, 45.098552, 49.555803, 50.197867
0.997438, 45.345605, 49.670328, 50.307988
0.997553, 45.406716, 49.706537, 50.423050
0.997489, 45.380719, 49.795968, 50.476324
0.997495, 45.377490, 49.891829, 50.558287
0.997546, 45.464533, 49.905678, 50.548540
0.997633, 45.564567, 49.817511, 50.515904
0.997648, 45.579767, 49.948780, 50.583413
0.997533, 45.429547, 49.931368, 50.568584
0.997532, 45.414013, 49.872054, 50.512706
0.997618, 45.519947, 49.903749, 50.598592
0.997717, 45.740583, 49.991185, 50.662273
0.997594, 45.538098, 49.861090, 50.568584
0.997714, 45.700291, 50.014652, 50.639274
0.997678, 45.617271, 49.937735, 50.577316
0.997732, 45.833336, 50.065765, 50.649563
0.997582, 45.659940, 49.927745, 50.601654
0.997742, 45.877613, 50.154066, 50.750062
0.997752, 45.817367, 50.140361, 50.728822
0.997774, 45.963307, 50.213246, 50.760410
0.997621, 45.689770, 50.084553, 50.628372
0.997742, 45.953058, 50.187503, 50.768845
0.997731, 45.792137, 50.167753, 50.723956
0.997686, 45.785059, 50.207282, 50.725155
0.997540, 45.512106, 50.063970, 50.656706
0.997697, 45.776689, 50.239540, 50.911868
0.997888, 45.922297, 50.233112, 50.921283
0.997605, 45.426017, 50.064912, 50.729954
0.997668, 45.492748, 50.211571, 50.856683
0.997692, 45.476319, 50.081303, 50.696679
0.997853, 45.653473, 50.085943, 50.749407
0.997685, 45.484521, 50.131986, 50.680137
0.997643, 45.451090, 50.163266, 50.743968
0.997652, 45.485854, 50.054831, 50.687330
0.997807, 45.541700, 50.095000, 50.814273
0.997842, 45.771461, 50.295465, 51.020791
0.997647, 45.505062, 50.071066, 50.825757
0.997627, 45.419257, 50.061441, 50.810777
0.997680, 45.334472, 50.074751, 50.795223
0.997469, 45.270404, 49.932281, 50.676206
0.997179, 45.093232, 49.846152, 50.397244
0.997210, 45.176283, 49.770487, 50.345554
0.997548, 45.307871, 49.925693, 50.540260
0.997287, 45.147142, 49.716139, 50.374055
0.997354, 45.269565, 49.916783, 50.542164
0.997217, 45.033167, 49.624384, 50.340284
0.997264, 44.960098, 49.693848, 50.451937
0.997002, 44.757054, 49.598698, 50.290720
0.997010, 44.766630, 49.628480, 50.303229
0.996789, 44.299235, 49.434540, 50.192136
0.998965, 51.253349, 55.021456, 55.033356
0.998743, 50.198906, 54.493085, 54.546762
0.998700, 50.207837, 54.119402, 54.064219
0.998630, 49.795629, 54.150800, 54.088526
0.998709, 50.200962, 53.932766, 53.966811
0.998561, 49.500507, 53.846938, 53.852706
0.998525, 49.179173, 53.648801, 53.772576
0.998533, 49.162049, 53.591160, 53.608093
0.998573, 49.366164, 53.544097, 53.678452
0.998497, 49.132702, 53.319252, 53.336030
0.998548, 49.266257, 53.216092, 53.272074
0.998452, 49.010684, 53.198075, 53.245309
0.998607, 50.083570, 53.476123, 53.543638
0.998551, 49.653728, 53.565193, 53.602707
0.998538, 49.635198, 53.396694, 53.459118
0.998502, 49.545048, 53.455519, 53.472446
0.998601, 49.599048, 53.294856, 53.380186
0.998563, 49.539719, 53.298015, 53.283358
0.998500, 49.553926, 53.404940, 53.415302
0.998431, 49.669502, 53.296033, 53.467483
0.998529, 49.870935, 53.340595, 53.461497
0.998479, 49.143541, 53.235772, 53.236138
0.998477, 49.715345, 52.917992, 53.124423
0.998491, 49.599563, 53.246166, 53.272628
0.998609, 50.254821, 53.507149, 53.494232
0.998536, 49.972875, 53.475220, 53.350678
0.998574, 50.214555, 53.360282, 53.227841
0.998581, 50.256720, 53.502016, 53.387768
0.998634, 50.499360, 53.601644, 53.562690
0.998535, 50.172682, 53.407989, 53.326916
0.998591, 50.049594, 53.149793, 53.189064
0.998562, 50.134377, 53.388337, 53.407354
0.998637, 50.584159, 53.372617, 53.484974
0.998619, 50.407405, 53.310608, 53.467032
0.998624, 50.330897, 53.090510, 53.203588
0.998638, 50.381328, 53.128294, 53.424986
0.998727, 50.725772, 53.326230, 53.542655
0.998638, 50.016325, 53.307565, 53.525192
0.998639, 49.916882, 53.198196, 53.428879
0.998692, 50.017504, 53.364809, 53.653034
0.998711, 50.107343, 53.262356, 53.594674
0.998680, 49.969247, 53.236688, 53.520430
0.998629, 50.253208, 53.073300, 53.245798
0.998619, 50.423865, 53.043461, 53.196380
0.998758, 50.882918, 53.251433, 53.505264
0.998640, 50.415564, 52.814684, 53.291948
0.998689, 50.406100, 52.883958, 53.271890
0.998609, 50.300759, 53.106307, 53.219680
0.998730, 50.895324, 53.352685, 53.506564
0.998624, 50.410455, 53.270535, 53.350866
0.998673, 50.491213, 53.190031, 53.229914
0.998643, 50.274223, 53.290278, 53.481936
0.998741, 50.898523, 53.382522, 53.619685
0.998628, 50.204546, 53.201164, 53.420970
0.998632, 50.109074, 53.136522, 53.242005
0.998622, 50.071906, 53.126268, 53.296157
0.998738, 50.357593, 53.287002, 53.455391
0.998585, 49.815240, 53.121210, 53.307068
0.998645, 50.158197, 53.026028, 53.119367
0.998624, 50.026069, 53.324235, 53.388527
0.998702, 50.271453, 53.193416, 53.335655
0.998626, 49.986046, 53.216275, 53.410404
0.998625, 49.811748, 52.896083, 53.111230
0.998513, 49.494981, 52.952925, 53.062666
0.998699, 50.653301, 53.178505, 53.317945
0.998597, 49.895146, 52.965989, 53.104648
0.998627, 49.634052, 53.089565, 53.236260
0.998601, 49.683305, 53.056567, 53.081896
0.998686, 49.687370, 53.031851, 53.080600
0.998650, 49.655829, 53.156444, 53.249656
0.998568, 49.608256, 52.998419, 53.074594
0.998582, 49.998793, 53.116455, 53.244758
0.998655, 49.958825, 53.198983, 53.385429
0.998610, 49.959917, 53.428049, 53.688810
0.998650, 50.147223, 53.242005, 53.483746
0.998612, 49.853187, 53.283419, 53.444485
0.998694, 50.267050, 53.366131, 53.524474
0.998606, 50.062632, 53.274415, 53.465680
0.998657, 50.244681, 53.389539, 53.462977
0.998584, 50.034147, 53.127460, 53.340845
0.998722, 50.324317, 53.511116, 53.604036
0.998604, 50.151333, 53.251617, 53.290278
0.998632, 50.352717, 53.291268, 53.451346
0.998607, 50.096859, 53.380186, 53.523887
0.998682, 50.330952, 53.326542, 53.519452
0.998558, 50.119349, 53.208258, 53.404179
0.998572, 50.187177, 53.292814, 53.416066
0.998527, 49.823659, 53.128889, 53.212446
0.998846, 48.400387, 52.468803, 53.378608
0.998468, 47.556178, 52.200194, 52.780347
0.998210, 46.941202, 51.532211, 51.903834
0.998343, 47.222988, 51.705368, 52.116570
0.998366, 47.131832, 51.541089, 52.099567
0.998240, 46.976743, 51.496797, 51.963287
0.998041, 46.571779, 51.218584, 51.718999
0.998229, 46.863957, 51.367480, 51.872760
0.998168, 46.648798, 51.203604, 51.784824
0.998158, 46.788843, 51.262867, 51.769069
0.997898, 46.303188, 50.944425, 51.486784
0.998044, 46.524481, 51.108092, 51.662352
0.997999, 46.409283, 50.942191, 51.595161
0.997932, 46.367871, 51.129959, 51.671969
0.997682, 46.016315, 50.765213, 51.370539
0.997657, 46.043958, 50.846702, 51.434520
0.997811, 46.109906, 50.714378, 51.375669
0.997729, 46.117327, 50.771060, 51.394771
0.997675, 46.075029, 50.615360, 51.238663
0.997849, 46.340298, 50.941291, 51.420788
0.997836, 46.188648, 50.760583, 51.342254
0.997634, 46.045572, 50.780938, 51.309486
0.997601, 46.020487, 50.685056, 51.271871
0.997695, 46.334108, 50.914694, 51.605008
0.997915, 46.519396, 50.704139, 51.376465
0.997610, 46.198549, 50.671636, 51.341188
0.997668, 46.205525, 50.617565, 51.295284
0.997743, 46.385123, 50.845293, 51.502283
0.998025, 46.598502, 50.765801, 51.458707
0.997641, 46.107033, 50.607784, 51.378097
0.997545, 45.777961, 50.296924, 50.920316
0.997798, 46.258624, 50.551567, 51.180565
0.997943, 46.292331, 50.383164, 51.088941
0.997692, 46.032391, 50.488828, 51.180983
0.997639, 45.917179, 50.458021, 51.034564
0.997614, 45.870603, 50.475321, 51.091065
0.997858, 46.128888, 50.373802, 51.087526
0.997608, 45.904395, 50.343389, 51.016942
0.997584, 45.806967, 50.204212, 50.918095
0.997572, 45.753206, 50.344424, 51.028756
0.997810, 45.984892, 50.351114, 50.995162
0.997501, 45.627146, 50.226113, 50.883353
0.997489, 45.630325, 50.160829, 50.890393
0.997443, 45.631652, 50.116564, 50.819066
0.997663, 45.799330, 50.185566, 50.899405
0.997493, 45.635243, 50.369255, 51.024716
0.997560, 45.632959, 50.336242, 50.959005
0.997626, 45.688792, 50.210871, 50.918811
0.997790, 45.816927, 50.294069, 50.990535
0.997766, 45.848464, 50.481859, 51.086036
0.997673, 45.715507, 50.265717, 50.825266
0.997835, 46.011409, 50.483479, 51.065204
0.997871, 45.913317, 50.336116, 50.917522
0.997818, 45.951902, 50.423050, 51.014086
0.997672, 45.728354, 50.275405, 50.881683
0.997821, 45.926709, 50.416760, 51.022148
0.997830, 45.808836, 50.246407, 50.887511
0.997767, 45.872869, 50.401884, 50.949760
0.997624, 45.658500, 50.265471, 50.879695
0.997749, 45.885743, 50.339250, 50.904579
0.997627, 45.589883, 50.219004, 50.813329
0.997758, 45.898988, 50.450554, 50.990680
0.997656, 45.613239, 50.218547, 50.909830
0.997364, 45.378020, 50.230329, 50.876040
0.997246, 45.243146, 50.106273, 50.828562
0.997292, 45.296334, 50.169682, 50.905471
0.997365, 45.247730, 50.023999, 50.757993
0.997325, 45.391539, 50.131358, 50.869732
0.997173, 45.123558, 49.962466, 50.691000
0.997088, 45.017690, 49.992140, 50.648755
0.997009, 44.766172, 49.830233, 50.504819
0.996814, 44.753506, 49.752076, 50.370454
0.996536, 44.258103, 49.590407, 50.262267
