ms-ssim, psnr-y, psnr-u, psnr-v
0.984085, 33.236139, 38.803637, 37.753687
0.981743, 32.683706, 38.186603, 37.172060
0.981358, 32.717414, 37.746916, 36.695866
0.981391, 32.661891, 37.649089, 36.675584
0.982186, 32.805834, 37.938844, 36.857537
0.979644, 32.151563, 37.778073, 36.733503
0.982335, 32.772524, 38.196355, 36.887601
0.976796, 31.842858, 38.021891, 36.366970
0.974267, 31.484707, 37.904452, 36.039809
0.971511, 31.100765, 37.558418, 35.920551
0.969808, 30.642016, 37.421252, 35.712908
0.966518, 30.177241, 37.614825, 35.889154
0.966437, 30.002358, 37.268236, 35.714534
0.963675, 29.631217, 36.646513, 35.300801
0.964966, 30.158804, 36.700533, 35.235575
0.961547, 30.141658, 36.654899, 35.143690
0.966810, 30.689144, 36.999088, 35.608305
0.969491, 30.926681, 37.161894, 35.901320
0.970598, 30.835444, 37.429384, 35.861539
0.971370, 30.991972, 37.171542, 35.849926
0.971981, 31.145069, 37.265172, 35.856171
0.973260, 31.152185, 37.259052, 35.977757
0.972096, 31.176995, 37.426450, 36.195823
0.974203, 31.650785, 37.429312, 36.139729
0.973034, 31.488876, 37.369484, 36.158991
0.969632, 30.531374, 36.823151, 35.784261
0.969603, 30.446181, 36.803568, 35.455056
0.972784, 30.770595, 36.958584, 35.840390
0.976108, 31.153430, 37.316564, 35.976971
0.972461, 30.291538, 37.015736, 35.332487
0.973649, 30.392303, 36.303211, 35.230100
0.973852, 30.434974, 36.386711, 35.230588
0.976076, 30.938042, 37.019115, 35.354344
0.972927, 30.321878, 36.943885, 35.431511
0.972275, 30.254867, 36.736941, 35.358515
0.972253, 30.049946, 36.461088, 35.206804
0.975339, 30.703376, 36.699018, 35.632144
0.973048, 30.652782, 36.682906, 35.814427
0.974968, 31.210921, 36.890831, 35.892198
0.974288, 31.467431, 37.248125, 36.272953
0.978476, 32.260837, 37.474536, 36.243752
0.977648, 32.321946, 37.747476, 36.594754
0.975874, 31.985552, 37.717093, 36.518870
0.978154, 32.579430, 37.837013, 36.703150
0.979360, 32.769564, 37.587017, 36.724693
0.977364, 32.462191, 37.699057, 36.749482
0.975364, 32.615999, 37.715209, 36.575709
0.980236, 33.627797, 38.335167, 37.565498
0.980920, 33.573392, 38.141300, 37.687274
0.980414, 33.521059, 38.323002, 37.443996
0.979501, 33.058450, 38.078784, 37.005574
0.976444, 32.192916, 37.743402, 36.636853
0.979858, 33.168837, 37.745345, 36.943291
0.982469, 33.601186, 38.009051, 37.102236
0.981568, 33.681374, 38.374922, 37.233549
0.981643, 33.836537, 38.606844, 37.523205
0.982717, 33.944007, 38.961653, 37.742439
0.983973, 34.140133, 38.957664, 37.825167
0.980696, 33.778013, 39.189082, 37.698165
0.977976, 33.728649, 38.980912, 37.575982
0.979393, 33.412200, 38.650326, 37.710502
0.983053, 34.267011, 38.925818, 38.252991
0.980599, 34.022833, 38.706007, 38.342065
0.980957, 34.006034, 39.054289, 38.675987
0.983201, 34.561441, 38.747130, 38.436940
0.980298, 33.943347, 38.902518, 38.426887
0.979376, 33.809954, 38.871012, 38.401731
0.982916, 34.538600, 38.921719, 38.643667
0.977603, 33.019273, 39.003973, 38.788507
0.981313, 33.496023, 38.778673, 38.429872
0.981676, 33.377053, 38.359241, 38.385089
0.981389, 33.347397, 38.405150, 38.496214
0.981358, 33.352186, 38.565895, 38.464741
0.978819, 32.957955, 38.962106, 38.661102
0.981187, 33.619580, 39.081909, 38.584227
0.981576, 33.635439, 38.934479, 38.841495
0.983688, 34.251413, 39.322735, 38.639367
0.983108, 34.250926, 39.405343, 38.751832
0.980588, 33.603267, 39.278138, 38.616714
0.981363, 34.069717, 39.259965, 38.457152
0.980029, 33.593709, 39.153651, 38.506021
0.982573, 34.185746, 39.410883, 38.697964
0.979880, 33.381218, 39.393760, 38.174709
0.979418, 33.342836, 39.094131, 38.020847
0.977928, 32.998194, 38.534829, 38.012704
0.981908, 33.818678, 38.862639, 38.317571
0.976219, 32.858000, 38.251541, 38.144810
0.977440, 32.686329, 37.734444, 37.718993
0.977718, 32.448264, 37.776491, 37.932216
0.982330, 33.141922, 38.003075, 38.182594
0.978970, 32.375368, 37.737050, 37.872394
0.978533, 32.253286, 37.368956, 37.478833
0.977262, 31.989061, 37.431105, 37.619339
0.979784, 32.394784, 37.663300, 37.934993
0.976457, 31.545924, 37.294757, 37.680499
0.974152, 31.783575, 37.295626, 37.456823
0.975214, 31.820221, 37.613422, 37.434635
0.980599, 32.930621, 38.175962, 38.070615
0.977978, 32.516314, 38.289353, 37.697089
0.979068, 32.793116, 38.397808, 37.233410
0.976815, 32.549026, 38.522409, 37.341611
0.980861, 33.599137, 38.728430, 37.675095
0.975095, 32.545158, 38.832379, 37.570528
0.977068, 32.753456, 38.620801, 37.226741
0.976810, 32.513501, 38.535780, 37.325843
0.978929, 32.928569, 38.814522, 37.680177
0.974645, 32.079305, 38.264978, 36.889848
0.972393, 31.677378, 37.796834, 36.956729
0.979828, 32.969095, 37.804644, 37.236438
0.973527, 32.031949, 37.864589, 37.425381
0.978127, 32.714436, 37.828574, 37.414504
0.974034, 32.111334, 37.822935, 37.329684
0.975611, 32.515021, 37.768105, 37.579782
0.976174, 32.460635, 38.431911, 38.014275
0.980050, 33.310859, 38.591192, 38.314627
0.977554, 32.821111, 38.508856, 37.938048
0.978269, 32.994815, 38.149483, 37.753749
0.974548, 32.401927, 38.393528, 37.800454
0.977085, 32.897515, 38.325222, 37.855776
0.966984, 31.959010, 37.788503, 37.488465
0.971124, 32.915860, 38.101980, 37.892340
0.972712, 32.614490, 38.469790, 38.508689
0.981941, 34.444340, 38.805820, 38.632229
0.973871, 32.859855, 38.982110, 38.444275
0.976198, 33.476907, 38.692605, 38.456877
0.974519, 33.106959, 38.682194, 38.549361
0.981215, 34.407838, 38.922636, 38.721981
0.974706, 33.360870, 39.204393, 38.708782
0.976311, 33.727354, 38.855365, 38.419944
0.974557, 33.440714, 38.872161, 38.314680
0.978793, 34.195371, 38.580249, 38.359116
0.969618, 32.743266, 38.131211, 38.176752
0.970767, 33.032998, 37.878370, 37.912330
0.971060, 32.823453, 37.710440, 37.980842
0.981300, 34.445169, 38.538766, 38.787815
0.974265, 33.122675, 37.704922, 38.613371
0.976045, 33.576409, 37.927496, 38.767995
0.973443, 33.028379, 37.938714, 38.515869
0.977965, 33.574960, 38.174572, 38.490285
0.972027, 32.656348, 37.878915, 38.425069
0.975289, 33.196567, 38.315106, 38.180978
0.974852, 33.291255, 38.096178, 38.116792
0.979060, 34.139611, 38.603035, 38.870428
0.974014, 33.100622, 38.111663, 37.915578
0.974542, 33.680360, 38.588756, 38.227064
0.988149, 37.060994, 40.745256, 40.387919
0.974965, 33.461049, 38.712918, 38.067784
0.976417, 33.803510, 38.856710, 38.088381
0.973201, 32.991630, 38.819597, 37.788251
0.980892, 34.787647, 39.882093, 39.007610
0.974965, 33.500116, 38.966985, 38.084680
0.975288, 33.719843, 38.681538, 38.299410
0.973564, 33.165237, 38.839294, 38.269169
0.980209, 34.580782, 39.223865, 39.221156
0.975640, 33.539236, 39.355162, 38.695429
0.978961, 33.921629, 39.863011, 38.789397
0.976449, 33.616976, 40.188400, 39.221003
0.982127, 34.936487, 40.349744, 39.548921
0.977866, 34.231477, 40.762258, 39.745318
0.979195, 34.468930, 40.647771, 39.893271
0.979137, 34.477656, 41.116401, 40.115017
0.984131, 35.663843, 41.416699, 40.281184
0.980607, 34.650667, 41.365334, 40.440696
0.981526, 35.126591, 41.815127, 40.052892
0.980611, 34.816552, 41.400833, 40.170563
0.982989, 35.559663, 41.739471, 40.510314
0.980533, 35.005959, 41.727203, 40.405698
0.980055, 35.285102, 41.570977, 40.068234
0.978537, 35.005249, 41.454521, 39.902255
0.982472, 35.835507, 41.958191, 40.070597
0.977822, 34.990562, 41.916716, 39.765992
0.978920, 35.405508, 41.729031, 39.764161
0.982639, 36.590894, 41.748529, 39.944049
0.981383, 36.421891, 41.778098, 39.413417
0.980968, 36.544634, 41.781641, 39.305287
0.982933, 37.035486, 42.007485, 40.763099
0.985264, 37.638976, 42.458119, 40.818776
0.984493, 37.155985, 42.555713, 40.848981
0.981387, 35.926116, 41.639231, 40.166868
0.980330, 35.626546, 42.085552, 40.261768
0.981682, 36.416644, 42.059653, 40.052099
0.974296, 34.228413, 40.277867, 38.930228
0.978526, 35.235080, 40.909642, 39.547437
0.978958, 34.957097, 40.745008, 39.387220
0.978294, 34.328663, 41.124856, 39.308361
0.980807, 34.801749, 41.043191, 39.222751
0.979360, 34.290613, 40.994787, 39.362195
0.982736, 35.431860, 40.933776, 39.281038
0.980737, 34.601597, 40.613267, 38.801396
0.982040, 34.760500, 40.811305, 38.684278
0.980137, 34.363480, 40.903235, 38.932884
0.981911, 34.694545, 40.333716, 39.089043
0.978878, 33.809249, 40.352577, 38.416423
0.980515, 33.725513, 40.534125, 38.384350
0.980204, 33.176153, 40.280292, 38.008936
0.982693, 33.888341, 40.093978, 37.993549
0.979044, 33.149770, 39.730263, 37.129553
0.978260, 33.081364, 39.548096, 37.372365
0.976239, 32.319578, 38.795075, 37.000869
0.982443, 33.498586, 39.571566, 37.300886
0.977472, 32.270526, 39.112474, 37.106810
0.978179, 32.560929, 39.119274, 37.239620
0.976401, 32.498923, 39.333681, 37.402864
0.979388, 33.483191, 39.491295, 37.766839
0.975214, 32.608892, 39.114179, 37.528926
0.977089, 33.091794, 39.465411, 37.651005
0.981208, 33.871018, 39.988385, 38.114489
0.976368, 32.858116, 39.751483, 37.988646
0.978745, 33.188110, 39.499368, 37.851217
0.978585, 33.167091, 39.354238, 37.760469
0.981930, 33.629756, 39.415129, 37.909890
0.979230, 32.999099, 38.811778, 37.361933
0.977636, 32.358827, 38.695661, 37.067115
0.979688, 32.891994, 38.808103, 37.353884
0.975044, 31.990439, 39.021063, 37.104811
0.976156, 32.135611, 39.163705, 37.268334
0.974992, 31.884234, 39.159978, 37.641643
0.978115, 32.492780, 38.634022, 37.849035
0.969980, 31.620303, 38.694752, 37.233811
0.973572, 32.149578, 38.610656, 36.874120
0.972668, 31.733493, 38.683911, 36.870763
0.979023, 32.933099, 38.632114, 37.516783
0.972037, 32.107562, 38.706026, 36.996065
0.972911, 32.636855, 38.798720, 36.973032
0.972162, 32.399565, 38.667192, 37.027094
0.977867, 33.560979, 38.839594, 37.870282
0.972765, 32.644546, 38.733678, 37.182223
0.970476, 33.037206, 38.941988, 37.358234
0.973240, 33.059451, 38.726812, 37.460025
0.979407, 34.147402, 39.045974, 37.956616
0.973058, 33.276430, 38.871939, 37.696381
0.976049, 33.975400, 38.875790, 38.039741
0.975608, 33.634576, 38.580042, 37.866331
0.977956, 34.306574, 39.117632, 38.371346
0.970462, 33.388662, 39.259612, 37.920659
0.972433, 33.846876, 38.769097, 37.766323
0.971193, 33.152468, 39.139975, 37.574263
0.974089, 33.832922, 39.082184, 38.190856
0.969090, 33.284080, 38.875468, 37.582327
0.968262, 33.443669, 39.217881, 37.957400
