ms-ssim, psnr-y, psnr-u, psnr-v
0.997675, 40.619839, 49.335708, 48.375329
0.997220, 40.027170, 49.172345, 48.282777
0.997176, 39.965619, 49.070012, 48.029270
0.997038, 39.842614, 49.095006, 48.159417
0.996791, 39.316810, 48.833511, 47.820403
0.998043, 44.775624, 51.261626, 50.377120
0.997250, 43.235958, 50.614057, 49.681547
0.997104, 43.038778, 50.405702, 49.479152
0.996891, 42.866836, 50.246775, 49.361883
0.997116, 43.148226, 50.153795, 49.267194
0.996631, 42.716145, 49.408912, 48.501785
0.996713, 42.655862, 49.583685, 48.669067
0.996369, 42.007573, 49.508718, 48.561216
0.996478, 41.899914, 49.441136, 48.486844
0.996006, 41.597638, 49.227001, 48.244568
0.995674, 41.114293, 48.992136, 47.986703
0.995079, 40.515574, 48.755481, 47.778800
0.994976, 40.099139, 48.430941, 47.336353
0.994606, 40.146846, 48.437146, 47.403956
0.994863, 40.422799, 48.418134, 47.270173
0.995049, 40.689242, 48.368435, 47.457702
0.995471, 41.063984, 48.095473, 47.225550
0.995400, 41.099354, 48.344589, 47.520499
0.995538, 41.319665, 48.278465, 47.539885
0.995543, 41.330195, 48.370944, 47.518141
0.995957, 41.672863, 48.265535, 47.572848
0.995976, 41.782318, 48.544991, 47.792170
0.995835, 41.459272, 48.459840, 47.661657
0.996923, 39.001893, 50.224037, 49.334564
0.996564, 38.863354, 49.812456, 49.131070
0.996108, 38.159365, 49.688746, 48.850207
0.996061, 38.354477, 49.428131, 48.540120
0.996264, 38.399174, 49.441264, 48.525336
0.995971, 38.354166, 49.128555, 48.294936
0.995756, 37.971793, 49.255187, 48.437429
0.995651, 37.902132, 49.259463, 48.429123
0.995872, 37.906749, 49.240731, 48.387090
0.995959, 38.294745, 49.103157, 48.338474
0.995739, 38.064839, 49.144118, 48.397380
0.995898, 37.863181, 49.282943, 48.615607
0.996159, 38.224508, 49.284443, 48.566484
0.995745, 37.783016, 49.043278, 48.377323
0.995680, 37.718550, 49.208553, 48.540203
0.995465, 37.551540, 49.238760, 48.560550
0.995410, 37.597176, 48.906473, 48.159531
0.995185, 37.398562, 48.856730, 48.115093
0.995123, 37.397368, 48.876134, 48.211854
0.994935, 37.061515, 48.859248, 48.179138
0.995047, 37.242166, 48.745502, 48.024908
0.994686, 36.917881, 48.725764, 47.929839
0.994671, 36.931204, 48.713913, 47.876589
0.994040, 36.360262, 48.606112, 47.768782
0.997749, 44.596320, 50.677629, 50.003323
0.996848, 42.967242, 50.089137, 49.383183
0.996426, 42.479511, 49.824689, 49.000511
0.996305, 42.503248, 49.093853, 48.396278
0.996810, 43.147572, 49.052358, 48.283949
0.996586, 42.605718, 49.172105, 48.428033
0.996569, 42.557835, 49.207973, 48.379159
0.996606, 42.626471, 49.198370, 48.419544
0.996919, 43.202675, 49.176276, 48.433769
0.996787, 42.975425, 49.381398, 48.650331
0.996816, 42.872963, 49.427522, 48.747457
0.996912, 43.002699, 49.393860, 48.679363
0.996981, 43.126892, 49.141382, 48.463745
0.996900, 43.220750, 49.227680, 48.605250
0.996903, 43.161590, 49.352158, 48.664269
0.996934, 43.124834, 49.342331, 48.724143
0.996983, 43.059230, 49.100870, 48.507867
0.997073, 43.367071, 49.470059, 48.944363
0.996965, 43.147890, 49.218082, 48.702588
0.997061, 43.127798, 49.359756, 48.872532
0.997224, 43.552944, 49.365162, 48.859895
0.997121, 43.368148, 49.458682, 48.928071
0.997083, 43.314881, 49.516128, 49.008440
0.997085, 43.342403, 49.314392, 48.824833
0.997163, 43.410162, 49.437620, 48.894051
0.997096, 43.374312, 49.574529, 49.052731
0.997100, 43.406307, 49.452698, 48.901721
0.997137, 43.402487, 49.383208, 48.868800
0.997264, 43.517223, 49.476324, 48.877141
0.997146, 43.406633, 49.383963, 48.854347
0.997073, 43.343074, 49.369046, 48.777126
0.997036, 43.286265, 49.406863, 48.900955
0.997070, 43.143912, 49.550311, 48.953534
0.996833, 43.024347, 49.162175, 48.598086
0.996704, 42.535844, 49.155177, 48.570675
0.997963, 41.265979, 51.050669, 50.368056
0.997612, 40.653839, 50.881151, 50.178251
0.997344, 40.299123, 50.673599, 49.807933
0.997306, 40.215712, 50.588953, 49.813150
0.997380, 40.325062, 50.344267, 49.535178
0.997214, 40.190246, 50.105204, 49.451267
0.997118, 40.062525, 49.895931, 49.204955
0.997120, 40.088241, 50.013925, 49.340164
0.997264, 40.314735, 49.849006, 49.135676
0.997121, 40.098456, 49.784974, 49.109103
0.997057, 40.053113, 49.605998, 48.897896
0.997025, 40.101788, 49.628427, 49.030622
0.997172, 40.259565, 49.552298, 48.838322
0.996758, 39.861963, 49.254650, 48.612089
0.996754, 39.782767, 49.103227, 48.458355
0.996823, 39.753226, 49.262250, 48.623370
0.996856, 39.777269, 49.114017, 48.425208
0.996763, 39.689782, 49.161314, 48.471669
0.996661, 39.521147, 49.038141, 48.293860
0.996642, 39.539262, 49.095829, 48.372956
0.996404, 39.219386, 48.913691, 48.218677
0.996208, 38.951970, 48.923657, 48.194528
0.998442, 42.225439, 51.231844, 50.280751
0.997936, 41.231386, 50.834109, 49.959278
0.997739, 40.916303, 50.511760, 49.571534
0.997678, 40.863461, 50.396291, 49.616282
0.997856, 41.251960, 50.295155, 49.346867
0.997652, 40.854642, 50.135244, 49.354981
0.997492, 40.658460, 49.538748, 48.725137
0.997533, 40.660127, 49.651507, 48.789700
0.997610, 40.781640, 49.508252, 48.647251
0.997496, 40.646013, 49.623241, 48.766945
0.997481, 40.728825, 49.438002, 48.607206
0.997522, 40.701669, 49.507010, 48.854414
0.997658, 40.914577, 49.349911, 48.587436
0.997560, 40.728054, 49.511593, 48.783212
0.997554, 40.808268, 49.371328, 48.682722
0.997589, 40.820170, 49.489372, 48.853189
0.997629, 40.969820, 49.302254, 48.601509
0.997551, 40.839247, 49.515377, 48.821627
0.997513, 40.814762, 49.344249, 48.579946
0.997544, 40.752773, 49.344449, 48.654986
0.997689, 41.113654, 49.492904, 48.731042
0.997465, 40.885683, 49.034635, 48.356525
0.997454, 40.792769, 49.241315, 48.518241
0.997519, 40.729022, 49.252160, 48.587562
0.997624, 40.943437, 49.266264, 48.559780
0.997562, 40.848055, 49.269790, 48.555891
0.997518, 40.808190, 49.257703, 48.586243
0.997478, 40.766135, 49.316174, 48.654497
0.997543, 40.866116, 49.163466, 48.511034
0.997472, 40.827696, 49.074578, 48.437288
0.997447, 40.722275, 49.020731, 48.348174
0.997424, 40.623291, 49.162127, 48.423272
0.997390, 40.590355, 48.949389, 48.271762
0.997284, 40.482288, 49.079078, 48.312865
0.997330, 40.513161, 49.012433, 48.345420
0.997084, 40.057021, 48.958412, 48.199619
0.998190, 45.602094, 51.399330, 50.531634
0.997443, 44.168570, 50.696305, 49.758433
0.997325, 44.031463, 50.411785, 49.482393
0.997147, 43.626974, 50.261035, 49.354856
0.997480, 44.261545, 50.238529, 49.228942
0.997156, 43.647519, 49.977955, 48.996575
0.997125, 43.539845, 49.843718, 48.945931
0.997073, 43.401240, 49.749449, 48.848117
0.997403, 43.891282, 49.795332, 48.877522
0.997090, 43.406869, 49.680712, 48.730804
0.997120, 43.436823, 49.623453, 48.791873
0.997074, 43.406720, 49.635085, 48.777936
0.997374, 43.880751, 49.692930, 48.831672
0.997044, 43.491956, 49.543286, 48.572219
0.997165, 43.599421, 49.717252, 48.809291
0.996981, 43.463926, 49.271310, 48.322330
0.997365, 43.850432, 49.502794, 48.615122
0.997036, 43.420642, 49.413570, 48.508011
0.997038, 43.257756, 49.391264, 48.484799
0.996949, 43.205863, 49.279922, 48.547563
0.997269, 43.737675, 49.428589, 48.719975
0.996946, 43.216144, 49.416635, 48.653051
0.996957, 43.286756, 49.415824, 48.631802
0.996914, 43.230316, 49.462471, 48.728099
0.997255, 43.673355, 49.544852, 48.787792
0.996896, 43.202400, 49.463957, 48.762539
0.996932, 43.353430, 49.416027, 48.654135
0.996887, 43.268313, 49.433064, 48.618137
0.997203, 43.709703, 49.474090, 48.700223
0.997139, 43.571098, 49.882960, 49.027145
0.997007, 43.647905, 49.441621, 48.596009
0.997080, 43.641247, 49.573084, 48.830277
0.997359, 44.029617, 49.631541, 48.906451
0.997127, 43.768844, 49.668421, 48.987496
0.997078, 43.676078, 49.639618, 48.897783
0.997046, 43.557308, 49.597693, 48.890435
0.997280, 43.861016, 49.615009, 48.875463
0.997061, 43.640654, 49.568777, 48.979055
0.997063, 43.757818, 49.668797, 49.015806
0.997033, 43.635134, 49.637031, 48.943521
0.997225, 43.856555, 49.685482, 49.022235
0.996991, 43.583112, 49.618565, 48.954673
0.996987, 43.645455, 49.715623, 48.947273
0.996957, 43.542565, 49.707404, 48.935891
0.996827, 43.407497, 49.565025, 48.823285
0.996390, 42.979869, 48.783036, 48.026103
0.996360, 42.745416, 48.843139, 48.017684
0.997946, 40.038166, 51.655047, 50.717557
0.997137, 39.182946, 51.098412, 50.328043
0.996763, 38.776055, 50.818541, 49.925180
0.996590, 38.514048, 50.575032, 49.779322
0.997117, 39.140609, 50.404111, 49.527346
0.996952, 38.905129, 50.233785, 49.363810
0.996767, 38.759408, 50.064971, 49.128413
0.996672, 38.601687, 49.974698, 49.069966
0.996889, 38.934498, 49.880252, 48.926689
0.996568, 38.679761, 49.786961, 48.925354
0.996487, 38.668290, 49.674898, 48.837501
0.996324, 38.559855, 49.608170, 48.837258
0.996719, 38.939598, 49.783843, 48.970790
0.995957, 38.397456, 49.472292, 48.764959
0.996009, 38.462821, 49.425286, 48.686577
0.996033, 38.367813, 49.538383, 48.793080
0.996437, 38.718295, 49.486975, 48.736890
0.996047, 38.300438, 49.608859, 48.878507
0.996006, 38.265621, 49.332302, 48.550842
0.996002, 38.286430, 49.320461, 48.566776
0.996145, 38.374980, 49.231832, 48.514245
0.995888, 38.110131, 49.232123, 48.493069
0.995837, 38.155431, 49.148024, 48.391031
0.995696, 37.964007, 49.121801, 48.350454
0.995334, 37.723459, 49.087434, 48.310055
0.995045, 37.288493, 48.593660, 47.575136
0.995476, 37.842103, 48.632056, 47.749040
0.995676, 38.034284, 48.889245, 48.046835
0.996819, 38.932907, 49.182371, 48.241047
0.996612, 38.659396, 49.211284, 48.284183
0.996348, 38.450935, 49.299169, 48.421921
0.996284, 38.425406, 49.171195, 48.337862
0.996545, 38.509700, 49.059635, 48.182608
0.996103, 38.078286, 48.980407, 48.232510
0.996118, 38.051313, 48.962815, 48.182036
0.996151, 38.058021, 48.923182, 48.188430
0.996497, 38.427053, 48.924109, 48.162169
0.996089, 38.102744, 48.850786, 48.140446
0.996036, 37.984525, 48.812046, 48.095641
0.996027, 37.990043, 48.820699, 48.063674
0.996231, 38.110683, 48.606869, 47.868242
0.995970, 37.819354, 48.546193, 47.758666
0.995813, 37.669644, 48.552213, 47.766875
0.995520, 37.499475, 48.202972, 47.396516
0.995450, 37.286653, 48.073150, 47.307797
0.995289, 37.175889, 48.224914, 47.394893
0.994821, 36.758395, 48.157008, 47.286918
0.998124, 43.404763, 51.391975, 50.804005
0.997473, 42.050617, 50.901224, 50.234305
0.997317, 41.879074, 50.753922, 50.052806
0.997092, 41.548339, 50.444866, 49.721138
0.997135, 41.562323, 50.322544, 49.559390
0.997020, 41.534936, 50.147703, 49.500881
0.997015, 41.534609, 50.111237, 49.480618
0.996965, 41.421961, 50.004223, 49.397921
0.996893, 41.303957, 49.896978, 49.256824
0.996864, 41.280025, 49.929285, 49.211743
0.996632, 40.855643, 49.863983, 49.057418
