ms-ssim, psnr-y, psnr-u, psnr-v
0.994546, 40.430629, 49.355953, 46.443701
0.994519, 40.449746, 49.402769, 46.498490
0.993986, 39.945480, 49.694785, 46.860956
0.993983, 39.943923, 49.708449, 46.846572
0.993946, 39.905808, 49.669877, 46.818935
0.994022, 39.871016, 49.958783, 46.760273
0.994057, 39.889244, 49.960417, 46.761250
0.994063, 39.888993, 49.966958, 46.771726
0.994025, 39.869115, 49.953273, 46.747582
0.993721, 40.016745, 50.176939, 47.268414
0.993696, 40.017366, 50.166645, 47.279969
0.993708, 40.024906, 50.173720, 47.274683
0.994713, 40.745995, 50.138675, 47.260947
0.994739, 40.760467, 50.153385, 47.270503
0.994736, 40.749381, 50.153598, 47.258754
0.994483, 40.648343, 50.236172, 47.394865
0.994482, 40.662306, 50.263246, 47.379053
0.995414, 41.150792, 50.542759, 47.649768
0.997080, 42.683245, 51.126384, 48.209934
0.997094, 42.699017, 51.112779, 48.242958
0.997093, 42.700601, 51.129591, 48.268756
0.997340, 43.100530, 51.597189, 49.033065
0.997335, 43.088781, 51.614195, 49.076343
0.997334, 43.096596, 51.603745, 49.087021
0.997968, 43.936193, 51.781803, 49.264852
0.997992, 43.971183, 51.786155, 49.342821
0.997975, 43.959817, 51.808919, 49.349559
0.998379, 44.652265, 52.160762, 49.898558
0.998384, 44.657413, 52.168567, 49.903192
0.998383, 44.666625, 52.170605, 49.921576
0.998380, 44.666897, 52.171285, 49.936177
0.998449, 44.695289, 52.323806, 50.035830
0.998446, 44.683622, 52.332968, 50.045401
0.998444, 44.677520, 52.361989, 50.070680
0.998231, 44.352352, 52.420621, 50.086843
0.998232, 44.344456, 52.400511, 50.093788
0.998214, 44.294367, 52.426744, 50.066282
0.998079, 44.331024, 52.430350, 50.406636
0.998082, 44.330926, 52.427465, 50.408447
0.998088, 44.363725, 52.418821, 50.403920
0.998476, 44.922612, 52.703164, 50.536923
0.998498, 44.944825, 52.689740, 50.523183
0.998486, 44.932677, 52.697022, 50.547199
0.998386, 44.840358, 52.883958, 50.542292
0.998385, 44.830786, 52.867171, 50.561017
0.998376, 44.820829, 52.859997, 50.576996
0.998433, 44.889456, 52.927829, 50.565476
0.998439, 44.892015, 52.915307, 50.573937
0.998433, 44.866038, 52.889167, 50.513427
0.998379, 44.755456, 53.064668, 50.741580
0.998379, 44.754624, 53.060495, 50.728639
0.998391, 44.754871, 53.028085, 50.739624
0.998363, 44.649814, 53.004553, 50.734494
0.998101, 44.592938, 53.043013, 50.974380
0.998105, 44.589185, 53.058827, 50.975155
0.998652, 45.660547, 53.179302, 51.226928
0.998650, 45.633481, 53.190461, 51.205109
0.998648, 45.640992, 53.157923, 51.197497
0.998638, 45.632613, 53.166462, 51.210281
0.998507, 45.354146, 53.371224, 51.404125
0.998510, 45.337821, 53.372568, 51.395589
0.998516, 45.362145, 53.360932, 51.372059
0.998411, 45.125852, 52.833396, 51.247210
0.998412, 45.123387, 52.827462, 51.252983
0.998403, 45.106519, 52.817592, 51.270623
0.998509, 45.166115, 53.053411, 51.344440
0.998510, 45.163966, 53.045922, 51.342754
0.998506, 45.146485, 53.071352, 51.307793
0.998474, 45.173640, 53.285608, 51.407259
0.998477, 45.183200, 53.289563, 51.408114
0.998488, 45.196377, 53.295723, 51.402701
0.998462, 45.003566, 53.293522, 51.403555
0.998585, 45.331379, 53.249302, 51.495074
0.998587, 45.340605, 53.247996, 51.495947
0.998582, 45.326387, 53.251045, 51.479396
0.998721, 45.637782, 53.256714, 51.619580
0.998720, 45.632368, 53.234951, 51.609116
0.998714, 45.625888, 53.261953, 51.598976
0.998664, 45.594193, 53.382887, 51.601062
0.998664, 45.584450, 53.385134, 51.612402
0.998675, 45.603434, 53.367641, 51.613000
0.998655, 45.562060, 53.396384, 51.588860
0.998768, 45.624684, 53.390981, 51.517235
0.998769, 45.622144, 53.371672, 51.528651
0.998772, 45.631501, 53.371224, 51.541567
0.998601, 45.554573, 53.128168, 51.420104
0.998602, 45.568892, 53.120972, 51.430694
0.998604, 45.578358, 53.126897, 51.423250
0.998902, 46.061754, 53.265449, 51.595998
0.998906, 46.064294, 53.260643, 51.581140
0.998905, 46.059486, 53.276832, 51.570473
0.998841, 45.905104, 53.205528, 51.501477
0.998848, 45.910929, 53.213729, 51.501477
0.998829, 45.877152, 53.212433, 51.463487
0.998829, 45.875517, 53.210274, 51.455121
0.998755, 45.727064, 53.014858, 51.221190
0.998756, 45.728066, 53.015684, 51.223375
0.998755, 45.721365, 53.018574, 51.231579
0.998554, 45.335426, 52.685147, 51.060098
0.998560, 45.342827, 52.690123, 51.055890
0.998541, 45.297948, 52.689357, 51.067736
0.998480, 45.161360, 52.549943, 50.869622
0.998478, 45.146940, 52.538463, 50.883748
0.998459, 45.115145, 52.546978, 50.871889
0.998464, 44.976300, 52.434681, 50.828515
0.998469, 44.977143, 52.440462, 50.844511
0.998449, 44.964161, 52.398720, 50.831760
0.998696, 45.648346, 52.804990, 51.183127
0.998698, 45.666509, 52.812862, 51.183939
0.998697, 45.651772, 52.816014, 51.174204
0.998975, 46.241107, 53.353786, 51.523378
0.998973, 46.221221, 53.357358, 51.531583
0.998963, 46.198033, 53.351556, 51.537747
0.998789, 45.570601, 53.097353, 51.288891
0.998794, 45.586576, 53.098194, 51.286395
0.998796, 45.585662, 53.109568, 51.290000
0.998897, 45.572460, 53.279024, 51.130393
0.998891, 45.568018, 53.268511, 51.146737
0.998887, 45.564918, 53.268073, 51.152915
0.998847, 45.251750, 53.184878, 51.530117
0.998846, 45.243641, 53.192610, 51.568106
0.998840, 45.233225, 53.187024, 51.565740
0.998678, 44.610289, 53.016922, 51.148616
0.998683, 44.655140, 53.037617, 51.158026
0.998677, 44.603189, 53.029741, 51.148885
0.998579, 44.650145, 52.856016, 51.235139
0.998581, 44.654929, 52.871961, 51.225288
0.998579, 44.643249, 52.857608, 51.223102
0.998428, 44.620148, 52.938765, 51.171233
0.998428, 44.607921, 52.946070, 51.167995
0.998424, 44.609798, 52.955424, 51.177176
0.998446, 44.603650, 52.910872, 51.063784
0.998448, 44.609559, 52.924998, 51.084109
0.998446, 44.591039, 52.925807, 51.062731
0.998341, 44.428718, 53.080980, 51.203205
0.998340, 44.415835, 53.054660, 51.213278
0.998333, 44.410396, 53.093569, 51.208102
0.998194, 44.293356, 52.970921, 51.233770
0.998182, 44.283645, 52.960312, 51.228296
0.998187, 44.281462, 52.973782, 51.257937
0.998435, 44.430090, 53.217619, 51.482585
0.998434, 44.432105, 53.244513, 51.508474
0.998437, 44.431062, 53.254096, 51.536278
0.998019, 43.569405, 53.669768, 51.476210
0.998016, 43.553106, 53.642500, 51.481426
0.998010, 43.554367, 53.626317, 51.504100
0.997616, 42.453653, 53.093989, 51.002592
0.997616, 42.451341, 53.068427, 50.985747
0.997612, 42.434771, 53.027257, 50.977736
0.997536, 42.324968, 53.727739, 51.316716
0.997535, 42.322117, 53.733579, 51.310579
0.997538, 42.327521, 53.720450, 51.311973
0.997827, 42.326667, 53.919641, 51.449649
0.997828, 42.322451, 53.922692, 51.450225
0.997826, 42.319848, 53.959984, 51.475920
0.998420, 43.283182, 55.471421, 52.446613
0.998410, 43.273261, 55.447509, 52.425302
0.998408, 43.255743, 55.461261, 52.418102
0.996842, 40.772025, 54.279819, 51.043553
0.996840, 40.767115, 54.289771, 51.022372
0.996833, 40.762561, 54.288664, 51.037790
0.996502, 40.531206, 54.083311, 50.698998
0.996505, 40.525194, 54.084895, 50.693916
0.996493, 40.513346, 54.083839, 50.692465
0.995129, 39.271736, 53.395033, 50.203861
0.995133, 39.270076, 53.394582, 50.193288
0.995105, 39.232791, 53.352894, 50.174363
0.996195, 40.426443, 53.954857, 50.411845
0.996194, 40.423749, 53.945131, 50.403468
0.996194, 40.422675, 53.947177, 50.407315
0.996615, 40.729657, 53.658266, 50.215110
0.996612, 40.734085, 53.643931, 50.214893
0.996609, 40.726354, 53.643454, 50.232256
0.994927, 39.439487, 52.902016, 49.761197
0.994916, 39.424024, 52.897997, 49.831218
0.996336, 40.863909, 52.784198, 49.969209
0.996333, 40.861457, 52.781459, 49.958579
0.996335, 40.865041, 52.786155, 49.957150
0.996813, 41.166019, 52.836563, 50.427739
0.996816, 41.185808, 52.832604, 50.455351
0.996803, 41.160960, 52.827067, 50.473015
0.995808, 40.266499, 52.701244, 50.073824
0.995796, 40.233126, 52.703548, 50.069632
0.995812, 40.281792, 52.761947, 50.105600
0.994685, 39.428766, 52.649337, 49.912273
0.994695, 39.434521, 52.621352, 49.922386
0.994676, 39.380852, 52.650096, 49.909446
0.995689, 40.667694, 53.291762, 50.096949
0.995695, 40.674159, 53.293962, 50.076131
0.995689, 40.675243, 53.293962, 50.085791
0.995252, 40.310919, 53.428950, 50.113634
0.995252, 40.325425, 53.442591, 50.120622
0.993981, 39.699880, 53.183590, 49.987259
0.993997, 39.704639, 53.187883, 50.001876
0.993945, 39.660612, 53.176731, 49.962256
0.995257, 40.977419, 53.352894, 50.602971
0.995250, 40.973226, 53.348881, 50.605577
0.995261, 41.000431, 53.365851, 50.601550
0.995655, 41.279568, 53.256714, 50.748432
0.995668, 41.326924, 53.316466, 50.753087
0.995663, 41.310865, 53.295723, 50.717439
0.994608, 40.456462, 53.286487, 50.519231
0.994602, 40.439088, 53.285608, 50.520393
0.994605, 40.425085, 53.307627, 50.515980
0.994240, 39.891425, 53.165607, 50.155094
0.994256, 39.897178, 53.177159, 50.163433
0.995328, 40.372116, 53.044260, 49.943089
0.995341, 40.397844, 53.083075, 49.932319
0.995318, 40.392279, 53.089369, 49.927451
0.994513, 39.507971, 52.430350, 49.878867
0.994522, 39.512216, 52.423141, 49.883882
0.994534, 39.539972, 52.432875, 49.888701
0.993872, 38.891387, 52.113221, 49.159116
0.993881, 38.908548, 52.134398, 49.195960
0.995157, 39.641352, 52.761169, 49.853881
0.995156, 39.644722, 52.766232, 49.843926
0.995155, 39.643511, 52.761558, 49.826858
0.993959, 38.723433, 52.288399, 49.128987
0.993962, 38.727084, 52.262986, 49.132869
0.993966, 38.750609, 52.289796, 49.145211
0.992000, 37.831973, 51.997737, 48.866680
0.991996, 37.830910, 52.016390, 48.873673
0.991931, 37.787199, 52.001984, 48.871288
0.990068, 37.165437, 51.694145, 48.721306
0.989940, 37.116319, 51.701154, 48.705059
0.997095, 41.332692, 52.913693, 51.236783
0.997093, 41.324679, 52.940387, 51.238702
0.997090, 41.312085, 52.946070, 51.233770
0.992730, 37.950551, 52.737487, 49.645681
0.992720, 37.932067, 52.718171, 49.642833
0.992717, 37.925448, 52.763895, 49.654620
0.991811, 37.671561, 52.730910, 49.918540
0.991816, 37.673177, 52.718556, 49.915911
0.993676, 38.561046, 52.734777, 50.100745
0.993714, 38.587258, 52.741748, 50.100112
0.993714, 38.578526, 52.763116, 50.088105
0.992468, 38.337569, 53.102404, 49.979661
0.992452, 38.331633, 53.118435, 49.980687
0.992462, 38.334326, 53.103246, 49.973510
0.992593, 38.382614, 53.327983, 50.477154
0.992619, 38.413197, 53.374809, 50.478765
0.992584, 38.407004, 53.384235, 50.474394
0.988954, 36.730058, 53.418068, 50.236172
0.988940, 36.707211, 53.474589, 50.226171
0.991393, 37.701013, 53.310719, 49.988903
0.991395, 37.693625, 53.323550, 49.990137
0.991390, 37.700791, 53.306303, 50.010546
0.992009, 37.787862, 53.390531, 49.823690
0.992013, 37.804330, 53.381989, 49.825669
0.992008, 37.800294, 53.382438, 49.828641
0.986284, 35.680668, 52.713548, 49.821117
0.986296, 35.654332, 52.725115, 49.818546
0.991387, 37.228765, 52.228758, 49.400434
0.991403, 37.237167, 52.244629, 49.419509
0.991385, 37.229320, 52.234962, 49.424561
0.989313, 36.489077, 51.950000, 49.147412
0.989312, 36.481075, 51.957111, 49.141826
0.989300, 36.478106, 51.946771, 49.161325
0.988068, 36.152004, 52.227725, 49.039174
0.988047, 36.157590, 52.261251, 49.013311
0.990495, 37.110815, 51.566036, 49.160645
0.990507, 37.126050, 51.567218, 49.165575
0.990497, 37.128697, 51.562785, 49.166426
0.984532, 35.444825, 50.993254, 48.776788
0.984501, 35.411730, 51.025504, 48.783638
0.989053, 36.414697, 51.171233, 49.270425
0.989048, 36.407164, 51.184481, 49.245577
0.989049, 36.404822, 51.172043, 49.274086
0.988572, 36.107012, 50.179087, 48.725915
0.988624, 36.114327, 50.165574, 48.729453
0.995440, 39.075202, 52.668729, 49.797247
0.995444, 39.085689, 52.720484, 49.808870
0.995441, 39.086821, 52.716629, 49.809067
0.988446, 35.444026, 52.299236, 48.684454
0.988419, 35.431964, 52.277241, 48.670772
0.988441, 35.441084, 52.311855, 48.663340
0.987477, 35.267081, 53.124780, 48.412092
0.987473, 35.271721, 53.126897, 48.412092
0.990782, 35.933883, 52.431432, 48.406518
0.990795, 35.952746, 52.441909, 48.401665
0.990767, 35.940668, 52.428186, 48.398242
0.988029, 34.648389, 52.660734, 47.997099
0.988025, 34.638570, 52.645545, 48.008682
0.988036, 34.654163, 52.665301, 48.032336
0.986782, 34.270035, 51.713064, 47.660460
0.986787, 34.282812, 51.715818, 47.665876
0.989992, 35.201802, 51.400708, 47.391471
0.990012, 35.214267, 51.442172, 47.407215
0.989969, 35.205676, 51.445046, 47.415279
0.981896, 32.889649, 51.341912, 46.831936
0.981880, 32.865996, 51.332376, 46.817053
0.988487, 34.690042, 51.278641, 47.495015
0.988527, 34.696561, 51.275321, 47.473416
0.988538, 34.706866, 51.275321, 47.469731
0.989631, 34.803616, 51.254633, 47.396675
0.989632, 34.810266, 51.264275, 47.404493
0.989622, 34.812990, 51.277534, 47.412097
0.985490, 33.498870, 52.012784, 47.202211
0.985527, 33.507255, 52.015406, 47.200047
0.979010, 32.021625, 52.006890, 46.794922
