ms-ssim, psnr-y, psnr-u, psnr-v
0.993583, 41.515902, 46.320858, 45.968320
0.993400, 41.369407, 46.335794, 45.956832
0.993510, 41.442719, 46.341184, 45.932222
0.993473, 41.438414, 46.275323, 45.903233
0.993440, 41.364630, 46.186238, 45.835861
0.993489, 41.396570, 46.266332, 45.879641
0.993280, 41.323841, 46.282263, 45.889170
0.993137, 41.135938, 46.192073, 45.859617
0.993297, 41.327771, 46.264320, 45.876903
0.993369, 41.391979, 46.332404, 45.933994
0.993399, 41.534278, 46.286206, 45.907840
0.993340, 41.399814, 46.284185, 45.897638
0.993266, 41.274879, 46.286650, 45.881482
0.993183, 41.241614, 46.146858, 45.813604
0.993266, 41.370806, 46.196610, 45.887551
0.993191, 41.249874, 46.058660, 45.797184
0.993145, 41.243146, 46.312765, 45.816125
0.993604, 41.578202, 46.413082, 45.879102
0.993869, 41.701408, 46.385905, 45.916707
0.993776, 41.541122, 46.439000, 46.076476
0.994723, 42.569465, 47.224770, 46.687278
0.995956, 44.433637, 48.848606, 48.072834
0.996973, 45.829043, 49.557688, 48.727126
0.996960, 46.027354, 50.105561, 49.317413
0.997439, 46.663200, 50.531241, 49.740237
0.997357, 46.623146, 50.844448, 49.805604
0.997606, 47.003887, 50.965698, 50.230177
0.997379, 46.707115, 50.765317, 50.208225
0.997735, 47.171033, 50.966567, 50.724436
0.997645, 47.006010, 51.206894, 50.585170
0.997477, 46.832132, 51.216090, 50.313125
0.997464, 46.788587, 50.777088, 49.781720
0.997655, 46.932983, 50.619136, 49.852760
0.997335, 46.272459, 49.682409, 49.084568
0.997069, 46.205785, 50.071125, 49.494890
0.996462, 45.397836, 49.246551, 48.735178
0.996798, 45.685724, 49.121446, 49.135676
0.996549, 45.514479, 48.996437, 49.173663
0.996727, 46.035991, 49.876700, 49.370350
0.996313, 45.435796, 49.453183, 48.791346
0.996289, 44.887032, 49.515273, 48.759074
0.995604, 45.005548, 49.292908, 48.520467
0.996071, 45.259943, 49.216145, 48.598695
0.995673, 44.727120, 49.209954, 48.349601
0.995425, 44.465658, 49.434413, 48.611815
0.996824, 45.544603, 49.724538, 48.841762
0.996088, 44.329045, 49.323461, 48.495139
0.996202, 44.589085, 49.402162, 48.548849
0.996359, 44.690362, 49.573215, 48.448569
0.996630, 45.233242, 49.547019, 48.347698
0.996198, 44.448968, 48.892860, 48.187418
0.996265, 44.720015, 48.781700, 48.125228
0.996368, 44.767483, 48.941658, 48.105468
0.996573, 45.020996, 49.174334, 48.076258
0.996422, 44.606047, 48.796440, 47.926673
0.996292, 44.648237, 48.777498, 47.912381
0.996202, 44.566420, 48.581849, 47.793007
0.996323, 44.742263, 48.830232, 47.842395
0.996219, 44.616953, 48.569570, 47.643608
0.996285, 44.725054, 48.442732, 47.620083
0.996144, 44.610964, 48.292568, 47.593152
0.995841, 44.512509, 48.352298, 47.449267
0.995974, 44.593149, 48.241144, 47.404004
0.995999, 44.585576, 48.379439, 47.459591
0.995972, 44.594860, 48.340967, 47.473697
0.995843, 44.479061, 48.377124, 47.355547
0.995761, 44.239897, 48.037785, 47.269925
0.995749, 44.292307, 48.312177, 47.476420
0.995769, 44.093285, 48.623285, 47.744243
0.995914, 44.375136, 48.575830, 47.853981
0.995645, 44.082058, 48.746110, 47.591487
0.996094, 44.878003, 49.025801, 48.057683
0.995913, 44.896206, 49.192108, 47.935098
0.995699, 44.709937, 49.534814, 48.538319
0.996188, 45.406817, 49.808598, 49.088797
0.996411, 45.650176, 49.291332, 48.753762
0.996007, 44.929494, 48.991378, 48.050794
0.996317, 45.114570, 49.061433, 48.214851
0.996056, 44.951394, 49.005834, 48.381355
0.996294, 45.117555, 49.334490, 48.790995
0.995962, 45.156904, 48.840874, 48.387190
0.995847, 44.523478, 48.206327, 47.796008
0.996613, 45.455043, 48.750543, 48.208706
0.995663, 43.421926, 47.472271, 47.235371
0.995772, 43.919208, 47.412367, 47.388152
0.995906, 43.777983, 47.739555, 47.589689
0.997284, 45.709232, 49.197695, 48.688891
0.996977, 44.725872, 48.817496, 48.682380
0.996928, 44.861288, 48.816084, 48.542959
0.997013, 44.980490, 48.669387, 48.312885
0.997108, 45.273356, 48.869828, 48.343975
0.997007, 44.837831, 48.572991, 47.950260
0.997015, 44.977944, 48.665974, 47.823809
0.997049, 45.083070, 48.697989, 47.756539
0.997050, 45.129344, 48.721508, 47.819315
0.996886, 44.766675, 48.458477, 47.630552
0.996982, 44.969789, 48.566234, 47.598085
0.996906, 44.895051, 48.449543, 47.553034
0.996926, 45.040799, 48.566651, 47.785062
0.996977, 44.867801, 48.386390, 47.708454
0.996881, 44.766145, 48.381755, 47.682875
0.996937, 44.893468, 48.592485, 47.739555
0.996971, 45.051695, 48.581682, 47.727720
0.997100, 45.145172, 48.575997, 47.673364
0.997038, 44.972193, 48.433992, 47.601154
0.997002, 44.966349, 48.384951, 47.750318
0.997057, 45.054794, 48.557076, 47.787012
0.997172, 45.212140, 48.580427, 47.891281
0.997124, 45.080856, 48.449299, 47.826128
0.997102, 44.978428, 48.598359, 47.959020
0.997136, 45.133813, 48.665292, 47.955036
0.997090, 44.888756, 48.334166, 47.951417
0.997098, 44.961940, 48.340254, 47.937837
0.997090, 44.935044, 48.412297, 47.904072
0.997274, 45.363823, 48.748196, 48.127563
0.997251, 45.226766, 48.695498, 48.145304
0.997255, 45.166856, 48.593576, 48.062208
0.997241, 45.127219, 48.796528, 48.239211
0.997310, 45.383764, 48.890166, 48.274995
0.997254, 45.043215, 48.898975, 48.268219
0.997084, 44.559722, 48.773387, 48.395516
0.997341, 45.179353, 48.763258, 48.391912
0.997609, 45.843568, 49.197213, 48.739946
0.997402, 45.355259, 48.928501, 48.539478
0.997524, 45.618690, 49.151384, 48.737952
0.997518, 45.474254, 49.127132, 48.789766
0.997630, 45.876241, 49.168489, 48.777848
0.997665, 45.770875, 49.287197, 48.860452
0.997658, 45.735908, 49.118605, 48.716673
0.997649, 45.748828, 49.267855, 48.864825
0.997708, 46.024115, 49.351234, 48.884601
0.997707, 45.812930, 49.349637, 48.884781
0.997690, 45.791021, 49.319990, 48.882001
0.997683, 45.777580, 49.162653, 48.770241
0.997784, 46.091395, 49.353432, 48.853323
0.997748, 45.845049, 49.321577, 48.919360
0.997781, 45.990695, 49.363935, 48.872152
0.997723, 45.895035, 49.331009, 48.850830
0.997807, 46.149306, 49.454717, 48.948934
0.997809, 45.901991, 49.529816, 49.057138
0.997809, 45.879316, 49.434209, 49.101318
0.997826, 46.005610, 49.703260, 49.161792
0.997899, 46.276565, 49.691256, 49.228845
0.997847, 45.997748, 49.687046, 49.334589
0.997825, 45.968514, 49.745155, 49.352333
0.997824, 45.925081, 49.719969, 49.372156
0.997920, 46.327424, 49.764332, 49.330810
0.997891, 46.120367, 49.827056, 49.387536
0.997914, 46.106270, 49.884145, 49.336082
0.997919, 46.061959, 49.890812, 49.344249
0.997979, 46.351908, 49.832519, 49.354831
0.997930, 46.134711, 49.798513, 49.343950
0.997924, 46.095427, 49.669925, 49.384013
0.997911, 46.024428, 49.466905, 49.190086
0.998018, 46.431856, 49.924639, 49.499951
0.997988, 46.273467, 49.755116, 49.418460
0.997966, 46.272324, 49.818484, 49.492930
0.997971, 46.148279, 49.672613, 49.384516
0.998060, 46.501137, 49.955517, 49.525240
0.998051, 46.398878, 49.988813, 49.537419
0.998062, 46.406906, 49.904969, 49.548169
0.998055, 46.323941, 49.650945, 49.351334
0.998067, 46.464213, 50.001670, 49.611959
0.998012, 46.207842, 49.850519, 49.512474
0.998050, 46.245095, 49.708461, 49.399940
0.998072, 46.405651, 50.019221, 49.681762
0.998106, 46.580080, 49.991706, 49.640365
0.998081, 46.276885, 49.918603, 49.650731
0.998036, 46.248601, 49.961489, 49.605813
0.998049, 46.228776, 49.676593, 49.305044
0.998149, 46.572911, 50.110553, 49.613444
0.998120, 46.391130, 49.805160, 49.334191
0.998118, 46.401611, 49.894545, 49.580157
0.998118, 46.444507, 50.029949, 49.638444
0.998155, 46.643240, 50.123657, 49.636418
0.998076, 46.310830, 49.917693, 49.603061
0.998003, 46.233547, 49.883919, 49.481081
0.998034, 46.184107, 49.913031, 49.587005
0.998184, 46.688292, 50.004455, 49.815150
0.998144, 46.510875, 49.793093, 49.654799
0.998158, 46.530143, 49.825385, 49.736962
0.998138, 46.504221, 49.915646, 49.772687
0.998141, 46.584805, 49.986501, 49.769607
0.998127, 46.493722, 49.982803, 49.762356
0.998086, 46.362722, 49.814372, 49.644209
0.998027, 46.222965, 49.805271, 49.676378
0.998169, 46.679593, 50.201053, 49.847607
0.997953, 46.143970, 49.704776, 49.518593
0.998041, 46.406906, 49.903381, 49.657691
0.998065, 46.321579, 49.889116, 49.716492
0.998054, 46.507164, 50.117338, 49.745373
0.998102, 46.504545, 49.961260, 49.668958
0.998039, 46.368220, 49.960110, 49.636844
0.998009, 46.271710, 49.896242, 49.613020
0.997930, 46.114237, 50.043280, 49.787679
0.997544, 45.733433, 49.430445, 49.229039
0.997618, 45.782374, 49.621301, 49.356430
0.997660, 45.616460, 49.956895, 49.529504
0.998088, 46.281845, 50.034973, 49.766529
0.997868, 45.838228, 49.956895, 49.534814
0.997798, 45.791879, 49.388543, 49.251624
0.997600, 45.531530, 48.977245, 48.691207
0.998010, 46.099346, 49.376573, 49.105751
0.997667, 45.685252, 48.916378, 49.054059
0.997836, 46.156000, 49.325446, 49.163418
0.997765, 46.020391, 49.729982, 49.575949
0.998218, 46.977371, 50.231277, 49.924411
0.997797, 45.851535, 49.576580, 49.167436
0.997902, 46.083988, 49.934222, 49.502329
0.998084, 46.351032, 49.941995, 49.714211
0.998294, 46.871193, 49.958158, 49.660693
0.998169, 46.453247, 49.926007, 49.685751
0.998039, 46.241812, 49.936964, 49.623533
0.998029, 46.151648, 49.896016, 49.583106
0.998137, 46.502316, 49.997380, 49.777091
0.998086, 46.363876, 49.777201, 49.531585
0.998084, 46.276491, 49.719534, 49.516621
0.998002, 46.115517, 49.935136, 49.467622
0.998023, 46.379830, 49.986501, 49.534709
0.998013, 46.217344, 49.855114, 49.497575
0.997963, 46.113242, 49.796189, 49.469777
0.997921, 46.046465, 49.876137, 49.423839
0.997899, 46.104060, 49.764003, 49.405902
0.997894, 46.041615, 49.752158, 49.446237
0.997868, 46.010281, 49.770597, 49.399031
0.997824, 45.864737, 49.780617, 49.460039
0.997785, 45.864737, 49.792871, 49.358530
0.997290, 45.017534, 49.552769, 49.280511
0.997447, 45.285596, 49.550991, 49.356030
0.997543, 45.348509, 49.617477, 49.324652
0.997854, 45.930438, 49.757857, 49.453183
0.997735, 45.641816, 49.823937, 49.483963
0.997668, 45.378660, 49.908941, 49.538044
0.997932, 46.066867, 49.788452, 49.466187
0.997863, 45.710959, 49.724646, 49.567124
0.997688, 45.416684, 49.570904, 49.231079
0.997736, 45.609630, 49.491589, 49.258265
0.997864, 45.879832, 49.738927, 49.416737
0.997789, 45.614759, 49.545557, 49.088139
0.997843, 45.841020, 49.736089, 49.372256
0.997806, 45.731480, 49.425362, 49.146047
0.997814, 45.837961, 49.700662, 49.402263
0.997765, 45.683127, 49.345645, 49.077906
0.997734, 45.616217, 49.175964, 48.981095
0.997761, 45.720720, 49.267757, 49.087387
0.997672, 45.486920, 49.315630, 49.117280
0.997679, 45.498615, 49.079031, 48.965533
0.997563, 45.338092, 49.013495, 48.881015
0.997501, 45.217890, 48.613500, 48.590976
0.997278, 44.778829, 48.866254, 48.609542
