ms-ssim, psnr-y, psnr-u, psnr-v
0.979199, 34.732663, 44.380110, 41.906977
0.978679, 34.697352, 44.467524, 41.935649
0.978211, 34.493573, 44.444342, 41.910018
0.977543, 34.298615, 44.467743, 41.951797
0.978857, 34.655455, 44.534482, 41.896086
0.977881, 34.514892, 44.536413, 41.931407
0.977912, 34.455571, 44.504891, 42.023944
0.978861, 34.677227, 44.525658, 42.033824
0.979387, 34.791142, 44.522917, 42.043267
0.979427, 34.809465, 44.570635, 42.053485
0.979510, 34.834708, 44.510571, 42.042263
0.979615, 34.860002, 44.558451, 42.071257
0.979229, 34.753876, 44.539310, 42.083947
0.985367, 36.165672, 45.496443, 42.872906
0.985972, 36.336156, 45.617049, 42.999649
0.986066, 36.339333, 45.636141, 42.980403
0.986510, 36.506219, 45.629449, 43.035981
0.989863, 37.719585, 46.572432, 44.013474
0.990277, 37.928586, 46.574094, 44.072537
0.990088, 37.671918, 46.579083, 44.064336
0.990660, 38.064612, 46.552303, 44.036646
0.991394, 38.440168, 46.877086, 44.470156
0.991592, 38.534176, 46.872887, 44.474986
0.991670, 38.629217, 46.842974, 44.509981
0.991786, 38.691749, 46.853344, 44.496862
0.992480, 39.148563, 47.056289, 44.741082
0.992521, 39.178926, 47.037490, 44.756836
0.992570, 39.251841, 47.019957, 44.798681
0.992489, 39.227719, 47.063060, 44.783246
0.992975, 39.313126, 47.235456, 44.971609
0.993030, 39.475525, 47.397149, 45.095091
0.993320, 39.676505, 47.398584, 45.110829
0.993451, 39.751267, 47.343241, 45.112101
0.994146, 39.837288, 47.563902, 45.340586
0.994159, 39.988209, 47.640171, 45.378555
0.994263, 40.128864, 47.641082, 45.391648
0.994193, 40.042714, 47.631529, 45.395448
0.994250, 39.976849, 48.100495, 45.794944
0.994459, 40.019272, 48.348027, 45.937058
0.994675, 40.129961, 48.299710, 45.953391
0.994828, 40.296802, 48.284545, 45.954008
0.994539, 40.024892, 48.645197, 46.301114
0.994707, 40.017494, 48.742882, 46.492236
0.995017, 40.333779, 48.695990, 46.437933
0.995172, 40.383029, 48.565219, 46.344141
0.994675, 39.750107, 48.616410, 46.453263
0.995051, 39.769590, 48.403938, 46.339977
0.995306, 39.837653, 48.390388, 46.294207
0.995720, 40.190065, 48.286657, 46.294875
0.995221, 39.715309, 48.308197, 46.220805
0.995264, 39.599880, 48.192407, 46.249136
0.995458, 39.775833, 48.269607, 46.239232
0.995761, 40.085042, 48.249305, 46.116768
0.995673, 39.818646, 48.375083, 46.168583
0.995572, 39.838697, 48.350171, 46.157135
0.995700, 39.953714, 48.326466, 46.121580
0.995637, 39.983788, 48.243372, 46.092153
0.995607, 39.840517, 48.294414, 46.151207
0.995742, 40.054129, 48.259619, 46.225404
0.995662, 39.901444, 48.201723, 46.185161
0.995557, 39.841121, 48.167318, 46.200385
0.995605, 40.063213, 48.190167, 46.206054
0.995465, 39.995747, 48.170060, 46.095661
0.995338, 39.789827, 48.150217, 46.059338
0.995395, 39.804403, 48.229445, 46.161236
0.995375, 39.749441, 48.299357, 46.231983
0.995554, 39.878610, 48.171432, 46.354400
0.995637, 40.113555, 48.269432, 46.362987
0.995588, 40.190434, 48.236925, 46.360047
0.995518, 40.187104, 48.261895, 46.234069
0.995537, 40.591040, 48.418982, 46.259062
0.995632, 40.732764, 48.707035, 46.892389
0.995873, 41.024435, 48.810705, 47.054166
0.995912, 40.978022, 48.919559, 47.207480
0.995827, 40.776639, 49.138517, 47.250552
0.995892, 40.799682, 49.100329, 47.263753
0.996113, 41.101374, 49.148171, 47.270716
0.996080, 41.067555, 49.165817, 47.232139
0.995917, 40.898228, 49.211993, 47.240160
0.995940, 40.937974, 49.149030, 47.261527
0.996020, 41.144350, 49.259987, 47.299946
0.996070, 41.138759, 49.211557, 47.240852
0.995923, 40.929817, 49.254261, 47.223582
0.996034, 41.130522, 49.276103, 47.191027
0.996004, 41.101601, 49.291614, 47.219723
0.996117, 41.252347, 49.324367, 47.277831
0.996020, 41.011090, 49.242393, 47.243067
0.996110, 41.222822, 49.283851, 47.261805
0.996021, 41.216749, 49.261970, 47.280205
0.995914, 40.844083, 49.328171, 47.298823
0.996016, 41.000064, 49.435365, 47.370682
0.996166, 41.252687, 49.399035, 47.377391
0.996200, 41.258619, 49.439497, 47.397866
0.996360, 41.331553, 49.481266, 47.573755
0.996327, 41.192877, 49.505449, 47.642752
0.996360, 41.282487, 49.535869, 47.625021
0.996359, 41.407973, 49.495202, 47.556155
0.996302, 41.249132, 49.420248, 47.573755
0.996280, 41.218816, 49.407462, 47.664368
0.996336, 41.345912, 49.409971, 47.666047
0.996373, 41.497246, 49.389716, 47.666505
0.996276, 41.379070, 49.385405, 47.694691
0.996414, 41.446985, 49.504050, 47.718267
0.996531, 41.522188, 49.481962, 47.780987
0.996557, 41.597678, 49.505916, 47.776600
0.996607, 41.696538, 49.515254, 47.727548
0.996502, 41.473950, 49.481730, 47.682720
0.996464, 41.396974, 49.445242, 47.678125
0.996410, 41.327525, 49.453068, 47.666200
0.996570, 41.498491, 49.454912, 47.631681
0.996619, 41.586217, 49.422306, 47.631529
0.996613, 41.585982, 49.466682, 47.609924
0.996631, 41.598197, 49.504050, 47.603599
0.996694, 41.710356, 49.514319, 47.610980
0.996791, 41.804247, 49.527189, 47.687627
0.996858, 41.816537, 49.499391, 47.679350
0.996929, 41.923455, 49.472926, 47.692540
0.996992, 41.985749, 49.438808, 47.713326
0.997013, 41.961750, 49.463910, 47.836839
0.997081, 42.105523, 49.527892, 47.819881
0.996929, 41.852075, 49.484282, 47.767683
0.996897, 41.713437, 49.485442, 47.789304
0.996789, 41.766398, 49.636831, 47.865835
0.996530, 41.462216, 49.705873, 47.958086
0.996388, 41.431162, 49.727906, 48.006524
0.996410, 41.652552, 49.701480, 48.083991
0.996371, 41.331313, 49.383591, 47.838745
0.996699, 41.273176, 49.073436, 47.044762
0.996691, 41.160577, 49.332650, 47.438386
0.996994, 41.476464, 49.007859, 47.629258
0.996769, 41.208380, 49.268589, 47.805038
0.996777, 41.316259, 49.129954, 47.780987
0.996954, 41.569852, 49.144951, 47.887309
0.997228, 41.859306, 49.177694, 47.906630
0.997017, 41.661967, 49.196329, 48.067215
0.997026, 41.578459, 49.040419, 47.967239
0.997114, 41.752996, 48.965440, 47.937560
0.997109, 41.680646, 49.035394, 47.874636
0.996986, 41.631215, 49.036440, 47.898891
0.996974, 41.555921, 48.980498, 47.783810
0.996982, 41.644140, 49.011188, 47.700073
0.996990, 41.686778, 48.971828, 47.704075
0.997104, 41.885344, 48.992914, 47.692232
0.997020, 41.687838, 48.963999, 47.696535
0.997043, 41.797265, 49.031420, 47.640930
0.996977, 41.588552, 49.041886, 47.645638
0.997071, 41.690353, 49.150104, 47.701612
0.996986, 41.615324, 49.117355, 47.684560
0.997081, 41.815058, 49.071325, 47.737314
0.997070, 41.791735, 49.002664, 47.732351
0.997019, 41.624810, 49.047968, 47.698842
0.996984, 41.565297, 49.052167, 47.683486
0.997108, 41.722237, 49.110110, 47.739953
0.997198, 41.996567, 49.025779, 47.729871
0.997240, 42.078472, 49.063315, 47.633953
0.997194, 41.996981, 49.027867, 47.572410
0.997118, 41.801447, 49.040629, 47.613090
0.997207, 41.946220, 49.015352, 47.633347
0.997273, 42.135125, 49.031629, 47.612487
0.997184, 41.924676, 49.023691, 47.563455
0.997151, 41.934527, 48.986081, 47.580336
0.997055, 41.698073, 49.031211, 47.595781
0.997209, 41.823917, 49.077660, 47.691464
0.997157, 41.805969, 49.108408, 47.660707
0.997225, 42.000966, 49.198067, 47.840810
0.997250, 41.914503, 49.182670, 47.802202
0.997244, 41.900870, 49.209378, 47.808034
0.997378, 42.174759, 49.215263, 47.833188
0.997380, 42.239840, 49.156125, 47.772687
0.997332, 42.092717, 49.121408, 47.698380
0.997269, 41.865123, 49.476863, 47.880407
0.997330, 42.049295, 49.473158, 47.805354
0.997246, 41.820210, 49.492411, 47.805984
0.997219, 41.791133, 49.403816, 47.709006
0.997251, 41.895530, 49.491714, 47.834934
0.997044, 41.628620, 49.174235, 47.634105
0.997093, 41.656080, 49.184185, 47.728632
0.997049, 41.661421, 49.283630, 47.817984
0.997199, 41.902176, 49.338032, 47.870954
0.997211, 42.052322, 49.340949, 47.823837
0.997204, 41.987824, 49.433300, 47.846377
0.997197, 41.885556, 49.380871, 47.824946
0.997225, 42.015613, 49.378153, 47.790875
0.997186, 42.014865, 49.306511, 47.780831
0.997271, 42.149803, 49.326828, 47.775974
0.997208, 41.910221, 49.274776, 47.690390
0.997157, 41.790038, 49.342521, 47.791660
0.997153, 41.835017, 49.343420, 47.801257
0.997167, 41.748158, 49.335340, 47.793389
0.997196, 41.808455, 49.140446, 47.826688
0.996863, 41.373940, 49.235595, 47.768464
0.997000, 41.498297, 49.089509, 47.468770
0.996882, 41.398894, 49.076603, 47.482212
0.997143, 41.735816, 49.173371, 47.873675
0.997196, 41.851724, 49.249642, 47.809454
0.997294, 41.962838, 49.256022, 47.767683
0.997231, 41.788559, 49.212211, 47.728787
0.997237, 41.834419, 49.152468, 47.688394
0.997193, 41.837579, 49.104579, 47.653851
0.997087, 41.655172, 49.073014, 47.506573
0.997062, 41.498730, 49.132950, 47.461190
0.996854, 41.387208, 48.870327, 47.472126
0.996747, 41.595121, 48.780606, 47.752394
0.996934, 42.025933, 49.116289, 47.782869
0.996427, 41.360185, 49.321461, 47.863758
0.996716, 41.882501, 49.713939, 47.875598
0.996023, 41.078930, 49.694899, 48.070732
0.996023, 41.113234, 49.703920, 48.143225
0.996220, 41.174244, 49.670367, 48.174005
0.996705, 41.823619, 49.899880, 48.303421
0.996607, 41.750669, 50.045017, 48.490931
0.996952, 42.154382, 50.029994, 48.497582
0.996922, 42.090866, 50.132492, 48.521870
0.996895, 42.152783, 50.047394, 48.463879
0.996792, 42.066302, 50.047922, 48.490931
0.996816, 42.063990, 49.966783, 48.504428
0.996611, 41.762269, 49.987838, 48.462045
0.996417, 41.777528, 50.051358, 48.511470
0.996621, 41.883650, 50.067783, 48.541809
0.996628, 41.966761, 50.046337, 48.536955
0.996739, 42.077608, 50.088534, 48.526892
0.996464, 41.699696, 50.057709, 48.490008
0.996582, 41.764916, 49.973530, 48.465714
0.996709, 42.044847, 50.001147, 48.513882
0.996735, 42.081826, 49.978727, 48.536396
0.996803, 42.203634, 50.023684, 48.542183
0.996770, 41.998688, 49.986535, 48.525218
0.996748, 41.933467, 49.967301, 48.502762
0.996828, 42.093277, 49.986014, 48.513511
0.996798, 42.052972, 50.058503, 48.504058
0.996710, 41.907027, 49.975868, 48.437724
0.996812, 42.131932, 50.036050, 48.484106
0.996860, 42.191476, 50.082671, 48.499986
0.996750, 41.950558, 50.102692, 48.440643
0.996776, 41.980541, 50.053739, 48.440278
0.996867, 42.116697, 50.086402, 48.480790
0.996880, 42.145604, 50.130068, 48.463329
0.996906, 42.231249, 50.130338, 48.496103
0.996844, 42.152011, 50.150309, 48.518710
0.996842, 42.095955, 50.147875, 48.520754
0.996895, 42.183261, 50.092003, 48.582718
0.996898, 42.206825, 50.160872, 48.575183
0.996864, 42.133171, 50.125494, 48.614510
0.996786, 42.175460, 50.124687, 48.491670
0.996900, 42.205381, 50.086668, 48.592345
0.996901, 42.251673, 50.034732, 48.571420
0.996922, 42.349689, 50.015809, 48.573490
0.996864, 42.270088, 50.020269, 48.461312
0.996850, 42.194150, 50.046073, 48.548351
0.996867, 42.200315, 50.174451, 48.614700
0.998000, 43.421051, 51.833343, 50.712989
0.997796, 42.963684, 51.821005, 50.702532
0.997673, 42.966916, 51.871772, 50.610139
0.997606, 42.943541, 51.879822, 50.622486
0.997792, 43.299757, 51.964019, 50.722545
0.997566, 42.840194, 51.959503, 50.797876
0.997562, 42.910141, 51.918260, 50.777827
0.997426, 42.716308, 51.915823, 50.728104
0.997452, 42.745477, 51.868155, 50.762538
0.997208, 42.501851, 51.840922, 50.803532
0.997168, 42.441193, 51.810288, 50.760359
0.997061, 42.365439, 51.894348, 50.733050
0.996331, 41.620586, 51.730159, 50.574798
0.996269, 41.531946, 51.538309, 50.398847
0.996173, 41.521529, 51.401951, 50.333744
0.996313, 41.650125, 51.200984, 50.144632
0.996483, 41.704375, 50.572711, 49.322131
0.996574, 41.635259, 50.729340, 49.586413
0.996690, 41.460259, 50.787527, 49.618842
0.997017, 42.125320, 50.786587, 49.450535
0.996703, 41.644312, 50.554266, 49.254701
0.996874, 41.933365, 50.601727, 49.358947
0.996809, 41.874115, 50.550705, 49.397898
0.996855, 41.974165, 50.387976, 49.477094
0.996785, 41.814165, 50.426721, 49.374757
0.996650, 41.632966, 50.269046, 49.359173
0.996532, 41.694395, 50.225893, 49.360075
0.996565, 41.614083, 50.024209, 49.155694
0.996658, 41.794450, 49.992791, 49.063947
0.996681, 41.860659, 49.967820, 49.029121
0.996480, 41.465849, 49.879500, 48.997060
0.996397, 41.358130, 49.900646, 48.971004
0.996237, 41.264759, 49.821184, 48.839214
0.996525, 41.718985, 50.016858, 48.843616
0.996310, 41.565400, 49.967042, 48.783567
0.996023, 41.482470, 50.073626, 48.746992
0.995886, 41.312298, 50.060093, 48.599531
0.995633, 41.146519, 49.979247, 48.482448
0.995606, 41.129633, 49.935261, 48.473062
0.995565, 41.141792, 49.730853, 48.177611
0.995764, 41.306311, 49.906779, 48.209156
0.995666, 41.273684, 49.678367, 48.096616
0.995704, 41.332210, 49.677639, 48.050503
0.995243, 40.899127, 49.602120, 48.037013
0.994944, 40.963473, 49.504517, 47.940812
0.994978, 40.977073, 49.550687, 48.144418
0.994455, 40.576663, 49.342072, 47.888434
0.994411, 40.446426, 49.392669, 47.683333
0.993499, 40.143599, 49.181588, 47.483529
0.992435, 39.376783, 48.686324, 46.978059
