ms-ssim, psnr-y, psnr-u, psnr-v
0.995636, 37.786964, 46.384755, 45.259571
0.995058, 37.225699, 46.768090, 45.307643
0.994749, 36.905748, 46.908388, 45.171091
0.995260, 37.234451, 46.641096, 45.090195
0.995113, 37.225617, 46.999743, 45.090027
0.995495, 37.464475, 46.778656, 45.341211
0.995685, 37.868062, 47.109415, 45.690725
0.996107, 38.400072, 47.586178, 45.866681
0.996149, 38.417443, 47.586328, 45.927737
0.996195, 38.743142, 47.543372, 45.964210
0.997845, 41.266044, 48.059185, 46.488392
0.997914, 41.556332, 48.599342, 47.108072
0.998170, 41.789022, 48.601425, 47.192122
0.998109, 41.871953, 49.225745, 47.947648
0.998377, 42.405287, 49.545507, 48.498506
0.998451, 42.759451, 49.641399, 48.860266
0.998748, 43.339080, 49.492411, 48.611472
0.998669, 43.169504, 49.808164, 48.566722
0.998709, 43.449753, 50.121999, 48.683429
0.998964, 44.130115, 50.094138, 48.397790
0.998953, 44.122209, 50.032099, 48.440643
0.998929, 43.959607, 50.052681, 48.348741
0.998931, 44.041861, 49.733064, 48.128256
0.998951, 44.001984, 49.403588, 48.150388
0.998894, 43.481673, 48.796422, 47.878963
0.998884, 43.466787, 48.779225, 47.838586
0.998928, 43.463319, 48.843817, 48.390749
0.998974, 43.557417, 48.982152, 48.248257
0.999002, 43.493748, 49.324814, 47.937072
0.998972, 43.390911, 49.445702, 48.343920
0.998980, 43.424614, 49.418419, 48.317411
0.998963, 43.200979, 49.242174, 48.074756
0.998799, 42.905854, 49.210468, 47.887630
0.998987, 43.415525, 49.339378, 48.048168
0.998947, 43.404767, 48.972035, 47.888594
0.998914, 43.337854, 48.858056, 47.741040
0.998940, 43.496772, 48.825036, 47.809454
0.998940, 43.496071, 48.787519, 47.809928
0.998985, 43.804410, 49.027032, 47.883616
0.998964, 43.974361, 49.364813, 48.160983
0.998951, 43.801478, 49.514085, 48.082479
0.999049, 43.888642, 49.464372, 48.170575
0.999023, 43.847827, 49.458370, 48.599531
0.999098, 43.875882, 49.309854, 48.654388
0.999042, 43.455713, 49.382004, 48.527637
0.999088, 43.859218, 49.629626, 48.497952
0.999108, 43.777294, 49.596878, 48.522241
0.999145, 43.843029, 49.617646, 48.474717
0.999137, 43.787642, 49.738965, 48.123673
0.999136, 43.777762, 49.808664, 48.191717
0.999050, 43.446068, 49.988620, 48.357325
0.999026, 43.471709, 49.876959, 48.406472
0.999045, 43.695725, 49.716876, 48.672251
0.999156, 44.152695, 49.814669, 48.716941
0.999095, 43.880684, 49.708316, 48.845419
0.999214, 44.298900, 49.774543, 49.174235
0.999233, 44.375992, 50.069376, 49.089509
0.999130, 44.145053, 50.082938, 49.157200
0.999231, 44.609035, 50.316565, 49.180289
0.999261, 44.782912, 50.263767, 49.258444
0.999217, 44.640450, 50.356377, 49.169701
0.999282, 44.997587, 50.645466, 49.701724
0.999205, 44.413984, 50.567348, 49.132308
0.999190, 44.230327, 50.800389, 49.265058
0.999158, 43.966131, 50.567646, 49.012645
0.999325, 45.334579, 51.074000, 49.826955
0.999316, 45.341457, 51.014513, 49.692464
0.999210, 44.878073, 51.208570, 49.745614
0.999229, 45.011401, 51.135330, 49.708316
0.999296, 45.035389, 51.311954, 49.859468
0.999268, 45.141325, 51.124146, 49.478948
0.999251, 45.134842, 51.132616, 49.525783
0.999233, 44.783148, 51.104894, 49.608563
0.999310, 45.036701, 51.245658, 49.779259
0.999273, 44.993253, 50.974104, 49.570998
0.999238, 44.762172, 50.976394, 49.633227
0.999189, 44.514467, 51.018145, 49.541743
0.999295, 45.049052, 50.818019, 49.555874
0.999293, 45.103694, 50.706528, 49.466682
0.999262, 44.757149, 50.723471, 49.377700
0.999286, 45.061878, 50.573605, 49.335789
0.999312, 44.854317, 50.809510, 49.490319
0.999300, 45.283827, 50.513783, 49.153543
0.999253, 44.952912, 50.443184, 49.029539
0.999211, 44.645607, 50.290784, 48.929962
0.999263, 44.639176, 50.662172, 49.314761
0.999297, 44.953300, 50.414342, 49.315653
0.999301, 44.760764, 50.649409, 49.455834
0.999277, 44.686581, 50.623692, 49.457678
0.999184, 44.655232, 50.414055, 48.923432
0.999175, 44.637751, 50.383693, 48.899434
0.999181, 44.770550, 50.438845, 49.241515
0.999171, 44.450180, 50.283526, 49.052797
0.999170, 44.325277, 50.136805, 48.960296
0.999299, 45.245383, 50.560802, 49.244588
0.999308, 45.246760, 50.509374, 49.174668
0.999233, 44.558096, 50.702840, 49.183536
0.999185, 44.795665, 50.094940, 48.818064
0.999180, 44.496567, 50.429893, 48.910400
0.999191, 44.647892, 50.606231, 49.170996
0.999142, 44.607412, 50.435667, 48.579138
0.999182, 44.942564, 50.439135, 49.208072
0.999193, 45.148544, 50.544184, 49.495202
0.999289, 45.256480, 50.554563, 49.761662
0.999139, 44.851082, 50.376277, 49.454681
0.999145, 44.613455, 50.554266, 49.481498
0.999208, 44.901537, 50.522321, 49.197198
0.999203, 44.882595, 50.535307, 49.210685
0.999145, 44.754376, 50.927593, 49.298056
0.999114, 44.704010, 51.020458, 49.313422
0.999218, 45.248794, 51.000344, 49.789702
0.999047, 44.711658, 50.876775, 49.565084
0.999127, 44.983447, 50.942500, 49.565084
0.999074, 44.761702, 50.754137, 49.386312
0.999190, 45.135439, 50.808880, 49.560595
0.999122, 44.951318, 50.680471, 49.396988
0.999117, 45.125668, 50.675889, 49.363007
0.999135, 44.703701, 51.085056, 49.755976
0.999101, 45.398526, 51.188941, 49.637552
0.999103, 45.396919, 51.117719, 49.554695
0.999061, 45.564060, 51.029391, 49.409971
0.999075, 44.933725, 50.958762, 49.527892
0.998994, 45.361706, 51.188941, 49.629866
0.998989, 45.478463, 51.421119, 49.733309
0.999116, 45.449682, 51.514913, 49.667219
0.998997, 45.912953, 51.439644, 49.752766
0.998979, 45.859650, 51.242527, 49.630106
0.999131, 45.854592, 51.250186, 50.024735
0.999019, 45.736056, 51.040667, 49.614775
0.999024, 45.839302, 51.054635, 49.675214
0.999197, 46.227404, 50.968222, 49.803167
0.999168, 46.218015, 50.905005, 49.842047
0.999129, 46.473025, 51.645753, 50.376277
0.999210, 46.350931, 51.436733, 50.257385
0.999192, 46.171910, 51.540544, 50.361769
0.999181, 46.584614, 51.281311, 49.869346
0.999181, 46.550295, 51.217553, 49.845828
0.999048, 46.042917, 51.331082, 50.062743
0.999211, 46.509016, 51.456055, 49.989662
0.999093, 46.760709, 51.461539, 50.236641
0.999036, 46.295655, 51.548002, 50.233882
0.999113, 46.602174, 51.493485, 50.127108
0.999207, 46.864881, 51.484281, 49.792193
0.998631, 46.524336, 51.108602, 49.551866
0.998847, 46.774519, 51.532727, 49.853401
0.998786, 46.341074, 51.744193, 49.768841
0.998993, 46.664429, 50.957459, 49.635149
0.998912, 46.795146, 50.695473, 49.551159
0.998940, 46.820863, 50.697313, 49.506149
0.998671, 45.927405, 49.965745, 49.087391
0.998532, 45.242892, 49.185702, 48.321848
0.998358, 44.558302, 48.899840, 48.107250
0.998207, 44.138374, 48.479685, 47.684713
0.997833, 44.087731, 47.959229, 47.583930
0.997854, 43.895701, 47.776287, 47.725071
0.997736, 44.198365, 48.081975, 47.857531
0.997739, 44.063037, 47.923444, 47.573008
0.997603, 44.248376, 48.171775, 47.779577
0.997506, 44.394587, 48.434807, 47.771592
0.998340, 46.631099, 49.565084, 48.953103
0.998341, 46.646012, 49.525081, 48.946537
0.997791, 46.075450, 49.201327, 48.856650
0.997736, 46.347380, 49.681523, 48.960501
0.997987, 47.037854, 49.435135, 49.065421
0.997864, 47.015355, 50.020269, 49.265279
0.997973, 46.964983, 50.380839, 49.534695
0.997939, 47.052244, 50.333462, 49.644528
0.998243, 47.226030, 50.749166, 49.952027
0.998282, 47.265388, 51.065976, 50.278508
0.998537, 47.264135, 51.592264, 50.466105
0.998568, 47.411055, 52.628424, 51.092443
0.998738, 47.271100, 52.952775, 51.358862
0.998740, 47.232450, 52.955355, 51.265896
0.998586, 46.792929, 53.340377, 50.845234
0.998720, 46.940758, 53.509402, 51.161882
0.998787, 46.808220, 53.918525, 51.871772
0.998830, 47.773508, 53.675517, 51.719664
0.998800, 47.763426, 53.625855, 51.624810
0.998783, 47.551766, 53.856486, 51.975123
0.998976, 48.166590, 54.039360, 51.948440
0.998843, 47.728787, 54.010315, 52.154607
0.998865, 47.738517, 53.938540, 51.966073
0.998834, 47.304123, 53.421769, 51.675243
0.998913, 47.423381, 53.214776, 51.438916
0.998880, 47.327396, 53.490683, 51.786961
0.998935, 47.218518, 53.281570, 51.504555
0.998946, 47.335736, 53.618034, 51.526410
0.998854, 46.699360, 53.535864, 51.576834
0.998833, 46.674715, 53.415453, 51.204430
0.998824, 46.670828, 53.345455, 51.121438
0.998830, 46.472445, 53.235092, 51.188254
0.998804, 46.295822, 53.240048, 51.374612
0.998803, 46.002553, 53.165210, 51.299953
0.998758, 45.802517, 53.111387, 51.208570
0.998942, 46.516626, 52.991628, 51.057968
0.998836, 45.815309, 53.297174, 51.271495
0.998804, 45.542824, 53.459855, 51.606237
0.998836, 45.489894, 53.279346, 51.541289
0.998998, 46.131942, 53.095369, 51.582473
0.998826, 45.312103, 53.093238, 51.719276
0.998857, 45.822718, 53.033984, 51.359577
0.998835, 45.825540, 52.990067, 51.269744
0.998887, 45.852128, 53.038189, 51.353863
0.998854, 45.878297, 52.922454, 51.407006
0.998881, 45.773539, 52.771467, 51.344594
0.998817, 45.658224, 52.870021, 50.951274
0.998956, 46.145475, 52.873564, 51.247748
0.999005, 46.392036, 52.934762, 51.292557
0.998937, 46.225322, 53.057694, 51.033368
0.998922, 46.108761, 53.346584, 51.101525
0.998948, 46.091702, 53.254950, 51.070321
0.999028, 46.418874, 53.492434, 51.404478
0.998883, 45.811099, 52.837255, 50.971489
0.998920, 46.030905, 53.060336, 51.123469
0.998908, 45.894334, 52.939387, 50.952250
0.999025, 46.279233, 53.165210, 51.226208
0.998880, 45.219927, 52.725218, 50.826229
0.998885, 45.402581, 52.886751, 50.888622
0.998875, 45.395018, 52.884212, 50.837305
0.999013, 45.875592, 52.504804, 50.997384
0.998928, 45.554473, 52.875590, 50.980649
0.998938, 45.873066, 53.346019, 51.063639
0.998905, 45.872182, 53.093238, 51.405200
0.999056, 46.543275, 53.208207, 51.317966
0.999008, 46.379502, 53.358458, 51.359934
0.998976, 46.070901, 53.472625, 51.219975
0.998996, 46.486792, 53.759777, 51.725492
0.999148, 46.972329, 53.845071, 51.721994
0.999022, 46.177839, 53.576159, 51.557716
0.999044, 46.684995, 53.888354, 51.580216
0.999039, 46.683777, 53.846338, 51.591133
0.999155, 47.196436, 54.073939, 51.801971
0.999066, 46.625750, 53.734388, 51.709969
0.999091, 46.560166, 53.699950, 51.664496
0.999115, 47.068578, 53.725753, 51.595282
0.999170, 47.122260, 53.881962, 51.874588
0.999116, 47.050256, 53.780944, 51.602078
0.999139, 47.096374, 53.931427, 51.634698
0.999119, 47.330928, 53.809747, 51.535704
0.999172, 47.132273, 53.921102, 51.744193
0.999138, 47.080168, 53.800960, 51.673322
0.999081, 46.947772, 53.636708, 51.468129
0.999048, 46.949487, 53.461594, 51.366014
0.999128, 47.200754, 53.769102, 51.710743
0.999148, 47.392703, 53.480771, 51.609642
0.999185, 47.182175, 53.759777, 51.738340
0.999122, 47.292445, 53.409720, 51.218245
0.999110, 47.288489, 53.389713, 51.286227
0.999066, 46.539622, 53.710990, 51.376047
0.999181, 47.270159, 53.979502, 51.819813
0.999454, 48.387368, 54.962015, 53.136063
0.999207, 47.229377, 54.778376, 52.976045
0.999165, 46.931466, 54.884083, 52.588406
0.999072, 46.609231, 54.468548, 52.152891
0.999198, 47.118422, 54.590140, 52.351249
0.999141, 46.735991, 54.406121, 52.003628
0.999115, 46.986341, 54.297230, 52.035244
0.999109, 46.684903, 53.761019, 51.754356
0.999185, 46.956061, 54.020854, 51.991625
0.999178, 46.957261, 53.872391, 51.869762
0.999116, 46.707953, 53.786564, 51.719276
0.999141, 47.183917, 53.594056, 51.561458
0.999116, 46.717085, 53.779696, 51.544271
0.999073, 46.801897, 53.591665, 51.418220
0.999060, 46.663459, 53.598242, 51.407367
0.999032, 46.484756, 53.342069, 51.305243
0.999104, 46.685543, 53.528203, 51.216170
0.999056, 46.726174, 53.282683, 51.209606
0.999028, 46.248254, 53.013016, 51.088748
0.999107, 46.525774, 52.968275, 51.077682
0.999108, 46.658069, 52.831233, 50.967243
0.999113, 46.649333, 52.872552, 51.071658
0.999051, 46.284894, 52.923478, 51.033699
0.999148, 46.245667, 53.104972, 51.124823
0.999071, 46.149995, 53.147374, 51.100178
0.999098, 46.336181, 53.232891, 51.144843
0.999056, 46.257379, 53.196190, 50.848727
0.999044, 46.048752, 53.172799, 51.181732
0.998990, 46.191897, 53.102303, 51.007588
0.999035, 46.580540, 53.218064, 51.003306
0.999061, 46.723931, 53.428669, 51.121777
0.999111, 46.651115, 53.313395, 51.010554
0.999135, 46.803305, 53.314516, 50.904040
0.999121, 46.794677, 53.197281, 50.920158
0.999154, 46.722242, 53.406284, 51.067647
0.999128, 46.785568, 53.253845, 51.185507
0.999056, 46.514693, 53.247769, 51.113665
0.999138, 47.117211, 53.174427, 51.141443
0.999117, 47.099186, 53.191284, 51.251232
0.999043, 46.909575, 53.414880, 51.320799
0.999064, 46.851983, 53.587485, 51.428737
0.999061, 47.111497, 53.949555, 51.457517
0.999150, 47.398764, 53.698113, 51.471428
0.999048, 46.892326, 53.226295, 51.279206
0.999104, 46.630227, 53.028732, 50.802589
0.999001, 46.344479, 52.556748, 50.631542
0.999088, 46.285311, 52.189940, 50.494708
0.999009, 46.288284, 52.446583, 50.646072
0.998953, 46.194697, 52.194702, 50.454774
0.998818, 45.075499, 51.631653, 50.148957
