ms-ssim, psnr-y, psnr-u, psnr-v
0.997289, 36.090172, 42.963522, 43.092779
0.997163, 36.040855, 42.983021, 43.074382
0.997122, 36.012538, 42.911323, 42.976274
0.997128, 36.012758, 42.910439, 42.971445
0.996967, 35.921381, 42.932091, 42.949161
0.997067, 35.995268, 42.927424, 42.996038
0.997086, 36.000639, 42.934346, 42.971307
0.997087, 35.988757, 42.884116, 42.951105
0.997095, 35.993365, 42.928790, 42.948384
0.997028, 35.922723, 42.905252, 42.923990
0.997019, 35.905910, 42.877656, 42.816569
0.996796, 35.707476, 42.826605, 42.698576
0.996643, 35.658685, 42.748615, 42.610145
0.996657, 35.670055, 42.764693, 42.607502
0.996113, 35.342826, 42.678699, 42.509011
0.995806, 35.194256, 42.681816, 42.485294
0.995782, 35.172874, 42.615838, 42.412018
0.996344, 35.475242, 42.792196, 42.597453
0.996383, 35.533888, 42.801845, 42.598191
0.996605, 35.673177, 42.795594, 42.589552
0.996677, 35.710258, 42.796808, 42.578641
0.995944, 34.184718, 42.842953, 42.530097
0.996128, 34.390862, 42.760903, 42.382376
0.996448, 34.516473, 43.216141, 43.145449
0.996070, 34.352603, 43.266400, 43.056860
0.996379, 33.960887, 43.323924, 43.102764
0.996207, 34.047002, 43.489361, 43.115100
0.996874, 34.631076, 44.054711, 43.888057
0.996658, 34.453475, 44.555988, 44.321064
0.997137, 35.202081, 45.116811, 44.869259
0.996834, 34.649422, 45.194531, 44.971246
0.997107, 35.260260, 45.779993, 45.487586
0.997660, 35.952607, 46.188648, 45.713584
0.997219, 35.566771, 46.348831, 46.031653
0.997485, 36.053956, 46.189902, 45.784032
0.997231, 35.648226, 46.616264, 46.452863
0.997967, 36.746783, 47.084403, 46.761232
0.997736, 36.208474, 47.009562, 46.623612
0.997716, 36.218278, 46.954466, 46.594772
0.997728, 36.412549, 46.930437, 46.698703
0.997671, 36.390855, 46.856887, 46.599963
0.997660, 36.360246, 46.717177, 46.503366
0.997622, 36.283160, 46.424927, 46.156754
0.997610, 36.271987, 46.392014, 46.191011
0.997553, 36.222172, 46.397980, 46.098283
0.997535, 36.235291, 46.060812, 45.732988
0.997570, 36.220651, 46.072625, 45.774204
0.997511, 36.134665, 45.770306, 45.453954
0.997420, 36.033317, 46.177959, 45.488243
0.997477, 36.083330, 45.802607, 45.293866
0.997518, 36.220220, 45.677477, 45.395848
0.997448, 36.311901, 46.061374, 45.304866
0.997488, 36.437527, 45.945421, 45.328254
0.997653, 36.577855, 45.885797, 45.385377
0.997551, 36.439763, 45.793265, 45.501393
0.997596, 36.560606, 45.870984, 45.340372
0.997660, 36.636167, 46.008835, 45.595623
0.997659, 36.579716, 46.022548, 45.405337
0.997807, 36.693075, 46.258976, 45.821261
0.997931, 36.783912, 46.524149, 46.056648
0.997924, 36.735247, 46.304092, 45.888360
0.997975, 36.800078, 46.592020, 46.177574
0.998067, 36.828515, 46.802794, 46.517332
0.998044, 36.865738, 46.690524, 46.373663
0.998079, 36.857673, 47.019241, 46.624785
0.998125, 36.901090, 46.927807, 46.465177
0.998152, 36.921787, 47.085767, 46.566753
0.998129, 36.939783, 47.022394, 46.493994
0.998158, 36.961530, 47.041772, 46.503677
0.998168, 36.940845, 47.011717, 46.455835
0.998193, 36.986878, 47.133805, 46.546079
0.998198, 36.990171, 47.120401, 46.527692
0.998200, 36.977077, 47.124167, 46.523003
0.998201, 36.979605, 47.114908, 46.509954
0.998290, 37.099749, 47.274195, 46.578234
0.998305, 37.099917, 47.294359, 46.598426
0.998307, 37.108371, 47.306316, 46.603462
0.998312, 37.104150, 47.300022, 46.617967
0.998355, 37.135923, 47.429142, 46.696372
0.998362, 37.137481, 47.435754, 46.690199
0.998363, 37.139782, 47.438325, 46.704020
0.998364, 37.138210, 47.453136, 46.715870
0.998404, 37.178468, 47.546306, 46.806350
0.998414, 37.180215, 47.538471, 46.800407
0.998414, 37.180606, 47.551912, 46.798409
0.998413, 37.177565, 47.566387, 46.806461
0.998430, 37.190677, 47.609304, 46.927350
0.998436, 37.192744, 47.627933, 46.937191
0.998435, 37.192840, 47.646102, 46.946308
0.998435, 37.192150, 47.659137, 46.938165
0.998461, 37.225134, 47.716397, 46.981001
0.998469, 37.228062, 47.719962, 46.989688
0.998468, 37.231310, 47.733083, 47.001357
0.998465, 37.229169, 47.734115, 47.006476
0.998524, 37.254490, 47.806841, 47.032102
0.998532, 37.256545, 47.822123, 47.056466
0.998535, 37.259064, 47.821912, 47.071446
0.998538, 37.260005, 47.802434, 47.079192
0.998556, 37.271977, 47.870496, 47.125363
0.998558, 37.274516, 47.874190, 47.129912
0.998558, 37.276749, 47.880306, 47.126260
0.998561, 37.277041, 47.899494, 47.127278
0.998566, 37.287067, 47.926673, 47.137343
0.998566, 37.288993, 47.930199, 47.141063
0.998567, 37.289047, 47.915393, 47.132008
0.998570, 37.256109, 47.818403, 47.167438
0.998583, 37.217589, 47.645967, 46.869952
0.998585, 37.282579, 47.920132, 47.118788
0.998586, 37.283028, 47.920132, 47.116161
0.998585, 37.281345, 47.930919, 47.119206
0.998590, 37.285464, 47.927464, 47.117236
0.998591, 37.284592, 47.938847, 47.122852
0.998590, 37.282976, 47.935386, 47.126320
0.998589, 37.279611, 47.948452, 47.129732
0.998581, 37.158829, 47.951779, 47.071801
0.998576, 37.068365, 47.950983, 47.064127
0.998576, 37.113744, 47.948741, 47.002636
0.998589, 37.092866, 48.077300, 47.364323
0.998687, 37.928112, 48.559821, 48.009684
0.998591, 37.694244, 48.820412, 48.278972
0.998648, 38.100859, 48.810790, 48.283031
0.998512, 37.170655, 48.824037, 47.966782
0.998534, 37.550473, 48.460348, 48.184135
0.998367, 36.975047, 48.391992, 47.762976
0.998161, 37.309651, 47.586030, 47.119027
0.998245, 37.934953, 48.916468, 48.215697
0.997973, 38.410480, 48.578337, 48.079088
0.997666, 38.739621, 49.162653, 48.455389
0.997948, 39.818434, 50.034155, 49.500158
0.997584, 40.197175, 50.119483, 49.515169
0.997140, 40.738924, 50.392228, 49.536168
0.996861, 42.220815, 52.070986, 50.797521
0.997107, 43.567367, 53.685151, 52.438813
0.997234, 46.337428, 56.690578, 55.225048
0.999405, 54.102744, 60.000000, 60.000000
0.999799, 55.777470, 60.000000, 60.000000
0.999802, 55.787349, 60.000000, 60.000000
0.999803, 55.795489, 60.000000, 60.000000
0.999802, 55.784163, 60.000000, 60.000000
0.999762, 55.389045, 60.000000, 60.000000
0.999755, 53.868572, 60.000000, 60.000000
0.999783, 53.812491, 60.000000, 60.000000
0.999776, 52.624911, 60.000000, 60.000000
0.999788, 52.047326, 60.000000, 60.000000
0.999768, 51.197451, 60.000000, 60.000000
0.999776, 51.212026, 60.000000, 60.000000
0.999772, 50.414655, 60.000000, 60.000000
0.999742, 49.916868, 60.000000, 60.000000
0.999769, 49.472806, 60.000000, 60.000000
0.999774, 49.491150, 60.000000, 60.000000
0.999771, 49.487903, 60.000000, 60.000000
0.999749, 49.453695, 60.000000, 60.000000
0.999779, 49.503828, 60.000000, 60.000000
0.999798, 49.512292, 60.000000, 60.000000
0.999963, 49.990780, 60.000000, 60.000000
0.999961, 49.989074, 60.000000, 60.000000
0.999964, 50.005790, 60.000000, 60.000000
0.999964, 50.047791, 60.000000, 60.000000
0.999964, 50.045974, 60.000000, 60.000000
0.999964, 50.032811, 60.000000, 60.000000
0.999966, 50.054126, 60.000000, 60.000000
0.999966, 50.057327, 60.000000, 60.000000
0.999965, 50.050342, 60.000000, 60.000000
0.999965, 50.036434, 60.000000, 60.000000
0.999966, 50.051075, 60.000000, 60.000000
0.999966, 50.067355, 60.000000, 60.000000
0.999966, 50.060559, 60.000000, 60.000000
0.999966, 50.052835, 60.000000, 60.000000
0.999967, 50.054508, 60.000000, 60.000000
0.999967, 50.056886, 60.000000, 60.000000
0.999967, 50.052102, 60.000000, 60.000000
0.999966, 50.042197, 60.000000, 60.000000
0.999967, 50.042284, 60.000000, 60.000000
0.999967, 50.042050, 60.000000, 60.000000
0.999967, 50.032635, 60.000000, 60.000000
0.999967, 50.019017, 60.000000, 60.000000
0.999968, 50.020677, 60.000000, 60.000000
0.999968, 50.020910, 60.000000, 60.000000
0.999967, 50.014419, 60.000000, 60.000000
0.999967, 50.001786, 60.000000, 60.000000
0.999968, 50.015699, 60.000000, 60.000000
0.999968, 50.024961, 60.000000, 60.000000
0.999968, 50.017358, 60.000000, 60.000000
0.999967, 50.015961, 60.000000, 60.000000
0.999968, 50.015699, 60.000000, 60.000000
0.999968, 50.035791, 60.000000, 60.000000
0.999968, 50.041816, 60.000000, 60.000000
0.999968, 50.040148, 60.000000, 60.000000
0.999968, 50.046297, 60.000000, 60.000000
0.999968, 50.044422, 60.000000, 60.000000
0.999968, 50.047029, 60.000000, 60.000000
0.999968, 50.046531, 60.000000, 60.000000
0.999968, 50.053481, 60.000000, 60.000000
0.999968, 50.062206, 60.000000, 60.000000
0.999968, 50.061794, 60.000000, 60.000000
0.999968, 50.070742, 60.000000, 60.000000
0.999969, 50.081657, 60.000000, 60.000000
0.999969, 50.094378, 60.000000, 60.000000
0.999969, 50.097222, 60.000000, 60.000000
0.999969, 50.103007, 60.000000, 60.000000
0.999969, 50.107284, 60.000000, 60.000000
0.999969, 50.109750, 60.000000, 60.000000
0.999969, 50.094703, 60.000000, 60.000000
0.999969, 50.077937, 60.000000, 60.000000
0.999969, 50.082869, 60.000000, 60.000000
0.999969, 50.081746, 60.000000, 60.000000
0.999969, 50.082366, 60.000000, 60.000000
0.999969, 50.083016, 60.000000, 60.000000
0.999969, 50.084376, 60.000000, 60.000000
0.999969, 50.086268, 60.000000, 60.000000
0.999969, 50.087273, 60.000000, 60.000000
0.999969, 50.085617, 60.000000, 60.000000
0.999969, 50.085440, 60.000000, 60.000000
0.999969, 50.087747, 60.000000, 60.000000
0.999969, 50.087510, 60.000000, 60.000000
0.999969, 50.087717, 60.000000, 60.000000
0.999969, 50.084021, 60.000000, 60.000000
0.999969, 50.083607, 60.000000, 60.000000
0.999969, 50.082307, 60.000000, 60.000000
0.999969, 50.080092, 60.000000, 60.000000
0.999968, 52.187607, 60.000000, 60.000000
0.999968, 52.928277, 60.000000, 60.000000
0.999963, 53.454812, 60.000000, 60.000000
0.999968, 56.252733, 60.000000, 60.000000
0.999982, 57.509425, 60.000000, 60.000000
0.999991, 57.601220, 60.000000, 60.000000
0.999991, 57.604559, 60.000000, 60.000000
0.999991, 57.596551, 60.000000, 60.000000
0.999991, 57.613251, 60.000000, 60.000000
0.999991, 57.602722, 60.000000, 60.000000
0.999991, 57.604893, 60.000000, 60.000000
0.999991, 57.596551, 60.000000, 60.000000
0.999991, 57.598718, 60.000000, 60.000000
0.999991, 57.627160, 60.000000, 60.000000
0.999991, 57.661200, 60.000000, 60.000000
0.999991, 57.675265, 60.000000, 60.000000
0.999991, 57.693123, 60.000000, 60.000000
0.999991, 57.689716, 60.000000, 60.000000
0.999991, 57.689716, 60.000000, 60.000000
0.999991, 57.693634, 60.000000, 60.000000
0.999991, 57.695509, 60.000000, 60.000000
0.999991, 57.705924, 60.000000, 60.000000
0.999991, 57.699262, 60.000000, 60.000000
0.999991, 57.712766, 60.000000, 60.000000
0.999995, 57.723908, 60.000000, 60.000000
0.999995, 57.733703, 60.000000, 60.000000
0.999995, 57.668990, 60.000000, 60.000000
0.999995, 57.673398, 60.000000, 60.000000
0.999995, 57.677472, 60.000000, 60.000000
0.999995, 57.681719, 60.000000, 60.000000
0.999996, 57.703360, 60.000000, 60.000000
0.999995, 57.696703, 60.000000, 60.000000
0.999995, 57.698239, 60.000000, 60.000000
0.999995, 57.698239, 60.000000, 60.000000
0.999995, 57.699092, 60.000000, 60.000000
0.999995, 57.698239, 60.000000, 60.000000
0.999995, 57.698239, 60.000000, 60.000000
0.999995, 57.698239, 60.000000, 60.000000
0.999995, 57.699092, 60.000000, 60.000000
0.999995, 57.698239, 60.000000, 60.000000
0.999995, 57.698239, 60.000000, 60.000000
0.999995, 57.698239, 60.000000, 60.000000
0.999995, 57.699092, 60.000000, 60.000000
0.999995, 57.698239, 60.000000, 60.000000
0.999972, 55.962023, 60.000000, 60.000000
0.999955, 55.925342, 60.000000, 60.000000
0.999957, 55.834083, 60.000000, 60.000000
0.999958, 55.846653, 60.000000, 60.000000
0.999956, 55.696117, 60.000000, 60.000000
0.999953, 55.529965, 60.000000, 60.000000
0.999957, 55.703763, 60.000000, 60.000000
0.999954, 55.515697, 60.000000, 60.000000
0.999956, 55.661712, 60.000000, 60.000000
0.999956, 55.749166, 60.000000, 60.000000
0.999958, 55.604338, 60.000000, 60.000000
0.999932, 56.790760, 60.000000, 60.000000
0.999901, 56.853795, 60.000000, 60.000000
0.999892, 56.704400, 60.000000, 60.000000
0.999857, 56.034467, 60.000000, 60.000000
0.999811, 52.854102, 60.000000, 60.000000
0.999747, 51.538692, 60.000000, 60.000000
0.999761, 50.369507, 60.000000, 60.000000
0.999768, 50.033541, 60.000000, 60.000000
0.999749, 49.556641, 60.000000, 60.000000
0.999719, 48.073913, 60.000000, 60.000000
0.999718, 48.069060, 60.000000, 60.000000
0.999717, 48.067090, 60.000000, 60.000000
0.999717, 48.067313, 60.000000, 60.000000
0.999688, 47.235831, 60.000000, 60.000000
0.999688, 47.234405, 60.000000, 60.000000
0.999688, 47.235156, 60.000000, 60.000000
0.999679, 46.673389, 60.000000, 60.000000
0.999679, 46.673470, 60.000000, 60.000000
0.999679, 46.672810, 60.000000, 60.000000
0.999679, 46.673686, 60.000000, 60.000000
0.999679, 46.672796, 60.000000, 60.000000
0.999679, 46.672756, 60.000000, 60.000000
0.999679, 46.672298, 60.000000, 60.000000
0.999679, 46.669900, 60.000000, 60.000000
0.999436, 41.622684, 60.000000, 60.000000
