ms-ssim, psnr-y, psnr-u, psnr-v
0.977720, 32.115354, 40.116359, 42.302047
0.974161, 31.742621, 40.309180, 42.330688
0.971983, 31.629917, 40.470354, 42.627324
0.969483, 31.316113, 40.420527, 42.617287
0.971220, 31.609774, 40.443676, 42.520789
0.969972, 31.605926, 40.524886, 42.788715
0.971824, 31.783118, 40.665461, 42.872906
0.971721, 31.787884, 40.646800, 42.935173
0.975361, 32.114522, 40.540305, 42.777555
0.971139, 31.804207, 40.430239, 42.755125
0.966791, 31.397594, 40.153935, 42.689298
0.962434, 31.092401, 40.136562, 42.566552
0.956883, 30.756706, 40.113514, 42.603798
0.961665, 30.915049, 40.122429, 42.781867
0.965666, 31.161888, 40.246060, 42.722136
0.966177, 31.272473, 40.215198, 42.864762
0.969463, 31.653839, 40.320024, 42.780033
0.970177, 31.809180, 40.606411, 43.169707
0.974602, 32.330330, 40.918221, 43.303655
0.976887, 32.633880, 40.909674, 43.180890
0.980479, 33.396995, 41.079223, 43.249646
0.979740, 33.273274, 41.259954, 43.410064
0.979673, 33.286957, 41.394524, 43.496466
0.980789, 33.292063, 41.382508, 43.373603
0.983467, 33.973930, 41.363868, 43.496816
0.980515, 33.345809, 41.282680, 43.596567
0.982292, 33.716874, 41.403611, 43.738342
0.981000, 33.511267, 41.363975, 43.735068
0.984000, 34.417304, 41.473592, 43.845007
0.981950, 34.106345, 41.355148, 43.897960
0.981324, 34.136211, 41.329059, 44.070936
0.980603, 34.044304, 41.408596, 44.080821
0.982534, 34.468963, 41.499053, 44.146513
0.979666, 34.028792, 41.249106, 44.021712
0.980972, 34.140644, 41.454046, 44.261880
0.979945, 33.862671, 41.236895, 43.925100
0.982560, 34.451094, 41.309162, 43.983162
0.979840, 33.894394, 41.443212, 44.046917
0.981295, 33.970385, 41.413152, 43.982835
0.981501, 33.998866, 41.476271, 44.069668
0.983212, 34.414666, 41.310575, 44.076610
0.982745, 34.283698, 41.470695, 44.088518
0.983459, 34.327997, 41.473922, 44.094484
0.982046, 33.786172, 41.325760, 44.227300
0.983531, 34.007753, 41.432660, 44.298003
0.984297, 33.899618, 41.411705, 44.092740
0.985358, 34.451595, 41.614490, 44.195738
0.983728, 33.897326, 41.632604, 43.970822
0.984879, 34.311719, 41.752908, 44.123222
0.984894, 34.289999, 41.814889, 44.053225
0.986325, 34.889300, 41.711596, 43.957412
0.983608, 34.361213, 41.870325, 44.075942
0.983143, 34.362909, 41.880829, 44.167541
0.982645, 34.212672, 41.699792, 43.989247
0.983773, 34.564776, 41.690797, 44.054488
0.980676, 33.876711, 41.578525, 44.002755
0.980566, 34.038044, 41.624810, 43.936922
0.979310, 33.590026, 41.429463, 43.667545
0.984488, 34.472412, 41.242074, 43.572172
0.982424, 33.935368, 41.356969, 43.637976
0.981776, 33.823545, 41.346803, 43.537752
0.981252, 33.692977, 41.353114, 43.558929
0.983444, 33.961361, 41.280890, 43.467919
0.980767, 33.236465, 41.108333, 43.162936
0.982615, 33.451169, 41.241205, 43.202140
0.981502, 33.115439, 41.160312, 43.325910
0.983951, 33.551228, 41.255416, 43.355968
0.981126, 33.218182, 41.295619, 43.492376
0.982213, 33.615133, 41.435932, 43.408746
0.983260, 33.879390, 41.590907, 43.614368
0.984716, 34.493897, 41.812033, 43.585993
0.982237, 34.170904, 41.781326, 43.592323
0.981085, 34.281275, 41.922489, 43.755122
0.980938, 34.094306, 41.645257, 43.466003
0.983137, 34.484303, 41.743607, 43.512159
0.980716, 33.983783, 41.515395, 43.608906
0.983173, 34.331251, 41.740173, 43.782442
0.979551, 33.706288, 41.663500, 43.589157
0.983387, 34.356415, 41.627204, 43.761578
0.978731, 33.427223, 41.512321, 43.576516
0.979944, 33.627671, 41.506255, 43.465190
0.978978, 33.332842, 41.361221, 43.525319
0.981401, 33.479060, 41.250848, 43.434773
0.978830, 32.667806, 41.184168, 43.325741
0.980770, 33.163480, 41.156320, 43.491091
0.979889, 32.795980, 41.134177, 43.330464
0.981573, 33.153629, 41.172823, 43.380654
0.977907, 32.563147, 41.067814, 43.454468
0.980245, 33.126587, 41.337051, 43.780133
0.978962, 33.034576, 41.276120, 43.768169
0.983234, 33.792946, 41.469705, 43.702952
0.979915, 33.288932, 41.610967, 43.722920
0.979052, 33.071649, 41.485568, 43.792004
0.978507, 32.810103, 41.257021, 43.421884
0.980562, 33.084642, 41.352222, 43.510223
0.979361, 32.698698, 41.591284, 43.566941
0.980704, 32.962415, 41.467433, 43.584561
0.979463, 32.697451, 41.414781, 43.378947
0.982955, 33.239093, 41.366515, 43.445678
0.980709, 32.723266, 41.182006, 43.491850
0.980697, 32.864905, 41.207983, 43.413905
0.979584, 32.726740, 41.128345, 43.419299
0.981973, 33.175307, 41.189251, 43.355741
0.981577, 33.129565, 41.038774, 42.976668
0.979388, 32.835473, 40.996529, 43.089936
0.977835, 32.832186, 41.084452, 43.241811
0.976956, 32.925702, 41.275103, 43.437021
0.980080, 33.220634, 41.154411, 43.429129
0.977052, 33.000686, 41.374791, 43.583846
0.978110, 33.131980, 41.367589, 43.536926
0.977148, 32.954119, 41.157650, 43.470126
0.978924, 33.337047, 41.100111, 43.392908
0.976122, 32.985770, 41.255451, 43.596807
0.977448, 33.071128, 41.293718, 43.494362
0.977322, 33.139851, 41.391463, 43.561598
0.980887, 33.598892, 41.254649, 43.527143
0.978859, 33.374154, 41.326328, 43.683992
0.977165, 32.964951, 41.261596, 43.628927
0.976919, 32.985399, 41.177378, 43.817166
0.977994, 33.263020, 41.357576, 43.810061
0.977162, 32.894233, 41.172549, 43.756921
0.979028, 33.131963, 41.344202, 43.982116
0.977518, 32.974862, 41.219214, 43.724952
0.981386, 33.748397, 41.236513, 43.896294
0.978725, 33.370929, 41.256777, 43.820440
0.976842, 33.231661, 41.444888, 43.915434
0.978854, 33.535028, 41.434005, 43.964568
0.975937, 33.198936, 41.373285, 43.669977
0.977882, 33.371196, 41.344737, 43.707000
0.977331, 33.335426, 41.545875, 43.715229
0.980048, 33.474144, 41.304784, 43.582593
0.976991, 32.828883, 41.364833, 43.578303
0.973923, 32.374254, 41.284401, 43.764251
0.975442, 32.420264, 41.135772, 43.351047
0.978065, 32.802627, 41.148416, 43.660437
0.975510, 32.188585, 41.275489, 43.863095
0.977375, 32.398256, 41.323173, 43.854137
0.976600, 32.344805, 41.382041, 43.894628
0.979077, 32.697739, 40.894879, 43.823527
0.975489, 32.000335, 40.959316, 43.978000
0.976541, 32.109109, 41.044853, 43.974605
0.976524, 32.210745, 40.914607, 43.739516
0.978988, 32.781992, 40.936142, 43.664810
0.977417, 32.807025, 41.178440, 43.815216
0.979080, 33.087201, 41.166939, 43.937504
0.977236, 32.777599, 41.402059, 43.828382
0.981743, 33.345133, 41.367518, 43.781880
0.979082, 32.950570, 41.325158, 43.855851
0.977707, 32.714179, 41.337940, 43.926132
0.976763, 32.722335, 41.512358, 44.003543
0.978970, 33.099881, 41.329059, 43.760771
0.979171, 33.312253, 41.416192, 43.785752
0.977558, 32.969886, 41.471648, 43.902322
0.978721, 33.018526, 41.267435, 43.922391
0.977431, 32.769253, 41.348941, 43.828761
0.978226, 32.927677, 41.218003, 43.797827
0.974646, 32.516855, 41.495438, 43.687716
0.975008, 32.669458, 41.390743, 43.757790
0.973814, 32.476161, 41.120728, 43.595670
0.975418, 32.840904, 41.097452, 43.762510
0.971817, 32.552707, 41.452037, 43.561598
0.975868, 32.919581, 41.541103, 43.881515
0.974501, 32.813538, 41.529010, 43.822140
0.978322, 33.328436, 41.447294, 43.828445
0.974570, 32.815130, 41.400364, 43.684297
0.973387, 32.526077, 41.253498, 43.449319
0.972661, 32.497967, 41.135330, 42.873970
0.986304, 34.855691, 42.290918, 43.927165
0.980029, 33.356696, 42.209410, 44.103751
0.972824, 32.409597, 41.964224, 43.861696
0.972196, 32.622366, 42.022362, 43.882153
0.970244, 32.232584, 41.593471, 43.585039
0.969544, 32.395028, 41.538756, 43.750099
0.969857, 32.424052, 41.705593, 43.495121
0.967758, 32.263404, 41.453498, 43.663898
0.969281, 32.386831, 41.399642, 43.566466
0.967125, 32.243295, 41.602116, 43.830717
0.968264, 32.496296, 41.439789, 43.678015
0.969059, 32.578151, 41.719858, 43.835960
0.970485, 32.837081, 41.484649, 43.597106
0.967219, 32.495924, 41.322181, 43.669308
0.969027, 32.604583, 41.300869, 43.406341
0.969080, 32.572603, 41.136043, 43.352743
0.969516, 32.681767, 41.197540, 43.287972
0.968119, 32.464297, 41.547479, 43.712279
0.967252, 32.458285, 41.617257, 43.794257
0.965182, 32.123085, 41.504186, 43.519733
0.973929, 33.252136, 41.830355, 43.517383
0.969796, 32.589131, 41.928025, 43.813580
0.967143, 32.506595, 42.115091, 44.067001
0.966107, 32.494190, 42.336188, 44.243375
0.967483, 32.573548, 41.835336, 44.164813
0.966018, 32.189286, 41.809694, 44.156232
0.965622, 32.498428, 41.815167, 44.176624
0.964737, 32.133263, 41.771335, 43.735191
0.966254, 32.484349, 41.489138, 43.648617
0.963854, 32.108393, 41.705903, 43.930587
0.966551, 32.459906, 41.557192, 43.561954
0.966587, 32.459612, 41.497246, 43.565338
0.971591, 32.935227, 41.479539, 43.624591
0.968087, 32.574569, 41.794341, 43.728712
0.964754, 32.406885, 41.744739, 43.948906
0.963232, 32.192720, 41.617182, 43.598302
0.967183, 32.516042, 41.585671, 43.657464
0.963549, 32.214952, 41.561795, 43.668883
0.967284, 32.723163, 41.600605, 43.724275
0.969085, 33.063443, 41.855879, 43.717688
0.972957, 33.351097, 41.601436, 43.413159
0.970971, 33.216086, 41.750210, 43.553062
0.970395, 33.193670, 41.626254, 43.618394
0.969825, 33.119061, 41.555472, 43.612687
0.973026, 33.590387, 41.494554, 43.410007
0.971018, 33.377769, 41.646287, 43.724459
0.972469, 33.493516, 41.618926, 43.758783
0.973174, 33.616222, 41.410042, 43.910673
0.974921, 33.946805, 41.378523, 43.717196
0.971756, 33.483213, 41.440335, 43.695419
0.974589, 33.827358, 41.558090, 43.677345
0.975194, 33.827447, 41.668255, 43.852170
0.976528, 34.006704, 41.760113, 43.893987
0.975174, 33.879285, 41.816159, 43.934206
0.975437, 34.000841, 42.038376, 44.189289
0.975059, 33.885412, 42.071299, 43.980939
0.976377, 34.085387, 42.015374, 43.887650
0.975063, 33.908442, 42.300138, 44.201510
0.973488, 33.934641, 42.202245, 44.094283
0.974483, 33.799236, 42.369473, 44.150928
0.977282, 34.293177, 42.289899, 44.076210
0.975679, 33.879465, 42.400107, 44.200478
0.972339, 33.478466, 42.310490, 44.093813
0.974666, 33.750846, 42.142522, 44.195601
0.974720, 33.676679, 42.082090, 43.989640
0.971208, 33.215185, 42.017245, 44.028908
0.973791, 33.403213, 41.912250, 43.926584
0.970136, 32.724065, 41.607220, 43.892450
0.974806, 33.244741, 41.768468, 44.132415
0.970110, 32.446215, 41.475574, 43.967564
0.974506, 32.859385, 41.764622, 44.055086
0.967282, 31.882502, 41.582510, 43.807674
0.976454, 32.956275, 41.511174, 43.866913
0.968382, 31.666358, 41.522030, 43.414249
0.972045, 31.848002, 41.119477, 43.554839
0.966834, 30.803237, 40.985204, 43.000327
0.972851, 31.799391, 41.121303, 43.025899
0.966145, 30.729555, 41.230854, 43.117489
0.970316, 31.300746, 41.273772, 43.342577
0.969694, 30.945628, 41.120085, 43.461130
0.975027, 31.887174, 41.557230, 43.670768
0.970489, 31.252183, 41.509065, 43.840070
0.973872, 32.169432, 41.717723, 43.720580
0.970874, 31.852979, 41.624012, 43.575028
0.976182, 33.097908, 41.720557, 43.817418
0.972464, 32.992586, 41.651100, 43.680331
0.974975, 33.404210, 41.583451, 43.767485
0.973562, 33.631230, 41.623177, 43.501495
0.976365, 33.788755, 41.535778, 43.360894
0.974331, 33.655126, 41.535890, 43.358742
0.975402, 33.875062, 41.465382, 43.356590
0.974076, 33.719122, 41.756274, 43.736056
0.971735, 33.387072, 41.719780, 43.691138
0.974237, 33.793390, 41.757958, 43.724767
0.969789, 33.231154, 41.824027, 43.639546
0.971055, 33.585459, 41.723548, 43.811380
0.970339, 33.537016, 41.886312, 43.875834
0.974876, 34.325959, 41.973229, 43.699337
0.971288, 34.078879, 42.074415, 43.979894
0.970620, 34.070407, 42.019698, 43.832043
0.971890, 34.037023, 41.854837, 43.830843
0.972994, 34.050447, 41.764818, 43.726678
0.970342, 33.555840, 41.812112, 43.763443
0.970640, 33.468235, 41.794460, 43.644986
0.971026, 33.288829, 41.861612, 43.861379
0.973979, 33.967876, 41.736391, 43.778386
0.971389, 33.674209, 41.839046, 43.803469
0.972083, 33.750412, 41.739900, 43.728650
0.972045, 33.741934, 41.787711, 43.681490
0.973438, 33.831006, 41.651711, 43.633751
0.973213, 33.578788, 41.610513, 43.559937
0.973185, 33.707983, 41.697667, 43.568070
0.970536, 33.369869, 41.377159, 43.597704
0.973493, 33.816112, 41.368556, 43.614549
0.971160, 33.655223, 41.182830, 43.664445
0.970284, 33.493062, 41.052737, 43.546731
0.970014, 33.407294, 41.177858, 43.744774
0.973180, 33.673760, 41.043490, 43.636466
0.970753, 33.311154, 41.350224, 43.765494
0.971954, 33.600447, 41.456603, 43.840133
0.972206, 33.480724, 41.315100, 43.702830
0.972443, 33.707438, 41.318427, 43.617433
0.970877, 33.308159, 41.349832, 43.712709
0.972146, 33.353568, 41.307502, 43.647951
0.973422, 33.628576, 41.492748, 43.750347
0.974795, 33.746411, 41.353720, 43.354270
0.971750, 33.569586, 41.430953, 43.531914
0.968752, 33.039422, 41.480274, 43.372978
0.968538, 32.902205, 41.291220, 43.224153
0.969441, 32.899764, 41.176350, 42.793584
0.964772, 32.426194, 41.111673, 42.842330
0.963004, 32.201168, 40.744015, 42.948188
0.961526, 31.905319, 40.265517, 42.412568
