ms-ssim, psnr-y, psnr-u, psnr-v
0.994965, 37.792705, 45.479471, 46.110719
0.993941, 36.957819, 45.544822, 46.012630
0.993883, 37.054952, 45.554393, 45.890115
0.993665, 37.036460, 45.434418, 45.785262
0.993871, 37.051491, 45.205859, 45.820995
0.993854, 37.212639, 45.153388, 45.797713
0.993883, 37.034716, 45.084986, 45.792429
0.993437, 36.580609, 45.142387, 45.738156
0.994056, 37.054196, 45.111729, 45.787899
0.993508, 36.549812, 45.076170, 45.812720
0.993545, 36.614648, 44.954559, 45.671053
0.993297, 36.437214, 45.074939, 45.705510
0.993887, 36.968990, 44.895311, 45.588731
0.992981, 36.356310, 45.001218, 45.634150
0.992986, 36.369594, 44.989497, 45.580718
0.992530, 36.082294, 44.850691, 45.397736
0.992882, 36.118401, 45.053467, 45.428788
0.992699, 35.990932, 45.029884, 45.558186
0.992959, 36.294084, 45.093070, 45.583527
0.993168, 36.371307, 44.926203, 45.443789
0.993670, 36.839926, 45.005511, 45.369258
0.994578, 37.444029, 45.369418, 45.724705
0.994867, 37.764724, 45.442896, 45.878384
0.995233, 38.094461, 45.366585, 45.817320
0.995508, 38.048133, 45.649240, 46.173584
0.995438, 37.675635, 45.779817, 46.310632
0.995749, 38.216979, 45.912452, 46.478195
0.996153, 38.821687, 45.781661, 46.399245
0.996111, 38.608334, 46.151062, 46.771641
0.996349, 38.802229, 46.188263, 46.778870
0.996481, 38.982755, 46.422434, 46.995722
0.996959, 39.681148, 46.598691, 47.207789
0.996710, 39.219145, 46.805016, 47.431067
0.996595, 38.874966, 46.750135, 47.312494
0.996565, 38.961660, 46.858743, 47.484469
0.997154, 40.065871, 47.057467, 47.562549
0.996617, 38.704999, 47.131888, 47.718728
0.996964, 39.610303, 47.138003, 47.726484
0.996990, 39.605808, 47.147011, 47.796357
0.997212, 40.045550, 47.157664, 47.778661
0.996963, 39.654440, 47.194824, 47.760553
0.997073, 39.900082, 47.145688, 47.777688
0.997051, 39.762924, 47.153929, 47.825636
0.997243, 40.076302, 47.185292, 47.820368
0.997020, 39.409863, 47.165143, 47.838375
0.997052, 39.671320, 46.989167, 47.608702
0.996821, 39.195264, 46.969617, 47.662250
0.997285, 40.083959, 46.996767, 47.692203
0.996986, 39.453544, 47.022277, 47.764362
0.997138, 39.858441, 47.005312, 47.780469
0.996970, 39.452532, 47.059529, 47.873763
0.997299, 40.184550, 47.258253, 48.023859
0.996973, 39.295219, 47.237580, 48.033875
0.997087, 39.669922, 47.133386, 47.902283
0.997207, 39.997571, 47.291499, 47.999065
0.997482, 40.468538, 47.267638, 47.955253
0.997075, 39.571684, 47.237027, 47.837952
0.997253, 39.993966, 47.206083, 47.837459
0.997098, 39.399990, 47.189903, 47.932864
0.997585, 40.727417, 47.320683, 48.084157
0.997109, 39.567194, 47.187476, 47.979798
0.997331, 40.129578, 47.149235, 47.931495
0.997233, 39.736822, 47.313681, 48.090203
0.997562, 40.623946, 47.347293, 47.951851
0.997110, 39.479214, 47.159894, 47.768522
0.997131, 39.674869, 47.110733, 47.769840
0.996976, 39.683689, 47.193001, 47.840702
0.997391, 40.386841, 47.375968, 48.043545
0.997136, 39.773474, 47.301019, 48.048647
0.997128, 39.746959, 47.067785, 47.761383
0.997351, 40.420268, 47.866379, 48.533187
0.995886, 38.744160, 47.227831, 48.227708
0.996041, 39.012027, 47.478366, 48.458315
0.997069, 40.114370, 47.353025, 48.178719
0.997333, 40.403930, 47.804882, 48.499405
0.997118, 39.920060, 47.030931, 47.695475
0.996989, 39.582571, 47.115803, 47.682399
0.996980, 39.537805, 46.749422, 47.340562
0.997241, 40.138080, 47.343203, 47.879737
0.996867, 39.467830, 46.797411, 47.295728
0.996798, 39.343596, 46.974583, 47.499308
0.995890, 38.830618, 47.088435, 47.643945
0.996910, 39.993668, 47.504070, 48.093192
0.996229, 38.576551, 46.662528, 47.077003
0.996296, 39.379852, 47.236168, 47.523366
0.995611, 38.729412, 47.032453, 47.362870
0.996568, 39.725166, 47.396484, 47.733221
0.995931, 38.792709, 47.273576, 47.617536
0.996131, 39.453664, 47.378313, 47.913385
0.994335, 38.635872, 46.998684, 47.406556
0.994450, 37.980885, 46.773626, 47.442699
0.994735, 38.183877, 46.757493, 47.339054
0.996573, 40.359359, 47.617737, 48.171939
0.994757, 38.101709, 46.958263, 47.547229
0.995736, 39.436969, 46.957803, 47.653594
0.995281, 38.899326, 46.915878, 47.518387
0.996754, 40.670540, 47.604091, 48.277490
0.994380, 38.171496, 47.282187, 48.081025
0.995210, 38.845169, 46.956594, 47.600353
0.995113, 38.446128, 47.096568, 47.733427
0.997128, 40.577386, 47.482585, 48.059389
0.996125, 39.036706, 47.338112, 48.035867
0.996862, 40.036425, 47.319995, 47.929479
0.995346, 38.216854, 47.031985, 47.806841
0.996698, 39.875523, 47.067490, 47.763877
0.995377, 37.997131, 46.440737, 47.031633
0.995176, 38.084116, 46.352233, 47.103525
0.995719, 38.495889, 46.135318, 46.813637
0.996213, 39.457080, 46.269572, 46.818093
0.995662, 38.451204, 45.838128, 46.347830
0.995203, 38.068328, 45.714967, 46.262750
0.995043, 37.817043, 45.530463, 45.980848
0.995673, 38.745354, 45.737548, 46.152831
0.995034, 37.729325, 45.506169, 45.995580
0.994873, 37.825738, 45.389105, 45.812675
0.994633, 37.689649, 45.330944, 45.660965
0.995184, 38.397184, 45.547982, 45.888675
0.993994, 37.276204, 45.356900, 45.787679
0.994446, 37.557670, 45.274137, 45.754354
0.994586, 37.551331, 45.265241, 45.661990
0.995087, 38.406467, 45.416179, 45.639117
0.995033, 38.067256, 45.200902, 45.661221
0.994836, 38.002215, 45.256480, 45.800843
0.994357, 37.485577, 45.446348, 45.890160
0.995099, 38.377744, 45.559937, 45.928542
0.994582, 37.612839, 45.359489, 45.884493
0.994575, 37.516537, 45.534732, 46.044226
0.994571, 37.457403, 45.450129, 45.830042
0.995423, 38.443796, 45.692718, 46.118492
0.995070, 38.088017, 45.531996, 45.830796
0.995307, 38.307542, 45.882785, 46.180460
0.995248, 38.339635, 45.667117, 45.999501
0.995622, 38.713841, 45.858276, 46.060906
0.995488, 38.428792, 45.686529, 45.959667
0.995399, 38.203148, 45.794850, 46.042594
0.995360, 38.037650, 45.783944, 46.012583
0.995889, 38.883305, 46.121530, 46.270015
0.995279, 38.053889, 45.645622, 45.713584
0.995501, 38.374019, 45.721629, 45.827335
0.995319, 38.141026, 45.721283, 45.865386
0.996034, 39.071878, 46.062966, 46.090735
0.995380, 37.985839, 45.871208, 45.914217
0.995708, 38.631775, 45.846452, 45.923323
0.995625, 38.526306, 45.969740, 46.082776
0.996041, 39.101355, 45.913266, 46.023105
0.995587, 38.551085, 45.925546, 46.041289
0.995229, 37.972811, 45.750517, 45.982273
0.995178, 37.938820, 45.754529, 46.046698
0.995921, 39.020879, 45.947747, 46.057022
0.995600, 38.699722, 45.954959, 46.020971
0.995390, 38.373718, 45.771138, 45.764312
0.995356, 38.284398, 45.735332, 45.785965
0.996010, 39.135486, 46.075161, 46.067887
0.995191, 37.905167, 45.849394, 45.854570
0.995503, 38.367346, 45.783768, 45.761820
0.995724, 38.837606, 45.779861, 45.875064
0.996054, 39.191366, 46.247037, 46.239860
0.995540, 38.424470, 45.907749, 46.056835
0.995764, 38.476682, 46.041848, 46.313509
0.995834, 38.722322, 45.668101, 45.952630
0.996145, 39.236668, 46.092338, 46.299490
0.994876, 37.819208, 45.704173, 45.997194
0.994544, 37.621995, 46.035840, 46.271292
0.995032, 38.052917, 45.889620, 46.097481
0.996088, 39.231861, 46.346980, 46.502225
0.995700, 38.646029, 45.779949, 46.090452
0.995858, 38.821528, 46.225590, 46.495494
0.995799, 38.618582, 46.097575, 46.433284
0.996355, 39.530641, 46.394793, 46.652538
0.995706, 38.556435, 45.833816, 46.158525
0.996143, 39.174617, 46.028910, 46.294003
0.996115, 39.088846, 45.807461, 46.119631
0.996485, 39.655361, 46.239616, 46.556771
0.996185, 39.233817, 45.829420, 46.246206
0.996080, 39.152968, 46.160536, 46.533900
0.996077, 39.188271, 45.833017, 46.199316
0.996500, 39.878707, 46.174209, 46.538705
0.995995, 38.947794, 46.004905, 46.445696
0.996116, 39.092916, 45.998117, 46.501604
0.996108, 39.268002, 46.094319, 46.575598
0.996422, 39.668684, 46.020646, 46.373210
0.995949, 39.068379, 45.968824, 46.392317
0.995863, 39.066366, 45.772364, 46.234107
0.995724, 38.810093, 45.820287, 46.371701
0.996217, 39.499646, 46.191590, 46.693935
0.996012, 39.180799, 45.902330, 46.360853
0.996013, 39.141063, 46.099133, 46.693447
0.996099, 39.480602, 45.717129, 46.446770
0.996432, 39.915287, 46.209138, 46.878194
0.996134, 39.541434, 45.819268, 46.422484
0.996005, 39.297879, 46.005090, 46.505906
0.995929, 39.154910, 46.115505, 46.518112
0.996472, 40.024885, 46.298896, 46.760077
0.995862, 38.982569, 46.010501, 46.592761
0.996021, 39.209116, 46.201685, 46.707278
0.995953, 39.084475, 45.967816, 46.362508
0.996787, 40.240903, 46.016613, 46.539698
0.996343, 39.514829, 45.864178, 46.260691
0.996335, 39.557688, 46.073282, 46.425487
0.996276, 39.328314, 45.960399, 46.338289
0.996834, 40.114284, 45.985677, 46.313013
0.996349, 39.404214, 45.900435, 46.113135
0.996333, 39.427445, 46.019162, 46.258682
0.996230, 39.427923, 45.764749, 46.045112
0.996640, 39.886827, 46.119394, 46.417857
0.996275, 39.256953, 45.714448, 46.022084
0.996330, 39.482125, 45.958890, 46.204829
0.996189, 38.991553, 45.604928, 45.943553
0.996739, 39.945455, 46.073611, 46.488773
0.996214, 39.157774, 45.904587, 46.276159
0.996386, 39.591151, 45.629443, 45.955873
0.996092, 38.950589, 45.441759, 45.817719
0.996617, 39.830838, 46.043293, 46.480670
0.996188, 39.024080, 45.466959, 45.888405
0.996280, 39.204508, 45.929314, 46.259221
0.996089, 38.958514, 45.750430, 46.126517
0.996671, 39.810069, 46.180989, 46.511927
0.996262, 38.984882, 45.385817, 45.655972
0.996325, 39.270697, 45.835283, 46.112946
0.996303, 39.123907, 45.740939, 45.976668
0.996649, 39.783824, 46.222576, 46.352534
0.996297, 39.091136, 45.413436, 45.571967
0.996348, 39.354598, 46.099275, 46.314154
0.996415, 39.505613, 45.407713, 45.615773
0.996664, 39.799452, 46.317877, 46.527796
0.996337, 39.265727, 45.363354, 45.518836
0.996305, 39.363294, 45.871029, 46.124379
0.996255, 39.271624, 45.691643, 45.909738
0.996733, 39.905862, 46.158860, 46.435069
0.996150, 38.906196, 45.541788, 45.758326
0.996518, 39.659792, 45.972951, 46.169503
0.996388, 39.291618, 45.962275, 46.142372
0.996787, 39.875607, 46.091206, 46.360903
0.996406, 39.160574, 45.498636, 45.746988
0.996385, 39.339359, 45.609567, 45.865386
0.996019, 38.582495, 45.662844, 45.924775
0.996808, 39.945947, 45.972859, 46.225784
0.995772, 38.405405, 45.489884, 45.861584
0.996188, 39.171502, 45.906213, 46.203523
0.996473, 39.526735, 45.860466, 46.023709
0.996964, 40.143734, 46.184119, 46.396209
0.996214, 38.779279, 45.648175, 46.006985
0.996533, 39.661291, 45.729777, 45.943507
0.996149, 38.759133, 46.063856, 46.344731
0.996903, 40.020022, 46.217720, 46.482784
0.996337, 39.027267, 46.099417, 46.437621
0.996599, 39.332672, 45.915620, 46.224180
0.996688, 39.721984, 46.087625, 46.342333
0.996889, 39.952775, 46.166288, 46.380762
0.995889, 38.734753, 46.114415, 46.344431
0.997675, 40.753509, 47.053759, 47.378757
0.997087, 39.713772, 47.573610, 47.832670
0.996997, 39.770872, 47.516423, 47.772200
0.996760, 39.475772, 47.471364, 47.657108
0.996987, 39.860708, 47.399988, 47.635326
0.996412, 38.981737, 47.003276, 47.033975
0.996439, 39.137922, 47.052759, 47.124167
0.996286, 38.921675, 46.401573, 46.466873
0.996539, 39.403580, 47.036905, 47.228995
0.996123, 38.963720, 46.216798, 46.298649
0.996227, 39.158944, 46.476650, 46.520817
0.996011, 38.660396, 46.231185, 46.270850
0.996363, 39.249374, 46.682846, 46.804516
0.995689, 38.568114, 46.199413, 46.432519
0.994573, 37.620396, 46.074879, 46.484900
0.995410, 38.381978, 45.783197, 46.153213
0.995687, 38.832509, 46.493735, 46.784783
0.995470, 38.650297, 45.556393, 46.072203
0.995536, 38.412384, 45.659855, 46.163938
0.995721, 38.588240, 45.321970, 45.774160
0.996090, 39.370170, 46.075302, 46.495287
0.995628, 38.833252, 45.195413, 45.628892
0.995664, 38.996234, 45.662246, 46.111619
0.995521, 38.452250, 45.690654, 46.118398
0.996244, 39.622590, 46.181230, 46.523993
0.995970, 39.081269, 45.725918, 46.019812
0.995903, 39.052817, 46.025473, 46.288129
0.995944, 39.264034, 45.713152, 45.985953
0.996110, 39.557720, 46.022780, 46.364817
0.995772, 38.888267, 45.490254, 45.799432
0.995941, 39.234534, 45.625248, 45.930631
0.995701, 38.762463, 45.519704, 45.839240
0.995955, 39.329938, 46.044366, 46.435478
0.995040, 38.550834, 45.499706, 45.924321
0.994460, 37.916667, 45.849706, 46.217963
0.995477, 38.513199, 45.458312, 45.867938
0.995513, 38.915463, 45.950667, 46.295584
0.995624, 38.855835, 45.737461, 46.174401
0.995538, 39.096569, 45.727912, 46.160632
0.995371, 38.609462, 45.207474, 45.760990
0.995549, 38.933195, 45.727478, 46.401371
0.995494, 38.675804, 45.361919, 46.061468
0.995517, 38.737642, 45.353399, 46.046045
0.995484, 38.774730, 45.041086, 45.654096
0.995172, 38.620442, 45.482912, 46.067840
0.995183, 38.519333, 45.167542, 45.587807
0.994989, 38.203978, 44.905273, 45.292964
0.994818, 38.264754, 45.281290, 45.875109
0.993830, 37.461698, 44.639547, 44.978026
0.993352, 37.213998, 44.680403, 44.581820
