ms-ssim, psnr-y, psnr-u, psnr-v
0.995102, 39.561337, 46.412168, 47.800128
0.992804, 38.434849, 46.312715, 47.146169
0.992866, 38.581495, 46.406386, 46.640752
0.992959, 38.612363, 46.626171, 47.173844
0.994531, 39.125283, 46.707767, 47.006825
0.993274, 38.673464, 46.612755, 46.956077
0.993665, 38.872628, 46.950155, 47.701618
0.993612, 38.943940, 46.698270, 47.532225
0.995009, 39.646384, 46.956940, 48.028054
0.993687, 39.065674, 47.264178, 48.135783
0.994131, 39.184980, 46.870854, 47.948163
0.993245, 38.976819, 46.832439, 47.923149
0.994607, 39.402147, 46.424774, 47.509883
0.991938, 38.238021, 45.943872, 47.139743
0.991289, 37.934553, 45.648516, 46.937133
0.988728, 37.001238, 45.185835, 46.198591
0.992302, 37.747930, 44.375787, 45.714794
0.989078, 36.722552, 44.877557, 45.791153
0.990734, 37.315413, 44.741157, 45.948659
0.990291, 37.242595, 45.128012, 45.954594
0.993205, 38.104861, 44.778350, 46.181808
0.991225, 37.553583, 45.039568, 45.764924
0.991951, 37.744350, 45.291787, 46.060953
0.992192, 37.783317, 45.327502, 46.122764
0.994384, 38.664667, 45.417834, 46.417857
0.992030, 37.649865, 45.605181, 46.170607
0.992493, 37.770999, 45.389867, 46.250997
0.992041, 37.610972, 45.399022, 46.438387
0.993712, 38.140841, 45.255430, 46.476083
0.991721, 37.169345, 45.256713, 46.133604
0.991931, 36.933860, 44.592155, 45.985769
0.991492, 36.600011, 44.498798, 45.899713
0.993087, 37.212558, 44.596163, 46.127325
0.991252, 36.377590, 44.618774, 45.873629
0.991684, 36.256930, 44.655606, 45.862434
0.990575, 35.489330, 44.353771, 45.562942
0.992503, 36.081687, 44.169295, 45.554934
0.989968, 34.848998, 44.365383, 45.488530
0.990515, 35.049682, 44.401939, 45.374172
0.989083, 34.717687, 44.504160, 45.263215
0.991230, 35.463425, 44.389783, 45.274059
0.988999, 34.666821, 44.401684, 44.883907
0.989930, 34.606826, 44.265876, 45.345332
0.989736, 34.192028, 44.180302, 45.199634
0.991552, 34.577170, 43.884908, 45.223233
0.988471, 33.537548, 43.689352, 44.712270
0.989325, 33.672841, 43.640790, 44.576395
0.988175, 33.400683, 43.516636, 44.289255
0.989500, 33.746565, 43.130999, 44.589052
0.985861, 33.008302, 43.139161, 44.375438
0.994672, 38.804395, 44.992717, 46.373310
0.993811, 38.315657, 44.639108, 46.389034
0.988919, 35.794993, 43.729040, 45.505675
0.988898, 35.646681, 43.725348, 45.596380
0.986258, 34.706974, 43.533110, 45.613619
0.990578, 36.670031, 44.103027, 45.675634
0.990463, 36.596388, 44.623076, 46.160201
0.989660, 36.699622, 44.867125, 46.436652
0.989554, 36.693153, 44.805577, 46.452248
0.989624, 36.771751, 44.736841, 46.382224
0.990161, 36.782129, 44.739465, 46.357343
0.990256, 37.049298, 44.889838, 46.542835
0.983798, 35.091769, 44.429857, 46.171471
0.985452, 34.933998, 44.026136, 45.875423
0.986150, 35.045461, 44.054416, 45.978092
0.991198, 36.947601, 44.267208, 46.054544
0.991080, 36.906519, 44.047609, 45.906394
0.990806, 36.800501, 44.020719, 45.842845
0.990945, 36.773891, 43.983420, 45.803665
0.990513, 36.605413, 44.098436, 45.765230
0.990019, 36.641612, 43.998039, 45.669983
0.990393, 36.956734, 44.704076, 46.146810
0.991203, 37.283653, 44.392875, 46.065918
0.992267, 37.714107, 44.131544, 45.802607
0.991100, 37.737237, 45.082182, 45.855552
0.990367, 37.363715, 45.117187, 45.818250
0.994621, 39.114177, 45.329203, 46.522535
0.992797, 38.621249, 45.194186, 46.541318
0.992244, 38.562398, 45.691514, 46.584197
0.992743, 38.686150, 45.723881, 46.499117
0.993808, 38.963503, 45.617041, 46.759087
0.992794, 38.684467, 45.670882, 46.623399
0.992491, 38.559083, 45.825649, 46.719192
0.994507, 39.044199, 45.703397, 46.842460
0.993792, 38.897812, 45.796215, 46.944414
0.993717, 38.833597, 45.698743, 46.993226
0.994538, 38.661316, 45.592386, 46.898244
0.993706, 38.903114, 45.946971, 47.074874
0.993771, 40.153026, 46.501345, 47.261647
0.993238, 41.370293, 46.957055, 47.477912
0.994071, 42.933594, 46.872604, 47.292059
0.993557, 42.606044, 46.913655, 47.350694
0.995716, 42.773638, 46.639094, 47.641991
0.993943, 41.434262, 46.439613, 47.555080
0.993044, 41.195717, 46.434661, 47.361859
0.993807, 41.036709, 45.580467, 46.791425
0.991921, 39.547518, 45.360843, 46.716578
0.992437, 39.859414, 45.453995, 46.853065
0.991893, 40.140709, 45.502051, 46.964715
0.994340, 42.291499, 45.851624, 47.023095
0.994410, 42.547146, 46.399902, 47.435690
0.993425, 42.219578, 46.778207, 47.603691
0.993687, 42.401589, 46.802239, 47.637143
0.993307, 42.143521, 46.644499, 47.562417
0.994471, 42.375107, 46.453580, 47.119565
0.991069, 39.136090, 46.016428, 46.663227
0.992664, 40.673534, 45.763962, 46.540952
0.991888, 40.454830, 46.229141, 46.812969
0.993358, 41.943392, 45.987379, 46.855032
0.995123, 38.186799, 45.214672, 47.111031
0.992634, 36.445794, 44.947923, 46.489858
0.992269, 36.409283, 44.703699, 46.513849
0.991923, 36.420433, 44.710760, 46.432111
0.993079, 37.005529, 44.616223, 46.596043
0.991486, 36.077370, 44.221422, 45.524045
0.991876, 36.033298, 44.099718, 45.536682
0.991322, 36.015927, 43.959865, 45.413557
0.992268, 36.135122, 43.721030, 45.435309
0.991012, 35.744502, 43.596240, 45.380371
0.991009, 35.749505, 43.660651, 45.298891
0.990651, 35.771576, 43.685720, 45.130921
0.991977, 36.091949, 43.479196, 45.232120
0.990510, 35.607976, 43.450255, 45.174904
0.990775, 35.547594, 43.363262, 44.932769
0.989587, 35.105010, 43.132835, 44.962476
0.989681, 34.935284, 42.951609, 44.756488
0.988308, 34.442121, 42.699763, 44.509004
0.987541, 33.984557, 42.539117, 44.510674
0.996495, 44.177623, 47.272276, 48.052422
0.994514, 42.386220, 46.931409, 47.291997
0.993112, 41.412308, 46.608239, 46.764809
0.991900, 39.926907, 45.975153, 46.718157
0.988508, 37.786283, 45.145040, 45.730948
0.989165, 38.003337, 45.155972, 46.036631
0.989957, 38.519422, 44.755691, 45.782012
0.991130, 39.021863, 44.873460, 45.854570
0.990599, 38.960239, 45.008303, 45.567368
0.990442, 38.976650, 45.172766, 45.725138
0.990196, 38.907557, 45.112519, 45.806446
0.989810, 38.787792, 45.059224, 45.551519
0.988067, 38.439212, 45.022027, 45.560938
0.997213, 45.951717, 48.670070, 49.332699
0.994984, 42.951391, 47.786594, 48.326666
0.994354, 42.749734, 47.591021, 47.601754
0.994091, 42.636338, 47.233837, 47.378693
0.994992, 43.456759, 47.126500, 47.209497
0.993288, 42.249916, 47.037960, 46.944586
0.993285, 42.153062, 46.673726, 46.833111
0.993089, 41.837216, 46.196079, 46.970541
0.994492, 42.778835, 46.301370, 46.700981
0.992704, 41.590092, 46.102015, 46.482527
0.993003, 41.786477, 45.966808, 46.421467
0.992912, 41.555821, 45.740417, 46.700439
0.994170, 42.037282, 45.804592, 46.582455
0.992747, 40.500647, 45.573431, 46.377085
0.993368, 40.751540, 45.568455, 46.454759
0.993126, 40.570200, 45.501269, 46.423044
0.994290, 41.045765, 45.726698, 46.522587
0.993291, 41.028697, 46.510525, 47.093479
0.994081, 41.279247, 46.398283, 46.855538
0.994937, 40.692958, 46.049405, 46.887358
0.992004, 39.458705, 45.889260, 46.716088
0.992272, 39.529762, 45.936359, 46.559291
0.992034, 39.706778, 45.764618, 46.426353
0.992664, 39.723292, 45.954456, 46.566332
0.992019, 39.690130, 45.585793, 46.253051
0.992217, 39.669917, 45.626942, 46.350181
0.991310, 39.275263, 45.522556, 46.129560
0.991822, 39.314332, 45.434499, 46.154505
0.990455, 38.810896, 45.469941, 45.816479
0.990197, 38.856795, 45.180939, 45.726048
0.989588, 38.406338, 45.057143, 45.732988
0.996591, 43.754419, 47.235923, 48.036014
0.994238, 41.772163, 47.181109, 47.698546
0.993524, 41.098696, 46.581241, 47.373180
0.994901, 41.861317, 46.385199, 47.239422
0.993625, 40.605101, 46.634817, 47.359081
0.993179, 40.432237, 46.272815, 46.965003
0.992843, 40.171283, 45.914624, 46.945906
0.993630, 40.653696, 46.120390, 46.890927
0.992874, 40.216876, 46.228752, 46.958148
0.992914, 40.333176, 45.962092, 46.785170
0.992726, 40.084878, 45.667716, 46.561759
0.992192, 39.615057, 45.791813, 46.545608
0.996326, 43.080023, 46.902617, 47.659340
0.994353, 41.215292, 46.602932, 47.371154
0.994979, 41.885736, 46.465536, 47.290443
0.993347, 40.453002, 46.114367, 46.937477
0.993720, 41.002229, 46.256478, 46.996477
0.993263, 40.749008, 46.038587, 46.928950
0.993718, 41.059739, 46.191349, 46.851661
0.992536, 40.650778, 46.436141, 47.088079
0.993213, 40.910834, 46.192700, 46.999033
0.992050, 40.293687, 46.166672, 46.811689
0.992204, 40.755592, 46.035653, 46.735511
0.992233, 40.494162, 46.010593, 46.659303
0.995851, 38.353506, 44.746308, 46.286107
0.993461, 36.605652, 44.312010, 45.622158
0.993314, 36.422058, 44.085733, 45.594782
0.992749, 36.125677, 43.776807, 45.350893
0.993444, 36.348095, 43.597700, 45.292689
0.992464, 35.867303, 43.534994, 45.484224
0.992716, 35.800354, 43.247084, 45.204705
0.989973, 35.098080, 43.264630, 44.931542
0.991211, 35.437338, 43.280247, 44.938224
0.991236, 35.565982, 43.121519, 44.782114
0.991085, 35.203547, 43.082203, 44.474137
0.989768, 34.836270, 43.032783, 44.610990
0.995935, 41.849590, 46.813637, 47.721060
0.994156, 40.532483, 46.488360, 47.324125
0.993507, 39.968937, 46.020971, 47.009212
0.992860, 39.580581, 45.935722, 46.854020
0.993321, 39.649739, 45.823167, 46.983026
0.992624, 39.332637, 45.546443, 46.649052
0.992193, 39.234244, 45.433648, 46.422383
0.991059, 38.866892, 45.159166, 46.131558
0.989379, 37.980016, 45.416179, 45.971483
0.997183, 47.526449, 49.950814, 50.494964
0.995078, 45.151300, 48.550925, 49.416838
0.994658, 44.431876, 48.065252, 49.078843
0.994233, 44.313739, 47.976886, 48.721162
0.995194, 44.977871, 47.945922, 48.658220
0.994363, 43.982361, 47.684712, 48.516922
0.995304, 44.701773, 47.721952, 48.667595
0.994240, 43.806463, 47.899566, 48.565818
0.994147, 43.498564, 48.038154, 48.316661
0.995373, 44.616902, 47.946934, 48.777148
0.994191, 43.270369, 47.937405, 48.626665
0.994195, 43.305405, 47.994533, 48.859917
0.994481, 43.288467, 47.799849, 48.788187
0.995399, 43.999487, 47.910876, 48.926599
0.994386, 43.047804, 47.870070, 48.954217
0.994579, 43.165387, 47.665432, 48.817232
0.994182, 42.651727, 47.853981, 48.991746
0.995215, 43.248713, 47.335976, 48.684092
0.994355, 42.688384, 47.352710, 48.613837
0.994441, 42.867136, 47.610842, 48.715465
0.994887, 43.260378, 47.480118, 48.648695
0.994161, 42.824955, 47.474151, 48.642329
0.994947, 43.325551, 47.354665, 48.568569
0.994879, 43.401830, 47.401326, 48.601887
0.994479, 43.016566, 47.133446, 48.425511
0.994382, 43.114542, 47.275680, 48.471017
0.994359, 43.086101, 47.414668, 48.555496
0.994506, 43.076507, 47.501460, 48.580093
0.993894, 42.569350, 47.510405, 48.500390
0.993760, 42.321999, 47.436847, 48.522530
0.993362, 41.873277, 47.531306, 48.490795
0.996272, 45.019319, 47.510732, 48.252993
0.994876, 43.739191, 47.451717, 47.916900
